#
# A fatal error has been detected by the Java Runtime Environment:
#
#  SIGSEGV (0xb) at pc=0x000079f8970d1bb8, pid=11274, tid=11278
#
# JRE version: Java(TM) SE Runtime Environment (22.0.2+9) (build 22.0.2+9-70)
# Java VM: Java HotSpot(TM) 64-Bit Server VM (22.0.2+9-70, mixed mode, sharing, tiered, compressed oops, compressed class ptrs, g1 gc, linux-amd64)
# Problematic frame:
# C  [libcublas.so.10+0xd1bb8]
#
# Core dump will be written. Default location: Core dumps may be processed with "/usr/share/apport/apport -p%p -s%s -c%c -d%d -P%P -u%u -g%g -- %E" (or dumping to /home/edov/projects/JCudaWrapper/core.11274)
#
# If you would like to submit a bug report, please visit:
#   https://bugreport.java.com/bugreport/crash.jsp
# The crash happened outside the Java Virtual Machine in native code.
# See problematic frame for where to report the bug.
#

---------------  S U M M A R Y ------------

Command Line: -Dfile.encoding=UTF-8 --module-path=/home/edov/projects/JCudaWrapper/build/classes main.VectorTest

Host: AMD Ryzen 9 6900HS with Radeon Graphics, 16 cores, 30G, Ubuntu 24.04.1 LTS
Time: Tue Sep 17 08:53:22 2024 IDT elapsed time: 0.531379 seconds (0d 0h 0m 0s)

---------------  T H R E A D  ---------------

Current thread (0x000079f97802d4c0):  JavaThread "main"             [_thread_in_native, id=11278, stack(0x000079f97eb00000,0x000079f97ec00000) (1024K)]

Stack: [0x000079f97eb00000,0x000079f97ec00000],  sp=0x000079f97ebfe300,  free space=1016k
Native frames: (J=compiled Java code, j=interpreted, Vv=VM code, C=native code)
C  [libcublas.so.10+0xd1bb8]
Java frames: (J=compiled Java code, j=interpreted, Vv=VM code)
j  jcuda.jcublas.JCublas2.cublasDnrm2Native(Ljcuda/jcublas/cublasHandle;ILjcuda/Pointer;ILjcuda/Pointer;)I+0
j  jcuda.jcublas.JCublas2.cublasDnrm2(Ljcuda/jcublas/cublasHandle;ILjcuda/Pointer;ILjcuda/Pointer;)I+6
j  storage.DArray.norm(LprocessSupport/Handle;IILstorage/DSingleton;)Lstorage/DSingleton;+31
j  storage.DArray.norm(LprocessSupport/Handle;II)D+11
j  algebra.Vector.getNorm()D+16
j  algebra.Vector.equals(Lalgebra/Vector;D)Z+5
j  algebra.Vector.equals(Lalgebra/Vector;)Z+5
j  main.VectorTest.main([Ljava/lang/String;)V+147
v  ~StubRoutines::call_stub 0x000079f96805fcc6

siginfo: si_signo: 11 (SIGSEGV), si_code: 2 (SEGV_ACCERR), si_addr: 0x000079f84ce21000

Registers:
RAX=0x0000000000000000, RBX=0x0000000000000001, RCX=0x0000000000000001, RDX=0x0000000000000007
RSP=0x000079f97ebfe300, RBP=0x0000000000000006, RSI=0x0000000000000006, RDI=0x000079f853b762d0
R8 =0x000079f84ce21000, R9 =0x0000000634ce5248, R10=0x000079f897004380, R11=0x000079f8970cb5b0
R12=0x000079f853b762d0, R13=0x0000000000000001, R14=0x000079f84ce21000, R15=0x000079f84ce20e00
RIP=0x000079f8970d1bb8, EFLAGS=0x0000000000010206, CSGSFS=0x002b000000000033, ERR=0x0000000000000006
  TRAPNO=0x000000000000000e


Register to memory mapping:

RAX=0x0 is null
RBX=0x0000000000000001 is an unknown value
RCX=0x0000000000000001 is an unknown value
RDX=0x0000000000000007 is an unknown value
RSP=0x000079f97ebfe300 is pointing into the stack for thread: 0x000079f97802d4c0
RBP=0x0000000000000006 is an unknown value
RSI=0x0000000000000006 is an unknown value
RDI=0x000079f853b762d0 points into unknown readable memory: 0x7fffffff00000200 | 00 02 00 00 ff ff ff 7f
R8 =0x000079f84ce21000 is an unknown value
R9 =0x0000000634ce5248 is an oop: jcuda.driver.CUdeviceptr 
{0x0000000634ce5248} - klass: 'jcuda/driver/CUdeviceptr'
 - ---- fields (total size 5 words):
 - private 'nativePointer' 'J' @16  134107348733952 (0x000079f84ce21000)
 - private 'buffer' 'Ljava/nio/Buffer;' @12  null (0x00000000)
 - private 'byteOffset' 'J' @24  0 (0x0000000000000000)
 - private 'pointers' '[Ljcuda/NativePointerObject;' @32  null (0x00000000)
R10=0x000079f897004380: <offset 0x0000000000004380> in /lib/x86_64-linux-gnu/libcublas.so.10 at 0x000079f897000000
R11=0x000079f8970cb5b0: cublasDnrm2_v2+0x0000000000000000 in /lib/x86_64-linux-gnu/libcublas.so.10 at 0x000079f897000000
R12=0x000079f853b762d0 points into unknown readable memory: 0x7fffffff00000200 | 00 02 00 00 ff ff ff 7f
R13=0x0000000000000001 is an unknown value
R14=0x000079f84ce21000 is an unknown value
R15=0x000079f84ce20e00 is an unknown value

Top of Stack: (sp=0x000079f97ebfe300)
0x000079f97ebfe300:   636170612f67726f 0000000000000000
0x000079f97ebfe310:   70612f67726f4c28 000079f84ce20e00
0x000079f97ebfe320:   2020202020202020 0000000000000000
0x000079f97ebfe330:   0000000000000000 0000000000000000
0x000079f97ebfe340:   0000000000000000 0000000000000000
0x000079f97ebfe350:   0000000000000000 0000000000000000
0x000079f97ebfe360:   000079f9541e8680 000000067802e050
0x000079f97ebfe370:   000079f97ebfe3a0 000079f97f8d14d8
0x000079f97ebfe380:   000079f978145460 efec165b412c8800
0x000079f97ebfe390:   0000000000000001 000079f97ebfe668
0x000079f97ebfe3a0:   000079f84ce21000 000079f97802d880
0x000079f97ebfe3b0:   000079f97ebfe658 0000000634ce5248
0x000079f97ebfe3c0:   0000000000000002 8000000000000006
0x000079f97ebfe3d0:   0000000000000000 0000000000000000
0x000079f97ebfe3e0:   0000000000000000 0000000000000000
0x000079f97ebfe3f0:   0000000000000000 0000000000000000
0x000079f97ebfe400:   000079f97802e128 000079f84963acf0
0x000079f97ebfe410:   0000000000000000 000079f8ec40a588
0x000079f97ebfe420:   000079f97ebfe440 000079f9541c8fc5
0x000079f97ebfe430:   000079f97ebfe648 000079f8ec40a588
0x000079f97ebfe440:   000079f97ebfe5a0 0000000000000000
0x000079f97ebfe450:   000079f8ec40a588 000079f97ebfe668
0x000079f97ebfe460:   000079f84ce20e00 000079f8970cb5fe
0x000079f97ebfe470:   000079f97ebfe4a0 000079f853b762d0
0x000079f97ebfe480:   000079f97ebfe4a0 000079f84ce21000
0x000079f97ebfe490:   0000000600000001 000079f853b762d0
0x000079f97ebfe4a0:   000079f97ebfe520 000079f9541c9ac8
0x000079f97ebfe4b0:   000079f97ebfe648 000079f97802d880
0x000079f97ebfe4c0:   000079f97802d400 0000010000000062
0x000079f97ebfe4d0:   000079f97ebfe658 000079f97802d880
0x000079f97ebfe4e0:   0000000000000000 000079f9541c9dc5
0x000079f97ebfe4f0:   0000000000000000 000079f8ec40a588 

Instructions: (pc=0x000079f8970d1bb8)
0x000079f8970d1ab8:   ff 4c 8b 8c 24 18 01 00 00 48 8b b4 24 c0 00 00
0x000079f8970d1ac8:   00 48 89 ef 8b 94 24 c8 00 00 00 48 8b 8c 24 b0
0x000079f8970d1ad8:   00 00 00 44 8b 84 24 b8 00 00 00 4c 8b 9c 24 10
0x000079f8970d1ae8:   01 00 00 4c 89 0c 24 4c 8d 8c 24 20 01 00 00 48
0x000079f8970d1af8:   89 b4 24 90 00 00 00 89 94 24 98 00 00 00 48 89
0x000079f8970d1b08:   8c 24 a0 00 00 00 44 89 84 24 a8 00 00 00 4c 89
0x000079f8970d1b18:   5c 24 08 e8 80 bb 50 00 e9 6d fe ff ff 48 03 9c
0x000079f8970d1b28:   24 28 01 00 00 4d 8b 44 24 48 b9 03 00 00 00 ba
0x000079f8970d1b38:   08 00 00 00 4c 89 f7 48 89 de e8 f9 e5 50 00 e9
0x000079f8970d1b48:   9a fe ff ff 90 90 90 90 48 89 6c 24 d8 4c 89 64
0x000079f8970d1b58:   24 e0 89 f5 4c 89 6c 24 e8 4c 89 74 24 f0 49 89
0x000079f8970d1b68:   fc 48 89 5c 24 d0 4c 89 7c 24 f8 48 81 ec 68 01
0x000079f8970d1b78:   00 00 48 85 ff 48 89 54 24 18 41 89 cd 4d 89 c6
0x000079f8970d1b88:   0f 84 85 01 00 00 8b 5f 38 85 db 0f 84 7a 01 00
0x000079f8970d1b98:   00 4d 85 c0 ba 07 00 00 00 0f 84 ff 00 00 00 8b
0x000079f8970d1ba8:   47 50 85 c0 89 44 24 2c 0f 85 2a 01 00 00 85 f6
0x000079f8970d1bb8:   49 c7 00 00 00 00 00 0f 8e 4a 01 00 00 85 c9 0f
0x000079f8970d1bc8:   8e 42 01 00 00 48 8b 35 94 83 bd 04 31 c9 4c 89
0x000079f8970d1bd8:   e7 48 89 f2 48 89 74 24 10 be 80 00 00 00 e8 d5
0x000079f8970d1be8:   39 fe ff 85 c0 ba 0d 00 00 00 0f 8e ae 00 00 00
0x000079f8970d1bf8:   39 e8 41 89 ef 49 8d 54 24 78 44 0f 4e f8 42 8d
0x000079f8970d1c08:   1c fd 08 00 00 00 48 89 d7 48 89 54 24 20 e8 75
0x000079f8970d1c18:   88 f5 ff 39 c3 0f 8f ca 01 00 00 48 8b 7c 24 20
0x000079f8970d1c28:   48 8d b4 24 28 01 00 00 89 da e8 79 91 f5 ff 85
0x000079f8970d1c38:   c0 89 c2 75 69 48 63 d3 48 c7 44 24 70 00 00 00
0x000079f8970d1c48:   00 48 c7 44 24 78 00 00 00 00 48 81 fa ff ff 00
0x000079f8970d1c58:   00 48 c7 84 24 80 00 00 00 00 00 00 00 48 c7 84
0x000079f8970d1c68:   24 88 00 00 00 00 00 00 00 49 8b 4c 24 48 48 8b
0x000079f8970d1c78:   bc 24 28 01 00 00 0f 87 9c 00 00 00 49 8d b4 24
0x000079f8970d1c88:   d8 00 00 00 49 89 c8 b9 01 00 00 00 e8 a7 e4 50
0x000079f8970d1c98:   00 85 c0 0f 84 8e 00 00 00 ba 0e 00 00 00 48 8b
0x000079f8970d1ca8:   9c 24 38 01 00 00 48 8b ac 24 40 01 00 00 89 d0 


Stack slot to memory mapping:

stack at sp + 0 slots: 0x636170612f67726f is an unknown value
stack at sp + 1 slots: 0x0 is null
stack at sp + 2 slots: 0x70612f67726f4c28 is an unknown value
stack at sp + 3 slots: 0x000079f84ce20e00 is an unknown value
stack at sp + 4 slots: 0x2020202020202020 is an unknown value
stack at sp + 5 slots: 0x0 is null
stack at sp + 6 slots: 0x0 is null
stack at sp + 7 slots: 0x0 is null


---------------  P R O C E S S  ---------------

Threads class SMR info:
_java_thread_list=0x000079f84962e2e0, length=13, elements={
0x000079f97802d4c0, 0x000079f97814c580, 0x000079f97814dbd0, 0x000079f97814f6b0,
0x000079f978150cf0, 0x000079f978152290, 0x000079f978153e30, 0x000079f978155540,
0x000079f978174b80, 0x000079f8bc037360, 0x000079f8bc038910, 0x000079f9781afe00,
0x000079f84962e710
}

Java Threads: ( => current thread )
=>0x000079f97802d4c0 JavaThread "main"                              [_thread_in_native, id=11278, stack(0x000079f97eb00000,0x000079f97ec00000) (1024K)]
  0x000079f97814c580 JavaThread "Reference Handler"          daemon [_thread_blocked, id=11286, stack(0x000079f955100000,0x000079f955200000) (1024K)]
  0x000079f97814dbd0 JavaThread "Finalizer"                  daemon [_thread_blocked, id=11287, stack(0x000079f955000000,0x000079f955100000) (1024K)]
  0x000079f97814f6b0 JavaThread "Signal Dispatcher"          daemon [_thread_blocked, id=11288, stack(0x000079f954f00000,0x000079f955000000) (1024K)]
  0x000079f978150cf0 JavaThread "Service Thread"             daemon [_thread_blocked, id=11289, stack(0x000079f954e00000,0x000079f954f00000) (1024K)]
  0x000079f978152290 JavaThread "Monitor Deflation Thread"   daemon [_thread_blocked, id=11290, stack(0x000079f954d00000,0x000079f954e00000) (1024K)]
  0x000079f978153e30 JavaThread "C2 CompilerThread0"         daemon [_thread_blocked, id=11291, stack(0x000079f954c00000,0x000079f954d00000) (1024K)]
  0x000079f978155540 JavaThread "C1 CompilerThread0"         daemon [_thread_blocked, id=11292, stack(0x000079f954b00000,0x000079f954c00000) (1024K)]
  0x000079f978174b80 JavaThread "Common-Cleaner"             daemon [_thread_blocked, id=11293, stack(0x000079f954930000,0x000079f954a30000) (1024K)]
  0x000079f8bc037360 JavaThread "C1 CompilerThread1"         daemon [_thread_blocked, id=11294, stack(0x000079f954830000,0x000079f954930000) (1024K)]
  0x000079f8bc038910 JavaThread "C1 CompilerThread2"         daemon [_thread_blocked, id=11295, stack(0x000079f954730000,0x000079f954830000) (1024K)]
  0x000079f9781afe00 JavaThread "Notification Thread"        daemon [_thread_blocked, id=11297, stack(0x000079f954530000,0x000079f954630000) (1024K)]
  0x000079f84962e710 JavaThread "pool-1-thread-1"            daemon [_thread_blocked, id=11301, stack(0x000079f954630000,0x000079f954730000) (1024K)]
Total: 13

Other Threads:
  0x000079f97813ee40 VMThread "VM Thread"                           [id=11285, stack(0x000079f9557f9000,0x000079f9558f9000) (1024K)]
  0x000079f978124940 WatcherThread "VM Periodic Task Thread"        [id=11284, stack(0x000079f9558fa000,0x000079f9559fa000) (1024K)]
  0x000079f978058c90 WorkerThread "GC Thread#0"                     [id=11279, stack(0x000079f97ca44000,0x000079f97cb44000) (1024K)]
  0x000079f978069790 ConcurrentGCThread "G1 Main Marker"            [id=11280, stack(0x000079f97c943000,0x000079f97ca43000) (1024K)]
  0x000079f97806a730 WorkerThread "G1 Conc#0"                       [id=11281, stack(0x000079f97c842000,0x000079f97c942000) (1024K)]
  0x000079f978112270 ConcurrentGCThread "G1 Refine#0"               [id=11282, stack(0x000079f955afc000,0x000079f955bfc000) (1024K)]
  0x000079f978113230 ConcurrentGCThread "G1 Service"                [id=11283, stack(0x000079f9559fb000,0x000079f955afb000) (1024K)]
Total: 7

Threads with active compile tasks:
Total: 0

VM state: not at safepoint (normal execution)

VM Mutex/Monitor currently owned by a thread: None

Heap address: 0x0000000616800000, size: 7832 MB, Compressed Oops mode: Zero based, Oop shift amount: 3

CDS archive(s) mapped at: [0x000079f8f6000000-0x000079f8f6c7a000-0x000079f8f6c7a000), size 13082624, SharedBaseAddress: 0x000079f8f6000000, ArchiveRelocationMode: 1.
Compressed class space mapped at: 0x000079f8f7000000-0x000079f937000000, reserved size: 1073741824
Narrow klass base: 0x000079f8f6000000, Narrow klass shift: 0, Narrow klass range: 0x100000000

GC Precious Log:
 CardTable entry size: 512
 Card Set container configuration: InlinePtr #cards 4 size 8 Array Of Cards #cards 32 size 80 Howl #buckets 8 coarsen threshold 7372 Howl Bitmap #cards 1024 size 144 coarsen threshold 921 Card regions per heap region 1 cards per card region 8192
 CPUs: 16 total, 16 available
 Memory: 31322M
 Large Page Support: Disabled
 NUMA Support: Disabled
 Compressed Oops: Enabled (Zero based)
 Heap Region Size: 4M
 Heap Min Capacity: 8M
 Heap Initial Capacity: 492M
 Heap Max Capacity: 7832M
 Pre-touch: Disabled
 Parallel Workers: 13
 Concurrent Workers: 3
 Concurrent Refinement Workers: 13
 Periodic GC: Disabled

Heap:
 garbage-first heap   total reserved 8019968K, committed 507904K, used 5155K [0x0000000616800000, 0x0000000800000000)
  region size 4096K, 2 young (8192K), 0 survivors (0K)
 Metaspace       used 1224K, committed 1344K, reserved 1114112K
  class space    used 93K, committed 128K, reserved 1048576K

Heap Regions: E=young(eden), S=young(survivor), O=old, HS=humongous(starts), HC=humongous(continues), CS=collection set, F=free, TAMS=top-at-mark-start, PB=parsable bottom
|   0|0x0000000616800000, 0x0000000616800000, 0x0000000616c00000|  0%| F|  |TAMS 0x0000000616800000| PB 0x0000000616800000| Untracked |  0
|   1|0x0000000616c00000, 0x0000000616c00000, 0x0000000617000000|  0%| F|  |TAMS 0x0000000616c00000| PB 0x0000000616c00000| Untracked |  0
|   2|0x0000000617000000, 0x0000000617000000, 0x0000000617400000|  0%| F|  |TAMS 0x0000000617000000| PB 0x0000000617000000| Untracked |  0
|   3|0x0000000617400000, 0x0000000617400000, 0x0000000617800000|  0%| F|  |TAMS 0x0000000617400000| PB 0x0000000617400000| Untracked |  0
|   4|0x0000000617800000, 0x0000000617800000, 0x0000000617c00000|  0%| F|  |TAMS 0x0000000617800000| PB 0x0000000617800000| Untracked |  0
|   5|0x0000000617c00000, 0x0000000617c00000, 0x0000000618000000|  0%| F|  |TAMS 0x0000000617c00000| PB 0x0000000617c00000| Untracked |  0
|   6|0x0000000618000000, 0x0000000618000000, 0x0000000618400000|  0%| F|  |TAMS 0x0000000618000000| PB 0x0000000618000000| Untracked |  0
|   7|0x0000000618400000, 0x0000000618400000, 0x0000000618800000|  0%| F|  |TAMS 0x0000000618400000| PB 0x0000000618400000| Untracked |  0
|   8|0x0000000618800000, 0x0000000618800000, 0x0000000618c00000|  0%| F|  |TAMS 0x0000000618800000| PB 0x0000000618800000| Untracked |  0
|   9|0x0000000618c00000, 0x0000000618c00000, 0x0000000619000000|  0%| F|  |TAMS 0x0000000618c00000| PB 0x0000000618c00000| Untracked |  0
|  10|0x0000000619000000, 0x0000000619000000, 0x0000000619400000|  0%| F|  |TAMS 0x0000000619000000| PB 0x0000000619000000| Untracked |  0
|  11|0x0000000619400000, 0x0000000619400000, 0x0000000619800000|  0%| F|  |TAMS 0x0000000619400000| PB 0x0000000619400000| Untracked |  0
|  12|0x0000000619800000, 0x0000000619800000, 0x0000000619c00000|  0%| F|  |TAMS 0x0000000619800000| PB 0x0000000619800000| Untracked |  0
|  13|0x0000000619c00000, 0x0000000619c00000, 0x000000061a000000|  0%| F|  |TAMS 0x0000000619c00000| PB 0x0000000619c00000| Untracked |  0
|  14|0x000000061a000000, 0x000000061a000000, 0x000000061a400000|  0%| F|  |TAMS 0x000000061a000000| PB 0x000000061a000000| Untracked |  0
|  15|0x000000061a400000, 0x000000061a400000, 0x000000061a800000|  0%| F|  |TAMS 0x000000061a400000| PB 0x000000061a400000| Untracked |  0
|  16|0x000000061a800000, 0x000000061a800000, 0x000000061ac00000|  0%| F|  |TAMS 0x000000061a800000| PB 0x000000061a800000| Untracked |  0
|  17|0x000000061ac00000, 0x000000061ac00000, 0x000000061b000000|  0%| F|  |TAMS 0x000000061ac00000| PB 0x000000061ac00000| Untracked |  0
|  18|0x000000061b000000, 0x000000061b000000, 0x000000061b400000|  0%| F|  |TAMS 0x000000061b000000| PB 0x000000061b000000| Untracked |  0
|  19|0x000000061b400000, 0x000000061b400000, 0x000000061b800000|  0%| F|  |TAMS 0x000000061b400000| PB 0x000000061b400000| Untracked |  0
|  20|0x000000061b800000, 0x000000061b800000, 0x000000061bc00000|  0%| F|  |TAMS 0x000000061b800000| PB 0x000000061b800000| Untracked |  0
|  21|0x000000061bc00000, 0x000000061bc00000, 0x000000061c000000|  0%| F|  |TAMS 0x000000061bc00000| PB 0x000000061bc00000| Untracked |  0
|  22|0x000000061c000000, 0x000000061c000000, 0x000000061c400000|  0%| F|  |TAMS 0x000000061c000000| PB 0x000000061c000000| Untracked |  0
|  23|0x000000061c400000, 0x000000061c400000, 0x000000061c800000|  0%| F|  |TAMS 0x000000061c400000| PB 0x000000061c400000| Untracked |  0
|  24|0x000000061c800000, 0x000000061c800000, 0x000000061cc00000|  0%| F|  |TAMS 0x000000061c800000| PB 0x000000061c800000| Untracked |  0
|  25|0x000000061cc00000, 0x000000061cc00000, 0x000000061d000000|  0%| F|  |TAMS 0x000000061cc00000| PB 0x000000061cc00000| Untracked |  0
|  26|0x000000061d000000, 0x000000061d000000, 0x000000061d400000|  0%| F|  |TAMS 0x000000061d000000| PB 0x000000061d000000| Untracked |  0
|  27|0x000000061d400000, 0x000000061d400000, 0x000000061d800000|  0%| F|  |TAMS 0x000000061d400000| PB 0x000000061d400000| Untracked |  0
|  28|0x000000061d800000, 0x000000061d800000, 0x000000061dc00000|  0%| F|  |TAMS 0x000000061d800000| PB 0x000000061d800000| Untracked |  0
|  29|0x000000061dc00000, 0x000000061dc00000, 0x000000061e000000|  0%| F|  |TAMS 0x000000061dc00000| PB 0x000000061dc00000| Untracked |  0
|  30|0x000000061e000000, 0x000000061e000000, 0x000000061e400000|  0%| F|  |TAMS 0x000000061e000000| PB 0x000000061e000000| Untracked |  0
|  31|0x000000061e400000, 0x000000061e400000, 0x000000061e800000|  0%| F|  |TAMS 0x000000061e400000| PB 0x000000061e400000| Untracked |  0
|  32|0x000000061e800000, 0x000000061e800000, 0x000000061ec00000|  0%| F|  |TAMS 0x000000061e800000| PB 0x000000061e800000| Untracked |  0
|  33|0x000000061ec00000, 0x000000061ec00000, 0x000000061f000000|  0%| F|  |TAMS 0x000000061ec00000| PB 0x000000061ec00000| Untracked |  0
|  34|0x000000061f000000, 0x000000061f000000, 0x000000061f400000|  0%| F|  |TAMS 0x000000061f000000| PB 0x000000061f000000| Untracked |  0
|  35|0x000000061f400000, 0x000000061f400000, 0x000000061f800000|  0%| F|  |TAMS 0x000000061f400000| PB 0x000000061f400000| Untracked |  0
|  36|0x000000061f800000, 0x000000061f800000, 0x000000061fc00000|  0%| F|  |TAMS 0x000000061f800000| PB 0x000000061f800000| Untracked |  0
|  37|0x000000061fc00000, 0x000000061fc00000, 0x0000000620000000|  0%| F|  |TAMS 0x000000061fc00000| PB 0x000000061fc00000| Untracked |  0
|  38|0x0000000620000000, 0x0000000620000000, 0x0000000620400000|  0%| F|  |TAMS 0x0000000620000000| PB 0x0000000620000000| Untracked |  0
|  39|0x0000000620400000, 0x0000000620400000, 0x0000000620800000|  0%| F|  |TAMS 0x0000000620400000| PB 0x0000000620400000| Untracked |  0
|  40|0x0000000620800000, 0x0000000620800000, 0x0000000620c00000|  0%| F|  |TAMS 0x0000000620800000| PB 0x0000000620800000| Untracked |  0
|  41|0x0000000620c00000, 0x0000000620c00000, 0x0000000621000000|  0%| F|  |TAMS 0x0000000620c00000| PB 0x0000000620c00000| Untracked |  0
|  42|0x0000000621000000, 0x0000000621000000, 0x0000000621400000|  0%| F|  |TAMS 0x0000000621000000| PB 0x0000000621000000| Untracked |  0
|  43|0x0000000621400000, 0x0000000621400000, 0x0000000621800000|  0%| F|  |TAMS 0x0000000621400000| PB 0x0000000621400000| Untracked |  0
|  44|0x0000000621800000, 0x0000000621800000, 0x0000000621c00000|  0%| F|  |TAMS 0x0000000621800000| PB 0x0000000621800000| Untracked |  0
|  45|0x0000000621c00000, 0x0000000621c00000, 0x0000000622000000|  0%| F|  |TAMS 0x0000000621c00000| PB 0x0000000621c00000| Untracked |  0
|  46|0x0000000622000000, 0x0000000622000000, 0x0000000622400000|  0%| F|  |TAMS 0x0000000622000000| PB 0x0000000622000000| Untracked |  0
|  47|0x0000000622400000, 0x0000000622400000, 0x0000000622800000|  0%| F|  |TAMS 0x0000000622400000| PB 0x0000000622400000| Untracked |  0
|  48|0x0000000622800000, 0x0000000622800000, 0x0000000622c00000|  0%| F|  |TAMS 0x0000000622800000| PB 0x0000000622800000| Untracked |  0
|  49|0x0000000622c00000, 0x0000000622c00000, 0x0000000623000000|  0%| F|  |TAMS 0x0000000622c00000| PB 0x0000000622c00000| Untracked |  0
|  50|0x0000000623000000, 0x0000000623000000, 0x0000000623400000|  0%| F|  |TAMS 0x0000000623000000| PB 0x0000000623000000| Untracked |  0
|  51|0x0000000623400000, 0x0000000623400000, 0x0000000623800000|  0%| F|  |TAMS 0x0000000623400000| PB 0x0000000623400000| Untracked |  0
|  52|0x0000000623800000, 0x0000000623800000, 0x0000000623c00000|  0%| F|  |TAMS 0x0000000623800000| PB 0x0000000623800000| Untracked |  0
|  53|0x0000000623c00000, 0x0000000623c00000, 0x0000000624000000|  0%| F|  |TAMS 0x0000000623c00000| PB 0x0000000623c00000| Untracked |  0
|  54|0x0000000624000000, 0x0000000624000000, 0x0000000624400000|  0%| F|  |TAMS 0x0000000624000000| PB 0x0000000624000000| Untracked |  0
|  55|0x0000000624400000, 0x0000000624400000, 0x0000000624800000|  0%| F|  |TAMS 0x0000000624400000| PB 0x0000000624400000| Untracked |  0
|  56|0x0000000624800000, 0x0000000624800000, 0x0000000624c00000|  0%| F|  |TAMS 0x0000000624800000| PB 0x0000000624800000| Untracked |  0
|  57|0x0000000624c00000, 0x0000000624c00000, 0x0000000625000000|  0%| F|  |TAMS 0x0000000624c00000| PB 0x0000000624c00000| Untracked |  0
|  58|0x0000000625000000, 0x0000000625000000, 0x0000000625400000|  0%| F|  |TAMS 0x0000000625000000| PB 0x0000000625000000| Untracked |  0
|  59|0x0000000625400000, 0x0000000625400000, 0x0000000625800000|  0%| F|  |TAMS 0x0000000625400000| PB 0x0000000625400000| Untracked |  0
|  60|0x0000000625800000, 0x0000000625800000, 0x0000000625c00000|  0%| F|  |TAMS 0x0000000625800000| PB 0x0000000625800000| Untracked |  0
|  61|0x0000000625c00000, 0x0000000625c00000, 0x0000000626000000|  0%| F|  |TAMS 0x0000000625c00000| PB 0x0000000625c00000| Untracked |  0
|  62|0x0000000626000000, 0x0000000626000000, 0x0000000626400000|  0%| F|  |TAMS 0x0000000626000000| PB 0x0000000626000000| Untracked |  0
|  63|0x0000000626400000, 0x0000000626400000, 0x0000000626800000|  0%| F|  |TAMS 0x0000000626400000| PB 0x0000000626400000| Untracked |  0
|  64|0x0000000626800000, 0x0000000626800000, 0x0000000626c00000|  0%| F|  |TAMS 0x0000000626800000| PB 0x0000000626800000| Untracked |  0
|  65|0x0000000626c00000, 0x0000000626c00000, 0x0000000627000000|  0%| F|  |TAMS 0x0000000626c00000| PB 0x0000000626c00000| Untracked |  0
|  66|0x0000000627000000, 0x0000000627000000, 0x0000000627400000|  0%| F|  |TAMS 0x0000000627000000| PB 0x0000000627000000| Untracked |  0
|  67|0x0000000627400000, 0x0000000627400000, 0x0000000627800000|  0%| F|  |TAMS 0x0000000627400000| PB 0x0000000627400000| Untracked |  0
|  68|0x0000000627800000, 0x0000000627800000, 0x0000000627c00000|  0%| F|  |TAMS 0x0000000627800000| PB 0x0000000627800000| Untracked |  0
|  69|0x0000000627c00000, 0x0000000627c00000, 0x0000000628000000|  0%| F|  |TAMS 0x0000000627c00000| PB 0x0000000627c00000| Untracked |  0
|  70|0x0000000628000000, 0x0000000628000000, 0x0000000628400000|  0%| F|  |TAMS 0x0000000628000000| PB 0x0000000628000000| Untracked |  0
|  71|0x0000000628400000, 0x0000000628400000, 0x0000000628800000|  0%| F|  |TAMS 0x0000000628400000| PB 0x0000000628400000| Untracked |  0
|  72|0x0000000628800000, 0x0000000628800000, 0x0000000628c00000|  0%| F|  |TAMS 0x0000000628800000| PB 0x0000000628800000| Untracked |  0
|  73|0x0000000628c00000, 0x0000000628c00000, 0x0000000629000000|  0%| F|  |TAMS 0x0000000628c00000| PB 0x0000000628c00000| Untracked |  0
|  74|0x0000000629000000, 0x0000000629000000, 0x0000000629400000|  0%| F|  |TAMS 0x0000000629000000| PB 0x0000000629000000| Untracked |  0
|  75|0x0000000629400000, 0x0000000629400000, 0x0000000629800000|  0%| F|  |TAMS 0x0000000629400000| PB 0x0000000629400000| Untracked |  0
|  76|0x0000000629800000, 0x0000000629800000, 0x0000000629c00000|  0%| F|  |TAMS 0x0000000629800000| PB 0x0000000629800000| Untracked |  0
|  77|0x0000000629c00000, 0x0000000629c00000, 0x000000062a000000|  0%| F|  |TAMS 0x0000000629c00000| PB 0x0000000629c00000| Untracked |  0
|  78|0x000000062a000000, 0x000000062a000000, 0x000000062a400000|  0%| F|  |TAMS 0x000000062a000000| PB 0x000000062a000000| Untracked |  0
|  79|0x000000062a400000, 0x000000062a400000, 0x000000062a800000|  0%| F|  |TAMS 0x000000062a400000| PB 0x000000062a400000| Untracked |  0
|  80|0x000000062a800000, 0x000000062a800000, 0x000000062ac00000|  0%| F|  |TAMS 0x000000062a800000| PB 0x000000062a800000| Untracked |  0
|  81|0x000000062ac00000, 0x000000062ac00000, 0x000000062b000000|  0%| F|  |TAMS 0x000000062ac00000| PB 0x000000062ac00000| Untracked |  0
|  82|0x000000062b000000, 0x000000062b000000, 0x000000062b400000|  0%| F|  |TAMS 0x000000062b000000| PB 0x000000062b000000| Untracked |  0
|  83|0x000000062b400000, 0x000000062b400000, 0x000000062b800000|  0%| F|  |TAMS 0x000000062b400000| PB 0x000000062b400000| Untracked |  0
|  84|0x000000062b800000, 0x000000062b800000, 0x000000062bc00000|  0%| F|  |TAMS 0x000000062b800000| PB 0x000000062b800000| Untracked |  0
|  85|0x000000062bc00000, 0x000000062bc00000, 0x000000062c000000|  0%| F|  |TAMS 0x000000062bc00000| PB 0x000000062bc00000| Untracked |  0
|  86|0x000000062c000000, 0x000000062c000000, 0x000000062c400000|  0%| F|  |TAMS 0x000000062c000000| PB 0x000000062c000000| Untracked |  0
|  87|0x000000062c400000, 0x000000062c400000, 0x000000062c800000|  0%| F|  |TAMS 0x000000062c400000| PB 0x000000062c400000| Untracked |  0
|  88|0x000000062c800000, 0x000000062c800000, 0x000000062cc00000|  0%| F|  |TAMS 0x000000062c800000| PB 0x000000062c800000| Untracked |  0
|  89|0x000000062cc00000, 0x000000062cc00000, 0x000000062d000000|  0%| F|  |TAMS 0x000000062cc00000| PB 0x000000062cc00000| Untracked |  0
|  90|0x000000062d000000, 0x000000062d000000, 0x000000062d400000|  0%| F|  |TAMS 0x000000062d000000| PB 0x000000062d000000| Untracked |  0
|  91|0x000000062d400000, 0x000000062d400000, 0x000000062d800000|  0%| F|  |TAMS 0x000000062d400000| PB 0x000000062d400000| Untracked |  0
|  92|0x000000062d800000, 0x000000062d800000, 0x000000062dc00000|  0%| F|  |TAMS 0x000000062d800000| PB 0x000000062d800000| Untracked |  0
|  93|0x000000062dc00000, 0x000000062dc00000, 0x000000062e000000|  0%| F|  |TAMS 0x000000062dc00000| PB 0x000000062dc00000| Untracked |  0
|  94|0x000000062e000000, 0x000000062e000000, 0x000000062e400000|  0%| F|  |TAMS 0x000000062e000000| PB 0x000000062e000000| Untracked |  0
|  95|0x000000062e400000, 0x000000062e400000, 0x000000062e800000|  0%| F|  |TAMS 0x000000062e400000| PB 0x000000062e400000| Untracked |  0
|  96|0x000000062e800000, 0x000000062e800000, 0x000000062ec00000|  0%| F|  |TAMS 0x000000062e800000| PB 0x000000062e800000| Untracked |  0
|  97|0x000000062ec00000, 0x000000062ec00000, 0x000000062f000000|  0%| F|  |TAMS 0x000000062ec00000| PB 0x000000062ec00000| Untracked |  0
|  98|0x000000062f000000, 0x000000062f000000, 0x000000062f400000|  0%| F|  |TAMS 0x000000062f000000| PB 0x000000062f000000| Untracked |  0
|  99|0x000000062f400000, 0x000000062f400000, 0x000000062f800000|  0%| F|  |TAMS 0x000000062f400000| PB 0x000000062f400000| Untracked |  0
| 100|0x000000062f800000, 0x000000062f800000, 0x000000062fc00000|  0%| F|  |TAMS 0x000000062f800000| PB 0x000000062f800000| Untracked |  0
| 101|0x000000062fc00000, 0x000000062fc00000, 0x0000000630000000|  0%| F|  |TAMS 0x000000062fc00000| PB 0x000000062fc00000| Untracked |  0
| 102|0x0000000630000000, 0x0000000630000000, 0x0000000630400000|  0%| F|  |TAMS 0x0000000630000000| PB 0x0000000630000000| Untracked |  0
| 103|0x0000000630400000, 0x0000000630400000, 0x0000000630800000|  0%| F|  |TAMS 0x0000000630400000| PB 0x0000000630400000| Untracked |  0
| 104|0x0000000630800000, 0x0000000630800000, 0x0000000630c00000|  0%| F|  |TAMS 0x0000000630800000| PB 0x0000000630800000| Untracked |  0
| 105|0x0000000630c00000, 0x0000000630c00000, 0x0000000631000000|  0%| F|  |TAMS 0x0000000630c00000| PB 0x0000000630c00000| Untracked |  0
| 106|0x0000000631000000, 0x0000000631000000, 0x0000000631400000|  0%| F|  |TAMS 0x0000000631000000| PB 0x0000000631000000| Untracked |  0
| 107|0x0000000631400000, 0x0000000631400000, 0x0000000631800000|  0%| F|  |TAMS 0x0000000631400000| PB 0x0000000631400000| Untracked |  0
| 108|0x0000000631800000, 0x0000000631800000, 0x0000000631c00000|  0%| F|  |TAMS 0x0000000631800000| PB 0x0000000631800000| Untracked |  0
| 109|0x0000000631c00000, 0x0000000631c00000, 0x0000000632000000|  0%| F|  |TAMS 0x0000000631c00000| PB 0x0000000631c00000| Untracked |  0
| 110|0x0000000632000000, 0x0000000632000000, 0x0000000632400000|  0%| F|  |TAMS 0x0000000632000000| PB 0x0000000632000000| Untracked |  0
| 111|0x0000000632400000, 0x0000000632400000, 0x0000000632800000|  0%| F|  |TAMS 0x0000000632400000| PB 0x0000000632400000| Untracked |  0
| 112|0x0000000632800000, 0x0000000632800000, 0x0000000632c00000|  0%| F|  |TAMS 0x0000000632800000| PB 0x0000000632800000| Untracked |  0
| 113|0x0000000632c00000, 0x0000000632c00000, 0x0000000633000000|  0%| F|  |TAMS 0x0000000632c00000| PB 0x0000000632c00000| Untracked |  0
| 114|0x0000000633000000, 0x0000000633000000, 0x0000000633400000|  0%| F|  |TAMS 0x0000000633000000| PB 0x0000000633000000| Untracked |  0
| 115|0x0000000633400000, 0x0000000633400000, 0x0000000633800000|  0%| F|  |TAMS 0x0000000633400000| PB 0x0000000633400000| Untracked |  0
| 116|0x0000000633800000, 0x0000000633800000, 0x0000000633c00000|  0%| F|  |TAMS 0x0000000633800000| PB 0x0000000633800000| Untracked |  0
| 117|0x0000000633c00000, 0x0000000633c00000, 0x0000000634000000|  0%| F|  |TAMS 0x0000000633c00000| PB 0x0000000633c00000| Untracked |  0
| 118|0x0000000634000000, 0x0000000634000000, 0x0000000634400000|  0%| F|  |TAMS 0x0000000634000000| PB 0x0000000634000000| Untracked |  0
| 119|0x0000000634400000, 0x0000000634400000, 0x0000000634800000|  0%| F|  |TAMS 0x0000000634400000| PB 0x0000000634400000| Untracked |  0
| 120|0x0000000634800000, 0x0000000634800000, 0x0000000634c00000|  0%| F|  |TAMS 0x0000000634800000| PB 0x0000000634800000| Untracked |  0
| 121|0x0000000634c00000, 0x0000000634cf7c50, 0x0000000635000000| 24%| E|  |TAMS 0x0000000634c00000| PB 0x0000000634c00000| Complete |  0
| 122|0x0000000635000000, 0x0000000635400000, 0x0000000635400000|100%| E|CS|TAMS 0x0000000635000000| PB 0x0000000635000000| Complete |  0
|1957|0x00000007ffc00000, 0x00000007ffd08c80, 0x0000000800000000| 25%| O|  |TAMS 0x00000007ffc00000| PB 0x00000007ffc00000| Untracked |  0

Card table byte_map: [0x000079f95fc00000,0x000079f960b4c000] _byte_map_base: 0x000079f95cb4c000

Marking Bits: (CMBitMap*) 0x000079f9780597c0
 Bits: [0x000079f958000000, 0x000079f95fa60000)

Polling page: 0x000079f980476000

Metaspace:

Usage:
  Non-class:      1.10 MB used.
      Class:     93.09 KB used.
       Both:      1.20 MB used.

Virtual space:
  Non-class space:       64.00 MB reserved,       1.19 MB (  2%) committed,  1 nodes.
      Class space:        1.00 GB reserved,     128.00 KB ( <1%) committed,  1 nodes.
             Both:        1.06 GB reserved,       1.31 MB ( <1%) committed. 

Chunk freelists:
   Non-Class:  11.53 MB
       Class:  15.69 MB
        Both:  27.22 MB

MaxMetaspaceSize: unlimited
CompressedClassSpaceSize: 1.00 GB
Initial GC threshold: 21.00 MB
Current GC threshold: 21.00 MB
CDS: on
 - commit_granule_bytes: 65536.
 - commit_granule_words: 8192.
 - virtual_space_node_default_size: 8388608.
 - enlarge_chunks_in_place: 1.
 - use_allocation_guard: 0.


Internal statistics:

num_allocs_failed_limit: 0.
num_arena_births: 12.
num_arena_deaths: 0.
num_vsnodes_births: 2.
num_vsnodes_deaths: 0.
num_space_committed: 21.
num_space_uncommitted: 0.
num_chunks_returned_to_freelist: 0.
num_chunks_taken_from_freelist: 40.
num_chunk_merges: 0.
num_chunk_splits: 24.
num_chunks_enlarged: 20.
num_inconsistent_stats: 0.

CodeHeap 'non-profiled nmethods': size=119168Kb used=117Kb max_used=117Kb free=119050Kb
 bounds [0x000079f9687a0000, 0x000079f968a10000, 0x000079f96fc00000]
CodeHeap 'profiled nmethods': size=119164Kb used=549Kb max_used=549Kb free=118614Kb
 bounds [0x000079f960c00000, 0x000079f960e70000, 0x000079f96805f000]
CodeHeap 'non-nmethods': size=7428Kb used=2506Kb max_used=2520Kb free=4921Kb
 bounds [0x000079f96805f000, 0x000079f9682df000, 0x000079f9687a0000]
 total_blobs=917 nmethods=425 adapters=396
 compilation: enabled
              stopped_count=0, restarted_count=0
 full_count=0

Compilation events (20 events):
Event: 0.528 Thread 0x000079f978155540 nmethod 411 0x000079f960c84b90 code [0x000079f960c84d20, 0x000079f960c84fc0]
Event: 0.528 Thread 0x000079f978153e30  415       4       java.util.concurrent.ConcurrentHashMap::tabAt (22 bytes)
Event: 0.528 Thread 0x000079f8bc037360  418       3       java.lang.invoke.LambdaForm$BasicType::basicType (187 bytes)
Event: 0.529 Thread 0x000079f8bc038910 nmethod 412 0x000079f960c85090 code [0x000079f960c85280, 0x000079f960c85ad8]
Event: 0.529 Thread 0x000079f978153e30 nmethod 415 0x000079f9687bd110 code [0x000079f9687bd280, 0x000079f9687bd2f8]
Event: 0.529 Thread 0x000079f8bc038910  419       3       java.lang.String::replace (42 bytes)
Event: 0.529 Thread 0x000079f8bc037360 nmethod 418 0x000079f960c85d90 code [0x000079f960c86020, 0x000079f960c86ac8]
Event: 0.529 Thread 0x000079f8bc038910 nmethod 419 0x000079f960c86d90 code [0x000079f960c86f60, 0x000079f960c87268]
Event: 0.529 Thread 0x000079f978155540  420       1       java.lang.invoke.MethodTypeForm::basicType (5 bytes)
Event: 0.529 Thread 0x000079f978155540 nmethod 420 0x000079f9687bd410 code [0x000079f9687bd5a0, 0x000079f9687bd668]
Event: 0.530 Thread 0x000079f8bc037360  421       3       jdk.internal.org.objectweb.asm.SymbolTable$Entry::<init> (17 bytes)
Event: 0.530 Thread 0x000079f978155540  422       3       jdk.internal.org.objectweb.asm.SymbolTable::addConstantUtf8 (98 bytes)
Event: 0.530 Thread 0x000079f8bc038910  423       3       jdk.internal.org.objectweb.asm.ByteVector::putByte (39 bytes)
Event: 0.530 Thread 0x000079f8bc037360 nmethod 421 0x000079f960c87390 code [0x000079f960c87520, 0x000079f960c876a0]
Event: 0.530 Thread 0x000079f8bc037360  424       3       java.lang.reflect.Modifier::isPublic (12 bytes)
Event: 0.530 Thread 0x000079f8bc038910 nmethod 423 0x000079f960c87790 code [0x000079f960c87940, 0x000079f960c87b20]
Event: 0.530 Thread 0x000079f8bc037360 nmethod 424 0x000079f960c87c90 code [0x000079f960c87e20, 0x000079f960c87f58]
Event: 0.530 Thread 0x000079f8bc037360  425       3       jdk.internal.util.StrongReferenceKey::equals (28 bytes)
Event: 0.530 Thread 0x000079f978155540 nmethod 422 0x000079f960c88010 code [0x000079f960c88240, 0x000079f960c88840]
Event: 0.530 Thread 0x000079f8bc037360 nmethod 425 0x000079f960c88b90 code [0x000079f960c88d60, 0x000079f960c89330]

GC Heap History (0 events):
No events

Dll operation events (8 events):
Event: 0.002 Loaded shared library /usr/lib/jvm/jdk-22.0.2-oracle-x64/lib/libjava.so
Event: 0.023 Loaded shared library /usr/lib/jvm/jdk-22.0.2-oracle-x64/lib/libjsvml.so
Event: 0.024 Loaded shared library /usr/lib/jvm/jdk-22.0.2-oracle-x64/lib/libnio.so
Event: 0.060 Loaded shared library /usr/lib/jvm/jdk-22.0.2-oracle-x64/lib/libzip.so
Event: 0.089 Loaded shared library /usr/lib/jvm/jdk-22.0.2-oracle-x64/lib/libjimage.so
Event: 0.093 Loaded shared library /tmp/libJCudaRuntime-10.1.0-linux-x86_64.so
Event: 0.100 Loaded shared library /tmp/libJCublas2-10.1.0-linux-x86_64.so
Event: 0.521 Loaded shared library /usr/lib/jvm/jdk-22.0.2-oracle-x64/lib/libverify.so

Deoptimization events (2 events):
Event: 0.522 Thread 0x000079f97802d4c0 DEOPT PACKING pc=0x000079f960c066d0 sp=0x000079f97ebf8f00
Event: 0.522 Thread 0x000079f97802d4c0 DEOPT UNPACKING pc=0x000079f9680b372f sp=0x000079f97ebf8340 mode 0

Classes loaded (20 events):
Event: 0.527 Loading class java/lang/ArrayIndexOutOfBoundsException
Event: 0.527 Loading class java/lang/IndexOutOfBoundsException
Event: 0.527 Loading class java/lang/IndexOutOfBoundsException done
Event: 0.527 Loading class java/lang/ArrayIndexOutOfBoundsException done
Event: 0.528 Loading class java/util/Spliterators$IntArraySpliterator
Event: 0.528 Loading class java/util/Spliterators$IntArraySpliterator done
Event: 0.528 Loading class java/util/stream/MatchOps$MatchKind
Event: 0.529 Loading class java/util/stream/MatchOps$MatchKind done
Event: 0.529 Loading class java/util/stream/MatchOps
Event: 0.529 Loading class java/util/stream/MatchOps done
Event: 0.529 Loading class java/util/stream/MatchOps$MatchOp
Event: 0.529 Loading class java/util/stream/MatchOps$MatchOp done
Event: 0.529 Loading class java/util/stream/MatchOps$BooleanTerminalSink
Event: 0.529 Loading class java/util/stream/MatchOps$BooleanTerminalSink done
Event: 0.529 Loading class java/util/stream/MatchOps$2MatchSink
Event: 0.529 Loading class java/util/stream/MatchOps$2MatchSink done
Event: 0.530 Loading class java/util/stream/MatchOps$1MatchSink
Event: 0.530 Loading class java/util/stream/MatchOps$1MatchSink done
Event: 0.530 Loading class java/nio/HeapDoubleBuffer
Event: 0.530 Loading class java/nio/HeapDoubleBuffer done

Classes unloaded (0 events):
No events

Classes redefined (0 events):
No events

Internal exceptions (9 events):
Event: 0.047 Thread 0x000079f97802d4c0 Exception <a 'sun/nio/fs/UnixException'{0x0000000635077920}> (0x0000000635077920) 
thrown [open/src/hotspot/share/prims/jni.cpp, line 520]
Event: 0.047 Thread 0x000079f97802d4c0 Exception <a 'sun/nio/fs/UnixException'{0x0000000635078080}> (0x0000000635078080) 
thrown [open/src/hotspot/share/prims/jni.cpp, line 520]
Event: 0.047 Thread 0x000079f97802d4c0 Exception <a 'sun/nio/fs/UnixException'{0x0000000635078648}> (0x0000000635078648) 
thrown [open/src/hotspot/share/prims/jni.cpp, line 520]
Event: 0.048 Thread 0x000079f97802d4c0 Exception <a 'sun/nio/fs/UnixException'{0x0000000635078e70}> (0x0000000635078e70) 
thrown [open/src/hotspot/share/prims/jni.cpp, line 520]
Event: 0.048 Thread 0x000079f97802d4c0 Exception <a 'sun/nio/fs/UnixException'{0x0000000635079430}> (0x0000000635079430) 
thrown [open/src/hotspot/share/prims/jni.cpp, line 520]
Event: 0.048 Thread 0x000079f97802d4c0 Exception <a 'sun/nio/fs/UnixException'{0x00000006350799f0}> (0x00000006350799f0) 
thrown [open/src/hotspot/share/prims/jni.cpp, line 520]
Event: 0.048 Thread 0x000079f97802d4c0 Exception <a 'sun/nio/fs/UnixException'{0x0000000635079fb0}> (0x0000000635079fb0) 
thrown [open/src/hotspot/share/prims/jni.cpp, line 520]
Event: 0.048 Thread 0x000079f97802d4c0 Exception <a 'sun/nio/fs/UnixException'{0x000000063507a588}> (0x000000063507a588) 
thrown [open/src/hotspot/share/prims/jni.cpp, line 520]
Event: 0.517 Thread 0x000079f97802d4c0 Exception <a 'java/lang/NoSuchMethodError'{0x00000006353ec910}: 'void java.lang.invoke.DirectMethodHandle$Holder.invokeStatic(java.lang.Object, java.lang.Object)'> (0x00000006353ec910) 
thrown [open/src/hotspot/share/interpreter/linkResolver.cpp, line 773]

ZGC Phase Switch (0 events):
No events

VM Operations (2 events):
Event: 0.049 Executing VM operation: HandshakeAllThreads (Deoptimize)
Event: 0.049 Executing VM operation: HandshakeAllThreads (Deoptimize) done

Memory protections (14 events):
Event: 0.001 Protecting memory [0x000079f97eb00000,0x000079f97eb04000] with protection modes 0
Event: 0.021 Protecting memory [0x000079f955100000,0x000079f955104000] with protection modes 0
Event: 0.021 Protecting memory [0x000079f955000000,0x000079f955004000] with protection modes 0
Event: 0.021 Protecting memory [0x000079f954f00000,0x000079f954f04000] with protection modes 0
Event: 0.021 Protecting memory [0x000079f954e00000,0x000079f954e04000] with protection modes 0
Event: 0.021 Protecting memory [0x000079f954d00000,0x000079f954d04000] with protection modes 0
Event: 0.022 Protecting memory [0x000079f954c00000,0x000079f954c04000] with protection modes 0
Event: 0.022 Protecting memory [0x000079f954b00000,0x000079f954b04000] with protection modes 0
Event: 0.039 Protecting memory [0x000079f954930000,0x000079f954934000] with protection modes 0
Event: 0.049 Protecting memory [0x000079f954830000,0x000079f954834000] with protection modes 0
Event: 0.051 Protecting memory [0x000079f954730000,0x000079f954734000] with protection modes 0
Event: 0.056 Protecting memory [0x000079f954630000,0x000079f954634000] with protection modes 0
Event: 0.058 Protecting memory [0x000079f954530000,0x000079f954534000] with protection modes 0
Event: 0.519 Protecting memory [0x000079f954630000,0x000079f954634000] with protection modes 0

Nmethod flushes (0 events):
No events

Events (15 events):
Event: 0.015 Thread 0x000079f97802d4c0 Thread added: 0x000079f97802d4c0
Event: 0.021 Thread 0x000079f97802d4c0 Thread added: 0x000079f97814c580
Event: 0.021 Thread 0x000079f97802d4c0 Thread added: 0x000079f97814dbd0
Event: 0.021 Thread 0x000079f97802d4c0 Thread added: 0x000079f97814f6b0
Event: 0.021 Thread 0x000079f97802d4c0 Thread added: 0x000079f978150cf0
Event: 0.021 Thread 0x000079f97802d4c0 Thread added: 0x000079f978152290
Event: 0.022 Thread 0x000079f97802d4c0 Thread added: 0x000079f978153e30
Event: 0.022 Thread 0x000079f97802d4c0 Thread added: 0x000079f978155540
Event: 0.039 Thread 0x000079f97802d4c0 Thread added: 0x000079f978174b80
Event: 0.049 Thread 0x000079f978155540 Thread added: 0x000079f8bc037360
Event: 0.051 Thread 0x000079f978155540 Thread added: 0x000079f8bc038910
Event: 0.055 Thread 0x000079f978155540 Thread added: 0x000079f8bc0624d0
Event: 0.058 Thread 0x000079f97802d4c0 Thread added: 0x000079f9781afe00
Event: 0.518 Thread 0x000079f8bc0624d0 Thread exited: 0x000079f8bc0624d0
Event: 0.519 Thread 0x000079f97802d4c0 Thread added: 0x000079f84962e710


Dynamic libraries:
200000000-200200000 ---p 00000000 00:00 0 
200200000-200400000 rw-s 00000000 00:05 1129                             /dev/nvidia0
200400000-203400000 rw-s 00000000 00:05 1128                             /dev/nvidiactl
203400000-204400000 ---p 00000000 00:00 0 
204400000-204600000 rw-s 00000000 00:05 1128                             /dev/nvidiactl
204600000-204800000 rw-s 00000000 00:05 1128                             /dev/nvidiactl
204800000-204a00000 rw-s 00000000 00:05 1128                             /dev/nvidiactl
204a00000-204c00000 rw-s 204a00000 00:05 1130                            /dev/nvidia-uvm
204c00000-204e00000 rw-s 00000000 00:05 1128                             /dev/nvidiactl
204e00000-205000000 ---p 00000000 00:00 0 
205000000-205200000 rw-s 00000000 00:05 1128                             /dev/nvidiactl
205200000-300200000 ---p 00000000 00:00 0 
616800000-635400000 rw-p 00000000 00:00 0 
635400000-7ffc00000 ---p 00000000 00:00 0 
7ffc00000-7ffd09000 rw-p 00cb9000 103:05 39860326                        /usr/lib/jvm/jdk-22.0.2-oracle-x64/lib/server/classes.jsa
7ffd09000-800000000 rw-p 00000000 00:00 0 
10000000000-10004000000 ---p 00000000 00:00 0 
5832cf1ab000-5832cf1ac000 r-xp 00000000 103:05 39860034                  /usr/lib/jvm/jdk-22.0.2-oracle-x64/bin/java
5832cf1ad000-5832cf1ae000 r--p 00001000 103:05 39860034                  /usr/lib/jvm/jdk-22.0.2-oracle-x64/bin/java
5832cf1ae000-5832cf1af000 rw-p 00002000 103:05 39860034                  /usr/lib/jvm/jdk-22.0.2-oracle-x64/bin/java
5832d0907000-5832d0950000 rw-p 00000000 00:00 0                          [heap]
79f848000000-79f849e00000 rw-p 00000000 00:00 0 
79f849e00000-79f84e000000 ---p 00000000 00:00 0 
79f850000000-79f853ffb000 rw-p 00000000 00:00 0 
79f853ffb000-79f854000000 ---p 00000000 00:00 0 
79f858000000-79f85bffa000 rw-p 00000000 00:00 0 
79f85bffa000-79f85c000000 ---p 00000000 00:00 0 
79f85e000000-79f866000000 ---p 00000000 00:00 0 
79f868000000-79f86a000000 ---p 00000000 00:00 0 
79f86c000000-79f86c400000 ---p 00000000 00:00 0 
79f86c400000-79f86c600000 rw-s 00000000 00:05 1128                       /dev/nvidiactl
79f86c600000-79f86c800000 rw-s 00000000 00:01 4125                       /dev/zero (deleted)
79f86c800000-79f86ca00000 rw-s 00000000 00:01 4126                       /dev/zero (deleted)
79f86ca00000-79f86d000000 ---p 00000000 00:00 0 
79f86d000000-79f86d200000 rw-s 00000000 00:05 1128                       /dev/nvidiactl
79f86d200000-79f86d400000 ---p 00000000 00:00 0 
79f86d400000-79f86d600000 rw-s 00000000 00:01 4128                       /dev/zero (deleted)
79f86d600000-79f86db33000 rw-s 00000000 00:05 1128                       /dev/nvidiactl
79f86db33000-79f86e000000 ---p 00000000 00:00 0 
79f870000000-79f880000000 ---p 00000000 00:00 0 
79f884000000-79f884021000 rw-p 00000000 00:00 0 
79f884021000-79f888000000 ---p 00000000 00:00 0 
79f88a000000-79f890000000 ---p 00000000 00:00 0 
79f890000000-79f890021000 rw-p 00000000 00:00 0 
79f890021000-79f894000000 ---p 00000000 00:00 0 
79f897000000-79f89baa3000 r-xp 00000000 103:05 39063741                  /usr/lib/x86_64-linux-gnu/libcublas.so.10.1.0.105
79f89baa3000-79f89bca2000 ---p 04aa3000 103:05 39063741                  /usr/lib/x86_64-linux-gnu/libcublas.so.10.1.0.105
79f89bca2000-79f89bcb0000 rw-p 04aa2000 103:05 39063741                  /usr/lib/x86_64-linux-gnu/libcublas.so.10.1.0.105
79f89bcb0000-79f89bcba000 rw-p 00000000 00:00 0 
79f89c000000-79f89c021000 rw-p 00000000 00:00 0 
79f89c021000-79f8a0000000 ---p 00000000 00:00 0 
79f8a4000000-79f8a40e8000 rw-p 00000000 00:00 0 
79f8a40e8000-79f8a8000000 ---p 00000000 00:00 0 
79f8a8000000-79f8a809d000 rw-p 00000000 00:00 0 
79f8a809d000-79f8ac000000 ---p 00000000 00:00 0 
79f8b0000000-79f8b004f000 rw-p 00000000 00:00 0 
79f8b004f000-79f8b4000000 ---p 00000000 00:00 0 
79f8b4000000-79f8b4021000 rw-p 00000000 00:00 0 
79f8b4021000-79f8b8000000 ---p 00000000 00:00 0 
79f8bc000000-79f8bc098000 rw-p 00000000 00:00 0 
79f8bc098000-79f8c0000000 ---p 00000000 00:00 0 
79f8c0000000-79f8c0111000 rw-p 00000000 00:00 0 
79f8c0111000-79f8c4000000 ---p 00000000 00:00 0 
79f8c8000000-79f8c8021000 rw-p 00000000 00:00 0 
79f8c8021000-79f8cc000000 ---p 00000000 00:00 0 
79f8cc000000-79f8cc021000 rw-p 00000000 00:00 0 
79f8cc021000-79f8d0000000 ---p 00000000 00:00 0 
79f8d4000000-79f8d4021000 rw-p 00000000 00:00 0 
79f8d4021000-79f8d8000000 ---p 00000000 00:00 0 
79f8d8000000-79f8d8021000 rw-p 00000000 00:00 0 
79f8d8021000-79f8dc000000 ---p 00000000 00:00 0 
79f8e0000000-79f8e0021000 rw-p 00000000 00:00 0 
79f8e0021000-79f8e4000000 ---p 00000000 00:00 0 
79f8e4000000-79f8e4021000 rw-p 00000000 00:00 0 
79f8e4021000-79f8e8000000 ---p 00000000 00:00 0 
79f8ec000000-79f8ec0b0000 rw-p 00000000 00:00 0 
79f8ec0b0000-79f8ec400000 ---p 00000000 00:00 0 
79f8ec400000-79f8ec480000 rw-p 00000000 00:00 0 
79f8ec480000-79f8f0000000 ---p 00000000 00:00 0 
79f8f0000000-79f8f0021000 rw-p 00000000 00:00 0 
79f8f0021000-79f8f4000000 ---p 00000000 00:00 0 
79f8f4e00000-79f8f4e01000 rw-s 00000000 00:05 1128                       /dev/nvidiactl
79f8f4e01000-79f8f4e02000 rw-s 00000000 00:05 1128                       /dev/nvidiactl
79f8f4e02000-79f8f4e03000 rw-s 00000000 00:05 1128                       /dev/nvidiactl
79f8f4e03000-79f8f4e04000 rw-s 00000000 00:05 1128                       /dev/nvidiactl
79f8f4e04000-79f8f4e05000 rw-s 00000000 00:05 1128                       /dev/nvidiactl
79f8f4e05000-79f8f4e06000 rw-s 00000000 00:05 1128                       /dev/nvidiactl
79f8f4e06000-79f8f4e07000 rw-s 00000000 00:05 1128                       /dev/nvidiactl
79f8f4e07000-79f8f4e08000 rw-s 00000000 00:05 1128                       /dev/nvidiactl
79f8f4e08000-79f8f4e09000 rw-s 00000000 00:05 1128                       /dev/nvidiactl
79f8f4e09000-79f8f4e0a000 rw-s 00000000 00:05 1128                       /dev/nvidiactl
79f8f4e0a000-79f8f4e0b000 rw-s 00000000 00:05 1128                       /dev/nvidiactl
79f8f4e0b000-79f8f4e0c000 rw-s 00000000 00:05 1128                       /dev/nvidiactl
79f8f4e0c000-79f8f4e0d000 rw-s 00000000 00:05 1128                       /dev/nvidiactl
79f8f4e0d000-79f8f4e0e000 rw-s 00000000 00:05 1128                       /dev/nvidiactl
79f8f4e0e000-79f8f4e0f000 rw-s 00000000 00:05 1128                       /dev/nvidiactl
79f8f4e0f000-79f8f4e10000 rw-s 00000000 00:05 1128                       /dev/nvidiactl
79f8f4e10000-79f8f5e21000 ---p 00000000 00:00 0 
79f8f6000000-79f8f6c7a000 rw-p 00001000 103:05 39860326                  /usr/lib/jvm/jdk-22.0.2-oracle-x64/lib/server/classes.jsa
79f8f6c7a000-79f8f7000000 ---p 00000000 00:00 0 
79f8f7000000-79f8f7010000 rw-p 00000000 00:00 0 
79f8f7010000-79f8f7040000 ---p 00000000 00:00 0 
79f8f7040000-79f8f7050000 rw-p 00000000 00:00 0 
79f8f7050000-79f937000000 ---p 00000000 00:00 0 
79f937600000-79f937601000 ---p 00000000 00:00 0 
79f937601000-79f937e01000 rw-p 00000000 00:00 0 
79f938000000-79f938021000 rw-p 00000000 00:00 0 
79f938021000-79f93c000000 ---p 00000000 00:00 0 
79f93c800000-79f93c801000 ---p 00000000 00:00 0 
79f93c801000-79f93d001000 rw-p 00000000 00:00 0 
79f93d200000-79f93e221000 ---p 00000000 00:00 0 
79f93e400000-79f93e4db000 r--p 00000000 103:05 39066653                  /usr/lib/x86_64-linux-gnu/libcuda.so.550.54.15
79f93e4db000-79f93e973000 r-xp 000db000 103:05 39066653                  /usr/lib/x86_64-linux-gnu/libcuda.so.550.54.15
79f93e973000-79f93fe03000 r--p 00573000 103:05 39066653                  /usr/lib/x86_64-linux-gnu/libcuda.so.550.54.15
79f93fe03000-79f93fe1a000 r--p 01a02000 103:05 39066653                  /usr/lib/x86_64-linux-gnu/libcuda.so.550.54.15
79f93fe1a000-79f93ff15000 rw-p 01a19000 103:05 39066653                  /usr/lib/x86_64-linux-gnu/libcuda.so.550.54.15
79f93ff15000-79f93ff7b000 rw-p 00000000 00:00 0 
79f940000000-79f940021000 rw-p 00000000 00:00 0 
79f940021000-79f944000000 ---p 00000000 00:00 0 
79f944000000-79f944021000 rw-p 00000000 00:00 0 
79f944021000-79f948000000 ---p 00000000 00:00 0 
79f948800000-79f948a00000 rw-s 00000000 00:01 4127                       /dev/zero (deleted)
79f948a00000-79f948c5a000 rw-p 00000000 00:00 0 
79f948e00000-79f948e01000 ---p 00000000 00:00 0 
79f948e01000-79f949601000 rw-p 00000000 00:00 0 
79f949800000-79f94bae6000 r-xp 00000000 103:05 39063740                  /usr/lib/x86_64-linux-gnu/libcublasLt.so.10.1.0.105
79f94bae6000-79f94bce6000 ---p 022e6000 103:05 39063740                  /usr/lib/x86_64-linux-gnu/libcublasLt.so.10.1.0.105
79f94bce6000-79f94bd58000 rw-p 022e6000 103:05 39063740                  /usr/lib/x86_64-linux-gnu/libcublasLt.so.10.1.0.105
79f94bd58000-79f94bd60000 rw-p 00000000 00:00 0 
79f94bdc7000-79f94c021000 rw-p 00000000 00:00 0 
79f94c021000-79f950000000 ---p 00000000 00:00 0 
79f950000000-79f950021000 rw-p 00000000 00:00 0 
79f950021000-79f954000000 ---p 00000000 00:00 0 
79f95400e000-79f954130000 rw-p 00000000 00:00 0 
79f954130000-79f954144000 r--p 00000000 103:05 26738754                  /tmp/libJCublas2-10.1.0-linux-x86_64.so
79f954144000-79f9541cc000 r-xp 00014000 103:05 26738754                  /tmp/libJCublas2-10.1.0-linux-x86_64.so
79f9541cc000-79f9541f9000 r--p 0009c000 103:05 26738754                  /tmp/libJCublas2-10.1.0-linux-x86_64.so
79f9541f9000-79f9541fa000 ---p 000c9000 103:05 26738754                  /tmp/libJCublas2-10.1.0-linux-x86_64.so
79f9541fa000-79f9541fd000 r--p 000c9000 103:05 26738754                  /tmp/libJCublas2-10.1.0-linux-x86_64.so
79f9541fd000-79f9541fe000 rw-p 000cc000 103:05 26738754                  /tmp/libJCublas2-10.1.0-linux-x86_64.so
79f9541fe000-79f954200000 rw-p 00000000 00:00 0 
79f954200000-79f95429d000 r--p 00000000 103:05 39063721                  /usr/lib/x86_64-linux-gnu/libstdc++.so.6.0.33
79f95429d000-79f9543dd000 r-xp 0009d000 103:05 39063721                  /usr/lib/x86_64-linux-gnu/libstdc++.so.6.0.33
79f9543dd000-79f95446b000 r--p 001dd000 103:05 39063721                  /usr/lib/x86_64-linux-gnu/libstdc++.so.6.0.33
79f95446b000-79f954476000 r--p 0026b000 103:05 39063721                  /usr/lib/x86_64-linux-gnu/libstdc++.so.6.0.33
79f954476000-79f954479000 rw-p 00276000 103:05 39063721                  /usr/lib/x86_64-linux-gnu/libstdc++.so.6.0.33
79f954479000-79f95447d000 rw-p 00000000 00:00 0 
79f954491000-79f9544a3000 r--p 00000000 103:05 26738753                  /tmp/libJCudaRuntime-10.1.0-linux-x86_64.so
79f9544a3000-79f95450b000 r-xp 00012000 103:05 26738753                  /tmp/libJCudaRuntime-10.1.0-linux-x86_64.so
79f95450b000-79f954528000 r--p 0007a000 103:05 26738753                  /tmp/libJCudaRuntime-10.1.0-linux-x86_64.so
79f954528000-79f954529000 ---p 00097000 103:05 26738753                  /tmp/libJCudaRuntime-10.1.0-linux-x86_64.so
79f954529000-79f95452d000 r--p 00097000 103:05 26738753                  /tmp/libJCudaRuntime-10.1.0-linux-x86_64.so
79f95452d000-79f95452e000 rw-p 0009b000 103:05 26738753                  /tmp/libJCudaRuntime-10.1.0-linux-x86_64.so
79f95452e000-79f954530000 rw-p 00000000 00:00 0 
79f954530000-79f954534000 ---p 00000000 00:00 0 
79f954534000-79f954630000 rw-p 00000000 00:00 0 
79f954630000-79f954634000 ---p 00000000 00:00 0 
79f954634000-79f954730000 rw-p 00000000 00:00 0 
79f954730000-79f954734000 ---p 00000000 00:00 0 
79f954734000-79f954830000 rw-p 00000000 00:00 0 
79f954830000-79f954834000 ---p 00000000 00:00 0 
79f954834000-79f954930000 rw-p 00000000 00:00 0 
79f954930000-79f954934000 ---p 00000000 00:00 0 
79f954934000-79f954a30000 rw-p 00000000 00:00 0 
79f954a30000-79f954afe000 r-xp 00000000 103:05 39860299                  /usr/lib/jvm/jdk-22.0.2-oracle-x64/lib/libjsvml.so
79f954afe000-79f954aff000 r--p 000cd000 103:05 39860299                  /usr/lib/jvm/jdk-22.0.2-oracle-x64/lib/libjsvml.so
79f954aff000-79f954b00000 rw-p 000ce000 103:05 39860299                  /usr/lib/jvm/jdk-22.0.2-oracle-x64/lib/libjsvml.so
79f954b00000-79f954b04000 ---p 00000000 00:00 0 
79f954b04000-79f954c00000 rw-p 00000000 00:00 0 
79f954c00000-79f954c04000 ---p 00000000 00:00 0 
79f954c04000-79f954d00000 rw-p 00000000 00:00 0 
79f954d00000-79f954d04000 ---p 00000000 00:00 0 
79f954d04000-79f954e00000 rw-p 00000000 00:00 0 
79f954e00000-79f954e04000 ---p 00000000 00:00 0 
79f954e04000-79f954f00000 rw-p 00000000 00:00 0 
79f954f00000-79f954f04000 ---p 00000000 00:00 0 
79f954f04000-79f955000000 rw-p 00000000 00:00 0 
79f955000000-79f955004000 ---p 00000000 00:00 0 
79f955004000-79f955100000 rw-p 00000000 00:00 0 
79f955100000-79f955104000 ---p 00000000 00:00 0 
79f955104000-79f955200000 rw-p 00000000 00:00 0 
79f955200000-79f955775000 r--p 00000000 103:05 39061600                  /usr/lib/locale/locale-archive
79f955777000-79f9557f8000 rw-p 00000000 00:00 0 
79f9557f8000-79f9557f9000 ---p 00000000 00:00 0 
79f9557f9000-79f9558f9000 rw-p 00000000 00:00 0 
79f9558f9000-79f9558fa000 ---p 00000000 00:00 0 
79f9558fa000-79f9559fa000 rw-p 00000000 00:00 0 
79f9559fa000-79f9559fb000 ---p 00000000 00:00 0 
79f9559fb000-79f955afb000 rw-p 00000000 00:00 0 
79f955afb000-79f955afc000 ---p 00000000 00:00 0 
79f955afc000-79f955bfc000 rw-p 00000000 00:00 0 
79f955bfc000-79f9587b0000 rw-p 00000000 00:00 0 
79f9587b0000-79f95fa50000 ---p 00000000 00:00 0 
79f95fa50000-79f95fa60000 rw-p 00000000 00:00 0 
79f95fa7e000-79f95fcf6000 rw-p 00000000 00:00 0 
79f95fcf6000-79f960b4a000 ---p 00000000 00:00 0 
79f960b4a000-79f960b4c000 rw-p 00000000 00:00 0 
79f960b64000-79f960c00000 rw-p 00000000 00:00 0 
79f960c00000-79f960e70000 rwxp 00000000 00:00 0 
79f960e70000-79f96805f000 ---p 00000000 00:00 0 
79f96805f000-79f9682df000 rwxp 00000000 00:00 0 
79f9682df000-79f9687a0000 ---p 00000000 00:00 0 
79f9687a0000-79f968a10000 rwxp 00000000 00:00 0 
79f968a10000-79f96fc00000 ---p 00000000 00:00 0 
79f96fc00000-79f977fbb000 r--s 00000000 103:05 39860317                  /usr/lib/jvm/jdk-22.0.2-oracle-x64/lib/modules
79f977fd3000-79f977fd7000 r--p 00000000 103:05 39063720                  /usr/lib/x86_64-linux-gnu/libgcc_s.so.1
79f977fd7000-79f977ffa000 r-xp 00004000 103:05 39063720                  /usr/lib/x86_64-linux-gnu/libgcc_s.so.1
79f977ffa000-79f977ffe000 r--p 00027000 103:05 39063720                  /usr/lib/x86_64-linux-gnu/libgcc_s.so.1
79f977ffe000-79f977fff000 r--p 0002b000 103:05 39063720                  /usr/lib/x86_64-linux-gnu/libgcc_s.so.1
79f977fff000-79f978000000 rw-p 0002c000 103:05 39063720                  /usr/lib/x86_64-linux-gnu/libgcc_s.so.1
79f978000000-79f97bde2000 rw-p 00000000 00:00 0 
79f97bde2000-79f97c000000 ---p 00000000 00:00 0 
79f97c019000-79f97c026000 r-xp 00000000 103:05 39860315                  /usr/lib/jvm/jdk-22.0.2-oracle-x64/lib/libverify.so
79f97c026000-79f97c028000 r--p 0000c000 103:05 39860315                  /usr/lib/jvm/jdk-22.0.2-oracle-x64/lib/libverify.so
79f97c028000-79f97c029000 rw-p 0000e000 103:05 39860315                  /usr/lib/jvm/jdk-22.0.2-oracle-x64/lib/libverify.so
79f97c029000-79f97c039000 -w-s 00000000 00:05 1129                       /dev/nvidia0
79f97c039000-79f97c841000 rw-p 00000000 00:00 0 
79f97c841000-79f97c842000 ---p 00000000 00:00 0 
79f97c842000-79f97c942000 rw-p 00000000 00:00 0 
79f97c942000-79f97c943000 ---p 00000000 00:00 0 
79f97c943000-79f97ca43000 rw-p 00000000 00:00 0 
79f97ca43000-79f97ca44000 ---p 00000000 00:00 0 
79f97ca44000-79f97cb44000 rw-p 00000000 00:00 0 
79f97cb44000-79f97ccf6000 rw-p 00000000 00:00 0 
79f97ccf6000-79f97db4a000 ---p 00000000 00:00 0 
79f97db4a000-79f97db4c000 rw-p 00000000 00:00 0 
79f97db56000-79f97db61000 r-xp 00000000 103:05 39860306                  /usr/lib/jvm/jdk-22.0.2-oracle-x64/lib/libnet.so
79f97db61000-79f97db62000 ---p 0000b000 103:05 39860306                  /usr/lib/jvm/jdk-22.0.2-oracle-x64/lib/libnet.so
79f97db62000-79f97db63000 r--p 0000b000 103:05 39860306                  /usr/lib/jvm/jdk-22.0.2-oracle-x64/lib/libnet.so
79f97db63000-79f97db64000 rw-p 0000c000 103:05 39860306                  /usr/lib/jvm/jdk-22.0.2-oracle-x64/lib/libnet.so
79f97db64000-79f97e933000 rw-p 00000000 00:00 0 
79f97e933000-79f97ea17000 ---p 00000000 00:00 0 
79f97ea17000-79f97ea1c000 rw-p 00000000 00:00 0 
79f97ea1c000-79f97eb00000 ---p 00000000 00:00 0 
79f97eb00000-79f97eb04000 ---p 00000000 00:00 0 
79f97eb04000-79f97ec00000 rw-p 00000000 00:00 0 
79f97ec00000-79f97ff40000 r-xp 00000000 103:05 39860329                  /usr/lib/jvm/jdk-22.0.2-oracle-x64/lib/server/libjvm.so
79f97ff40000-79f97ff41000 ---p 01340000 103:05 39860329                  /usr/lib/jvm/jdk-22.0.2-oracle-x64/lib/server/libjvm.so
79f97ff41000-79f98000e000 r--p 01340000 103:05 39860329                  /usr/lib/jvm/jdk-22.0.2-oracle-x64/lib/server/libjvm.so
79f98000e000-79f98003c000 rw-p 0140d000 103:05 39860329                  /usr/lib/jvm/jdk-22.0.2-oracle-x64/lib/server/libjvm.so
79f98003c000-79f9800b2000 rw-p 00000000 00:00 0 
79f9800b5000-79f9800bc000 r--s 00000000 103:05 39070655                  /usr/lib/x86_64-linux-gnu/gconv/gconv-modules.cache
79f9800bc000-79f9800cf000 r-xp 00000000 103:05 39860307                  /usr/lib/jvm/jdk-22.0.2-oracle-x64/lib/libnio.so
79f9800cf000-79f9800d0000 ---p 00013000 103:05 39860307                  /usr/lib/jvm/jdk-22.0.2-oracle-x64/lib/libnio.so
79f9800d0000-79f9800d1000 r--p 00013000 103:05 39860307                  /usr/lib/jvm/jdk-22.0.2-oracle-x64/lib/libnio.so
79f9800d1000-79f9800d2000 rw-p 00014000 103:05 39860307                  /usr/lib/jvm/jdk-22.0.2-oracle-x64/lib/libnio.so
79f9800d2000-79f9800f2000 r-xp 00000000 103:05 39860291                  /usr/lib/jvm/jdk-22.0.2-oracle-x64/lib/libjava.so
79f9800f2000-79f9800f3000 ---p 00020000 103:05 39860291                  /usr/lib/jvm/jdk-22.0.2-oracle-x64/lib/libjava.so
79f9800f3000-79f9800f4000 r--p 00020000 103:05 39860291                  /usr/lib/jvm/jdk-22.0.2-oracle-x64/lib/libjava.so
79f9800f4000-79f9800f5000 rw-p 00021000 103:05 39860291                  /usr/lib/jvm/jdk-22.0.2-oracle-x64/lib/libjava.so
79f9800f5000-79f9800f6000 rw-p 00000000 00:00 0 
79f9800f6000-79f980114000 r-xp 00000000 103:05 39860295                  /usr/lib/jvm/jdk-22.0.2-oracle-x64/lib/libjimage.so
79f980114000-79f980116000 r--p 0001d000 103:05 39860295                  /usr/lib/jvm/jdk-22.0.2-oracle-x64/lib/libjimage.so
79f980116000-79f980117000 rw-p 0001f000 103:05 39860295                  /usr/lib/jvm/jdk-22.0.2-oracle-x64/lib/libjimage.so
79f980117000-79f980127000 r--p 00000000 103:05 39070669                  /usr/lib/x86_64-linux-gnu/libm.so.6
79f980127000-79f9801a6000 r-xp 00010000 103:05 39070669                  /usr/lib/x86_64-linux-gnu/libm.so.6
79f9801a6000-79f9801fe000 r--p 0008f000 103:05 39070669                  /usr/lib/x86_64-linux-gnu/libm.so.6
79f9801fe000-79f9801ff000 r--p 000e7000 103:05 39070669                  /usr/lib/x86_64-linux-gnu/libm.so.6
79f9801ff000-79f980200000 rw-p 000e8000 103:05 39070669                  /usr/lib/x86_64-linux-gnu/libm.so.6
79f980200000-79f980228000 r--p 00000000 103:05 39070666                  /usr/lib/x86_64-linux-gnu/libc.so.6
79f980228000-79f9803b0000 r-xp 00028000 103:05 39070666                  /usr/lib/x86_64-linux-gnu/libc.so.6
79f9803b0000-79f9803ff000 r--p 001b0000 103:05 39070666                  /usr/lib/x86_64-linux-gnu/libc.so.6
79f9803ff000-79f980403000 r--p 001fe000 103:05 39070666                  /usr/lib/x86_64-linux-gnu/libc.so.6
79f980403000-79f980405000 rw-p 00202000 103:05 39070666                  /usr/lib/x86_64-linux-gnu/libc.so.6
79f980405000-79f980412000 rw-p 00000000 00:00 0 
79f980415000-79f98041c000 r-xp 00000000 103:05 39860316                  /usr/lib/jvm/jdk-22.0.2-oracle-x64/lib/libzip.so
79f98041c000-79f98041d000 ---p 00007000 103:05 39860316                  /usr/lib/jvm/jdk-22.0.2-oracle-x64/lib/libzip.so
79f98041d000-79f98041e000 r--p 00007000 103:05 39860316                  /usr/lib/jvm/jdk-22.0.2-oracle-x64/lib/libzip.so
79f98041e000-79f98041f000 rw-p 00008000 103:05 39860316                  /usr/lib/jvm/jdk-22.0.2-oracle-x64/lib/libzip.so
79f98041f000-79f980420000 r--p 00000000 103:05 39070680                  /usr/lib/x86_64-linux-gnu/librt.so.1
79f980420000-79f980421000 r-xp 00001000 103:05 39070680                  /usr/lib/x86_64-linux-gnu/librt.so.1
79f980421000-79f980422000 r--p 00002000 103:05 39070680                  /usr/lib/x86_64-linux-gnu/librt.so.1
79f980422000-79f980423000 r--p 00002000 103:05 39070680                  /usr/lib/x86_64-linux-gnu/librt.so.1
79f980423000-79f980424000 rw-p 00003000 103:05 39070680                  /usr/lib/x86_64-linux-gnu/librt.so.1
79f980424000-79f980428000 rw-p 00000000 00:00 0 
79f980428000-79f980429000 r--p 00000000 103:05 39070668                  /usr/lib/x86_64-linux-gnu/libdl.so.2
79f980429000-79f98042a000 r-xp 00001000 103:05 39070668                  /usr/lib/x86_64-linux-gnu/libdl.so.2
79f98042a000-79f98042b000 r--p 00002000 103:05 39070668                  /usr/lib/x86_64-linux-gnu/libdl.so.2
79f98042b000-79f98042c000 r--p 00002000 103:05 39070668                  /usr/lib/x86_64-linux-gnu/libdl.so.2
79f98042c000-79f98042d000 rw-p 00003000 103:05 39070668                  /usr/lib/x86_64-linux-gnu/libdl.so.2
79f98042d000-79f98042e000 r--p 00000000 103:05 39070678                  /usr/lib/x86_64-linux-gnu/libpthread.so.0
79f98042e000-79f98042f000 r-xp 00001000 103:05 39070678                  /usr/lib/x86_64-linux-gnu/libpthread.so.0
79f98042f000-79f980430000 r--p 00002000 103:05 39070678                  /usr/lib/x86_64-linux-gnu/libpthread.so.0
79f980430000-79f980431000 r--p 00002000 103:05 39070678                  /usr/lib/x86_64-linux-gnu/libpthread.so.0
79f980431000-79f980432000 rw-p 00003000 103:05 39070678                  /usr/lib/x86_64-linux-gnu/libpthread.so.0
79f980432000-79f980440000 r-xp 00000000 103:05 39860296                  /usr/lib/jvm/jdk-22.0.2-oracle-x64/lib/libjli.so
79f980440000-79f980441000 r--p 0000e000 103:05 39860296                  /usr/lib/jvm/jdk-22.0.2-oracle-x64/lib/libjli.so
79f980441000-79f980442000 rw-p 0000f000 103:05 39860296                  /usr/lib/jvm/jdk-22.0.2-oracle-x64/lib/libjli.so
79f980442000-79f980444000 r--p 00000000 103:05 39063281                  /usr/lib/x86_64-linux-gnu/libz.so.1.3
79f980444000-79f980456000 r-xp 00002000 103:05 39063281                  /usr/lib/x86_64-linux-gnu/libz.so.1.3
79f980456000-79f98045c000 r--p 00014000 103:05 39063281                  /usr/lib/x86_64-linux-gnu/libz.so.1.3
79f98045c000-79f98045d000 r--p 0001a000 103:05 39063281                  /usr/lib/x86_64-linux-gnu/libz.so.1.3
79f98045d000-79f98045e000 rw-p 0001b000 103:05 39063281                  /usr/lib/x86_64-linux-gnu/libz.so.1.3
79f98045f000-79f980464000 rw-p 00000000 00:00 0 
79f980464000-79f98046e000 ---p 00000000 00:00 0 
79f98046e000-79f980476000 rw-s 00000000 103:05 26739223                  /tmp/hsperfdata_edov/11274
79f980476000-79f980477000 ---p 00000000 00:00 0 
79f980477000-79f980478000 r--p 00000000 00:00 0 
79f980478000-79f980479000 ---p 00000000 00:00 0 
79f980479000-79f98047b000 rw-p 00000000 00:00 0 
79f98047b000-79f98047c000 r--p 00000000 103:05 39070663                  /usr/lib/x86_64-linux-gnu/ld-linux-x86-64.so.2
79f98047c000-79f9804a7000 r-xp 00001000 103:05 39070663                  /usr/lib/x86_64-linux-gnu/ld-linux-x86-64.so.2
79f9804a7000-79f9804b1000 r--p 0002c000 103:05 39070663                  /usr/lib/x86_64-linux-gnu/ld-linux-x86-64.so.2
79f9804b1000-79f9804b3000 r--p 00036000 103:05 39070663                  /usr/lib/x86_64-linux-gnu/ld-linux-x86-64.so.2
79f9804b3000-79f9804b5000 rw-p 00038000 103:05 39070663                  /usr/lib/x86_64-linux-gnu/ld-linux-x86-64.so.2
7ffcc4af8000-7ffcc4b1a000 rw-p 00000000 00:00 0                          [stack]
7ffcc4bf3000-7ffcc4bf7000 r--p 00000000 00:00 0                          [vvar]
7ffcc4bf7000-7ffcc4bf9000 r-xp 00000000 00:00 0                          [vdso]
ffffffffff600000-ffffffffff601000 --xp 00000000 00:00 0                  [vsyscall]
Total number of mappings: 309


VM Arguments:
jvm_args: -Dfile.encoding=UTF-8 --module-path=/home/edov/projects/JCudaWrapper/build/classes 
java_command: main.VectorTest
java_class_path (initial): /home/edov/projects/JCudaWrapper/JCuda-All-10.1.0/jcublas-10.1.0-javadoc.jar:/home/edov/projects/JCudaWrapper/JCuda-All-10.1.0/jcublas-10.1.0-sources.jar:/home/edov/projects/JCudaWrapper/JCuda-All-10.1.0/jcublas-10.1.0.jar:/home/edov/projects/JCudaWrapper/JCuda-All-10.1.0/jcublas-natives-10.1.0-apple-x86_64.jar:/home/edov/projects/JCudaWrapper/JCuda-All-10.1.0/jcublas-natives-10.1.0-javadoc.jar:/home/edov/projects/JCudaWrapper/JCuda-All-10.1.0/jcublas-natives-10.1.0-linux-x86_64.jar:/home/edov/projects/JCudaWrapper/JCuda-All-10.1.0/jcublas-natives-10.1.0-sources.jar:/home/edov/projects/JCudaWrapper/JCuda-All-10.1.0/jcublas-natives-10.1.0-windows-x86_64.jar:/home/edov/projects/JCudaWrapper/JCuda-All-10.1.0/jcublas-natives-10.1.0.jar:/home/edov/projects/JCudaWrapper/JCuda-All-10.1.0/jcuda-10.1.0-javadoc.jar:/home/edov/projects/JCudaWrapper/JCuda-All-10.1.0/jcuda-10.1.0-sources.jar:/home/edov/projects/JCudaWrapper/JCuda-All-10.1.0/jcuda-10.1.0.jar:/home/edov/projects/JCudaWrapper/JCuda-All-10.1.0/jcuda-common-10.1.0-javadoc.jar:/home/edov/projects/JCudaWrapper/JCuda-All-10.1.0/jcuda-common-10.1.0-sources.jar:/home/edov/projects/JCudaWrapper/JCuda-All-10.1.0/jcuda-common-10.1.0.jar:/home/edov/projects/JCudaWrapper/JCuda-All-10.1.0/jcuda-natives-10.1.0-apple-x86_64.jar:/home/edov/projects/JCudaWrapper/JCuda-All-10.1.0/jcuda-natives-10.1.0-javadoc.jar:/home/edov/projects/JCudaWrapper/JCuda-All-10.1.0/jcuda-natives-10.1.0-linux-x86_64.jar:/home/edov/projects/JCudaWrapper/JCuda-All-10.1.0/jcuda-natives-10.1.0-sources.jar:/home/edov/projects/JCudaWrapper/JCuda-All-10.1.0/jcuda-natives-10.1.0-windows-x86_64.jar:/home/edov/projects/JCudaWrapper/JCuda-All-10.1.0/jcuda-natives-10.1.0.jar:/home/edov/projects/JCudaWrapper/JCuda-All-10.1.0/jcudnn-10.1.0-javadoc.jar:/home/edov/projects/JCudaWrapper/JCuda-All-10.1.0/jcudnn-10.1.0-sources.jar:/home/edov/projects/JCudaWrapper/JCuda-All-10.1.0/jcudnn-10.1.0.jar:/home/edov/projects/JCudaWrapper/JCuda-All-10.1.0/jcudnn-natives-10.1.0-apple-x86_64.jar:/home/edov/projects/JCudaWrapper/JCuda-All-10.1.0/jcudnn-natives-10.1.0-javadoc.jar:/home/edov/projects/JCudaWrapper/JCuda-All-10.1.0/jcudnn-natives-10.1.0-linux-x86_64.jar:/home/edov/projects/JCudaWrapper/JCuda-All-10.1.0/jcudnn-natives-10.1.0-sources.jar:/home/edov/projects/JCudaWrapper/JCuda-All-10.1.0/jcudnn-natives-10.1.0-windows-x86_64.jar:/home/edov/projects/JCudaWrapper/JCuda-All-10.1.0/jcudnn-natives-10.1.0.jar:/home/edov/projects/JCudaWrapper/JCuda-All-10.1.0/jcufft-10.1.0-javadoc.jar:/home/edov/projects/JCudaWrapper/JCuda-All-10.1.0/jcufft-10.1.0-sources.jar:/home/edov/projects/JCudaWrapper/JCuda-All-10.1.0/jcufft-10.1.0.jar:/home/edov/projects/JCudaWrapper/JCuda-All-10.1.0/jcufft-natives-10.1.0-apple-x86_64.jar:/home/edov/projects/JCudaWrapper/JCuda-All-10.1.0/jcufft-natives-10.1.0-javadoc.jar:/home/edov/projects/JCudaWrapper/JCuda-All-10.1.0/jcufft-natives-10.1.0-linux-x86_64.jar:/home/edov/projects/JCudaWrapper/JCuda-All-10.1.0/jcufft-natives-10.1.0-sources.jar:/home/edov/projects/JCudaWrapper/JCuda-All-10.1.0/jcufft-natives-10.1.0-windows-x86_64.jar:/home/edov/projects/JCudaWrapper/JCuda-All-10.1.0/jcufft-natives-10.1.0.jar:/home/edov/projects/JCudaWrapper/JCuda-All-10.1.0/jcurand-10.1.0-javadoc.jar:/home/edov/projects/JCudaWrapper/JCuda-All-10.1.0/jcurand-10.1.0-sources.jar:/home/edov/projects/JCudaWrapper/JCuda-All-10.1.0/jcurand-10.1.0.jar:/home/edov/projects/JCudaWrapper/JCuda-All-10.1.0/jcurand-natives-10.1.0-apple-x86_64.jar:/home/edov/projects/JCudaWrapper/JCuda-All-10.1.0/jcurand-natives-10.1.0-javadoc.jar:/home/edov/projects/JCudaWrapper/JCuda-All-10.1.0/jcurand-natives-10.1.0-linux-x86_64.jar:/home/edov/projects/JCudaWrapper/JCuda-All-10.1.0/jcurand-natives-10.1.0-sources.jar:/home/edov/projects/JCudaWrapper/JCuda-All-10.1.0/jcurand-natives-10.1.0-windows-x86_64.jar:/home/edov/projects/JCudaWrapper/JCuda-All-10.1.0/jcurand-natives-10.1.0.jar:/home/edov/projects/JCudaWrapper/JCuda-All-10.1.0/jcusolver-10.1.0-javadoc.jar:/home/edov/projects/JCudaWrapper/JCuda-All-10.1.0/jcusolver-10.1.0-sources.jar:/home/edov/projects/JCudaWrapper/JCuda-All-10.1.0/jcusolver-10.1.0.jar:/home/edov/projects/JCudaWrapper/JCuda-All-10.1.0/jcusolver-natives-10.1.0-apple-x86_64.jar:/home/edov/projects/JCudaWrapper/JCuda-All-10.1.0/jcusolver-natives-10.1.0-javadoc.jar:/home/edov/projects/JCudaWrapper/JCuda-All-10.1.0/jcusolver-natives-10.1.0-linux-x86_64.jar:/home/edov/projects/JCudaWrapper/JCuda-All-10.1.0/jcusolver-natives-10.1.0-sources.jar:/home/edov/projects/JCudaWrapper/JCuda-All-10.1.0/jcusolver-natives-10.1.0-windows-x86_64.jar:/home/edov/projects/JCudaWrapper/JCuda-All-10.1.0/jcusolver-natives-10.1.0.jar:/home/edov/projects/JCudaWrapper/JCuda-All-10.1.0/jcusparse-10.1.0-javadoc.jar:/home/edov/projects/JCudaWrapper/JCuda-All-10.1.0/jcusparse-10.1.0-sources.jar:/home/edov/projects/JCudaWrapper/JCuda-All-10.1.0/jcusparse-10.1.0.jar:/home/edov/projects/JCudaWrapper/JCuda-All-10.1.0/jcusparse-natives-10.1.0-apple-x86_64.jar:/home/edov/projects/JCudaWrapper/JCuda-All-10.1.0/jcusparse-natives-10.1.0-javadoc.jar:/home/edov/projects/JCudaWrapper/JCuda-All-10.1.0/jcusparse-natives-10.1.0-linux-x86_64.jar:/home/edov/projects/JCudaWrapper/JCuda-All-10.1.0/jcusparse-natives-10.1.0-sources.jar:/home/edov/projects/JCudaWrapper/JCuda-All-10.1.0/jcusparse-natives-10.1.0-windows-x86_64.jar:/home/edov/projects/JCudaWrapper/JCuda-All-10.1.0/jcusparse-natives-10.1.0.jar:/home/edov/projects/JCudaWrapper/JCuda-All-10.1.0/jnvgraph-10.1.0-javadoc.jar:/home/edov/projects/JCudaWrapper/JCuda-All-10.1.0/jnvgraph-10.1.0-sources.jar:/home/edov/projects/JCudaWrapper/JCuda-All-10.1.0/jnvgraph-10.1.0.jar:/home/edov/projects/JCudaWrapper/JCuda-All-10.1.0/jnvgraph-natives-10.1.0-apple-x86_64.jar:/home/edov/projects/JCudaWrapper/JCuda-All-10.1.0/jnvgraph-natives-10.1.0-javadoc.jar:/home/edov/projects/JCudaWrapper/JCuda-All-10.1.0/jnvgraph-natives-10.1.0-linux-x86_64.jar:/home/edov/projects/JCudaWrapper/JCuda-All-10.1.0/jnvgraph-natives-10.1.0-sources.jar:/home/edov/projects/JCudaWrapper/JCuda-All-10.1.0/jnvgraph-natives-10.1.0-windows-x86_64.jar:/home/edov/projects/JCudaWrapper/JCuda-All-10.1.0/jnvgraph-natives-10.1.0.jar:/home/edov/projects/JCudaWrapper/commons-math3-3.6.1.jar:/home/edov/projects/JCudaWrapper/build/classes
Launcher Type: SUN_STANDARD

[Global flags]
     intx CICompilerCount                          = 12                                        {product} {ergonomic}
     uint ConcGCThreads                            = 3                                         {product} {ergonomic}
     uint G1ConcRefinementThreads                  = 13                                        {product} {ergonomic}
   size_t G1HeapRegionSize                         = 4194304                                   {product} {ergonomic}
   size_t InitialHeapSize                          = 515899392                                 {product} {ergonomic}
   size_t MarkStackSize                            = 4194304                                   {product} {ergonomic}
   size_t MaxHeapSize                              = 8212447232                                {product} {ergonomic}
   size_t MaxNewSize                               = 4924112896                                {product} {ergonomic}
   size_t MinHeapDeltaBytes                        = 4194304                                   {product} {ergonomic}
   size_t MinHeapSize                              = 8388608                                   {product} {ergonomic}
    uintx NonNMethodCodeHeapSize                   = 7602480                                {pd product} {ergonomic}
    uintx NonProfiledCodeHeapSize                  = 122027880                              {pd product} {ergonomic}
    uintx ProfiledCodeHeapSize                     = 122027880                              {pd product} {ergonomic}
    uintx ReservedCodeCacheSize                    = 251658240                              {pd product} {ergonomic}
     bool SegmentedCodeCache                       = true                                      {product} {ergonomic}
   size_t SoftMaxHeapSize                          = 8212447232                             {manageable} {ergonomic}
     bool UseCompressedOops                        = true                           {product lp64_product} {ergonomic}
     bool UseG1GC                                  = true                                      {product} {ergonomic}

Logging:
Log output configuration:
 #0: stdout all=warning uptime,level,tags foldmultilines=false
 #1: stderr all=off uptime,level,tags foldmultilines=false

Environment Variables:
PATH=/usr/local/sbin:/usr/local/bin:/usr/sbin:/usr/bin:/sbin:/bin:/usr/games:/usr/local/games:/snap/bin:/snap/bin
USERNAME=edov
SHELL=/bin/bash
DISPLAY=:1
LANG=en_IL

Active Locale:
LC_ALL=en_IL
LC_COLLATE=en_IL
LC_CTYPE=en_IL
LC_MESSAGES=en_IL
LC_MONETARY=en_IL
LC_NUMERIC=en_IL
LC_TIME=en_IL

Signal Handlers:
   SIGSEGV: crash_handler in libjvm.so, mask=11100100010111111101111111111110, flags=SA_RESTART|SA_SIGINFO, unblocked
    SIGBUS: crash_handler in libjvm.so, mask=11100100010111111101111111111110, flags=SA_RESTART|SA_SIGINFO, unblocked
    SIGFPE: crash_handler in libjvm.so, mask=11100100010111111101111111111110, flags=SA_RESTART|SA_SIGINFO, unblocked
   SIGPIPE: javaSignalHandler in libjvm.so, mask=11100100010111111101111111111110, flags=SA_RESTART|SA_SIGINFO, blocked
   SIGXFSZ: javaSignalHandler in libjvm.so, mask=11100100010111111101111111111110, flags=SA_RESTART|SA_SIGINFO, blocked
    SIGILL: crash_handler in libjvm.so, mask=11100100010111111101111111111110, flags=SA_RESTART|SA_SIGINFO, unblocked
   SIGUSR2: SR_handler in libjvm.so, mask=00000000000000000000000000000000, flags=SA_RESTART|SA_SIGINFO, blocked
    SIGHUP: UserHandler in libjvm.so, mask=11100100010111111101111111111110, flags=SA_RESTART|SA_SIGINFO, blocked
    SIGINT: SIG_IGN, mask=00000000000000000000000000000000, flags=none, blocked
   SIGTERM: UserHandler in libjvm.so, mask=11100100010111111101111111111110, flags=SA_RESTART|SA_SIGINFO, blocked
   SIGQUIT: UserHandler in libjvm.so, mask=11100100010111111101111111111110, flags=SA_RESTART|SA_SIGINFO, blocked
   SIGTRAP: crash_handler in libjvm.so, mask=11100100010111111101111111111110, flags=SA_RESTART|SA_SIGINFO, unblocked


Periodic native trim disabled

---------------  S Y S T E M  ---------------

OS:
DISTRIB_ID=Ubuntu
DISTRIB_RELEASE=24.04
DISTRIB_CODENAME=noble
DISTRIB_DESCRIPTION="Ubuntu 24.04.1 LTS"
uname: Linux 6.8.0-44-generic #44-Ubuntu SMP PREEMPT_DYNAMIC Tue Aug 13 13:35:26 UTC 2024 x86_64
OS uptime: 0 days 1:08 hours
libc: glibc 2.39 NPTL 2.39 
rlimit (soft/hard): STACK 8192k/infinity , CORE 0k/infinity , NPROC 125013/125013 , NOFILE 1048576/1048576 , AS infinity/infinity , CPU infinity/infinity , DATA infinity/infinity , FSIZE infinity/infinity , MEMLOCK 4009332k/4009332k
load average: 0.56 0.54 0.60

/proc/meminfo:
MemTotal:       32074664 kB
MemFree:        20374756 kB
MemAvailable:   24096448 kB
Buffers:          198256 kB
Cached:          3902328 kB
SwapCached:            0 kB
Active:          7021676 kB
Inactive:        2421160 kB
Active(anon):    5470364 kB
Inactive(anon):        0 kB
Active(file):    1551312 kB
Inactive(file):  2421160 kB
Unevictable:          48 kB
Mlocked:              48 kB
SwapTotal:       2097148 kB
SwapFree:        2097148 kB
Zswap:                 0 kB
Zswapped:              0 kB
Dirty:               280 kB
Writeback:             0 kB
AnonPages:       5342480 kB
Mapped:          1044464 kB
Shmem:            128112 kB
KReclaimable:     213700 kB
Slab:             530512 kB
SReclaimable:     213700 kB
SUnreclaim:       316812 kB
KernelStack:       25284 kB
PageTables:        64096 kB
SecPageTables:         0 kB
NFS_Unstable:          0 kB
Bounce:                0 kB
WritebackTmp:          0 kB
CommitLimit:    18134480 kB
Committed_AS:   32208644 kB
VmallocTotal:   34359738367 kB
VmallocUsed:      167760 kB
VmallocChunk:          0 kB
Percpu:            18752 kB
HardwareCorrupted:     0 kB
AnonHugePages:         0 kB
ShmemHugePages:        0 kB
ShmemPmdMapped:        0 kB
FileHugePages:         0 kB
FilePmdMapped:         0 kB
Unaccepted:            0 kB
HugePages_Total:       0
HugePages_Free:        0
HugePages_Rsvd:        0
HugePages_Surp:        0
Hugepagesize:       2048 kB
Hugetlb:               0 kB
DirectMap4k:     1896936 kB
DirectMap2M:    17229824 kB
DirectMap1G:    14680064 kB

/sys/kernel/mm/transparent_hugepage/enabled: always [madvise] never
/sys/kernel/mm/transparent_hugepage/hpage_pmd_size: 2097152
/sys/kernel/mm/transparent_hugepage/shmem_enabled: always within_size advise [never] deny force
/sys/kernel/mm/transparent_hugepage/defrag (defrag/compaction efforts parameter): always defer defer+madvise [madvise] never

Process Memory:
Virtual Size: 16509928K (peak: 16509928K)
Resident Set Size: 351244K (peak: 351244K) (anon: 192192K, file: 150860K, shmem: 8192K)
Swapped out: 0K
C-Heap outstanding allocations: 263887K, retained: 3812K
glibc malloc tunables: (default)

/proc/sys/kernel/threads-max (system-wide limit on the number of threads): 250027
/proc/sys/vm/max_map_count (maximum number of memory map areas a process may have): 1048576
/proc/sys/vm/swappiness (control to define how aggressively the kernel swaps out anonymous memory): 60
/proc/sys/kernel/pid_max (system-wide limit on number of process identifiers): 4194304

container (cgroup) information:
container_type: cgroupv2
cpu_cpuset_cpus: not supported
cpu_memory_nodes: not supported
active_processor_count: 16
cpu_quota: not supported
cpu_period: not supported
cpu_shares: not supported
memory_limit_in_bytes: unlimited
memory_and_swap_limit_in_bytes: unlimited
memory_soft_limit_in_bytes: unlimited
memory_usage_in_bytes: 3083264 k
memory_max_usage_in_bytes: not supported
memory_swap_current_in_bytes: unlimited
memory_swap_max_limit_in_bytes: unlimited
maximum number of tasks: 37504
current number of tasks: 126

Steal ticks since vm start: 0
Steal ticks percentage since vm start:  0.000

CPU: total 16 (initial active 16) (16 cores per cpu, 2 threads per core) family 25 model 68 stepping 1 microcode 0xa404101, cx8, cmov, fxsr, ht, mmx, 3dnowpref, sse, sse2, sse3, ssse3, sse4a, sse4.1, sse4.2, popcnt, lzcnt, tsc, tscinvbit, avx, avx2, aes, clmul, bmi1, bmi2, adx, sha, fma, vzeroupper, clflush, clflushopt, rdtscp, rdpid, f16c, pku, ospke, cet_ss
CPU Model and flags from /proc/cpuinfo:
model name	: AMD Ryzen 9 6900HS with Radeon Graphics
flags		: fpu vme de pse tsc msr pae mce cx8 apic sep mtrr pge mca cmov pat pse36 clflush mmx fxsr sse sse2 ht syscall nx mmxext fxsr_opt pdpe1gb rdtscp lm constant_tsc rep_good nopl nonstop_tsc cpuid extd_apicid aperfmperf rapl pni pclmulqdq monitor ssse3 fma cx16 sse4_1 sse4_2 x2apic movbe popcnt aes xsave avx f16c rdrand lahf_lm cmp_legacy svm extapic cr8_legacy abm sse4a misalignsse 3dnowprefetch osvw ibs skinit wdt tce topoext perfctr_core perfctr_nb bpext perfctr_llc mwaitx cpb cat_l3 cdp_l3 hw_pstate ssbd mba ibrs ibpb stibp vmmcall fsgsbase bmi1 avx2 smep bmi2 invpcid cqm rdt_a rdseed adx smap clflushopt clwb sha_ni xsaveopt xsavec xgetbv1 xsaves cqm_llc cqm_occup_llc cqm_mbm_total cqm_mbm_local user_shstk clzero irperf xsaveerptr rdpru wbnoinvd cppc arat npt lbrv svm_lock nrip_save tsc_scale vmcb_clean flushbyasid decodeassists pausefilter pfthreshold avic v_vmsave_vmload vgif v_spec_ctrl umip pku ospke vaes vpclmulqdq rdpid overflow_recov succor smca debug_swap

Online cpus: 0-15
Offline cpus: 
BIOS frequency limitation: <Not Available>
Frequency switch latency (ns): 0
Available cpu frequencies: <Not Available>
Current governor: powersave
Core performance/turbo boost: <Not Available>

Memory: 4k page, physical 32074664k(24096448k free), swap 2097148k(2097148k free)
Page Sizes: 4k

vm_info: Java HotSpot(TM) 64-Bit Server VM (22.0.2+9-70) for linux-amd64 JRE (22.0.2+9-70), built on 2024-06-04T16:52:23Z by "mach5one" with gcc 13.2.0

END.
