#
# A fatal error has been detected by the Java Runtime Environment:
#
#  SIGSEGV (0xb) at pc=0x000078e0930d1bb8, pid=10241, tid=10246
#
# JRE version: Java(TM) SE Runtime Environment (22.0.2+9) (build 22.0.2+9-70)
# Java VM: Java HotSpot(TM) 64-Bit Server VM (22.0.2+9-70, mixed mode, sharing, tiered, compressed oops, compressed class ptrs, g1 gc, linux-amd64)
# Problematic frame:
# C  [libcublas.so.10+0xd1bb8]
#
# Core dump will be written. Default location: Core dumps may be processed with "/usr/share/apport/apport -p%p -s%s -c%c -d%d -P%P -u%u -g%g -- %E" (or dumping to /home/edov/projects/JCudaWrapper/core.10241)
#
# If you would like to submit a bug report, please visit:
#   https://bugreport.java.com/bugreport/crash.jsp
# The crash happened outside the Java Virtual Machine in native code.
# See problematic frame for where to report the bug.
#

---------------  S U M M A R Y ------------

Command Line: -Dfile.encoding=UTF-8 --module-path=/home/edov/projects/JCudaWrapper/build/classes main.VectorTest

Host: AMD Ryzen 9 6900HS with Radeon Graphics, 16 cores, 30G, Ubuntu 24.04.1 LTS
Time: Tue Sep 17 08:36:30 2024 IDT elapsed time: 0.548772 seconds (0d 0h 0m 0s)

---------------  T H R E A D  ---------------

Current thread (0x000078e16c02d4c0):  JavaThread "main"             [_thread_in_native, id=10246, stack(0x000078e170f00000,0x000078e171000000) (1024K)]

Stack: [0x000078e170f00000,0x000078e171000000],  sp=0x000078e170ffe300,  free space=1016k
Native frames: (J=compiled Java code, j=interpreted, Vv=VM code, C=native code)
C  [libcublas.so.10+0xd1bb8]
Java frames: (J=compiled Java code, j=interpreted, Vv=VM code)
j  jcuda.jcublas.JCublas2.cublasDnrm2Native(Ljcuda/jcublas/cublasHandle;ILjcuda/Pointer;ILjcuda/Pointer;)I+0
j  jcuda.jcublas.JCublas2.cublasDnrm2(Ljcuda/jcublas/cublasHandle;ILjcuda/Pointer;ILjcuda/Pointer;)I+6
j  storage.DArray.norm(LprocessSupport/Handle;IILstorage/DSingleton;)Lstorage/DSingleton;+31
j  storage.DArray.norm(LprocessSupport/Handle;II)Lstorage/DSingleton;+11
j  algebra.Vector.getNorm()D+16
j  algebra.Vector.equals(Lalgebra/Vector;D)Z+5
j  algebra.Vector.equals(Lalgebra/Vector;)Z+5
j  main.VectorTest.main([Ljava/lang/String;)V+147
v  ~StubRoutines::call_stub 0x000078e15c05fcc6

siginfo: si_signo: 11 (SIGSEGV), si_code: 2 (SEGV_ACCERR), si_addr: 0x000078e048e21000

Registers:
RAX=0x0000000000000000, RBX=0x0000000000000001, RCX=0x0000000000000001, RDX=0x0000000000000007
RSP=0x000078e170ffe300, RBP=0x0000000000000006, RSI=0x0000000000000006, RDI=0x000078e04fb40280
R8 =0x000078e048e21000, R9 =0x0000000634ce52e0, R10=0x000078e093004380, R11=0x000078e0930cb5b0
R12=0x000078e04fb40280, R13=0x0000000000000001, R14=0x000078e048e21000, R15=0x000078e048e20e00
RIP=0x000078e0930d1bb8, EFLAGS=0x0000000000010206, CSGSFS=0x002b000000000033, ERR=0x0000000000000006
  TRAPNO=0x000000000000000e


Register to memory mapping:

RAX=0x0 is null
RBX=0x0000000000000001 is an unknown value
RCX=0x0000000000000001 is an unknown value
RDX=0x0000000000000007 is an unknown value
RSP=0x000078e170ffe300 is pointing into the stack for thread: 0x000078e16c02d4c0
RBP=0x0000000000000006 is an unknown value
RSI=0x0000000000000006 is an unknown value
RDI=0x000078e04fb40280 points into unknown readable memory: 0x7fffffff00000200 | 00 02 00 00 ff ff ff 7f
R8 =0x000078e048e21000 is an unknown value
R9 =0x0000000634ce52e0 is an oop: jcuda.driver.CUdeviceptr 
{0x0000000634ce52e0} - klass: 'jcuda/driver/CUdeviceptr'
 - ---- fields (total size 5 words):
 - private 'nativePointer' 'J' @16  132904690782208 (0x000078e048e21000)
 - private 'buffer' 'Ljava/nio/Buffer;' @12  null (0x00000000)
 - private 'byteOffset' 'J' @24  0 (0x0000000000000000)
 - private 'pointers' '[Ljcuda/NativePointerObject;' @32  null (0x00000000)
R10=0x000078e093004380: <offset 0x0000000000004380> in /lib/x86_64-linux-gnu/libcublas.so.10 at 0x000078e093000000
R11=0x000078e0930cb5b0: cublasDnrm2_v2+0x0000000000000000 in /lib/x86_64-linux-gnu/libcublas.so.10 at 0x000078e093000000
R12=0x000078e04fb40280 points into unknown readable memory: 0x7fffffff00000200 | 00 02 00 00 ff ff ff 7f
R13=0x0000000000000001 is an unknown value
R14=0x000078e048e21000 is an unknown value
R15=0x000078e048e20e00 is an unknown value

Top of Stack: (sp=0x000078e170ffe300)
0x000078e170ffe300:   636170612f67726f 0000000000000000
0x000078e170ffe310:   70612f67726f4c28 000078e048e20e00
0x000078e170ffe320:   2020202020202020 0000000000000000
0x000078e170ffe330:   0000000000000000 0000000000000000
0x000078e170ffe340:   0000000000000000 0000000000000000
0x000078e170ffe350:   0000000000000000 0000000000000000
0x000078e170ffe360:   000078e1480dd680 000000066c02e050
0x000078e170ffe370:   000078e170ffe3a0 000078e171cd14d8
0x000078e170ffe380:   000078e16c145460 c79d9b8d7d4b1700
0x000078e170ffe390:   0000000000000001 000078e170ffe668
0x000078e170ffe3a0:   000078e048e21000 000078e16c02d880
0x000078e170ffe3b0:   000078e170ffe658 0000000634ce52e0
0x000078e170ffe3c0:   0000000000000002 8000000000000006
0x000078e170ffe3d0:   0000000000000000 0000000000000000
0x000078e170ffe3e0:   0000000000000000 0000000000000000
0x000078e170ffe3f0:   0000000000000000 0000000000000000
0x000078e170ffe400:   000078e16c02e128 000078e04507df20
0x000078e170ffe410:   0000000000000000 000078e0e040a588
0x000078e170ffe420:   000078e170ffe440 000078e1480bdfc5
0x000078e170ffe430:   000078e170ffe648 000078e0e040a588
0x000078e170ffe440:   000078e170ffe5a0 0000000000000000
0x000078e170ffe450:   000078e0e040a588 000078e170ffe668
0x000078e170ffe460:   000078e048e20e00 000078e0930cb5fe
0x000078e170ffe470:   000078e170ffe4a0 000078e04fb40280
0x000078e170ffe480:   000078e170ffe4a0 000078e048e21000
0x000078e170ffe490:   0000000600000001 000078e04fb40280
0x000078e170ffe4a0:   000078e170ffe520 000078e1480beac8
0x000078e170ffe4b0:   000078e170ffe648 000078e16c02d880
0x000078e170ffe4c0:   000078e16c02d400 0000010000000062
0x000078e170ffe4d0:   000078e170ffe658 000078e16c02d880
0x000078e170ffe4e0:   0000000000000000 000078e1480bedc5
0x000078e170ffe4f0:   0000000000000000 000078e0e040a588 

Instructions: (pc=0x000078e0930d1bb8)
0x000078e0930d1ab8:   ff 4c 8b 8c 24 18 01 00 00 48 8b b4 24 c0 00 00
0x000078e0930d1ac8:   00 48 89 ef 8b 94 24 c8 00 00 00 48 8b 8c 24 b0
0x000078e0930d1ad8:   00 00 00 44 8b 84 24 b8 00 00 00 4c 8b 9c 24 10
0x000078e0930d1ae8:   01 00 00 4c 89 0c 24 4c 8d 8c 24 20 01 00 00 48
0x000078e0930d1af8:   89 b4 24 90 00 00 00 89 94 24 98 00 00 00 48 89
0x000078e0930d1b08:   8c 24 a0 00 00 00 44 89 84 24 a8 00 00 00 4c 89
0x000078e0930d1b18:   5c 24 08 e8 80 bb 50 00 e9 6d fe ff ff 48 03 9c
0x000078e0930d1b28:   24 28 01 00 00 4d 8b 44 24 48 b9 03 00 00 00 ba
0x000078e0930d1b38:   08 00 00 00 4c 89 f7 48 89 de e8 f9 e5 50 00 e9
0x000078e0930d1b48:   9a fe ff ff 90 90 90 90 48 89 6c 24 d8 4c 89 64
0x000078e0930d1b58:   24 e0 89 f5 4c 89 6c 24 e8 4c 89 74 24 f0 49 89
0x000078e0930d1b68:   fc 48 89 5c 24 d0 4c 89 7c 24 f8 48 81 ec 68 01
0x000078e0930d1b78:   00 00 48 85 ff 48 89 54 24 18 41 89 cd 4d 89 c6
0x000078e0930d1b88:   0f 84 85 01 00 00 8b 5f 38 85 db 0f 84 7a 01 00
0x000078e0930d1b98:   00 4d 85 c0 ba 07 00 00 00 0f 84 ff 00 00 00 8b
0x000078e0930d1ba8:   47 50 85 c0 89 44 24 2c 0f 85 2a 01 00 00 85 f6
0x000078e0930d1bb8:   49 c7 00 00 00 00 00 0f 8e 4a 01 00 00 85 c9 0f
0x000078e0930d1bc8:   8e 42 01 00 00 48 8b 35 94 83 bd 04 31 c9 4c 89
0x000078e0930d1bd8:   e7 48 89 f2 48 89 74 24 10 be 80 00 00 00 e8 d5
0x000078e0930d1be8:   39 fe ff 85 c0 ba 0d 00 00 00 0f 8e ae 00 00 00
0x000078e0930d1bf8:   39 e8 41 89 ef 49 8d 54 24 78 44 0f 4e f8 42 8d
0x000078e0930d1c08:   1c fd 08 00 00 00 48 89 d7 48 89 54 24 20 e8 75
0x000078e0930d1c18:   88 f5 ff 39 c3 0f 8f ca 01 00 00 48 8b 7c 24 20
0x000078e0930d1c28:   48 8d b4 24 28 01 00 00 89 da e8 79 91 f5 ff 85
0x000078e0930d1c38:   c0 89 c2 75 69 48 63 d3 48 c7 44 24 70 00 00 00
0x000078e0930d1c48:   00 48 c7 44 24 78 00 00 00 00 48 81 fa ff ff 00
0x000078e0930d1c58:   00 48 c7 84 24 80 00 00 00 00 00 00 00 48 c7 84
0x000078e0930d1c68:   24 88 00 00 00 00 00 00 00 49 8b 4c 24 48 48 8b
0x000078e0930d1c78:   bc 24 28 01 00 00 0f 87 9c 00 00 00 49 8d b4 24
0x000078e0930d1c88:   d8 00 00 00 49 89 c8 b9 01 00 00 00 e8 a7 e4 50
0x000078e0930d1c98:   00 85 c0 0f 84 8e 00 00 00 ba 0e 00 00 00 48 8b
0x000078e0930d1ca8:   9c 24 38 01 00 00 48 8b ac 24 40 01 00 00 89 d0 


Stack slot to memory mapping:

stack at sp + 0 slots: 0x636170612f67726f is an unknown value
stack at sp + 1 slots: 0x0 is null
stack at sp + 2 slots: 0x70612f67726f4c28 is an unknown value
stack at sp + 3 slots: 0x000078e048e20e00 is an unknown value
stack at sp + 4 slots: 0x2020202020202020 is an unknown value
stack at sp + 5 slots: 0x0 is null
stack at sp + 6 slots: 0x0 is null
stack at sp + 7 slots: 0x0 is null


---------------  P R O C E S S  ---------------

Threads class SMR info:
_java_thread_list=0x000078e045072b80, length=12, elements={
0x000078e16c02d4c0, 0x000078e16c14c580, 0x000078e16c14dbd0, 0x000078e16c14f6b0,
0x000078e16c150cf0, 0x000078e16c152290, 0x000078e16c153e30, 0x000078e16c155540,
0x000078e16c174a10, 0x000078e0b001ed70, 0x000078e16c1b75f0, 0x000078e045072280
}

Java Threads: ( => current thread )
=>0x000078e16c02d4c0 JavaThread "main"                              [_thread_in_native, id=10246, stack(0x000078e170f00000,0x000078e171000000) (1024K)]
  0x000078e16c14c580 JavaThread "Reference Handler"          daemon [_thread_blocked, id=10254, stack(0x000078e143300000,0x000078e143400000) (1024K)]
  0x000078e16c14dbd0 JavaThread "Finalizer"                  daemon [_thread_blocked, id=10255, stack(0x000078e143200000,0x000078e143300000) (1024K)]
  0x000078e16c14f6b0 JavaThread "Signal Dispatcher"          daemon [_thread_blocked, id=10256, stack(0x000078e143100000,0x000078e143200000) (1024K)]
  0x000078e16c150cf0 JavaThread "Service Thread"             daemon [_thread_blocked, id=10257, stack(0x000078e143000000,0x000078e143100000) (1024K)]
  0x000078e16c152290 JavaThread "Monitor Deflation Thread"   daemon [_thread_blocked, id=10258, stack(0x000078e142f00000,0x000078e143000000) (1024K)]
  0x000078e16c153e30 JavaThread "C2 CompilerThread0"         daemon [_thread_blocked, id=10259, stack(0x000078e142e00000,0x000078e142f00000) (1024K)]
  0x000078e16c155540 JavaThread "C1 CompilerThread0"         daemon [_thread_blocked, id=10260, stack(0x000078e142d00000,0x000078e142e00000) (1024K)]
  0x000078e16c174a10 JavaThread "Common-Cleaner"             daemon [_thread_blocked, id=10261, stack(0x000078e142c00000,0x000078e142d00000) (1024K)]
  0x000078e0b001ed70 JavaThread "C1 CompilerThread1"         daemon [_thread_blocked, id=10262, stack(0x000078e142b00000,0x000078e142c00000) (1024K)]
  0x000078e16c1b75f0 JavaThread "Notification Thread"        daemon [_thread_blocked, id=10263, stack(0x000078e142a00000,0x000078e142b00000) (1024K)]
  0x000078e045072280 JavaThread "pool-1-thread-1"            daemon [_thread_blocked, id=10271, stack(0x000078e142900000,0x000078e142a00000) (1024K)]
Total: 12

Other Threads:
  0x000078e16c13ee40 VMThread "VM Thread"                           [id=10253, stack(0x000078e1439fb000,0x000078e143afb000) (1024K)]
  0x000078e16c124940 WatcherThread "VM Periodic Task Thread"        [id=10252, stack(0x000078e143afc000,0x000078e143bfc000) (1024K)]
  0x000078e16c058c90 WorkerThread "GC Thread#0"                     [id=10247, stack(0x000078e14af00000,0x000078e14b000000) (1024K)]
  0x000078e16c069790 ConcurrentGCThread "G1 Main Marker"            [id=10248, stack(0x000078e14adff000,0x000078e14aeff000) (1024K)]
  0x000078e16c06a730 WorkerThread "G1 Conc#0"                       [id=10249, stack(0x000078e14acfe000,0x000078e14adfe000) (1024K)]
  0x000078e16c112270 ConcurrentGCThread "G1 Refine#0"               [id=10250, stack(0x000078e143cfe000,0x000078e143dfe000) (1024K)]
  0x000078e16c113230 ConcurrentGCThread "G1 Service"                [id=10251, stack(0x000078e143bfd000,0x000078e143cfd000) (1024K)]
Total: 7

Threads with active compile tasks:
Total: 0

VM state: not at safepoint (normal execution)

VM Mutex/Monitor currently owned by a thread: None

Heap address: 0x0000000616800000, size: 7832 MB, Compressed Oops mode: Zero based, Oop shift amount: 3

CDS archive(s) mapped at: [0x000078e0ea000000-0x000078e0eac7a000-0x000078e0eac7a000), size 13082624, SharedBaseAddress: 0x000078e0ea000000, ArchiveRelocationMode: 1.
Compressed class space mapped at: 0x000078e0eb000000-0x000078e12b000000, reserved size: 1073741824
Narrow klass base: 0x000078e0ea000000, Narrow klass shift: 0, Narrow klass range: 0x100000000

GC Precious Log:
 CardTable entry size: 512
 Card Set container configuration: InlinePtr #cards 4 size 8 Array Of Cards #cards 32 size 80 Howl #buckets 8 coarsen threshold 7372 Howl Bitmap #cards 1024 size 144 coarsen threshold 921 Card regions per heap region 1 cards per card region 8192
 CPUs: 16 total, 16 available
 Memory: 31322M
 Large Page Support: Disabled
 NUMA Support: Disabled
 Compressed Oops: Enabled (Zero based)
 Heap Region Size: 4M
 Heap Min Capacity: 8M
 Heap Initial Capacity: 492M
 Heap Max Capacity: 7832M
 Pre-touch: Disabled
 Parallel Workers: 13
 Concurrent Workers: 3
 Concurrent Refinement Workers: 13
 Periodic GC: Disabled

Heap:
 garbage-first heap   total reserved 8019968K, committed 507904K, used 5155K [0x0000000616800000, 0x0000000800000000)
  region size 4096K, 2 young (8192K), 0 survivors (0K)
 Metaspace       used 1224K, committed 1344K, reserved 1114112K
  class space    used 93K, committed 128K, reserved 1048576K

Heap Regions: E=young(eden), S=young(survivor), O=old, HS=humongous(starts), HC=humongous(continues), CS=collection set, F=free, TAMS=top-at-mark-start, PB=parsable bottom
|   0|0x0000000616800000, 0x0000000616800000, 0x0000000616c00000|  0%| F|  |TAMS 0x0000000616800000| PB 0x0000000616800000| Untracked |  0
|   1|0x0000000616c00000, 0x0000000616c00000, 0x0000000617000000|  0%| F|  |TAMS 0x0000000616c00000| PB 0x0000000616c00000| Untracked |  0
|   2|0x0000000617000000, 0x0000000617000000, 0x0000000617400000|  0%| F|  |TAMS 0x0000000617000000| PB 0x0000000617000000| Untracked |  0
|   3|0x0000000617400000, 0x0000000617400000, 0x0000000617800000|  0%| F|  |TAMS 0x0000000617400000| PB 0x0000000617400000| Untracked |  0
|   4|0x0000000617800000, 0x0000000617800000, 0x0000000617c00000|  0%| F|  |TAMS 0x0000000617800000| PB 0x0000000617800000| Untracked |  0
|   5|0x0000000617c00000, 0x0000000617c00000, 0x0000000618000000|  0%| F|  |TAMS 0x0000000617c00000| PB 0x0000000617c00000| Untracked |  0
|   6|0x0000000618000000, 0x0000000618000000, 0x0000000618400000|  0%| F|  |TAMS 0x0000000618000000| PB 0x0000000618000000| Untracked |  0
|   7|0x0000000618400000, 0x0000000618400000, 0x0000000618800000|  0%| F|  |TAMS 0x0000000618400000| PB 0x0000000618400000| Untracked |  0
|   8|0x0000000618800000, 0x0000000618800000, 0x0000000618c00000|  0%| F|  |TAMS 0x0000000618800000| PB 0x0000000618800000| Untracked |  0
|   9|0x0000000618c00000, 0x0000000618c00000, 0x0000000619000000|  0%| F|  |TAMS 0x0000000618c00000| PB 0x0000000618c00000| Untracked |  0
|  10|0x0000000619000000, 0x0000000619000000, 0x0000000619400000|  0%| F|  |TAMS 0x0000000619000000| PB 0x0000000619000000| Untracked |  0
|  11|0x0000000619400000, 0x0000000619400000, 0x0000000619800000|  0%| F|  |TAMS 0x0000000619400000| PB 0x0000000619400000| Untracked |  0
|  12|0x0000000619800000, 0x0000000619800000, 0x0000000619c00000|  0%| F|  |TAMS 0x0000000619800000| PB 0x0000000619800000| Untracked |  0
|  13|0x0000000619c00000, 0x0000000619c00000, 0x000000061a000000|  0%| F|  |TAMS 0x0000000619c00000| PB 0x0000000619c00000| Untracked |  0
|  14|0x000000061a000000, 0x000000061a000000, 0x000000061a400000|  0%| F|  |TAMS 0x000000061a000000| PB 0x000000061a000000| Untracked |  0
|  15|0x000000061a400000, 0x000000061a400000, 0x000000061a800000|  0%| F|  |TAMS 0x000000061a400000| PB 0x000000061a400000| Untracked |  0
|  16|0x000000061a800000, 0x000000061a800000, 0x000000061ac00000|  0%| F|  |TAMS 0x000000061a800000| PB 0x000000061a800000| Untracked |  0
|  17|0x000000061ac00000, 0x000000061ac00000, 0x000000061b000000|  0%| F|  |TAMS 0x000000061ac00000| PB 0x000000061ac00000| Untracked |  0
|  18|0x000000061b000000, 0x000000061b000000, 0x000000061b400000|  0%| F|  |TAMS 0x000000061b000000| PB 0x000000061b000000| Untracked |  0
|  19|0x000000061b400000, 0x000000061b400000, 0x000000061b800000|  0%| F|  |TAMS 0x000000061b400000| PB 0x000000061b400000| Untracked |  0
|  20|0x000000061b800000, 0x000000061b800000, 0x000000061bc00000|  0%| F|  |TAMS 0x000000061b800000| PB 0x000000061b800000| Untracked |  0
|  21|0x000000061bc00000, 0x000000061bc00000, 0x000000061c000000|  0%| F|  |TAMS 0x000000061bc00000| PB 0x000000061bc00000| Untracked |  0
|  22|0x000000061c000000, 0x000000061c000000, 0x000000061c400000|  0%| F|  |TAMS 0x000000061c000000| PB 0x000000061c000000| Untracked |  0
|  23|0x000000061c400000, 0x000000061c400000, 0x000000061c800000|  0%| F|  |TAMS 0x000000061c400000| PB 0x000000061c400000| Untracked |  0
|  24|0x000000061c800000, 0x000000061c800000, 0x000000061cc00000|  0%| F|  |TAMS 0x000000061c800000| PB 0x000000061c800000| Untracked |  0
|  25|0x000000061cc00000, 0x000000061cc00000, 0x000000061d000000|  0%| F|  |TAMS 0x000000061cc00000| PB 0x000000061cc00000| Untracked |  0
|  26|0x000000061d000000, 0x000000061d000000, 0x000000061d400000|  0%| F|  |TAMS 0x000000061d000000| PB 0x000000061d000000| Untracked |  0
|  27|0x000000061d400000, 0x000000061d400000, 0x000000061d800000|  0%| F|  |TAMS 0x000000061d400000| PB 0x000000061d400000| Untracked |  0
|  28|0x000000061d800000, 0x000000061d800000, 0x000000061dc00000|  0%| F|  |TAMS 0x000000061d800000| PB 0x000000061d800000| Untracked |  0
|  29|0x000000061dc00000, 0x000000061dc00000, 0x000000061e000000|  0%| F|  |TAMS 0x000000061dc00000| PB 0x000000061dc00000| Untracked |  0
|  30|0x000000061e000000, 0x000000061e000000, 0x000000061e400000|  0%| F|  |TAMS 0x000000061e000000| PB 0x000000061e000000| Untracked |  0
|  31|0x000000061e400000, 0x000000061e400000, 0x000000061e800000|  0%| F|  |TAMS 0x000000061e400000| PB 0x000000061e400000| Untracked |  0
|  32|0x000000061e800000, 0x000000061e800000, 0x000000061ec00000|  0%| F|  |TAMS 0x000000061e800000| PB 0x000000061e800000| Untracked |  0
|  33|0x000000061ec00000, 0x000000061ec00000, 0x000000061f000000|  0%| F|  |TAMS 0x000000061ec00000| PB 0x000000061ec00000| Untracked |  0
|  34|0x000000061f000000, 0x000000061f000000, 0x000000061f400000|  0%| F|  |TAMS 0x000000061f000000| PB 0x000000061f000000| Untracked |  0
|  35|0x000000061f400000, 0x000000061f400000, 0x000000061f800000|  0%| F|  |TAMS 0x000000061f400000| PB 0x000000061f400000| Untracked |  0
|  36|0x000000061f800000, 0x000000061f800000, 0x000000061fc00000|  0%| F|  |TAMS 0x000000061f800000| PB 0x000000061f800000| Untracked |  0
|  37|0x000000061fc00000, 0x000000061fc00000, 0x0000000620000000|  0%| F|  |TAMS 0x000000061fc00000| PB 0x000000061fc00000| Untracked |  0
|  38|0x0000000620000000, 0x0000000620000000, 0x0000000620400000|  0%| F|  |TAMS 0x0000000620000000| PB 0x0000000620000000| Untracked |  0
|  39|0x0000000620400000, 0x0000000620400000, 0x0000000620800000|  0%| F|  |TAMS 0x0000000620400000| PB 0x0000000620400000| Untracked |  0
|  40|0x0000000620800000, 0x0000000620800000, 0x0000000620c00000|  0%| F|  |TAMS 0x0000000620800000| PB 0x0000000620800000| Untracked |  0
|  41|0x0000000620c00000, 0x0000000620c00000, 0x0000000621000000|  0%| F|  |TAMS 0x0000000620c00000| PB 0x0000000620c00000| Untracked |  0
|  42|0x0000000621000000, 0x0000000621000000, 0x0000000621400000|  0%| F|  |TAMS 0x0000000621000000| PB 0x0000000621000000| Untracked |  0
|  43|0x0000000621400000, 0x0000000621400000, 0x0000000621800000|  0%| F|  |TAMS 0x0000000621400000| PB 0x0000000621400000| Untracked |  0
|  44|0x0000000621800000, 0x0000000621800000, 0x0000000621c00000|  0%| F|  |TAMS 0x0000000621800000| PB 0x0000000621800000| Untracked |  0
|  45|0x0000000621c00000, 0x0000000621c00000, 0x0000000622000000|  0%| F|  |TAMS 0x0000000621c00000| PB 0x0000000621c00000| Untracked |  0
|  46|0x0000000622000000, 0x0000000622000000, 0x0000000622400000|  0%| F|  |TAMS 0x0000000622000000| PB 0x0000000622000000| Untracked |  0
|  47|0x0000000622400000, 0x0000000622400000, 0x0000000622800000|  0%| F|  |TAMS 0x0000000622400000| PB 0x0000000622400000| Untracked |  0
|  48|0x0000000622800000, 0x0000000622800000, 0x0000000622c00000|  0%| F|  |TAMS 0x0000000622800000| PB 0x0000000622800000| Untracked |  0
|  49|0x0000000622c00000, 0x0000000622c00000, 0x0000000623000000|  0%| F|  |TAMS 0x0000000622c00000| PB 0x0000000622c00000| Untracked |  0
|  50|0x0000000623000000, 0x0000000623000000, 0x0000000623400000|  0%| F|  |TAMS 0x0000000623000000| PB 0x0000000623000000| Untracked |  0
|  51|0x0000000623400000, 0x0000000623400000, 0x0000000623800000|  0%| F|  |TAMS 0x0000000623400000| PB 0x0000000623400000| Untracked |  0
|  52|0x0000000623800000, 0x0000000623800000, 0x0000000623c00000|  0%| F|  |TAMS 0x0000000623800000| PB 0x0000000623800000| Untracked |  0
|  53|0x0000000623c00000, 0x0000000623c00000, 0x0000000624000000|  0%| F|  |TAMS 0x0000000623c00000| PB 0x0000000623c00000| Untracked |  0
|  54|0x0000000624000000, 0x0000000624000000, 0x0000000624400000|  0%| F|  |TAMS 0x0000000624000000| PB 0x0000000624000000| Untracked |  0
|  55|0x0000000624400000, 0x0000000624400000, 0x0000000624800000|  0%| F|  |TAMS 0x0000000624400000| PB 0x0000000624400000| Untracked |  0
|  56|0x0000000624800000, 0x0000000624800000, 0x0000000624c00000|  0%| F|  |TAMS 0x0000000624800000| PB 0x0000000624800000| Untracked |  0
|  57|0x0000000624c00000, 0x0000000624c00000, 0x0000000625000000|  0%| F|  |TAMS 0x0000000624c00000| PB 0x0000000624c00000| Untracked |  0
|  58|0x0000000625000000, 0x0000000625000000, 0x0000000625400000|  0%| F|  |TAMS 0x0000000625000000| PB 0x0000000625000000| Untracked |  0
|  59|0x0000000625400000, 0x0000000625400000, 0x0000000625800000|  0%| F|  |TAMS 0x0000000625400000| PB 0x0000000625400000| Untracked |  0
|  60|0x0000000625800000, 0x0000000625800000, 0x0000000625c00000|  0%| F|  |TAMS 0x0000000625800000| PB 0x0000000625800000| Untracked |  0
|  61|0x0000000625c00000, 0x0000000625c00000, 0x0000000626000000|  0%| F|  |TAMS 0x0000000625c00000| PB 0x0000000625c00000| Untracked |  0
|  62|0x0000000626000000, 0x0000000626000000, 0x0000000626400000|  0%| F|  |TAMS 0x0000000626000000| PB 0x0000000626000000| Untracked |  0
|  63|0x0000000626400000, 0x0000000626400000, 0x0000000626800000|  0%| F|  |TAMS 0x0000000626400000| PB 0x0000000626400000| Untracked |  0
|  64|0x0000000626800000, 0x0000000626800000, 0x0000000626c00000|  0%| F|  |TAMS 0x0000000626800000| PB 0x0000000626800000| Untracked |  0
|  65|0x0000000626c00000, 0x0000000626c00000, 0x0000000627000000|  0%| F|  |TAMS 0x0000000626c00000| PB 0x0000000626c00000| Untracked |  0
|  66|0x0000000627000000, 0x0000000627000000, 0x0000000627400000|  0%| F|  |TAMS 0x0000000627000000| PB 0x0000000627000000| Untracked |  0
|  67|0x0000000627400000, 0x0000000627400000, 0x0000000627800000|  0%| F|  |TAMS 0x0000000627400000| PB 0x0000000627400000| Untracked |  0
|  68|0x0000000627800000, 0x0000000627800000, 0x0000000627c00000|  0%| F|  |TAMS 0x0000000627800000| PB 0x0000000627800000| Untracked |  0
|  69|0x0000000627c00000, 0x0000000627c00000, 0x0000000628000000|  0%| F|  |TAMS 0x0000000627c00000| PB 0x0000000627c00000| Untracked |  0
|  70|0x0000000628000000, 0x0000000628000000, 0x0000000628400000|  0%| F|  |TAMS 0x0000000628000000| PB 0x0000000628000000| Untracked |  0
|  71|0x0000000628400000, 0x0000000628400000, 0x0000000628800000|  0%| F|  |TAMS 0x0000000628400000| PB 0x0000000628400000| Untracked |  0
|  72|0x0000000628800000, 0x0000000628800000, 0x0000000628c00000|  0%| F|  |TAMS 0x0000000628800000| PB 0x0000000628800000| Untracked |  0
|  73|0x0000000628c00000, 0x0000000628c00000, 0x0000000629000000|  0%| F|  |TAMS 0x0000000628c00000| PB 0x0000000628c00000| Untracked |  0
|  74|0x0000000629000000, 0x0000000629000000, 0x0000000629400000|  0%| F|  |TAMS 0x0000000629000000| PB 0x0000000629000000| Untracked |  0
|  75|0x0000000629400000, 0x0000000629400000, 0x0000000629800000|  0%| F|  |TAMS 0x0000000629400000| PB 0x0000000629400000| Untracked |  0
|  76|0x0000000629800000, 0x0000000629800000, 0x0000000629c00000|  0%| F|  |TAMS 0x0000000629800000| PB 0x0000000629800000| Untracked |  0
|  77|0x0000000629c00000, 0x0000000629c00000, 0x000000062a000000|  0%| F|  |TAMS 0x0000000629c00000| PB 0x0000000629c00000| Untracked |  0
|  78|0x000000062a000000, 0x000000062a000000, 0x000000062a400000|  0%| F|  |TAMS 0x000000062a000000| PB 0x000000062a000000| Untracked |  0
|  79|0x000000062a400000, 0x000000062a400000, 0x000000062a800000|  0%| F|  |TAMS 0x000000062a400000| PB 0x000000062a400000| Untracked |  0
|  80|0x000000062a800000, 0x000000062a800000, 0x000000062ac00000|  0%| F|  |TAMS 0x000000062a800000| PB 0x000000062a800000| Untracked |  0
|  81|0x000000062ac00000, 0x000000062ac00000, 0x000000062b000000|  0%| F|  |TAMS 0x000000062ac00000| PB 0x000000062ac00000| Untracked |  0
|  82|0x000000062b000000, 0x000000062b000000, 0x000000062b400000|  0%| F|  |TAMS 0x000000062b000000| PB 0x000000062b000000| Untracked |  0
|  83|0x000000062b400000, 0x000000062b400000, 0x000000062b800000|  0%| F|  |TAMS 0x000000062b400000| PB 0x000000062b400000| Untracked |  0
|  84|0x000000062b800000, 0x000000062b800000, 0x000000062bc00000|  0%| F|  |TAMS 0x000000062b800000| PB 0x000000062b800000| Untracked |  0
|  85|0x000000062bc00000, 0x000000062bc00000, 0x000000062c000000|  0%| F|  |TAMS 0x000000062bc00000| PB 0x000000062bc00000| Untracked |  0
|  86|0x000000062c000000, 0x000000062c000000, 0x000000062c400000|  0%| F|  |TAMS 0x000000062c000000| PB 0x000000062c000000| Untracked |  0
|  87|0x000000062c400000, 0x000000062c400000, 0x000000062c800000|  0%| F|  |TAMS 0x000000062c400000| PB 0x000000062c400000| Untracked |  0
|  88|0x000000062c800000, 0x000000062c800000, 0x000000062cc00000|  0%| F|  |TAMS 0x000000062c800000| PB 0x000000062c800000| Untracked |  0
|  89|0x000000062cc00000, 0x000000062cc00000, 0x000000062d000000|  0%| F|  |TAMS 0x000000062cc00000| PB 0x000000062cc00000| Untracked |  0
|  90|0x000000062d000000, 0x000000062d000000, 0x000000062d400000|  0%| F|  |TAMS 0x000000062d000000| PB 0x000000062d000000| Untracked |  0
|  91|0x000000062d400000, 0x000000062d400000, 0x000000062d800000|  0%| F|  |TAMS 0x000000062d400000| PB 0x000000062d400000| Untracked |  0
|  92|0x000000062d800000, 0x000000062d800000, 0x000000062dc00000|  0%| F|  |TAMS 0x000000062d800000| PB 0x000000062d800000| Untracked |  0
|  93|0x000000062dc00000, 0x000000062dc00000, 0x000000062e000000|  0%| F|  |TAMS 0x000000062dc00000| PB 0x000000062dc00000| Untracked |  0
|  94|0x000000062e000000, 0x000000062e000000, 0x000000062e400000|  0%| F|  |TAMS 0x000000062e000000| PB 0x000000062e000000| Untracked |  0
|  95|0x000000062e400000, 0x000000062e400000, 0x000000062e800000|  0%| F|  |TAMS 0x000000062e400000| PB 0x000000062e400000| Untracked |  0
|  96|0x000000062e800000, 0x000000062e800000, 0x000000062ec00000|  0%| F|  |TAMS 0x000000062e800000| PB 0x000000062e800000| Untracked |  0
|  97|0x000000062ec00000, 0x000000062ec00000, 0x000000062f000000|  0%| F|  |TAMS 0x000000062ec00000| PB 0x000000062ec00000| Untracked |  0
|  98|0x000000062f000000, 0x000000062f000000, 0x000000062f400000|  0%| F|  |TAMS 0x000000062f000000| PB 0x000000062f000000| Untracked |  0
|  99|0x000000062f400000, 0x000000062f400000, 0x000000062f800000|  0%| F|  |TAMS 0x000000062f400000| PB 0x000000062f400000| Untracked |  0
| 100|0x000000062f800000, 0x000000062f800000, 0x000000062fc00000|  0%| F|  |TAMS 0x000000062f800000| PB 0x000000062f800000| Untracked |  0
| 101|0x000000062fc00000, 0x000000062fc00000, 0x0000000630000000|  0%| F|  |TAMS 0x000000062fc00000| PB 0x000000062fc00000| Untracked |  0
| 102|0x0000000630000000, 0x0000000630000000, 0x0000000630400000|  0%| F|  |TAMS 0x0000000630000000| PB 0x0000000630000000| Untracked |  0
| 103|0x0000000630400000, 0x0000000630400000, 0x0000000630800000|  0%| F|  |TAMS 0x0000000630400000| PB 0x0000000630400000| Untracked |  0
| 104|0x0000000630800000, 0x0000000630800000, 0x0000000630c00000|  0%| F|  |TAMS 0x0000000630800000| PB 0x0000000630800000| Untracked |  0
| 105|0x0000000630c00000, 0x0000000630c00000, 0x0000000631000000|  0%| F|  |TAMS 0x0000000630c00000| PB 0x0000000630c00000| Untracked |  0
| 106|0x0000000631000000, 0x0000000631000000, 0x0000000631400000|  0%| F|  |TAMS 0x0000000631000000| PB 0x0000000631000000| Untracked |  0
| 107|0x0000000631400000, 0x0000000631400000, 0x0000000631800000|  0%| F|  |TAMS 0x0000000631400000| PB 0x0000000631400000| Untracked |  0
| 108|0x0000000631800000, 0x0000000631800000, 0x0000000631c00000|  0%| F|  |TAMS 0x0000000631800000| PB 0x0000000631800000| Untracked |  0
| 109|0x0000000631c00000, 0x0000000631c00000, 0x0000000632000000|  0%| F|  |TAMS 0x0000000631c00000| PB 0x0000000631c00000| Untracked |  0
| 110|0x0000000632000000, 0x0000000632000000, 0x0000000632400000|  0%| F|  |TAMS 0x0000000632000000| PB 0x0000000632000000| Untracked |  0
| 111|0x0000000632400000, 0x0000000632400000, 0x0000000632800000|  0%| F|  |TAMS 0x0000000632400000| PB 0x0000000632400000| Untracked |  0
| 112|0x0000000632800000, 0x0000000632800000, 0x0000000632c00000|  0%| F|  |TAMS 0x0000000632800000| PB 0x0000000632800000| Untracked |  0
| 113|0x0000000632c00000, 0x0000000632c00000, 0x0000000633000000|  0%| F|  |TAMS 0x0000000632c00000| PB 0x0000000632c00000| Untracked |  0
| 114|0x0000000633000000, 0x0000000633000000, 0x0000000633400000|  0%| F|  |TAMS 0x0000000633000000| PB 0x0000000633000000| Untracked |  0
| 115|0x0000000633400000, 0x0000000633400000, 0x0000000633800000|  0%| F|  |TAMS 0x0000000633400000| PB 0x0000000633400000| Untracked |  0
| 116|0x0000000633800000, 0x0000000633800000, 0x0000000633c00000|  0%| F|  |TAMS 0x0000000633800000| PB 0x0000000633800000| Untracked |  0
| 117|0x0000000633c00000, 0x0000000633c00000, 0x0000000634000000|  0%| F|  |TAMS 0x0000000633c00000| PB 0x0000000633c00000| Untracked |  0
| 118|0x0000000634000000, 0x0000000634000000, 0x0000000634400000|  0%| F|  |TAMS 0x0000000634000000| PB 0x0000000634000000| Untracked |  0
| 119|0x0000000634400000, 0x0000000634400000, 0x0000000634800000|  0%| F|  |TAMS 0x0000000634400000| PB 0x0000000634400000| Untracked |  0
| 120|0x0000000634800000, 0x0000000634800000, 0x0000000634c00000|  0%| F|  |TAMS 0x0000000634800000| PB 0x0000000634800000| Untracked |  0
| 121|0x0000000634c00000, 0x0000000634cf7c50, 0x0000000635000000| 24%| E|  |TAMS 0x0000000634c00000| PB 0x0000000634c00000| Complete |  0
| 122|0x0000000635000000, 0x0000000635400000, 0x0000000635400000|100%| E|CS|TAMS 0x0000000635000000| PB 0x0000000635000000| Complete |  0
|1957|0x00000007ffc00000, 0x00000007ffd08c80, 0x0000000800000000| 25%| O|  |TAMS 0x00000007ffc00000| PB 0x00000007ffc00000| Untracked |  0

Card table byte_map: [0x000078e152c00000,0x000078e153b4c000] _byte_map_base: 0x000078e14fb4c000

Marking Bits: (CMBitMap*) 0x000078e16c0597c0
 Bits: [0x000078e14b000000, 0x000078e152a60000)

Polling page: 0x000078e1728ff000

Metaspace:

Usage:
  Non-class:      1.10 MB used.
      Class:     93.09 KB used.
       Both:      1.20 MB used.

Virtual space:
  Non-class space:       64.00 MB reserved,       1.19 MB (  2%) committed,  1 nodes.
      Class space:        1.00 GB reserved,     128.00 KB ( <1%) committed,  1 nodes.
             Both:        1.06 GB reserved,       1.31 MB ( <1%) committed. 

Chunk freelists:
   Non-Class:  11.53 MB
       Class:  15.69 MB
        Both:  27.22 MB

MaxMetaspaceSize: unlimited
CompressedClassSpaceSize: 1.00 GB
Initial GC threshold: 21.00 MB
Current GC threshold: 21.00 MB
CDS: on
 - commit_granule_bytes: 65536.
 - commit_granule_words: 8192.
 - virtual_space_node_default_size: 8388608.
 - enlarge_chunks_in_place: 1.
 - use_allocation_guard: 0.


Internal statistics:

num_allocs_failed_limit: 0.
num_arena_births: 12.
num_arena_deaths: 0.
num_vsnodes_births: 2.
num_vsnodes_deaths: 0.
num_space_committed: 21.
num_space_uncommitted: 0.
num_chunks_returned_to_freelist: 0.
num_chunks_taken_from_freelist: 40.
num_chunk_merges: 0.
num_chunk_splits: 24.
num_chunks_enlarged: 20.
num_inconsistent_stats: 0.

CodeHeap 'non-profiled nmethods': size=119168Kb used=118Kb max_used=118Kb free=119050Kb
 bounds [0x000078e15c7a0000, 0x000078e15ca10000, 0x000078e163c00000]
CodeHeap 'profiled nmethods': size=119164Kb used=540Kb max_used=540Kb free=118624Kb
 bounds [0x000078e154c00000, 0x000078e154e70000, 0x000078e15c05f000]
CodeHeap 'non-nmethods': size=7428Kb used=1943Kb max_used=1956Kb free=5484Kb
 bounds [0x000078e15c05f000, 0x000078e15c2cf000, 0x000078e15c7a0000]
 total_blobs=919 nmethods=428 adapters=396
 compilation: enabled
              stopped_count=0, restarted_count=0
 full_count=0

Compilation events (20 events):
Event: 0.546 Thread 0x000078e16c155540 nmethod 415 0x000078e154c82210 code [0x000078e154c823a0, 0x000078e154c82640]
Event: 0.546 Thread 0x000078e16c155540  417       3       jdk.internal.org.objectweb.asm.ByteVector::putShort (52 bytes)
Event: 0.546 Thread 0x000078e0b001ed70 nmethod 416 0x000078e154c82710 code [0x000078e154c82900, 0x000078e154c83158]
Event: 0.546 Thread 0x000078e16c155540 nmethod 417 0x000078e154c83410 code [0x000078e154c835c0, 0x000078e154c837c8]
Event: 0.546 Thread 0x000078e16c155540  421       3       java.lang.invoke.LambdaForm$BasicType::basicType (187 bytes)
Event: 0.546 Thread 0x000078e0b001ed70  422       3       java.lang.String::replace (42 bytes)
Event: 0.546 Thread 0x000078e16c155540 nmethod 421 0x000078e154c83910 code [0x000078e154c83ba0, 0x000078e154c84648]
Event: 0.546 Thread 0x000078e16c155540  423       1       java.lang.invoke.MethodTypeForm::basicType (5 bytes)
Event: 0.546 Thread 0x000078e0b001ed70 nmethod 422 0x000078e154c84910 code [0x000078e154c84ae0, 0x000078e154c84de8]
Event: 0.546 Thread 0x000078e16c155540 nmethod 423 0x000078e15c7bd510 code [0x000078e15c7bd6a0, 0x000078e15c7bd768]
Event: 0.547 Thread 0x000078e16c155540  424       3       jdk.internal.org.objectweb.asm.SymbolTable$Entry::<init> (17 bytes)
Event: 0.547 Thread 0x000078e0b001ed70  425       3       jdk.internal.org.objectweb.asm.SymbolTable::addConstantUtf8 (98 bytes)
Event: 0.547 Thread 0x000078e16c155540 nmethod 424 0x000078e154c84f10 code [0x000078e154c850a0, 0x000078e154c85220]
Event: 0.547 Thread 0x000078e16c155540  426       3       jdk.internal.org.objectweb.asm.ByteVector::putByte (39 bytes)
Event: 0.547 Thread 0x000078e16c155540 nmethod 426 0x000078e154c85310 code [0x000078e154c854c0, 0x000078e154c856a0]
Event: 0.547 Thread 0x000078e16c155540  427       3       java.lang.reflect.Modifier::isPublic (12 bytes)
Event: 0.547 Thread 0x000078e16c155540 nmethod 427 0x000078e154c85810 code [0x000078e154c859a0, 0x000078e154c85ad8]
Event: 0.547 Thread 0x000078e16c155540  428       3       jdk.internal.util.StrongReferenceKey::equals (28 bytes)
Event: 0.547 Thread 0x000078e0b001ed70 nmethod 425 0x000078e154c85b90 code [0x000078e154c85dc0, 0x000078e154c863c0]
Event: 0.547 Thread 0x000078e16c155540 nmethod 428 0x000078e154c86710 code [0x000078e154c868e0, 0x000078e154c86eb0]

GC Heap History (0 events):
No events

Dll operation events (8 events):
Event: 0.002 Loaded shared library /usr/lib/jvm/jdk-22.0.2-oracle-x64/lib/libjava.so
Event: 0.022 Loaded shared library /usr/lib/jvm/jdk-22.0.2-oracle-x64/lib/libjsvml.so
Event: 0.024 Loaded shared library /usr/lib/jvm/jdk-22.0.2-oracle-x64/lib/libnio.so
Event: 0.061 Loaded shared library /usr/lib/jvm/jdk-22.0.2-oracle-x64/lib/libzip.so
Event: 0.092 Loaded shared library /usr/lib/jvm/jdk-22.0.2-oracle-x64/lib/libjimage.so
Event: 0.096 Loaded shared library /tmp/libJCudaRuntime-10.1.0-linux-x86_64.so
Event: 0.103 Loaded shared library /tmp/libJCublas2-10.1.0-linux-x86_64.so
Event: 0.539 Loaded shared library /usr/lib/jvm/jdk-22.0.2-oracle-x64/lib/libverify.so

Deoptimization events (2 events):
Event: 0.539 Thread 0x000078e16c02d4c0 DEOPT PACKING pc=0x000078e154c066d0 sp=0x000078e170ff8f00
Event: 0.539 Thread 0x000078e16c02d4c0 DEOPT UNPACKING pc=0x000078e15c0b372f sp=0x000078e170ff8340 mode 0

Classes loaded (20 events):
Event: 0.544 Loading class java/lang/ArrayIndexOutOfBoundsException
Event: 0.544 Loading class java/lang/IndexOutOfBoundsException
Event: 0.544 Loading class java/lang/IndexOutOfBoundsException done
Event: 0.544 Loading class java/lang/ArrayIndexOutOfBoundsException done
Event: 0.545 Loading class java/util/Spliterators$IntArraySpliterator
Event: 0.545 Loading class java/util/Spliterators$IntArraySpliterator done
Event: 0.546 Loading class java/util/stream/MatchOps$MatchKind
Event: 0.546 Loading class java/util/stream/MatchOps$MatchKind done
Event: 0.546 Loading class java/util/stream/MatchOps
Event: 0.546 Loading class java/util/stream/MatchOps done
Event: 0.546 Loading class java/util/stream/MatchOps$MatchOp
Event: 0.546 Loading class java/util/stream/MatchOps$MatchOp done
Event: 0.546 Loading class java/util/stream/MatchOps$BooleanTerminalSink
Event: 0.546 Loading class java/util/stream/MatchOps$BooleanTerminalSink done
Event: 0.546 Loading class java/util/stream/MatchOps$2MatchSink
Event: 0.546 Loading class java/util/stream/MatchOps$2MatchSink done
Event: 0.547 Loading class java/util/stream/MatchOps$1MatchSink
Event: 0.547 Loading class java/util/stream/MatchOps$1MatchSink done
Event: 0.548 Loading class java/nio/HeapDoubleBuffer
Event: 0.548 Loading class java/nio/HeapDoubleBuffer done

Classes unloaded (0 events):
No events

Classes redefined (0 events):
No events

Internal exceptions (9 events):
Event: 0.049 Thread 0x000078e16c02d4c0 Exception <a 'sun/nio/fs/UnixException'{0x0000000635077920}> (0x0000000635077920) 
thrown [open/src/hotspot/share/prims/jni.cpp, line 520]
Event: 0.049 Thread 0x000078e16c02d4c0 Exception <a 'sun/nio/fs/UnixException'{0x0000000635078080}> (0x0000000635078080) 
thrown [open/src/hotspot/share/prims/jni.cpp, line 520]
Event: 0.049 Thread 0x000078e16c02d4c0 Exception <a 'sun/nio/fs/UnixException'{0x0000000635078648}> (0x0000000635078648) 
thrown [open/src/hotspot/share/prims/jni.cpp, line 520]
Event: 0.049 Thread 0x000078e16c02d4c0 Exception <a 'sun/nio/fs/UnixException'{0x0000000635078e70}> (0x0000000635078e70) 
thrown [open/src/hotspot/share/prims/jni.cpp, line 520]
Event: 0.049 Thread 0x000078e16c02d4c0 Exception <a 'sun/nio/fs/UnixException'{0x0000000635079430}> (0x0000000635079430) 
thrown [open/src/hotspot/share/prims/jni.cpp, line 520]
Event: 0.049 Thread 0x000078e16c02d4c0 Exception <a 'sun/nio/fs/UnixException'{0x00000006350799f0}> (0x00000006350799f0) 
thrown [open/src/hotspot/share/prims/jni.cpp, line 520]
Event: 0.049 Thread 0x000078e16c02d4c0 Exception <a 'sun/nio/fs/UnixException'{0x0000000635079fb0}> (0x0000000635079fb0) 
thrown [open/src/hotspot/share/prims/jni.cpp, line 520]
Event: 0.049 Thread 0x000078e16c02d4c0 Exception <a 'sun/nio/fs/UnixException'{0x000000063507a588}> (0x000000063507a588) 
thrown [open/src/hotspot/share/prims/jni.cpp, line 520]
Event: 0.535 Thread 0x000078e16c02d4c0 Exception <a 'java/lang/NoSuchMethodError'{0x00000006353ec930}: 'void java.lang.invoke.DirectMethodHandle$Holder.invokeStatic(java.lang.Object, java.lang.Object)'> (0x00000006353ec930) 
thrown [open/src/hotspot/share/interpreter/linkResolver.cpp, line 773]

ZGC Phase Switch (0 events):
No events

VM Operations (2 events):
Event: 0.051 Executing VM operation: HandshakeAllThreads (Deoptimize)
Event: 0.051 Executing VM operation: HandshakeAllThreads (Deoptimize) done

Memory protections (13 events):
Event: 0.001 Protecting memory [0x000078e170f00000,0x000078e170f04000] with protection modes 0
Event: 0.021 Protecting memory [0x000078e143300000,0x000078e143304000] with protection modes 0
Event: 0.021 Protecting memory [0x000078e143200000,0x000078e143204000] with protection modes 0
Event: 0.021 Protecting memory [0x000078e143100000,0x000078e143104000] with protection modes 0
Event: 0.021 Protecting memory [0x000078e143000000,0x000078e143004000] with protection modes 0
Event: 0.022 Protecting memory [0x000078e142f00000,0x000078e142f04000] with protection modes 0
Event: 0.022 Protecting memory [0x000078e142e00000,0x000078e142e04000] with protection modes 0
Event: 0.022 Protecting memory [0x000078e142d00000,0x000078e142d04000] with protection modes 0
Event: 0.040 Protecting memory [0x000078e142c00000,0x000078e142c04000] with protection modes 0
Event: 0.047 Protecting memory [0x000078e142b00000,0x000078e142b04000] with protection modes 0
Event: 0.060 Protecting memory [0x000078e142a00000,0x000078e142a04000] with protection modes 0
Event: 0.063 Protecting memory [0x000078e142900000,0x000078e142904000] with protection modes 0
Event: 0.537 Protecting memory [0x000078e142900000,0x000078e142904000] with protection modes 0

Nmethod flushes (0 events):
No events

Events (14 events):
Event: 0.015 Thread 0x000078e16c02d4c0 Thread added: 0x000078e16c02d4c0
Event: 0.021 Thread 0x000078e16c02d4c0 Thread added: 0x000078e16c14c580
Event: 0.021 Thread 0x000078e16c02d4c0 Thread added: 0x000078e16c14dbd0
Event: 0.021 Thread 0x000078e16c02d4c0 Thread added: 0x000078e16c14f6b0
Event: 0.021 Thread 0x000078e16c02d4c0 Thread added: 0x000078e16c150cf0
Event: 0.022 Thread 0x000078e16c02d4c0 Thread added: 0x000078e16c152290
Event: 0.022 Thread 0x000078e16c02d4c0 Thread added: 0x000078e16c153e30
Event: 0.022 Thread 0x000078e16c02d4c0 Thread added: 0x000078e16c155540
Event: 0.040 Thread 0x000078e16c02d4c0 Thread added: 0x000078e16c174a10
Event: 0.047 Thread 0x000078e16c155540 Thread added: 0x000078e0b001ed70
Event: 0.060 Thread 0x000078e16c02d4c0 Thread added: 0x000078e16c1b75f0
Event: 0.063 Thread 0x000078e0b001ed70 Thread added: 0x000078e0a4092830
Event: 0.535 Thread 0x000078e0a4092830 Thread exited: 0x000078e0a4092830
Event: 0.536 Thread 0x000078e16c02d4c0 Thread added: 0x000078e045072280


Dynamic libraries:
200000000-200200000 ---p 00000000 00:00 0 
200200000-200400000 rw-s 00000000 00:05 1129                             /dev/nvidia0
200400000-203400000 rw-s 00000000 00:05 1128                             /dev/nvidiactl
203400000-204400000 ---p 00000000 00:00 0 
204400000-204600000 rw-s 00000000 00:05 1128                             /dev/nvidiactl
204600000-204800000 rw-s 00000000 00:05 1128                             /dev/nvidiactl
204800000-204a00000 rw-s 00000000 00:05 1128                             /dev/nvidiactl
204a00000-204c00000 rw-s 204a00000 00:05 1130                            /dev/nvidia-uvm
204c00000-204e00000 rw-s 00000000 00:05 1128                             /dev/nvidiactl
204e00000-205000000 ---p 00000000 00:00 0 
205000000-205200000 rw-s 00000000 00:05 1128                             /dev/nvidiactl
205200000-300200000 ---p 00000000 00:00 0 
616800000-635400000 rw-p 00000000 00:00 0 
635400000-7ffc00000 ---p 00000000 00:00 0 
7ffc00000-7ffd09000 rw-p 00cb9000 103:05 39860326                        /usr/lib/jvm/jdk-22.0.2-oracle-x64/lib/server/classes.jsa
7ffd09000-800000000 rw-p 00000000 00:00 0 
10000000000-10004000000 ---p 00000000 00:00 0 
5b9782519000-5b978251a000 r-xp 00000000 103:05 39860034                  /usr/lib/jvm/jdk-22.0.2-oracle-x64/bin/java
5b978251b000-5b978251c000 r--p 00001000 103:05 39860034                  /usr/lib/jvm/jdk-22.0.2-oracle-x64/bin/java
5b978251c000-5b978251d000 rw-p 00002000 103:05 39860034                  /usr/lib/jvm/jdk-22.0.2-oracle-x64/bin/java
5b978332a000-5b9783373000 rw-p 00000000 00:00 0                          [heap]
78e044000000-78e045f47000 rw-p 00000000 00:00 0 
78e045f47000-78e04a000000 ---p 00000000 00:00 0 
78e04c000000-78e04fea0000 rw-p 00000000 00:00 0 
78e04fea0000-78e050000000 ---p 00000000 00:00 0 
78e054000000-78e057ffb000 rw-p 00000000 00:00 0 
78e057ffb000-78e058000000 ---p 00000000 00:00 0 
78e05a000000-78e062000000 ---p 00000000 00:00 0 
78e064000000-78e066000000 ---p 00000000 00:00 0 
78e068000000-78e068021000 rw-p 00000000 00:00 0 
78e068021000-78e06c000000 ---p 00000000 00:00 0 
78e070000000-78e080000000 ---p 00000000 00:00 0 
78e082000000-78e082400000 ---p 00000000 00:00 0 
78e082400000-78e082600000 rw-s 00000000 00:05 1128                       /dev/nvidiactl
78e082600000-78e082800000 rw-s 00000000 00:01 9261                       /dev/zero (deleted)
78e082800000-78e082a00000 rw-s 00000000 00:01 9262                       /dev/zero (deleted)
78e082a00000-78e083000000 ---p 00000000 00:00 0 
78e083000000-78e083200000 rw-s 00000000 00:05 1128                       /dev/nvidiactl
78e083200000-78e083400000 ---p 00000000 00:00 0 
78e083400000-78e083600000 rw-s 00000000 00:01 9264                       /dev/zero (deleted)
78e083600000-78e083b33000 rw-s 00000000 00:05 1128                       /dev/nvidiactl
78e083b33000-78e084000000 ---p 00000000 00:00 0 
78e086000000-78e08c000000 ---p 00000000 00:00 0 
78e08c000000-78e08c021000 rw-p 00000000 00:00 0 
78e08c021000-78e090000000 ---p 00000000 00:00 0 
78e093000000-78e097aa3000 r-xp 00000000 103:05 39063741                  /usr/lib/x86_64-linux-gnu/libcublas.so.10.1.0.105
78e097aa3000-78e097ca2000 ---p 04aa3000 103:05 39063741                  /usr/lib/x86_64-linux-gnu/libcublas.so.10.1.0.105
78e097ca2000-78e097cb0000 rw-p 04aa2000 103:05 39063741                  /usr/lib/x86_64-linux-gnu/libcublas.so.10.1.0.105
78e097cb0000-78e097cba000 rw-p 00000000 00:00 0 
78e098000000-78e098030000 rw-p 00000000 00:00 0 
78e098030000-78e09c000000 ---p 00000000 00:00 0 
78e09c000000-78e09c021000 rw-p 00000000 00:00 0 
78e09c021000-78e0a0000000 ---p 00000000 00:00 0 
78e0a4000000-78e0a40ba000 rw-p 00000000 00:00 0 
78e0a40ba000-78e0a8000000 ---p 00000000 00:00 0 
78e0a8000000-78e0a8021000 rw-p 00000000 00:00 0 
78e0a8021000-78e0ac000000 ---p 00000000 00:00 0 
78e0b0000000-78e0b00af000 rw-p 00000000 00:00 0 
78e0b00af000-78e0b4000000 ---p 00000000 00:00 0 
78e0b4000000-78e0b4124000 rw-p 00000000 00:00 0 
78e0b4124000-78e0b8000000 ---p 00000000 00:00 0 
78e0bc000000-78e0bc021000 rw-p 00000000 00:00 0 
78e0bc021000-78e0c0000000 ---p 00000000 00:00 0 
78e0c0000000-78e0c0021000 rw-p 00000000 00:00 0 
78e0c0021000-78e0c4000000 ---p 00000000 00:00 0 
78e0c8000000-78e0c8021000 rw-p 00000000 00:00 0 
78e0c8021000-78e0cc000000 ---p 00000000 00:00 0 
78e0cc000000-78e0cc021000 rw-p 00000000 00:00 0 
78e0cc021000-78e0d0000000 ---p 00000000 00:00 0 
78e0d4000000-78e0d4021000 rw-p 00000000 00:00 0 
78e0d4021000-78e0d8000000 ---p 00000000 00:00 0 
78e0d8000000-78e0d8021000 rw-p 00000000 00:00 0 
78e0d8021000-78e0dc000000 ---p 00000000 00:00 0 
78e0dee00000-78e0dee01000 rw-s 00000000 00:05 1128                       /dev/nvidiactl
78e0dee01000-78e0dee02000 rw-s 00000000 00:05 1128                       /dev/nvidiactl
78e0dee02000-78e0dee03000 rw-s 00000000 00:05 1128                       /dev/nvidiactl
78e0dee03000-78e0dee04000 rw-s 00000000 00:05 1128                       /dev/nvidiactl
78e0dee04000-78e0dee05000 rw-s 00000000 00:05 1128                       /dev/nvidiactl
78e0dee05000-78e0dee06000 rw-s 00000000 00:05 1128                       /dev/nvidiactl
78e0dee06000-78e0dee07000 rw-s 00000000 00:05 1128                       /dev/nvidiactl
78e0dee07000-78e0dee08000 rw-s 00000000 00:05 1128                       /dev/nvidiactl
78e0dee08000-78e0dee09000 rw-s 00000000 00:05 1128                       /dev/nvidiactl
78e0dee09000-78e0dee0a000 rw-s 00000000 00:05 1128                       /dev/nvidiactl
78e0dee0a000-78e0dee0b000 rw-s 00000000 00:05 1128                       /dev/nvidiactl
78e0dee0b000-78e0dee0c000 rw-s 00000000 00:05 1128                       /dev/nvidiactl
78e0dee0c000-78e0dee0d000 rw-s 00000000 00:05 1128                       /dev/nvidiactl
78e0dee0d000-78e0dee0e000 rw-s 00000000 00:05 1128                       /dev/nvidiactl
78e0dee0e000-78e0dee0f000 rw-s 00000000 00:05 1128                       /dev/nvidiactl
78e0dee0f000-78e0dee10000 rw-s 00000000 00:05 1128                       /dev/nvidiactl
78e0dee10000-78e0dfe21000 ---p 00000000 00:00 0 
78e0e0000000-78e0e00b0000 rw-p 00000000 00:00 0 
78e0e00b0000-78e0e0400000 ---p 00000000 00:00 0 
78e0e0400000-78e0e0480000 rw-p 00000000 00:00 0 
78e0e0480000-78e0e4000000 ---p 00000000 00:00 0 
78e0e4000000-78e0e4021000 rw-p 00000000 00:00 0 
78e0e4021000-78e0e8000000 ---p 00000000 00:00 0 
78e0e8e00000-78e0e9e21000 ---p 00000000 00:00 0 
78e0ea000000-78e0eac7a000 rw-p 00001000 103:05 39860326                  /usr/lib/jvm/jdk-22.0.2-oracle-x64/lib/server/classes.jsa
78e0eac7a000-78e0eb000000 ---p 00000000 00:00 0 
78e0eb000000-78e0eb010000 rw-p 00000000 00:00 0 
78e0eb010000-78e0eb040000 ---p 00000000 00:00 0 
78e0eb040000-78e0eb050000 rw-p 00000000 00:00 0 
78e0eb050000-78e12b000000 ---p 00000000 00:00 0 
78e12b600000-78e12b601000 ---p 00000000 00:00 0 
78e12b601000-78e12be01000 rw-p 00000000 00:00 0 
78e12c000000-78e12c021000 rw-p 00000000 00:00 0 
78e12c021000-78e130000000 ---p 00000000 00:00 0 
78e130000000-78e130021000 rw-p 00000000 00:00 0 
78e130021000-78e134000000 ---p 00000000 00:00 0 
78e134400000-78e134401000 ---p 00000000 00:00 0 
78e134401000-78e134c01000 rw-p 00000000 00:00 0 
78e134e00000-78e134e01000 ---p 00000000 00:00 0 
78e134e01000-78e135601000 rw-p 00000000 00:00 0 
78e135800000-78e137ae6000 r-xp 00000000 103:05 39063740                  /usr/lib/x86_64-linux-gnu/libcublasLt.so.10.1.0.105
78e137ae6000-78e137ce6000 ---p 022e6000 103:05 39063740                  /usr/lib/x86_64-linux-gnu/libcublasLt.so.10.1.0.105
78e137ce6000-78e137d58000 rw-p 022e6000 103:05 39063740                  /usr/lib/x86_64-linux-gnu/libcublasLt.so.10.1.0.105
78e137d58000-78e137d60000 rw-p 00000000 00:00 0 
78e138000000-78e138021000 rw-p 00000000 00:00 0 
78e138021000-78e13c000000 ---p 00000000 00:00 0 
78e13c000000-78e13c021000 rw-p 00000000 00:00 0 
78e13c021000-78e140000000 ---p 00000000 00:00 0 
78e1402be000-78e140400000 rw-p 00000000 00:00 0 
78e140400000-78e140600000 rw-s 00000000 00:01 9263                       /dev/zero (deleted)
78e140600000-78e14085a000 rw-p 00000000 00:00 0 
78e14091c000-78e140a00000 rw-p 00000000 00:00 0 
78e140a00000-78e140adb000 r--p 00000000 103:05 39066653                  /usr/lib/x86_64-linux-gnu/libcuda.so.550.54.15
78e140adb000-78e140f73000 r-xp 000db000 103:05 39066653                  /usr/lib/x86_64-linux-gnu/libcuda.so.550.54.15
78e140f73000-78e142403000 r--p 00573000 103:05 39066653                  /usr/lib/x86_64-linux-gnu/libcuda.so.550.54.15
78e142403000-78e14241a000 r--p 01a02000 103:05 39066653                  /usr/lib/x86_64-linux-gnu/libcuda.so.550.54.15
78e14241a000-78e142515000 rw-p 01a19000 103:05 39066653                  /usr/lib/x86_64-linux-gnu/libcuda.so.550.54.15
78e142515000-78e14257b000 rw-p 00000000 00:00 0 
78e14257f000-78e142600000 rw-p 00000000 00:00 0 
78e142600000-78e14269d000 r--p 00000000 103:05 39063721                  /usr/lib/x86_64-linux-gnu/libstdc++.so.6.0.33
78e14269d000-78e1427dd000 r-xp 0009d000 103:05 39063721                  /usr/lib/x86_64-linux-gnu/libstdc++.so.6.0.33
78e1427dd000-78e14286b000 r--p 001dd000 103:05 39063721                  /usr/lib/x86_64-linux-gnu/libstdc++.so.6.0.33
78e14286b000-78e142876000 r--p 0026b000 103:05 39063721                  /usr/lib/x86_64-linux-gnu/libstdc++.so.6.0.33
78e142876000-78e142879000 rw-p 00276000 103:05 39063721                  /usr/lib/x86_64-linux-gnu/libstdc++.so.6.0.33
78e142879000-78e14287d000 rw-p 00000000 00:00 0 
78e14287f000-78e142900000 rw-p 00000000 00:00 0 
78e142900000-78e142904000 ---p 00000000 00:00 0 
78e142904000-78e142a00000 rw-p 00000000 00:00 0 
78e142a00000-78e142a04000 ---p 00000000 00:00 0 
78e142a04000-78e142b00000 rw-p 00000000 00:00 0 
78e142b00000-78e142b04000 ---p 00000000 00:00 0 
78e142b04000-78e142c00000 rw-p 00000000 00:00 0 
78e142c00000-78e142c04000 ---p 00000000 00:00 0 
78e142c04000-78e142d00000 rw-p 00000000 00:00 0 
78e142d00000-78e142d04000 ---p 00000000 00:00 0 
78e142d04000-78e142e00000 rw-p 00000000 00:00 0 
78e142e00000-78e142e04000 ---p 00000000 00:00 0 
78e142e04000-78e142f00000 rw-p 00000000 00:00 0 
78e142f00000-78e142f04000 ---p 00000000 00:00 0 
78e142f04000-78e143000000 rw-p 00000000 00:00 0 
78e143000000-78e143004000 ---p 00000000 00:00 0 
78e143004000-78e143100000 rw-p 00000000 00:00 0 
78e143100000-78e143104000 ---p 00000000 00:00 0 
78e143104000-78e143200000 rw-p 00000000 00:00 0 
78e143200000-78e143204000 ---p 00000000 00:00 0 
78e143204000-78e143300000 rw-p 00000000 00:00 0 
78e143300000-78e143304000 ---p 00000000 00:00 0 
78e143304000-78e143400000 rw-p 00000000 00:00 0 
78e143400000-78e143975000 r--p 00000000 103:05 39061600                  /usr/lib/locale/locale-archive
78e143979000-78e1439fa000 rw-p 00000000 00:00 0 
78e1439fa000-78e1439fb000 ---p 00000000 00:00 0 
78e1439fb000-78e143afb000 rw-p 00000000 00:00 0 
78e143afb000-78e143afc000 ---p 00000000 00:00 0 
78e143afc000-78e143bfc000 rw-p 00000000 00:00 0 
78e143bfc000-78e143bfd000 ---p 00000000 00:00 0 
78e143bfd000-78e143cfd000 rw-p 00000000 00:00 0 
78e143cfd000-78e143cfe000 ---p 00000000 00:00 0 
78e143cfe000-78e143dfe000 rw-p 00000000 00:00 0 
78e143dfe000-78e144021000 rw-p 00000000 00:00 0 
78e144021000-78e148000000 ---p 00000000 00:00 0 
78e148025000-78e148039000 r--p 00000000 103:05 26738754                  /tmp/libJCublas2-10.1.0-linux-x86_64.so
78e148039000-78e1480c1000 r-xp 00014000 103:05 26738754                  /tmp/libJCublas2-10.1.0-linux-x86_64.so
78e1480c1000-78e1480ee000 r--p 0009c000 103:05 26738754                  /tmp/libJCublas2-10.1.0-linux-x86_64.so
78e1480ee000-78e1480ef000 ---p 000c9000 103:05 26738754                  /tmp/libJCublas2-10.1.0-linux-x86_64.so
78e1480ef000-78e1480f2000 r--p 000c9000 103:05 26738754                  /tmp/libJCublas2-10.1.0-linux-x86_64.so
78e1480f2000-78e1480f3000 rw-p 000cc000 103:05 26738754                  /tmp/libJCublas2-10.1.0-linux-x86_64.so
78e1480f3000-78e14ac00000 rw-p 00000000 00:00 0 
78e14ac1d000-78e14ac5e000 rw-p 00000000 00:00 0 
78e14ac5e000-78e14ac70000 r--p 00000000 103:05 26738753                  /tmp/libJCudaRuntime-10.1.0-linux-x86_64.so
78e14ac70000-78e14acd8000 r-xp 00012000 103:05 26738753                  /tmp/libJCudaRuntime-10.1.0-linux-x86_64.so
78e14acd8000-78e14acf5000 r--p 0007a000 103:05 26738753                  /tmp/libJCudaRuntime-10.1.0-linux-x86_64.so
78e14acf5000-78e14acf6000 ---p 00097000 103:05 26738753                  /tmp/libJCudaRuntime-10.1.0-linux-x86_64.so
78e14acf6000-78e14acfa000 r--p 00097000 103:05 26738753                  /tmp/libJCudaRuntime-10.1.0-linux-x86_64.so
78e14acfa000-78e14acfb000 rw-p 0009b000 103:05 26738753                  /tmp/libJCudaRuntime-10.1.0-linux-x86_64.so
78e14acfb000-78e14acfd000 rw-p 00000000 00:00 0 
78e14acfd000-78e14acfe000 ---p 00000000 00:00 0 
78e14acfe000-78e14adfe000 rw-p 00000000 00:00 0 
78e14adfe000-78e14adff000 ---p 00000000 00:00 0 
78e14adff000-78e14aeff000 rw-p 00000000 00:00 0 
78e14aeff000-78e14af00000 ---p 00000000 00:00 0 
78e14af00000-78e14b000000 rw-p 00000000 00:00 0 
78e14b000000-78e14b7b0000 rw-p 00000000 00:00 0 
78e14b7b0000-78e152a50000 ---p 00000000 00:00 0 
78e152a50000-78e152a60000 rw-p 00000000 00:00 0 
78e152a74000-78e152b42000 r-xp 00000000 103:05 39860299                  /usr/lib/jvm/jdk-22.0.2-oracle-x64/lib/libjsvml.so
78e152b42000-78e152b43000 r--p 000cd000 103:05 39860299                  /usr/lib/jvm/jdk-22.0.2-oracle-x64/lib/libjsvml.so
78e152b43000-78e152b44000 rw-p 000ce000 103:05 39860299                  /usr/lib/jvm/jdk-22.0.2-oracle-x64/lib/libjsvml.so
78e152b44000-78e152cf6000 rw-p 00000000 00:00 0 
78e152cf6000-78e153b4a000 ---p 00000000 00:00 0 
78e153b4a000-78e153b4c000 rw-p 00000000 00:00 0 
78e153b4c000-78e153cf6000 rw-p 00000000 00:00 0 
78e153cf6000-78e154b4a000 ---p 00000000 00:00 0 
78e154b4a000-78e154b4c000 rw-p 00000000 00:00 0 
78e154b78000-78e154b7c000 r--p 00000000 103:05 39063720                  /usr/lib/x86_64-linux-gnu/libgcc_s.so.1
78e154b7c000-78e154b9f000 r-xp 00004000 103:05 39063720                  /usr/lib/x86_64-linux-gnu/libgcc_s.so.1
78e154b9f000-78e154ba3000 r--p 00027000 103:05 39063720                  /usr/lib/x86_64-linux-gnu/libgcc_s.so.1
78e154ba3000-78e154ba4000 r--p 0002b000 103:05 39063720                  /usr/lib/x86_64-linux-gnu/libgcc_s.so.1
78e154ba4000-78e154ba5000 rw-p 0002c000 103:05 39063720                  /usr/lib/x86_64-linux-gnu/libgcc_s.so.1
78e154ba5000-78e154c00000 rw-p 00000000 00:00 0 
78e154c00000-78e154e70000 rwxp 00000000 00:00 0 
78e154e70000-78e15c05f000 ---p 00000000 00:00 0 
78e15c05f000-78e15c2cf000 rwxp 00000000 00:00 0 
78e15c2cf000-78e15c7a0000 ---p 00000000 00:00 0 
78e15c7a0000-78e15ca10000 rwxp 00000000 00:00 0 
78e15ca10000-78e163c00000 ---p 00000000 00:00 0 
78e163c00000-78e16bfbb000 r--s 00000000 103:05 39860317                  /usr/lib/jvm/jdk-22.0.2-oracle-x64/lib/modules
78e16bfbf000-78e16ffff000 rw-p 00000000 00:00 0 
78e16ffff000-78e170000000 ---p 00000000 00:00 0 
78e170001000-78e17000e000 r-xp 00000000 103:05 39860315                  /usr/lib/jvm/jdk-22.0.2-oracle-x64/lib/libverify.so
78e17000e000-78e170010000 r--p 0000c000 103:05 39860315                  /usr/lib/jvm/jdk-22.0.2-oracle-x64/lib/libverify.so
78e170010000-78e170011000 rw-p 0000e000 103:05 39860315                  /usr/lib/jvm/jdk-22.0.2-oracle-x64/lib/libverify.so
78e170011000-78e170021000 -w-s 00000000 00:05 1129                       /dev/nvidia0
78e170021000-78e170d33000 rw-p 00000000 00:00 0 
78e170d33000-78e170e17000 ---p 00000000 00:00 0 
78e170e17000-78e170e1c000 rw-p 00000000 00:00 0 
78e170e1c000-78e170f00000 ---p 00000000 00:00 0 
78e170f00000-78e170f04000 ---p 00000000 00:00 0 
78e170f04000-78e171000000 rw-p 00000000 00:00 0 
78e171000000-78e172340000 r-xp 00000000 103:05 39860329                  /usr/lib/jvm/jdk-22.0.2-oracle-x64/lib/server/libjvm.so
78e172340000-78e172341000 ---p 01340000 103:05 39860329                  /usr/lib/jvm/jdk-22.0.2-oracle-x64/lib/server/libjvm.so
78e172341000-78e17240e000 r--p 01340000 103:05 39860329                  /usr/lib/jvm/jdk-22.0.2-oracle-x64/lib/server/libjvm.so
78e17240e000-78e17243c000 rw-p 0140d000 103:05 39860329                  /usr/lib/jvm/jdk-22.0.2-oracle-x64/lib/server/libjvm.so
78e17243c000-78e1724b2000 rw-p 00000000 00:00 0 
78e1724b2000-78e1724b9000 r--s 00000000 103:05 39070655                  /usr/lib/x86_64-linux-gnu/gconv/gconv-modules.cache
78e1724b9000-78e1724c0000 r-xp 00000000 103:05 39860316                  /usr/lib/jvm/jdk-22.0.2-oracle-x64/lib/libzip.so
78e1724c0000-78e1724c1000 ---p 00007000 103:05 39860316                  /usr/lib/jvm/jdk-22.0.2-oracle-x64/lib/libzip.so
78e1724c1000-78e1724c2000 r--p 00007000 103:05 39860316                  /usr/lib/jvm/jdk-22.0.2-oracle-x64/lib/libzip.so
78e1724c2000-78e1724c3000 rw-p 00008000 103:05 39860316                  /usr/lib/jvm/jdk-22.0.2-oracle-x64/lib/libzip.so
78e1724c3000-78e1724d6000 r-xp 00000000 103:05 39860307                  /usr/lib/jvm/jdk-22.0.2-oracle-x64/lib/libnio.so
78e1724d6000-78e1724d7000 ---p 00013000 103:05 39860307                  /usr/lib/jvm/jdk-22.0.2-oracle-x64/lib/libnio.so
78e1724d7000-78e1724d8000 r--p 00013000 103:05 39860307                  /usr/lib/jvm/jdk-22.0.2-oracle-x64/lib/libnio.so
78e1724d8000-78e1724d9000 rw-p 00014000 103:05 39860307                  /usr/lib/jvm/jdk-22.0.2-oracle-x64/lib/libnio.so
78e1724d9000-78e172517000 rw-p 00000000 00:00 0 
78e172517000-78e172527000 r--p 00000000 103:05 39070669                  /usr/lib/x86_64-linux-gnu/libm.so.6
78e172527000-78e1725a6000 r-xp 00010000 103:05 39070669                  /usr/lib/x86_64-linux-gnu/libm.so.6
78e1725a6000-78e1725fe000 r--p 0008f000 103:05 39070669                  /usr/lib/x86_64-linux-gnu/libm.so.6
78e1725fe000-78e1725ff000 r--p 000e7000 103:05 39070669                  /usr/lib/x86_64-linux-gnu/libm.so.6
78e1725ff000-78e172600000 rw-p 000e8000 103:05 39070669                  /usr/lib/x86_64-linux-gnu/libm.so.6
78e172600000-78e172628000 r--p 00000000 103:05 39070666                  /usr/lib/x86_64-linux-gnu/libc.so.6
78e172628000-78e1727b0000 r-xp 00028000 103:05 39070666                  /usr/lib/x86_64-linux-gnu/libc.so.6
78e1727b0000-78e1727ff000 r--p 001b0000 103:05 39070666                  /usr/lib/x86_64-linux-gnu/libc.so.6
78e1727ff000-78e172803000 r--p 001fe000 103:05 39070666                  /usr/lib/x86_64-linux-gnu/libc.so.6
78e172803000-78e172805000 rw-p 00202000 103:05 39070666                  /usr/lib/x86_64-linux-gnu/libc.so.6
78e172805000-78e172812000 rw-p 00000000 00:00 0 
78e172817000-78e172822000 r-xp 00000000 103:05 39860306                  /usr/lib/jvm/jdk-22.0.2-oracle-x64/lib/libnet.so
78e172822000-78e172823000 ---p 0000b000 103:05 39860306                  /usr/lib/jvm/jdk-22.0.2-oracle-x64/lib/libnet.so
78e172823000-78e172824000 r--p 0000b000 103:05 39860306                  /usr/lib/jvm/jdk-22.0.2-oracle-x64/lib/libnet.so
78e172824000-78e172825000 rw-p 0000c000 103:05 39860306                  /usr/lib/jvm/jdk-22.0.2-oracle-x64/lib/libnet.so
78e172825000-78e172863000 rw-p 00000000 00:00 0 
78e172863000-78e172883000 r-xp 00000000 103:05 39860291                  /usr/lib/jvm/jdk-22.0.2-oracle-x64/lib/libjava.so
78e172883000-78e172884000 ---p 00020000 103:05 39860291                  /usr/lib/jvm/jdk-22.0.2-oracle-x64/lib/libjava.so
78e172884000-78e172885000 r--p 00020000 103:05 39860291                  /usr/lib/jvm/jdk-22.0.2-oracle-x64/lib/libjava.so
78e172885000-78e172886000 rw-p 00021000 103:05 39860291                  /usr/lib/jvm/jdk-22.0.2-oracle-x64/lib/libjava.so
78e172886000-78e172887000 rw-p 00000000 00:00 0 
78e172887000-78e1728a5000 r-xp 00000000 103:05 39860295                  /usr/lib/jvm/jdk-22.0.2-oracle-x64/lib/libjimage.so
78e1728a5000-78e1728a7000 r--p 0001d000 103:05 39860295                  /usr/lib/jvm/jdk-22.0.2-oracle-x64/lib/libjimage.so
78e1728a7000-78e1728a8000 rw-p 0001f000 103:05 39860295                  /usr/lib/jvm/jdk-22.0.2-oracle-x64/lib/libjimage.so
78e1728a8000-78e1728a9000 r--p 00000000 103:05 39070680                  /usr/lib/x86_64-linux-gnu/librt.so.1
78e1728a9000-78e1728aa000 r-xp 00001000 103:05 39070680                  /usr/lib/x86_64-linux-gnu/librt.so.1
78e1728aa000-78e1728ab000 r--p 00002000 103:05 39070680                  /usr/lib/x86_64-linux-gnu/librt.so.1
78e1728ab000-78e1728ac000 r--p 00002000 103:05 39070680                  /usr/lib/x86_64-linux-gnu/librt.so.1
78e1728ac000-78e1728ad000 rw-p 00003000 103:05 39070680                  /usr/lib/x86_64-linux-gnu/librt.so.1
78e1728ad000-78e1728b1000 rw-p 00000000 00:00 0 
78e1728b1000-78e1728b2000 r--p 00000000 103:05 39070668                  /usr/lib/x86_64-linux-gnu/libdl.so.2
78e1728b2000-78e1728b3000 r-xp 00001000 103:05 39070668                  /usr/lib/x86_64-linux-gnu/libdl.so.2
78e1728b3000-78e1728b4000 r--p 00002000 103:05 39070668                  /usr/lib/x86_64-linux-gnu/libdl.so.2
78e1728b4000-78e1728b5000 r--p 00002000 103:05 39070668                  /usr/lib/x86_64-linux-gnu/libdl.so.2
78e1728b5000-78e1728b6000 rw-p 00003000 103:05 39070668                  /usr/lib/x86_64-linux-gnu/libdl.so.2
78e1728b6000-78e1728b7000 r--p 00000000 103:05 39070678                  /usr/lib/x86_64-linux-gnu/libpthread.so.0
78e1728b7000-78e1728b8000 r-xp 00001000 103:05 39070678                  /usr/lib/x86_64-linux-gnu/libpthread.so.0
78e1728b8000-78e1728b9000 r--p 00002000 103:05 39070678                  /usr/lib/x86_64-linux-gnu/libpthread.so.0
78e1728b9000-78e1728ba000 r--p 00002000 103:05 39070678                  /usr/lib/x86_64-linux-gnu/libpthread.so.0
78e1728ba000-78e1728bb000 rw-p 00003000 103:05 39070678                  /usr/lib/x86_64-linux-gnu/libpthread.so.0
78e1728bb000-78e1728c9000 r-xp 00000000 103:05 39860296                  /usr/lib/jvm/jdk-22.0.2-oracle-x64/lib/libjli.so
78e1728c9000-78e1728ca000 r--p 0000e000 103:05 39860296                  /usr/lib/jvm/jdk-22.0.2-oracle-x64/lib/libjli.so
78e1728ca000-78e1728cb000 rw-p 0000f000 103:05 39860296                  /usr/lib/jvm/jdk-22.0.2-oracle-x64/lib/libjli.so
78e1728cb000-78e1728cd000 r--p 00000000 103:05 39063281                  /usr/lib/x86_64-linux-gnu/libz.so.1.3
78e1728cd000-78e1728df000 r-xp 00002000 103:05 39063281                  /usr/lib/x86_64-linux-gnu/libz.so.1.3
78e1728df000-78e1728e5000 r--p 00014000 103:05 39063281                  /usr/lib/x86_64-linux-gnu/libz.so.1.3
78e1728e5000-78e1728e6000 r--p 0001a000 103:05 39063281                  /usr/lib/x86_64-linux-gnu/libz.so.1.3
78e1728e6000-78e1728e7000 rw-p 0001b000 103:05 39063281                  /usr/lib/x86_64-linux-gnu/libz.so.1.3
78e1728e8000-78e1728ed000 rw-p 00000000 00:00 0 
78e1728ed000-78e1728f7000 ---p 00000000 00:00 0 
78e1728f7000-78e1728ff000 rw-s 00000000 103:05 26739192                  /tmp/hsperfdata_edov/10241
78e1728ff000-78e172900000 ---p 00000000 00:00 0 
78e172900000-78e172901000 r--p 00000000 00:00 0 
78e172901000-78e172902000 ---p 00000000 00:00 0 
78e172902000-78e172904000 rw-p 00000000 00:00 0 
78e172904000-78e172905000 r--p 00000000 103:05 39070663                  /usr/lib/x86_64-linux-gnu/ld-linux-x86-64.so.2
78e172905000-78e172930000 r-xp 00001000 103:05 39070663                  /usr/lib/x86_64-linux-gnu/ld-linux-x86-64.so.2
78e172930000-78e17293a000 r--p 0002c000 103:05 39070663                  /usr/lib/x86_64-linux-gnu/ld-linux-x86-64.so.2
78e17293a000-78e17293c000 r--p 00036000 103:05 39070663                  /usr/lib/x86_64-linux-gnu/ld-linux-x86-64.so.2
78e17293c000-78e17293e000 rw-p 00038000 103:05 39070663                  /usr/lib/x86_64-linux-gnu/ld-linux-x86-64.so.2
7ffd29878000-7ffd2989a000 rw-p 00000000 00:00 0                          [stack]
7ffd29944000-7ffd29948000 r--p 00000000 00:00 0                          [vvar]
7ffd29948000-7ffd2994a000 r-xp 00000000 00:00 0                          [vdso]
ffffffffff600000-ffffffffff601000 --xp 00000000 00:00 0                  [vsyscall]
Total number of mappings: 310


VM Arguments:
jvm_args: -Dfile.encoding=UTF-8 --module-path=/home/edov/projects/JCudaWrapper/build/classes 
java_command: main.VectorTest
java_class_path (initial): /home/edov/projects/JCudaWrapper/JCuda-All-10.1.0/jcublas-10.1.0-javadoc.jar:/home/edov/projects/JCudaWrapper/JCuda-All-10.1.0/jcublas-10.1.0-sources.jar:/home/edov/projects/JCudaWrapper/JCuda-All-10.1.0/jcublas-10.1.0.jar:/home/edov/projects/JCudaWrapper/JCuda-All-10.1.0/jcublas-natives-10.1.0-apple-x86_64.jar:/home/edov/projects/JCudaWrapper/JCuda-All-10.1.0/jcublas-natives-10.1.0-javadoc.jar:/home/edov/projects/JCudaWrapper/JCuda-All-10.1.0/jcublas-natives-10.1.0-linux-x86_64.jar:/home/edov/projects/JCudaWrapper/JCuda-All-10.1.0/jcublas-natives-10.1.0-sources.jar:/home/edov/projects/JCudaWrapper/JCuda-All-10.1.0/jcublas-natives-10.1.0-windows-x86_64.jar:/home/edov/projects/JCudaWrapper/JCuda-All-10.1.0/jcublas-natives-10.1.0.jar:/home/edov/projects/JCudaWrapper/JCuda-All-10.1.0/jcuda-10.1.0-javadoc.jar:/home/edov/projects/JCudaWrapper/JCuda-All-10.1.0/jcuda-10.1.0-sources.jar:/home/edov/projects/JCudaWrapper/JCuda-All-10.1.0/jcuda-10.1.0.jar:/home/edov/projects/JCudaWrapper/JCuda-All-10.1.0/jcuda-common-10.1.0-javadoc.jar:/home/edov/projects/JCudaWrapper/JCuda-All-10.1.0/jcuda-common-10.1.0-sources.jar:/home/edov/projects/JCudaWrapper/JCuda-All-10.1.0/jcuda-common-10.1.0.jar:/home/edov/projects/JCudaWrapper/JCuda-All-10.1.0/jcuda-natives-10.1.0-apple-x86_64.jar:/home/edov/projects/JCudaWrapper/JCuda-All-10.1.0/jcuda-natives-10.1.0-javadoc.jar:/home/edov/projects/JCudaWrapper/JCuda-All-10.1.0/jcuda-natives-10.1.0-linux-x86_64.jar:/home/edov/projects/JCudaWrapper/JCuda-All-10.1.0/jcuda-natives-10.1.0-sources.jar:/home/edov/projects/JCudaWrapper/JCuda-All-10.1.0/jcuda-natives-10.1.0-windows-x86_64.jar:/home/edov/projects/JCudaWrapper/JCuda-All-10.1.0/jcuda-natives-10.1.0.jar:/home/edov/projects/JCudaWrapper/JCuda-All-10.1.0/jcudnn-10.1.0-javadoc.jar:/home/edov/projects/JCudaWrapper/JCuda-All-10.1.0/jcudnn-10.1.0-sources.jar:/home/edov/projects/JCudaWrapper/JCuda-All-10.1.0/jcudnn-10.1.0.jar:/home/edov/projects/JCudaWrapper/JCuda-All-10.1.0/jcudnn-natives-10.1.0-apple-x86_64.jar:/home/edov/projects/JCudaWrapper/JCuda-All-10.1.0/jcudnn-natives-10.1.0-javadoc.jar:/home/edov/projects/JCudaWrapper/JCuda-All-10.1.0/jcudnn-natives-10.1.0-linux-x86_64.jar:/home/edov/projects/JCudaWrapper/JCuda-All-10.1.0/jcudnn-natives-10.1.0-sources.jar:/home/edov/projects/JCudaWrapper/JCuda-All-10.1.0/jcudnn-natives-10.1.0-windows-x86_64.jar:/home/edov/projects/JCudaWrapper/JCuda-All-10.1.0/jcudnn-natives-10.1.0.jar:/home/edov/projects/JCudaWrapper/JCuda-All-10.1.0/jcufft-10.1.0-javadoc.jar:/home/edov/projects/JCudaWrapper/JCuda-All-10.1.0/jcufft-10.1.0-sources.jar:/home/edov/projects/JCudaWrapper/JCuda-All-10.1.0/jcufft-10.1.0.jar:/home/edov/projects/JCudaWrapper/JCuda-All-10.1.0/jcufft-natives-10.1.0-apple-x86_64.jar:/home/edov/projects/JCudaWrapper/JCuda-All-10.1.0/jcufft-natives-10.1.0-javadoc.jar:/home/edov/projects/JCudaWrapper/JCuda-All-10.1.0/jcufft-natives-10.1.0-linux-x86_64.jar:/home/edov/projects/JCudaWrapper/JCuda-All-10.1.0/jcufft-natives-10.1.0-sources.jar:/home/edov/projects/JCudaWrapper/JCuda-All-10.1.0/jcufft-natives-10.1.0-windows-x86_64.jar:/home/edov/projects/JCudaWrapper/JCuda-All-10.1.0/jcufft-natives-10.1.0.jar:/home/edov/projects/JCudaWrapper/JCuda-All-10.1.0/jcurand-10.1.0-javadoc.jar:/home/edov/projects/JCudaWrapper/JCuda-All-10.1.0/jcurand-10.1.0-sources.jar:/home/edov/projects/JCudaWrapper/JCuda-All-10.1.0/jcurand-10.1.0.jar:/home/edov/projects/JCudaWrapper/JCuda-All-10.1.0/jcurand-natives-10.1.0-apple-x86_64.jar:/home/edov/projects/JCudaWrapper/JCuda-All-10.1.0/jcurand-natives-10.1.0-javadoc.jar:/home/edov/projects/JCudaWrapper/JCuda-All-10.1.0/jcurand-natives-10.1.0-linux-x86_64.jar:/home/edov/projects/JCudaWrapper/JCuda-All-10.1.0/jcurand-natives-10.1.0-sources.jar:/home/edov/projects/JCudaWrapper/JCuda-All-10.1.0/jcurand-natives-10.1.0-windows-x86_64.jar:/home/edov/projects/JCudaWrapper/JCuda-All-10.1.0/jcurand-natives-10.1.0.jar:/home/edov/projects/JCudaWrapper/JCuda-All-10.1.0/jcusolver-10.1.0-javadoc.jar:/home/edov/projects/JCudaWrapper/JCuda-All-10.1.0/jcusolver-10.1.0-sources.jar:/home/edov/projects/JCudaWrapper/JCuda-All-10.1.0/jcusolver-10.1.0.jar:/home/edov/projects/JCudaWrapper/JCuda-All-10.1.0/jcusolver-natives-10.1.0-apple-x86_64.jar:/home/edov/projects/JCudaWrapper/JCuda-All-10.1.0/jcusolver-natives-10.1.0-javadoc.jar:/home/edov/projects/JCudaWrapper/JCuda-All-10.1.0/jcusolver-natives-10.1.0-linux-x86_64.jar:/home/edov/projects/JCudaWrapper/JCuda-All-10.1.0/jcusolver-natives-10.1.0-sources.jar:/home/edov/projects/JCudaWrapper/JCuda-All-10.1.0/jcusolver-natives-10.1.0-windows-x86_64.jar:/home/edov/projects/JCudaWrapper/JCuda-All-10.1.0/jcusolver-natives-10.1.0.jar:/home/edov/projects/JCudaWrapper/JCuda-All-10.1.0/jcusparse-10.1.0-javadoc.jar:/home/edov/projects/JCudaWrapper/JCuda-All-10.1.0/jcusparse-10.1.0-sources.jar:/home/edov/projects/JCudaWrapper/JCuda-All-10.1.0/jcusparse-10.1.0.jar:/home/edov/projects/JCudaWrapper/JCuda-All-10.1.0/jcusparse-natives-10.1.0-apple-x86_64.jar:/home/edov/projects/JCudaWrapper/JCuda-All-10.1.0/jcusparse-natives-10.1.0-javadoc.jar:/home/edov/projects/JCudaWrapper/JCuda-All-10.1.0/jcusparse-natives-10.1.0-linux-x86_64.jar:/home/edov/projects/JCudaWrapper/JCuda-All-10.1.0/jcusparse-natives-10.1.0-sources.jar:/home/edov/projects/JCudaWrapper/JCuda-All-10.1.0/jcusparse-natives-10.1.0-windows-x86_64.jar:/home/edov/projects/JCudaWrapper/JCuda-All-10.1.0/jcusparse-natives-10.1.0.jar:/home/edov/projects/JCudaWrapper/JCuda-All-10.1.0/jnvgraph-10.1.0-javadoc.jar:/home/edov/projects/JCudaWrapper/JCuda-All-10.1.0/jnvgraph-10.1.0-sources.jar:/home/edov/projects/JCudaWrapper/JCuda-All-10.1.0/jnvgraph-10.1.0.jar:/home/edov/projects/JCudaWrapper/JCuda-All-10.1.0/jnvgraph-natives-10.1.0-apple-x86_64.jar:/home/edov/projects/JCudaWrapper/JCuda-All-10.1.0/jnvgraph-natives-10.1.0-javadoc.jar:/home/edov/projects/JCudaWrapper/JCuda-All-10.1.0/jnvgraph-natives-10.1.0-linux-x86_64.jar:/home/edov/projects/JCudaWrapper/JCuda-All-10.1.0/jnvgraph-natives-10.1.0-sources.jar:/home/edov/projects/JCudaWrapper/JCuda-All-10.1.0/jnvgraph-natives-10.1.0-windows-x86_64.jar:/home/edov/projects/JCudaWrapper/JCuda-All-10.1.0/jnvgraph-natives-10.1.0.jar:/home/edov/projects/JCudaWrapper/commons-math3-3.6.1.jar:/home/edov/projects/JCudaWrapper/build/classes
Launcher Type: SUN_STANDARD

[Global flags]
     intx CICompilerCount                          = 12                                        {product} {ergonomic}
     uint ConcGCThreads                            = 3                                         {product} {ergonomic}
     uint G1ConcRefinementThreads                  = 13                                        {product} {ergonomic}
   size_t G1HeapRegionSize                         = 4194304                                   {product} {ergonomic}
   size_t InitialHeapSize                          = 515899392                                 {product} {ergonomic}
   size_t MarkStackSize                            = 4194304                                   {product} {ergonomic}
   size_t MaxHeapSize                              = 8212447232                                {product} {ergonomic}
   size_t MaxNewSize                               = 4924112896                                {product} {ergonomic}
   size_t MinHeapDeltaBytes                        = 4194304                                   {product} {ergonomic}
   size_t MinHeapSize                              = 8388608                                   {product} {ergonomic}
    uintx NonNMethodCodeHeapSize                   = 7602480                                {pd product} {ergonomic}
    uintx NonProfiledCodeHeapSize                  = 122027880                              {pd product} {ergonomic}
    uintx ProfiledCodeHeapSize                     = 122027880                              {pd product} {ergonomic}
    uintx ReservedCodeCacheSize                    = 251658240                              {pd product} {ergonomic}
     bool SegmentedCodeCache                       = true                                      {product} {ergonomic}
   size_t SoftMaxHeapSize                          = 8212447232                             {manageable} {ergonomic}
     bool UseCompressedOops                        = true                           {product lp64_product} {ergonomic}
     bool UseG1GC                                  = true                                      {product} {ergonomic}

Logging:
Log output configuration:
 #0: stdout all=warning uptime,level,tags foldmultilines=false
 #1: stderr all=off uptime,level,tags foldmultilines=false

Environment Variables:
PATH=/usr/local/sbin:/usr/local/bin:/usr/sbin:/usr/bin:/sbin:/bin:/usr/games:/usr/local/games:/snap/bin:/snap/bin
USERNAME=edov
SHELL=/bin/bash
DISPLAY=:1
LANG=en_IL

Active Locale:
LC_ALL=en_IL
LC_COLLATE=en_IL
LC_CTYPE=en_IL
LC_MESSAGES=en_IL
LC_MONETARY=en_IL
LC_NUMERIC=en_IL
LC_TIME=en_IL

Signal Handlers:
   SIGSEGV: crash_handler in libjvm.so, mask=11100100010111111101111111111110, flags=SA_RESTART|SA_SIGINFO, unblocked
    SIGBUS: crash_handler in libjvm.so, mask=11100100010111111101111111111110, flags=SA_RESTART|SA_SIGINFO, unblocked
    SIGFPE: crash_handler in libjvm.so, mask=11100100010111111101111111111110, flags=SA_RESTART|SA_SIGINFO, unblocked
   SIGPIPE: javaSignalHandler in libjvm.so, mask=11100100010111111101111111111110, flags=SA_RESTART|SA_SIGINFO, blocked
   SIGXFSZ: javaSignalHandler in libjvm.so, mask=11100100010111111101111111111110, flags=SA_RESTART|SA_SIGINFO, blocked
    SIGILL: crash_handler in libjvm.so, mask=11100100010111111101111111111110, flags=SA_RESTART|SA_SIGINFO, unblocked
   SIGUSR2: SR_handler in libjvm.so, mask=00000000000000000000000000000000, flags=SA_RESTART|SA_SIGINFO, blocked
    SIGHUP: UserHandler in libjvm.so, mask=11100100010111111101111111111110, flags=SA_RESTART|SA_SIGINFO, blocked
    SIGINT: SIG_IGN, mask=00000000000000000000000000000000, flags=none, blocked
   SIGTERM: UserHandler in libjvm.so, mask=11100100010111111101111111111110, flags=SA_RESTART|SA_SIGINFO, blocked
   SIGQUIT: UserHandler in libjvm.so, mask=11100100010111111101111111111110, flags=SA_RESTART|SA_SIGINFO, blocked
   SIGTRAP: crash_handler in libjvm.so, mask=11100100010111111101111111111110, flags=SA_RESTART|SA_SIGINFO, unblocked


Periodic native trim disabled

---------------  S Y S T E M  ---------------

OS:
DISTRIB_ID=Ubuntu
DISTRIB_RELEASE=24.04
DISTRIB_CODENAME=noble
DISTRIB_DESCRIPTION="Ubuntu 24.04.1 LTS"
uname: Linux 6.8.0-44-generic #44-Ubuntu SMP PREEMPT_DYNAMIC Tue Aug 13 13:35:26 UTC 2024 x86_64
OS uptime: 0 days 0:51 hours
libc: glibc 2.39 NPTL 2.39 
rlimit (soft/hard): STACK 8192k/infinity , CORE 0k/infinity , NPROC 125013/125013 , NOFILE 1048576/1048576 , AS infinity/infinity , CPU infinity/infinity , DATA infinity/infinity , FSIZE infinity/infinity , MEMLOCK 4009332k/4009332k
load average: 0.23 0.44 0.63

/proc/meminfo:
MemTotal:       32074664 kB
MemFree:        20847696 kB
MemAvailable:   24548352 kB
Buffers:          191212 kB
Cached:          3882744 kB
SwapCached:            0 kB
Active:          6703908 kB
Inactive:        2401744 kB
Active(anon):    5152916 kB
Inactive(anon):        0 kB
Active(file):    1550992 kB
Inactive(file):  2401744 kB
Unevictable:          48 kB
Mlocked:              48 kB
SwapTotal:       2097148 kB
SwapFree:        2097148 kB
Zswap:                 0 kB
Zswapped:              0 kB
Dirty:               396 kB
Writeback:             0 kB
AnonPages:       5031628 kB
Mapped:           956380 kB
Shmem:            121220 kB
KReclaimable:     212400 kB
Slab:             525056 kB
SReclaimable:     212400 kB
SUnreclaim:       312656 kB
KernelStack:       25216 kB
PageTables:        63804 kB
SecPageTables:         0 kB
NFS_Unstable:          0 kB
Bounce:                0 kB
WritebackTmp:          0 kB
CommitLimit:    18134480 kB
Committed_AS:   32553500 kB
VmallocTotal:   34359738367 kB
VmallocUsed:      167524 kB
VmallocChunk:          0 kB
Percpu:            18752 kB
HardwareCorrupted:     0 kB
AnonHugePages:         0 kB
ShmemHugePages:        0 kB
ShmemPmdMapped:        0 kB
FileHugePages:         0 kB
FilePmdMapped:         0 kB
Unaccepted:            0 kB
HugePages_Total:       0
HugePages_Free:        0
HugePages_Rsvd:        0
HugePages_Surp:        0
Hugepagesize:       2048 kB
Hugetlb:               0 kB
DirectMap4k:     1884648 kB
DirectMap2M:    17242112 kB
DirectMap1G:    14680064 kB

/sys/kernel/mm/transparent_hugepage/enabled: always [madvise] never
/sys/kernel/mm/transparent_hugepage/hpage_pmd_size: 2097152
/sys/kernel/mm/transparent_hugepage/shmem_enabled: always within_size advise [never] deny force
/sys/kernel/mm/transparent_hugepage/defrag (defrag/compaction efforts parameter): always defer defer+madvise [madvise] never

Process Memory:
Virtual Size: 16443368K (peak: 16443368K)
Resident Set Size: 347992K (peak: 347992K) (anon: 189076K, file: 150724K, shmem: 8192K)
Swapped out: 0K
C-Heap outstanding allocations: 263368K, retained: 4027K
glibc malloc tunables: (default)

/proc/sys/kernel/threads-max (system-wide limit on the number of threads): 250027
/proc/sys/vm/max_map_count (maximum number of memory map areas a process may have): 1048576
/proc/sys/vm/swappiness (control to define how aggressively the kernel swaps out anonymous memory): 60
/proc/sys/kernel/pid_max (system-wide limit on number of process identifiers): 4194304

container (cgroup) information:
container_type: cgroupv2
cpu_cpuset_cpus: not supported
cpu_memory_nodes: not supported
active_processor_count: 16
cpu_quota: not supported
cpu_period: not supported
cpu_shares: not supported
memory_limit_in_bytes: unlimited
memory_and_swap_limit_in_bytes: unlimited
memory_soft_limit_in_bytes: unlimited
memory_usage_in_bytes: 2778120 k
memory_max_usage_in_bytes: not supported
memory_swap_current_in_bytes: unlimited
memory_swap_max_limit_in_bytes: unlimited
maximum number of tasks: 37504
current number of tasks: 99

Steal ticks since vm start: 0
Steal ticks percentage since vm start:  0.000

CPU: total 16 (initial active 16) (16 cores per cpu, 2 threads per core) family 25 model 68 stepping 1 microcode 0xa404101, cx8, cmov, fxsr, ht, mmx, 3dnowpref, sse, sse2, sse3, ssse3, sse4a, sse4.1, sse4.2, popcnt, lzcnt, tsc, tscinvbit, avx, avx2, aes, clmul, bmi1, bmi2, adx, sha, fma, vzeroupper, clflush, clflushopt, rdtscp, rdpid, f16c, pku, ospke, cet_ss
CPU Model and flags from /proc/cpuinfo:
model name	: AMD Ryzen 9 6900HS with Radeon Graphics
flags		: fpu vme de pse tsc msr pae mce cx8 apic sep mtrr pge mca cmov pat pse36 clflush mmx fxsr sse sse2 ht syscall nx mmxext fxsr_opt pdpe1gb rdtscp lm constant_tsc rep_good nopl nonstop_tsc cpuid extd_apicid aperfmperf rapl pni pclmulqdq monitor ssse3 fma cx16 sse4_1 sse4_2 x2apic movbe popcnt aes xsave avx f16c rdrand lahf_lm cmp_legacy svm extapic cr8_legacy abm sse4a misalignsse 3dnowprefetch osvw ibs skinit wdt tce topoext perfctr_core perfctr_nb bpext perfctr_llc mwaitx cpb cat_l3 cdp_l3 hw_pstate ssbd mba ibrs ibpb stibp vmmcall fsgsbase bmi1 avx2 smep bmi2 invpcid cqm rdt_a rdseed adx smap clflushopt clwb sha_ni xsaveopt xsavec xgetbv1 xsaves cqm_llc cqm_occup_llc cqm_mbm_total cqm_mbm_local user_shstk clzero irperf xsaveerptr rdpru wbnoinvd cppc arat npt lbrv svm_lock nrip_save tsc_scale vmcb_clean flushbyasid decodeassists pausefilter pfthreshold avic v_vmsave_vmload vgif v_spec_ctrl umip pku ospke vaes vpclmulqdq rdpid overflow_recov succor smca debug_swap

Online cpus: 0-15
Offline cpus: 
BIOS frequency limitation: <Not Available>
Frequency switch latency (ns): 0
Available cpu frequencies: <Not Available>
Current governor: powersave
Core performance/turbo boost: <Not Available>

Memory: 4k page, physical 32074664k(24548352k free), swap 2097148k(2097148k free)
Page Sizes: 4k

vm_info: Java HotSpot(TM) 64-Bit Server VM (22.0.2+9-70) for linux-amd64 JRE (22.0.2+9-70), built on 2024-06-04T16:52:23Z by "mach5one" with gcc 13.2.0

END.
