#
# A fatal error has been detected by the Java Runtime Environment:
#
#  SIGSEGV (0xb) at pc=0x00007d60770d1bb8, pid=11461, tid=11466
#
# JRE version: Java(TM) SE Runtime Environment (22.0.2+9) (build 22.0.2+9-70)
# Java VM: Java HotSpot(TM) 64-Bit Server VM (22.0.2+9-70, mixed mode, sharing, tiered, compressed oops, compressed class ptrs, g1 gc, linux-amd64)
# Problematic frame:
# C  [libcublas.so.10+0xd1bb8]
#
# Core dump will be written. Default location: Core dumps may be processed with "/usr/share/apport/apport -p%p -s%s -c%c -d%d -P%P -u%u -g%g -- %E" (or dumping to /home/edov/projects/JCudaWrapper/core.11461)
#
# If you would like to submit a bug report, please visit:
#   https://bugreport.java.com/bugreport/crash.jsp
# The crash happened outside the Java Virtual Machine in native code.
# See problematic frame for where to report the bug.
#

---------------  S U M M A R Y ------------

Command Line: -Dfile.encoding=UTF-8 --module-path=/home/edov/projects/JCudaWrapper/build/classes storage.DArray

Host: AMD Ryzen 9 6900HS with Radeon Graphics, 16 cores, 30G, Ubuntu 24.04.1 LTS
Time: Tue Sep 17 08:57:06 2024 IDT elapsed time: 0.536760 seconds (0d 0h 0m 0s)

---------------  T H R E A D  ---------------

Current thread (0x00007d615802d4c0):  JavaThread "main"             [_thread_in_native, id=11466, stack(0x00007d6161100000,0x00007d6161200000) (1024K)]

Stack: [0x00007d6161100000,0x00007d6161200000],  sp=0x00007d61611fe460,  free space=1017k
Native frames: (J=compiled Java code, j=interpreted, Vv=VM code, C=native code)
C  [libcublas.so.10+0xd1bb8]
Java frames: (J=compiled Java code, j=interpreted, Vv=VM code)
j  jcuda.jcublas.JCublas2.cublasDnrm2Native(Ljcuda/jcublas/cublasHandle;ILjcuda/Pointer;ILjcuda/Pointer;)I+0
j  jcuda.jcublas.JCublas2.cublasDnrm2(Ljcuda/jcublas/cublasHandle;ILjcuda/Pointer;ILjcuda/Pointer;)I+6
j  storage.DArray.norm(LprocessSupport/Handle;IILstorage/DSingleton;)Lstorage/DSingleton;+31
j  storage.DArray.norm(LprocessSupport/Handle;II)D+11
j  storage.DArray.main([Ljava/lang/String;)V+39
v  ~StubRoutines::call_stub 0x00007d614805fcc6

siginfo: si_signo: 11 (SIGSEGV), si_code: 2 (SEGV_ACCERR), si_addr: 0x00007d602ce20800

Registers:
RAX=0x0000000000000000, RBX=0x0000000000000001, RCX=0x0000000000000001, RDX=0x0000000000000007
RSP=0x00007d61611fe460, RBP=0x0000000000000002, RSI=0x0000000000000002, RDI=0x00007d6033980b80
R8 =0x00007d602ce20800, R9 =0x0000000634c15ca0, R10=0x00007d6077004380, R11=0x00007d60770cb5b0
R12=0x00007d6033980b80, R13=0x0000000000000001, R14=0x00007d602ce20800, R15=0x00007d602ce20600
RIP=0x00007d60770d1bb8, EFLAGS=0x0000000000010202, CSGSFS=0x002b000000000033, ERR=0x0000000000000006
  TRAPNO=0x000000000000000e


Register to memory mapping:

RAX=0x0 is null
RBX=0x0000000000000001 is an unknown value
RCX=0x0000000000000001 is an unknown value
RDX=0x0000000000000007 is an unknown value
RSP=0x00007d61611fe460 is pointing into the stack for thread: 0x00007d615802d4c0
RBP=0x0000000000000002 is an unknown value
RSI=0x0000000000000002 is an unknown value
RDI=0x00007d6033980b80 points into unknown readable memory: 0x7fffffff00000200 | 00 02 00 00 ff ff ff 7f
R8 =0x00007d602ce20800 is an unknown value
R9 =0x0000000634c15ca0 is an oop: jcuda.driver.CUdeviceptr 
{0x0000000634c15ca0} - klass: 'jcuda/driver/CUdeviceptr'
 - ---- fields (total size 5 words):
 - private 'nativePointer' 'J' @16  137852023343104 (0x00007d602ce20800)
 - private 'buffer' 'Ljava/nio/Buffer;' @12  null (0x00000000)
 - private 'byteOffset' 'J' @24  0 (0x0000000000000000)
 - private 'pointers' '[Ljcuda/NativePointerObject;' @32  null (0x00000000)
R10=0x00007d6077004380: <offset 0x0000000000004380> in /lib/x86_64-linux-gnu/libcublas.so.10 at 0x00007d6077000000
R11=0x00007d60770cb5b0: cublasDnrm2_v2+0x0000000000000000 in /lib/x86_64-linux-gnu/libcublas.so.10 at 0x00007d6077000000
R12=0x00007d6033980b80 points into unknown readable memory: 0x7fffffff00000200 | 00 02 00 00 ff ff ff 7f
R13=0x0000000000000001 is an unknown value
R14=0x00007d602ce20800 is an unknown value
R15=0x00007d602ce20600 is an unknown value

Top of Stack: (sp=0x00007d61611fe460)
0x00007d61611fe460:   2020202020202020 0000000000000000
0x00007d61611fe470:   0000000000000000 00007d602ce20600
0x00007d61611fe480:   0000000000000000 0000000000000000
0x00007d61611fe490:   0000000000000000 0000000000000000
0x00007d61611fe4a0:   0000000000000000 00007d61581381e0
0x00007d61611fe4b0:   00007d61611fe4d0 00007d6160899906
0x00007d61611fe4c0:   00007d61311e8680 000000065802e050
0x00007d61611fe4d0:   00007d61611fe500 00007d61608d14d8
0x00007d61611fe4e0:   00007d6158145460 a760b549b0ce6c00
0x00007d61611fe4f0:   0000000000000001 00007d61611fe7c8
0x00007d61611fe500:   0000000000000002 8000000000000006
0x00007d61611fe510:   0000000000000000 0000000000000000
0x00007d61611fe520:   0000000000000000 0000000000000000
0x00007d61611fe530:   0000000000000000 0000000000000000
0x00007d61611fe540:   00007d615802d4c0 0000000000000000
0x00007d61611fe550:   00007d61611fe570 00007d6160594377
0x00007d61611fe560:   00007d6100000000 00007d60295545d0
0x00007d61611fe570:   0000000000000000 00007d60d04154b8
0x00007d61611fe580:   00007d61611fe5a0 00007d61311c8fc5
0x00007d61611fe590:   00007d61611fe7a8 00007d60d04154b8
0x00007d61611fe5a0:   00007d61611fe700 0000000000000000
0x00007d61611fe5b0:   00007d60d04154b8 00007d61611fe7c8
0x00007d61611fe5c0:   00007d602ce20600 00007d60770cb5fe
0x00007d61611fe5d0:   00007d61611fe600 00007d6033980b80
0x00007d61611fe5e0:   00007d61611fe600 00007d602ce20800
0x00007d61611fe5f0:   0000000200000001 00007d6033980b80
0x00007d61611fe600:   00007d61611fe680 00007d61311c9ac8
0x00007d61611fe610:   00007d61611fe7a8 00007d615802d880
0x00007d61611fe620:   00007d615802d400 0000010000000062
0x00007d61611fe630:   00007d61611fe7b8 00007d615802d880
0x00007d61611fe640:   0000000000000000 00007d61311c9dc5
0x00007d61611fe650:   0000000000000000 00007d60d04154b8 

Instructions: (pc=0x00007d60770d1bb8)
0x00007d60770d1ab8:   ff 4c 8b 8c 24 18 01 00 00 48 8b b4 24 c0 00 00
0x00007d60770d1ac8:   00 48 89 ef 8b 94 24 c8 00 00 00 48 8b 8c 24 b0
0x00007d60770d1ad8:   00 00 00 44 8b 84 24 b8 00 00 00 4c 8b 9c 24 10
0x00007d60770d1ae8:   01 00 00 4c 89 0c 24 4c 8d 8c 24 20 01 00 00 48
0x00007d60770d1af8:   89 b4 24 90 00 00 00 89 94 24 98 00 00 00 48 89
0x00007d60770d1b08:   8c 24 a0 00 00 00 44 89 84 24 a8 00 00 00 4c 89
0x00007d60770d1b18:   5c 24 08 e8 80 bb 50 00 e9 6d fe ff ff 48 03 9c
0x00007d60770d1b28:   24 28 01 00 00 4d 8b 44 24 48 b9 03 00 00 00 ba
0x00007d60770d1b38:   08 00 00 00 4c 89 f7 48 89 de e8 f9 e5 50 00 e9
0x00007d60770d1b48:   9a fe ff ff 90 90 90 90 48 89 6c 24 d8 4c 89 64
0x00007d60770d1b58:   24 e0 89 f5 4c 89 6c 24 e8 4c 89 74 24 f0 49 89
0x00007d60770d1b68:   fc 48 89 5c 24 d0 4c 89 7c 24 f8 48 81 ec 68 01
0x00007d60770d1b78:   00 00 48 85 ff 48 89 54 24 18 41 89 cd 4d 89 c6
0x00007d60770d1b88:   0f 84 85 01 00 00 8b 5f 38 85 db 0f 84 7a 01 00
0x00007d60770d1b98:   00 4d 85 c0 ba 07 00 00 00 0f 84 ff 00 00 00 8b
0x00007d60770d1ba8:   47 50 85 c0 89 44 24 2c 0f 85 2a 01 00 00 85 f6
0x00007d60770d1bb8:   49 c7 00 00 00 00 00 0f 8e 4a 01 00 00 85 c9 0f
0x00007d60770d1bc8:   8e 42 01 00 00 48 8b 35 94 83 bd 04 31 c9 4c 89
0x00007d60770d1bd8:   e7 48 89 f2 48 89 74 24 10 be 80 00 00 00 e8 d5
0x00007d60770d1be8:   39 fe ff 85 c0 ba 0d 00 00 00 0f 8e ae 00 00 00
0x00007d60770d1bf8:   39 e8 41 89 ef 49 8d 54 24 78 44 0f 4e f8 42 8d
0x00007d60770d1c08:   1c fd 08 00 00 00 48 89 d7 48 89 54 24 20 e8 75
0x00007d60770d1c18:   88 f5 ff 39 c3 0f 8f ca 01 00 00 48 8b 7c 24 20
0x00007d60770d1c28:   48 8d b4 24 28 01 00 00 89 da e8 79 91 f5 ff 85
0x00007d60770d1c38:   c0 89 c2 75 69 48 63 d3 48 c7 44 24 70 00 00 00
0x00007d60770d1c48:   00 48 c7 44 24 78 00 00 00 00 48 81 fa ff ff 00
0x00007d60770d1c58:   00 48 c7 84 24 80 00 00 00 00 00 00 00 48 c7 84
0x00007d60770d1c68:   24 88 00 00 00 00 00 00 00 49 8b 4c 24 48 48 8b
0x00007d60770d1c78:   bc 24 28 01 00 00 0f 87 9c 00 00 00 49 8d b4 24
0x00007d60770d1c88:   d8 00 00 00 49 89 c8 b9 01 00 00 00 e8 a7 e4 50
0x00007d60770d1c98:   00 85 c0 0f 84 8e 00 00 00 ba 0e 00 00 00 48 8b
0x00007d60770d1ca8:   9c 24 38 01 00 00 48 8b ac 24 40 01 00 00 89 d0 


Stack slot to memory mapping:

stack at sp + 0 slots: 0x2020202020202020 is an unknown value
stack at sp + 1 slots: 0x0 is null
stack at sp + 2 slots: 0x0 is null
stack at sp + 3 slots: 0x00007d602ce20600 is an unknown value
stack at sp + 4 slots: 0x0 is null
stack at sp + 5 slots: 0x0 is null
stack at sp + 6 slots: 0x0 is null
stack at sp + 7 slots: 0x0 is null


---------------  P R O C E S S  ---------------

Threads class SMR info:
_java_thread_list=0x00007d602954c730, length=14, elements={
0x00007d615802d4c0, 0x00007d615814c580, 0x00007d615814dbd0, 0x00007d615814f6b0,
0x00007d6158150cf0, 0x00007d6158152290, 0x00007d6158153e30, 0x00007d6158155540,
0x00007d61581749e0, 0x00007d60a001fa80, 0x00007d60a00210a0, 0x00007d6094011360,
0x00007d61581b0480, 0x00007d602954be30
}

Java Threads: ( => current thread )
=>0x00007d615802d4c0 JavaThread "main"                              [_thread_in_native, id=11466, stack(0x00007d6161100000,0x00007d6161200000) (1024K)]
  0x00007d615814c580 JavaThread "Reference Handler"          daemon [_thread_blocked, id=11474, stack(0x00007d61387f9000,0x00007d61388f9000) (1024K)]
  0x00007d615814dbd0 JavaThread "Finalizer"                  daemon [_thread_blocked, id=11475, stack(0x00007d6138100000,0x00007d6138200000) (1024K)]
  0x00007d615814f6b0 JavaThread "Signal Dispatcher"          daemon [_thread_blocked, id=11476, stack(0x00007d6138000000,0x00007d6138100000) (1024K)]
  0x00007d6158150cf0 JavaThread "Service Thread"             daemon [_thread_blocked, id=11477, stack(0x00007d6131f00000,0x00007d6132000000) (1024K)]
  0x00007d6158152290 JavaThread "Monitor Deflation Thread"   daemon [_thread_blocked, id=11478, stack(0x00007d6131e00000,0x00007d6131f00000) (1024K)]
  0x00007d6158153e30 JavaThread "C2 CompilerThread0"         daemon [_thread_blocked, id=11479, stack(0x00007d6131d00000,0x00007d6131e00000) (1024K)]
  0x00007d6158155540 JavaThread "C1 CompilerThread0"         daemon [_thread_blocked, id=11480, stack(0x00007d6131c00000,0x00007d6131d00000) (1024K)]
  0x00007d61581749e0 JavaThread "Common-Cleaner"             daemon [_thread_blocked, id=11481, stack(0x00007d6131a30000,0x00007d6131b30000) (1024K)]
  0x00007d60a001fa80 JavaThread "C1 CompilerThread1"         daemon [_thread_blocked, id=11482, stack(0x00007d6131930000,0x00007d6131a30000) (1024K)]
  0x00007d60a00210a0 JavaThread "C1 CompilerThread2"         daemon [_thread_blocked, id=11483, stack(0x00007d6131830000,0x00007d6131930000) (1024K)]
  0x00007d6094011360 JavaThread "C1 CompilerThread3"         daemon [_thread_blocked, id=11484, stack(0x00007d6131730000,0x00007d6131830000) (1024K)]
  0x00007d61581b0480 JavaThread "Notification Thread"        daemon [_thread_blocked, id=11486, stack(0x00007d6131530000,0x00007d6131630000) (1024K)]
  0x00007d602954be30 JavaThread "pool-1-thread-1"            daemon [_thread_blocked, id=11490, stack(0x00007d6131630000,0x00007d6131730000) (1024K)]
Total: 14

Other Threads:
  0x00007d615813ee40 VMThread "VM Thread"                           [id=11473, stack(0x00007d61388fa000,0x00007d61389fa000) (1024K)]
  0x00007d6158124940 WatcherThread "VM Periodic Task Thread"        [id=11472, stack(0x00007d61389fb000,0x00007d6138afb000) (1024K)]
  0x00007d6158058c90 WorkerThread "GC Thread#0"                     [id=11467, stack(0x00007d615eb65000,0x00007d615ec65000) (1024K)]
  0x00007d6158069790 ConcurrentGCThread "G1 Main Marker"            [id=11468, stack(0x00007d615cb00000,0x00007d615cc00000) (1024K)]
  0x00007d615806a730 WorkerThread "G1 Conc#0"                       [id=11469, stack(0x00007d615c9ff000,0x00007d615caff000) (1024K)]
  0x00007d6158112270 ConcurrentGCThread "G1 Refine#0"               [id=11470, stack(0x00007d6138bfd000,0x00007d6138cfd000) (1024K)]
  0x00007d6158113230 ConcurrentGCThread "G1 Service"                [id=11471, stack(0x00007d6138afc000,0x00007d6138bfc000) (1024K)]
Total: 7

Threads with active compile tasks:
Total: 0

VM state: not at safepoint (normal execution)

VM Mutex/Monitor currently owned by a thread: None

Heap address: 0x0000000616800000, size: 7832 MB, Compressed Oops mode: Zero based, Oop shift amount: 3

CDS archive(s) mapped at: [0x00007d60da000000-0x00007d60dac7a000-0x00007d60dac7a000), size 13082624, SharedBaseAddress: 0x00007d60da000000, ArchiveRelocationMode: 1.
Compressed class space mapped at: 0x00007d60db000000-0x00007d611b000000, reserved size: 1073741824
Narrow klass base: 0x00007d60da000000, Narrow klass shift: 0, Narrow klass range: 0x100000000

GC Precious Log:
 CardTable entry size: 512
 Card Set container configuration: InlinePtr #cards 4 size 8 Array Of Cards #cards 32 size 80 Howl #buckets 8 coarsen threshold 7372 Howl Bitmap #cards 1024 size 144 coarsen threshold 921 Card regions per heap region 1 cards per card region 8192
 CPUs: 16 total, 16 available
 Memory: 31322M
 Large Page Support: Disabled
 NUMA Support: Disabled
 Compressed Oops: Enabled (Zero based)
 Heap Region Size: 4M
 Heap Min Capacity: 8M
 Heap Initial Capacity: 492M
 Heap Max Capacity: 7832M
 Pre-touch: Disabled
 Parallel Workers: 13
 Concurrent Workers: 3
 Concurrent Refinement Workers: 13
 Periodic GC: Disabled

Heap:
 garbage-first heap   total reserved 8019968K, committed 507904K, used 5155K [0x0000000616800000, 0x0000000800000000)
  region size 4096K, 2 young (8192K), 0 survivors (0K)
 Metaspace       used 1084K, committed 1216K, reserved 1114112K
  class space    used 76K, committed 128K, reserved 1048576K

Heap Regions: E=young(eden), S=young(survivor), O=old, HS=humongous(starts), HC=humongous(continues), CS=collection set, F=free, TAMS=top-at-mark-start, PB=parsable bottom
|   0|0x0000000616800000, 0x0000000616800000, 0x0000000616c00000|  0%| F|  |TAMS 0x0000000616800000| PB 0x0000000616800000| Untracked |  0
|   1|0x0000000616c00000, 0x0000000616c00000, 0x0000000617000000|  0%| F|  |TAMS 0x0000000616c00000| PB 0x0000000616c00000| Untracked |  0
|   2|0x0000000617000000, 0x0000000617000000, 0x0000000617400000|  0%| F|  |TAMS 0x0000000617000000| PB 0x0000000617000000| Untracked |  0
|   3|0x0000000617400000, 0x0000000617400000, 0x0000000617800000|  0%| F|  |TAMS 0x0000000617400000| PB 0x0000000617400000| Untracked |  0
|   4|0x0000000617800000, 0x0000000617800000, 0x0000000617c00000|  0%| F|  |TAMS 0x0000000617800000| PB 0x0000000617800000| Untracked |  0
|   5|0x0000000617c00000, 0x0000000617c00000, 0x0000000618000000|  0%| F|  |TAMS 0x0000000617c00000| PB 0x0000000617c00000| Untracked |  0
|   6|0x0000000618000000, 0x0000000618000000, 0x0000000618400000|  0%| F|  |TAMS 0x0000000618000000| PB 0x0000000618000000| Untracked |  0
|   7|0x0000000618400000, 0x0000000618400000, 0x0000000618800000|  0%| F|  |TAMS 0x0000000618400000| PB 0x0000000618400000| Untracked |  0
|   8|0x0000000618800000, 0x0000000618800000, 0x0000000618c00000|  0%| F|  |TAMS 0x0000000618800000| PB 0x0000000618800000| Untracked |  0
|   9|0x0000000618c00000, 0x0000000618c00000, 0x0000000619000000|  0%| F|  |TAMS 0x0000000618c00000| PB 0x0000000618c00000| Untracked |  0
|  10|0x0000000619000000, 0x0000000619000000, 0x0000000619400000|  0%| F|  |TAMS 0x0000000619000000| PB 0x0000000619000000| Untracked |  0
|  11|0x0000000619400000, 0x0000000619400000, 0x0000000619800000|  0%| F|  |TAMS 0x0000000619400000| PB 0x0000000619400000| Untracked |  0
|  12|0x0000000619800000, 0x0000000619800000, 0x0000000619c00000|  0%| F|  |TAMS 0x0000000619800000| PB 0x0000000619800000| Untracked |  0
|  13|0x0000000619c00000, 0x0000000619c00000, 0x000000061a000000|  0%| F|  |TAMS 0x0000000619c00000| PB 0x0000000619c00000| Untracked |  0
|  14|0x000000061a000000, 0x000000061a000000, 0x000000061a400000|  0%| F|  |TAMS 0x000000061a000000| PB 0x000000061a000000| Untracked |  0
|  15|0x000000061a400000, 0x000000061a400000, 0x000000061a800000|  0%| F|  |TAMS 0x000000061a400000| PB 0x000000061a400000| Untracked |  0
|  16|0x000000061a800000, 0x000000061a800000, 0x000000061ac00000|  0%| F|  |TAMS 0x000000061a800000| PB 0x000000061a800000| Untracked |  0
|  17|0x000000061ac00000, 0x000000061ac00000, 0x000000061b000000|  0%| F|  |TAMS 0x000000061ac00000| PB 0x000000061ac00000| Untracked |  0
|  18|0x000000061b000000, 0x000000061b000000, 0x000000061b400000|  0%| F|  |TAMS 0x000000061b000000| PB 0x000000061b000000| Untracked |  0
|  19|0x000000061b400000, 0x000000061b400000, 0x000000061b800000|  0%| F|  |TAMS 0x000000061b400000| PB 0x000000061b400000| Untracked |  0
|  20|0x000000061b800000, 0x000000061b800000, 0x000000061bc00000|  0%| F|  |TAMS 0x000000061b800000| PB 0x000000061b800000| Untracked |  0
|  21|0x000000061bc00000, 0x000000061bc00000, 0x000000061c000000|  0%| F|  |TAMS 0x000000061bc00000| PB 0x000000061bc00000| Untracked |  0
|  22|0x000000061c000000, 0x000000061c000000, 0x000000061c400000|  0%| F|  |TAMS 0x000000061c000000| PB 0x000000061c000000| Untracked |  0
|  23|0x000000061c400000, 0x000000061c400000, 0x000000061c800000|  0%| F|  |TAMS 0x000000061c400000| PB 0x000000061c400000| Untracked |  0
|  24|0x000000061c800000, 0x000000061c800000, 0x000000061cc00000|  0%| F|  |TAMS 0x000000061c800000| PB 0x000000061c800000| Untracked |  0
|  25|0x000000061cc00000, 0x000000061cc00000, 0x000000061d000000|  0%| F|  |TAMS 0x000000061cc00000| PB 0x000000061cc00000| Untracked |  0
|  26|0x000000061d000000, 0x000000061d000000, 0x000000061d400000|  0%| F|  |TAMS 0x000000061d000000| PB 0x000000061d000000| Untracked |  0
|  27|0x000000061d400000, 0x000000061d400000, 0x000000061d800000|  0%| F|  |TAMS 0x000000061d400000| PB 0x000000061d400000| Untracked |  0
|  28|0x000000061d800000, 0x000000061d800000, 0x000000061dc00000|  0%| F|  |TAMS 0x000000061d800000| PB 0x000000061d800000| Untracked |  0
|  29|0x000000061dc00000, 0x000000061dc00000, 0x000000061e000000|  0%| F|  |TAMS 0x000000061dc00000| PB 0x000000061dc00000| Untracked |  0
|  30|0x000000061e000000, 0x000000061e000000, 0x000000061e400000|  0%| F|  |TAMS 0x000000061e000000| PB 0x000000061e000000| Untracked |  0
|  31|0x000000061e400000, 0x000000061e400000, 0x000000061e800000|  0%| F|  |TAMS 0x000000061e400000| PB 0x000000061e400000| Untracked |  0
|  32|0x000000061e800000, 0x000000061e800000, 0x000000061ec00000|  0%| F|  |TAMS 0x000000061e800000| PB 0x000000061e800000| Untracked |  0
|  33|0x000000061ec00000, 0x000000061ec00000, 0x000000061f000000|  0%| F|  |TAMS 0x000000061ec00000| PB 0x000000061ec00000| Untracked |  0
|  34|0x000000061f000000, 0x000000061f000000, 0x000000061f400000|  0%| F|  |TAMS 0x000000061f000000| PB 0x000000061f000000| Untracked |  0
|  35|0x000000061f400000, 0x000000061f400000, 0x000000061f800000|  0%| F|  |TAMS 0x000000061f400000| PB 0x000000061f400000| Untracked |  0
|  36|0x000000061f800000, 0x000000061f800000, 0x000000061fc00000|  0%| F|  |TAMS 0x000000061f800000| PB 0x000000061f800000| Untracked |  0
|  37|0x000000061fc00000, 0x000000061fc00000, 0x0000000620000000|  0%| F|  |TAMS 0x000000061fc00000| PB 0x000000061fc00000| Untracked |  0
|  38|0x0000000620000000, 0x0000000620000000, 0x0000000620400000|  0%| F|  |TAMS 0x0000000620000000| PB 0x0000000620000000| Untracked |  0
|  39|0x0000000620400000, 0x0000000620400000, 0x0000000620800000|  0%| F|  |TAMS 0x0000000620400000| PB 0x0000000620400000| Untracked |  0
|  40|0x0000000620800000, 0x0000000620800000, 0x0000000620c00000|  0%| F|  |TAMS 0x0000000620800000| PB 0x0000000620800000| Untracked |  0
|  41|0x0000000620c00000, 0x0000000620c00000, 0x0000000621000000|  0%| F|  |TAMS 0x0000000620c00000| PB 0x0000000620c00000| Untracked |  0
|  42|0x0000000621000000, 0x0000000621000000, 0x0000000621400000|  0%| F|  |TAMS 0x0000000621000000| PB 0x0000000621000000| Untracked |  0
|  43|0x0000000621400000, 0x0000000621400000, 0x0000000621800000|  0%| F|  |TAMS 0x0000000621400000| PB 0x0000000621400000| Untracked |  0
|  44|0x0000000621800000, 0x0000000621800000, 0x0000000621c00000|  0%| F|  |TAMS 0x0000000621800000| PB 0x0000000621800000| Untracked |  0
|  45|0x0000000621c00000, 0x0000000621c00000, 0x0000000622000000|  0%| F|  |TAMS 0x0000000621c00000| PB 0x0000000621c00000| Untracked |  0
|  46|0x0000000622000000, 0x0000000622000000, 0x0000000622400000|  0%| F|  |TAMS 0x0000000622000000| PB 0x0000000622000000| Untracked |  0
|  47|0x0000000622400000, 0x0000000622400000, 0x0000000622800000|  0%| F|  |TAMS 0x0000000622400000| PB 0x0000000622400000| Untracked |  0
|  48|0x0000000622800000, 0x0000000622800000, 0x0000000622c00000|  0%| F|  |TAMS 0x0000000622800000| PB 0x0000000622800000| Untracked |  0
|  49|0x0000000622c00000, 0x0000000622c00000, 0x0000000623000000|  0%| F|  |TAMS 0x0000000622c00000| PB 0x0000000622c00000| Untracked |  0
|  50|0x0000000623000000, 0x0000000623000000, 0x0000000623400000|  0%| F|  |TAMS 0x0000000623000000| PB 0x0000000623000000| Untracked |  0
|  51|0x0000000623400000, 0x0000000623400000, 0x0000000623800000|  0%| F|  |TAMS 0x0000000623400000| PB 0x0000000623400000| Untracked |  0
|  52|0x0000000623800000, 0x0000000623800000, 0x0000000623c00000|  0%| F|  |TAMS 0x0000000623800000| PB 0x0000000623800000| Untracked |  0
|  53|0x0000000623c00000, 0x0000000623c00000, 0x0000000624000000|  0%| F|  |TAMS 0x0000000623c00000| PB 0x0000000623c00000| Untracked |  0
|  54|0x0000000624000000, 0x0000000624000000, 0x0000000624400000|  0%| F|  |TAMS 0x0000000624000000| PB 0x0000000624000000| Untracked |  0
|  55|0x0000000624400000, 0x0000000624400000, 0x0000000624800000|  0%| F|  |TAMS 0x0000000624400000| PB 0x0000000624400000| Untracked |  0
|  56|0x0000000624800000, 0x0000000624800000, 0x0000000624c00000|  0%| F|  |TAMS 0x0000000624800000| PB 0x0000000624800000| Untracked |  0
|  57|0x0000000624c00000, 0x0000000624c00000, 0x0000000625000000|  0%| F|  |TAMS 0x0000000624c00000| PB 0x0000000624c00000| Untracked |  0
|  58|0x0000000625000000, 0x0000000625000000, 0x0000000625400000|  0%| F|  |TAMS 0x0000000625000000| PB 0x0000000625000000| Untracked |  0
|  59|0x0000000625400000, 0x0000000625400000, 0x0000000625800000|  0%| F|  |TAMS 0x0000000625400000| PB 0x0000000625400000| Untracked |  0
|  60|0x0000000625800000, 0x0000000625800000, 0x0000000625c00000|  0%| F|  |TAMS 0x0000000625800000| PB 0x0000000625800000| Untracked |  0
|  61|0x0000000625c00000, 0x0000000625c00000, 0x0000000626000000|  0%| F|  |TAMS 0x0000000625c00000| PB 0x0000000625c00000| Untracked |  0
|  62|0x0000000626000000, 0x0000000626000000, 0x0000000626400000|  0%| F|  |TAMS 0x0000000626000000| PB 0x0000000626000000| Untracked |  0
|  63|0x0000000626400000, 0x0000000626400000, 0x0000000626800000|  0%| F|  |TAMS 0x0000000626400000| PB 0x0000000626400000| Untracked |  0
|  64|0x0000000626800000, 0x0000000626800000, 0x0000000626c00000|  0%| F|  |TAMS 0x0000000626800000| PB 0x0000000626800000| Untracked |  0
|  65|0x0000000626c00000, 0x0000000626c00000, 0x0000000627000000|  0%| F|  |TAMS 0x0000000626c00000| PB 0x0000000626c00000| Untracked |  0
|  66|0x0000000627000000, 0x0000000627000000, 0x0000000627400000|  0%| F|  |TAMS 0x0000000627000000| PB 0x0000000627000000| Untracked |  0
|  67|0x0000000627400000, 0x0000000627400000, 0x0000000627800000|  0%| F|  |TAMS 0x0000000627400000| PB 0x0000000627400000| Untracked |  0
|  68|0x0000000627800000, 0x0000000627800000, 0x0000000627c00000|  0%| F|  |TAMS 0x0000000627800000| PB 0x0000000627800000| Untracked |  0
|  69|0x0000000627c00000, 0x0000000627c00000, 0x0000000628000000|  0%| F|  |TAMS 0x0000000627c00000| PB 0x0000000627c00000| Untracked |  0
|  70|0x0000000628000000, 0x0000000628000000, 0x0000000628400000|  0%| F|  |TAMS 0x0000000628000000| PB 0x0000000628000000| Untracked |  0
|  71|0x0000000628400000, 0x0000000628400000, 0x0000000628800000|  0%| F|  |TAMS 0x0000000628400000| PB 0x0000000628400000| Untracked |  0
|  72|0x0000000628800000, 0x0000000628800000, 0x0000000628c00000|  0%| F|  |TAMS 0x0000000628800000| PB 0x0000000628800000| Untracked |  0
|  73|0x0000000628c00000, 0x0000000628c00000, 0x0000000629000000|  0%| F|  |TAMS 0x0000000628c00000| PB 0x0000000628c00000| Untracked |  0
|  74|0x0000000629000000, 0x0000000629000000, 0x0000000629400000|  0%| F|  |TAMS 0x0000000629000000| PB 0x0000000629000000| Untracked |  0
|  75|0x0000000629400000, 0x0000000629400000, 0x0000000629800000|  0%| F|  |TAMS 0x0000000629400000| PB 0x0000000629400000| Untracked |  0
|  76|0x0000000629800000, 0x0000000629800000, 0x0000000629c00000|  0%| F|  |TAMS 0x0000000629800000| PB 0x0000000629800000| Untracked |  0
|  77|0x0000000629c00000, 0x0000000629c00000, 0x000000062a000000|  0%| F|  |TAMS 0x0000000629c00000| PB 0x0000000629c00000| Untracked |  0
|  78|0x000000062a000000, 0x000000062a000000, 0x000000062a400000|  0%| F|  |TAMS 0x000000062a000000| PB 0x000000062a000000| Untracked |  0
|  79|0x000000062a400000, 0x000000062a400000, 0x000000062a800000|  0%| F|  |TAMS 0x000000062a400000| PB 0x000000062a400000| Untracked |  0
|  80|0x000000062a800000, 0x000000062a800000, 0x000000062ac00000|  0%| F|  |TAMS 0x000000062a800000| PB 0x000000062a800000| Untracked |  0
|  81|0x000000062ac00000, 0x000000062ac00000, 0x000000062b000000|  0%| F|  |TAMS 0x000000062ac00000| PB 0x000000062ac00000| Untracked |  0
|  82|0x000000062b000000, 0x000000062b000000, 0x000000062b400000|  0%| F|  |TAMS 0x000000062b000000| PB 0x000000062b000000| Untracked |  0
|  83|0x000000062b400000, 0x000000062b400000, 0x000000062b800000|  0%| F|  |TAMS 0x000000062b400000| PB 0x000000062b400000| Untracked |  0
|  84|0x000000062b800000, 0x000000062b800000, 0x000000062bc00000|  0%| F|  |TAMS 0x000000062b800000| PB 0x000000062b800000| Untracked |  0
|  85|0x000000062bc00000, 0x000000062bc00000, 0x000000062c000000|  0%| F|  |TAMS 0x000000062bc00000| PB 0x000000062bc00000| Untracked |  0
|  86|0x000000062c000000, 0x000000062c000000, 0x000000062c400000|  0%| F|  |TAMS 0x000000062c000000| PB 0x000000062c000000| Untracked |  0
|  87|0x000000062c400000, 0x000000062c400000, 0x000000062c800000|  0%| F|  |TAMS 0x000000062c400000| PB 0x000000062c400000| Untracked |  0
|  88|0x000000062c800000, 0x000000062c800000, 0x000000062cc00000|  0%| F|  |TAMS 0x000000062c800000| PB 0x000000062c800000| Untracked |  0
|  89|0x000000062cc00000, 0x000000062cc00000, 0x000000062d000000|  0%| F|  |TAMS 0x000000062cc00000| PB 0x000000062cc00000| Untracked |  0
|  90|0x000000062d000000, 0x000000062d000000, 0x000000062d400000|  0%| F|  |TAMS 0x000000062d000000| PB 0x000000062d000000| Untracked |  0
|  91|0x000000062d400000, 0x000000062d400000, 0x000000062d800000|  0%| F|  |TAMS 0x000000062d400000| PB 0x000000062d400000| Untracked |  0
|  92|0x000000062d800000, 0x000000062d800000, 0x000000062dc00000|  0%| F|  |TAMS 0x000000062d800000| PB 0x000000062d800000| Untracked |  0
|  93|0x000000062dc00000, 0x000000062dc00000, 0x000000062e000000|  0%| F|  |TAMS 0x000000062dc00000| PB 0x000000062dc00000| Untracked |  0
|  94|0x000000062e000000, 0x000000062e000000, 0x000000062e400000|  0%| F|  |TAMS 0x000000062e000000| PB 0x000000062e000000| Untracked |  0
|  95|0x000000062e400000, 0x000000062e400000, 0x000000062e800000|  0%| F|  |TAMS 0x000000062e400000| PB 0x000000062e400000| Untracked |  0
|  96|0x000000062e800000, 0x000000062e800000, 0x000000062ec00000|  0%| F|  |TAMS 0x000000062e800000| PB 0x000000062e800000| Untracked |  0
|  97|0x000000062ec00000, 0x000000062ec00000, 0x000000062f000000|  0%| F|  |TAMS 0x000000062ec00000| PB 0x000000062ec00000| Untracked |  0
|  98|0x000000062f000000, 0x000000062f000000, 0x000000062f400000|  0%| F|  |TAMS 0x000000062f000000| PB 0x000000062f000000| Untracked |  0
|  99|0x000000062f400000, 0x000000062f400000, 0x000000062f800000|  0%| F|  |TAMS 0x000000062f400000| PB 0x000000062f400000| Untracked |  0
| 100|0x000000062f800000, 0x000000062f800000, 0x000000062fc00000|  0%| F|  |TAMS 0x000000062f800000| PB 0x000000062f800000| Untracked |  0
| 101|0x000000062fc00000, 0x000000062fc00000, 0x0000000630000000|  0%| F|  |TAMS 0x000000062fc00000| PB 0x000000062fc00000| Untracked |  0
| 102|0x0000000630000000, 0x0000000630000000, 0x0000000630400000|  0%| F|  |TAMS 0x0000000630000000| PB 0x0000000630000000| Untracked |  0
| 103|0x0000000630400000, 0x0000000630400000, 0x0000000630800000|  0%| F|  |TAMS 0x0000000630400000| PB 0x0000000630400000| Untracked |  0
| 104|0x0000000630800000, 0x0000000630800000, 0x0000000630c00000|  0%| F|  |TAMS 0x0000000630800000| PB 0x0000000630800000| Untracked |  0
| 105|0x0000000630c00000, 0x0000000630c00000, 0x0000000631000000|  0%| F|  |TAMS 0x0000000630c00000| PB 0x0000000630c00000| Untracked |  0
| 106|0x0000000631000000, 0x0000000631000000, 0x0000000631400000|  0%| F|  |TAMS 0x0000000631000000| PB 0x0000000631000000| Untracked |  0
| 107|0x0000000631400000, 0x0000000631400000, 0x0000000631800000|  0%| F|  |TAMS 0x0000000631400000| PB 0x0000000631400000| Untracked |  0
| 108|0x0000000631800000, 0x0000000631800000, 0x0000000631c00000|  0%| F|  |TAMS 0x0000000631800000| PB 0x0000000631800000| Untracked |  0
| 109|0x0000000631c00000, 0x0000000631c00000, 0x0000000632000000|  0%| F|  |TAMS 0x0000000631c00000| PB 0x0000000631c00000| Untracked |  0
| 110|0x0000000632000000, 0x0000000632000000, 0x0000000632400000|  0%| F|  |TAMS 0x0000000632000000| PB 0x0000000632000000| Untracked |  0
| 111|0x0000000632400000, 0x0000000632400000, 0x0000000632800000|  0%| F|  |TAMS 0x0000000632400000| PB 0x0000000632400000| Untracked |  0
| 112|0x0000000632800000, 0x0000000632800000, 0x0000000632c00000|  0%| F|  |TAMS 0x0000000632800000| PB 0x0000000632800000| Untracked |  0
| 113|0x0000000632c00000, 0x0000000632c00000, 0x0000000633000000|  0%| F|  |TAMS 0x0000000632c00000| PB 0x0000000632c00000| Untracked |  0
| 114|0x0000000633000000, 0x0000000633000000, 0x0000000633400000|  0%| F|  |TAMS 0x0000000633000000| PB 0x0000000633000000| Untracked |  0
| 115|0x0000000633400000, 0x0000000633400000, 0x0000000633800000|  0%| F|  |TAMS 0x0000000633400000| PB 0x0000000633400000| Untracked |  0
| 116|0x0000000633800000, 0x0000000633800000, 0x0000000633c00000|  0%| F|  |TAMS 0x0000000633800000| PB 0x0000000633800000| Untracked |  0
| 117|0x0000000633c00000, 0x0000000633c00000, 0x0000000634000000|  0%| F|  |TAMS 0x0000000633c00000| PB 0x0000000633c00000| Untracked |  0
| 118|0x0000000634000000, 0x0000000634000000, 0x0000000634400000|  0%| F|  |TAMS 0x0000000634000000| PB 0x0000000634000000| Untracked |  0
| 119|0x0000000634400000, 0x0000000634400000, 0x0000000634800000|  0%| F|  |TAMS 0x0000000634400000| PB 0x0000000634400000| Untracked |  0
| 120|0x0000000634800000, 0x0000000634800000, 0x0000000634c00000|  0%| F|  |TAMS 0x0000000634800000| PB 0x0000000634800000| Untracked |  0
| 121|0x0000000634c00000, 0x0000000634cf5e50, 0x0000000635000000| 24%| E|  |TAMS 0x0000000634c00000| PB 0x0000000634c00000| Complete |  0
| 122|0x0000000635000000, 0x0000000635400000, 0x0000000635400000|100%| E|CS|TAMS 0x0000000635000000| PB 0x0000000635000000| Complete |  0
|1957|0x00000007ffc00000, 0x00000007ffd08c80, 0x0000000800000000| 25%| O|  |TAMS 0x00000007ffc00000| PB 0x00000007ffc00000| Untracked |  0

Card table byte_map: [0x00007d615cc00000,0x00007d615db4c000] _byte_map_base: 0x00007d6159b4c000

Marking Bits: (CMBitMap*) 0x00007d61580597c0
 Bits: [0x00007d6139000000, 0x00007d6140a60000)

Polling page: 0x00007d61615ef000

Metaspace:

Usage:
  Non-class:   1008.01 KB used.
      Class:     76.90 KB used.
       Both:      1.06 MB used.

Virtual space:
  Non-class space:       64.00 MB reserved,       1.06 MB (  2%) committed,  1 nodes.
      Class space:        1.00 GB reserved,     128.00 KB ( <1%) committed,  1 nodes.
             Both:        1.06 GB reserved,       1.19 MB ( <1%) committed. 

Chunk freelists:
   Non-Class:  11.64 MB
       Class:  15.70 MB
        Both:  27.34 MB

MaxMetaspaceSize: unlimited
CompressedClassSpaceSize: 1.00 GB
Initial GC threshold: 21.00 MB
Current GC threshold: 21.00 MB
CDS: on
 - commit_granule_bytes: 65536.
 - commit_granule_words: 8192.
 - virtual_space_node_default_size: 8388608.
 - enlarge_chunks_in_place: 1.
 - use_allocation_guard: 0.


Internal statistics:

num_allocs_failed_limit: 0.
num_arena_births: 12.
num_arena_deaths: 0.
num_vsnodes_births: 2.
num_vsnodes_deaths: 0.
num_space_committed: 19.
num_space_uncommitted: 0.
num_chunks_returned_to_freelist: 0.
num_chunks_taken_from_freelist: 35.
num_chunk_merges: 0.
num_chunk_splits: 22.
num_chunks_enlarged: 19.
num_inconsistent_stats: 0.

CodeHeap 'non-profiled nmethods': size=119168Kb used=110Kb max_used=110Kb free=119057Kb
 bounds [0x00007d61487a0000, 0x00007d6148a10000, 0x00007d614fc00000]
CodeHeap 'profiled nmethods': size=119164Kb used=514Kb max_used=514Kb free=118650Kb
 bounds [0x00007d6140c00000, 0x00007d6140e70000, 0x00007d614805f000]
CodeHeap 'non-nmethods': size=7428Kb used=3070Kb max_used=3077Kb free=4357Kb
 bounds [0x00007d614805f000, 0x00007d614836f000, 0x00007d61487a0000]
 total_blobs=898 nmethods=405 adapters=396
 compilation: enabled
              stopped_count=0, restarted_count=0
 full_count=0

Compilation events (20 events):
Event: 0.533 Thread 0x00007d60a001fa80 nmethod 392 0x00007d6140c7b010 code [0x00007d6140c7b200, 0x00007d6140c7ba58]
Event: 0.533 Thread 0x00007d6094011360 nmethod 393 0x00007d6140c7bd10 code [0x00007d6140c7bec0, 0x00007d6140c7c0c8]
Event: 0.533 Thread 0x00007d60a00210a0  397       3       java.lang.invoke.LambdaForm$BasicType::basicType (187 bytes)
Event: 0.533 Thread 0x00007d60a001fa80  398       3       java.lang.ClassLoader::checkName (37 bytes)
Event: 0.534 Thread 0x00007d60a00210a0 nmethod 397 0x00007d6140c7c210 code [0x00007d6140c7c4a0, 0x00007d6140c7cf48]
Event: 0.534 Thread 0x00007d60a00210a0  399       3       java.lang.StringLatin1::indexOf (37 bytes)
Event: 0.534 Thread 0x00007d60a001fa80 nmethod 398 0x00007d6140c7d210 code [0x00007d6140c7d440, 0x00007d6140c7dc38]
Event: 0.534 Thread 0x00007d60a00210a0 nmethod 399 0x00007d6140c7df90 code [0x00007d6140c7e160, 0x00007d6140c7e560]
Event: 0.534 Thread 0x00007d60a00210a0  400       1       java.lang.invoke.MethodTypeForm::basicType (5 bytes)
Event: 0.534 Thread 0x00007d60a00210a0 nmethod 400 0x00007d61487bb610 code [0x00007d61487bb7a0, 0x00007d61487bb868]
Event: 0.535 Thread 0x00007d60a00210a0  401       3       jdk.internal.org.objectweb.asm.SymbolTable$Entry::<init> (17 bytes)
Event: 0.535 Thread 0x00007d6094011360  402       3       jdk.internal.org.objectweb.asm.SymbolTable::addConstantUtf8 (98 bytes)
Event: 0.535 Thread 0x00007d60a001fa80  403       3       jdk.internal.org.objectweb.asm.ByteVector::putByte (39 bytes)
Event: 0.535 Thread 0x00007d60a00210a0 nmethod 401 0x00007d6140c7e710 code [0x00007d6140c7e8a0, 0x00007d6140c7ea20]
Event: 0.535 Thread 0x00007d60a00210a0  404       3       java.lang.reflect.Modifier::isPublic (12 bytes)
Event: 0.535 Thread 0x00007d60a001fa80 nmethod 403 0x00007d6140c7eb10 code [0x00007d6140c7ecc0, 0x00007d6140c7eea0]
Event: 0.535 Thread 0x00007d60a00210a0 nmethod 404 0x00007d6140c7f010 code [0x00007d6140c7f1a0, 0x00007d6140c7f2d8]
Event: 0.535 Thread 0x00007d6094011360 nmethod 402 0x00007d6140c7f390 code [0x00007d6140c7f5c0, 0x00007d6140c7fba0]
Event: 0.535 Thread 0x00007d6094011360  405       3       jdk.internal.util.StrongReferenceKey::equals (28 bytes)
Event: 0.536 Thread 0x00007d6094011360 nmethod 405 0x00007d6140c7ff10 code [0x00007d6140c800e0, 0x00007d6140c806b0]

GC Heap History (0 events):
No events

Dll operation events (7 events):
Event: 0.002 Loaded shared library /usr/lib/jvm/jdk-22.0.2-oracle-x64/lib/libjava.so
Event: 0.023 Loaded shared library /usr/lib/jvm/jdk-22.0.2-oracle-x64/lib/libjsvml.so
Event: 0.024 Loaded shared library /usr/lib/jvm/jdk-22.0.2-oracle-x64/lib/libnio.so
Event: 0.058 Loaded shared library /usr/lib/jvm/jdk-22.0.2-oracle-x64/lib/libzip.so
Event: 0.089 Loaded shared library /usr/lib/jvm/jdk-22.0.2-oracle-x64/lib/libjimage.so
Event: 0.093 Loaded shared library /tmp/libJCudaRuntime-10.1.0-linux-x86_64.so
Event: 0.100 Loaded shared library /tmp/libJCublas2-10.1.0-linux-x86_64.so

Deoptimization events (2 events):
Event: 0.534 Thread 0x00007d615802d4c0 DEOPT PACKING pc=0x00007d6140c066d0 sp=0x00007d61611fd750
Event: 0.534 Thread 0x00007d615802d4c0 DEOPT UNPACKING pc=0x00007d61480b372f sp=0x00007d61611fcb90 mode 0

Classes loaded (20 events):
Event: 0.531 Loading class java/lang/invoke/VarHandleInts$FieldInstanceReadWrite
Event: 0.531 Loading class java/lang/invoke/VarHandleInts$FieldInstanceReadOnly
Event: 0.531 Loading class java/lang/invoke/VarHandleInts$FieldInstanceReadOnly done
Event: 0.531 Loading class java/lang/invoke/VarHandleInts$FieldInstanceReadWrite done
Event: 0.532 Loading class java/util/Spliterators$IntArraySpliterator
Event: 0.532 Loading class java/util/Spliterators$IntArraySpliterator done
Event: 0.533 Loading class java/util/stream/MatchOps$MatchKind
Event: 0.534 Loading class java/util/stream/MatchOps$MatchKind done
Event: 0.534 Loading class java/util/stream/MatchOps
Event: 0.534 Loading class java/util/stream/MatchOps done
Event: 0.534 Loading class java/util/stream/MatchOps$MatchOp
Event: 0.534 Loading class java/util/stream/MatchOps$MatchOp done
Event: 0.534 Loading class java/util/stream/MatchOps$BooleanTerminalSink
Event: 0.534 Loading class java/util/stream/MatchOps$BooleanTerminalSink done
Event: 0.534 Loading class java/util/stream/MatchOps$2MatchSink
Event: 0.534 Loading class java/util/stream/MatchOps$2MatchSink done
Event: 0.535 Loading class java/util/stream/MatchOps$1MatchSink
Event: 0.535 Loading class java/util/stream/MatchOps$1MatchSink done
Event: 0.536 Loading class java/nio/HeapDoubleBuffer
Event: 0.536 Loading class java/nio/HeapDoubleBuffer done

Classes unloaded (0 events):
No events

Classes redefined (0 events):
No events

Internal exceptions (9 events):
Event: 0.047 Thread 0x00007d615802d4c0 Exception <a 'sun/nio/fs/UnixException'{0x0000000635077920}> (0x0000000635077920) 
thrown [open/src/hotspot/share/prims/jni.cpp, line 520]
Event: 0.047 Thread 0x00007d615802d4c0 Exception <a 'sun/nio/fs/UnixException'{0x0000000635078080}> (0x0000000635078080) 
thrown [open/src/hotspot/share/prims/jni.cpp, line 520]
Event: 0.047 Thread 0x00007d615802d4c0 Exception <a 'sun/nio/fs/UnixException'{0x0000000635078648}> (0x0000000635078648) 
thrown [open/src/hotspot/share/prims/jni.cpp, line 520]
Event: 0.047 Thread 0x00007d615802d4c0 Exception <a 'sun/nio/fs/UnixException'{0x0000000635078e70}> (0x0000000635078e70) 
thrown [open/src/hotspot/share/prims/jni.cpp, line 520]
Event: 0.047 Thread 0x00007d615802d4c0 Exception <a 'sun/nio/fs/UnixException'{0x0000000635079430}> (0x0000000635079430) 
thrown [open/src/hotspot/share/prims/jni.cpp, line 520]
Event: 0.047 Thread 0x00007d615802d4c0 Exception <a 'sun/nio/fs/UnixException'{0x00000006350799f0}> (0x00000006350799f0) 
thrown [open/src/hotspot/share/prims/jni.cpp, line 520]
Event: 0.047 Thread 0x00007d615802d4c0 Exception <a 'sun/nio/fs/UnixException'{0x0000000635079fb0}> (0x0000000635079fb0) 
thrown [open/src/hotspot/share/prims/jni.cpp, line 520]
Event: 0.047 Thread 0x00007d615802d4c0 Exception <a 'sun/nio/fs/UnixException'{0x000000063507a588}> (0x000000063507a588) 
thrown [open/src/hotspot/share/prims/jni.cpp, line 520]
Event: 0.529 Thread 0x00007d615802d4c0 Exception <a 'java/lang/NoSuchMethodError'{0x00000006353fb5b0}: 'void java.lang.invoke.DirectMethodHandle$Holder.invokeStatic(java.lang.Object, java.lang.Object)'> (0x00000006353fb5b0) 
thrown [open/src/hotspot/share/interpreter/linkResolver.cpp, line 773]

ZGC Phase Switch (0 events):
No events

VM Operations (2 events):
Event: 0.048 Executing VM operation: HandshakeAllThreads (Deoptimize)
Event: 0.049 Executing VM operation: HandshakeAllThreads (Deoptimize) done

Memory protections (15 events):
Event: 0.002 Protecting memory [0x00007d6161100000,0x00007d6161104000] with protection modes 0
Event: 0.021 Protecting memory [0x00007d61387f9000,0x00007d61387fd000] with protection modes 0
Event: 0.021 Protecting memory [0x00007d6138100000,0x00007d6138104000] with protection modes 0
Event: 0.021 Protecting memory [0x00007d6138000000,0x00007d6138004000] with protection modes 0
Event: 0.022 Protecting memory [0x00007d6131f00000,0x00007d6131f04000] with protection modes 0
Event: 0.022 Protecting memory [0x00007d6131e00000,0x00007d6131e04000] with protection modes 0
Event: 0.022 Protecting memory [0x00007d6131d00000,0x00007d6131d04000] with protection modes 0
Event: 0.022 Protecting memory [0x00007d6131c00000,0x00007d6131c04000] with protection modes 0
Event: 0.038 Protecting memory [0x00007d6131a30000,0x00007d6131a34000] with protection modes 0
Event: 0.049 Protecting memory [0x00007d6131930000,0x00007d6131934000] with protection modes 0
Event: 0.050 Protecting memory [0x00007d6131830000,0x00007d6131834000] with protection modes 0
Event: 0.050 Protecting memory [0x00007d6131730000,0x00007d6131734000] with protection modes 0
Event: 0.055 Protecting memory [0x00007d6131630000,0x00007d6131634000] with protection modes 0
Event: 0.057 Protecting memory [0x00007d6131530000,0x00007d6131534000] with protection modes 0
Event: 0.531 Protecting memory [0x00007d6131630000,0x00007d6131634000] with protection modes 0

Nmethod flushes (0 events):
No events

Events (16 events):
Event: 0.015 Thread 0x00007d615802d4c0 Thread added: 0x00007d615802d4c0
Event: 0.021 Thread 0x00007d615802d4c0 Thread added: 0x00007d615814c580
Event: 0.021 Thread 0x00007d615802d4c0 Thread added: 0x00007d615814dbd0
Event: 0.021 Thread 0x00007d615802d4c0 Thread added: 0x00007d615814f6b0
Event: 0.022 Thread 0x00007d615802d4c0 Thread added: 0x00007d6158150cf0
Event: 0.022 Thread 0x00007d615802d4c0 Thread added: 0x00007d6158152290
Event: 0.022 Thread 0x00007d615802d4c0 Thread added: 0x00007d6158153e30
Event: 0.022 Thread 0x00007d615802d4c0 Thread added: 0x00007d6158155540
Event: 0.038 Thread 0x00007d615802d4c0 Thread added: 0x00007d61581749e0
Event: 0.049 Thread 0x00007d6158155540 Thread added: 0x00007d60a001fa80
Event: 0.050 Thread 0x00007d6158155540 Thread added: 0x00007d60a00210a0
Event: 0.050 Thread 0x00007d60a001fa80 Thread added: 0x00007d6094011360
Event: 0.054 Thread 0x00007d6094011360 Thread added: 0x00007d6088011450
Event: 0.057 Thread 0x00007d615802d4c0 Thread added: 0x00007d61581b0480
Event: 0.529 Thread 0x00007d6088011450 Thread exited: 0x00007d6088011450
Event: 0.531 Thread 0x00007d615802d4c0 Thread added: 0x00007d602954be30


Dynamic libraries:
200000000-200200000 ---p 00000000 00:00 0 
200200000-200400000 rw-s 00000000 00:05 1129                             /dev/nvidia0
200400000-203400000 rw-s 00000000 00:05 1128                             /dev/nvidiactl
203400000-204400000 ---p 00000000 00:00 0 
204400000-204600000 rw-s 00000000 00:05 1128                             /dev/nvidiactl
204600000-204800000 rw-s 00000000 00:05 1128                             /dev/nvidiactl
204800000-204a00000 rw-s 00000000 00:05 1128                             /dev/nvidiactl
204a00000-204c00000 rw-s 204a00000 00:05 1130                            /dev/nvidia-uvm
204c00000-204e00000 rw-s 00000000 00:05 1128                             /dev/nvidiactl
204e00000-205000000 ---p 00000000 00:00 0 
205000000-205200000 rw-s 00000000 00:05 1128                             /dev/nvidiactl
205200000-300200000 ---p 00000000 00:00 0 
616800000-635400000 rw-p 00000000 00:00 0 
635400000-7ffc00000 ---p 00000000 00:00 0 
7ffc00000-7ffd09000 rw-p 00cb9000 103:05 39860326                        /usr/lib/jvm/jdk-22.0.2-oracle-x64/lib/server/classes.jsa
7ffd09000-800000000 rw-p 00000000 00:00 0 
10000000000-10004000000 ---p 00000000 00:00 0 
62225b2dc000-62225b2dd000 r-xp 00000000 103:05 39860034                  /usr/lib/jvm/jdk-22.0.2-oracle-x64/bin/java
62225b2de000-62225b2df000 r--p 00001000 103:05 39860034                  /usr/lib/jvm/jdk-22.0.2-oracle-x64/bin/java
62225b2df000-62225b2e0000 rw-p 00002000 103:05 39860034                  /usr/lib/jvm/jdk-22.0.2-oracle-x64/bin/java
62225cf48000-62225cf91000 rw-p 00000000 00:00 0                          [heap]
7d6028000000-7d602a1be000 rw-p 00000000 00:00 0 
7d602a1be000-7d602e000000 ---p 00000000 00:00 0 
7d6030000000-7d6033ffc000 rw-p 00000000 00:00 0 
7d6033ffc000-7d6034000000 ---p 00000000 00:00 0 
7d6038000000-7d603bfb5000 rw-p 00000000 00:00 0 
7d603bfb5000-7d603c000000 ---p 00000000 00:00 0 
7d603e000000-7d6046000000 ---p 00000000 00:00 0 
7d6048000000-7d604a000000 ---p 00000000 00:00 0 
7d604c000000-7d604c400000 ---p 00000000 00:00 0 
7d604c400000-7d604c600000 rw-s 00000000 00:05 1128                       /dev/nvidiactl
7d604c600000-7d604c800000 rw-s 00000000 00:01 8242                       /dev/zero (deleted)
7d604c800000-7d604ca00000 rw-s 00000000 00:01 8243                       /dev/zero (deleted)
7d604ca00000-7d604d000000 ---p 00000000 00:00 0 
7d604d000000-7d604d200000 rw-s 00000000 00:05 1128                       /dev/nvidiactl
7d604d200000-7d604d400000 ---p 00000000 00:00 0 
7d604d400000-7d604d600000 rw-s 00000000 00:01 8245                       /dev/zero (deleted)
7d604d600000-7d604db33000 rw-s 00000000 00:05 1128                       /dev/nvidiactl
7d604db33000-7d604e000000 ---p 00000000 00:00 0 
7d6050000000-7d6060000000 ---p 00000000 00:00 0 
7d6064000000-7d6064021000 rw-p 00000000 00:00 0 
7d6064021000-7d6068000000 ---p 00000000 00:00 0 
7d606a000000-7d6070000000 ---p 00000000 00:00 0 
7d6070000000-7d6070021000 rw-p 00000000 00:00 0 
7d6070021000-7d6074000000 ---p 00000000 00:00 0 
7d6077000000-7d607baa3000 r-xp 00000000 103:05 39063741                  /usr/lib/x86_64-linux-gnu/libcublas.so.10.1.0.105
7d607baa3000-7d607bca2000 ---p 04aa3000 103:05 39063741                  /usr/lib/x86_64-linux-gnu/libcublas.so.10.1.0.105
7d607bca2000-7d607bcb0000 rw-p 04aa2000 103:05 39063741                  /usr/lib/x86_64-linux-gnu/libcublas.so.10.1.0.105
7d607bcb0000-7d607bcba000 rw-p 00000000 00:00 0 
7d607c000000-7d607c021000 rw-p 00000000 00:00 0 
7d607c021000-7d6080000000 ---p 00000000 00:00 0 
7d6080000000-7d60800ce000 rw-p 00000000 00:00 0 
7d60800ce000-7d6084000000 ---p 00000000 00:00 0 
7d6088000000-7d608808e000 rw-p 00000000 00:00 0 
7d608808e000-7d608c000000 ---p 00000000 00:00 0 
7d608c000000-7d608c04d000 rw-p 00000000 00:00 0 
7d608c04d000-7d6090000000 ---p 00000000 00:00 0 
7d6094000000-7d609403e000 rw-p 00000000 00:00 0 
7d609403e000-7d6098000000 ---p 00000000 00:00 0 
7d6098000000-7d6098021000 rw-p 00000000 00:00 0 
7d6098021000-7d609c000000 ---p 00000000 00:00 0 
7d60a0000000-7d60a008d000 rw-p 00000000 00:00 0 
7d60a008d000-7d60a4000000 ---p 00000000 00:00 0 
7d60a4000000-7d60a4100000 rw-p 00000000 00:00 0 
7d60a4100000-7d60a8000000 ---p 00000000 00:00 0 
7d60ac000000-7d60ac021000 rw-p 00000000 00:00 0 
7d60ac021000-7d60b0000000 ---p 00000000 00:00 0 
7d60b0000000-7d60b0021000 rw-p 00000000 00:00 0 
7d60b0021000-7d60b4000000 ---p 00000000 00:00 0 
7d60b8000000-7d60b8021000 rw-p 00000000 00:00 0 
7d60b8021000-7d60bc000000 ---p 00000000 00:00 0 
7d60bc000000-7d60bc021000 rw-p 00000000 00:00 0 
7d60bc021000-7d60c0000000 ---p 00000000 00:00 0 
7d60c4000000-7d60c4021000 rw-p 00000000 00:00 0 
7d60c4021000-7d60c8000000 ---p 00000000 00:00 0 
7d60c8000000-7d60c8021000 rw-p 00000000 00:00 0 
7d60c8021000-7d60cc000000 ---p 00000000 00:00 0 
7d60ce400000-7d60ce401000 ---p 00000000 00:00 0 
7d60ce401000-7d60cec01000 rw-p 00000000 00:00 0 
7d60cee00000-7d60cee01000 rw-s 00000000 00:05 1128                       /dev/nvidiactl
7d60cee01000-7d60cee02000 rw-s 00000000 00:05 1128                       /dev/nvidiactl
7d60cee02000-7d60cee03000 rw-s 00000000 00:05 1128                       /dev/nvidiactl
7d60cee03000-7d60cee04000 rw-s 00000000 00:05 1128                       /dev/nvidiactl
7d60cee04000-7d60cee05000 rw-s 00000000 00:05 1128                       /dev/nvidiactl
7d60cee05000-7d60cee06000 rw-s 00000000 00:05 1128                       /dev/nvidiactl
7d60cee06000-7d60cee07000 rw-s 00000000 00:05 1128                       /dev/nvidiactl
7d60cee07000-7d60cee08000 rw-s 00000000 00:05 1128                       /dev/nvidiactl
7d60cee08000-7d60cee09000 rw-s 00000000 00:05 1128                       /dev/nvidiactl
7d60cee09000-7d60cee0a000 rw-s 00000000 00:05 1128                       /dev/nvidiactl
7d60cee0a000-7d60cee0b000 rw-s 00000000 00:05 1128                       /dev/nvidiactl
7d60cee0b000-7d60cee0c000 rw-s 00000000 00:05 1128                       /dev/nvidiactl
7d60cee0c000-7d60cee0d000 rw-s 00000000 00:05 1128                       /dev/nvidiactl
7d60cee0d000-7d60cee0e000 rw-s 00000000 00:05 1128                       /dev/nvidiactl
7d60cee0e000-7d60cee0f000 rw-s 00000000 00:05 1128                       /dev/nvidiactl
7d60cee0f000-7d60cee10000 rw-s 00000000 00:05 1128                       /dev/nvidiactl
7d60cee10000-7d60cfe21000 ---p 00000000 00:00 0 
7d60d0000000-7d60d00b0000 rw-p 00000000 00:00 0 
7d60d00b0000-7d60d0400000 ---p 00000000 00:00 0 
7d60d0400000-7d60d0460000 rw-p 00000000 00:00 0 
7d60d0460000-7d60d4000000 ---p 00000000 00:00 0 
7d60d4000000-7d60d4021000 rw-p 00000000 00:00 0 
7d60d4021000-7d60d8000000 ---p 00000000 00:00 0 
7d60d8400000-7d60d84db000 r--p 00000000 103:05 39066653                  /usr/lib/x86_64-linux-gnu/libcuda.so.550.54.15
7d60d84db000-7d60d8973000 r-xp 000db000 103:05 39066653                  /usr/lib/x86_64-linux-gnu/libcuda.so.550.54.15
7d60d8973000-7d60d9e03000 r--p 00573000 103:05 39066653                  /usr/lib/x86_64-linux-gnu/libcuda.so.550.54.15
7d60d9e03000-7d60d9e1a000 r--p 01a02000 103:05 39066653                  /usr/lib/x86_64-linux-gnu/libcuda.so.550.54.15
7d60d9e1a000-7d60d9f15000 rw-p 01a19000 103:05 39066653                  /usr/lib/x86_64-linux-gnu/libcuda.so.550.54.15
7d60d9f15000-7d60d9f7b000 rw-p 00000000 00:00 0 
7d60da000000-7d60dac7a000 rw-p 00001000 103:05 39860326                  /usr/lib/jvm/jdk-22.0.2-oracle-x64/lib/server/classes.jsa
7d60dac7a000-7d60db000000 ---p 00000000 00:00 0 
7d60db000000-7d60db010000 rw-p 00000000 00:00 0 
7d60db010000-7d60db040000 ---p 00000000 00:00 0 
7d60db040000-7d60db050000 rw-p 00000000 00:00 0 
7d60db050000-7d611b000000 ---p 00000000 00:00 0 
7d611b600000-7d611b601000 ---p 00000000 00:00 0 
7d611b601000-7d611be01000 rw-p 00000000 00:00 0 
7d611c000000-7d611c021000 rw-p 00000000 00:00 0 
7d611c021000-7d6120000000 ---p 00000000 00:00 0 
7d6120000000-7d6120021000 rw-p 00000000 00:00 0 
7d6120021000-7d6124000000 ---p 00000000 00:00 0 
7d6124600000-7d6125621000 ---p 00000000 00:00 0 
7d6125800000-7d6127ae6000 r-xp 00000000 103:05 39063740                  /usr/lib/x86_64-linux-gnu/libcublasLt.so.10.1.0.105
7d6127ae6000-7d6127ce6000 ---p 022e6000 103:05 39063740                  /usr/lib/x86_64-linux-gnu/libcublasLt.so.10.1.0.105
7d6127ce6000-7d6127d58000 rw-p 022e6000 103:05 39063740                  /usr/lib/x86_64-linux-gnu/libcublasLt.so.10.1.0.105
7d6127d58000-7d6127d60000 rw-p 00000000 00:00 0 
7d6128000000-7d6128021000 rw-p 00000000 00:00 0 
7d6128021000-7d612c000000 ---p 00000000 00:00 0 
7d612c000000-7d612c021000 rw-p 00000000 00:00 0 
7d612c021000-7d6130000000 ---p 00000000 00:00 0 
7d61300be000-7d6130200000 rw-p 00000000 00:00 0 
7d6130200000-7d6130400000 rw-s 00000000 00:01 8244                       /dev/zero (deleted)
7d6130400000-7d613065a000 rw-p 00000000 00:00 0 
7d613078a000-7d6130800000 rw-p 00000000 00:00 0 
7d6130800000-7d6130801000 ---p 00000000 00:00 0 
7d6130801000-7d6131001000 rw-p 00000000 00:00 0 
7d613102e000-7d6131130000 rw-p 00000000 00:00 0 
7d6131130000-7d6131144000 r--p 00000000 103:05 26738754                  /tmp/libJCublas2-10.1.0-linux-x86_64.so
7d6131144000-7d61311cc000 r-xp 00014000 103:05 26738754                  /tmp/libJCublas2-10.1.0-linux-x86_64.so
7d61311cc000-7d61311f9000 r--p 0009c000 103:05 26738754                  /tmp/libJCublas2-10.1.0-linux-x86_64.so
7d61311f9000-7d61311fa000 ---p 000c9000 103:05 26738754                  /tmp/libJCublas2-10.1.0-linux-x86_64.so
7d61311fa000-7d61311fd000 r--p 000c9000 103:05 26738754                  /tmp/libJCublas2-10.1.0-linux-x86_64.so
7d61311fd000-7d61311fe000 rw-p 000cc000 103:05 26738754                  /tmp/libJCublas2-10.1.0-linux-x86_64.so
7d61311fe000-7d6131200000 rw-p 00000000 00:00 0 
7d6131200000-7d613129d000 r--p 00000000 103:05 39063721                  /usr/lib/x86_64-linux-gnu/libstdc++.so.6.0.33
7d613129d000-7d61313dd000 r-xp 0009d000 103:05 39063721                  /usr/lib/x86_64-linux-gnu/libstdc++.so.6.0.33
7d61313dd000-7d613146b000 r--p 001dd000 103:05 39063721                  /usr/lib/x86_64-linux-gnu/libstdc++.so.6.0.33
7d613146b000-7d6131476000 r--p 0026b000 103:05 39063721                  /usr/lib/x86_64-linux-gnu/libstdc++.so.6.0.33
7d6131476000-7d6131479000 rw-p 00276000 103:05 39063721                  /usr/lib/x86_64-linux-gnu/libstdc++.so.6.0.33
7d6131479000-7d613147d000 rw-p 00000000 00:00 0 
7d613148f000-7d6131530000 rw-p 00000000 00:00 0 
7d6131530000-7d6131534000 ---p 00000000 00:00 0 
7d6131534000-7d6131630000 rw-p 00000000 00:00 0 
7d6131630000-7d6131634000 ---p 00000000 00:00 0 
7d6131634000-7d6131730000 rw-p 00000000 00:00 0 
7d6131730000-7d6131734000 ---p 00000000 00:00 0 
7d6131734000-7d6131830000 rw-p 00000000 00:00 0 
7d6131830000-7d6131834000 ---p 00000000 00:00 0 
7d6131834000-7d6131930000 rw-p 00000000 00:00 0 
7d6131930000-7d6131934000 ---p 00000000 00:00 0 
7d6131934000-7d6131a30000 rw-p 00000000 00:00 0 
7d6131a30000-7d6131a34000 ---p 00000000 00:00 0 
7d6131a34000-7d6131b30000 rw-p 00000000 00:00 0 
7d6131b30000-7d6131bfe000 r-xp 00000000 103:05 39860299                  /usr/lib/jvm/jdk-22.0.2-oracle-x64/lib/libjsvml.so
7d6131bfe000-7d6131bff000 r--p 000cd000 103:05 39860299                  /usr/lib/jvm/jdk-22.0.2-oracle-x64/lib/libjsvml.so
7d6131bff000-7d6131c00000 rw-p 000ce000 103:05 39860299                  /usr/lib/jvm/jdk-22.0.2-oracle-x64/lib/libjsvml.so
7d6131c00000-7d6131c04000 ---p 00000000 00:00 0 
7d6131c04000-7d6131d00000 rw-p 00000000 00:00 0 
7d6131d00000-7d6131d04000 ---p 00000000 00:00 0 
7d6131d04000-7d6131e00000 rw-p 00000000 00:00 0 
7d6131e00000-7d6131e04000 ---p 00000000 00:00 0 
7d6131e04000-7d6131f00000 rw-p 00000000 00:00 0 
7d6131f00000-7d6131f04000 ---p 00000000 00:00 0 
7d6131f04000-7d6132000000 rw-p 00000000 00:00 0 
7d6132000000-7d6134021000 rw-p 00000000 00:00 0 
7d6134021000-7d6138004000 ---p 00000000 00:00 0 
7d6138004000-7d6138100000 rw-p 00000000 00:00 0 
7d6138100000-7d6138104000 ---p 00000000 00:00 0 
7d6138104000-7d6138200000 rw-p 00000000 00:00 0 
7d6138200000-7d6138775000 r--p 00000000 103:05 39061600                  /usr/lib/locale/locale-archive
7d6138778000-7d61387f9000 rw-p 00000000 00:00 0 
7d61387f9000-7d61387fd000 ---p 00000000 00:00 0 
7d61387fd000-7d61388f9000 rw-p 00000000 00:00 0 
7d61388f9000-7d61388fa000 ---p 00000000 00:00 0 
7d61388fa000-7d61389fa000 rw-p 00000000 00:00 0 
7d61389fa000-7d61389fb000 ---p 00000000 00:00 0 
7d61389fb000-7d6138afb000 rw-p 00000000 00:00 0 
7d6138afb000-7d6138afc000 ---p 00000000 00:00 0 
7d6138afc000-7d6138bfc000 rw-p 00000000 00:00 0 
7d6138bfc000-7d6138bfd000 ---p 00000000 00:00 0 
7d6138bfd000-7d6138cfd000 rw-p 00000000 00:00 0 
7d6138cfd000-7d61397b0000 rw-p 00000000 00:00 0 
7d61397b0000-7d6140a50000 ---p 00000000 00:00 0 
7d6140a50000-7d6140a60000 rw-p 00000000 00:00 0 
7d6140a60000-7d6140a72000 r--p 00000000 103:05 26738753                  /tmp/libJCudaRuntime-10.1.0-linux-x86_64.so
7d6140a72000-7d6140ada000 r-xp 00012000 103:05 26738753                  /tmp/libJCudaRuntime-10.1.0-linux-x86_64.so
7d6140ada000-7d6140af7000 r--p 0007a000 103:05 26738753                  /tmp/libJCudaRuntime-10.1.0-linux-x86_64.so
7d6140af7000-7d6140af8000 ---p 00097000 103:05 26738753                  /tmp/libJCudaRuntime-10.1.0-linux-x86_64.so
7d6140af8000-7d6140afc000 r--p 00097000 103:05 26738753                  /tmp/libJCudaRuntime-10.1.0-linux-x86_64.so
7d6140afc000-7d6140afd000 rw-p 0009b000 103:05 26738753                  /tmp/libJCudaRuntime-10.1.0-linux-x86_64.so
7d6140afd000-7d6140c00000 rw-p 00000000 00:00 0 
7d6140c00000-7d6140e70000 rwxp 00000000 00:00 0 
7d6140e70000-7d614805f000 ---p 00000000 00:00 0 
7d614805f000-7d614836f000 rwxp 00000000 00:00 0 
7d614836f000-7d61487a0000 ---p 00000000 00:00 0 
7d61487a0000-7d6148a10000 rwxp 00000000 00:00 0 
7d6148a10000-7d614fc00000 ---p 00000000 00:00 0 
7d614fc00000-7d6157fbb000 r--s 00000000 103:05 39860317                  /usr/lib/jvm/jdk-22.0.2-oracle-x64/lib/modules
7d6157fbf000-7d615be9d000 rw-p 00000000 00:00 0 
7d615be9d000-7d615c000000 ---p 00000000 00:00 0 
7d615c02c000-7d615c030000 r--p 00000000 103:05 39063720                  /usr/lib/x86_64-linux-gnu/libgcc_s.so.1
7d615c030000-7d615c053000 r-xp 00004000 103:05 39063720                  /usr/lib/x86_64-linux-gnu/libgcc_s.so.1
7d615c053000-7d615c057000 r--p 00027000 103:05 39063720                  /usr/lib/x86_64-linux-gnu/libgcc_s.so.1
7d615c057000-7d615c058000 r--p 0002b000 103:05 39063720                  /usr/lib/x86_64-linux-gnu/libgcc_s.so.1
7d615c058000-7d615c059000 rw-p 0002c000 103:05 39063720                  /usr/lib/x86_64-linux-gnu/libgcc_s.so.1
7d615c074000-7d615c9fe000 rw-p 00000000 00:00 0 
7d615c9fe000-7d615c9ff000 ---p 00000000 00:00 0 
7d615c9ff000-7d615caff000 rw-p 00000000 00:00 0 
7d615caff000-7d615cb00000 ---p 00000000 00:00 0 
7d615cb00000-7d615cc00000 rw-p 00000000 00:00 0 
7d615cc00000-7d615ccf6000 rw-p 00000000 00:00 0 
7d615ccf6000-7d615db4a000 ---p 00000000 00:00 0 
7d615db4a000-7d615db4c000 rw-p 00000000 00:00 0 
7d615db54000-7d615db64000 -w-s 00000000 00:05 1129                       /dev/nvidia0
7d615db64000-7d615dcf6000 rw-p 00000000 00:00 0 
7d615dcf6000-7d615eb4a000 ---p 00000000 00:00 0 
7d615eb4a000-7d615eb4c000 rw-p 00000000 00:00 0 
7d615eb53000-7d615eb5a000 r--s 00000000 103:05 39070655                  /usr/lib/x86_64-linux-gnu/gconv/gconv-modules.cache
7d615eb5a000-7d615eb61000 r-xp 00000000 103:05 39860316                  /usr/lib/jvm/jdk-22.0.2-oracle-x64/lib/libzip.so
7d615eb61000-7d615eb62000 ---p 00007000 103:05 39860316                  /usr/lib/jvm/jdk-22.0.2-oracle-x64/lib/libzip.so
7d615eb62000-7d615eb63000 r--p 00007000 103:05 39860316                  /usr/lib/jvm/jdk-22.0.2-oracle-x64/lib/libzip.so
7d615eb63000-7d615eb64000 rw-p 00008000 103:05 39860316                  /usr/lib/jvm/jdk-22.0.2-oracle-x64/lib/libzip.so
7d615eb64000-7d615eb65000 ---p 00000000 00:00 0 
7d615eb65000-7d615ec65000 rw-p 00000000 00:00 0 
7d615ec65000-7d615fa33000 rw-p 00000000 00:00 0 
7d615fa33000-7d615fb17000 ---p 00000000 00:00 0 
7d615fb17000-7d615fb1c000 rw-p 00000000 00:00 0 
7d615fb1c000-7d615fc00000 ---p 00000000 00:00 0 
7d615fc00000-7d6160f40000 r-xp 00000000 103:05 39860329                  /usr/lib/jvm/jdk-22.0.2-oracle-x64/lib/server/libjvm.so
7d6160f40000-7d6160f41000 ---p 01340000 103:05 39860329                  /usr/lib/jvm/jdk-22.0.2-oracle-x64/lib/server/libjvm.so
7d6160f41000-7d616100e000 r--p 01340000 103:05 39860329                  /usr/lib/jvm/jdk-22.0.2-oracle-x64/lib/server/libjvm.so
7d616100e000-7d616103c000 rw-p 0140d000 103:05 39860329                  /usr/lib/jvm/jdk-22.0.2-oracle-x64/lib/server/libjvm.so
7d616103c000-7d61610b2000 rw-p 00000000 00:00 0 
7d61610b4000-7d61610bf000 r-xp 00000000 103:05 39860306                  /usr/lib/jvm/jdk-22.0.2-oracle-x64/lib/libnet.so
7d61610bf000-7d61610c0000 ---p 0000b000 103:05 39860306                  /usr/lib/jvm/jdk-22.0.2-oracle-x64/lib/libnet.so
7d61610c0000-7d61610c1000 r--p 0000b000 103:05 39860306                  /usr/lib/jvm/jdk-22.0.2-oracle-x64/lib/libnet.so
7d61610c1000-7d61610c2000 rw-p 0000c000 103:05 39860306                  /usr/lib/jvm/jdk-22.0.2-oracle-x64/lib/libnet.so
7d61610c2000-7d6161100000 rw-p 00000000 00:00 0 
7d6161100000-7d6161104000 ---p 00000000 00:00 0 
7d6161104000-7d6161200000 rw-p 00000000 00:00 0 
7d6161200000-7d6161228000 r--p 00000000 103:05 39070666                  /usr/lib/x86_64-linux-gnu/libc.so.6
7d6161228000-7d61613b0000 r-xp 00028000 103:05 39070666                  /usr/lib/x86_64-linux-gnu/libc.so.6
7d61613b0000-7d61613ff000 r--p 001b0000 103:05 39070666                  /usr/lib/x86_64-linux-gnu/libc.so.6
7d61613ff000-7d6161403000 r--p 001fe000 103:05 39070666                  /usr/lib/x86_64-linux-gnu/libc.so.6
7d6161403000-7d6161405000 rw-p 00202000 103:05 39070666                  /usr/lib/x86_64-linux-gnu/libc.so.6
7d6161405000-7d6161412000 rw-p 00000000 00:00 0 
7d6161416000-7d6161429000 r-xp 00000000 103:05 39860307                  /usr/lib/jvm/jdk-22.0.2-oracle-x64/lib/libnio.so
7d6161429000-7d616142a000 ---p 00013000 103:05 39860307                  /usr/lib/jvm/jdk-22.0.2-oracle-x64/lib/libnio.so
7d616142a000-7d616142b000 r--p 00013000 103:05 39860307                  /usr/lib/jvm/jdk-22.0.2-oracle-x64/lib/libnio.so
7d616142b000-7d616142c000 rw-p 00014000 103:05 39860307                  /usr/lib/jvm/jdk-22.0.2-oracle-x64/lib/libnio.so
7d616142c000-7d616146a000 rw-p 00000000 00:00 0 
7d616146a000-7d616148a000 r-xp 00000000 103:05 39860291                  /usr/lib/jvm/jdk-22.0.2-oracle-x64/lib/libjava.so
7d616148a000-7d616148b000 ---p 00020000 103:05 39860291                  /usr/lib/jvm/jdk-22.0.2-oracle-x64/lib/libjava.so
7d616148b000-7d616148c000 r--p 00020000 103:05 39860291                  /usr/lib/jvm/jdk-22.0.2-oracle-x64/lib/libjava.so
7d616148c000-7d616148d000 rw-p 00021000 103:05 39860291                  /usr/lib/jvm/jdk-22.0.2-oracle-x64/lib/libjava.so
7d616148d000-7d616148e000 rw-p 00000000 00:00 0 
7d616148e000-7d61614ac000 r-xp 00000000 103:05 39860295                  /usr/lib/jvm/jdk-22.0.2-oracle-x64/lib/libjimage.so
7d61614ac000-7d61614ae000 r--p 0001d000 103:05 39860295                  /usr/lib/jvm/jdk-22.0.2-oracle-x64/lib/libjimage.so
7d61614ae000-7d61614af000 rw-p 0001f000 103:05 39860295                  /usr/lib/jvm/jdk-22.0.2-oracle-x64/lib/libjimage.so
7d61614af000-7d61614bf000 r--p 00000000 103:05 39070669                  /usr/lib/x86_64-linux-gnu/libm.so.6
7d61614bf000-7d616153e000 r-xp 00010000 103:05 39070669                  /usr/lib/x86_64-linux-gnu/libm.so.6
7d616153e000-7d6161596000 r--p 0008f000 103:05 39070669                  /usr/lib/x86_64-linux-gnu/libm.so.6
7d6161596000-7d6161597000 r--p 000e7000 103:05 39070669                  /usr/lib/x86_64-linux-gnu/libm.so.6
7d6161597000-7d6161598000 rw-p 000e8000 103:05 39070669                  /usr/lib/x86_64-linux-gnu/libm.so.6
7d6161598000-7d6161599000 r--p 00000000 103:05 39070680                  /usr/lib/x86_64-linux-gnu/librt.so.1
7d6161599000-7d616159a000 r-xp 00001000 103:05 39070680                  /usr/lib/x86_64-linux-gnu/librt.so.1
7d616159a000-7d616159b000 r--p 00002000 103:05 39070680                  /usr/lib/x86_64-linux-gnu/librt.so.1
7d616159b000-7d616159c000 r--p 00002000 103:05 39070680                  /usr/lib/x86_64-linux-gnu/librt.so.1
7d616159c000-7d616159d000 rw-p 00003000 103:05 39070680                  /usr/lib/x86_64-linux-gnu/librt.so.1
7d616159d000-7d61615a1000 rw-p 00000000 00:00 0 
7d61615a1000-7d61615a2000 r--p 00000000 103:05 39070668                  /usr/lib/x86_64-linux-gnu/libdl.so.2
7d61615a2000-7d61615a3000 r-xp 00001000 103:05 39070668                  /usr/lib/x86_64-linux-gnu/libdl.so.2
7d61615a3000-7d61615a4000 r--p 00002000 103:05 39070668                  /usr/lib/x86_64-linux-gnu/libdl.so.2
7d61615a4000-7d61615a5000 r--p 00002000 103:05 39070668                  /usr/lib/x86_64-linux-gnu/libdl.so.2
7d61615a5000-7d61615a6000 rw-p 00003000 103:05 39070668                  /usr/lib/x86_64-linux-gnu/libdl.so.2
7d61615a6000-7d61615a7000 r--p 00000000 103:05 39070678                  /usr/lib/x86_64-linux-gnu/libpthread.so.0
7d61615a7000-7d61615a8000 r-xp 00001000 103:05 39070678                  /usr/lib/x86_64-linux-gnu/libpthread.so.0
7d61615a8000-7d61615a9000 r--p 00002000 103:05 39070678                  /usr/lib/x86_64-linux-gnu/libpthread.so.0
7d61615a9000-7d61615aa000 r--p 00002000 103:05 39070678                  /usr/lib/x86_64-linux-gnu/libpthread.so.0
7d61615aa000-7d61615ab000 rw-p 00003000 103:05 39070678                  /usr/lib/x86_64-linux-gnu/libpthread.so.0
7d61615ab000-7d61615b9000 r-xp 00000000 103:05 39860296                  /usr/lib/jvm/jdk-22.0.2-oracle-x64/lib/libjli.so
7d61615b9000-7d61615ba000 r--p 0000e000 103:05 39860296                  /usr/lib/jvm/jdk-22.0.2-oracle-x64/lib/libjli.so
7d61615ba000-7d61615bb000 rw-p 0000f000 103:05 39860296                  /usr/lib/jvm/jdk-22.0.2-oracle-x64/lib/libjli.so
7d61615bb000-7d61615bd000 r--p 00000000 103:05 39063281                  /usr/lib/x86_64-linux-gnu/libz.so.1.3
7d61615bd000-7d61615cf000 r-xp 00002000 103:05 39063281                  /usr/lib/x86_64-linux-gnu/libz.so.1.3
7d61615cf000-7d61615d5000 r--p 00014000 103:05 39063281                  /usr/lib/x86_64-linux-gnu/libz.so.1.3
7d61615d5000-7d61615d6000 r--p 0001a000 103:05 39063281                  /usr/lib/x86_64-linux-gnu/libz.so.1.3
7d61615d6000-7d61615d7000 rw-p 0001b000 103:05 39063281                  /usr/lib/x86_64-linux-gnu/libz.so.1.3
7d61615d8000-7d61615df000 rw-p 00000000 00:00 0 
7d61615df000-7d61615e7000 ---p 00000000 00:00 0 
7d61615e7000-7d61615ef000 rw-s 00000000 103:05 26739242                  /tmp/hsperfdata_edov/11461
7d61615ef000-7d61615f0000 ---p 00000000 00:00 0 
7d61615f0000-7d61615f1000 r--p 00000000 00:00 0 
7d61615f1000-7d61615f2000 ---p 00000000 00:00 0 
7d61615f2000-7d61615f4000 rw-p 00000000 00:00 0 
7d61615f4000-7d61615f5000 r--p 00000000 103:05 39070663                  /usr/lib/x86_64-linux-gnu/ld-linux-x86-64.so.2
7d61615f5000-7d6161620000 r-xp 00001000 103:05 39070663                  /usr/lib/x86_64-linux-gnu/ld-linux-x86-64.so.2
7d6161620000-7d616162a000 r--p 0002c000 103:05 39070663                  /usr/lib/x86_64-linux-gnu/ld-linux-x86-64.so.2
7d616162a000-7d616162c000 r--p 00036000 103:05 39070663                  /usr/lib/x86_64-linux-gnu/ld-linux-x86-64.so.2
7d616162c000-7d616162e000 rw-p 00038000 103:05 39070663                  /usr/lib/x86_64-linux-gnu/ld-linux-x86-64.so.2
7ffd774a4000-7ffd774c6000 rw-p 00000000 00:00 0                          [stack]
7ffd775cb000-7ffd775cf000 r--p 00000000 00:00 0                          [vvar]
7ffd775cf000-7ffd775d1000 r-xp 00000000 00:00 0                          [vdso]
ffffffffff600000-ffffffffff601000 --xp 00000000 00:00 0                  [vsyscall]
Total number of mappings: 313


VM Arguments:
jvm_args: -Dfile.encoding=UTF-8 --module-path=/home/edov/projects/JCudaWrapper/build/classes 
java_command: storage.DArray
java_class_path (initial): /home/edov/projects/JCudaWrapper/JCuda-All-10.1.0/jcublas-10.1.0-javadoc.jar:/home/edov/projects/JCudaWrapper/JCuda-All-10.1.0/jcublas-10.1.0-sources.jar:/home/edov/projects/JCudaWrapper/JCuda-All-10.1.0/jcublas-10.1.0.jar:/home/edov/projects/JCudaWrapper/JCuda-All-10.1.0/jcublas-natives-10.1.0-apple-x86_64.jar:/home/edov/projects/JCudaWrapper/JCuda-All-10.1.0/jcublas-natives-10.1.0-javadoc.jar:/home/edov/projects/JCudaWrapper/JCuda-All-10.1.0/jcublas-natives-10.1.0-linux-x86_64.jar:/home/edov/projects/JCudaWrapper/JCuda-All-10.1.0/jcublas-natives-10.1.0-sources.jar:/home/edov/projects/JCudaWrapper/JCuda-All-10.1.0/jcublas-natives-10.1.0-windows-x86_64.jar:/home/edov/projects/JCudaWrapper/JCuda-All-10.1.0/jcublas-natives-10.1.0.jar:/home/edov/projects/JCudaWrapper/JCuda-All-10.1.0/jcuda-10.1.0-javadoc.jar:/home/edov/projects/JCudaWrapper/JCuda-All-10.1.0/jcuda-10.1.0-sources.jar:/home/edov/projects/JCudaWrapper/JCuda-All-10.1.0/jcuda-10.1.0.jar:/home/edov/projects/JCudaWrapper/JCuda-All-10.1.0/jcuda-common-10.1.0-javadoc.jar:/home/edov/projects/JCudaWrapper/JCuda-All-10.1.0/jcuda-common-10.1.0-sources.jar:/home/edov/projects/JCudaWrapper/JCuda-All-10.1.0/jcuda-common-10.1.0.jar:/home/edov/projects/JCudaWrapper/JCuda-All-10.1.0/jcuda-natives-10.1.0-apple-x86_64.jar:/home/edov/projects/JCudaWrapper/JCuda-All-10.1.0/jcuda-natives-10.1.0-javadoc.jar:/home/edov/projects/JCudaWrapper/JCuda-All-10.1.0/jcuda-natives-10.1.0-linux-x86_64.jar:/home/edov/projects/JCudaWrapper/JCuda-All-10.1.0/jcuda-natives-10.1.0-sources.jar:/home/edov/projects/JCudaWrapper/JCuda-All-10.1.0/jcuda-natives-10.1.0-windows-x86_64.jar:/home/edov/projects/JCudaWrapper/JCuda-All-10.1.0/jcuda-natives-10.1.0.jar:/home/edov/projects/JCudaWrapper/JCuda-All-10.1.0/jcudnn-10.1.0-javadoc.jar:/home/edov/projects/JCudaWrapper/JCuda-All-10.1.0/jcudnn-10.1.0-sources.jar:/home/edov/projects/JCudaWrapper/JCuda-All-10.1.0/jcudnn-10.1.0.jar:/home/edov/projects/JCudaWrapper/JCuda-All-10.1.0/jcudnn-natives-10.1.0-apple-x86_64.jar:/home/edov/projects/JCudaWrapper/JCuda-All-10.1.0/jcudnn-natives-10.1.0-javadoc.jar:/home/edov/projects/JCudaWrapper/JCuda-All-10.1.0/jcudnn-natives-10.1.0-linux-x86_64.jar:/home/edov/projects/JCudaWrapper/JCuda-All-10.1.0/jcudnn-natives-10.1.0-sources.jar:/home/edov/projects/JCudaWrapper/JCuda-All-10.1.0/jcudnn-natives-10.1.0-windows-x86_64.jar:/home/edov/projects/JCudaWrapper/JCuda-All-10.1.0/jcudnn-natives-10.1.0.jar:/home/edov/projects/JCudaWrapper/JCuda-All-10.1.0/jcufft-10.1.0-javadoc.jar:/home/edov/projects/JCudaWrapper/JCuda-All-10.1.0/jcufft-10.1.0-sources.jar:/home/edov/projects/JCudaWrapper/JCuda-All-10.1.0/jcufft-10.1.0.jar:/home/edov/projects/JCudaWrapper/JCuda-All-10.1.0/jcufft-natives-10.1.0-apple-x86_64.jar:/home/edov/projects/JCudaWrapper/JCuda-All-10.1.0/jcufft-natives-10.1.0-javadoc.jar:/home/edov/projects/JCudaWrapper/JCuda-All-10.1.0/jcufft-natives-10.1.0-linux-x86_64.jar:/home/edov/projects/JCudaWrapper/JCuda-All-10.1.0/jcufft-natives-10.1.0-sources.jar:/home/edov/projects/JCudaWrapper/JCuda-All-10.1.0/jcufft-natives-10.1.0-windows-x86_64.jar:/home/edov/projects/JCudaWrapper/JCuda-All-10.1.0/jcufft-natives-10.1.0.jar:/home/edov/projects/JCudaWrapper/JCuda-All-10.1.0/jcurand-10.1.0-javadoc.jar:/home/edov/projects/JCudaWrapper/JCuda-All-10.1.0/jcurand-10.1.0-sources.jar:/home/edov/projects/JCudaWrapper/JCuda-All-10.1.0/jcurand-10.1.0.jar:/home/edov/projects/JCudaWrapper/JCuda-All-10.1.0/jcurand-natives-10.1.0-apple-x86_64.jar:/home/edov/projects/JCudaWrapper/JCuda-All-10.1.0/jcurand-natives-10.1.0-javadoc.jar:/home/edov/projects/JCudaWrapper/JCuda-All-10.1.0/jcurand-natives-10.1.0-linux-x86_64.jar:/home/edov/projects/JCudaWrapper/JCuda-All-10.1.0/jcurand-natives-10.1.0-sources.jar:/home/edov/projects/JCudaWrapper/JCuda-All-10.1.0/jcurand-natives-10.1.0-windows-x86_64.jar:/home/edov/projects/JCudaWrapper/JCuda-All-10.1.0/jcurand-natives-10.1.0.jar:/home/edov/projects/JCudaWrapper/JCuda-All-10.1.0/jcusolver-10.1.0-javadoc.jar:/home/edov/projects/JCudaWrapper/JCuda-All-10.1.0/jcusolver-10.1.0-sources.jar:/home/edov/projects/JCudaWrapper/JCuda-All-10.1.0/jcusolver-10.1.0.jar:/home/edov/projects/JCudaWrapper/JCuda-All-10.1.0/jcusolver-natives-10.1.0-apple-x86_64.jar:/home/edov/projects/JCudaWrapper/JCuda-All-10.1.0/jcusolver-natives-10.1.0-javadoc.jar:/home/edov/projects/JCudaWrapper/JCuda-All-10.1.0/jcusolver-natives-10.1.0-linux-x86_64.jar:/home/edov/projects/JCudaWrapper/JCuda-All-10.1.0/jcusolver-natives-10.1.0-sources.jar:/home/edov/projects/JCudaWrapper/JCuda-All-10.1.0/jcusolver-natives-10.1.0-windows-x86_64.jar:/home/edov/projects/JCudaWrapper/JCuda-All-10.1.0/jcusolver-natives-10.1.0.jar:/home/edov/projects/JCudaWrapper/JCuda-All-10.1.0/jcusparse-10.1.0-javadoc.jar:/home/edov/projects/JCudaWrapper/JCuda-All-10.1.0/jcusparse-10.1.0-sources.jar:/home/edov/projects/JCudaWrapper/JCuda-All-10.1.0/jcusparse-10.1.0.jar:/home/edov/projects/JCudaWrapper/JCuda-All-10.1.0/jcusparse-natives-10.1.0-apple-x86_64.jar:/home/edov/projects/JCudaWrapper/JCuda-All-10.1.0/jcusparse-natives-10.1.0-javadoc.jar:/home/edov/projects/JCudaWrapper/JCuda-All-10.1.0/jcusparse-natives-10.1.0-linux-x86_64.jar:/home/edov/projects/JCudaWrapper/JCuda-All-10.1.0/jcusparse-natives-10.1.0-sources.jar:/home/edov/projects/JCudaWrapper/JCuda-All-10.1.0/jcusparse-natives-10.1.0-windows-x86_64.jar:/home/edov/projects/JCudaWrapper/JCuda-All-10.1.0/jcusparse-natives-10.1.0.jar:/home/edov/projects/JCudaWrapper/JCuda-All-10.1.0/jnvgraph-10.1.0-javadoc.jar:/home/edov/projects/JCudaWrapper/JCuda-All-10.1.0/jnvgraph-10.1.0-sources.jar:/home/edov/projects/JCudaWrapper/JCuda-All-10.1.0/jnvgraph-10.1.0.jar:/home/edov/projects/JCudaWrapper/JCuda-All-10.1.0/jnvgraph-natives-10.1.0-apple-x86_64.jar:/home/edov/projects/JCudaWrapper/JCuda-All-10.1.0/jnvgraph-natives-10.1.0-javadoc.jar:/home/edov/projects/JCudaWrapper/JCuda-All-10.1.0/jnvgraph-natives-10.1.0-linux-x86_64.jar:/home/edov/projects/JCudaWrapper/JCuda-All-10.1.0/jnvgraph-natives-10.1.0-sources.jar:/home/edov/projects/JCudaWrapper/JCuda-All-10.1.0/jnvgraph-natives-10.1.0-windows-x86_64.jar:/home/edov/projects/JCudaWrapper/JCuda-All-10.1.0/jnvgraph-natives-10.1.0.jar:/home/edov/projects/JCudaWrapper/commons-math3-3.6.1.jar:/home/edov/projects/JCudaWrapper/build/classes
Launcher Type: SUN_STANDARD

[Global flags]
     intx CICompilerCount                          = 12                                        {product} {ergonomic}
     uint ConcGCThreads                            = 3                                         {product} {ergonomic}
     uint G1ConcRefinementThreads                  = 13                                        {product} {ergonomic}
   size_t G1HeapRegionSize                         = 4194304                                   {product} {ergonomic}
   size_t InitialHeapSize                          = 515899392                                 {product} {ergonomic}
   size_t MarkStackSize                            = 4194304                                   {product} {ergonomic}
   size_t MaxHeapSize                              = 8212447232                                {product} {ergonomic}
   size_t MaxNewSize                               = 4924112896                                {product} {ergonomic}
   size_t MinHeapDeltaBytes                        = 4194304                                   {product} {ergonomic}
   size_t MinHeapSize                              = 8388608                                   {product} {ergonomic}
    uintx NonNMethodCodeHeapSize                   = 7602480                                {pd product} {ergonomic}
    uintx NonProfiledCodeHeapSize                  = 122027880                              {pd product} {ergonomic}
    uintx ProfiledCodeHeapSize                     = 122027880                              {pd product} {ergonomic}
    uintx ReservedCodeCacheSize                    = 251658240                              {pd product} {ergonomic}
     bool SegmentedCodeCache                       = true                                      {product} {ergonomic}
   size_t SoftMaxHeapSize                          = 8212447232                             {manageable} {ergonomic}
     bool UseCompressedOops                        = true                           {product lp64_product} {ergonomic}
     bool UseG1GC                                  = true                                      {product} {ergonomic}

Logging:
Log output configuration:
 #0: stdout all=warning uptime,level,tags foldmultilines=false
 #1: stderr all=off uptime,level,tags foldmultilines=false

Environment Variables:
PATH=/usr/local/sbin:/usr/local/bin:/usr/sbin:/usr/bin:/sbin:/bin:/usr/games:/usr/local/games:/snap/bin:/snap/bin
USERNAME=edov
SHELL=/bin/bash
DISPLAY=:1
LANG=en_IL

Active Locale:
LC_ALL=en_IL
LC_COLLATE=en_IL
LC_CTYPE=en_IL
LC_MESSAGES=en_IL
LC_MONETARY=en_IL
LC_NUMERIC=en_IL
LC_TIME=en_IL

Signal Handlers:
   SIGSEGV: crash_handler in libjvm.so, mask=11100100010111111101111111111110, flags=SA_RESTART|SA_SIGINFO, unblocked
    SIGBUS: crash_handler in libjvm.so, mask=11100100010111111101111111111110, flags=SA_RESTART|SA_SIGINFO, unblocked
    SIGFPE: crash_handler in libjvm.so, mask=11100100010111111101111111111110, flags=SA_RESTART|SA_SIGINFO, unblocked
   SIGPIPE: javaSignalHandler in libjvm.so, mask=11100100010111111101111111111110, flags=SA_RESTART|SA_SIGINFO, blocked
   SIGXFSZ: javaSignalHandler in libjvm.so, mask=11100100010111111101111111111110, flags=SA_RESTART|SA_SIGINFO, blocked
    SIGILL: crash_handler in libjvm.so, mask=11100100010111111101111111111110, flags=SA_RESTART|SA_SIGINFO, unblocked
   SIGUSR2: SR_handler in libjvm.so, mask=00000000000000000000000000000000, flags=SA_RESTART|SA_SIGINFO, blocked
    SIGHUP: UserHandler in libjvm.so, mask=11100100010111111101111111111110, flags=SA_RESTART|SA_SIGINFO, blocked
    SIGINT: SIG_IGN, mask=00000000000000000000000000000000, flags=none, blocked
   SIGTERM: UserHandler in libjvm.so, mask=11100100010111111101111111111110, flags=SA_RESTART|SA_SIGINFO, blocked
   SIGQUIT: UserHandler in libjvm.so, mask=11100100010111111101111111111110, flags=SA_RESTART|SA_SIGINFO, blocked
   SIGTRAP: crash_handler in libjvm.so, mask=11100100010111111101111111111110, flags=SA_RESTART|SA_SIGINFO, unblocked


Periodic native trim disabled

---------------  S Y S T E M  ---------------

OS:
DISTRIB_ID=Ubuntu
DISTRIB_RELEASE=24.04
DISTRIB_CODENAME=noble
DISTRIB_DESCRIPTION="Ubuntu 24.04.1 LTS"
uname: Linux 6.8.0-44-generic #44-Ubuntu SMP PREEMPT_DYNAMIC Tue Aug 13 13:35:26 UTC 2024 x86_64
OS uptime: 0 days 1:12 hours
libc: glibc 2.39 NPTL 2.39 
rlimit (soft/hard): STACK 8192k/infinity , CORE 0k/infinity , NPROC 125013/125013 , NOFILE 1048576/1048576 , AS infinity/infinity , CPU infinity/infinity , DATA infinity/infinity , FSIZE infinity/infinity , MEMLOCK 4009332k/4009332k
load average: 0.43 0.41 0.52

/proc/meminfo:
MemTotal:       32074664 kB
MemFree:        20395224 kB
MemAvailable:   24119080 kB
Buffers:          199404 kB
Cached:          3902072 kB
SwapCached:            0 kB
Active:          7059768 kB
Inactive:        2423260 kB
Active(anon):    5508456 kB
Inactive(anon):        0 kB
Active(file):    1551312 kB
Inactive(file):  2423260 kB
Unevictable:          48 kB
Mlocked:              48 kB
SwapTotal:       2097148 kB
SwapFree:        2097148 kB
Zswap:                 0 kB
Zswapped:              0 kB
Dirty:                64 kB
Writeback:             0 kB
AnonPages:       5381680 kB
Mapped:          1051260 kB
Shmem:            126900 kB
KReclaimable:     213764 kB
Slab:             530664 kB
SReclaimable:     213764 kB
SUnreclaim:       316900 kB
KernelStack:       25492 kB
PageTables:        64840 kB
SecPageTables:         0 kB
NFS_Unstable:          0 kB
Bounce:                0 kB
WritebackTmp:          0 kB
CommitLimit:    18134480 kB
Committed_AS:   32968076 kB
VmallocTotal:   34359738367 kB
VmallocUsed:      167928 kB
VmallocChunk:          0 kB
Percpu:            18752 kB
HardwareCorrupted:     0 kB
AnonHugePages:         0 kB
ShmemHugePages:        0 kB
ShmemPmdMapped:        0 kB
FileHugePages:         0 kB
FilePmdMapped:         0 kB
Unaccepted:            0 kB
HugePages_Total:       0
HugePages_Free:        0
HugePages_Rsvd:        0
HugePages_Surp:        0
Hugepagesize:       2048 kB
Hugetlb:               0 kB
DirectMap4k:     1905128 kB
DirectMap2M:    17221632 kB
DirectMap1G:    14680064 kB

/sys/kernel/mm/transparent_hugepage/enabled: always [madvise] never
/sys/kernel/mm/transparent_hugepage/hpage_pmd_size: 2097152
/sys/kernel/mm/transparent_hugepage/shmem_enabled: always within_size advise [never] deny force
/sys/kernel/mm/transparent_hugepage/defrag (defrag/compaction efforts parameter): always defer defer+madvise [madvise] never

Process Memory:
Virtual Size: 16576424K (peak: 16576424K)
Resident Set Size: 352044K (peak: 352044K) (anon: 193360K, file: 150492K, shmem: 8192K)
Swapped out: 0K
C-Heap outstanding allocations: 263846K, retained: 6501K
glibc malloc tunables: (default)

/proc/sys/kernel/threads-max (system-wide limit on the number of threads): 250027
/proc/sys/vm/max_map_count (maximum number of memory map areas a process may have): 1048576
/proc/sys/vm/swappiness (control to define how aggressively the kernel swaps out anonymous memory): 60
/proc/sys/kernel/pid_max (system-wide limit on number of process identifiers): 4194304

container (cgroup) information:
container_type: cgroupv2
cpu_cpuset_cpus: not supported
cpu_memory_nodes: not supported
active_processor_count: 16
cpu_quota: not supported
cpu_period: not supported
cpu_shares: not supported
memory_limit_in_bytes: unlimited
memory_and_swap_limit_in_bytes: unlimited
memory_soft_limit_in_bytes: unlimited
memory_usage_in_bytes: 3104996 k
memory_max_usage_in_bytes: not supported
memory_swap_current_in_bytes: unlimited
memory_swap_max_limit_in_bytes: unlimited
maximum number of tasks: 37504
current number of tasks: 133

Steal ticks since vm start: 0
Steal ticks percentage since vm start:  0.000

CPU: total 16 (initial active 16) (16 cores per cpu, 2 threads per core) family 25 model 68 stepping 1 microcode 0xa404101, cx8, cmov, fxsr, ht, mmx, 3dnowpref, sse, sse2, sse3, ssse3, sse4a, sse4.1, sse4.2, popcnt, lzcnt, tsc, tscinvbit, avx, avx2, aes, clmul, bmi1, bmi2, adx, sha, fma, vzeroupper, clflush, clflushopt, rdtscp, rdpid, f16c, pku, ospke, cet_ss
CPU Model and flags from /proc/cpuinfo:
model name	: AMD Ryzen 9 6900HS with Radeon Graphics
flags		: fpu vme de pse tsc msr pae mce cx8 apic sep mtrr pge mca cmov pat pse36 clflush mmx fxsr sse sse2 ht syscall nx mmxext fxsr_opt pdpe1gb rdtscp lm constant_tsc rep_good nopl nonstop_tsc cpuid extd_apicid aperfmperf rapl pni pclmulqdq monitor ssse3 fma cx16 sse4_1 sse4_2 x2apic movbe popcnt aes xsave avx f16c rdrand lahf_lm cmp_legacy svm extapic cr8_legacy abm sse4a misalignsse 3dnowprefetch osvw ibs skinit wdt tce topoext perfctr_core perfctr_nb bpext perfctr_llc mwaitx cpb cat_l3 cdp_l3 hw_pstate ssbd mba ibrs ibpb stibp vmmcall fsgsbase bmi1 avx2 smep bmi2 invpcid cqm rdt_a rdseed adx smap clflushopt clwb sha_ni xsaveopt xsavec xgetbv1 xsaves cqm_llc cqm_occup_llc cqm_mbm_total cqm_mbm_local user_shstk clzero irperf xsaveerptr rdpru wbnoinvd cppc arat npt lbrv svm_lock nrip_save tsc_scale vmcb_clean flushbyasid decodeassists pausefilter pfthreshold avic v_vmsave_vmload vgif v_spec_ctrl umip pku ospke vaes vpclmulqdq rdpid overflow_recov succor smca debug_swap

Online cpus: 0-15
Offline cpus: 
BIOS frequency limitation: <Not Available>
Frequency switch latency (ns): 0
Available cpu frequencies: <Not Available>
Current governor: powersave
Core performance/turbo boost: <Not Available>

Memory: 4k page, physical 32074664k(24119080k free), swap 2097148k(2097148k free)
Page Sizes: 4k

vm_info: Java HotSpot(TM) 64-Bit Server VM (22.0.2+9-70) for linux-amd64 JRE (22.0.2+9-70), built on 2024-06-04T16:52:23Z by "mach5one" with gcc 13.2.0

END.
