#
# A fatal error has been detected by the Java Runtime Environment:
#
#  SIGSEGV (0xb) at pc=0x000077465b0d1bb8, pid=12337, tid=12342
#
# JRE version: Java(TM) SE Runtime Environment (22.0.2+9) (build 22.0.2+9-70)
# Java VM: Java HotSpot(TM) 64-Bit Server VM (22.0.2+9-70, mixed mode, sharing, tiered, compressed oops, compressed class ptrs, g1 gc, linux-amd64)
# Problematic frame:
# C  [libcublas.so.10+0xd1bb8]
#
# Core dump will be written. Default location: Core dumps may be processed with "/usr/share/apport/apport -p%p -s%s -c%c -d%d -P%P -u%u -g%g -- %E" (or dumping to /home/edov/projects/JCudaWrapper/core.12337)
#
# If you would like to submit a bug report, please visit:
#   https://bugreport.java.com/bugreport/crash.jsp
# The crash happened outside the Java Virtual Machine in native code.
# See problematic frame for where to report the bug.
#

---------------  S U M M A R Y ------------

Command Line: -Dfile.encoding=UTF-8 --module-path=/home/edov/projects/JCudaWrapper/build/classes storage.DArray

Host: AMD Ryzen 9 6900HS with Radeon Graphics, 16 cores, 30G, Ubuntu 24.04.1 LTS
Time: Tue Sep 17 09:21:52 2024 IDT elapsed time: 0.562728 seconds (0d 0h 0m 0s)

---------------  T H R E A D  ---------------

Current thread (0x000077474002d4c0):  JavaThread "main"             [_thread_in_native, id=12342, stack(0x0000774746b00000,0x0000774746c00000) (1024K)]

Stack: [0x0000774746b00000,0x0000774746c00000],  sp=0x0000774746bfe4e0,  free space=1017k
Native frames: (J=compiled Java code, j=interpreted, Vv=VM code, C=native code)
C  [libcublas.so.10+0xd1bb8]
Java frames: (J=compiled Java code, j=interpreted, Vv=VM code)
j  jcuda.jcublas.JCublas2.cublasDnrm2Native(Ljcuda/jcublas/cublasHandle;ILjcuda/Pointer;ILjcuda/Pointer;)I+0
j  jcuda.jcublas.JCublas2.cublasDnrm2(Ljcuda/jcublas/cublasHandle;ILjcuda/Pointer;ILjcuda/Pointer;)I+6
j  storage.DArray.norm(LprocessSupport/Handle;IILstorage/DSingleton;)Lstorage/DSingleton;+31
j  storage.DArray.main([Ljava/lang/String;)V+45
v  ~StubRoutines::call_stub 0x000077473005fcc6

siginfo: si_signo: 11 (SIGSEGV), si_code: 2 (SEGV_ACCERR), si_addr: 0x0000774610e20800

Registers:
RAX=0x0000000000000000, RBX=0x0000000000000001, RCX=0x0000000000000001, RDX=0x0000000000000007
RSP=0x0000774746bfe4e0, RBP=0x0000000000000001, RSI=0x0000000000000001, RDI=0x000077460c1fc680
R8 =0x0000774610e20800, R9 =0x0000000634c15ca0, R10=0x000077465b004380, R11=0x000077465b0cb5b0
R12=0x000077460c1fc680, R13=0x0000000000000001, R14=0x0000774610e20800, R15=0x0000774610e20600
RIP=0x000077465b0d1bb8, EFLAGS=0x0000000000010202, CSGSFS=0x002b000000000033, ERR=0x0000000000000006
  TRAPNO=0x000000000000000e


Register to memory mapping:

RAX=0x0 is null
RBX=0x0000000000000001 is an unknown value
RCX=0x0000000000000001 is an unknown value
RDX=0x0000000000000007 is an unknown value
RSP=0x0000774746bfe4e0 is pointing into the stack for thread: 0x000077474002d4c0
RBP=0x0000000000000001 is an unknown value
RSI=0x0000000000000001 is an unknown value
RDI=0x000077460c1fc680 points into unknown readable memory: 0x7fffffff00000200 | 00 02 00 00 ff ff ff 7f
R8 =0x0000774610e20800 is an unknown value
R9 =0x0000000634c15ca0 is an oop: jcuda.driver.CUdeviceptr 
{0x0000000634c15ca0} - klass: 'jcuda/driver/CUdeviceptr'
 - ---- fields (total size 5 words):
 - private 'nativePointer' 'J' @16  131142814664704 (0x0000774610e20800)
 - private 'buffer' 'Ljava/nio/Buffer;' @12  null (0x00000000)
 - private 'byteOffset' 'J' @24  0 (0x0000000000000000)
 - private 'pointers' '[Ljcuda/NativePointerObject;' @32  null (0x00000000)
R10=0x000077465b004380: <offset 0x0000000000004380> in /lib/x86_64-linux-gnu/libcublas.so.10 at 0x000077465b000000
R11=0x000077465b0cb5b0: cublasDnrm2_v2+0x0000000000000000 in /lib/x86_64-linux-gnu/libcublas.so.10 at 0x000077465b000000
R12=0x000077460c1fc680 points into unknown readable memory: 0x7fffffff00000200 | 00 02 00 00 ff ff ff 7f
R13=0x0000000000000001 is an unknown value
R14=0x0000774610e20800 is an unknown value
R15=0x0000774610e20600 is an unknown value

Top of Stack: (sp=0x0000774746bfe4e0)
0x0000774746bfe4e0:   2020202020202020 0000000000000000
0x0000774746bfe4f0:   0000000000000000 0000774610e20600
0x0000774746bfe500:   0000000000000000 0000000000000000
0x0000774746bfe510:   0000000000000000 0000000000000000
0x0000774746bfe520:   0000000000000000 00007747401381e0
0x0000774746bfe530:   0000774746bfe550 0000774746299906
0x0000774746bfe540:   0000774716de8680 000000064002e050
0x0000774746bfe550:   0000774746bfe580 00007747462d14d8
0x0000774746bfe560:   0000774740145460 912e6450253ad400
0x0000774746bfe570:   0000000000000001 0000774746bfe840
0x0000774746bfe580:   0000000000000002 8000000000000006
0x0000774746bfe590:   0000000000000000 0000000000000000
0x0000774746bfe5a0:   0000000000000000 0000000000000000
0x0000774746bfe5b0:   0000000000000000 0000000000000000
0x0000774746bfe5c0:   000077474002d4c0 0000000000000000
0x0000774746bfe5d0:   0000774746bfe5f0 0000774745f94377
0x0000774746bfe5e0:   000077474002e128 000077460d5cd3c0
0x0000774746bfe5f0:   0000000000000000 00007746b44154b8
0x0000774746bfe600:   0000774746bfe620 0000774716dc8fc5
0x0000774746bfe610:   0000774746bfe820 00007746b44154b8
0x0000774746bfe620:   0000774746bfe780 0000000000000000
0x0000774746bfe630:   00007746b44154b8 0000774746bfe840
0x0000774746bfe640:   0000774610e20600 000077465b0cb5fe
0x0000774746bfe650:   0000774746bfe680 000077460c1fc680
0x0000774746bfe660:   0000774746bfe680 0000774610e20800
0x0000774746bfe670:   0000000100000001 000077460c1fc680
0x0000774746bfe680:   0000774746bfe700 0000774716dc9ac8
0x0000774746bfe690:   0000774746bfe820 000077474002d880
0x0000774746bfe6a0:   000077474002d400 0000010000000062
0x0000774746bfe6b0:   0000774746bfe830 000077474002d880
0x0000774746bfe6c0:   0000000000000000 0000774716dc9dc5
0x0000774746bfe6d0:   0000000000000000 00007746b44154b8 

Instructions: (pc=0x000077465b0d1bb8)
0x000077465b0d1ab8:   ff 4c 8b 8c 24 18 01 00 00 48 8b b4 24 c0 00 00
0x000077465b0d1ac8:   00 48 89 ef 8b 94 24 c8 00 00 00 48 8b 8c 24 b0
0x000077465b0d1ad8:   00 00 00 44 8b 84 24 b8 00 00 00 4c 8b 9c 24 10
0x000077465b0d1ae8:   01 00 00 4c 89 0c 24 4c 8d 8c 24 20 01 00 00 48
0x000077465b0d1af8:   89 b4 24 90 00 00 00 89 94 24 98 00 00 00 48 89
0x000077465b0d1b08:   8c 24 a0 00 00 00 44 89 84 24 a8 00 00 00 4c 89
0x000077465b0d1b18:   5c 24 08 e8 80 bb 50 00 e9 6d fe ff ff 48 03 9c
0x000077465b0d1b28:   24 28 01 00 00 4d 8b 44 24 48 b9 03 00 00 00 ba
0x000077465b0d1b38:   08 00 00 00 4c 89 f7 48 89 de e8 f9 e5 50 00 e9
0x000077465b0d1b48:   9a fe ff ff 90 90 90 90 48 89 6c 24 d8 4c 89 64
0x000077465b0d1b58:   24 e0 89 f5 4c 89 6c 24 e8 4c 89 74 24 f0 49 89
0x000077465b0d1b68:   fc 48 89 5c 24 d0 4c 89 7c 24 f8 48 81 ec 68 01
0x000077465b0d1b78:   00 00 48 85 ff 48 89 54 24 18 41 89 cd 4d 89 c6
0x000077465b0d1b88:   0f 84 85 01 00 00 8b 5f 38 85 db 0f 84 7a 01 00
0x000077465b0d1b98:   00 4d 85 c0 ba 07 00 00 00 0f 84 ff 00 00 00 8b
0x000077465b0d1ba8:   47 50 85 c0 89 44 24 2c 0f 85 2a 01 00 00 85 f6
0x000077465b0d1bb8:   49 c7 00 00 00 00 00 0f 8e 4a 01 00 00 85 c9 0f
0x000077465b0d1bc8:   8e 42 01 00 00 48 8b 35 94 83 bd 04 31 c9 4c 89
0x000077465b0d1bd8:   e7 48 89 f2 48 89 74 24 10 be 80 00 00 00 e8 d5
0x000077465b0d1be8:   39 fe ff 85 c0 ba 0d 00 00 00 0f 8e ae 00 00 00
0x000077465b0d1bf8:   39 e8 41 89 ef 49 8d 54 24 78 44 0f 4e f8 42 8d
0x000077465b0d1c08:   1c fd 08 00 00 00 48 89 d7 48 89 54 24 20 e8 75
0x000077465b0d1c18:   88 f5 ff 39 c3 0f 8f ca 01 00 00 48 8b 7c 24 20
0x000077465b0d1c28:   48 8d b4 24 28 01 00 00 89 da e8 79 91 f5 ff 85
0x000077465b0d1c38:   c0 89 c2 75 69 48 63 d3 48 c7 44 24 70 00 00 00
0x000077465b0d1c48:   00 48 c7 44 24 78 00 00 00 00 48 81 fa ff ff 00
0x000077465b0d1c58:   00 48 c7 84 24 80 00 00 00 00 00 00 00 48 c7 84
0x000077465b0d1c68:   24 88 00 00 00 00 00 00 00 49 8b 4c 24 48 48 8b
0x000077465b0d1c78:   bc 24 28 01 00 00 0f 87 9c 00 00 00 49 8d b4 24
0x000077465b0d1c88:   d8 00 00 00 49 89 c8 b9 01 00 00 00 e8 a7 e4 50
0x000077465b0d1c98:   00 85 c0 0f 84 8e 00 00 00 ba 0e 00 00 00 48 8b
0x000077465b0d1ca8:   9c 24 38 01 00 00 48 8b ac 24 40 01 00 00 89 d0 


Stack slot to memory mapping:

stack at sp + 0 slots: 0x2020202020202020 is an unknown value
stack at sp + 1 slots: 0x0 is null
stack at sp + 2 slots: 0x0 is null
stack at sp + 3 slots: 0x0000774610e20600 is an unknown value
stack at sp + 4 slots: 0x0 is null
stack at sp + 5 slots: 0x0 is null
stack at sp + 6 slots: 0x0 is null
stack at sp + 7 slots: 0x0 is null


---------------  P R O C E S S  ---------------

Threads class SMR info:
_java_thread_list=0x000077460d6295b0, length=14, elements={
0x000077474002d4c0, 0x000077474014c580, 0x000077474014dbd0, 0x000077474014f6b0,
0x0000774740150cf0, 0x0000774740152290, 0x0000774740153e30, 0x0000774740155540,
0x0000774740174a10, 0x000077468405fc60, 0x00007746780011a0, 0x0000774684061440,
0x00007747401b0430, 0x000077460d629980
}

Java Threads: ( => current thread )
=>0x000077474002d4c0 JavaThread "main"                              [_thread_in_native, id=12342, stack(0x0000774746b00000,0x0000774746c00000) (1024K)]
  0x000077474014c580 JavaThread "Reference Handler"          daemon [_thread_blocked, id=12350, stack(0x000077471c0f2000,0x000077471c1f2000) (1024K)]
  0x000077474014dbd0 JavaThread "Finalizer"                  daemon [_thread_blocked, id=12351, stack(0x0000774717900000,0x0000774717a00000) (1024K)]
  0x000077474014f6b0 JavaThread "Signal Dispatcher"          daemon [_thread_blocked, id=12352, stack(0x0000774717800000,0x0000774717900000) (1024K)]
  0x0000774740150cf0 JavaThread "Service Thread"             daemon [_thread_blocked, id=12353, stack(0x0000774717700000,0x0000774717800000) (1024K)]
  0x0000774740152290 JavaThread "Monitor Deflation Thread"   daemon [_thread_blocked, id=12354, stack(0x0000774717600000,0x0000774717700000) (1024K)]
  0x0000774740153e30 JavaThread "C2 CompilerThread0"         daemon [_thread_blocked, id=12355, stack(0x0000774717500000,0x0000774717600000) (1024K)]
  0x0000774740155540 JavaThread "C1 CompilerThread0"         daemon [_thread_blocked, id=12356, stack(0x0000774717400000,0x0000774717500000) (1024K)]
  0x0000774740174a10 JavaThread "Common-Cleaner"             daemon [_thread_blocked, id=12357, stack(0x0000774717300000,0x0000774717400000) (1024K)]
  0x000077468405fc60 JavaThread "C1 CompilerThread1"         daemon [_thread_blocked, id=12358, stack(0x0000774717200000,0x0000774717300000) (1024K)]
  0x00007746780011a0 JavaThread "C1 CompilerThread2"         daemon [_thread_blocked, id=12359, stack(0x0000774717100000,0x0000774717200000) (1024K)]
  0x0000774684061440 JavaThread "C1 CompilerThread3"         daemon [_thread_blocked, id=12360, stack(0x0000774717000000,0x0000774717100000) (1024K)]
  0x00007747401b0430 JavaThread "Notification Thread"        daemon [_thread_blocked, id=12361, stack(0x0000774716f00000,0x0000774717000000) (1024K)]
  0x000077460d629980 JavaThread "pool-1-thread-1"            daemon [_thread_blocked, id=12366, stack(0x0000774716e00000,0x0000774716f00000) (1024K)]
Total: 14

Other Threads:
  0x000077474013ee40 VMThread "VM Thread"                           [id=12349, stack(0x000077471c1f3000,0x000077471c2f3000) (1024K)]
  0x0000774740124940 WatcherThread "VM Periodic Task Thread"        [id=12348, stack(0x000077471c2f4000,0x000077471c3f4000) (1024K)]
  0x0000774740058c90 WorkerThread "GC Thread#0"                     [id=12343, stack(0x00007747444e9000,0x00007747445e9000) (1024K)]
  0x0000774740069790 ConcurrentGCThread "G1 Main Marker"            [id=12344, stack(0x00007747443e8000,0x00007747444e8000) (1024K)]
  0x000077474006a730 WorkerThread "G1 Conc#0"                       [id=12345, stack(0x00007747442e7000,0x00007747443e7000) (1024K)]
  0x0000774740112270 ConcurrentGCThread "G1 Refine#0"               [id=12346, stack(0x000077471c4f6000,0x000077471c5f6000) (1024K)]
  0x0000774740113230 ConcurrentGCThread "G1 Service"                [id=12347, stack(0x000077471c3f5000,0x000077471c4f5000) (1024K)]
Total: 7

Threads with active compile tasks:
Total: 0

VM state: not at safepoint (normal execution)

VM Mutex/Monitor currently owned by a thread: None

Heap address: 0x0000000616800000, size: 7832 MB, Compressed Oops mode: Zero based, Oop shift amount: 3

CDS archive(s) mapped at: [0x00007746be000000-0x00007746bec7a000-0x00007746bec7a000), size 13082624, SharedBaseAddress: 0x00007746be000000, ArchiveRelocationMode: 1.
Compressed class space mapped at: 0x00007746bf000000-0x00007746ff000000, reserved size: 1073741824
Narrow klass base: 0x00007746be000000, Narrow klass shift: 0, Narrow klass range: 0x100000000

GC Precious Log:
 CardTable entry size: 512
 Card Set container configuration: InlinePtr #cards 4 size 8 Array Of Cards #cards 32 size 80 Howl #buckets 8 coarsen threshold 7372 Howl Bitmap #cards 1024 size 144 coarsen threshold 921 Card regions per heap region 1 cards per card region 8192
 CPUs: 16 total, 16 available
 Memory: 31322M
 Large Page Support: Disabled
 NUMA Support: Disabled
 Compressed Oops: Enabled (Zero based)
 Heap Region Size: 4M
 Heap Min Capacity: 8M
 Heap Initial Capacity: 492M
 Heap Max Capacity: 7832M
 Pre-touch: Disabled
 Parallel Workers: 13
 Concurrent Workers: 3
 Concurrent Refinement Workers: 13
 Periodic GC: Disabled

Heap:
 garbage-first heap   total reserved 8019968K, committed 507904K, used 5155K [0x0000000616800000, 0x0000000800000000)
  region size 4096K, 2 young (8192K), 0 survivors (0K)
 Metaspace       used 1084K, committed 1216K, reserved 1114112K
  class space    used 76K, committed 128K, reserved 1048576K

Heap Regions: E=young(eden), S=young(survivor), O=old, HS=humongous(starts), HC=humongous(continues), CS=collection set, F=free, TAMS=top-at-mark-start, PB=parsable bottom
|   0|0x0000000616800000, 0x0000000616800000, 0x0000000616c00000|  0%| F|  |TAMS 0x0000000616800000| PB 0x0000000616800000| Untracked |  0
|   1|0x0000000616c00000, 0x0000000616c00000, 0x0000000617000000|  0%| F|  |TAMS 0x0000000616c00000| PB 0x0000000616c00000| Untracked |  0
|   2|0x0000000617000000, 0x0000000617000000, 0x0000000617400000|  0%| F|  |TAMS 0x0000000617000000| PB 0x0000000617000000| Untracked |  0
|   3|0x0000000617400000, 0x0000000617400000, 0x0000000617800000|  0%| F|  |TAMS 0x0000000617400000| PB 0x0000000617400000| Untracked |  0
|   4|0x0000000617800000, 0x0000000617800000, 0x0000000617c00000|  0%| F|  |TAMS 0x0000000617800000| PB 0x0000000617800000| Untracked |  0
|   5|0x0000000617c00000, 0x0000000617c00000, 0x0000000618000000|  0%| F|  |TAMS 0x0000000617c00000| PB 0x0000000617c00000| Untracked |  0
|   6|0x0000000618000000, 0x0000000618000000, 0x0000000618400000|  0%| F|  |TAMS 0x0000000618000000| PB 0x0000000618000000| Untracked |  0
|   7|0x0000000618400000, 0x0000000618400000, 0x0000000618800000|  0%| F|  |TAMS 0x0000000618400000| PB 0x0000000618400000| Untracked |  0
|   8|0x0000000618800000, 0x0000000618800000, 0x0000000618c00000|  0%| F|  |TAMS 0x0000000618800000| PB 0x0000000618800000| Untracked |  0
|   9|0x0000000618c00000, 0x0000000618c00000, 0x0000000619000000|  0%| F|  |TAMS 0x0000000618c00000| PB 0x0000000618c00000| Untracked |  0
|  10|0x0000000619000000, 0x0000000619000000, 0x0000000619400000|  0%| F|  |TAMS 0x0000000619000000| PB 0x0000000619000000| Untracked |  0
|  11|0x0000000619400000, 0x0000000619400000, 0x0000000619800000|  0%| F|  |TAMS 0x0000000619400000| PB 0x0000000619400000| Untracked |  0
|  12|0x0000000619800000, 0x0000000619800000, 0x0000000619c00000|  0%| F|  |TAMS 0x0000000619800000| PB 0x0000000619800000| Untracked |  0
|  13|0x0000000619c00000, 0x0000000619c00000, 0x000000061a000000|  0%| F|  |TAMS 0x0000000619c00000| PB 0x0000000619c00000| Untracked |  0
|  14|0x000000061a000000, 0x000000061a000000, 0x000000061a400000|  0%| F|  |TAMS 0x000000061a000000| PB 0x000000061a000000| Untracked |  0
|  15|0x000000061a400000, 0x000000061a400000, 0x000000061a800000|  0%| F|  |TAMS 0x000000061a400000| PB 0x000000061a400000| Untracked |  0
|  16|0x000000061a800000, 0x000000061a800000, 0x000000061ac00000|  0%| F|  |TAMS 0x000000061a800000| PB 0x000000061a800000| Untracked |  0
|  17|0x000000061ac00000, 0x000000061ac00000, 0x000000061b000000|  0%| F|  |TAMS 0x000000061ac00000| PB 0x000000061ac00000| Untracked |  0
|  18|0x000000061b000000, 0x000000061b000000, 0x000000061b400000|  0%| F|  |TAMS 0x000000061b000000| PB 0x000000061b000000| Untracked |  0
|  19|0x000000061b400000, 0x000000061b400000, 0x000000061b800000|  0%| F|  |TAMS 0x000000061b400000| PB 0x000000061b400000| Untracked |  0
|  20|0x000000061b800000, 0x000000061b800000, 0x000000061bc00000|  0%| F|  |TAMS 0x000000061b800000| PB 0x000000061b800000| Untracked |  0
|  21|0x000000061bc00000, 0x000000061bc00000, 0x000000061c000000|  0%| F|  |TAMS 0x000000061bc00000| PB 0x000000061bc00000| Untracked |  0
|  22|0x000000061c000000, 0x000000061c000000, 0x000000061c400000|  0%| F|  |TAMS 0x000000061c000000| PB 0x000000061c000000| Untracked |  0
|  23|0x000000061c400000, 0x000000061c400000, 0x000000061c800000|  0%| F|  |TAMS 0x000000061c400000| PB 0x000000061c400000| Untracked |  0
|  24|0x000000061c800000, 0x000000061c800000, 0x000000061cc00000|  0%| F|  |TAMS 0x000000061c800000| PB 0x000000061c800000| Untracked |  0
|  25|0x000000061cc00000, 0x000000061cc00000, 0x000000061d000000|  0%| F|  |TAMS 0x000000061cc00000| PB 0x000000061cc00000| Untracked |  0
|  26|0x000000061d000000, 0x000000061d000000, 0x000000061d400000|  0%| F|  |TAMS 0x000000061d000000| PB 0x000000061d000000| Untracked |  0
|  27|0x000000061d400000, 0x000000061d400000, 0x000000061d800000|  0%| F|  |TAMS 0x000000061d400000| PB 0x000000061d400000| Untracked |  0
|  28|0x000000061d800000, 0x000000061d800000, 0x000000061dc00000|  0%| F|  |TAMS 0x000000061d800000| PB 0x000000061d800000| Untracked |  0
|  29|0x000000061dc00000, 0x000000061dc00000, 0x000000061e000000|  0%| F|  |TAMS 0x000000061dc00000| PB 0x000000061dc00000| Untracked |  0
|  30|0x000000061e000000, 0x000000061e000000, 0x000000061e400000|  0%| F|  |TAMS 0x000000061e000000| PB 0x000000061e000000| Untracked |  0
|  31|0x000000061e400000, 0x000000061e400000, 0x000000061e800000|  0%| F|  |TAMS 0x000000061e400000| PB 0x000000061e400000| Untracked |  0
|  32|0x000000061e800000, 0x000000061e800000, 0x000000061ec00000|  0%| F|  |TAMS 0x000000061e800000| PB 0x000000061e800000| Untracked |  0
|  33|0x000000061ec00000, 0x000000061ec00000, 0x000000061f000000|  0%| F|  |TAMS 0x000000061ec00000| PB 0x000000061ec00000| Untracked |  0
|  34|0x000000061f000000, 0x000000061f000000, 0x000000061f400000|  0%| F|  |TAMS 0x000000061f000000| PB 0x000000061f000000| Untracked |  0
|  35|0x000000061f400000, 0x000000061f400000, 0x000000061f800000|  0%| F|  |TAMS 0x000000061f400000| PB 0x000000061f400000| Untracked |  0
|  36|0x000000061f800000, 0x000000061f800000, 0x000000061fc00000|  0%| F|  |TAMS 0x000000061f800000| PB 0x000000061f800000| Untracked |  0
|  37|0x000000061fc00000, 0x000000061fc00000, 0x0000000620000000|  0%| F|  |TAMS 0x000000061fc00000| PB 0x000000061fc00000| Untracked |  0
|  38|0x0000000620000000, 0x0000000620000000, 0x0000000620400000|  0%| F|  |TAMS 0x0000000620000000| PB 0x0000000620000000| Untracked |  0
|  39|0x0000000620400000, 0x0000000620400000, 0x0000000620800000|  0%| F|  |TAMS 0x0000000620400000| PB 0x0000000620400000| Untracked |  0
|  40|0x0000000620800000, 0x0000000620800000, 0x0000000620c00000|  0%| F|  |TAMS 0x0000000620800000| PB 0x0000000620800000| Untracked |  0
|  41|0x0000000620c00000, 0x0000000620c00000, 0x0000000621000000|  0%| F|  |TAMS 0x0000000620c00000| PB 0x0000000620c00000| Untracked |  0
|  42|0x0000000621000000, 0x0000000621000000, 0x0000000621400000|  0%| F|  |TAMS 0x0000000621000000| PB 0x0000000621000000| Untracked |  0
|  43|0x0000000621400000, 0x0000000621400000, 0x0000000621800000|  0%| F|  |TAMS 0x0000000621400000| PB 0x0000000621400000| Untracked |  0
|  44|0x0000000621800000, 0x0000000621800000, 0x0000000621c00000|  0%| F|  |TAMS 0x0000000621800000| PB 0x0000000621800000| Untracked |  0
|  45|0x0000000621c00000, 0x0000000621c00000, 0x0000000622000000|  0%| F|  |TAMS 0x0000000621c00000| PB 0x0000000621c00000| Untracked |  0
|  46|0x0000000622000000, 0x0000000622000000, 0x0000000622400000|  0%| F|  |TAMS 0x0000000622000000| PB 0x0000000622000000| Untracked |  0
|  47|0x0000000622400000, 0x0000000622400000, 0x0000000622800000|  0%| F|  |TAMS 0x0000000622400000| PB 0x0000000622400000| Untracked |  0
|  48|0x0000000622800000, 0x0000000622800000, 0x0000000622c00000|  0%| F|  |TAMS 0x0000000622800000| PB 0x0000000622800000| Untracked |  0
|  49|0x0000000622c00000, 0x0000000622c00000, 0x0000000623000000|  0%| F|  |TAMS 0x0000000622c00000| PB 0x0000000622c00000| Untracked |  0
|  50|0x0000000623000000, 0x0000000623000000, 0x0000000623400000|  0%| F|  |TAMS 0x0000000623000000| PB 0x0000000623000000| Untracked |  0
|  51|0x0000000623400000, 0x0000000623400000, 0x0000000623800000|  0%| F|  |TAMS 0x0000000623400000| PB 0x0000000623400000| Untracked |  0
|  52|0x0000000623800000, 0x0000000623800000, 0x0000000623c00000|  0%| F|  |TAMS 0x0000000623800000| PB 0x0000000623800000| Untracked |  0
|  53|0x0000000623c00000, 0x0000000623c00000, 0x0000000624000000|  0%| F|  |TAMS 0x0000000623c00000| PB 0x0000000623c00000| Untracked |  0
|  54|0x0000000624000000, 0x0000000624000000, 0x0000000624400000|  0%| F|  |TAMS 0x0000000624000000| PB 0x0000000624000000| Untracked |  0
|  55|0x0000000624400000, 0x0000000624400000, 0x0000000624800000|  0%| F|  |TAMS 0x0000000624400000| PB 0x0000000624400000| Untracked |  0
|  56|0x0000000624800000, 0x0000000624800000, 0x0000000624c00000|  0%| F|  |TAMS 0x0000000624800000| PB 0x0000000624800000| Untracked |  0
|  57|0x0000000624c00000, 0x0000000624c00000, 0x0000000625000000|  0%| F|  |TAMS 0x0000000624c00000| PB 0x0000000624c00000| Untracked |  0
|  58|0x0000000625000000, 0x0000000625000000, 0x0000000625400000|  0%| F|  |TAMS 0x0000000625000000| PB 0x0000000625000000| Untracked |  0
|  59|0x0000000625400000, 0x0000000625400000, 0x0000000625800000|  0%| F|  |TAMS 0x0000000625400000| PB 0x0000000625400000| Untracked |  0
|  60|0x0000000625800000, 0x0000000625800000, 0x0000000625c00000|  0%| F|  |TAMS 0x0000000625800000| PB 0x0000000625800000| Untracked |  0
|  61|0x0000000625c00000, 0x0000000625c00000, 0x0000000626000000|  0%| F|  |TAMS 0x0000000625c00000| PB 0x0000000625c00000| Untracked |  0
|  62|0x0000000626000000, 0x0000000626000000, 0x0000000626400000|  0%| F|  |TAMS 0x0000000626000000| PB 0x0000000626000000| Untracked |  0
|  63|0x0000000626400000, 0x0000000626400000, 0x0000000626800000|  0%| F|  |TAMS 0x0000000626400000| PB 0x0000000626400000| Untracked |  0
|  64|0x0000000626800000, 0x0000000626800000, 0x0000000626c00000|  0%| F|  |TAMS 0x0000000626800000| PB 0x0000000626800000| Untracked |  0
|  65|0x0000000626c00000, 0x0000000626c00000, 0x0000000627000000|  0%| F|  |TAMS 0x0000000626c00000| PB 0x0000000626c00000| Untracked |  0
|  66|0x0000000627000000, 0x0000000627000000, 0x0000000627400000|  0%| F|  |TAMS 0x0000000627000000| PB 0x0000000627000000| Untracked |  0
|  67|0x0000000627400000, 0x0000000627400000, 0x0000000627800000|  0%| F|  |TAMS 0x0000000627400000| PB 0x0000000627400000| Untracked |  0
|  68|0x0000000627800000, 0x0000000627800000, 0x0000000627c00000|  0%| F|  |TAMS 0x0000000627800000| PB 0x0000000627800000| Untracked |  0
|  69|0x0000000627c00000, 0x0000000627c00000, 0x0000000628000000|  0%| F|  |TAMS 0x0000000627c00000| PB 0x0000000627c00000| Untracked |  0
|  70|0x0000000628000000, 0x0000000628000000, 0x0000000628400000|  0%| F|  |TAMS 0x0000000628000000| PB 0x0000000628000000| Untracked |  0
|  71|0x0000000628400000, 0x0000000628400000, 0x0000000628800000|  0%| F|  |TAMS 0x0000000628400000| PB 0x0000000628400000| Untracked |  0
|  72|0x0000000628800000, 0x0000000628800000, 0x0000000628c00000|  0%| F|  |TAMS 0x0000000628800000| PB 0x0000000628800000| Untracked |  0
|  73|0x0000000628c00000, 0x0000000628c00000, 0x0000000629000000|  0%| F|  |TAMS 0x0000000628c00000| PB 0x0000000628c00000| Untracked |  0
|  74|0x0000000629000000, 0x0000000629000000, 0x0000000629400000|  0%| F|  |TAMS 0x0000000629000000| PB 0x0000000629000000| Untracked |  0
|  75|0x0000000629400000, 0x0000000629400000, 0x0000000629800000|  0%| F|  |TAMS 0x0000000629400000| PB 0x0000000629400000| Untracked |  0
|  76|0x0000000629800000, 0x0000000629800000, 0x0000000629c00000|  0%| F|  |TAMS 0x0000000629800000| PB 0x0000000629800000| Untracked |  0
|  77|0x0000000629c00000, 0x0000000629c00000, 0x000000062a000000|  0%| F|  |TAMS 0x0000000629c00000| PB 0x0000000629c00000| Untracked |  0
|  78|0x000000062a000000, 0x000000062a000000, 0x000000062a400000|  0%| F|  |TAMS 0x000000062a000000| PB 0x000000062a000000| Untracked |  0
|  79|0x000000062a400000, 0x000000062a400000, 0x000000062a800000|  0%| F|  |TAMS 0x000000062a400000| PB 0x000000062a400000| Untracked |  0
|  80|0x000000062a800000, 0x000000062a800000, 0x000000062ac00000|  0%| F|  |TAMS 0x000000062a800000| PB 0x000000062a800000| Untracked |  0
|  81|0x000000062ac00000, 0x000000062ac00000, 0x000000062b000000|  0%| F|  |TAMS 0x000000062ac00000| PB 0x000000062ac00000| Untracked |  0
|  82|0x000000062b000000, 0x000000062b000000, 0x000000062b400000|  0%| F|  |TAMS 0x000000062b000000| PB 0x000000062b000000| Untracked |  0
|  83|0x000000062b400000, 0x000000062b400000, 0x000000062b800000|  0%| F|  |TAMS 0x000000062b400000| PB 0x000000062b400000| Untracked |  0
|  84|0x000000062b800000, 0x000000062b800000, 0x000000062bc00000|  0%| F|  |TAMS 0x000000062b800000| PB 0x000000062b800000| Untracked |  0
|  85|0x000000062bc00000, 0x000000062bc00000, 0x000000062c000000|  0%| F|  |TAMS 0x000000062bc00000| PB 0x000000062bc00000| Untracked |  0
|  86|0x000000062c000000, 0x000000062c000000, 0x000000062c400000|  0%| F|  |TAMS 0x000000062c000000| PB 0x000000062c000000| Untracked |  0
|  87|0x000000062c400000, 0x000000062c400000, 0x000000062c800000|  0%| F|  |TAMS 0x000000062c400000| PB 0x000000062c400000| Untracked |  0
|  88|0x000000062c800000, 0x000000062c800000, 0x000000062cc00000|  0%| F|  |TAMS 0x000000062c800000| PB 0x000000062c800000| Untracked |  0
|  89|0x000000062cc00000, 0x000000062cc00000, 0x000000062d000000|  0%| F|  |TAMS 0x000000062cc00000| PB 0x000000062cc00000| Untracked |  0
|  90|0x000000062d000000, 0x000000062d000000, 0x000000062d400000|  0%| F|  |TAMS 0x000000062d000000| PB 0x000000062d000000| Untracked |  0
|  91|0x000000062d400000, 0x000000062d400000, 0x000000062d800000|  0%| F|  |TAMS 0x000000062d400000| PB 0x000000062d400000| Untracked |  0
|  92|0x000000062d800000, 0x000000062d800000, 0x000000062dc00000|  0%| F|  |TAMS 0x000000062d800000| PB 0x000000062d800000| Untracked |  0
|  93|0x000000062dc00000, 0x000000062dc00000, 0x000000062e000000|  0%| F|  |TAMS 0x000000062dc00000| PB 0x000000062dc00000| Untracked |  0
|  94|0x000000062e000000, 0x000000062e000000, 0x000000062e400000|  0%| F|  |TAMS 0x000000062e000000| PB 0x000000062e000000| Untracked |  0
|  95|0x000000062e400000, 0x000000062e400000, 0x000000062e800000|  0%| F|  |TAMS 0x000000062e400000| PB 0x000000062e400000| Untracked |  0
|  96|0x000000062e800000, 0x000000062e800000, 0x000000062ec00000|  0%| F|  |TAMS 0x000000062e800000| PB 0x000000062e800000| Untracked |  0
|  97|0x000000062ec00000, 0x000000062ec00000, 0x000000062f000000|  0%| F|  |TAMS 0x000000062ec00000| PB 0x000000062ec00000| Untracked |  0
|  98|0x000000062f000000, 0x000000062f000000, 0x000000062f400000|  0%| F|  |TAMS 0x000000062f000000| PB 0x000000062f000000| Untracked |  0
|  99|0x000000062f400000, 0x000000062f400000, 0x000000062f800000|  0%| F|  |TAMS 0x000000062f400000| PB 0x000000062f400000| Untracked |  0
| 100|0x000000062f800000, 0x000000062f800000, 0x000000062fc00000|  0%| F|  |TAMS 0x000000062f800000| PB 0x000000062f800000| Untracked |  0
| 101|0x000000062fc00000, 0x000000062fc00000, 0x0000000630000000|  0%| F|  |TAMS 0x000000062fc00000| PB 0x000000062fc00000| Untracked |  0
| 102|0x0000000630000000, 0x0000000630000000, 0x0000000630400000|  0%| F|  |TAMS 0x0000000630000000| PB 0x0000000630000000| Untracked |  0
| 103|0x0000000630400000, 0x0000000630400000, 0x0000000630800000|  0%| F|  |TAMS 0x0000000630400000| PB 0x0000000630400000| Untracked |  0
| 104|0x0000000630800000, 0x0000000630800000, 0x0000000630c00000|  0%| F|  |TAMS 0x0000000630800000| PB 0x0000000630800000| Untracked |  0
| 105|0x0000000630c00000, 0x0000000630c00000, 0x0000000631000000|  0%| F|  |TAMS 0x0000000630c00000| PB 0x0000000630c00000| Untracked |  0
| 106|0x0000000631000000, 0x0000000631000000, 0x0000000631400000|  0%| F|  |TAMS 0x0000000631000000| PB 0x0000000631000000| Untracked |  0
| 107|0x0000000631400000, 0x0000000631400000, 0x0000000631800000|  0%| F|  |TAMS 0x0000000631400000| PB 0x0000000631400000| Untracked |  0
| 108|0x0000000631800000, 0x0000000631800000, 0x0000000631c00000|  0%| F|  |TAMS 0x0000000631800000| PB 0x0000000631800000| Untracked |  0
| 109|0x0000000631c00000, 0x0000000631c00000, 0x0000000632000000|  0%| F|  |TAMS 0x0000000631c00000| PB 0x0000000631c00000| Untracked |  0
| 110|0x0000000632000000, 0x0000000632000000, 0x0000000632400000|  0%| F|  |TAMS 0x0000000632000000| PB 0x0000000632000000| Untracked |  0
| 111|0x0000000632400000, 0x0000000632400000, 0x0000000632800000|  0%| F|  |TAMS 0x0000000632400000| PB 0x0000000632400000| Untracked |  0
| 112|0x0000000632800000, 0x0000000632800000, 0x0000000632c00000|  0%| F|  |TAMS 0x0000000632800000| PB 0x0000000632800000| Untracked |  0
| 113|0x0000000632c00000, 0x0000000632c00000, 0x0000000633000000|  0%| F|  |TAMS 0x0000000632c00000| PB 0x0000000632c00000| Untracked |  0
| 114|0x0000000633000000, 0x0000000633000000, 0x0000000633400000|  0%| F|  |TAMS 0x0000000633000000| PB 0x0000000633000000| Untracked |  0
| 115|0x0000000633400000, 0x0000000633400000, 0x0000000633800000|  0%| F|  |TAMS 0x0000000633400000| PB 0x0000000633400000| Untracked |  0
| 116|0x0000000633800000, 0x0000000633800000, 0x0000000633c00000|  0%| F|  |TAMS 0x0000000633800000| PB 0x0000000633800000| Untracked |  0
| 117|0x0000000633c00000, 0x0000000633c00000, 0x0000000634000000|  0%| F|  |TAMS 0x0000000633c00000| PB 0x0000000633c00000| Untracked |  0
| 118|0x0000000634000000, 0x0000000634000000, 0x0000000634400000|  0%| F|  |TAMS 0x0000000634000000| PB 0x0000000634000000| Untracked |  0
| 119|0x0000000634400000, 0x0000000634400000, 0x0000000634800000|  0%| F|  |TAMS 0x0000000634400000| PB 0x0000000634400000| Untracked |  0
| 120|0x0000000634800000, 0x0000000634800000, 0x0000000634c00000|  0%| F|  |TAMS 0x0000000634800000| PB 0x0000000634800000| Untracked |  0
| 121|0x0000000634c00000, 0x0000000634cf5e50, 0x0000000635000000| 24%| E|  |TAMS 0x0000000634c00000| PB 0x0000000634c00000| Complete |  0
| 122|0x0000000635000000, 0x0000000635400000, 0x0000000635400000|100%| E|CS|TAMS 0x0000000635000000| PB 0x0000000635000000| Complete |  0
|1957|0x00000007ffc00000, 0x00000007ffd08c80, 0x0000000800000000| 25%| O|  |TAMS 0x00000007ffc00000| PB 0x00000007ffc00000| Untracked |  0

Card table byte_map: [0x0000774726c00000,0x0000774727b4c000] _byte_map_base: 0x0000774723b4c000

Marking Bits: (CMBitMap*) 0x00007747400597c0
 Bits: [0x000077471f000000, 0x0000774726a60000)

Polling page: 0x0000774746f90000

Metaspace:

Usage:
  Non-class:   1007.95 KB used.
      Class:     76.90 KB used.
       Both:      1.06 MB used.

Virtual space:
  Non-class space:       64.00 MB reserved,       1.06 MB (  2%) committed,  1 nodes.
      Class space:        1.00 GB reserved,     128.00 KB ( <1%) committed,  1 nodes.
             Both:        1.06 GB reserved,       1.19 MB ( <1%) committed. 

Chunk freelists:
   Non-Class:  11.64 MB
       Class:  15.70 MB
        Both:  27.34 MB

MaxMetaspaceSize: unlimited
CompressedClassSpaceSize: 1.00 GB
Initial GC threshold: 21.00 MB
Current GC threshold: 21.00 MB
CDS: on
 - commit_granule_bytes: 65536.
 - commit_granule_words: 8192.
 - virtual_space_node_default_size: 8388608.
 - enlarge_chunks_in_place: 1.
 - use_allocation_guard: 0.


Internal statistics:

num_allocs_failed_limit: 0.
num_arena_births: 12.
num_arena_deaths: 0.
num_vsnodes_births: 2.
num_vsnodes_deaths: 0.
num_space_committed: 19.
num_space_uncommitted: 0.
num_chunks_returned_to_freelist: 0.
num_chunks_taken_from_freelist: 35.
num_chunk_merges: 0.
num_chunk_splits: 22.
num_chunks_enlarged: 19.
num_inconsistent_stats: 0.

CodeHeap 'non-profiled nmethods': size=119168Kb used=110Kb max_used=110Kb free=119057Kb
 bounds [0x00007747307a0000, 0x0000774730a10000, 0x0000774737c00000]
CodeHeap 'profiled nmethods': size=119164Kb used=527Kb max_used=527Kb free=118637Kb
 bounds [0x0000774728c00000, 0x0000774728e70000, 0x000077473005f000]
CodeHeap 'non-nmethods': size=7428Kb used=3071Kb max_used=3071Kb free=4356Kb
 bounds [0x000077473005f000, 0x000077473036f000, 0x00007747307a0000]
 total_blobs=899 nmethods=406 adapters=396
 compilation: enabled
              stopped_count=0, restarted_count=0
 full_count=0

Compilation events (20 events):
Event: 0.561 Thread 0x00007746780011a0 nmethod 394 0x0000774728c7e410 code [0x0000774728c7e5c0, 0x0000774728c7e7c8]
Event: 0.561 Thread 0x00007746780011a0  398       3       java.lang.invoke.LambdaForm$BasicType::basicType (187 bytes)
Event: 0.561 Thread 0x0000774740155540  399       3       java.lang.ClassLoader::checkName (37 bytes)
Event: 0.561 Thread 0x000077468405fc60 nmethod 393 0x0000774728c7e910 code [0x0000774728c7eb00, 0x0000774728c7f358]
Event: 0.561 Thread 0x000077468405fc60  400       3       java.lang.StringLatin1::indexOf (37 bytes)
Event: 0.561 Thread 0x0000774684061440  401       1       java.lang.invoke.MethodTypeForm::basicType (5 bytes)
Event: 0.561 Thread 0x00007746780011a0 nmethod 398 0x0000774728c7f610 code [0x0000774728c7f8a0, 0x0000774728c80348]
Event: 0.561 Thread 0x0000774684061440 nmethod 401 0x00007747307bb610 code [0x00007747307bb7a0, 0x00007747307bb868]
Event: 0.561 Thread 0x000077468405fc60 nmethod 400 0x0000774728c80610 code [0x0000774728c807e0, 0x0000774728c80be0]
Event: 0.561 Thread 0x0000774740155540 nmethod 399 0x0000774728c80d90 code [0x0000774728c80fc0, 0x0000774728c817b8]
Event: 0.562 Thread 0x00007746780011a0  402       3       jdk.internal.org.objectweb.asm.SymbolTable$Entry::<init> (17 bytes)
Event: 0.562 Thread 0x0000774684061440  403       3       jdk.internal.org.objectweb.asm.SymbolTable::addConstantUtf8 (98 bytes)
Event: 0.562 Thread 0x0000774740155540  404       3       jdk.internal.org.objectweb.asm.ByteVector::putByte (39 bytes)
Event: 0.562 Thread 0x00007746780011a0 nmethod 402 0x0000774728c81b10 code [0x0000774728c81ca0, 0x0000774728c81e20]
Event: 0.562 Thread 0x00007746780011a0  405       3       java.lang.reflect.Modifier::isPublic (12 bytes)
Event: 0.562 Thread 0x0000774740155540 nmethod 404 0x0000774728c81f10 code [0x0000774728c820c0, 0x0000774728c822a0]
Event: 0.562 Thread 0x00007746780011a0 nmethod 405 0x0000774728c82410 code [0x0000774728c825a0, 0x0000774728c826d8]
Event: 0.562 Thread 0x0000774684061440 nmethod 403 0x0000774728c82790 code [0x0000774728c829c0, 0x0000774728c82fc0]
Event: 0.562 Thread 0x000077468405fc60  406       3       jdk.internal.util.StrongReferenceKey::equals (28 bytes)
Event: 0.562 Thread 0x000077468405fc60 nmethod 406 0x0000774728c83310 code [0x0000774728c834e0, 0x0000774728c83ab0]

GC Heap History (0 events):
No events

Dll operation events (7 events):
Event: 0.002 Loaded shared library /usr/lib/jvm/jdk-22.0.2-oracle-x64/lib/libjava.so
Event: 0.024 Loaded shared library /usr/lib/jvm/jdk-22.0.2-oracle-x64/lib/libjsvml.so
Event: 0.026 Loaded shared library /usr/lib/jvm/jdk-22.0.2-oracle-x64/lib/libnio.so
Event: 0.067 Loaded shared library /usr/lib/jvm/jdk-22.0.2-oracle-x64/lib/libzip.so
Event: 0.101 Loaded shared library /usr/lib/jvm/jdk-22.0.2-oracle-x64/lib/libjimage.so
Event: 0.106 Loaded shared library /tmp/libJCudaRuntime-10.1.0-linux-x86_64.so
Event: 0.113 Loaded shared library /tmp/libJCublas2-10.1.0-linux-x86_64.so

Deoptimization events (2 events):
Event: 0.561 Thread 0x000077474002d4c0 DEOPT PACKING pc=0x0000774728c066d0 sp=0x0000774746bfd7a0
Event: 0.561 Thread 0x000077474002d4c0 DEOPT UNPACKING pc=0x00007747300b372f sp=0x0000774746bfcbe0 mode 0

Classes loaded (20 events):
Event: 0.559 Loading class java/lang/invoke/VarHandleInts$FieldInstanceReadWrite
Event: 0.559 Loading class java/lang/invoke/VarHandleInts$FieldInstanceReadOnly
Event: 0.559 Loading class java/lang/invoke/VarHandleInts$FieldInstanceReadOnly done
Event: 0.559 Loading class java/lang/invoke/VarHandleInts$FieldInstanceReadWrite done
Event: 0.560 Loading class java/util/Spliterators$IntArraySpliterator
Event: 0.560 Loading class java/util/Spliterators$IntArraySpliterator done
Event: 0.561 Loading class java/util/stream/MatchOps$MatchKind
Event: 0.561 Loading class java/util/stream/MatchOps$MatchKind done
Event: 0.561 Loading class java/util/stream/MatchOps
Event: 0.561 Loading class java/util/stream/MatchOps done
Event: 0.561 Loading class java/util/stream/MatchOps$MatchOp
Event: 0.561 Loading class java/util/stream/MatchOps$MatchOp done
Event: 0.561 Loading class java/util/stream/MatchOps$BooleanTerminalSink
Event: 0.561 Loading class java/util/stream/MatchOps$BooleanTerminalSink done
Event: 0.561 Loading class java/util/stream/MatchOps$2MatchSink
Event: 0.561 Loading class java/util/stream/MatchOps$2MatchSink done
Event: 0.562 Loading class java/util/stream/MatchOps$1MatchSink
Event: 0.562 Loading class java/util/stream/MatchOps$1MatchSink done
Event: 0.562 Loading class java/nio/HeapDoubleBuffer
Event: 0.562 Loading class java/nio/HeapDoubleBuffer done

Classes unloaded (0 events):
No events

Classes redefined (0 events):
No events

Internal exceptions (9 events):
Event: 0.055 Thread 0x000077474002d4c0 Exception <a 'sun/nio/fs/UnixException'{0x0000000635077920}> (0x0000000635077920) 
thrown [open/src/hotspot/share/prims/jni.cpp, line 520]
Event: 0.055 Thread 0x000077474002d4c0 Exception <a 'sun/nio/fs/UnixException'{0x0000000635078080}> (0x0000000635078080) 
thrown [open/src/hotspot/share/prims/jni.cpp, line 520]
Event: 0.055 Thread 0x000077474002d4c0 Exception <a 'sun/nio/fs/UnixException'{0x0000000635078648}> (0x0000000635078648) 
thrown [open/src/hotspot/share/prims/jni.cpp, line 520]
Event: 0.055 Thread 0x000077474002d4c0 Exception <a 'sun/nio/fs/UnixException'{0x0000000635078e70}> (0x0000000635078e70) 
thrown [open/src/hotspot/share/prims/jni.cpp, line 520]
Event: 0.055 Thread 0x000077474002d4c0 Exception <a 'sun/nio/fs/UnixException'{0x0000000635079430}> (0x0000000635079430) 
thrown [open/src/hotspot/share/prims/jni.cpp, line 520]
Event: 0.055 Thread 0x000077474002d4c0 Exception <a 'sun/nio/fs/UnixException'{0x00000006350799f0}> (0x00000006350799f0) 
thrown [open/src/hotspot/share/prims/jni.cpp, line 520]
Event: 0.055 Thread 0x000077474002d4c0 Exception <a 'sun/nio/fs/UnixException'{0x0000000635079fb0}> (0x0000000635079fb0) 
thrown [open/src/hotspot/share/prims/jni.cpp, line 520]
Event: 0.055 Thread 0x000077474002d4c0 Exception <a 'sun/nio/fs/UnixException'{0x000000063507a588}> (0x000000063507a588) 
thrown [open/src/hotspot/share/prims/jni.cpp, line 520]
Event: 0.557 Thread 0x000077474002d4c0 Exception <a 'java/lang/NoSuchMethodError'{0x00000006353fb5b0}: 'void java.lang.invoke.DirectMethodHandle$Holder.invokeStatic(java.lang.Object, java.lang.Object)'> (0x00000006353fb5b0) 
thrown [open/src/hotspot/share/interpreter/linkResolver.cpp, line 773]

ZGC Phase Switch (0 events):
No events

VM Operations (2 events):
Event: 0.057 Executing VM operation: HandshakeAllThreads (Deoptimize)
Event: 0.057 Executing VM operation: HandshakeAllThreads (Deoptimize) done

Memory protections (15 events):
Event: 0.002 Protecting memory [0x0000774746b00000,0x0000774746b04000] with protection modes 0
Event: 0.023 Protecting memory [0x000077471c0f2000,0x000077471c0f6000] with protection modes 0
Event: 0.023 Protecting memory [0x0000774717900000,0x0000774717904000] with protection modes 0
Event: 0.023 Protecting memory [0x0000774717800000,0x0000774717804000] with protection modes 0
Event: 0.023 Protecting memory [0x0000774717700000,0x0000774717704000] with protection modes 0
Event: 0.023 Protecting memory [0x0000774717600000,0x0000774717604000] with protection modes 0
Event: 0.023 Protecting memory [0x0000774717500000,0x0000774717504000] with protection modes 0
Event: 0.023 Protecting memory [0x0000774717400000,0x0000774717404000] with protection modes 0
Event: 0.045 Protecting memory [0x0000774717300000,0x0000774717304000] with protection modes 0
Event: 0.058 Protecting memory [0x0000774717200000,0x0000774717204000] with protection modes 0
Event: 0.059 Protecting memory [0x0000774717100000,0x0000774717104000] with protection modes 0
Event: 0.059 Protecting memory [0x0000774717000000,0x0000774717004000] with protection modes 0
Event: 0.066 Protecting memory [0x0000774716f00000,0x0000774716f04000] with protection modes 0
Event: 0.071 Protecting memory [0x0000774716e00000,0x0000774716e04000] with protection modes 0
Event: 0.559 Protecting memory [0x0000774716e00000,0x0000774716e04000] with protection modes 0

Nmethod flushes (0 events):
No events

Events (16 events):
Event: 0.016 Thread 0x000077474002d4c0 Thread added: 0x000077474002d4c0
Event: 0.023 Thread 0x000077474002d4c0 Thread added: 0x000077474014c580
Event: 0.023 Thread 0x000077474002d4c0 Thread added: 0x000077474014dbd0
Event: 0.023 Thread 0x000077474002d4c0 Thread added: 0x000077474014f6b0
Event: 0.023 Thread 0x000077474002d4c0 Thread added: 0x0000774740150cf0
Event: 0.023 Thread 0x000077474002d4c0 Thread added: 0x0000774740152290
Event: 0.023 Thread 0x000077474002d4c0 Thread added: 0x0000774740153e30
Event: 0.023 Thread 0x000077474002d4c0 Thread added: 0x0000774740155540
Event: 0.045 Thread 0x000077474002d4c0 Thread added: 0x0000774740174a10
Event: 0.057 Thread 0x0000774740155540 Thread added: 0x000077468405fc60
Event: 0.059 Thread 0x000077468405fc60 Thread added: 0x00007746780011a0
Event: 0.059 Thread 0x0000774740155540 Thread added: 0x0000774684061440
Event: 0.065 Thread 0x000077474002d4c0 Thread added: 0x00007747401b0430
Event: 0.071 Thread 0x0000774740155540 Thread added: 0x00007746840a2c70
Event: 0.558 Thread 0x00007746840a2c70 Thread exited: 0x00007746840a2c70
Event: 0.559 Thread 0x000077474002d4c0 Thread added: 0x000077460d629980


Dynamic libraries:
200000000-200200000 ---p 00000000 00:00 0 
200200000-200400000 rw-s 00000000 00:05 1129                             /dev/nvidia0
200400000-203400000 rw-s 00000000 00:05 1128                             /dev/nvidiactl
203400000-204400000 ---p 00000000 00:00 0 
204400000-204600000 rw-s 00000000 00:05 1128                             /dev/nvidiactl
204600000-204800000 rw-s 00000000 00:05 1128                             /dev/nvidiactl
204800000-204a00000 rw-s 00000000 00:05 1128                             /dev/nvidiactl
204a00000-204c00000 rw-s 204a00000 00:05 1130                            /dev/nvidia-uvm
204c00000-204e00000 rw-s 00000000 00:05 1128                             /dev/nvidiactl
204e00000-205000000 ---p 00000000 00:00 0 
205000000-205200000 rw-s 00000000 00:05 1128                             /dev/nvidiactl
205200000-300200000 ---p 00000000 00:00 0 
616800000-635400000 rw-p 00000000 00:00 0 
635400000-7ffc00000 ---p 00000000 00:00 0 
7ffc00000-7ffd09000 rw-p 00cb9000 103:05 39860326                        /usr/lib/jvm/jdk-22.0.2-oracle-x64/lib/server/classes.jsa
7ffd09000-800000000 rw-p 00000000 00:00 0 
10000000000-10004000000 ---p 00000000 00:00 0 
598ab289a000-598ab289b000 r-xp 00000000 103:05 39860034                  /usr/lib/jvm/jdk-22.0.2-oracle-x64/bin/java
598ab289c000-598ab289d000 r--p 00001000 103:05 39860034                  /usr/lib/jvm/jdk-22.0.2-oracle-x64/bin/java
598ab289d000-598ab289e000 rw-p 00002000 103:05 39860034                  /usr/lib/jvm/jdk-22.0.2-oracle-x64/bin/java
598ab3299000-598ab32e2000 rw-p 00000000 00:00 0                          [heap]
77460c000000-77460dda3000 rw-p 00000000 00:00 0 
77460dda3000-774612000000 ---p 00000000 00:00 0 
774614000000-774617ffd000 rw-p 00000000 00:00 0 
774617ffd000-774618000000 ---p 00000000 00:00 0 
77461c000000-77461ff52000 rw-p 00000000 00:00 0 
77461ff52000-774620000000 ---p 00000000 00:00 0 
774622000000-77462a000000 ---p 00000000 00:00 0 
77462c000000-77462e000000 ---p 00000000 00:00 0 
774630000000-774640000000 ---p 00000000 00:00 0 
774644000000-774644400000 ---p 00000000 00:00 0 
774644400000-774644600000 rw-s 00000000 00:05 1128                       /dev/nvidiactl
774644600000-774644800000 rw-s 00000000 00:01 5189                       /dev/zero (deleted)
774644800000-774644a00000 rw-s 00000000 00:01 5190                       /dev/zero (deleted)
774644a00000-774645000000 ---p 00000000 00:00 0 
774645000000-774645200000 rw-s 00000000 00:05 1128                       /dev/nvidiactl
774645200000-774645400000 ---p 00000000 00:00 0 
774645400000-774645600000 rw-s 00000000 00:01 5192                       /dev/zero (deleted)
774645600000-774645b33000 rw-s 00000000 00:05 1128                       /dev/nvidiactl
774645b33000-774646000000 ---p 00000000 00:00 0 
774648000000-774648021000 rw-p 00000000 00:00 0 
774648021000-77464c000000 ---p 00000000 00:00 0 
77464e000000-774654000000 ---p 00000000 00:00 0 
774654000000-774654021000 rw-p 00000000 00:00 0 
774654021000-774658000000 ---p 00000000 00:00 0 
77465b000000-77465faa3000 r-xp 00000000 103:05 39063741                  /usr/lib/x86_64-linux-gnu/libcublas.so.10.1.0.105
77465faa3000-77465fca2000 ---p 04aa3000 103:05 39063741                  /usr/lib/x86_64-linux-gnu/libcublas.so.10.1.0.105
77465fca2000-77465fcb0000 rw-p 04aa2000 103:05 39063741                  /usr/lib/x86_64-linux-gnu/libcublas.so.10.1.0.105
77465fcb0000-77465fcba000 rw-p 00000000 00:00 0 
774660000000-77466005a000 rw-p 00000000 00:00 0 
77466005a000-774664000000 ---p 00000000 00:00 0 
774664000000-774664021000 rw-p 00000000 00:00 0 
774664021000-774668000000 ---p 00000000 00:00 0 
77466c000000-77466c035000 rw-p 00000000 00:00 0 
77466c035000-774670000000 ---p 00000000 00:00 0 
774670000000-774670025000 rw-p 00000000 00:00 0 
774670025000-774674000000 ---p 00000000 00:00 0 
774678000000-77467809f000 rw-p 00000000 00:00 0 
77467809f000-77467c000000 ---p 00000000 00:00 0 
77467c000000-77467c021000 rw-p 00000000 00:00 0 
77467c021000-774680000000 ---p 00000000 00:00 0 
774684000000-7746840a7000 rw-p 00000000 00:00 0 
7746840a7000-774688000000 ---p 00000000 00:00 0 
774688000000-7746881a0000 rw-p 00000000 00:00 0 
7746881a0000-77468c000000 ---p 00000000 00:00 0 
774690000000-774690021000 rw-p 00000000 00:00 0 
774690021000-774694000000 ---p 00000000 00:00 0 
774694000000-774694021000 rw-p 00000000 00:00 0 
774694021000-774698000000 ---p 00000000 00:00 0 
77469c000000-77469c021000 rw-p 00000000 00:00 0 
77469c021000-7746a0000000 ---p 00000000 00:00 0 
7746a0000000-7746a0021000 rw-p 00000000 00:00 0 
7746a0021000-7746a4000000 ---p 00000000 00:00 0 
7746a8000000-7746a8021000 rw-p 00000000 00:00 0 
7746a8021000-7746ac000000 ---p 00000000 00:00 0 
7746ac000000-7746ac021000 rw-p 00000000 00:00 0 
7746ac021000-7746b0000000 ---p 00000000 00:00 0 
7746b4000000-7746b40b0000 rw-p 00000000 00:00 0 
7746b40b0000-7746b4400000 ---p 00000000 00:00 0 
7746b4400000-7746b4460000 rw-p 00000000 00:00 0 
7746b4460000-7746b8000000 ---p 00000000 00:00 0 
7746b8000000-7746b8021000 rw-p 00000000 00:00 0 
7746b8021000-7746bc000000 ---p 00000000 00:00 0 
7746bc400000-7746bc401000 ---p 00000000 00:00 0 
7746bc401000-7746bcc01000 rw-p 00000000 00:00 0 
7746bce00000-7746bce01000 rw-s 00000000 00:05 1128                       /dev/nvidiactl
7746bce01000-7746bce02000 rw-s 00000000 00:05 1128                       /dev/nvidiactl
7746bce02000-7746bce03000 rw-s 00000000 00:05 1128                       /dev/nvidiactl
7746bce03000-7746bce04000 rw-s 00000000 00:05 1128                       /dev/nvidiactl
7746bce04000-7746bce05000 rw-s 00000000 00:05 1128                       /dev/nvidiactl
7746bce05000-7746bce06000 rw-s 00000000 00:05 1128                       /dev/nvidiactl
7746bce06000-7746bce07000 rw-s 00000000 00:05 1128                       /dev/nvidiactl
7746bce07000-7746bce08000 rw-s 00000000 00:05 1128                       /dev/nvidiactl
7746bce08000-7746bce09000 rw-s 00000000 00:05 1128                       /dev/nvidiactl
7746bce09000-7746bce0a000 rw-s 00000000 00:05 1128                       /dev/nvidiactl
7746bce0a000-7746bce0b000 rw-s 00000000 00:05 1128                       /dev/nvidiactl
7746bce0b000-7746bce0c000 rw-s 00000000 00:05 1128                       /dev/nvidiactl
7746bce0c000-7746bce0d000 rw-s 00000000 00:05 1128                       /dev/nvidiactl
7746bce0d000-7746bce0e000 rw-s 00000000 00:05 1128                       /dev/nvidiactl
7746bce0e000-7746bce0f000 rw-s 00000000 00:05 1128                       /dev/nvidiactl
7746bce0f000-7746bce10000 rw-s 00000000 00:05 1128                       /dev/nvidiactl
7746bce10000-7746bde21000 ---p 00000000 00:00 0 
7746be000000-7746bec7a000 rw-p 00001000 103:05 39860326                  /usr/lib/jvm/jdk-22.0.2-oracle-x64/lib/server/classes.jsa
7746bec7a000-7746bf000000 ---p 00000000 00:00 0 
7746bf000000-7746bf010000 rw-p 00000000 00:00 0 
7746bf010000-7746bf040000 ---p 00000000 00:00 0 
7746bf040000-7746bf050000 rw-p 00000000 00:00 0 
7746bf050000-7746ff000000 ---p 00000000 00:00 0 
7746ff600000-7746ff601000 ---p 00000000 00:00 0 
7746ff601000-7746ffe01000 rw-p 00000000 00:00 0 
774700000000-774700021000 rw-p 00000000 00:00 0 
774700021000-774704000000 ---p 00000000 00:00 0 
774704000000-774704021000 rw-p 00000000 00:00 0 
774704021000-774708000000 ---p 00000000 00:00 0 
774708400000-774709421000 ---p 00000000 00:00 0 
774709600000-77470985a000 rw-p 00000000 00:00 0 
774709a00000-774709a01000 ---p 00000000 00:00 0 
774709a01000-77470a201000 rw-p 00000000 00:00 0 
77470a400000-77470a4db000 r--p 00000000 103:05 39066653                  /usr/lib/x86_64-linux-gnu/libcuda.so.550.54.15
77470a4db000-77470a973000 r-xp 000db000 103:05 39066653                  /usr/lib/x86_64-linux-gnu/libcuda.so.550.54.15
77470a973000-77470be03000 r--p 00573000 103:05 39066653                  /usr/lib/x86_64-linux-gnu/libcuda.so.550.54.15
77470be03000-77470be1a000 r--p 01a02000 103:05 39066653                  /usr/lib/x86_64-linux-gnu/libcuda.so.550.54.15
77470be1a000-77470bf15000 rw-p 01a19000 103:05 39066653                  /usr/lib/x86_64-linux-gnu/libcuda.so.550.54.15
77470bf15000-77470bf7b000 rw-p 00000000 00:00 0 
77470c000000-77470c021000 rw-p 00000000 00:00 0 
77470c021000-774710000000 ---p 00000000 00:00 0 
774710000000-774710021000 rw-p 00000000 00:00 0 
774710021000-774714000000 ---p 00000000 00:00 0 
774714000000-774714200000 rw-s 00000000 00:01 5191                       /dev/zero (deleted)
774714200000-7747164e6000 r-xp 00000000 103:05 39063740                  /usr/lib/x86_64-linux-gnu/libcublasLt.so.10.1.0.105
7747164e6000-7747166e6000 ---p 022e6000 103:05 39063740                  /usr/lib/x86_64-linux-gnu/libcublasLt.so.10.1.0.105
7747166e6000-774716758000 rw-p 022e6000 103:05 39063740                  /usr/lib/x86_64-linux-gnu/libcublasLt.so.10.1.0.105
774716758000-774716760000 rw-p 00000000 00:00 0 
7747167fa000-774716a00000 rw-p 00000000 00:00 0 
774716a00000-774716a9d000 r--p 00000000 103:05 39063721                  /usr/lib/x86_64-linux-gnu/libstdc++.so.6.0.33
774716a9d000-774716bdd000 r-xp 0009d000 103:05 39063721                  /usr/lib/x86_64-linux-gnu/libstdc++.so.6.0.33
774716bdd000-774716c6b000 r--p 001dd000 103:05 39063721                  /usr/lib/x86_64-linux-gnu/libstdc++.so.6.0.33
774716c6b000-774716c76000 r--p 0026b000 103:05 39063721                  /usr/lib/x86_64-linux-gnu/libstdc++.so.6.0.33
774716c76000-774716c79000 rw-p 00276000 103:05 39063721                  /usr/lib/x86_64-linux-gnu/libstdc++.so.6.0.33
774716c79000-774716c7d000 rw-p 00000000 00:00 0 
774716c8f000-774716d30000 rw-p 00000000 00:00 0 
774716d30000-774716d44000 r--p 00000000 103:05 26738754                  /tmp/libJCublas2-10.1.0-linux-x86_64.so
774716d44000-774716dcc000 r-xp 00014000 103:05 26738754                  /tmp/libJCublas2-10.1.0-linux-x86_64.so
774716dcc000-774716df9000 r--p 0009c000 103:05 26738754                  /tmp/libJCublas2-10.1.0-linux-x86_64.so
774716df9000-774716dfa000 ---p 000c9000 103:05 26738754                  /tmp/libJCublas2-10.1.0-linux-x86_64.so
774716dfa000-774716dfd000 r--p 000c9000 103:05 26738754                  /tmp/libJCublas2-10.1.0-linux-x86_64.so
774716dfd000-774716dfe000 rw-p 000cc000 103:05 26738754                  /tmp/libJCublas2-10.1.0-linux-x86_64.so
774716dfe000-774716e00000 rw-p 00000000 00:00 0 
774716e00000-774716e04000 ---p 00000000 00:00 0 
774716e04000-774716f00000 rw-p 00000000 00:00 0 
774716f00000-774716f04000 ---p 00000000 00:00 0 
774716f04000-774717000000 rw-p 00000000 00:00 0 
774717000000-774717004000 ---p 00000000 00:00 0 
774717004000-774717100000 rw-p 00000000 00:00 0 
774717100000-774717104000 ---p 00000000 00:00 0 
774717104000-774717200000 rw-p 00000000 00:00 0 
774717200000-774717204000 ---p 00000000 00:00 0 
774717204000-774717300000 rw-p 00000000 00:00 0 
774717300000-774717304000 ---p 00000000 00:00 0 
774717304000-774717400000 rw-p 00000000 00:00 0 
774717400000-774717404000 ---p 00000000 00:00 0 
774717404000-774717500000 rw-p 00000000 00:00 0 
774717500000-774717504000 ---p 00000000 00:00 0 
774717504000-774717600000 rw-p 00000000 00:00 0 
774717600000-774717604000 ---p 00000000 00:00 0 
774717604000-774717700000 rw-p 00000000 00:00 0 
774717700000-774717704000 ---p 00000000 00:00 0 
774717704000-774717800000 rw-p 00000000 00:00 0 
774717800000-774717804000 ---p 00000000 00:00 0 
774717804000-774717900000 rw-p 00000000 00:00 0 
774717900000-774717904000 ---p 00000000 00:00 0 
774717904000-774717a00000 rw-p 00000000 00:00 0 
774717a00000-774717f75000 r--p 00000000 103:05 39061600                  /usr/lib/locale/locale-archive
774717f7f000-774718021000 rw-p 00000000 00:00 0 
774718021000-77471c000000 ---p 00000000 00:00 0 
77471c022000-77471c0f0000 r-xp 00000000 103:05 39860299                  /usr/lib/jvm/jdk-22.0.2-oracle-x64/lib/libjsvml.so
77471c0f0000-77471c0f1000 r--p 000cd000 103:05 39860299                  /usr/lib/jvm/jdk-22.0.2-oracle-x64/lib/libjsvml.so
77471c0f1000-77471c0f2000 rw-p 000ce000 103:05 39860299                  /usr/lib/jvm/jdk-22.0.2-oracle-x64/lib/libjsvml.so
77471c0f2000-77471c0f6000 ---p 00000000 00:00 0 
77471c0f6000-77471c1f2000 rw-p 00000000 00:00 0 
77471c1f2000-77471c1f3000 ---p 00000000 00:00 0 
77471c1f3000-77471c2f3000 rw-p 00000000 00:00 0 
77471c2f3000-77471c2f4000 ---p 00000000 00:00 0 
77471c2f4000-77471c3f4000 rw-p 00000000 00:00 0 
77471c3f4000-77471c3f5000 ---p 00000000 00:00 0 
77471c3f5000-77471c4f5000 rw-p 00000000 00:00 0 
77471c4f5000-77471c4f6000 ---p 00000000 00:00 0 
77471c4f6000-77471c5f6000 rw-p 00000000 00:00 0 
77471c5f6000-77471f7b0000 rw-p 00000000 00:00 0 
77471f7b0000-774726a50000 ---p 00000000 00:00 0 
774726a50000-774726a60000 rw-p 00000000 00:00 0 
774726a7e000-774726cf6000 rw-p 00000000 00:00 0 
774726cf6000-774727b4a000 ---p 00000000 00:00 0 
774727b4a000-774727b4c000 rw-p 00000000 00:00 0 
774727b61000-774727b73000 r--p 00000000 103:05 26738753                  /tmp/libJCudaRuntime-10.1.0-linux-x86_64.so
774727b73000-774727bdb000 r-xp 00012000 103:05 26738753                  /tmp/libJCudaRuntime-10.1.0-linux-x86_64.so
774727bdb000-774727bf8000 r--p 0007a000 103:05 26738753                  /tmp/libJCudaRuntime-10.1.0-linux-x86_64.so
774727bf8000-774727bf9000 ---p 00097000 103:05 26738753                  /tmp/libJCudaRuntime-10.1.0-linux-x86_64.so
774727bf9000-774727bfd000 r--p 00097000 103:05 26738753                  /tmp/libJCudaRuntime-10.1.0-linux-x86_64.so
774727bfd000-774727bfe000 rw-p 0009b000 103:05 26738753                  /tmp/libJCudaRuntime-10.1.0-linux-x86_64.so
774727bfe000-774727cf6000 rw-p 00000000 00:00 0 
774727cf6000-774728b4a000 ---p 00000000 00:00 0 
774728b4a000-774728b4c000 rw-p 00000000 00:00 0 
774728b4c000-774728c00000 rw-p 00000000 00:00 0 
774728c00000-774728e70000 rwxp 00000000 00:00 0 
774728e70000-77473005f000 ---p 00000000 00:00 0 
77473005f000-77473036f000 rwxp 00000000 00:00 0 
77473036f000-7747307a0000 ---p 00000000 00:00 0 
7747307a0000-774730a10000 rwxp 00000000 00:00 0 
774730a10000-774737c00000 ---p 00000000 00:00 0 
774737c00000-77473ffbb000 r--s 00000000 103:05 39860317                  /usr/lib/jvm/jdk-22.0.2-oracle-x64/lib/modules
77473ffbf000-774743ccc000 rw-p 00000000 00:00 0 
774743ccc000-774744000000 ---p 00000000 00:00 0 
774744000000-774744004000 r--p 00000000 103:05 39063720                  /usr/lib/x86_64-linux-gnu/libgcc_s.so.1
774744004000-774744027000 r-xp 00004000 103:05 39063720                  /usr/lib/x86_64-linux-gnu/libgcc_s.so.1
774744027000-77474402b000 r--p 00027000 103:05 39063720                  /usr/lib/x86_64-linux-gnu/libgcc_s.so.1
77474402b000-77474402c000 r--p 0002b000 103:05 39063720                  /usr/lib/x86_64-linux-gnu/libgcc_s.so.1
77474402c000-77474402d000 rw-p 0002c000 103:05 39063720                  /usr/lib/x86_64-linux-gnu/libgcc_s.so.1
774744048000-7747442e6000 rw-p 00000000 00:00 0 
7747442e6000-7747442e7000 ---p 00000000 00:00 0 
7747442e7000-7747443e7000 rw-p 00000000 00:00 0 
7747443e7000-7747443e8000 ---p 00000000 00:00 0 
7747443e8000-7747444e8000 rw-p 00000000 00:00 0 
7747444e8000-7747444e9000 ---p 00000000 00:00 0 
7747444e9000-7747445e9000 rw-p 00000000 00:00 0 
7747445e9000-774745433000 rw-p 00000000 00:00 0 
774745433000-774745517000 ---p 00000000 00:00 0 
774745517000-77474551c000 rw-p 00000000 00:00 0 
77474551c000-774745600000 ---p 00000000 00:00 0 
774745600000-774746940000 r-xp 00000000 103:05 39860329                  /usr/lib/jvm/jdk-22.0.2-oracle-x64/lib/server/libjvm.so
774746940000-774746941000 ---p 01340000 103:05 39860329                  /usr/lib/jvm/jdk-22.0.2-oracle-x64/lib/server/libjvm.so
774746941000-774746a0e000 r--p 01340000 103:05 39860329                  /usr/lib/jvm/jdk-22.0.2-oracle-x64/lib/server/libjvm.so
774746a0e000-774746a3c000 rw-p 0140d000 103:05 39860329                  /usr/lib/jvm/jdk-22.0.2-oracle-x64/lib/server/libjvm.so
774746a3c000-774746ab2000 rw-p 00000000 00:00 0 
774746ab4000-774746ac4000 -w-s 00000000 00:05 1129                       /dev/nvidia0
774746ac4000-774746acb000 r-xp 00000000 103:05 39860316                  /usr/lib/jvm/jdk-22.0.2-oracle-x64/lib/libzip.so
774746acb000-774746acc000 ---p 00007000 103:05 39860316                  /usr/lib/jvm/jdk-22.0.2-oracle-x64/lib/libzip.so
774746acc000-774746acd000 r--p 00007000 103:05 39860316                  /usr/lib/jvm/jdk-22.0.2-oracle-x64/lib/libzip.so
774746acd000-774746ace000 rw-p 00008000 103:05 39860316                  /usr/lib/jvm/jdk-22.0.2-oracle-x64/lib/libzip.so
774746ace000-774746ad9000 r-xp 00000000 103:05 39860306                  /usr/lib/jvm/jdk-22.0.2-oracle-x64/lib/libnet.so
774746ad9000-774746ada000 ---p 0000b000 103:05 39860306                  /usr/lib/jvm/jdk-22.0.2-oracle-x64/lib/libnet.so
774746ada000-774746adb000 r--p 0000b000 103:05 39860306                  /usr/lib/jvm/jdk-22.0.2-oracle-x64/lib/libnet.so
774746adb000-774746adc000 rw-p 0000c000 103:05 39860306                  /usr/lib/jvm/jdk-22.0.2-oracle-x64/lib/libnet.so
774746adc000-774746afc000 r-xp 00000000 103:05 39860291                  /usr/lib/jvm/jdk-22.0.2-oracle-x64/lib/libjava.so
774746afc000-774746afd000 ---p 00020000 103:05 39860291                  /usr/lib/jvm/jdk-22.0.2-oracle-x64/lib/libjava.so
774746afd000-774746afe000 r--p 00020000 103:05 39860291                  /usr/lib/jvm/jdk-22.0.2-oracle-x64/lib/libjava.so
774746afe000-774746aff000 rw-p 00021000 103:05 39860291                  /usr/lib/jvm/jdk-22.0.2-oracle-x64/lib/libjava.so
774746aff000-774746b00000 rw-p 00000000 00:00 0 
774746b00000-774746b04000 ---p 00000000 00:00 0 
774746b04000-774746c00000 rw-p 00000000 00:00 0 
774746c00000-774746c28000 r--p 00000000 103:05 39070666                  /usr/lib/x86_64-linux-gnu/libc.so.6
774746c28000-774746db0000 r-xp 00028000 103:05 39070666                  /usr/lib/x86_64-linux-gnu/libc.so.6
774746db0000-774746dff000 r--p 001b0000 103:05 39070666                  /usr/lib/x86_64-linux-gnu/libc.so.6
774746dff000-774746e03000 r--p 001fe000 103:05 39070666                  /usr/lib/x86_64-linux-gnu/libc.so.6
774746e03000-774746e05000 rw-p 00202000 103:05 39070666                  /usr/lib/x86_64-linux-gnu/libc.so.6
774746e05000-774746e12000 rw-p 00000000 00:00 0 
774746e12000-774746e19000 r--s 00000000 103:05 39070655                  /usr/lib/x86_64-linux-gnu/gconv/gconv-modules.cache
774746e19000-774746e2c000 r-xp 00000000 103:05 39860307                  /usr/lib/jvm/jdk-22.0.2-oracle-x64/lib/libnio.so
774746e2c000-774746e2d000 ---p 00013000 103:05 39860307                  /usr/lib/jvm/jdk-22.0.2-oracle-x64/lib/libnio.so
774746e2d000-774746e2e000 r--p 00013000 103:05 39860307                  /usr/lib/jvm/jdk-22.0.2-oracle-x64/lib/libnio.so
774746e2e000-774746e2f000 rw-p 00014000 103:05 39860307                  /usr/lib/jvm/jdk-22.0.2-oracle-x64/lib/libnio.so
774746e2f000-774746e4d000 r-xp 00000000 103:05 39860295                  /usr/lib/jvm/jdk-22.0.2-oracle-x64/lib/libjimage.so
774746e4d000-774746e4f000 r--p 0001d000 103:05 39860295                  /usr/lib/jvm/jdk-22.0.2-oracle-x64/lib/libjimage.so
774746e4f000-774746e50000 rw-p 0001f000 103:05 39860295                  /usr/lib/jvm/jdk-22.0.2-oracle-x64/lib/libjimage.so
774746e50000-774746e60000 r--p 00000000 103:05 39070669                  /usr/lib/x86_64-linux-gnu/libm.so.6
774746e60000-774746edf000 r-xp 00010000 103:05 39070669                  /usr/lib/x86_64-linux-gnu/libm.so.6
774746edf000-774746f37000 r--p 0008f000 103:05 39070669                  /usr/lib/x86_64-linux-gnu/libm.so.6
774746f37000-774746f38000 r--p 000e7000 103:05 39070669                  /usr/lib/x86_64-linux-gnu/libm.so.6
774746f38000-774746f39000 rw-p 000e8000 103:05 39070669                  /usr/lib/x86_64-linux-gnu/libm.so.6
774746f39000-774746f3a000 r--p 00000000 103:05 39070680                  /usr/lib/x86_64-linux-gnu/librt.so.1
774746f3a000-774746f3b000 r-xp 00001000 103:05 39070680                  /usr/lib/x86_64-linux-gnu/librt.so.1
774746f3b000-774746f3c000 r--p 00002000 103:05 39070680                  /usr/lib/x86_64-linux-gnu/librt.so.1
774746f3c000-774746f3d000 r--p 00002000 103:05 39070680                  /usr/lib/x86_64-linux-gnu/librt.so.1
774746f3d000-774746f3e000 rw-p 00003000 103:05 39070680                  /usr/lib/x86_64-linux-gnu/librt.so.1
774746f3e000-774746f42000 rw-p 00000000 00:00 0 
774746f42000-774746f43000 r--p 00000000 103:05 39070668                  /usr/lib/x86_64-linux-gnu/libdl.so.2
774746f43000-774746f44000 r-xp 00001000 103:05 39070668                  /usr/lib/x86_64-linux-gnu/libdl.so.2
774746f44000-774746f45000 r--p 00002000 103:05 39070668                  /usr/lib/x86_64-linux-gnu/libdl.so.2
774746f45000-774746f46000 r--p 00002000 103:05 39070668                  /usr/lib/x86_64-linux-gnu/libdl.so.2
774746f46000-774746f47000 rw-p 00003000 103:05 39070668                  /usr/lib/x86_64-linux-gnu/libdl.so.2
774746f47000-774746f48000 r--p 00000000 103:05 39070678                  /usr/lib/x86_64-linux-gnu/libpthread.so.0
774746f48000-774746f49000 r-xp 00001000 103:05 39070678                  /usr/lib/x86_64-linux-gnu/libpthread.so.0
774746f49000-774746f4a000 r--p 00002000 103:05 39070678                  /usr/lib/x86_64-linux-gnu/libpthread.so.0
774746f4a000-774746f4b000 r--p 00002000 103:05 39070678                  /usr/lib/x86_64-linux-gnu/libpthread.so.0
774746f4b000-774746f4c000 rw-p 00003000 103:05 39070678                  /usr/lib/x86_64-linux-gnu/libpthread.so.0
774746f4c000-774746f5a000 r-xp 00000000 103:05 39860296                  /usr/lib/jvm/jdk-22.0.2-oracle-x64/lib/libjli.so
774746f5a000-774746f5b000 r--p 0000e000 103:05 39860296                  /usr/lib/jvm/jdk-22.0.2-oracle-x64/lib/libjli.so
774746f5b000-774746f5c000 rw-p 0000f000 103:05 39860296                  /usr/lib/jvm/jdk-22.0.2-oracle-x64/lib/libjli.so
774746f5c000-774746f5e000 r--p 00000000 103:05 39063281                  /usr/lib/x86_64-linux-gnu/libz.so.1.3
774746f5e000-774746f70000 r-xp 00002000 103:05 39063281                  /usr/lib/x86_64-linux-gnu/libz.so.1.3
774746f70000-774746f76000 r--p 00014000 103:05 39063281                  /usr/lib/x86_64-linux-gnu/libz.so.1.3
774746f76000-774746f77000 r--p 0001a000 103:05 39063281                  /usr/lib/x86_64-linux-gnu/libz.so.1.3
774746f77000-774746f78000 rw-p 0001b000 103:05 39063281                  /usr/lib/x86_64-linux-gnu/libz.so.1.3
774746f79000-774746f80000 rw-p 00000000 00:00 0 
774746f80000-774746f88000 ---p 00000000 00:00 0 
774746f88000-774746f90000 rw-s 00000000 103:05 26739245                  /tmp/hsperfdata_edov/12337
774746f90000-774746f91000 ---p 00000000 00:00 0 
774746f91000-774746f92000 r--p 00000000 00:00 0 
774746f92000-774746f93000 ---p 00000000 00:00 0 
774746f93000-774746f95000 rw-p 00000000 00:00 0 
774746f95000-774746f96000 r--p 00000000 103:05 39070663                  /usr/lib/x86_64-linux-gnu/ld-linux-x86-64.so.2
774746f96000-774746fc1000 r-xp 00001000 103:05 39070663                  /usr/lib/x86_64-linux-gnu/ld-linux-x86-64.so.2
774746fc1000-774746fcb000 r--p 0002c000 103:05 39070663                  /usr/lib/x86_64-linux-gnu/ld-linux-x86-64.so.2
774746fcb000-774746fcd000 r--p 00036000 103:05 39070663                  /usr/lib/x86_64-linux-gnu/ld-linux-x86-64.so.2
774746fcd000-774746fcf000 rw-p 00038000 103:05 39070663                  /usr/lib/x86_64-linux-gnu/ld-linux-x86-64.so.2
7ffc67b54000-7ffc67b76000 rw-p 00000000 00:00 0                          [stack]
7ffc67b99000-7ffc67b9d000 r--p 00000000 00:00 0                          [vvar]
7ffc67b9d000-7ffc67b9f000 r-xp 00000000 00:00 0                          [vdso]
ffffffffff600000-ffffffffff601000 --xp 00000000 00:00 0                  [vsyscall]
Total number of mappings: 309


VM Arguments:
jvm_args: -Dfile.encoding=UTF-8 --module-path=/home/edov/projects/JCudaWrapper/build/classes 
java_command: storage.DArray
java_class_path (initial): /home/edov/projects/JCudaWrapper/JCuda-All-10.1.0/jcublas-10.1.0-javadoc.jar:/home/edov/projects/JCudaWrapper/JCuda-All-10.1.0/jcublas-10.1.0-sources.jar:/home/edov/projects/JCudaWrapper/JCuda-All-10.1.0/jcublas-10.1.0.jar:/home/edov/projects/JCudaWrapper/JCuda-All-10.1.0/jcublas-natives-10.1.0-apple-x86_64.jar:/home/edov/projects/JCudaWrapper/JCuda-All-10.1.0/jcublas-natives-10.1.0-javadoc.jar:/home/edov/projects/JCudaWrapper/JCuda-All-10.1.0/jcublas-natives-10.1.0-linux-x86_64.jar:/home/edov/projects/JCudaWrapper/JCuda-All-10.1.0/jcublas-natives-10.1.0-sources.jar:/home/edov/projects/JCudaWrapper/JCuda-All-10.1.0/jcublas-natives-10.1.0-windows-x86_64.jar:/home/edov/projects/JCudaWrapper/JCuda-All-10.1.0/jcublas-natives-10.1.0.jar:/home/edov/projects/JCudaWrapper/JCuda-All-10.1.0/jcuda-10.1.0-javadoc.jar:/home/edov/projects/JCudaWrapper/JCuda-All-10.1.0/jcuda-10.1.0-sources.jar:/home/edov/projects/JCudaWrapper/JCuda-All-10.1.0/jcuda-10.1.0.jar:/home/edov/projects/JCudaWrapper/JCuda-All-10.1.0/jcuda-common-10.1.0-javadoc.jar:/home/edov/projects/JCudaWrapper/JCuda-All-10.1.0/jcuda-common-10.1.0-sources.jar:/home/edov/projects/JCudaWrapper/JCuda-All-10.1.0/jcuda-common-10.1.0.jar:/home/edov/projects/JCudaWrapper/JCuda-All-10.1.0/jcuda-natives-10.1.0-apple-x86_64.jar:/home/edov/projects/JCudaWrapper/JCuda-All-10.1.0/jcuda-natives-10.1.0-javadoc.jar:/home/edov/projects/JCudaWrapper/JCuda-All-10.1.0/jcuda-natives-10.1.0-linux-x86_64.jar:/home/edov/projects/JCudaWrapper/JCuda-All-10.1.0/jcuda-natives-10.1.0-sources.jar:/home/edov/projects/JCudaWrapper/JCuda-All-10.1.0/jcuda-natives-10.1.0-windows-x86_64.jar:/home/edov/projects/JCudaWrapper/JCuda-All-10.1.0/jcuda-natives-10.1.0.jar:/home/edov/projects/JCudaWrapper/JCuda-All-10.1.0/jcudnn-10.1.0-javadoc.jar:/home/edov/projects/JCudaWrapper/JCuda-All-10.1.0/jcudnn-10.1.0-sources.jar:/home/edov/projects/JCudaWrapper/JCuda-All-10.1.0/jcudnn-10.1.0.jar:/home/edov/projects/JCudaWrapper/JCuda-All-10.1.0/jcudnn-natives-10.1.0-apple-x86_64.jar:/home/edov/projects/JCudaWrapper/JCuda-All-10.1.0/jcudnn-natives-10.1.0-javadoc.jar:/home/edov/projects/JCudaWrapper/JCuda-All-10.1.0/jcudnn-natives-10.1.0-linux-x86_64.jar:/home/edov/projects/JCudaWrapper/JCuda-All-10.1.0/jcudnn-natives-10.1.0-sources.jar:/home/edov/projects/JCudaWrapper/JCuda-All-10.1.0/jcudnn-natives-10.1.0-windows-x86_64.jar:/home/edov/projects/JCudaWrapper/JCuda-All-10.1.0/jcudnn-natives-10.1.0.jar:/home/edov/projects/JCudaWrapper/JCuda-All-10.1.0/jcufft-10.1.0-javadoc.jar:/home/edov/projects/JCudaWrapper/JCuda-All-10.1.0/jcufft-10.1.0-sources.jar:/home/edov/projects/JCudaWrapper/JCuda-All-10.1.0/jcufft-10.1.0.jar:/home/edov/projects/JCudaWrapper/JCuda-All-10.1.0/jcufft-natives-10.1.0-apple-x86_64.jar:/home/edov/projects/JCudaWrapper/JCuda-All-10.1.0/jcufft-natives-10.1.0-javadoc.jar:/home/edov/projects/JCudaWrapper/JCuda-All-10.1.0/jcufft-natives-10.1.0-linux-x86_64.jar:/home/edov/projects/JCudaWrapper/JCuda-All-10.1.0/jcufft-natives-10.1.0-sources.jar:/home/edov/projects/JCudaWrapper/JCuda-All-10.1.0/jcufft-natives-10.1.0-windows-x86_64.jar:/home/edov/projects/JCudaWrapper/JCuda-All-10.1.0/jcufft-natives-10.1.0.jar:/home/edov/projects/JCudaWrapper/JCuda-All-10.1.0/jcurand-10.1.0-javadoc.jar:/home/edov/projects/JCudaWrapper/JCuda-All-10.1.0/jcurand-10.1.0-sources.jar:/home/edov/projects/JCudaWrapper/JCuda-All-10.1.0/jcurand-10.1.0.jar:/home/edov/projects/JCudaWrapper/JCuda-All-10.1.0/jcurand-natives-10.1.0-apple-x86_64.jar:/home/edov/projects/JCudaWrapper/JCuda-All-10.1.0/jcurand-natives-10.1.0-javadoc.jar:/home/edov/projects/JCudaWrapper/JCuda-All-10.1.0/jcurand-natives-10.1.0-linux-x86_64.jar:/home/edov/projects/JCudaWrapper/JCuda-All-10.1.0/jcurand-natives-10.1.0-sources.jar:/home/edov/projects/JCudaWrapper/JCuda-All-10.1.0/jcurand-natives-10.1.0-windows-x86_64.jar:/home/edov/projects/JCudaWrapper/JCuda-All-10.1.0/jcurand-natives-10.1.0.jar:/home/edov/projects/JCudaWrapper/JCuda-All-10.1.0/jcusolver-10.1.0-javadoc.jar:/home/edov/projects/JCudaWrapper/JCuda-All-10.1.0/jcusolver-10.1.0-sources.jar:/home/edov/projects/JCudaWrapper/JCuda-All-10.1.0/jcusolver-10.1.0.jar:/home/edov/projects/JCudaWrapper/JCuda-All-10.1.0/jcusolver-natives-10.1.0-apple-x86_64.jar:/home/edov/projects/JCudaWrapper/JCuda-All-10.1.0/jcusolver-natives-10.1.0-javadoc.jar:/home/edov/projects/JCudaWrapper/JCuda-All-10.1.0/jcusolver-natives-10.1.0-linux-x86_64.jar:/home/edov/projects/JCudaWrapper/JCuda-All-10.1.0/jcusolver-natives-10.1.0-sources.jar:/home/edov/projects/JCudaWrapper/JCuda-All-10.1.0/jcusolver-natives-10.1.0-windows-x86_64.jar:/home/edov/projects/JCudaWrapper/JCuda-All-10.1.0/jcusolver-natives-10.1.0.jar:/home/edov/projects/JCudaWrapper/JCuda-All-10.1.0/jcusparse-10.1.0-javadoc.jar:/home/edov/projects/JCudaWrapper/JCuda-All-10.1.0/jcusparse-10.1.0-sources.jar:/home/edov/projects/JCudaWrapper/JCuda-All-10.1.0/jcusparse-10.1.0.jar:/home/edov/projects/JCudaWrapper/JCuda-All-10.1.0/jcusparse-natives-10.1.0-apple-x86_64.jar:/home/edov/projects/JCudaWrapper/JCuda-All-10.1.0/jcusparse-natives-10.1.0-javadoc.jar:/home/edov/projects/JCudaWrapper/JCuda-All-10.1.0/jcusparse-natives-10.1.0-linux-x86_64.jar:/home/edov/projects/JCudaWrapper/JCuda-All-10.1.0/jcusparse-natives-10.1.0-sources.jar:/home/edov/projects/JCudaWrapper/JCuda-All-10.1.0/jcusparse-natives-10.1.0-windows-x86_64.jar:/home/edov/projects/JCudaWrapper/JCuda-All-10.1.0/jcusparse-natives-10.1.0.jar:/home/edov/projects/JCudaWrapper/JCuda-All-10.1.0/jnvgraph-10.1.0-javadoc.jar:/home/edov/projects/JCudaWrapper/JCuda-All-10.1.0/jnvgraph-10.1.0-sources.jar:/home/edov/projects/JCudaWrapper/JCuda-All-10.1.0/jnvgraph-10.1.0.jar:/home/edov/projects/JCudaWrapper/JCuda-All-10.1.0/jnvgraph-natives-10.1.0-apple-x86_64.jar:/home/edov/projects/JCudaWrapper/JCuda-All-10.1.0/jnvgraph-natives-10.1.0-javadoc.jar:/home/edov/projects/JCudaWrapper/JCuda-All-10.1.0/jnvgraph-natives-10.1.0-linux-x86_64.jar:/home/edov/projects/JCudaWrapper/JCuda-All-10.1.0/jnvgraph-natives-10.1.0-sources.jar:/home/edov/projects/JCudaWrapper/JCuda-All-10.1.0/jnvgraph-natives-10.1.0-windows-x86_64.jar:/home/edov/projects/JCudaWrapper/JCuda-All-10.1.0/jnvgraph-natives-10.1.0.jar:/home/edov/projects/JCudaWrapper/commons-math3-3.6.1.jar:/home/edov/projects/JCudaWrapper/build/classes
Launcher Type: SUN_STANDARD

[Global flags]
     intx CICompilerCount                          = 12                                        {product} {ergonomic}
     uint ConcGCThreads                            = 3                                         {product} {ergonomic}
     uint G1ConcRefinementThreads                  = 13                                        {product} {ergonomic}
   size_t G1HeapRegionSize                         = 4194304                                   {product} {ergonomic}
   size_t InitialHeapSize                          = 515899392                                 {product} {ergonomic}
   size_t MarkStackSize                            = 4194304                                   {product} {ergonomic}
   size_t MaxHeapSize                              = 8212447232                                {product} {ergonomic}
   size_t MaxNewSize                               = 4924112896                                {product} {ergonomic}
   size_t MinHeapDeltaBytes                        = 4194304                                   {product} {ergonomic}
   size_t MinHeapSize                              = 8388608                                   {product} {ergonomic}
    uintx NonNMethodCodeHeapSize                   = 7602480                                {pd product} {ergonomic}
    uintx NonProfiledCodeHeapSize                  = 122027880                              {pd product} {ergonomic}
    uintx ProfiledCodeHeapSize                     = 122027880                              {pd product} {ergonomic}
    uintx ReservedCodeCacheSize                    = 251658240                              {pd product} {ergonomic}
     bool SegmentedCodeCache                       = true                                      {product} {ergonomic}
   size_t SoftMaxHeapSize                          = 8212447232                             {manageable} {ergonomic}
     bool UseCompressedOops                        = true                           {product lp64_product} {ergonomic}
     bool UseG1GC                                  = true                                      {product} {ergonomic}

Logging:
Log output configuration:
 #0: stdout all=warning uptime,level,tags foldmultilines=false
 #1: stderr all=off uptime,level,tags foldmultilines=false

Environment Variables:
PATH=/usr/local/sbin:/usr/local/bin:/usr/sbin:/usr/bin:/sbin:/bin:/usr/games:/usr/local/games:/snap/bin:/snap/bin
USERNAME=edov
SHELL=/bin/bash
DISPLAY=:1
LANG=en_IL

Active Locale:
LC_ALL=en_IL
LC_COLLATE=en_IL
LC_CTYPE=en_IL
LC_MESSAGES=en_IL
LC_MONETARY=en_IL
LC_NUMERIC=en_IL
LC_TIME=en_IL

Signal Handlers:
   SIGSEGV: crash_handler in libjvm.so, mask=11100100010111111101111111111110, flags=SA_RESTART|SA_SIGINFO, unblocked
    SIGBUS: crash_handler in libjvm.so, mask=11100100010111111101111111111110, flags=SA_RESTART|SA_SIGINFO, unblocked
    SIGFPE: crash_handler in libjvm.so, mask=11100100010111111101111111111110, flags=SA_RESTART|SA_SIGINFO, unblocked
   SIGPIPE: javaSignalHandler in libjvm.so, mask=11100100010111111101111111111110, flags=SA_RESTART|SA_SIGINFO, blocked
   SIGXFSZ: javaSignalHandler in libjvm.so, mask=11100100010111111101111111111110, flags=SA_RESTART|SA_SIGINFO, blocked
    SIGILL: crash_handler in libjvm.so, mask=11100100010111111101111111111110, flags=SA_RESTART|SA_SIGINFO, unblocked
   SIGUSR2: SR_handler in libjvm.so, mask=00000000000000000000000000000000, flags=SA_RESTART|SA_SIGINFO, blocked
    SIGHUP: UserHandler in libjvm.so, mask=11100100010111111101111111111110, flags=SA_RESTART|SA_SIGINFO, blocked
    SIGINT: SIG_IGN, mask=00000000000000000000000000000000, flags=none, blocked
   SIGTERM: UserHandler in libjvm.so, mask=11100100010111111101111111111110, flags=SA_RESTART|SA_SIGINFO, blocked
   SIGQUIT: UserHandler in libjvm.so, mask=11100100010111111101111111111110, flags=SA_RESTART|SA_SIGINFO, blocked
   SIGTRAP: crash_handler in libjvm.so, mask=11100100010111111101111111111110, flags=SA_RESTART|SA_SIGINFO, unblocked


Periodic native trim disabled

---------------  S Y S T E M  ---------------

OS:
DISTRIB_ID=Ubuntu
DISTRIB_RELEASE=24.04
DISTRIB_CODENAME=noble
DISTRIB_DESCRIPTION="Ubuntu 24.04.1 LTS"
uname: Linux 6.8.0-44-generic #44-Ubuntu SMP PREEMPT_DYNAMIC Tue Aug 13 13:35:26 UTC 2024 x86_64
OS uptime: 0 days 1:37 hours
libc: glibc 2.39 NPTL 2.39 
rlimit (soft/hard): STACK 8192k/infinity , CORE 0k/infinity , NPROC 125013/125013 , NOFILE 1048576/1048576 , AS infinity/infinity , CPU infinity/infinity , DATA infinity/infinity , FSIZE infinity/infinity , MEMLOCK 4009332k/4009332k
load average: 0.59 0.50 0.53

/proc/meminfo:
MemTotal:       32074664 kB
MemFree:        19759992 kB
MemAvailable:   23703956 kB
Buffers:          208088 kB
Cached:          4102664 kB
SwapCached:            0 kB
Active:          7454472 kB
Inactive:        2627624 kB
Active(anon):    5893368 kB
Inactive(anon):        0 kB
Active(file):    1561104 kB
Inactive(file):  2627624 kB
Unevictable:          48 kB
Mlocked:              48 kB
SwapTotal:       2097148 kB
SwapFree:        2097148 kB
Zswap:                 0 kB
Zswapped:              0 kB
Dirty:               240 kB
Writeback:             0 kB
AnonPages:       5771476 kB
Mapped:          1053020 kB
Shmem:            122024 kB
KReclaimable:     219716 kB
Slab:             541456 kB
SReclaimable:     219716 kB
SUnreclaim:       321740 kB
KernelStack:       25716 kB
PageTables:        67352 kB
SecPageTables:         0 kB
NFS_Unstable:          0 kB
Bounce:                0 kB
WritebackTmp:          0 kB
CommitLimit:    18134480 kB
Committed_AS:   33844484 kB
VmallocTotal:   34359738367 kB
VmallocUsed:      168304 kB
VmallocChunk:          0 kB
Percpu:            18752 kB
HardwareCorrupted:     0 kB
AnonHugePages:         0 kB
ShmemHugePages:        0 kB
ShmemPmdMapped:        0 kB
FileHugePages:         0 kB
FilePmdMapped:         0 kB
Unaccepted:            0 kB
HugePages_Total:       0
HugePages_Free:        0
HugePages_Rsvd:        0
HugePages_Surp:        0
Hugepagesize:       2048 kB
Hugetlb:               0 kB
DirectMap4k:     1911272 kB
DirectMap2M:    17215488 kB
DirectMap1G:    14680064 kB

/sys/kernel/mm/transparent_hugepage/enabled: always [madvise] never
/sys/kernel/mm/transparent_hugepage/hpage_pmd_size: 2097152
/sys/kernel/mm/transparent_hugepage/shmem_enabled: always within_size advise [never] deny force
/sys/kernel/mm/transparent_hugepage/defrag (defrag/compaction efforts parameter): always defer defer+madvise [madvise] never

Process Memory:
Virtual Size: 16576424K (peak: 16576424K)
Resident Set Size: 344208K (peak: 344208K) (anon: 185408K, file: 150608K, shmem: 8192K)
Swapped out: 0K
C-Heap outstanding allocations: 263975K, retained: 2976K
glibc malloc tunables: (default)

/proc/sys/kernel/threads-max (system-wide limit on the number of threads): 250027
/proc/sys/vm/max_map_count (maximum number of memory map areas a process may have): 1048576
/proc/sys/vm/swappiness (control to define how aggressively the kernel swaps out anonymous memory): 60
/proc/sys/kernel/pid_max (system-wide limit on number of process identifiers): 4194304

container (cgroup) information:
container_type: cgroupv2
cpu_cpuset_cpus: not supported
cpu_memory_nodes: not supported
active_processor_count: 16
cpu_quota: not supported
cpu_period: not supported
cpu_shares: not supported
memory_limit_in_bytes: unlimited
memory_and_swap_limit_in_bytes: unlimited
memory_soft_limit_in_bytes: unlimited
memory_usage_in_bytes: 3112080 k
memory_max_usage_in_bytes: not supported
memory_swap_current_in_bytes: unlimited
memory_swap_max_limit_in_bytes: unlimited
maximum number of tasks: 37504
current number of tasks: 133

Steal ticks since vm start: 0
Steal ticks percentage since vm start:  0.000

CPU: total 16 (initial active 16) (16 cores per cpu, 2 threads per core) family 25 model 68 stepping 1 microcode 0xa404101, cx8, cmov, fxsr, ht, mmx, 3dnowpref, sse, sse2, sse3, ssse3, sse4a, sse4.1, sse4.2, popcnt, lzcnt, tsc, tscinvbit, avx, avx2, aes, clmul, bmi1, bmi2, adx, sha, fma, vzeroupper, clflush, clflushopt, rdtscp, rdpid, f16c, pku, ospke, cet_ss
CPU Model and flags from /proc/cpuinfo:
model name	: AMD Ryzen 9 6900HS with Radeon Graphics
flags		: fpu vme de pse tsc msr pae mce cx8 apic sep mtrr pge mca cmov pat pse36 clflush mmx fxsr sse sse2 ht syscall nx mmxext fxsr_opt pdpe1gb rdtscp lm constant_tsc rep_good nopl nonstop_tsc cpuid extd_apicid aperfmperf rapl pni pclmulqdq monitor ssse3 fma cx16 sse4_1 sse4_2 x2apic movbe popcnt aes xsave avx f16c rdrand lahf_lm cmp_legacy svm extapic cr8_legacy abm sse4a misalignsse 3dnowprefetch osvw ibs skinit wdt tce topoext perfctr_core perfctr_nb bpext perfctr_llc mwaitx cpb cat_l3 cdp_l3 hw_pstate ssbd mba ibrs ibpb stibp vmmcall fsgsbase bmi1 avx2 smep bmi2 invpcid cqm rdt_a rdseed adx smap clflushopt clwb sha_ni xsaveopt xsavec xgetbv1 xsaves cqm_llc cqm_occup_llc cqm_mbm_total cqm_mbm_local user_shstk clzero irperf xsaveerptr rdpru wbnoinvd cppc arat npt lbrv svm_lock nrip_save tsc_scale vmcb_clean flushbyasid decodeassists pausefilter pfthreshold avic v_vmsave_vmload vgif v_spec_ctrl umip pku ospke vaes vpclmulqdq rdpid overflow_recov succor smca debug_swap

Online cpus: 0-15
Offline cpus: 
BIOS frequency limitation: <Not Available>
Frequency switch latency (ns): 0
Available cpu frequencies: <Not Available>
Current governor: powersave
Core performance/turbo boost: <Not Available>

Memory: 4k page, physical 32074664k(23703956k free), swap 2097148k(2097148k free)
Page Sizes: 4k

vm_info: Java HotSpot(TM) 64-Bit Server VM (22.0.2+9-70) for linux-amd64 JRE (22.0.2+9-70), built on 2024-06-04T16:52:23Z by "mach5one" with gcc 13.2.0

END.
