#
# A fatal error has been detected by the Java Runtime Environment:
#
#  SIGSEGV (0xb) at pc=0x0000768b6f0d1bb8, pid=168685, tid=168690
#
# JRE version: Java(TM) SE Runtime Environment (22.0.2+9) (build 22.0.2+9-70)
# Java VM: Java HotSpot(TM) 64-Bit Server VM (22.0.2+9-70, mixed mode, sharing, tiered, compressed oops, compressed class ptrs, g1 gc, linux-amd64)
# Problematic frame:
# C  [libcublas.so.10+0xd1bb8]
#
# Core dump will be written. Default location: Core dumps may be processed with "/usr/share/apport/apport -p%p -s%s -c%c -d%d -P%P -u%u -g%g -- %E" (or dumping to /home/edov/projects/JCudaWrapper/core.168685)
#
# If you would like to submit a bug report, please visit:
#   https://bugreport.java.com/bugreport/crash.jsp
# The crash happened outside the Java Virtual Machine in native code.
# See problematic frame for where to report the bug.
#

---------------  S U M M A R Y ------------

Command Line: -Dfile.encoding=UTF-8 --module-path=/home/edov/projects/JCudaWrapper/build/classes main.VectorTest

Host: AMD Ryzen 9 6900HS with Radeon Graphics, 16 cores, 30G, Ubuntu 22.04.4 LTS
Time: Mon Sep 16 15:46:26 2024 IDT elapsed time: 0.389376 seconds (0d 0h 0m 0s)

---------------  T H R E A D  ---------------

Current thread (0x0000768c5402d490):  JavaThread "main"             [_thread_in_native, id=168690, stack(0x0000768c59700000,0x0000768c59800000) (1024K)]

Stack: [0x0000768c59700000,0x0000768c59800000],  sp=0x0000768c597fe2b0,  free space=1016k
Native frames: (J=compiled Java code, j=interpreted, Vv=VM code, C=native code)
C  [libcublas.so.10+0xd1bb8]
Java frames: (J=compiled Java code, j=interpreted, Vv=VM code)
j  jcuda.jcublas.JCublas2.cublasDnrm2Native(Ljcuda/jcublas/cublasHandle;ILjcuda/Pointer;ILjcuda/Pointer;)I+0
j  jcuda.jcublas.JCublas2.cublasDnrm2(Ljcuda/jcublas/cublasHandle;ILjcuda/Pointer;ILjcuda/Pointer;)I+6
j  storage.DArray.norm(LprocessSupport/Handle;Lstorage/DSingleton;)Lstorage/DSingleton;+28
j  storage.DArray.norm(LprocessSupport/Handle;)Lstorage/DSingleton;+9
j  algebra.Vector.getNorm()D+8
j  algebra.Vector.equals(Lalgebra/Vector;D)Z+5
j  algebra.Vector.equals(Lalgebra/Vector;)Z+5
j  main.VectorTest.main([Ljava/lang/String;)V+147
v  ~StubRoutines::call_stub 0x0000768c4405fcc6

siginfo: si_signo: 11 (SIGSEGV), si_code: 2 (SEGV_ACCERR), si_addr: 0x0000768b24e21000

Registers:
RAX=0x0000000000000000, RBX=0x0000000000000001, RCX=0x0000000000000001, RDX=0x0000000000000007
RSP=0x0000768c597fe2b0, RBP=0x0000000000000006, RSI=0x0000000000000006, RDI=0x0000768b2b7cec00
R8 =0x0000768b24e21000, R9 =0x0000000634ce4f40, R10=0x0000768b6f004380, R11=0x0000768b6f0cb5b0
R12=0x0000768b2b7cec00, R13=0x0000000000000001, R14=0x0000768b24e21000, R15=0x0000768b24e20e00
RIP=0x0000768b6f0d1bb8, EFLAGS=0x0000000000010206, CSGSFS=0x002b000000000033, ERR=0x0000000000000006
  TRAPNO=0x000000000000000e


Register to memory mapping:

RAX=0x0 is null
RBX=0x0000000000000001 is an unknown value
RCX=0x0000000000000001 is an unknown value
RDX=0x0000000000000007 is an unknown value
RSP=0x0000768c597fe2b0 is pointing into the stack for thread: 0x0000768c5402d490
RBP=0x0000000000000006 is an unknown value
RSI=0x0000000000000006 is an unknown value
RDI=0x0000768b2b7cec00 points into unknown readable memory: 0x7fffffff00000200 | 00 02 00 00 ff ff ff 7f
R8 =0x0000768b24e21000 is an unknown value
R9 =0x0000000634ce4f40 is an oop: jcuda.driver.CUdeviceptr 
{0x0000000634ce4f40} - klass: 'jcuda/driver/CUdeviceptr'
 - ---- fields (total size 5 words):
 - private 'nativePointer' 'J' @16  130339991326720 (0x0000768b24e21000)
 - private 'buffer' 'Ljava/nio/Buffer;' @12  null (0x00000000)
 - private 'byteOffset' 'J' @24  0 (0x0000000000000000)
 - private 'pointers' '[Ljcuda/NativePointerObject;' @32  null (0x00000000)
R10=0x0000768b6f004380: <offset 0x0000000000004380> in /lib/x86_64-linux-gnu/libcublas.so.10 at 0x0000768b6f000000
R11=0x0000768b6f0cb5b0: cublasDnrm2_v2+0x0000000000000000 in /lib/x86_64-linux-gnu/libcublas.so.10 at 0x0000768b6f000000
R12=0x0000768b2b7cec00 points into unknown readable memory: 0x7fffffff00000200 | 00 02 00 00 ff ff ff 7f
R13=0x0000000000000001 is an unknown value
R14=0x0000768b24e21000 is an unknown value
R15=0x0000768b24e20e00 is an unknown value

Top of Stack: (sp=0x0000768c597fe2b0)
0x0000768c597fe2b0:   0000000000000000 0000000000000000
0x0000768c597fe2c0:   0000000000000000 0000768b24e20e00
0x0000768c597fe2d0:   0000768c59302fa0 0000000000000000
0x0000768c597fe2e0:   0000000000000000 0000000000000000
0x0000768c597fe2f0:   0000000000000000 0000000000000000
0x0000768c597fe300:   0000000000000000 0000000000000000
0x0000768c597fe310:   cafebabecafebabe 0000000000000000
0x0000768c597fe320:   0000768c597fe350 0000768c58ed14d8
0x0000768c597fe330:   0000768c541450e0 20f18025b52a8700
0x0000768c597fe340:   0000000000000001 0000768c597fe618
0x0000768c597fe350:   0000768b24e21000 0000768c5402d850
0x0000768c597fe360:   0000768c597fe608 0000000634ce4f40
0x0000768c597fe370:   0000000634ce4f40 0000768bc840a588
0x0000768c597fe380:   0000000000000002 8000000000000006
0x0000768c597fe390:   0000000000000000 0000000000000000
0x0000768c597fe3a0:   0000000000000000 0000000000000000
0x0000768c597fe3b0:   0000000000000000 0000000000000000
0x0000768c597fe3c0:   0000000000000000 0000768bc840a588
0x0000768c597fe3d0:   0000768c597fe3f0 0000768c29ac8fc5
0x0000768c597fe3e0:   0000768c597fe5f8 0000768bc840a588
0x0000768c597fe3f0:   0000768c597fe550 0000000000000000
0x0000768c597fe400:   0000768bc840a588 0000768c597fe618
0x0000768c597fe410:   0000768b24e20e00 0000768b6f0cb5fe
0x0000768c597fe420:   0000768c597fe450 0000768b2b7cec00
0x0000768c597fe430:   0000768c597fe450 0000768b24e21000
0x0000768c597fe440:   0000000600000001 0000768b2b7cec00
0x0000768c597fe450:   0000768c597fe4d0 0000768c29ac9ac8
0x0000768c597fe460:   0000768c597fe5f8 0000768c5402d850
0x0000768c597fe470:   0000768c5402d400 0000010000000062
0x0000768c597fe480:   0000768c597fe608 0000768c5402d850
0x0000768c597fe490:   0000000000000000 0000768c29ac9dc5
0x0000768c597fe4a0:   0000000000000000 0000768bc840a588 

Instructions: (pc=0x0000768b6f0d1bb8)
0x0000768b6f0d1ab8:   ff 4c 8b 8c 24 18 01 00 00 48 8b b4 24 c0 00 00
0x0000768b6f0d1ac8:   00 48 89 ef 8b 94 24 c8 00 00 00 48 8b 8c 24 b0
0x0000768b6f0d1ad8:   00 00 00 44 8b 84 24 b8 00 00 00 4c 8b 9c 24 10
0x0000768b6f0d1ae8:   01 00 00 4c 89 0c 24 4c 8d 8c 24 20 01 00 00 48
0x0000768b6f0d1af8:   89 b4 24 90 00 00 00 89 94 24 98 00 00 00 48 89
0x0000768b6f0d1b08:   8c 24 a0 00 00 00 44 89 84 24 a8 00 00 00 4c 89
0x0000768b6f0d1b18:   5c 24 08 e8 80 bb 50 00 e9 6d fe ff ff 48 03 9c
0x0000768b6f0d1b28:   24 28 01 00 00 4d 8b 44 24 48 b9 03 00 00 00 ba
0x0000768b6f0d1b38:   08 00 00 00 4c 89 f7 48 89 de e8 f9 e5 50 00 e9
0x0000768b6f0d1b48:   9a fe ff ff 90 90 90 90 48 89 6c 24 d8 4c 89 64
0x0000768b6f0d1b58:   24 e0 89 f5 4c 89 6c 24 e8 4c 89 74 24 f0 49 89
0x0000768b6f0d1b68:   fc 48 89 5c 24 d0 4c 89 7c 24 f8 48 81 ec 68 01
0x0000768b6f0d1b78:   00 00 48 85 ff 48 89 54 24 18 41 89 cd 4d 89 c6
0x0000768b6f0d1b88:   0f 84 85 01 00 00 8b 5f 38 85 db 0f 84 7a 01 00
0x0000768b6f0d1b98:   00 4d 85 c0 ba 07 00 00 00 0f 84 ff 00 00 00 8b
0x0000768b6f0d1ba8:   47 50 85 c0 89 44 24 2c 0f 85 2a 01 00 00 85 f6
0x0000768b6f0d1bb8:   49 c7 00 00 00 00 00 0f 8e 4a 01 00 00 85 c9 0f
0x0000768b6f0d1bc8:   8e 42 01 00 00 48 8b 35 94 83 bd 04 31 c9 4c 89
0x0000768b6f0d1bd8:   e7 48 89 f2 48 89 74 24 10 be 80 00 00 00 e8 d5
0x0000768b6f0d1be8:   39 fe ff 85 c0 ba 0d 00 00 00 0f 8e ae 00 00 00
0x0000768b6f0d1bf8:   39 e8 41 89 ef 49 8d 54 24 78 44 0f 4e f8 42 8d
0x0000768b6f0d1c08:   1c fd 08 00 00 00 48 89 d7 48 89 54 24 20 e8 75
0x0000768b6f0d1c18:   88 f5 ff 39 c3 0f 8f ca 01 00 00 48 8b 7c 24 20
0x0000768b6f0d1c28:   48 8d b4 24 28 01 00 00 89 da e8 79 91 f5 ff 85
0x0000768b6f0d1c38:   c0 89 c2 75 69 48 63 d3 48 c7 44 24 70 00 00 00
0x0000768b6f0d1c48:   00 48 c7 44 24 78 00 00 00 00 48 81 fa ff ff 00
0x0000768b6f0d1c58:   00 48 c7 84 24 80 00 00 00 00 00 00 00 48 c7 84
0x0000768b6f0d1c68:   24 88 00 00 00 00 00 00 00 49 8b 4c 24 48 48 8b
0x0000768b6f0d1c78:   bc 24 28 01 00 00 0f 87 9c 00 00 00 49 8d b4 24
0x0000768b6f0d1c88:   d8 00 00 00 49 89 c8 b9 01 00 00 00 e8 a7 e4 50
0x0000768b6f0d1c98:   00 85 c0 0f 84 8e 00 00 00 ba 0e 00 00 00 48 8b
0x0000768b6f0d1ca8:   9c 24 38 01 00 00 48 8b ac 24 40 01 00 00 89 d0 


Stack slot to memory mapping:

stack at sp + 0 slots: 0x0 is null
stack at sp + 1 slots: 0x0 is null
stack at sp + 2 slots: 0x0 is null
stack at sp + 3 slots: 0x0000768b24e20e00 is an unknown value
stack at sp + 4 slots: 0x0000768c59302fa0: <offset 0x0000000001102fa0> in /usr/lib/jvm/jdk-22.0.2-oracle-x64/lib/server/libjvm.so at 0x0000768c58200000
stack at sp + 5 slots: 0x0 is null
stack at sp + 6 slots: 0x0 is null
stack at sp + 7 slots: 0x0 is null


---------------  P R O C E S S  ---------------

Threads class SMR info:
_java_thread_list=0x0000768b2194a7a0, length=14, elements={
0x0000768c5402d490, 0x0000768c5414c240, 0x0000768c5414d890, 0x0000768c5414f370,
0x0000768c541509b0, 0x0000768c54151f50, 0x0000768c54153af0, 0x0000768c54155200,
0x0000768c54174690, 0x0000768b98057c10, 0x0000768b8c001100, 0x0000768b8c0023c0,
0x0000768c541b0380, 0x0000768b2194ace0
}

Java Threads: ( => current thread )
=>0x0000768c5402d490 JavaThread "main"                              [_thread_in_native, id=168690, stack(0x0000768c59700000,0x0000768c59800000) (1024K)]
  0x0000768c5414c240 JavaThread "Reference Handler"          daemon [_thread_blocked, id=168698, stack(0x0000768c30ded000,0x0000768c30eed000) (1024K)]
  0x0000768c5414d890 JavaThread "Finalizer"                  daemon [_thread_blocked, id=168699, stack(0x0000768c30700000,0x0000768c30800000) (1024K)]
  0x0000768c5414f370 JavaThread "Signal Dispatcher"          daemon [_thread_blocked, id=168700, stack(0x0000768c30600000,0x0000768c30700000) (1024K)]
  0x0000768c541509b0 JavaThread "Service Thread"             daemon [_thread_blocked, id=168701, stack(0x0000768c30500000,0x0000768c30600000) (1024K)]
  0x0000768c54151f50 JavaThread "Monitor Deflation Thread"   daemon [_thread_blocked, id=168702, stack(0x0000768c30400000,0x0000768c30500000) (1024K)]
  0x0000768c54153af0 JavaThread "C2 CompilerThread0"         daemon [_thread_blocked, id=168703, stack(0x0000768c30300000,0x0000768c30400000) (1024K)]
  0x0000768c54155200 JavaThread "C1 CompilerThread0"         daemon [_thread_blocked, id=168704, stack(0x0000768c30200000,0x0000768c30300000) (1024K)]
  0x0000768c54174690 JavaThread "Common-Cleaner"             daemon [_thread_blocked, id=168705, stack(0x0000768c30030000,0x0000768c30130000) (1024K)]
  0x0000768b98057c10 JavaThread "C1 CompilerThread1"         daemon [_thread_blocked, id=168706, stack(0x0000768c29f00000,0x0000768c2a000000) (1024K)]
  0x0000768b8c001100 JavaThread "C1 CompilerThread2"         daemon [_thread_blocked, id=168707, stack(0x0000768c29e00000,0x0000768c29f00000) (1024K)]
  0x0000768b8c0023c0 JavaThread "C1 CompilerThread3"         daemon [_thread_blocked, id=168708, stack(0x0000768c29d00000,0x0000768c29e00000) (1024K)]
  0x0000768c541b0380 JavaThread "Notification Thread"        daemon [_thread_blocked, id=168709, stack(0x0000768c29c00000,0x0000768c29d00000) (1024K)]
  0x0000768b2194ace0 JavaThread "pool-1-thread-1"            daemon [_thread_blocked, id=168714, stack(0x0000768c29b00000,0x0000768c29c00000) (1024K)]
Total: 14

Other Threads:
  0x0000768c5413ede0 VMThread "VM Thread"                           [id=168697, stack(0x0000768c30eee000,0x0000768c30fee000) (1024K)]
  0x0000768c541248e0 WatcherThread "VM Periodic Task Thread"        [id=168696, stack(0x0000768c30fef000,0x0000768c310ef000) (1024K)]
  0x0000768c54058c30 WorkerThread "GC Thread#0"                     [id=168691, stack(0x0000768c39d00000,0x0000768c39e00000) (1024K)]
  0x0000768c54069730 ConcurrentGCThread "G1 Main Marker"            [id=168692, stack(0x0000768c32100000,0x0000768c32200000) (1024K)]
  0x0000768c5406a6d0 WorkerThread "G1 Conc#0"                       [id=168693, stack(0x0000768c31fff000,0x0000768c320ff000) (1024K)]
  0x0000768c54112210 ConcurrentGCThread "G1 Refine#0"               [id=168694, stack(0x0000768c311f1000,0x0000768c312f1000) (1024K)]
  0x0000768c541131d0 ConcurrentGCThread "G1 Service"                [id=168695, stack(0x0000768c310f0000,0x0000768c311f0000) (1024K)]
Total: 7

Threads with active compile tasks:
Total: 0

VM state: not at safepoint (normal execution)

VM Mutex/Monitor currently owned by a thread: None

Heap address: 0x0000000616800000, size: 7832 MB, Compressed Oops mode: Zero based, Oop shift amount: 3

CDS archive(s) mapped at: [0x0000768bd2000000-0x0000768bd2c7a000-0x0000768bd2c7a000), size 13082624, SharedBaseAddress: 0x0000768bd2000000, ArchiveRelocationMode: 1.
Compressed class space mapped at: 0x0000768bd3000000-0x0000768c13000000, reserved size: 1073741824
Narrow klass base: 0x0000768bd2000000, Narrow klass shift: 0, Narrow klass range: 0x100000000

GC Precious Log:
 CardTable entry size: 512
 Card Set container configuration: InlinePtr #cards 4 size 8 Array Of Cards #cards 32 size 80 Howl #buckets 8 coarsen threshold 7372 Howl Bitmap #cards 1024 size 144 coarsen threshold 921 Card regions per heap region 1 cards per card region 8192
 CPUs: 16 total, 16 available
 Memory: 31323M
 Large Page Support: Disabled
 NUMA Support: Disabled
 Compressed Oops: Enabled (Zero based)
 Heap Region Size: 4M
 Heap Min Capacity: 8M
 Heap Initial Capacity: 492M
 Heap Max Capacity: 7832M
 Pre-touch: Disabled
 Parallel Workers: 13
 Concurrent Workers: 3
 Concurrent Refinement Workers: 13
 Periodic GC: Disabled

Heap:
 garbage-first heap   total reserved 8019968K, committed 507904K, used 5155K [0x0000000616800000, 0x0000000800000000)
  region size 4096K, 2 young (8192K), 0 survivors (0K)
 Metaspace       used 1224K, committed 1344K, reserved 1114112K
  class space    used 93K, committed 128K, reserved 1048576K

Heap Regions: E=young(eden), S=young(survivor), O=old, HS=humongous(starts), HC=humongous(continues), CS=collection set, F=free, TAMS=top-at-mark-start, PB=parsable bottom
|   0|0x0000000616800000, 0x0000000616800000, 0x0000000616c00000|  0%| F|  |TAMS 0x0000000616800000| PB 0x0000000616800000| Untracked |  0
|   1|0x0000000616c00000, 0x0000000616c00000, 0x0000000617000000|  0%| F|  |TAMS 0x0000000616c00000| PB 0x0000000616c00000| Untracked |  0
|   2|0x0000000617000000, 0x0000000617000000, 0x0000000617400000|  0%| F|  |TAMS 0x0000000617000000| PB 0x0000000617000000| Untracked |  0
|   3|0x0000000617400000, 0x0000000617400000, 0x0000000617800000|  0%| F|  |TAMS 0x0000000617400000| PB 0x0000000617400000| Untracked |  0
|   4|0x0000000617800000, 0x0000000617800000, 0x0000000617c00000|  0%| F|  |TAMS 0x0000000617800000| PB 0x0000000617800000| Untracked |  0
|   5|0x0000000617c00000, 0x0000000617c00000, 0x0000000618000000|  0%| F|  |TAMS 0x0000000617c00000| PB 0x0000000617c00000| Untracked |  0
|   6|0x0000000618000000, 0x0000000618000000, 0x0000000618400000|  0%| F|  |TAMS 0x0000000618000000| PB 0x0000000618000000| Untracked |  0
|   7|0x0000000618400000, 0x0000000618400000, 0x0000000618800000|  0%| F|  |TAMS 0x0000000618400000| PB 0x0000000618400000| Untracked |  0
|   8|0x0000000618800000, 0x0000000618800000, 0x0000000618c00000|  0%| F|  |TAMS 0x0000000618800000| PB 0x0000000618800000| Untracked |  0
|   9|0x0000000618c00000, 0x0000000618c00000, 0x0000000619000000|  0%| F|  |TAMS 0x0000000618c00000| PB 0x0000000618c00000| Untracked |  0
|  10|0x0000000619000000, 0x0000000619000000, 0x0000000619400000|  0%| F|  |TAMS 0x0000000619000000| PB 0x0000000619000000| Untracked |  0
|  11|0x0000000619400000, 0x0000000619400000, 0x0000000619800000|  0%| F|  |TAMS 0x0000000619400000| PB 0x0000000619400000| Untracked |  0
|  12|0x0000000619800000, 0x0000000619800000, 0x0000000619c00000|  0%| F|  |TAMS 0x0000000619800000| PB 0x0000000619800000| Untracked |  0
|  13|0x0000000619c00000, 0x0000000619c00000, 0x000000061a000000|  0%| F|  |TAMS 0x0000000619c00000| PB 0x0000000619c00000| Untracked |  0
|  14|0x000000061a000000, 0x000000061a000000, 0x000000061a400000|  0%| F|  |TAMS 0x000000061a000000| PB 0x000000061a000000| Untracked |  0
|  15|0x000000061a400000, 0x000000061a400000, 0x000000061a800000|  0%| F|  |TAMS 0x000000061a400000| PB 0x000000061a400000| Untracked |  0
|  16|0x000000061a800000, 0x000000061a800000, 0x000000061ac00000|  0%| F|  |TAMS 0x000000061a800000| PB 0x000000061a800000| Untracked |  0
|  17|0x000000061ac00000, 0x000000061ac00000, 0x000000061b000000|  0%| F|  |TAMS 0x000000061ac00000| PB 0x000000061ac00000| Untracked |  0
|  18|0x000000061b000000, 0x000000061b000000, 0x000000061b400000|  0%| F|  |TAMS 0x000000061b000000| PB 0x000000061b000000| Untracked |  0
|  19|0x000000061b400000, 0x000000061b400000, 0x000000061b800000|  0%| F|  |TAMS 0x000000061b400000| PB 0x000000061b400000| Untracked |  0
|  20|0x000000061b800000, 0x000000061b800000, 0x000000061bc00000|  0%| F|  |TAMS 0x000000061b800000| PB 0x000000061b800000| Untracked |  0
|  21|0x000000061bc00000, 0x000000061bc00000, 0x000000061c000000|  0%| F|  |TAMS 0x000000061bc00000| PB 0x000000061bc00000| Untracked |  0
|  22|0x000000061c000000, 0x000000061c000000, 0x000000061c400000|  0%| F|  |TAMS 0x000000061c000000| PB 0x000000061c000000| Untracked |  0
|  23|0x000000061c400000, 0x000000061c400000, 0x000000061c800000|  0%| F|  |TAMS 0x000000061c400000| PB 0x000000061c400000| Untracked |  0
|  24|0x000000061c800000, 0x000000061c800000, 0x000000061cc00000|  0%| F|  |TAMS 0x000000061c800000| PB 0x000000061c800000| Untracked |  0
|  25|0x000000061cc00000, 0x000000061cc00000, 0x000000061d000000|  0%| F|  |TAMS 0x000000061cc00000| PB 0x000000061cc00000| Untracked |  0
|  26|0x000000061d000000, 0x000000061d000000, 0x000000061d400000|  0%| F|  |TAMS 0x000000061d000000| PB 0x000000061d000000| Untracked |  0
|  27|0x000000061d400000, 0x000000061d400000, 0x000000061d800000|  0%| F|  |TAMS 0x000000061d400000| PB 0x000000061d400000| Untracked |  0
|  28|0x000000061d800000, 0x000000061d800000, 0x000000061dc00000|  0%| F|  |TAMS 0x000000061d800000| PB 0x000000061d800000| Untracked |  0
|  29|0x000000061dc00000, 0x000000061dc00000, 0x000000061e000000|  0%| F|  |TAMS 0x000000061dc00000| PB 0x000000061dc00000| Untracked |  0
|  30|0x000000061e000000, 0x000000061e000000, 0x000000061e400000|  0%| F|  |TAMS 0x000000061e000000| PB 0x000000061e000000| Untracked |  0
|  31|0x000000061e400000, 0x000000061e400000, 0x000000061e800000|  0%| F|  |TAMS 0x000000061e400000| PB 0x000000061e400000| Untracked |  0
|  32|0x000000061e800000, 0x000000061e800000, 0x000000061ec00000|  0%| F|  |TAMS 0x000000061e800000| PB 0x000000061e800000| Untracked |  0
|  33|0x000000061ec00000, 0x000000061ec00000, 0x000000061f000000|  0%| F|  |TAMS 0x000000061ec00000| PB 0x000000061ec00000| Untracked |  0
|  34|0x000000061f000000, 0x000000061f000000, 0x000000061f400000|  0%| F|  |TAMS 0x000000061f000000| PB 0x000000061f000000| Untracked |  0
|  35|0x000000061f400000, 0x000000061f400000, 0x000000061f800000|  0%| F|  |TAMS 0x000000061f400000| PB 0x000000061f400000| Untracked |  0
|  36|0x000000061f800000, 0x000000061f800000, 0x000000061fc00000|  0%| F|  |TAMS 0x000000061f800000| PB 0x000000061f800000| Untracked |  0
|  37|0x000000061fc00000, 0x000000061fc00000, 0x0000000620000000|  0%| F|  |TAMS 0x000000061fc00000| PB 0x000000061fc00000| Untracked |  0
|  38|0x0000000620000000, 0x0000000620000000, 0x0000000620400000|  0%| F|  |TAMS 0x0000000620000000| PB 0x0000000620000000| Untracked |  0
|  39|0x0000000620400000, 0x0000000620400000, 0x0000000620800000|  0%| F|  |TAMS 0x0000000620400000| PB 0x0000000620400000| Untracked |  0
|  40|0x0000000620800000, 0x0000000620800000, 0x0000000620c00000|  0%| F|  |TAMS 0x0000000620800000| PB 0x0000000620800000| Untracked |  0
|  41|0x0000000620c00000, 0x0000000620c00000, 0x0000000621000000|  0%| F|  |TAMS 0x0000000620c00000| PB 0x0000000620c00000| Untracked |  0
|  42|0x0000000621000000, 0x0000000621000000, 0x0000000621400000|  0%| F|  |TAMS 0x0000000621000000| PB 0x0000000621000000| Untracked |  0
|  43|0x0000000621400000, 0x0000000621400000, 0x0000000621800000|  0%| F|  |TAMS 0x0000000621400000| PB 0x0000000621400000| Untracked |  0
|  44|0x0000000621800000, 0x0000000621800000, 0x0000000621c00000|  0%| F|  |TAMS 0x0000000621800000| PB 0x0000000621800000| Untracked |  0
|  45|0x0000000621c00000, 0x0000000621c00000, 0x0000000622000000|  0%| F|  |TAMS 0x0000000621c00000| PB 0x0000000621c00000| Untracked |  0
|  46|0x0000000622000000, 0x0000000622000000, 0x0000000622400000|  0%| F|  |TAMS 0x0000000622000000| PB 0x0000000622000000| Untracked |  0
|  47|0x0000000622400000, 0x0000000622400000, 0x0000000622800000|  0%| F|  |TAMS 0x0000000622400000| PB 0x0000000622400000| Untracked |  0
|  48|0x0000000622800000, 0x0000000622800000, 0x0000000622c00000|  0%| F|  |TAMS 0x0000000622800000| PB 0x0000000622800000| Untracked |  0
|  49|0x0000000622c00000, 0x0000000622c00000, 0x0000000623000000|  0%| F|  |TAMS 0x0000000622c00000| PB 0x0000000622c00000| Untracked |  0
|  50|0x0000000623000000, 0x0000000623000000, 0x0000000623400000|  0%| F|  |TAMS 0x0000000623000000| PB 0x0000000623000000| Untracked |  0
|  51|0x0000000623400000, 0x0000000623400000, 0x0000000623800000|  0%| F|  |TAMS 0x0000000623400000| PB 0x0000000623400000| Untracked |  0
|  52|0x0000000623800000, 0x0000000623800000, 0x0000000623c00000|  0%| F|  |TAMS 0x0000000623800000| PB 0x0000000623800000| Untracked |  0
|  53|0x0000000623c00000, 0x0000000623c00000, 0x0000000624000000|  0%| F|  |TAMS 0x0000000623c00000| PB 0x0000000623c00000| Untracked |  0
|  54|0x0000000624000000, 0x0000000624000000, 0x0000000624400000|  0%| F|  |TAMS 0x0000000624000000| PB 0x0000000624000000| Untracked |  0
|  55|0x0000000624400000, 0x0000000624400000, 0x0000000624800000|  0%| F|  |TAMS 0x0000000624400000| PB 0x0000000624400000| Untracked |  0
|  56|0x0000000624800000, 0x0000000624800000, 0x0000000624c00000|  0%| F|  |TAMS 0x0000000624800000| PB 0x0000000624800000| Untracked |  0
|  57|0x0000000624c00000, 0x0000000624c00000, 0x0000000625000000|  0%| F|  |TAMS 0x0000000624c00000| PB 0x0000000624c00000| Untracked |  0
|  58|0x0000000625000000, 0x0000000625000000, 0x0000000625400000|  0%| F|  |TAMS 0x0000000625000000| PB 0x0000000625000000| Untracked |  0
|  59|0x0000000625400000, 0x0000000625400000, 0x0000000625800000|  0%| F|  |TAMS 0x0000000625400000| PB 0x0000000625400000| Untracked |  0
|  60|0x0000000625800000, 0x0000000625800000, 0x0000000625c00000|  0%| F|  |TAMS 0x0000000625800000| PB 0x0000000625800000| Untracked |  0
|  61|0x0000000625c00000, 0x0000000625c00000, 0x0000000626000000|  0%| F|  |TAMS 0x0000000625c00000| PB 0x0000000625c00000| Untracked |  0
|  62|0x0000000626000000, 0x0000000626000000, 0x0000000626400000|  0%| F|  |TAMS 0x0000000626000000| PB 0x0000000626000000| Untracked |  0
|  63|0x0000000626400000, 0x0000000626400000, 0x0000000626800000|  0%| F|  |TAMS 0x0000000626400000| PB 0x0000000626400000| Untracked |  0
|  64|0x0000000626800000, 0x0000000626800000, 0x0000000626c00000|  0%| F|  |TAMS 0x0000000626800000| PB 0x0000000626800000| Untracked |  0
|  65|0x0000000626c00000, 0x0000000626c00000, 0x0000000627000000|  0%| F|  |TAMS 0x0000000626c00000| PB 0x0000000626c00000| Untracked |  0
|  66|0x0000000627000000, 0x0000000627000000, 0x0000000627400000|  0%| F|  |TAMS 0x0000000627000000| PB 0x0000000627000000| Untracked |  0
|  67|0x0000000627400000, 0x0000000627400000, 0x0000000627800000|  0%| F|  |TAMS 0x0000000627400000| PB 0x0000000627400000| Untracked |  0
|  68|0x0000000627800000, 0x0000000627800000, 0x0000000627c00000|  0%| F|  |TAMS 0x0000000627800000| PB 0x0000000627800000| Untracked |  0
|  69|0x0000000627c00000, 0x0000000627c00000, 0x0000000628000000|  0%| F|  |TAMS 0x0000000627c00000| PB 0x0000000627c00000| Untracked |  0
|  70|0x0000000628000000, 0x0000000628000000, 0x0000000628400000|  0%| F|  |TAMS 0x0000000628000000| PB 0x0000000628000000| Untracked |  0
|  71|0x0000000628400000, 0x0000000628400000, 0x0000000628800000|  0%| F|  |TAMS 0x0000000628400000| PB 0x0000000628400000| Untracked |  0
|  72|0x0000000628800000, 0x0000000628800000, 0x0000000628c00000|  0%| F|  |TAMS 0x0000000628800000| PB 0x0000000628800000| Untracked |  0
|  73|0x0000000628c00000, 0x0000000628c00000, 0x0000000629000000|  0%| F|  |TAMS 0x0000000628c00000| PB 0x0000000628c00000| Untracked |  0
|  74|0x0000000629000000, 0x0000000629000000, 0x0000000629400000|  0%| F|  |TAMS 0x0000000629000000| PB 0x0000000629000000| Untracked |  0
|  75|0x0000000629400000, 0x0000000629400000, 0x0000000629800000|  0%| F|  |TAMS 0x0000000629400000| PB 0x0000000629400000| Untracked |  0
|  76|0x0000000629800000, 0x0000000629800000, 0x0000000629c00000|  0%| F|  |TAMS 0x0000000629800000| PB 0x0000000629800000| Untracked |  0
|  77|0x0000000629c00000, 0x0000000629c00000, 0x000000062a000000|  0%| F|  |TAMS 0x0000000629c00000| PB 0x0000000629c00000| Untracked |  0
|  78|0x000000062a000000, 0x000000062a000000, 0x000000062a400000|  0%| F|  |TAMS 0x000000062a000000| PB 0x000000062a000000| Untracked |  0
|  79|0x000000062a400000, 0x000000062a400000, 0x000000062a800000|  0%| F|  |TAMS 0x000000062a400000| PB 0x000000062a400000| Untracked |  0
|  80|0x000000062a800000, 0x000000062a800000, 0x000000062ac00000|  0%| F|  |TAMS 0x000000062a800000| PB 0x000000062a800000| Untracked |  0
|  81|0x000000062ac00000, 0x000000062ac00000, 0x000000062b000000|  0%| F|  |TAMS 0x000000062ac00000| PB 0x000000062ac00000| Untracked |  0
|  82|0x000000062b000000, 0x000000062b000000, 0x000000062b400000|  0%| F|  |TAMS 0x000000062b000000| PB 0x000000062b000000| Untracked |  0
|  83|0x000000062b400000, 0x000000062b400000, 0x000000062b800000|  0%| F|  |TAMS 0x000000062b400000| PB 0x000000062b400000| Untracked |  0
|  84|0x000000062b800000, 0x000000062b800000, 0x000000062bc00000|  0%| F|  |TAMS 0x000000062b800000| PB 0x000000062b800000| Untracked |  0
|  85|0x000000062bc00000, 0x000000062bc00000, 0x000000062c000000|  0%| F|  |TAMS 0x000000062bc00000| PB 0x000000062bc00000| Untracked |  0
|  86|0x000000062c000000, 0x000000062c000000, 0x000000062c400000|  0%| F|  |TAMS 0x000000062c000000| PB 0x000000062c000000| Untracked |  0
|  87|0x000000062c400000, 0x000000062c400000, 0x000000062c800000|  0%| F|  |TAMS 0x000000062c400000| PB 0x000000062c400000| Untracked |  0
|  88|0x000000062c800000, 0x000000062c800000, 0x000000062cc00000|  0%| F|  |TAMS 0x000000062c800000| PB 0x000000062c800000| Untracked |  0
|  89|0x000000062cc00000, 0x000000062cc00000, 0x000000062d000000|  0%| F|  |TAMS 0x000000062cc00000| PB 0x000000062cc00000| Untracked |  0
|  90|0x000000062d000000, 0x000000062d000000, 0x000000062d400000|  0%| F|  |TAMS 0x000000062d000000| PB 0x000000062d000000| Untracked |  0
|  91|0x000000062d400000, 0x000000062d400000, 0x000000062d800000|  0%| F|  |TAMS 0x000000062d400000| PB 0x000000062d400000| Untracked |  0
|  92|0x000000062d800000, 0x000000062d800000, 0x000000062dc00000|  0%| F|  |TAMS 0x000000062d800000| PB 0x000000062d800000| Untracked |  0
|  93|0x000000062dc00000, 0x000000062dc00000, 0x000000062e000000|  0%| F|  |TAMS 0x000000062dc00000| PB 0x000000062dc00000| Untracked |  0
|  94|0x000000062e000000, 0x000000062e000000, 0x000000062e400000|  0%| F|  |TAMS 0x000000062e000000| PB 0x000000062e000000| Untracked |  0
|  95|0x000000062e400000, 0x000000062e400000, 0x000000062e800000|  0%| F|  |TAMS 0x000000062e400000| PB 0x000000062e400000| Untracked |  0
|  96|0x000000062e800000, 0x000000062e800000, 0x000000062ec00000|  0%| F|  |TAMS 0x000000062e800000| PB 0x000000062e800000| Untracked |  0
|  97|0x000000062ec00000, 0x000000062ec00000, 0x000000062f000000|  0%| F|  |TAMS 0x000000062ec00000| PB 0x000000062ec00000| Untracked |  0
|  98|0x000000062f000000, 0x000000062f000000, 0x000000062f400000|  0%| F|  |TAMS 0x000000062f000000| PB 0x000000062f000000| Untracked |  0
|  99|0x000000062f400000, 0x000000062f400000, 0x000000062f800000|  0%| F|  |TAMS 0x000000062f400000| PB 0x000000062f400000| Untracked |  0
| 100|0x000000062f800000, 0x000000062f800000, 0x000000062fc00000|  0%| F|  |TAMS 0x000000062f800000| PB 0x000000062f800000| Untracked |  0
| 101|0x000000062fc00000, 0x000000062fc00000, 0x0000000630000000|  0%| F|  |TAMS 0x000000062fc00000| PB 0x000000062fc00000| Untracked |  0
| 102|0x0000000630000000, 0x0000000630000000, 0x0000000630400000|  0%| F|  |TAMS 0x0000000630000000| PB 0x0000000630000000| Untracked |  0
| 103|0x0000000630400000, 0x0000000630400000, 0x0000000630800000|  0%| F|  |TAMS 0x0000000630400000| PB 0x0000000630400000| Untracked |  0
| 104|0x0000000630800000, 0x0000000630800000, 0x0000000630c00000|  0%| F|  |TAMS 0x0000000630800000| PB 0x0000000630800000| Untracked |  0
| 105|0x0000000630c00000, 0x0000000630c00000, 0x0000000631000000|  0%| F|  |TAMS 0x0000000630c00000| PB 0x0000000630c00000| Untracked |  0
| 106|0x0000000631000000, 0x0000000631000000, 0x0000000631400000|  0%| F|  |TAMS 0x0000000631000000| PB 0x0000000631000000| Untracked |  0
| 107|0x0000000631400000, 0x0000000631400000, 0x0000000631800000|  0%| F|  |TAMS 0x0000000631400000| PB 0x0000000631400000| Untracked |  0
| 108|0x0000000631800000, 0x0000000631800000, 0x0000000631c00000|  0%| F|  |TAMS 0x0000000631800000| PB 0x0000000631800000| Untracked |  0
| 109|0x0000000631c00000, 0x0000000631c00000, 0x0000000632000000|  0%| F|  |TAMS 0x0000000631c00000| PB 0x0000000631c00000| Untracked |  0
| 110|0x0000000632000000, 0x0000000632000000, 0x0000000632400000|  0%| F|  |TAMS 0x0000000632000000| PB 0x0000000632000000| Untracked |  0
| 111|0x0000000632400000, 0x0000000632400000, 0x0000000632800000|  0%| F|  |TAMS 0x0000000632400000| PB 0x0000000632400000| Untracked |  0
| 112|0x0000000632800000, 0x0000000632800000, 0x0000000632c00000|  0%| F|  |TAMS 0x0000000632800000| PB 0x0000000632800000| Untracked |  0
| 113|0x0000000632c00000, 0x0000000632c00000, 0x0000000633000000|  0%| F|  |TAMS 0x0000000632c00000| PB 0x0000000632c00000| Untracked |  0
| 114|0x0000000633000000, 0x0000000633000000, 0x0000000633400000|  0%| F|  |TAMS 0x0000000633000000| PB 0x0000000633000000| Untracked |  0
| 115|0x0000000633400000, 0x0000000633400000, 0x0000000633800000|  0%| F|  |TAMS 0x0000000633400000| PB 0x0000000633400000| Untracked |  0
| 116|0x0000000633800000, 0x0000000633800000, 0x0000000633c00000|  0%| F|  |TAMS 0x0000000633800000| PB 0x0000000633800000| Untracked |  0
| 117|0x0000000633c00000, 0x0000000633c00000, 0x0000000634000000|  0%| F|  |TAMS 0x0000000633c00000| PB 0x0000000633c00000| Untracked |  0
| 118|0x0000000634000000, 0x0000000634000000, 0x0000000634400000|  0%| F|  |TAMS 0x0000000634000000| PB 0x0000000634000000| Untracked |  0
| 119|0x0000000634400000, 0x0000000634400000, 0x0000000634800000|  0%| F|  |TAMS 0x0000000634400000| PB 0x0000000634400000| Untracked |  0
| 120|0x0000000634800000, 0x0000000634800000, 0x0000000634c00000|  0%| F|  |TAMS 0x0000000634800000| PB 0x0000000634800000| Untracked |  0
| 121|0x0000000634c00000, 0x0000000634cf7c50, 0x0000000635000000| 24%| E|  |TAMS 0x0000000634c00000| PB 0x0000000634c00000| Complete |  0
| 122|0x0000000635000000, 0x0000000635400000, 0x0000000635400000|100%| E|CS|TAMS 0x0000000635000000| PB 0x0000000635000000| Complete |  0
|1957|0x00000007ffc00000, 0x00000007ffd08c80, 0x0000000800000000| 25%| O|  |TAMS 0x00000007ffc00000| PB 0x00000007ffc00000| Untracked |  0

Card table byte_map: [0x0000768c39e00000,0x0000768c3ad4c000] _byte_map_base: 0x0000768c36d4c000

Marking Bits: (CMBitMap*) 0x0000768c54059760
 Bits: [0x0000768c32200000, 0x0000768c39c60000)

Polling page: 0x0000768c59c65000

Metaspace:

Usage:
  Non-class:      1.10 MB used.
      Class:     93.09 KB used.
       Both:      1.20 MB used.

Virtual space:
  Non-class space:       64.00 MB reserved,       1.19 MB (  2%) committed,  1 nodes.
      Class space:        1.00 GB reserved,     128.00 KB ( <1%) committed,  1 nodes.
             Both:        1.06 GB reserved,       1.31 MB ( <1%) committed. 

Chunk freelists:
   Non-Class:  11.53 MB
       Class:  15.69 MB
        Both:  27.22 MB

MaxMetaspaceSize: unlimited
CompressedClassSpaceSize: 1.00 GB
Initial GC threshold: 21.00 MB
Current GC threshold: 21.00 MB
CDS: on
 - commit_granule_bytes: 65536.
 - commit_granule_words: 8192.
 - virtual_space_node_default_size: 8388608.
 - enlarge_chunks_in_place: 1.
 - use_allocation_guard: 0.


Internal statistics:

num_allocs_failed_limit: 0.
num_arena_births: 12.
num_arena_deaths: 0.
num_vsnodes_births: 2.
num_vsnodes_deaths: 0.
num_space_committed: 21.
num_space_uncommitted: 0.
num_chunks_returned_to_freelist: 0.
num_chunks_taken_from_freelist: 40.
num_chunk_merges: 0.
num_chunk_splits: 24.
num_chunks_enlarged: 20.
num_inconsistent_stats: 0.

CodeHeap 'non-profiled nmethods': size=119168Kb used=116Kb max_used=116Kb free=119051Kb
 bounds [0x0000768c447a0000, 0x0000768c44a10000, 0x0000768c4bc00000]
CodeHeap 'profiled nmethods': size=119164Kb used=538Kb max_used=538Kb free=118625Kb
 bounds [0x0000768c3cc00000, 0x0000768c3ce70000, 0x0000768c4405f000]
CodeHeap 'non-nmethods': size=7428Kb used=3071Kb max_used=3084Kb free=4356Kb
 bounds [0x0000768c4405f000, 0x0000768c4436f000, 0x0000768c447a0000]
 total_blobs=918 nmethods=425 adapters=396
 compilation: enabled
              stopped_count=0, restarted_count=0
 full_count=0

Compilation events (20 events):
Event: 0.387 Thread 0x0000768c54155200 nmethod 412 0x0000768c3cc81d10 code [0x0000768c3cc81ea0, 0x0000768c3cc82140]
Event: 0.387 Thread 0x0000768b8c001100 nmethod 414 0x0000768c3cc82210 code [0x0000768c3cc823c0, 0x0000768c3cc825c8]
Event: 0.387 Thread 0x0000768c54155200  418       3       java.lang.invoke.LambdaForm$BasicType::basicType (187 bytes)
Event: 0.387 Thread 0x0000768b98057c10 nmethod 413 0x0000768c3cc82710 code [0x0000768c3cc82900, 0x0000768c3cc83158]
Event: 0.388 Thread 0x0000768c54153af0 nmethod 410 0x0000768c447bcb90 code [0x0000768c447bcd00, 0x0000768c447bcd78]
Event: 0.388 Thread 0x0000768c54155200 nmethod 418 0x0000768c3cc83410 code [0x0000768c3cc836a0, 0x0000768c3cc84148]
Event: 0.388 Thread 0x0000768b8c001100  419       3       java.lang.String::replace (42 bytes)
Event: 0.388 Thread 0x0000768c54155200  420       1       java.lang.invoke.MethodTypeForm::basicType (5 bytes)
Event: 0.388 Thread 0x0000768c54155200 nmethod 420 0x0000768c447bce90 code [0x0000768c447bd020, 0x0000768c447bd0e8]
Event: 0.388 Thread 0x0000768b8c001100 nmethod 419 0x0000768c3cc84410 code [0x0000768c3cc845e0, 0x0000768c3cc848e8]
Event: 0.388 Thread 0x0000768c54155200  421       3       jdk.internal.org.objectweb.asm.SymbolTable$Entry::<init> (17 bytes)
Event: 0.388 Thread 0x0000768b8c001100  423       3       jdk.internal.org.objectweb.asm.ByteVector::putByte (39 bytes)
Event: 0.388 Thread 0x0000768b8c0023c0  422       3       jdk.internal.org.objectweb.asm.SymbolTable::addConstantUtf8 (98 bytes)
Event: 0.388 Thread 0x0000768c54155200 nmethod 421 0x0000768c3cc84a10 code [0x0000768c3cc84ba0, 0x0000768c3cc84d20]
Event: 0.388 Thread 0x0000768c54155200  424       3       java.lang.reflect.Modifier::isPublic (12 bytes)
Event: 0.388 Thread 0x0000768c54155200 nmethod 424 0x0000768c3cc84e10 code [0x0000768c3cc84fa0, 0x0000768c3cc850d8]
Event: 0.388 Thread 0x0000768c54155200  425       3       jdk.internal.util.StrongReferenceKey::equals (28 bytes)
Event: 0.388 Thread 0x0000768b8c001100 nmethod 423 0x0000768c3cc85190 code [0x0000768c3cc85340, 0x0000768c3cc85520]
Event: 0.389 Thread 0x0000768c54155200 nmethod 425 0x0000768c3cc85690 code [0x0000768c3cc85860, 0x0000768c3cc85e30]
Event: 0.389 Thread 0x0000768b8c0023c0 nmethod 422 0x0000768c3cc85f90 code [0x0000768c3cc861c0, 0x0000768c3cc867c0]

GC Heap History (0 events):
No events

Dll operation events (8 events):
Event: 0.001 Loaded shared library /usr/lib/jvm/jdk-22.0.2-oracle-x64/lib/libjava.so
Event: 0.016 Loaded shared library /usr/lib/jvm/jdk-22.0.2-oracle-x64/lib/libjsvml.so
Event: 0.017 Loaded shared library /usr/lib/jvm/jdk-22.0.2-oracle-x64/lib/libnio.so
Event: 0.042 Loaded shared library /usr/lib/jvm/jdk-22.0.2-oracle-x64/lib/libzip.so
Event: 0.063 Loaded shared library /usr/lib/jvm/jdk-22.0.2-oracle-x64/lib/libjimage.so
Event: 0.066 Loaded shared library /tmp/libJCudaRuntime-10.1.0-linux-x86_64.so
Event: 0.071 Loaded shared library /tmp/libJCublas2-10.1.0-linux-x86_64.so
Event: 0.383 Loaded shared library /usr/lib/jvm/jdk-22.0.2-oracle-x64/lib/libverify.so

Deoptimization events (2 events):
Event: 0.383 Thread 0x0000768c5402d490 DEOPT PACKING pc=0x0000768c3cc066d0 sp=0x0000768c597f8e90
Event: 0.383 Thread 0x0000768c5402d490 DEOPT UNPACKING pc=0x0000768c440b372f sp=0x0000768c597f82d0 mode 0

Classes loaded (20 events):
Event: 0.386 Loading class java/lang/ArrayIndexOutOfBoundsException
Event: 0.386 Loading class java/lang/IndexOutOfBoundsException
Event: 0.386 Loading class java/lang/IndexOutOfBoundsException done
Event: 0.386 Loading class java/lang/ArrayIndexOutOfBoundsException done
Event: 0.387 Loading class java/util/Spliterators$IntArraySpliterator
Event: 0.387 Loading class java/util/Spliterators$IntArraySpliterator done
Event: 0.387 Loading class java/util/stream/MatchOps$MatchKind
Event: 0.387 Loading class java/util/stream/MatchOps$MatchKind done
Event: 0.387 Loading class java/util/stream/MatchOps
Event: 0.387 Loading class java/util/stream/MatchOps done
Event: 0.388 Loading class java/util/stream/MatchOps$MatchOp
Event: 0.388 Loading class java/util/stream/MatchOps$MatchOp done
Event: 0.388 Loading class java/util/stream/MatchOps$BooleanTerminalSink
Event: 0.388 Loading class java/util/stream/MatchOps$BooleanTerminalSink done
Event: 0.388 Loading class java/util/stream/MatchOps$2MatchSink
Event: 0.388 Loading class java/util/stream/MatchOps$2MatchSink done
Event: 0.388 Loading class java/util/stream/MatchOps$1MatchSink
Event: 0.388 Loading class java/util/stream/MatchOps$1MatchSink done
Event: 0.389 Loading class java/nio/HeapDoubleBuffer
Event: 0.389 Loading class java/nio/HeapDoubleBuffer done

Classes unloaded (0 events):
No events

Classes redefined (0 events):
No events

Internal exceptions (9 events):
Event: 0.034 Thread 0x0000768c5402d490 Exception <a 'sun/nio/fs/UnixException'{0x0000000635077920}> (0x0000000635077920) 
thrown [open/src/hotspot/share/prims/jni.cpp, line 520]
Event: 0.034 Thread 0x0000768c5402d490 Exception <a 'sun/nio/fs/UnixException'{0x0000000635078080}> (0x0000000635078080) 
thrown [open/src/hotspot/share/prims/jni.cpp, line 520]
Event: 0.034 Thread 0x0000768c5402d490 Exception <a 'sun/nio/fs/UnixException'{0x0000000635078648}> (0x0000000635078648) 
thrown [open/src/hotspot/share/prims/jni.cpp, line 520]
Event: 0.034 Thread 0x0000768c5402d490 Exception <a 'sun/nio/fs/UnixException'{0x0000000635078e70}> (0x0000000635078e70) 
thrown [open/src/hotspot/share/prims/jni.cpp, line 520]
Event: 0.034 Thread 0x0000768c5402d490 Exception <a 'sun/nio/fs/UnixException'{0x0000000635079430}> (0x0000000635079430) 
thrown [open/src/hotspot/share/prims/jni.cpp, line 520]
Event: 0.034 Thread 0x0000768c5402d490 Exception <a 'sun/nio/fs/UnixException'{0x00000006350799f0}> (0x00000006350799f0) 
thrown [open/src/hotspot/share/prims/jni.cpp, line 520]
Event: 0.034 Thread 0x0000768c5402d490 Exception <a 'sun/nio/fs/UnixException'{0x0000000635079fb0}> (0x0000000635079fb0) 
thrown [open/src/hotspot/share/prims/jni.cpp, line 520]
Event: 0.034 Thread 0x0000768c5402d490 Exception <a 'sun/nio/fs/UnixException'{0x000000063507a588}> (0x000000063507a588) 
thrown [open/src/hotspot/share/prims/jni.cpp, line 520]
Event: 0.380 Thread 0x0000768c5402d490 Exception <a 'java/lang/NoSuchMethodError'{0x00000006353ec930}: 'void java.lang.invoke.DirectMethodHandle$Holder.invokeStatic(java.lang.Object, java.lang.Object)'> (0x00000006353ec930) 
thrown [open/src/hotspot/share/interpreter/linkResolver.cpp, line 773]

ZGC Phase Switch (0 events):
No events

VM Operations (2 events):
Event: 0.035 Executing VM operation: HandshakeAllThreads (Deoptimize)
Event: 0.035 Executing VM operation: HandshakeAllThreads (Deoptimize) done

Memory protections (15 events):
Event: 0.001 Protecting memory [0x0000768c59700000,0x0000768c59704000] with protection modes 0
Event: 0.015 Protecting memory [0x0000768c30ded000,0x0000768c30df1000] with protection modes 0
Event: 0.015 Protecting memory [0x0000768c30700000,0x0000768c30704000] with protection modes 0
Event: 0.015 Protecting memory [0x0000768c30600000,0x0000768c30604000] with protection modes 0
Event: 0.015 Protecting memory [0x0000768c30500000,0x0000768c30504000] with protection modes 0
Event: 0.015 Protecting memory [0x0000768c30400000,0x0000768c30404000] with protection modes 0
Event: 0.016 Protecting memory [0x0000768c30300000,0x0000768c30304000] with protection modes 0
Event: 0.016 Protecting memory [0x0000768c30200000,0x0000768c30204000] with protection modes 0
Event: 0.027 Protecting memory [0x0000768c30030000,0x0000768c30034000] with protection modes 0
Event: 0.035 Protecting memory [0x0000768c29f00000,0x0000768c29f04000] with protection modes 0
Event: 0.036 Protecting memory [0x0000768c29e00000,0x0000768c29e04000] with protection modes 0
Event: 0.036 Protecting memory [0x0000768c29d00000,0x0000768c29d04000] with protection modes 0
Event: 0.041 Protecting memory [0x0000768c29c00000,0x0000768c29c04000] with protection modes 0
Event: 0.044 Protecting memory [0x0000768c29b00000,0x0000768c29b04000] with protection modes 0
Event: 0.381 Protecting memory [0x0000768c29b00000,0x0000768c29b04000] with protection modes 0

Nmethod flushes (0 events):
No events

Events (16 events):
Event: 0.011 Thread 0x0000768c5402d490 Thread added: 0x0000768c5402d490
Event: 0.015 Thread 0x0000768c5402d490 Thread added: 0x0000768c5414c240
Event: 0.015 Thread 0x0000768c5402d490 Thread added: 0x0000768c5414d890
Event: 0.015 Thread 0x0000768c5402d490 Thread added: 0x0000768c5414f370
Event: 0.015 Thread 0x0000768c5402d490 Thread added: 0x0000768c541509b0
Event: 0.015 Thread 0x0000768c5402d490 Thread added: 0x0000768c54151f50
Event: 0.016 Thread 0x0000768c5402d490 Thread added: 0x0000768c54153af0
Event: 0.016 Thread 0x0000768c5402d490 Thread added: 0x0000768c54155200
Event: 0.027 Thread 0x0000768c5402d490 Thread added: 0x0000768c54174690
Event: 0.035 Thread 0x0000768c54155200 Thread added: 0x0000768b98057c10
Event: 0.036 Thread 0x0000768b98057c10 Thread added: 0x0000768b8c001100
Event: 0.036 Thread 0x0000768b98057c10 Thread added: 0x0000768b8c0023c0
Event: 0.041 Thread 0x0000768c5402d490 Thread added: 0x0000768c541b0380
Event: 0.044 Thread 0x0000768b8c001100 Thread added: 0x0000768b84049f90
Event: 0.380 Thread 0x0000768b84049f90 Thread exited: 0x0000768b84049f90
Event: 0.381 Thread 0x0000768c5402d490 Thread added: 0x0000768b2194ace0


Dynamic libraries:
200000000-200200000 ---p 00000000 00:00 0 
200200000-200400000 rw-s 00000000 00:05 1100                             /dev/nvidia0
200400000-203400000 rw-s 00000000 00:05 1099                             /dev/nvidiactl
203400000-204400000 ---p 00000000 00:00 0 
204400000-204600000 rw-s 00000000 00:05 1099                             /dev/nvidiactl
204600000-204800000 rw-s 00000000 00:05 1099                             /dev/nvidiactl
204800000-204a00000 rw-s 00000000 00:05 1099                             /dev/nvidiactl
204a00000-204c00000 rw-s 204a00000 00:05 1101                            /dev/nvidia-uvm
204c00000-204e00000 rw-s 00000000 00:05 1099                             /dev/nvidiactl
204e00000-205000000 ---p 00000000 00:00 0 
205000000-205200000 rw-s 00000000 00:05 1099                             /dev/nvidiactl
205200000-300200000 ---p 00000000 00:00 0 
616800000-635400000 rw-p 00000000 00:00 0 
635400000-7ffc00000 ---p 00000000 00:00 0 
7ffc00000-7ffd09000 rw-p 00cb9000 103:05 39860326                        /usr/lib/jvm/jdk-22.0.2-oracle-x64/lib/server/classes.jsa
7ffd09000-800000000 rw-p 00000000 00:00 0 
10000000000-10004000000 ---p 00000000 00:00 0 
5bdd17af5000-5bdd17af6000 r-xp 00000000 103:05 39860034                  /usr/lib/jvm/jdk-22.0.2-oracle-x64/bin/java
5bdd17af7000-5bdd17af8000 r--p 00001000 103:05 39860034                  /usr/lib/jvm/jdk-22.0.2-oracle-x64/bin/java
5bdd17af8000-5bdd17af9000 rw-p 00002000 103:05 39860034                  /usr/lib/jvm/jdk-22.0.2-oracle-x64/bin/java
5bdd19af1000-5bdd19b3a000 rw-p 00000000 00:00 0                          [heap]
768b20000000-768b21b06000 rw-p 00000000 00:00 0 
768b21b06000-768b24000000 ---p 00000000 00:00 0 
768b24000000-768b26000000 ---p 00000000 00:00 0 
768b28000000-768b2bf36000 rw-p 00000000 00:00 0 
768b2bf36000-768b2c000000 ---p 00000000 00:00 0 
768b30000000-768b34000000 rw-p 00000000 00:00 0 
768b36000000-768b3e000000 ---p 00000000 00:00 0 
768b40000000-768b42000000 ---p 00000000 00:00 0 
768b44000000-768b44400000 ---p 00000000 00:00 0 
768b44400000-768b44600000 rw-s 00000000 00:05 1099                       /dev/nvidiactl
768b44600000-768b44800000 rw-s 00000000 00:01 9494                       /dev/zero (deleted)
768b44800000-768b44a00000 rw-s 00000000 00:01 9495                       /dev/zero (deleted)
768b44a00000-768b45000000 ---p 00000000 00:00 0 
768b45000000-768b45200000 rw-s 00000000 00:05 1099                       /dev/nvidiactl
768b45200000-768b45400000 ---p 00000000 00:00 0 
768b45400000-768b45600000 rw-s 00000000 00:01 9497                       /dev/zero (deleted)
768b45600000-768b45b33000 rw-s 00000000 00:05 1099                       /dev/nvidiactl
768b45b33000-768b46000000 ---p 00000000 00:00 0 
768b48000000-768b48021000 rw-p 00000000 00:00 0 
768b48021000-768b4c000000 ---p 00000000 00:00 0 
768b50000000-768b60000000 ---p 00000000 00:00 0 
768b62000000-768b68000000 ---p 00000000 00:00 0 
768b68000000-768b68021000 rw-p 00000000 00:00 0 
768b68021000-768b6c000000 ---p 00000000 00:00 0 
768b6f000000-768b73aa3000 r-xp 00000000 103:05 39063741                  /usr/lib/x86_64-linux-gnu/libcublas.so.10.1.0.105
768b73aa3000-768b73ca2000 ---p 04aa3000 103:05 39063741                  /usr/lib/x86_64-linux-gnu/libcublas.so.10.1.0.105
768b73ca2000-768b73cb0000 rw-p 04aa2000 103:05 39063741                  /usr/lib/x86_64-linux-gnu/libcublas.so.10.1.0.105
768b73cb0000-768b73cba000 rw-p 00000000 00:00 0 
768b74000000-768b74047000 rw-p 00000000 00:00 0 
768b74047000-768b78000000 ---p 00000000 00:00 0 
768b78000000-768b78021000 rw-p 00000000 00:00 0 
768b78021000-768b7c000000 ---p 00000000 00:00 0 
768b80000000-768b8003d000 rw-p 00000000 00:00 0 
768b8003d000-768b84000000 ---p 00000000 00:00 0 
768b84000000-768b8404e000 rw-p 00000000 00:00 0 
768b8404e000-768b88000000 ---p 00000000 00:00 0 
768b8c000000-768b8c087000 rw-p 00000000 00:00 0 
768b8c087000-768b90000000 ---p 00000000 00:00 0 
768b90000000-768b90021000 rw-p 00000000 00:00 0 
768b90021000-768b94000000 ---p 00000000 00:00 0 
768b98000000-768b980ae000 rw-p 00000000 00:00 0 
768b980ae000-768b9c000000 ---p 00000000 00:00 0 
768b9c000000-768b9c104000 rw-p 00000000 00:00 0 
768b9c104000-768ba0000000 ---p 00000000 00:00 0 
768ba4000000-768ba4021000 rw-p 00000000 00:00 0 
768ba4021000-768ba8000000 ---p 00000000 00:00 0 
768ba8000000-768ba8021000 rw-p 00000000 00:00 0 
768ba8021000-768bac000000 ---p 00000000 00:00 0 
768bb0000000-768bb0021000 rw-p 00000000 00:00 0 
768bb0021000-768bb4000000 ---p 00000000 00:00 0 
768bb4000000-768bb4021000 rw-p 00000000 00:00 0 
768bb4021000-768bb8000000 ---p 00000000 00:00 0 
768bbc000000-768bbc021000 rw-p 00000000 00:00 0 
768bbc021000-768bc0000000 ---p 00000000 00:00 0 
768bc0000000-768bc0021000 rw-p 00000000 00:00 0 
768bc0021000-768bc4000000 ---p 00000000 00:00 0 
768bc6400000-768bc6401000 ---p 00000000 00:00 0 
768bc6401000-768bc6c01000 rw-p 00000000 00:00 0 
768bc6e00000-768bc6e01000 rw-s 00000000 00:05 1099                       /dev/nvidiactl
768bc6e01000-768bc6e02000 rw-s 00000000 00:05 1099                       /dev/nvidiactl
768bc6e02000-768bc6e03000 rw-s 00000000 00:05 1099                       /dev/nvidiactl
768bc6e03000-768bc6e04000 rw-s 00000000 00:05 1099                       /dev/nvidiactl
768bc6e04000-768bc6e05000 rw-s 00000000 00:05 1099                       /dev/nvidiactl
768bc6e05000-768bc6e06000 rw-s 00000000 00:05 1099                       /dev/nvidiactl
768bc6e06000-768bc6e07000 rw-s 00000000 00:05 1099                       /dev/nvidiactl
768bc6e07000-768bc6e08000 rw-s 00000000 00:05 1099                       /dev/nvidiactl
768bc6e08000-768bc6e09000 rw-s 00000000 00:05 1099                       /dev/nvidiactl
768bc6e09000-768bc6e0a000 rw-s 00000000 00:05 1099                       /dev/nvidiactl
768bc6e0a000-768bc6e0b000 rw-s 00000000 00:05 1099                       /dev/nvidiactl
768bc6e0b000-768bc6e0c000 rw-s 00000000 00:05 1099                       /dev/nvidiactl
768bc6e0c000-768bc6e0d000 rw-s 00000000 00:05 1099                       /dev/nvidiactl
768bc6e0d000-768bc6e0e000 rw-s 00000000 00:05 1099                       /dev/nvidiactl
768bc6e0e000-768bc6e0f000 rw-s 00000000 00:05 1099                       /dev/nvidiactl
768bc6e0f000-768bc6e10000 rw-s 00000000 00:05 1099                       /dev/nvidiactl
768bc6e10000-768bc7e21000 ---p 00000000 00:00 0 
768bc8000000-768bc80b0000 rw-p 00000000 00:00 0 
768bc80b0000-768bc8400000 ---p 00000000 00:00 0 
768bc8400000-768bc8480000 rw-p 00000000 00:00 0 
768bc8480000-768bcc000000 ---p 00000000 00:00 0 
768bcc000000-768bcc021000 rw-p 00000000 00:00 0 
768bcc021000-768bd0000000 ---p 00000000 00:00 0 
768bd0400000-768bd04db000 r--p 00000000 103:05 39066653                  /usr/lib/x86_64-linux-gnu/libcuda.so.550.54.15
768bd04db000-768bd0973000 r-xp 000db000 103:05 39066653                  /usr/lib/x86_64-linux-gnu/libcuda.so.550.54.15
768bd0973000-768bd1e03000 r--p 00573000 103:05 39066653                  /usr/lib/x86_64-linux-gnu/libcuda.so.550.54.15
768bd1e03000-768bd1e1a000 r--p 01a02000 103:05 39066653                  /usr/lib/x86_64-linux-gnu/libcuda.so.550.54.15
768bd1e1a000-768bd1f15000 rw-p 01a19000 103:05 39066653                  /usr/lib/x86_64-linux-gnu/libcuda.so.550.54.15
768bd1f15000-768bd1f7b000 rw-p 00000000 00:00 0 
768bd2000000-768bd2c7a000 rw-p 00001000 103:05 39860326                  /usr/lib/jvm/jdk-22.0.2-oracle-x64/lib/server/classes.jsa
768bd2c7a000-768bd3000000 ---p 00000000 00:00 0 
768bd3000000-768bd3010000 rw-p 00000000 00:00 0 
768bd3010000-768bd3040000 ---p 00000000 00:00 0 
768bd3040000-768bd3050000 rw-p 00000000 00:00 0 
768bd3050000-768c13000000 ---p 00000000 00:00 0 
768c13600000-768c13601000 ---p 00000000 00:00 0 
768c13601000-768c13e01000 rw-p 00000000 00:00 0 
768c14000000-768c14021000 rw-p 00000000 00:00 0 
768c14021000-768c18000000 ---p 00000000 00:00 0 
768c18000000-768c18021000 rw-p 00000000 00:00 0 
768c18021000-768c1c000000 ---p 00000000 00:00 0 
768c1c600000-768c1d621000 ---p 00000000 00:00 0 
768c1d800000-768c1fae6000 r-xp 00000000 103:05 39063740                  /usr/lib/x86_64-linux-gnu/libcublasLt.so.10.1.0.105
768c1fae6000-768c1fce6000 ---p 022e6000 103:05 39063740                  /usr/lib/x86_64-linux-gnu/libcublasLt.so.10.1.0.105
768c1fce6000-768c1fd58000 rw-p 022e6000 103:05 39063740                  /usr/lib/x86_64-linux-gnu/libcublasLt.so.10.1.0.105
768c1fd58000-768c1fd60000 rw-p 00000000 00:00 0 
768c20000000-768c20021000 rw-p 00000000 00:00 0 
768c20021000-768c24000000 ---p 00000000 00:00 0 
768c24000000-768c24021000 rw-p 00000000 00:00 0 
768c24021000-768c28000000 ---p 00000000 00:00 0 
768c286be000-768c28800000 rw-p 00000000 00:00 0 
768c28800000-768c28a00000 rw-s 00000000 00:01 9496                       /dev/zero (deleted)
768c28a00000-768c28c5a000 rw-p 00000000 00:00 0 
768c28d7f000-768c28e00000 rw-p 00000000 00:00 0 
768c28e00000-768c28e01000 ---p 00000000 00:00 0 
768c28e01000-768c29601000 rw-p 00000000 00:00 0 
768c2965d000-768c29800000 rw-p 00000000 00:00 0 
768c29800000-768c2989a000 r--p 00000000 103:05 39087691                  /usr/lib/x86_64-linux-gnu/libstdc++.so.6.0.30
768c2989a000-768c299ab000 r-xp 0009a000 103:05 39087691                  /usr/lib/x86_64-linux-gnu/libstdc++.so.6.0.30
768c299ab000-768c29a1a000 r--p 001ab000 103:05 39087691                  /usr/lib/x86_64-linux-gnu/libstdc++.so.6.0.30
768c29a1a000-768c29a1b000 ---p 0021a000 103:05 39087691                  /usr/lib/x86_64-linux-gnu/libstdc++.so.6.0.30
768c29a1b000-768c29a26000 r--p 0021a000 103:05 39087691                  /usr/lib/x86_64-linux-gnu/libstdc++.so.6.0.30
768c29a26000-768c29a29000 rw-p 00225000 103:05 39087691                  /usr/lib/x86_64-linux-gnu/libstdc++.so.6.0.30
768c29a29000-768c29a2c000 rw-p 00000000 00:00 0 
768c29a30000-768c29a44000 r--p 00000000 103:05 26738700                  /tmp/libJCublas2-10.1.0-linux-x86_64.so
768c29a44000-768c29acc000 r-xp 00014000 103:05 26738700                  /tmp/libJCublas2-10.1.0-linux-x86_64.so
768c29acc000-768c29af9000 r--p 0009c000 103:05 26738700                  /tmp/libJCublas2-10.1.0-linux-x86_64.so
768c29af9000-768c29afa000 ---p 000c9000 103:05 26738700                  /tmp/libJCublas2-10.1.0-linux-x86_64.so
768c29afa000-768c29afd000 r--p 000c9000 103:05 26738700                  /tmp/libJCublas2-10.1.0-linux-x86_64.so
768c29afd000-768c29afe000 rw-p 000cc000 103:05 26738700                  /tmp/libJCublas2-10.1.0-linux-x86_64.so
768c29afe000-768c29b00000 rw-p 00000000 00:00 0 
768c29b00000-768c29b04000 ---p 00000000 00:00 0 
768c29b04000-768c29c00000 rw-p 00000000 00:00 0 
768c29c00000-768c29c04000 ---p 00000000 00:00 0 
768c29c04000-768c29d00000 rw-p 00000000 00:00 0 
768c29d00000-768c29d04000 ---p 00000000 00:00 0 
768c29d04000-768c29e00000 rw-p 00000000 00:00 0 
768c29e00000-768c29e04000 ---p 00000000 00:00 0 
768c29e04000-768c29f00000 rw-p 00000000 00:00 0 
768c29f00000-768c29f04000 ---p 00000000 00:00 0 
768c29f04000-768c2a000000 rw-p 00000000 00:00 0 
768c2a000000-768c2c000000 rw-p 00000000 00:00 0 
768c2c000000-768c2c021000 rw-p 00000000 00:00 0 
768c2c021000-768c30000000 ---p 00000000 00:00 0 
768c30030000-768c30034000 ---p 00000000 00:00 0 
768c30034000-768c30130000 rw-p 00000000 00:00 0 
768c30130000-768c301fe000 r-xp 00000000 103:05 39860299                  /usr/lib/jvm/jdk-22.0.2-oracle-x64/lib/libjsvml.so
768c301fe000-768c301ff000 r--p 000cd000 103:05 39860299                  /usr/lib/jvm/jdk-22.0.2-oracle-x64/lib/libjsvml.so
768c301ff000-768c30200000 rw-p 000ce000 103:05 39860299                  /usr/lib/jvm/jdk-22.0.2-oracle-x64/lib/libjsvml.so
768c30200000-768c30204000 ---p 00000000 00:00 0 
768c30204000-768c30300000 rw-p 00000000 00:00 0 
768c30300000-768c30304000 ---p 00000000 00:00 0 
768c30304000-768c30400000 rw-p 00000000 00:00 0 
768c30400000-768c30404000 ---p 00000000 00:00 0 
768c30404000-768c30500000 rw-p 00000000 00:00 0 
768c30500000-768c30504000 ---p 00000000 00:00 0 
768c30504000-768c30600000 rw-p 00000000 00:00 0 
768c30600000-768c30604000 ---p 00000000 00:00 0 
768c30604000-768c30700000 rw-p 00000000 00:00 0 
768c30700000-768c30704000 ---p 00000000 00:00 0 
768c30704000-768c30800000 rw-p 00000000 00:00 0 
768c30800000-768c30d73000 r--p 00000000 103:05 39062456                  /usr/lib/locale/locale-archive
768c30dba000-768c30ded000 rw-p 00000000 00:00 0 
768c30ded000-768c30df1000 ---p 00000000 00:00 0 
768c30df1000-768c30eed000 rw-p 00000000 00:00 0 
768c30eed000-768c30eee000 ---p 00000000 00:00 0 
768c30eee000-768c30fee000 rw-p 00000000 00:00 0 
768c30fee000-768c30fef000 ---p 00000000 00:00 0 
768c30fef000-768c310ef000 rw-p 00000000 00:00 0 
768c310ef000-768c310f0000 ---p 00000000 00:00 0 
768c310f0000-768c311f0000 rw-p 00000000 00:00 0 
768c311f0000-768c311f1000 ---p 00000000 00:00 0 
768c311f1000-768c312f1000 rw-p 00000000 00:00 0 
768c312f1000-768c31ffe000 rw-p 00000000 00:00 0 
768c31ffe000-768c31fff000 ---p 00000000 00:00 0 
768c31fff000-768c320ff000 rw-p 00000000 00:00 0 
768c320ff000-768c32100000 ---p 00000000 00:00 0 
768c32100000-768c32200000 rw-p 00000000 00:00 0 
768c32200000-768c329b0000 rw-p 00000000 00:00 0 
768c329b0000-768c39c50000 ---p 00000000 00:00 0 
768c39c50000-768c39c60000 rw-p 00000000 00:00 0 
768c39c7b000-768c39cff000 rw-p 00000000 00:00 0 
768c39cff000-768c39d00000 ---p 00000000 00:00 0 
768c39d00000-768c39e00000 rw-p 00000000 00:00 0 
768c39e00000-768c39ef6000 rw-p 00000000 00:00 0 
768c39ef6000-768c3ad4a000 ---p 00000000 00:00 0 
768c3ad4a000-768c3ad4c000 rw-p 00000000 00:00 0 
768c3ad61000-768c3ad73000 r--p 00000000 103:05 26738698                  /tmp/libJCudaRuntime-10.1.0-linux-x86_64.so
768c3ad73000-768c3addb000 r-xp 00012000 103:05 26738698                  /tmp/libJCudaRuntime-10.1.0-linux-x86_64.so
768c3addb000-768c3adf8000 r--p 0007a000 103:05 26738698                  /tmp/libJCudaRuntime-10.1.0-linux-x86_64.so
768c3adf8000-768c3adf9000 ---p 00097000 103:05 26738698                  /tmp/libJCudaRuntime-10.1.0-linux-x86_64.so
768c3adf9000-768c3adfd000 r--p 00097000 103:05 26738698                  /tmp/libJCudaRuntime-10.1.0-linux-x86_64.so
768c3adfd000-768c3adfe000 rw-p 0009b000 103:05 26738698                  /tmp/libJCudaRuntime-10.1.0-linux-x86_64.so
768c3adfe000-768c3aef6000 rw-p 00000000 00:00 0 
768c3aef6000-768c3bd4a000 ---p 00000000 00:00 0 
768c3bd4a000-768c3bd4c000 rw-p 00000000 00:00 0 
768c3bd5b000-768c3cc00000 rw-p 00000000 00:00 0 
768c3cc00000-768c3ce70000 rwxp 00000000 00:00 0 
768c3ce70000-768c4405f000 ---p 00000000 00:00 0 
768c4405f000-768c4436f000 rwxp 00000000 00:00 0 
768c4436f000-768c447a0000 ---p 00000000 00:00 0 
768c447a0000-768c44a10000 rwxp 00000000 00:00 0 
768c44a10000-768c4bc00000 ---p 00000000 00:00 0 
768c4bc00000-768c53fbb000 r--s 00000000 103:05 39860317                  /usr/lib/jvm/jdk-22.0.2-oracle-x64/lib/modules
768c53fe0000-768c53fe3000 r--p 00000000 103:05 39086903                  /usr/lib/x86_64-linux-gnu/libgcc_s.so.1
768c53fe3000-768c53ffa000 r-xp 00003000 103:05 39086903                  /usr/lib/x86_64-linux-gnu/libgcc_s.so.1
768c53ffa000-768c53ffe000 r--p 0001a000 103:05 39086903                  /usr/lib/x86_64-linux-gnu/libgcc_s.so.1
768c53ffe000-768c53fff000 r--p 0001d000 103:05 39086903                  /usr/lib/x86_64-linux-gnu/libgcc_s.so.1
768c53fff000-768c54000000 rw-p 0001e000 103:05 39086903                  /usr/lib/x86_64-linux-gnu/libgcc_s.so.1
768c54000000-768c57fff000 rw-p 00000000 00:00 0 
768c57fff000-768c58000000 ---p 00000000 00:00 0 
768c5800e000-768c5801b000 r-xp 00000000 103:05 39860315                  /usr/lib/jvm/jdk-22.0.2-oracle-x64/lib/libverify.so
768c5801b000-768c5801d000 r--p 0000c000 103:05 39860315                  /usr/lib/jvm/jdk-22.0.2-oracle-x64/lib/libverify.so
768c5801d000-768c5801e000 rw-p 0000e000 103:05 39860315                  /usr/lib/jvm/jdk-22.0.2-oracle-x64/lib/libverify.so
768c5801e000-768c5802e000 -w-s 00000000 00:05 1100                       /dev/nvidia0
768c5802e000-768c58033000 rw-p 00000000 00:00 0 
768c58033000-768c58117000 ---p 00000000 00:00 0 
768c58117000-768c5811c000 rw-p 00000000 00:00 0 
768c5811c000-768c58200000 ---p 00000000 00:00 0 
768c58200000-768c59540000 r-xp 00000000 103:05 39860329                  /usr/lib/jvm/jdk-22.0.2-oracle-x64/lib/server/libjvm.so
768c59540000-768c59541000 ---p 01340000 103:05 39860329                  /usr/lib/jvm/jdk-22.0.2-oracle-x64/lib/server/libjvm.so
768c59541000-768c5960e000 r--p 01340000 103:05 39860329                  /usr/lib/jvm/jdk-22.0.2-oracle-x64/lib/server/libjvm.so
768c5960e000-768c5963c000 rw-p 0140d000 103:05 39860329                  /usr/lib/jvm/jdk-22.0.2-oracle-x64/lib/server/libjvm.so
768c5963c000-768c596b2000 rw-p 00000000 00:00 0 
768c596bf000-768c59700000 rw-p 00000000 00:00 0 
768c59700000-768c59704000 ---p 00000000 00:00 0 
768c59704000-768c59800000 rw-p 00000000 00:00 0 
768c59800000-768c59828000 r--p 00000000 103:05 39061625                  /usr/lib/x86_64-linux-gnu/libc.so.6
768c59828000-768c599bd000 r-xp 00028000 103:05 39061625                  /usr/lib/x86_64-linux-gnu/libc.so.6
768c599bd000-768c59a15000 r--p 001bd000 103:05 39061625                  /usr/lib/x86_64-linux-gnu/libc.so.6
768c59a15000-768c59a16000 ---p 00215000 103:05 39061625                  /usr/lib/x86_64-linux-gnu/libc.so.6
768c59a16000-768c59a1a000 r--p 00215000 103:05 39061625                  /usr/lib/x86_64-linux-gnu/libc.so.6
768c59a1a000-768c59a1c000 rw-p 00219000 103:05 39061625                  /usr/lib/x86_64-linux-gnu/libc.so.6
768c59a1c000-768c59a29000 rw-p 00000000 00:00 0 
768c59a32000-768c59a39000 r-xp 00000000 103:05 39860316                  /usr/lib/jvm/jdk-22.0.2-oracle-x64/lib/libzip.so
768c59a39000-768c59a3a000 ---p 00007000 103:05 39860316                  /usr/lib/jvm/jdk-22.0.2-oracle-x64/lib/libzip.so
768c59a3a000-768c59a3b000 r--p 00007000 103:05 39860316                  /usr/lib/jvm/jdk-22.0.2-oracle-x64/lib/libzip.so
768c59a3b000-768c59a3c000 rw-p 00008000 103:05 39860316                  /usr/lib/jvm/jdk-22.0.2-oracle-x64/lib/libzip.so
768c59a3c000-768c59a47000 r-xp 00000000 103:05 39860306                  /usr/lib/jvm/jdk-22.0.2-oracle-x64/lib/libnet.so
768c59a47000-768c59a48000 ---p 0000b000 103:05 39860306                  /usr/lib/jvm/jdk-22.0.2-oracle-x64/lib/libnet.so
768c59a48000-768c59a49000 r--p 0000b000 103:05 39860306                  /usr/lib/jvm/jdk-22.0.2-oracle-x64/lib/libnet.so
768c59a49000-768c59a4a000 rw-p 0000c000 103:05 39860306                  /usr/lib/jvm/jdk-22.0.2-oracle-x64/lib/libnet.so
768c59a4a000-768c59a5d000 r-xp 00000000 103:05 39860307                  /usr/lib/jvm/jdk-22.0.2-oracle-x64/lib/libnio.so
768c59a5d000-768c59a5e000 ---p 00013000 103:05 39860307                  /usr/lib/jvm/jdk-22.0.2-oracle-x64/lib/libnio.so
768c59a5e000-768c59a5f000 r--p 00013000 103:05 39860307                  /usr/lib/jvm/jdk-22.0.2-oracle-x64/lib/libnio.so
768c59a5f000-768c59a60000 rw-p 00014000 103:05 39860307                  /usr/lib/jvm/jdk-22.0.2-oracle-x64/lib/libnio.so
768c59a60000-768c59adc000 rw-p 00000000 00:00 0 
768c59adc000-768c59afc000 r-xp 00000000 103:05 39860291                  /usr/lib/jvm/jdk-22.0.2-oracle-x64/lib/libjava.so
768c59afc000-768c59afd000 ---p 00020000 103:05 39860291                  /usr/lib/jvm/jdk-22.0.2-oracle-x64/lib/libjava.so
768c59afd000-768c59afe000 r--p 00020000 103:05 39860291                  /usr/lib/jvm/jdk-22.0.2-oracle-x64/lib/libjava.so
768c59afe000-768c59aff000 rw-p 00021000 103:05 39860291                  /usr/lib/jvm/jdk-22.0.2-oracle-x64/lib/libjava.so
768c59aff000-768c59b00000 rw-p 00000000 00:00 0 
768c59b00000-768c59b1e000 r-xp 00000000 103:05 39860295                  /usr/lib/jvm/jdk-22.0.2-oracle-x64/lib/libjimage.so
768c59b1e000-768c59b20000 r--p 0001d000 103:05 39860295                  /usr/lib/jvm/jdk-22.0.2-oracle-x64/lib/libjimage.so
768c59b20000-768c59b21000 rw-p 0001f000 103:05 39860295                  /usr/lib/jvm/jdk-22.0.2-oracle-x64/lib/libjimage.so
768c59b21000-768c59b2f000 r--p 00000000 103:05 39061649                  /usr/lib/x86_64-linux-gnu/libm.so.6
768c59b2f000-768c59bab000 r-xp 0000e000 103:05 39061649                  /usr/lib/x86_64-linux-gnu/libm.so.6
768c59bab000-768c59c06000 r--p 0008a000 103:05 39061649                  /usr/lib/x86_64-linux-gnu/libm.so.6
768c59c06000-768c59c07000 r--p 000e4000 103:05 39061649                  /usr/lib/x86_64-linux-gnu/libm.so.6
768c59c07000-768c59c08000 rw-p 000e5000 103:05 39061649                  /usr/lib/x86_64-linux-gnu/libm.so.6
768c59c08000-768c59c09000 r--p 00000000 103:05 39061688                  /usr/lib/x86_64-linux-gnu/librt.so.1
768c59c09000-768c59c0a000 r-xp 00001000 103:05 39061688                  /usr/lib/x86_64-linux-gnu/librt.so.1
768c59c0a000-768c59c0b000 r--p 00002000 103:05 39061688                  /usr/lib/x86_64-linux-gnu/librt.so.1
768c59c0b000-768c59c0c000 r--p 00002000 103:05 39061688                  /usr/lib/x86_64-linux-gnu/librt.so.1
768c59c0c000-768c59c0d000 rw-p 00003000 103:05 39061688                  /usr/lib/x86_64-linux-gnu/librt.so.1
768c59c0d000-768c59c11000 rw-p 00000000 00:00 0 
768c59c11000-768c59c12000 r--p 00000000 103:05 39061645                  /usr/lib/x86_64-linux-gnu/libdl.so.2
768c59c12000-768c59c13000 r-xp 00001000 103:05 39061645                  /usr/lib/x86_64-linux-gnu/libdl.so.2
768c59c13000-768c59c14000 r--p 00002000 103:05 39061645                  /usr/lib/x86_64-linux-gnu/libdl.so.2
768c59c14000-768c59c15000 r--p 00002000 103:05 39061645                  /usr/lib/x86_64-linux-gnu/libdl.so.2
768c59c15000-768c59c16000 rw-p 00003000 103:05 39061645                  /usr/lib/x86_64-linux-gnu/libdl.so.2
768c59c16000-768c59c17000 r--p 00000000 103:05 39061682                  /usr/lib/x86_64-linux-gnu/libpthread.so.0
768c59c17000-768c59c18000 r-xp 00001000 103:05 39061682                  /usr/lib/x86_64-linux-gnu/libpthread.so.0
768c59c18000-768c59c19000 r--p 00002000 103:05 39061682                  /usr/lib/x86_64-linux-gnu/libpthread.so.0
768c59c19000-768c59c1a000 r--p 00002000 103:05 39061682                  /usr/lib/x86_64-linux-gnu/libpthread.so.0
768c59c1a000-768c59c1b000 rw-p 00003000 103:05 39061682                  /usr/lib/x86_64-linux-gnu/libpthread.so.0
768c59c1b000-768c59c29000 r-xp 00000000 103:05 39860296                  /usr/lib/jvm/jdk-22.0.2-oracle-x64/lib/libjli.so
768c59c29000-768c59c2a000 r--p 0000e000 103:05 39860296                  /usr/lib/jvm/jdk-22.0.2-oracle-x64/lib/libjli.so
768c59c2a000-768c59c2b000 rw-p 0000f000 103:05 39860296                  /usr/lib/jvm/jdk-22.0.2-oracle-x64/lib/libjli.so
768c59c2b000-768c59c2d000 r--p 00000000 103:05 39087961                  /usr/lib/x86_64-linux-gnu/libz.so.1.2.11
768c59c2d000-768c59c3e000 r-xp 00002000 103:05 39087961                  /usr/lib/x86_64-linux-gnu/libz.so.1.2.11
768c59c3e000-768c59c44000 r--p 00013000 103:05 39087961                  /usr/lib/x86_64-linux-gnu/libz.so.1.2.11
768c59c44000-768c59c45000 ---p 00019000 103:05 39087961                  /usr/lib/x86_64-linux-gnu/libz.so.1.2.11
768c59c45000-768c59c46000 r--p 00019000 103:05 39087961                  /usr/lib/x86_64-linux-gnu/libz.so.1.2.11
768c59c46000-768c59c47000 rw-p 0001a000 103:05 39087961                  /usr/lib/x86_64-linux-gnu/libz.so.1.2.11
768c59c47000-768c59c4e000 r--s 00000000 103:05 39063808                  /usr/lib/x86_64-linux-gnu/gconv/gconv-modules.cache
768c59c4e000-768c59c55000 rw-p 00000000 00:00 0 
768c59c55000-768c59c5d000 ---p 00000000 00:00 0 
768c59c5d000-768c59c65000 rw-s 00000000 103:05 26870121                  /tmp/hsperfdata_edov/168685
768c59c65000-768c59c66000 ---p 00000000 00:00 0 
768c59c66000-768c59c67000 r--p 00000000 00:00 0 
768c59c67000-768c59c69000 rw-p 00000000 00:00 0 
768c59c69000-768c59c6b000 r--p 00000000 103:05 39061603                  /usr/lib/x86_64-linux-gnu/ld-linux-x86-64.so.2
768c59c6b000-768c59c95000 r-xp 00002000 103:05 39061603                  /usr/lib/x86_64-linux-gnu/ld-linux-x86-64.so.2
768c59c95000-768c59ca0000 r--p 0002c000 103:05 39061603                  /usr/lib/x86_64-linux-gnu/ld-linux-x86-64.so.2
768c59ca0000-768c59ca1000 ---p 00000000 00:00 0 
768c59ca1000-768c59ca3000 r--p 00037000 103:05 39061603                  /usr/lib/x86_64-linux-gnu/ld-linux-x86-64.so.2
768c59ca3000-768c59ca5000 rw-p 00039000 103:05 39061603                  /usr/lib/x86_64-linux-gnu/ld-linux-x86-64.so.2
7fff5dc60000-7fff5dc82000 rw-p 00000000 00:00 0                          [stack]
7fff5dc8e000-7fff5dc92000 r--p 00000000 00:00 0                          [vvar]
7fff5dc92000-7fff5dc94000 r-xp 00000000 00:00 0                          [vdso]
ffffffffff600000-ffffffffff601000 --xp 00000000 00:00 0                  [vsyscall]
Total number of mappings: 321


VM Arguments:
jvm_args: -Dfile.encoding=UTF-8 --module-path=/home/edov/projects/JCudaWrapper/build/classes 
java_command: main.VectorTest
java_class_path (initial): /home/edov/projects/JCudaWrapper/JCuda-All-10.1.0/jcublas-10.1.0-javadoc.jar:/home/edov/projects/JCudaWrapper/JCuda-All-10.1.0/jcublas-10.1.0-sources.jar:/home/edov/projects/JCudaWrapper/JCuda-All-10.1.0/jcublas-10.1.0.jar:/home/edov/projects/JCudaWrapper/JCuda-All-10.1.0/jcublas-natives-10.1.0-apple-x86_64.jar:/home/edov/projects/JCudaWrapper/JCuda-All-10.1.0/jcublas-natives-10.1.0-javadoc.jar:/home/edov/projects/JCudaWrapper/JCuda-All-10.1.0/jcublas-natives-10.1.0-linux-x86_64.jar:/home/edov/projects/JCudaWrapper/JCuda-All-10.1.0/jcublas-natives-10.1.0-sources.jar:/home/edov/projects/JCudaWrapper/JCuda-All-10.1.0/jcublas-natives-10.1.0-windows-x86_64.jar:/home/edov/projects/JCudaWrapper/JCuda-All-10.1.0/jcublas-natives-10.1.0.jar:/home/edov/projects/JCudaWrapper/JCuda-All-10.1.0/jcuda-10.1.0-javadoc.jar:/home/edov/projects/JCudaWrapper/JCuda-All-10.1.0/jcuda-10.1.0-sources.jar:/home/edov/projects/JCudaWrapper/JCuda-All-10.1.0/jcuda-10.1.0.jar:/home/edov/projects/JCudaWrapper/JCuda-All-10.1.0/jcuda-common-10.1.0-javadoc.jar:/home/edov/projects/JCudaWrapper/JCuda-All-10.1.0/jcuda-common-10.1.0-sources.jar:/home/edov/projects/JCudaWrapper/JCuda-All-10.1.0/jcuda-common-10.1.0.jar:/home/edov/projects/JCudaWrapper/JCuda-All-10.1.0/jcuda-natives-10.1.0-apple-x86_64.jar:/home/edov/projects/JCudaWrapper/JCuda-All-10.1.0/jcuda-natives-10.1.0-javadoc.jar:/home/edov/projects/JCudaWrapper/JCuda-All-10.1.0/jcuda-natives-10.1.0-linux-x86_64.jar:/home/edov/projects/JCudaWrapper/JCuda-All-10.1.0/jcuda-natives-10.1.0-sources.jar:/home/edov/projects/JCudaWrapper/JCuda-All-10.1.0/jcuda-natives-10.1.0-windows-x86_64.jar:/home/edov/projects/JCudaWrapper/JCuda-All-10.1.0/jcuda-natives-10.1.0.jar:/home/edov/projects/JCudaWrapper/JCuda-All-10.1.0/jcudnn-10.1.0-javadoc.jar:/home/edov/projects/JCudaWrapper/JCuda-All-10.1.0/jcudnn-10.1.0-sources.jar:/home/edov/projects/JCudaWrapper/JCuda-All-10.1.0/jcudnn-10.1.0.jar:/home/edov/projects/JCudaWrapper/JCuda-All-10.1.0/jcudnn-natives-10.1.0-apple-x86_64.jar:/home/edov/projects/JCudaWrapper/JCuda-All-10.1.0/jcudnn-natives-10.1.0-javadoc.jar:/home/edov/projects/JCudaWrapper/JCuda-All-10.1.0/jcudnn-natives-10.1.0-linux-x86_64.jar:/home/edov/projects/JCudaWrapper/JCuda-All-10.1.0/jcudnn-natives-10.1.0-sources.jar:/home/edov/projects/JCudaWrapper/JCuda-All-10.1.0/jcudnn-natives-10.1.0-windows-x86_64.jar:/home/edov/projects/JCudaWrapper/JCuda-All-10.1.0/jcudnn-natives-10.1.0.jar:/home/edov/projects/JCudaWrapper/JCuda-All-10.1.0/jcufft-10.1.0-javadoc.jar:/home/edov/projects/JCudaWrapper/JCuda-All-10.1.0/jcufft-10.1.0-sources.jar:/home/edov/projects/JCudaWrapper/JCuda-All-10.1.0/jcufft-10.1.0.jar:/home/edov/projects/JCudaWrapper/JCuda-All-10.1.0/jcufft-natives-10.1.0-apple-x86_64.jar:/home/edov/projects/JCudaWrapper/JCuda-All-10.1.0/jcufft-natives-10.1.0-javadoc.jar:/home/edov/projects/JCudaWrapper/JCuda-All-10.1.0/jcufft-natives-10.1.0-linux-x86_64.jar:/home/edov/projects/JCudaWrapper/JCuda-All-10.1.0/jcufft-natives-10.1.0-sources.jar:/home/edov/projects/JCudaWrapper/JCuda-All-10.1.0/jcufft-natives-10.1.0-windows-x86_64.jar:/home/edov/projects/JCudaWrapper/JCuda-All-10.1.0/jcufft-natives-10.1.0.jar:/home/edov/projects/JCudaWrapper/JCuda-All-10.1.0/jcurand-10.1.0-javadoc.jar:/home/edov/projects/JCudaWrapper/JCuda-All-10.1.0/jcurand-10.1.0-sources.jar:/home/edov/projects/JCudaWrapper/JCuda-All-10.1.0/jcurand-10.1.0.jar:/home/edov/projects/JCudaWrapper/JCuda-All-10.1.0/jcurand-natives-10.1.0-apple-x86_64.jar:/home/edov/projects/JCudaWrapper/JCuda-All-10.1.0/jcurand-natives-10.1.0-javadoc.jar:/home/edov/projects/JCudaWrapper/JCuda-All-10.1.0/jcurand-natives-10.1.0-linux-x86_64.jar:/home/edov/projects/JCudaWrapper/JCuda-All-10.1.0/jcurand-natives-10.1.0-sources.jar:/home/edov/projects/JCudaWrapper/JCuda-All-10.1.0/jcurand-natives-10.1.0-windows-x86_64.jar:/home/edov/projects/JCudaWrapper/JCuda-All-10.1.0/jcurand-natives-10.1.0.jar:/home/edov/projects/JCudaWrapper/JCuda-All-10.1.0/jcusolver-10.1.0-javadoc.jar:/home/edov/projects/JCudaWrapper/JCuda-All-10.1.0/jcusolver-10.1.0-sources.jar:/home/edov/projects/JCudaWrapper/JCuda-All-10.1.0/jcusolver-10.1.0.jar:/home/edov/projects/JCudaWrapper/JCuda-All-10.1.0/jcusolver-natives-10.1.0-apple-x86_64.jar:/home/edov/projects/JCudaWrapper/JCuda-All-10.1.0/jcusolver-natives-10.1.0-javadoc.jar:/home/edov/projects/JCudaWrapper/JCuda-All-10.1.0/jcusolver-natives-10.1.0-linux-x86_64.jar:/home/edov/projects/JCudaWrapper/JCuda-All-10.1.0/jcusolver-natives-10.1.0-sources.jar:/home/edov/projects/JCudaWrapper/JCuda-All-10.1.0/jcusolver-natives-10.1.0-windows-x86_64.jar:/home/edov/projects/JCudaWrapper/JCuda-All-10.1.0/jcusolver-natives-10.1.0.jar:/home/edov/projects/JCudaWrapper/JCuda-All-10.1.0/jcusparse-10.1.0-javadoc.jar:/home/edov/projects/JCudaWrapper/JCuda-All-10.1.0/jcusparse-10.1.0-sources.jar:/home/edov/projects/JCudaWrapper/JCuda-All-10.1.0/jcusparse-10.1.0.jar:/home/edov/projects/JCudaWrapper/JCuda-All-10.1.0/jcusparse-natives-10.1.0-apple-x86_64.jar:/home/edov/projects/JCudaWrapper/JCuda-All-10.1.0/jcusparse-natives-10.1.0-javadoc.jar:/home/edov/projects/JCudaWrapper/JCuda-All-10.1.0/jcusparse-natives-10.1.0-linux-x86_64.jar:/home/edov/projects/JCudaWrapper/JCuda-All-10.1.0/jcusparse-natives-10.1.0-sources.jar:/home/edov/projects/JCudaWrapper/JCuda-All-10.1.0/jcusparse-natives-10.1.0-windows-x86_64.jar:/home/edov/projects/JCudaWrapper/JCuda-All-10.1.0/jcusparse-natives-10.1.0.jar:/home/edov/projects/JCudaWrapper/JCuda-All-10.1.0/jnvgraph-10.1.0-javadoc.jar:/home/edov/projects/JCudaWrapper/JCuda-All-10.1.0/jnvgraph-10.1.0-sources.jar:/home/edov/projects/JCudaWrapper/JCuda-All-10.1.0/jnvgraph-10.1.0.jar:/home/edov/projects/JCudaWrapper/JCuda-All-10.1.0/jnvgraph-natives-10.1.0-apple-x86_64.jar:/home/edov/projects/JCudaWrapper/JCuda-All-10.1.0/jnvgraph-natives-10.1.0-javadoc.jar:/home/edov/projects/JCudaWrapper/JCuda-All-10.1.0/jnvgraph-natives-10.1.0-linux-x86_64.jar:/home/edov/projects/JCudaWrapper/JCuda-All-10.1.0/jnvgraph-natives-10.1.0-sources.jar:/home/edov/projects/JCudaWrapper/JCuda-All-10.1.0/jnvgraph-natives-10.1.0-windows-x86_64.jar:/home/edov/projects/JCudaWrapper/JCuda-All-10.1.0/jnvgraph-natives-10.1.0.jar:/home/edov/projects/JCudaWrapper/commons-math3-3.6.1.jar:/home/edov/projects/JCudaWrapper/build/classes
Launcher Type: SUN_STANDARD

[Global flags]
     intx CICompilerCount                          = 12                                        {product} {ergonomic}
     uint ConcGCThreads                            = 3                                         {product} {ergonomic}
     uint G1ConcRefinementThreads                  = 13                                        {product} {ergonomic}
   size_t G1HeapRegionSize                         = 4194304                                   {product} {ergonomic}
   size_t InitialHeapSize                          = 515899392                                 {product} {ergonomic}
   size_t MarkStackSize                            = 4194304                                   {product} {ergonomic}
   size_t MaxHeapSize                              = 8212447232                                {product} {ergonomic}
   size_t MaxNewSize                               = 4924112896                                {product} {ergonomic}
   size_t MinHeapDeltaBytes                        = 4194304                                   {product} {ergonomic}
   size_t MinHeapSize                              = 8388608                                   {product} {ergonomic}
    uintx NonNMethodCodeHeapSize                   = 7602480                                {pd product} {ergonomic}
    uintx NonProfiledCodeHeapSize                  = 122027880                              {pd product} {ergonomic}
    uintx ProfiledCodeHeapSize                     = 122027880                              {pd product} {ergonomic}
    uintx ReservedCodeCacheSize                    = 251658240                              {pd product} {ergonomic}
     bool SegmentedCodeCache                       = true                                      {product} {ergonomic}
   size_t SoftMaxHeapSize                          = 8212447232                             {manageable} {ergonomic}
     bool UseCompressedOops                        = true                           {product lp64_product} {ergonomic}
     bool UseG1GC                                  = true                                      {product} {ergonomic}

Logging:
Log output configuration:
 #0: stdout all=warning uptime,level,tags foldmultilines=false
 #1: stderr all=off uptime,level,tags foldmultilines=false

Environment Variables:
PATH=/usr/local/sbin:/usr/local/bin:/usr/sbin:/usr/bin:/sbin:/bin:/usr/games:/usr/local/games:/snap/bin:/snap/bin
USERNAME=edov
SHELL=/bin/bash
DISPLAY=:1
LANG=en_IL

Active Locale:
LC_ALL=en_IL
LC_COLLATE=en_IL
LC_CTYPE=en_IL
LC_MESSAGES=en_IL
LC_MONETARY=en_IL
LC_NUMERIC=en_IL
LC_TIME=en_IL

Signal Handlers:
   SIGSEGV: crash_handler in libjvm.so, mask=11100100010111111101111111111110, flags=SA_RESTART|SA_SIGINFO, unblocked
    SIGBUS: crash_handler in libjvm.so, mask=11100100010111111101111111111110, flags=SA_RESTART|SA_SIGINFO, unblocked
    SIGFPE: crash_handler in libjvm.so, mask=11100100010111111101111111111110, flags=SA_RESTART|SA_SIGINFO, unblocked
   SIGPIPE: javaSignalHandler in libjvm.so, mask=11100100010111111101111111111110, flags=SA_RESTART|SA_SIGINFO, blocked
   SIGXFSZ: javaSignalHandler in libjvm.so, mask=11100100010111111101111111111110, flags=SA_RESTART|SA_SIGINFO, blocked
    SIGILL: crash_handler in libjvm.so, mask=11100100010111111101111111111110, flags=SA_RESTART|SA_SIGINFO, unblocked
   SIGUSR2: SR_handler in libjvm.so, mask=00000000000000000000000000000000, flags=SA_RESTART|SA_SIGINFO, blocked
    SIGHUP: UserHandler in libjvm.so, mask=11100100010111111101111111111110, flags=SA_RESTART|SA_SIGINFO, blocked
    SIGINT: SIG_IGN, mask=00000000000000000000000000000000, flags=none, blocked
   SIGTERM: UserHandler in libjvm.so, mask=11100100010111111101111111111110, flags=SA_RESTART|SA_SIGINFO, blocked
   SIGQUIT: UserHandler in libjvm.so, mask=11100100010111111101111111111110, flags=SA_RESTART|SA_SIGINFO, blocked
   SIGTRAP: crash_handler in libjvm.so, mask=11100100010111111101111111111110, flags=SA_RESTART|SA_SIGINFO, unblocked


Periodic native trim disabled

---------------  S Y S T E M  ---------------

OS:
DISTRIB_ID=Ubuntu
DISTRIB_RELEASE=22.04
DISTRIB_CODENAME=jammy
DISTRIB_DESCRIPTION="Ubuntu 22.04.4 LTS"
uname: Linux 6.8.0-40-generic #40~22.04.3-Ubuntu SMP PREEMPT_DYNAMIC Tue Jul 30 17:30:19 UTC 2 x86_64
OS uptime: 3 days 20:28 hours
libc: glibc 2.35 NPTL 2.35 
rlimit (soft/hard): STACK 8192k/infinity , CORE 0k/infinity , NPROC 124989/124989 , NOFILE 1048576/1048576 , AS infinity/infinity , CPU infinity/infinity , DATA infinity/infinity , FSIZE infinity/infinity , MEMLOCK 4009384k/4009384k
load average: 0.26 0.50 0.53

/proc/meminfo:
MemTotal:       32075096 kB
MemFree:        16205040 kB
MemAvailable:   23850004 kB
Buffers:         1451248 kB
Cached:          6236340 kB
SwapCached:            0 kB
Active:          7717648 kB
Inactive:        5516840 kB
Active(anon):    5662528 kB
Inactive(anon):        0 kB
Active(file):    2055120 kB
Inactive(file):  5516840 kB
Unevictable:          32 kB
Mlocked:              32 kB
SwapTotal:       2097148 kB
SwapFree:        2097148 kB
Zswap:                 0 kB
Zswapped:              0 kB
Dirty:               868 kB
Writeback:             0 kB
AnonPages:       5547176 kB
Mapped:          1148428 kB
Shmem:            115616 kB
KReclaimable:     537440 kB
Slab:             864128 kB
SReclaimable:     537440 kB
SUnreclaim:       326688 kB
KernelStack:       19888 kB
PageTables:        57520 kB
SecPageTables:         0 kB
NFS_Unstable:          0 kB
Bounce:                0 kB
WritebackTmp:          0 kB
CommitLimit:    18134696 kB
Committed_AS:   22879604 kB
VmallocTotal:   34359738367 kB
VmallocUsed:      161632 kB
VmallocChunk:          0 kB
Percpu:            20096 kB
HardwareCorrupted:     0 kB
AnonHugePages:         0 kB
ShmemHugePages:        0 kB
ShmemPmdMapped:        0 kB
FileHugePages:         0 kB
FilePmdMapped:         0 kB
Unaccepted:            0 kB
HugePages_Total:       0
HugePages_Free:        0
HugePages_Rsvd:        0
HugePages_Surp:        0
Hugepagesize:       2048 kB
Hugetlb:               0 kB
DirectMap4k:     2183656 kB
DirectMap2M:    17991680 kB
DirectMap1G:    13631488 kB

/sys/kernel/mm/transparent_hugepage/enabled: always [madvise] never
/sys/kernel/mm/transparent_hugepage/hpage_pmd_size: 2097152
/sys/kernel/mm/transparent_hugepage/shmem_enabled: always within_size advise [never] deny force
/sys/kernel/mm/transparent_hugepage/defrag (defrag/compaction efforts parameter): always defer defer+madvise [madvise] never

Process Memory:
Virtual Size: 16576192K (peak: 16576192K)
Resident Set Size: 346752K (peak: 346752K) (anon: 188012K, file: 150548K, shmem: 8192K)
Swapped out: 0K
C-Heap outstanding allocations: 263835K, retained: 4460K
glibc malloc tunables: (default)

/proc/sys/kernel/threads-max (system-wide limit on the number of threads): 249979
/proc/sys/vm/max_map_count (maximum number of memory map areas a process may have): 65530
/proc/sys/vm/swappiness (control to define how aggressively the kernel swaps out anonymous memory): 60
/proc/sys/kernel/pid_max (system-wide limit on number of process identifiers): 4194304

container (cgroup) information:
container_type: cgroupv2
cpu_cpuset_cpus: not supported
cpu_memory_nodes: not supported
active_processor_count: 16
cpu_quota: not supported
cpu_period: not supported
cpu_shares: not supported
memory_limit_in_bytes: unlimited
memory_and_swap_limit_in_bytes: unlimited
memory_soft_limit_in_bytes: unlimited
memory_usage_in_bytes: 3825348 k
memory_max_usage_in_bytes: not supported
memory_swap_current_in_bytes: unlimited
memory_swap_max_limit_in_bytes: unlimited
maximum number of tasks: 37496
current number of tasks: 132

Steal ticks since vm start: 0
Steal ticks percentage since vm start:  0.000

CPU: total 16 (initial active 16) (16 cores per cpu, 2 threads per core) family 25 model 68 stepping 1 microcode 0xa404101, cx8, cmov, fxsr, ht, mmx, 3dnowpref, sse, sse2, sse3, ssse3, sse4a, sse4.1, sse4.2, popcnt, lzcnt, tsc, tscinvbit, avx, avx2, aes, clmul, bmi1, bmi2, adx, sha, fma, vzeroupper, clflush, clflushopt, rdtscp, rdpid, f16c, pku, ospke, cet_ss
CPU Model and flags from /proc/cpuinfo:
model name	: AMD Ryzen 9 6900HS with Radeon Graphics
flags		: fpu vme de pse tsc msr pae mce cx8 apic sep mtrr pge mca cmov pat pse36 clflush mmx fxsr sse sse2 ht syscall nx mmxext fxsr_opt pdpe1gb rdtscp lm constant_tsc rep_good nopl nonstop_tsc cpuid extd_apicid aperfmperf rapl pni pclmulqdq monitor ssse3 fma cx16 sse4_1 sse4_2 x2apic movbe popcnt aes xsave avx f16c rdrand lahf_lm cmp_legacy svm extapic cr8_legacy abm sse4a misalignsse 3dnowprefetch osvw ibs skinit wdt tce topoext perfctr_core perfctr_nb bpext perfctr_llc mwaitx cpb cat_l3 cdp_l3 hw_pstate ssbd mba ibrs ibpb stibp vmmcall fsgsbase bmi1 avx2 smep bmi2 invpcid cqm rdt_a rdseed adx smap clflushopt clwb sha_ni xsaveopt xsavec xgetbv1 xsaves cqm_llc cqm_occup_llc cqm_mbm_total cqm_mbm_local user_shstk clzero irperf xsaveerptr rdpru wbnoinvd cppc arat npt lbrv svm_lock nrip_save tsc_scale vmcb_clean flushbyasid decodeassists pausefilter pfthreshold avic v_vmsave_vmload vgif v_spec_ctrl umip pku ospke vaes vpclmulqdq rdpid overflow_recov succor smca debug_swap

Online cpus: 0-15
Offline cpus: 
BIOS frequency limitation: <Not Available>
Frequency switch latency (ns): 0
Available cpu frequencies: <Not Available>
Current governor: powersave
Core performance/turbo boost: <Not Available>

Memory: 4k page, physical 32075096k(23850004k free), swap 2097148k(2097148k free)
Page Sizes: 4k

vm_info: Java HotSpot(TM) 64-Bit Server VM (22.0.2+9-70) for linux-amd64 JRE (22.0.2+9-70), built on 2024-06-04T16:52:23Z by "mach5one" with gcc 13.2.0

END.
