#
# A fatal error has been detected by the Java Runtime Environment:
#
#  SIGSEGV (0xb) at pc=0x000070e3230d1bb8, pid=7142, tid=7147
#
# JRE version: Java(TM) SE Runtime Environment (22.0.2+9) (build 22.0.2+9-70)
# Java VM: Java HotSpot(TM) 64-Bit Server VM (22.0.2+9-70, mixed mode, sharing, tiered, compressed oops, compressed class ptrs, g1 gc, linux-amd64)
# Problematic frame:
# C  [libcublas.so.10+0xd1bb8]
#
# Core dump will be written. Default location: Core dumps may be processed with "/usr/share/apport/apport -p%p -s%s -c%c -d%d -P%P -u%u -g%g -- %E" (or dumping to /home/edov/projects/JCudaWrapper/core.7142)
#
# If you would like to submit a bug report, please visit:
#   https://bugreport.java.com/bugreport/crash.jsp
# The crash happened outside the Java Virtual Machine in native code.
# See problematic frame for where to report the bug.
#

---------------  S U M M A R Y ------------

Command Line: -Dfile.encoding=UTF-8 --module-path=/home/edov/projects/JCudaWrapper/build/classes main.VectorTest

Host: AMD Ryzen 9 6900HS with Radeon Graphics, 16 cores, 30G, Ubuntu 24.04.1 LTS
Time: Tue Sep 17 08:01:17 2024 IDT elapsed time: 0.534584 seconds (0d 0h 0m 0s)

---------------  T H R E A D  ---------------

Current thread (0x000070e3f802d4c0):  JavaThread "main"             [_thread_in_native, id=7147, stack(0x000070e400f00000,0x000070e401000000) (1024K)]

Stack: [0x000070e400f00000,0x000070e401000000],  sp=0x000070e400ffe320,  free space=1016k
Native frames: (J=compiled Java code, j=interpreted, Vv=VM code, C=native code)
C  [libcublas.so.10+0xd1bb8]
Java frames: (J=compiled Java code, j=interpreted, Vv=VM code)
j  jcuda.jcublas.JCublas2.cublasDnrm2Native(Ljcuda/jcublas/cublasHandle;ILjcuda/Pointer;ILjcuda/Pointer;)I+0
j  jcuda.jcublas.JCublas2.cublasDnrm2(Ljcuda/jcublas/cublasHandle;ILjcuda/Pointer;ILjcuda/Pointer;)I+6
j  storage.DArray.norm(LprocessSupport/Handle;Lstorage/DSingleton;)Lstorage/DSingleton;+28
j  storage.DArray.norm(LprocessSupport/Handle;)Lstorage/DSingleton;+9
j  algebra.Vector.getNorm()D+8
j  algebra.Vector.equals(Lalgebra/Vector;D)Z+5
j  algebra.Vector.equals(Lalgebra/Vector;)Z+5
j  main.VectorTest.main([Ljava/lang/String;)V+147
v  ~StubRoutines::call_stub 0x000070e3e805fcc6

siginfo: si_signo: 11 (SIGSEGV), si_code: 2 (SEGV_ACCERR), si_addr: 0x000070e2d8e21000

Registers:
RAX=0x0000000000000000, RBX=0x0000000000000001, RCX=0x0000000000000001, RDX=0x0000000000000007
RSP=0x000070e400ffe320, RBP=0x0000000000000006, RSI=0x0000000000000006, RDI=0x000070e2dfa0ef60
R8 =0x000070e2d8e21000, R9 =0x0000000634ce52a0, R10=0x000070e323004380, R11=0x000070e3230cb5b0
R12=0x000070e2dfa0ef60, R13=0x0000000000000001, R14=0x000070e2d8e21000, R15=0x000070e2d8e20e00
RIP=0x000070e3230d1bb8, EFLAGS=0x0000000000010206, CSGSFS=0x002b000000000033, ERR=0x0000000000000006
  TRAPNO=0x000000000000000e


Register to memory mapping:

RAX=0x0 is null
RBX=0x0000000000000001 is an unknown value
RCX=0x0000000000000001 is an unknown value
RDX=0x0000000000000007 is an unknown value
RSP=0x000070e400ffe320 is pointing into the stack for thread: 0x000070e3f802d4c0
RBP=0x0000000000000006 is an unknown value
RSI=0x0000000000000006 is an unknown value
RDI=0x000070e2dfa0ef60 points into unknown readable memory: 0x7fffffff00000200 | 00 02 00 00 ff ff ff 7f
R8 =0x000070e2d8e21000 is an unknown value
R9 =0x0000000634ce52a0 is an oop: jcuda.driver.CUdeviceptr 
{0x0000000634ce52a0} - klass: 'jcuda/driver/CUdeviceptr'
 - ---- fields (total size 5 words):
 - private 'nativePointer' 'J' @16  124119603613696 (0x000070e2d8e21000)
 - private 'buffer' 'Ljava/nio/Buffer;' @12  null (0x00000000)
 - private 'byteOffset' 'J' @24  0 (0x0000000000000000)
 - private 'pointers' '[Ljcuda/NativePointerObject;' @32  null (0x00000000)
R10=0x000070e323004380: <offset 0x0000000000004380> in /lib/x86_64-linux-gnu/libcublas.so.10 at 0x000070e323000000
R11=0x000070e3230cb5b0: cublasDnrm2_v2+0x0000000000000000 in /lib/x86_64-linux-gnu/libcublas.so.10 at 0x000070e323000000
R12=0x000070e2dfa0ef60 points into unknown readable memory: 0x7fffffff00000200 | 00 02 00 00 ff ff ff 7f
R13=0x0000000000000001 is an unknown value
R14=0x000070e2d8e21000 is an unknown value
R15=0x000070e2d8e20e00 is an unknown value

Top of Stack: (sp=0x000070e400ffe320)
0x000070e400ffe320:   2020202020202020 0000000000000000
0x000070e400ffe330:   0000000000000000 000070e2d8e20e00
0x000070e400ffe340:   0000000000000000 0000000000000000
0x000070e400ffe350:   0000000000000000 0000000000000000
0x000070e400ffe360:   0000000000000000 000070e3f81381c0
0x000070e400ffe370:   000070e400ffe390 000070e400699906
0x000070e400ffe380:   000070e3d11e8680 00000006f802e050
0x000070e400ffe390:   000070e400ffe3c0 000070e4006d14d8
0x000070e400ffe3a0:   000070e3f8145460 d3e0502f531d5800
0x000070e400ffe3b0:   0000000000000001 000070e400ffe688
0x000070e400ffe3c0:   0000000000000002 8000000000000006
0x000070e400ffe3d0:   0000000000000000 0000000000000000
0x000070e400ffe3e0:   0000000000000000 0000000000000000
0x000070e400ffe3f0:   0000000000000000 0000000000000000
0x000070e400ffe400:   000070e3f802d4c0 0000000000000000
0x000070e400ffe410:   000070e400ffe430 000070e400394377
0x000070e400ffe420:   000070e3f802e128 000070e2d540ccd0
0x000070e400ffe430:   0000000000000000 000070e37040a588
0x000070e400ffe440:   000070e400ffe460 000070e3d11c8fc5
0x000070e400ffe450:   000070e400ffe668 000070e37040a588
0x000070e400ffe460:   000070e400ffe5c0 0000000000000000
0x000070e400ffe470:   000070e37040a588 000070e400ffe688
0x000070e400ffe480:   000070e2d8e20e00 000070e3230cb5fe
0x000070e400ffe490:   000070e400ffe4c0 000070e2dfa0ef60
0x000070e400ffe4a0:   000070e400ffe4c0 000070e2d8e21000
0x000070e400ffe4b0:   0000000600000001 000070e2dfa0ef60
0x000070e400ffe4c0:   000070e400ffe540 000070e3d11c9ac8
0x000070e400ffe4d0:   000070e400ffe668 000070e3f802d880
0x000070e400ffe4e0:   000070e3f802d400 0000010000000062
0x000070e400ffe4f0:   000070e400ffe678 000070e3f802d880
0x000070e400ffe500:   0000000000000000 000070e3d11c9dc5
0x000070e400ffe510:   0000000000000000 000070e37040a588 

Instructions: (pc=0x000070e3230d1bb8)
0x000070e3230d1ab8:   ff 4c 8b 8c 24 18 01 00 00 48 8b b4 24 c0 00 00
0x000070e3230d1ac8:   00 48 89 ef 8b 94 24 c8 00 00 00 48 8b 8c 24 b0
0x000070e3230d1ad8:   00 00 00 44 8b 84 24 b8 00 00 00 4c 8b 9c 24 10
0x000070e3230d1ae8:   01 00 00 4c 89 0c 24 4c 8d 8c 24 20 01 00 00 48
0x000070e3230d1af8:   89 b4 24 90 00 00 00 89 94 24 98 00 00 00 48 89
0x000070e3230d1b08:   8c 24 a0 00 00 00 44 89 84 24 a8 00 00 00 4c 89
0x000070e3230d1b18:   5c 24 08 e8 80 bb 50 00 e9 6d fe ff ff 48 03 9c
0x000070e3230d1b28:   24 28 01 00 00 4d 8b 44 24 48 b9 03 00 00 00 ba
0x000070e3230d1b38:   08 00 00 00 4c 89 f7 48 89 de e8 f9 e5 50 00 e9
0x000070e3230d1b48:   9a fe ff ff 90 90 90 90 48 89 6c 24 d8 4c 89 64
0x000070e3230d1b58:   24 e0 89 f5 4c 89 6c 24 e8 4c 89 74 24 f0 49 89
0x000070e3230d1b68:   fc 48 89 5c 24 d0 4c 89 7c 24 f8 48 81 ec 68 01
0x000070e3230d1b78:   00 00 48 85 ff 48 89 54 24 18 41 89 cd 4d 89 c6
0x000070e3230d1b88:   0f 84 85 01 00 00 8b 5f 38 85 db 0f 84 7a 01 00
0x000070e3230d1b98:   00 4d 85 c0 ba 07 00 00 00 0f 84 ff 00 00 00 8b
0x000070e3230d1ba8:   47 50 85 c0 89 44 24 2c 0f 85 2a 01 00 00 85 f6
0x000070e3230d1bb8:   49 c7 00 00 00 00 00 0f 8e 4a 01 00 00 85 c9 0f
0x000070e3230d1bc8:   8e 42 01 00 00 48 8b 35 94 83 bd 04 31 c9 4c 89
0x000070e3230d1bd8:   e7 48 89 f2 48 89 74 24 10 be 80 00 00 00 e8 d5
0x000070e3230d1be8:   39 fe ff 85 c0 ba 0d 00 00 00 0f 8e ae 00 00 00
0x000070e3230d1bf8:   39 e8 41 89 ef 49 8d 54 24 78 44 0f 4e f8 42 8d
0x000070e3230d1c08:   1c fd 08 00 00 00 48 89 d7 48 89 54 24 20 e8 75
0x000070e3230d1c18:   88 f5 ff 39 c3 0f 8f ca 01 00 00 48 8b 7c 24 20
0x000070e3230d1c28:   48 8d b4 24 28 01 00 00 89 da e8 79 91 f5 ff 85
0x000070e3230d1c38:   c0 89 c2 75 69 48 63 d3 48 c7 44 24 70 00 00 00
0x000070e3230d1c48:   00 48 c7 44 24 78 00 00 00 00 48 81 fa ff ff 00
0x000070e3230d1c58:   00 48 c7 84 24 80 00 00 00 00 00 00 00 48 c7 84
0x000070e3230d1c68:   24 88 00 00 00 00 00 00 00 49 8b 4c 24 48 48 8b
0x000070e3230d1c78:   bc 24 28 01 00 00 0f 87 9c 00 00 00 49 8d b4 24
0x000070e3230d1c88:   d8 00 00 00 49 89 c8 b9 01 00 00 00 e8 a7 e4 50
0x000070e3230d1c98:   00 85 c0 0f 84 8e 00 00 00 ba 0e 00 00 00 48 8b
0x000070e3230d1ca8:   9c 24 38 01 00 00 48 8b ac 24 40 01 00 00 89 d0 


Stack slot to memory mapping:

stack at sp + 0 slots: 0x2020202020202020 is an unknown value
stack at sp + 1 slots: 0x0 is null
stack at sp + 2 slots: 0x0 is null
stack at sp + 3 slots: 0x000070e2d8e20e00 is an unknown value
stack at sp + 4 slots: 0x0 is null
stack at sp + 5 slots: 0x0 is null
stack at sp + 6 slots: 0x0 is null
stack at sp + 7 slots: 0x0 is null


---------------  P R O C E S S  ---------------

Threads class SMR info:
_java_thread_list=0x000070e2d54003f0, length=12, elements={
0x000070e3f802d4c0, 0x000070e3f814c560, 0x000070e3f814dbb0, 0x000070e3f814f690,
0x000070e3f8150cd0, 0x000070e3f8152270, 0x000070e3f8153e10, 0x000070e3f8155520,
0x000070e3f8174a20, 0x000070e34001e8d0, 0x000070e3f81af610, 0x000070e2d5400940
}

Java Threads: ( => current thread )
=>0x000070e3f802d4c0 JavaThread "main"                              [_thread_in_native, id=7147, stack(0x000070e400f00000,0x000070e401000000) (1024K)]
  0x000070e3f814c560 JavaThread "Reference Handler"          daemon [_thread_blocked, id=7155, stack(0x000070e3d85f7000,0x000070e3d86f7000) (1024K)]
  0x000070e3f814dbb0 JavaThread "Finalizer"                  daemon [_thread_blocked, id=7156, stack(0x000070e3d84f7000,0x000070e3d85f7000) (1024K)]
  0x000070e3f814f690 JavaThread "Signal Dispatcher"          daemon [_thread_blocked, id=7157, stack(0x000070e3d83f7000,0x000070e3d84f7000) (1024K)]
  0x000070e3f8150cd0 JavaThread "Service Thread"             daemon [_thread_blocked, id=7158, stack(0x000070e3d82f7000,0x000070e3d83f7000) (1024K)]
  0x000070e3f8152270 JavaThread "Monitor Deflation Thread"   daemon [_thread_blocked, id=7159, stack(0x000070e3d81f7000,0x000070e3d82f7000) (1024K)]
  0x000070e3f8153e10 JavaThread "C2 CompilerThread0"         daemon [_thread_blocked, id=7160, stack(0x000070e3d80f7000,0x000070e3d81f7000) (1024K)]
  0x000070e3f8155520 JavaThread "C1 CompilerThread0"         daemon [_thread_blocked, id=7161, stack(0x000070e3d1900000,0x000070e3d1a00000) (1024K)]
  0x000070e3f8174a20 JavaThread "Common-Cleaner"             daemon [_thread_blocked, id=7162, stack(0x000070e3d1800000,0x000070e3d1900000) (1024K)]
  0x000070e34001e8d0 JavaThread "C1 CompilerThread1"         daemon [_thread_blocked, id=7163, stack(0x000070e3d1700000,0x000070e3d1800000) (1024K)]
  0x000070e3f81af610 JavaThread "Notification Thread"        daemon [_thread_blocked, id=7165, stack(0x000070e3d1500000,0x000070e3d1600000) (1024K)]
  0x000070e2d5400940 JavaThread "pool-1-thread-1"            daemon [_thread_blocked, id=7173, stack(0x000070e3d1600000,0x000070e3d1700000) (1024K)]
Total: 12

Other Threads:
  0x000070e3f813ee20 VMThread "VM Thread"                           [id=7154, stack(0x000070e3d86f8000,0x000070e3d87f8000) (1024K)]
  0x000070e3f8124940 WatcherThread "VM Periodic Task Thread"        [id=7153, stack(0x000070e3d87f9000,0x000070e3d88f9000) (1024K)]
  0x000070e3f8058c90 WorkerThread "GC Thread#0"                     [id=7148, stack(0x000070e3fe965000,0x000070e3fea65000) (1024K)]
  0x000070e3f8069790 ConcurrentGCThread "G1 Main Marker"            [id=7149, stack(0x000070e3fc900000,0x000070e3fca00000) (1024K)]
  0x000070e3f806a730 WorkerThread "G1 Conc#0"                       [id=7150, stack(0x000070e3fc7ff000,0x000070e3fc8ff000) (1024K)]
  0x000070e3f8112270 ConcurrentGCThread "G1 Refine#0"               [id=7151, stack(0x000070e3d89fb000,0x000070e3d8afb000) (1024K)]
  0x000070e3f8113230 ConcurrentGCThread "G1 Service"                [id=7152, stack(0x000070e3d88fa000,0x000070e3d89fa000) (1024K)]
Total: 7

Threads with active compile tasks:
Total: 0

VM state: not at safepoint (normal execution)

VM Mutex/Monitor currently owned by a thread: None

Heap address: 0x0000000616800000, size: 7832 MB, Compressed Oops mode: Zero based, Oop shift amount: 3

CDS archive(s) mapped at: [0x000070e37a000000-0x000070e37ac7a000-0x000070e37ac7a000), size 13082624, SharedBaseAddress: 0x000070e37a000000, ArchiveRelocationMode: 1.
Compressed class space mapped at: 0x000070e37b000000-0x000070e3bb000000, reserved size: 1073741824
Narrow klass base: 0x000070e37a000000, Narrow klass shift: 0, Narrow klass range: 0x100000000

GC Precious Log:
 CardTable entry size: 512
 Card Set container configuration: InlinePtr #cards 4 size 8 Array Of Cards #cards 32 size 80 Howl #buckets 8 coarsen threshold 7372 Howl Bitmap #cards 1024 size 144 coarsen threshold 921 Card regions per heap region 1 cards per card region 8192
 CPUs: 16 total, 16 available
 Memory: 31322M
 Large Page Support: Disabled
 NUMA Support: Disabled
 Compressed Oops: Enabled (Zero based)
 Heap Region Size: 4M
 Heap Min Capacity: 8M
 Heap Initial Capacity: 492M
 Heap Max Capacity: 7832M
 Pre-touch: Disabled
 Parallel Workers: 13
 Concurrent Workers: 3
 Concurrent Refinement Workers: 13
 Periodic GC: Disabled

Heap:
 garbage-first heap   total reserved 8019968K, committed 507904K, used 5155K [0x0000000616800000, 0x0000000800000000)
  region size 4096K, 2 young (8192K), 0 survivors (0K)
 Metaspace       used 1220K, committed 1344K, reserved 1114112K
  class space    used 93K, committed 128K, reserved 1048576K

Heap Regions: E=young(eden), S=young(survivor), O=old, HS=humongous(starts), HC=humongous(continues), CS=collection set, F=free, TAMS=top-at-mark-start, PB=parsable bottom
|   0|0x0000000616800000, 0x0000000616800000, 0x0000000616c00000|  0%| F|  |TAMS 0x0000000616800000| PB 0x0000000616800000| Untracked |  0
|   1|0x0000000616c00000, 0x0000000616c00000, 0x0000000617000000|  0%| F|  |TAMS 0x0000000616c00000| PB 0x0000000616c00000| Untracked |  0
|   2|0x0000000617000000, 0x0000000617000000, 0x0000000617400000|  0%| F|  |TAMS 0x0000000617000000| PB 0x0000000617000000| Untracked |  0
|   3|0x0000000617400000, 0x0000000617400000, 0x0000000617800000|  0%| F|  |TAMS 0x0000000617400000| PB 0x0000000617400000| Untracked |  0
|   4|0x0000000617800000, 0x0000000617800000, 0x0000000617c00000|  0%| F|  |TAMS 0x0000000617800000| PB 0x0000000617800000| Untracked |  0
|   5|0x0000000617c00000, 0x0000000617c00000, 0x0000000618000000|  0%| F|  |TAMS 0x0000000617c00000| PB 0x0000000617c00000| Untracked |  0
|   6|0x0000000618000000, 0x0000000618000000, 0x0000000618400000|  0%| F|  |TAMS 0x0000000618000000| PB 0x0000000618000000| Untracked |  0
|   7|0x0000000618400000, 0x0000000618400000, 0x0000000618800000|  0%| F|  |TAMS 0x0000000618400000| PB 0x0000000618400000| Untracked |  0
|   8|0x0000000618800000, 0x0000000618800000, 0x0000000618c00000|  0%| F|  |TAMS 0x0000000618800000| PB 0x0000000618800000| Untracked |  0
|   9|0x0000000618c00000, 0x0000000618c00000, 0x0000000619000000|  0%| F|  |TAMS 0x0000000618c00000| PB 0x0000000618c00000| Untracked |  0
|  10|0x0000000619000000, 0x0000000619000000, 0x0000000619400000|  0%| F|  |TAMS 0x0000000619000000| PB 0x0000000619000000| Untracked |  0
|  11|0x0000000619400000, 0x0000000619400000, 0x0000000619800000|  0%| F|  |TAMS 0x0000000619400000| PB 0x0000000619400000| Untracked |  0
|  12|0x0000000619800000, 0x0000000619800000, 0x0000000619c00000|  0%| F|  |TAMS 0x0000000619800000| PB 0x0000000619800000| Untracked |  0
|  13|0x0000000619c00000, 0x0000000619c00000, 0x000000061a000000|  0%| F|  |TAMS 0x0000000619c00000| PB 0x0000000619c00000| Untracked |  0
|  14|0x000000061a000000, 0x000000061a000000, 0x000000061a400000|  0%| F|  |TAMS 0x000000061a000000| PB 0x000000061a000000| Untracked |  0
|  15|0x000000061a400000, 0x000000061a400000, 0x000000061a800000|  0%| F|  |TAMS 0x000000061a400000| PB 0x000000061a400000| Untracked |  0
|  16|0x000000061a800000, 0x000000061a800000, 0x000000061ac00000|  0%| F|  |TAMS 0x000000061a800000| PB 0x000000061a800000| Untracked |  0
|  17|0x000000061ac00000, 0x000000061ac00000, 0x000000061b000000|  0%| F|  |TAMS 0x000000061ac00000| PB 0x000000061ac00000| Untracked |  0
|  18|0x000000061b000000, 0x000000061b000000, 0x000000061b400000|  0%| F|  |TAMS 0x000000061b000000| PB 0x000000061b000000| Untracked |  0
|  19|0x000000061b400000, 0x000000061b400000, 0x000000061b800000|  0%| F|  |TAMS 0x000000061b400000| PB 0x000000061b400000| Untracked |  0
|  20|0x000000061b800000, 0x000000061b800000, 0x000000061bc00000|  0%| F|  |TAMS 0x000000061b800000| PB 0x000000061b800000| Untracked |  0
|  21|0x000000061bc00000, 0x000000061bc00000, 0x000000061c000000|  0%| F|  |TAMS 0x000000061bc00000| PB 0x000000061bc00000| Untracked |  0
|  22|0x000000061c000000, 0x000000061c000000, 0x000000061c400000|  0%| F|  |TAMS 0x000000061c000000| PB 0x000000061c000000| Untracked |  0
|  23|0x000000061c400000, 0x000000061c400000, 0x000000061c800000|  0%| F|  |TAMS 0x000000061c400000| PB 0x000000061c400000| Untracked |  0
|  24|0x000000061c800000, 0x000000061c800000, 0x000000061cc00000|  0%| F|  |TAMS 0x000000061c800000| PB 0x000000061c800000| Untracked |  0
|  25|0x000000061cc00000, 0x000000061cc00000, 0x000000061d000000|  0%| F|  |TAMS 0x000000061cc00000| PB 0x000000061cc00000| Untracked |  0
|  26|0x000000061d000000, 0x000000061d000000, 0x000000061d400000|  0%| F|  |TAMS 0x000000061d000000| PB 0x000000061d000000| Untracked |  0
|  27|0x000000061d400000, 0x000000061d400000, 0x000000061d800000|  0%| F|  |TAMS 0x000000061d400000| PB 0x000000061d400000| Untracked |  0
|  28|0x000000061d800000, 0x000000061d800000, 0x000000061dc00000|  0%| F|  |TAMS 0x000000061d800000| PB 0x000000061d800000| Untracked |  0
|  29|0x000000061dc00000, 0x000000061dc00000, 0x000000061e000000|  0%| F|  |TAMS 0x000000061dc00000| PB 0x000000061dc00000| Untracked |  0
|  30|0x000000061e000000, 0x000000061e000000, 0x000000061e400000|  0%| F|  |TAMS 0x000000061e000000| PB 0x000000061e000000| Untracked |  0
|  31|0x000000061e400000, 0x000000061e400000, 0x000000061e800000|  0%| F|  |TAMS 0x000000061e400000| PB 0x000000061e400000| Untracked |  0
|  32|0x000000061e800000, 0x000000061e800000, 0x000000061ec00000|  0%| F|  |TAMS 0x000000061e800000| PB 0x000000061e800000| Untracked |  0
|  33|0x000000061ec00000, 0x000000061ec00000, 0x000000061f000000|  0%| F|  |TAMS 0x000000061ec00000| PB 0x000000061ec00000| Untracked |  0
|  34|0x000000061f000000, 0x000000061f000000, 0x000000061f400000|  0%| F|  |TAMS 0x000000061f000000| PB 0x000000061f000000| Untracked |  0
|  35|0x000000061f400000, 0x000000061f400000, 0x000000061f800000|  0%| F|  |TAMS 0x000000061f400000| PB 0x000000061f400000| Untracked |  0
|  36|0x000000061f800000, 0x000000061f800000, 0x000000061fc00000|  0%| F|  |TAMS 0x000000061f800000| PB 0x000000061f800000| Untracked |  0
|  37|0x000000061fc00000, 0x000000061fc00000, 0x0000000620000000|  0%| F|  |TAMS 0x000000061fc00000| PB 0x000000061fc00000| Untracked |  0
|  38|0x0000000620000000, 0x0000000620000000, 0x0000000620400000|  0%| F|  |TAMS 0x0000000620000000| PB 0x0000000620000000| Untracked |  0
|  39|0x0000000620400000, 0x0000000620400000, 0x0000000620800000|  0%| F|  |TAMS 0x0000000620400000| PB 0x0000000620400000| Untracked |  0
|  40|0x0000000620800000, 0x0000000620800000, 0x0000000620c00000|  0%| F|  |TAMS 0x0000000620800000| PB 0x0000000620800000| Untracked |  0
|  41|0x0000000620c00000, 0x0000000620c00000, 0x0000000621000000|  0%| F|  |TAMS 0x0000000620c00000| PB 0x0000000620c00000| Untracked |  0
|  42|0x0000000621000000, 0x0000000621000000, 0x0000000621400000|  0%| F|  |TAMS 0x0000000621000000| PB 0x0000000621000000| Untracked |  0
|  43|0x0000000621400000, 0x0000000621400000, 0x0000000621800000|  0%| F|  |TAMS 0x0000000621400000| PB 0x0000000621400000| Untracked |  0
|  44|0x0000000621800000, 0x0000000621800000, 0x0000000621c00000|  0%| F|  |TAMS 0x0000000621800000| PB 0x0000000621800000| Untracked |  0
|  45|0x0000000621c00000, 0x0000000621c00000, 0x0000000622000000|  0%| F|  |TAMS 0x0000000621c00000| PB 0x0000000621c00000| Untracked |  0
|  46|0x0000000622000000, 0x0000000622000000, 0x0000000622400000|  0%| F|  |TAMS 0x0000000622000000| PB 0x0000000622000000| Untracked |  0
|  47|0x0000000622400000, 0x0000000622400000, 0x0000000622800000|  0%| F|  |TAMS 0x0000000622400000| PB 0x0000000622400000| Untracked |  0
|  48|0x0000000622800000, 0x0000000622800000, 0x0000000622c00000|  0%| F|  |TAMS 0x0000000622800000| PB 0x0000000622800000| Untracked |  0
|  49|0x0000000622c00000, 0x0000000622c00000, 0x0000000623000000|  0%| F|  |TAMS 0x0000000622c00000| PB 0x0000000622c00000| Untracked |  0
|  50|0x0000000623000000, 0x0000000623000000, 0x0000000623400000|  0%| F|  |TAMS 0x0000000623000000| PB 0x0000000623000000| Untracked |  0
|  51|0x0000000623400000, 0x0000000623400000, 0x0000000623800000|  0%| F|  |TAMS 0x0000000623400000| PB 0x0000000623400000| Untracked |  0
|  52|0x0000000623800000, 0x0000000623800000, 0x0000000623c00000|  0%| F|  |TAMS 0x0000000623800000| PB 0x0000000623800000| Untracked |  0
|  53|0x0000000623c00000, 0x0000000623c00000, 0x0000000624000000|  0%| F|  |TAMS 0x0000000623c00000| PB 0x0000000623c00000| Untracked |  0
|  54|0x0000000624000000, 0x0000000624000000, 0x0000000624400000|  0%| F|  |TAMS 0x0000000624000000| PB 0x0000000624000000| Untracked |  0
|  55|0x0000000624400000, 0x0000000624400000, 0x0000000624800000|  0%| F|  |TAMS 0x0000000624400000| PB 0x0000000624400000| Untracked |  0
|  56|0x0000000624800000, 0x0000000624800000, 0x0000000624c00000|  0%| F|  |TAMS 0x0000000624800000| PB 0x0000000624800000| Untracked |  0
|  57|0x0000000624c00000, 0x0000000624c00000, 0x0000000625000000|  0%| F|  |TAMS 0x0000000624c00000| PB 0x0000000624c00000| Untracked |  0
|  58|0x0000000625000000, 0x0000000625000000, 0x0000000625400000|  0%| F|  |TAMS 0x0000000625000000| PB 0x0000000625000000| Untracked |  0
|  59|0x0000000625400000, 0x0000000625400000, 0x0000000625800000|  0%| F|  |TAMS 0x0000000625400000| PB 0x0000000625400000| Untracked |  0
|  60|0x0000000625800000, 0x0000000625800000, 0x0000000625c00000|  0%| F|  |TAMS 0x0000000625800000| PB 0x0000000625800000| Untracked |  0
|  61|0x0000000625c00000, 0x0000000625c00000, 0x0000000626000000|  0%| F|  |TAMS 0x0000000625c00000| PB 0x0000000625c00000| Untracked |  0
|  62|0x0000000626000000, 0x0000000626000000, 0x0000000626400000|  0%| F|  |TAMS 0x0000000626000000| PB 0x0000000626000000| Untracked |  0
|  63|0x0000000626400000, 0x0000000626400000, 0x0000000626800000|  0%| F|  |TAMS 0x0000000626400000| PB 0x0000000626400000| Untracked |  0
|  64|0x0000000626800000, 0x0000000626800000, 0x0000000626c00000|  0%| F|  |TAMS 0x0000000626800000| PB 0x0000000626800000| Untracked |  0
|  65|0x0000000626c00000, 0x0000000626c00000, 0x0000000627000000|  0%| F|  |TAMS 0x0000000626c00000| PB 0x0000000626c00000| Untracked |  0
|  66|0x0000000627000000, 0x0000000627000000, 0x0000000627400000|  0%| F|  |TAMS 0x0000000627000000| PB 0x0000000627000000| Untracked |  0
|  67|0x0000000627400000, 0x0000000627400000, 0x0000000627800000|  0%| F|  |TAMS 0x0000000627400000| PB 0x0000000627400000| Untracked |  0
|  68|0x0000000627800000, 0x0000000627800000, 0x0000000627c00000|  0%| F|  |TAMS 0x0000000627800000| PB 0x0000000627800000| Untracked |  0
|  69|0x0000000627c00000, 0x0000000627c00000, 0x0000000628000000|  0%| F|  |TAMS 0x0000000627c00000| PB 0x0000000627c00000| Untracked |  0
|  70|0x0000000628000000, 0x0000000628000000, 0x0000000628400000|  0%| F|  |TAMS 0x0000000628000000| PB 0x0000000628000000| Untracked |  0
|  71|0x0000000628400000, 0x0000000628400000, 0x0000000628800000|  0%| F|  |TAMS 0x0000000628400000| PB 0x0000000628400000| Untracked |  0
|  72|0x0000000628800000, 0x0000000628800000, 0x0000000628c00000|  0%| F|  |TAMS 0x0000000628800000| PB 0x0000000628800000| Untracked |  0
|  73|0x0000000628c00000, 0x0000000628c00000, 0x0000000629000000|  0%| F|  |TAMS 0x0000000628c00000| PB 0x0000000628c00000| Untracked |  0
|  74|0x0000000629000000, 0x0000000629000000, 0x0000000629400000|  0%| F|  |TAMS 0x0000000629000000| PB 0x0000000629000000| Untracked |  0
|  75|0x0000000629400000, 0x0000000629400000, 0x0000000629800000|  0%| F|  |TAMS 0x0000000629400000| PB 0x0000000629400000| Untracked |  0
|  76|0x0000000629800000, 0x0000000629800000, 0x0000000629c00000|  0%| F|  |TAMS 0x0000000629800000| PB 0x0000000629800000| Untracked |  0
|  77|0x0000000629c00000, 0x0000000629c00000, 0x000000062a000000|  0%| F|  |TAMS 0x0000000629c00000| PB 0x0000000629c00000| Untracked |  0
|  78|0x000000062a000000, 0x000000062a000000, 0x000000062a400000|  0%| F|  |TAMS 0x000000062a000000| PB 0x000000062a000000| Untracked |  0
|  79|0x000000062a400000, 0x000000062a400000, 0x000000062a800000|  0%| F|  |TAMS 0x000000062a400000| PB 0x000000062a400000| Untracked |  0
|  80|0x000000062a800000, 0x000000062a800000, 0x000000062ac00000|  0%| F|  |TAMS 0x000000062a800000| PB 0x000000062a800000| Untracked |  0
|  81|0x000000062ac00000, 0x000000062ac00000, 0x000000062b000000|  0%| F|  |TAMS 0x000000062ac00000| PB 0x000000062ac00000| Untracked |  0
|  82|0x000000062b000000, 0x000000062b000000, 0x000000062b400000|  0%| F|  |TAMS 0x000000062b000000| PB 0x000000062b000000| Untracked |  0
|  83|0x000000062b400000, 0x000000062b400000, 0x000000062b800000|  0%| F|  |TAMS 0x000000062b400000| PB 0x000000062b400000| Untracked |  0
|  84|0x000000062b800000, 0x000000062b800000, 0x000000062bc00000|  0%| F|  |TAMS 0x000000062b800000| PB 0x000000062b800000| Untracked |  0
|  85|0x000000062bc00000, 0x000000062bc00000, 0x000000062c000000|  0%| F|  |TAMS 0x000000062bc00000| PB 0x000000062bc00000| Untracked |  0
|  86|0x000000062c000000, 0x000000062c000000, 0x000000062c400000|  0%| F|  |TAMS 0x000000062c000000| PB 0x000000062c000000| Untracked |  0
|  87|0x000000062c400000, 0x000000062c400000, 0x000000062c800000|  0%| F|  |TAMS 0x000000062c400000| PB 0x000000062c400000| Untracked |  0
|  88|0x000000062c800000, 0x000000062c800000, 0x000000062cc00000|  0%| F|  |TAMS 0x000000062c800000| PB 0x000000062c800000| Untracked |  0
|  89|0x000000062cc00000, 0x000000062cc00000, 0x000000062d000000|  0%| F|  |TAMS 0x000000062cc00000| PB 0x000000062cc00000| Untracked |  0
|  90|0x000000062d000000, 0x000000062d000000, 0x000000062d400000|  0%| F|  |TAMS 0x000000062d000000| PB 0x000000062d000000| Untracked |  0
|  91|0x000000062d400000, 0x000000062d400000, 0x000000062d800000|  0%| F|  |TAMS 0x000000062d400000| PB 0x000000062d400000| Untracked |  0
|  92|0x000000062d800000, 0x000000062d800000, 0x000000062dc00000|  0%| F|  |TAMS 0x000000062d800000| PB 0x000000062d800000| Untracked |  0
|  93|0x000000062dc00000, 0x000000062dc00000, 0x000000062e000000|  0%| F|  |TAMS 0x000000062dc00000| PB 0x000000062dc00000| Untracked |  0
|  94|0x000000062e000000, 0x000000062e000000, 0x000000062e400000|  0%| F|  |TAMS 0x000000062e000000| PB 0x000000062e000000| Untracked |  0
|  95|0x000000062e400000, 0x000000062e400000, 0x000000062e800000|  0%| F|  |TAMS 0x000000062e400000| PB 0x000000062e400000| Untracked |  0
|  96|0x000000062e800000, 0x000000062e800000, 0x000000062ec00000|  0%| F|  |TAMS 0x000000062e800000| PB 0x000000062e800000| Untracked |  0
|  97|0x000000062ec00000, 0x000000062ec00000, 0x000000062f000000|  0%| F|  |TAMS 0x000000062ec00000| PB 0x000000062ec00000| Untracked |  0
|  98|0x000000062f000000, 0x000000062f000000, 0x000000062f400000|  0%| F|  |TAMS 0x000000062f000000| PB 0x000000062f000000| Untracked |  0
|  99|0x000000062f400000, 0x000000062f400000, 0x000000062f800000|  0%| F|  |TAMS 0x000000062f400000| PB 0x000000062f400000| Untracked |  0
| 100|0x000000062f800000, 0x000000062f800000, 0x000000062fc00000|  0%| F|  |TAMS 0x000000062f800000| PB 0x000000062f800000| Untracked |  0
| 101|0x000000062fc00000, 0x000000062fc00000, 0x0000000630000000|  0%| F|  |TAMS 0x000000062fc00000| PB 0x000000062fc00000| Untracked |  0
| 102|0x0000000630000000, 0x0000000630000000, 0x0000000630400000|  0%| F|  |TAMS 0x0000000630000000| PB 0x0000000630000000| Untracked |  0
| 103|0x0000000630400000, 0x0000000630400000, 0x0000000630800000|  0%| F|  |TAMS 0x0000000630400000| PB 0x0000000630400000| Untracked |  0
| 104|0x0000000630800000, 0x0000000630800000, 0x0000000630c00000|  0%| F|  |TAMS 0x0000000630800000| PB 0x0000000630800000| Untracked |  0
| 105|0x0000000630c00000, 0x0000000630c00000, 0x0000000631000000|  0%| F|  |TAMS 0x0000000630c00000| PB 0x0000000630c00000| Untracked |  0
| 106|0x0000000631000000, 0x0000000631000000, 0x0000000631400000|  0%| F|  |TAMS 0x0000000631000000| PB 0x0000000631000000| Untracked |  0
| 107|0x0000000631400000, 0x0000000631400000, 0x0000000631800000|  0%| F|  |TAMS 0x0000000631400000| PB 0x0000000631400000| Untracked |  0
| 108|0x0000000631800000, 0x0000000631800000, 0x0000000631c00000|  0%| F|  |TAMS 0x0000000631800000| PB 0x0000000631800000| Untracked |  0
| 109|0x0000000631c00000, 0x0000000631c00000, 0x0000000632000000|  0%| F|  |TAMS 0x0000000631c00000| PB 0x0000000631c00000| Untracked |  0
| 110|0x0000000632000000, 0x0000000632000000, 0x0000000632400000|  0%| F|  |TAMS 0x0000000632000000| PB 0x0000000632000000| Untracked |  0
| 111|0x0000000632400000, 0x0000000632400000, 0x0000000632800000|  0%| F|  |TAMS 0x0000000632400000| PB 0x0000000632400000| Untracked |  0
| 112|0x0000000632800000, 0x0000000632800000, 0x0000000632c00000|  0%| F|  |TAMS 0x0000000632800000| PB 0x0000000632800000| Untracked |  0
| 113|0x0000000632c00000, 0x0000000632c00000, 0x0000000633000000|  0%| F|  |TAMS 0x0000000632c00000| PB 0x0000000632c00000| Untracked |  0
| 114|0x0000000633000000, 0x0000000633000000, 0x0000000633400000|  0%| F|  |TAMS 0x0000000633000000| PB 0x0000000633000000| Untracked |  0
| 115|0x0000000633400000, 0x0000000633400000, 0x0000000633800000|  0%| F|  |TAMS 0x0000000633400000| PB 0x0000000633400000| Untracked |  0
| 116|0x0000000633800000, 0x0000000633800000, 0x0000000633c00000|  0%| F|  |TAMS 0x0000000633800000| PB 0x0000000633800000| Untracked |  0
| 117|0x0000000633c00000, 0x0000000633c00000, 0x0000000634000000|  0%| F|  |TAMS 0x0000000633c00000| PB 0x0000000633c00000| Untracked |  0
| 118|0x0000000634000000, 0x0000000634000000, 0x0000000634400000|  0%| F|  |TAMS 0x0000000634000000| PB 0x0000000634000000| Untracked |  0
| 119|0x0000000634400000, 0x0000000634400000, 0x0000000634800000|  0%| F|  |TAMS 0x0000000634400000| PB 0x0000000634400000| Untracked |  0
| 120|0x0000000634800000, 0x0000000634800000, 0x0000000634c00000|  0%| F|  |TAMS 0x0000000634800000| PB 0x0000000634800000| Untracked |  0
| 121|0x0000000634c00000, 0x0000000634cf7c50, 0x0000000635000000| 24%| E|  |TAMS 0x0000000634c00000| PB 0x0000000634c00000| Complete |  0
| 122|0x0000000635000000, 0x0000000635400000, 0x0000000635400000|100%| E|CS|TAMS 0x0000000635000000| PB 0x0000000635000000| Complete |  0
|1957|0x00000007ffc00000, 0x00000007ffd08c80, 0x0000000800000000| 25%| O|  |TAMS 0x00000007ffc00000| PB 0x00000007ffc00000| Untracked |  0

Card table byte_map: [0x000070e3fca00000,0x000070e3fd94c000] _byte_map_base: 0x000070e3f994c000

Marking Bits: (CMBitMap*) 0x000070e3f80597c0
 Bits: [0x000070e3d9000000, 0x000070e3e0a60000)

Polling page: 0x000070e4013d6000

Metaspace:

Usage:
  Non-class:      1.10 MB used.
      Class:     93.09 KB used.
       Both:      1.19 MB used.

Virtual space:
  Non-class space:       64.00 MB reserved,       1.19 MB (  2%) committed,  1 nodes.
      Class space:        1.00 GB reserved,     128.00 KB ( <1%) committed,  1 nodes.
             Both:        1.06 GB reserved,       1.31 MB ( <1%) committed. 

Chunk freelists:
   Non-Class:  11.53 MB
       Class:  15.69 MB
        Both:  27.22 MB

MaxMetaspaceSize: unlimited
CompressedClassSpaceSize: 1.00 GB
Initial GC threshold: 21.00 MB
Current GC threshold: 21.00 MB
CDS: on
 - commit_granule_bytes: 65536.
 - commit_granule_words: 8192.
 - virtual_space_node_default_size: 8388608.
 - enlarge_chunks_in_place: 1.
 - use_allocation_guard: 0.


Internal statistics:

num_allocs_failed_limit: 0.
num_arena_births: 12.
num_arena_deaths: 0.
num_vsnodes_births: 2.
num_vsnodes_deaths: 0.
num_space_committed: 21.
num_space_uncommitted: 0.
num_chunks_returned_to_freelist: 0.
num_chunks_taken_from_freelist: 40.
num_chunk_merges: 0.
num_chunk_splits: 24.
num_chunks_enlarged: 20.
num_inconsistent_stats: 0.

CodeHeap 'non-profiled nmethods': size=119168Kb used=119Kb max_used=119Kb free=119048Kb
 bounds [0x000070e3e87a0000, 0x000070e3e8a10000, 0x000070e3efc00000]
CodeHeap 'profiled nmethods': size=119164Kb used=535Kb max_used=535Kb free=118628Kb
 bounds [0x000070e3e0c00000, 0x000070e3e0e70000, 0x000070e3e805f000]
CodeHeap 'non-nmethods': size=7428Kb used=1944Kb max_used=1957Kb free=5483Kb
 bounds [0x000070e3e805f000, 0x000070e3e82cf000, 0x000070e3e87a0000]
 total_blobs=921 nmethods=430 adapters=396
 compilation: enabled
              stopped_count=0, restarted_count=0
 full_count=0

Compilation events (20 events):
Event: 0.532 Thread 0x000070e3f8155520  418       3       jdk.internal.org.objectweb.asm.ByteVector::putShort (52 bytes)
Event: 0.532 Thread 0x000070e3f8155520 nmethod 418 0x000070e3e0c81490 code [0x000070e3e0c81640, 0x000070e3e0c81848]
Event: 0.532 Thread 0x000070e3f8155520  423       3       java.lang.invoke.LambdaForm$BasicType::basicType (187 bytes)
Event: 0.532 Thread 0x000070e34001e8d0 nmethod 417 0x000070e3e0c81990 code [0x000070e3e0c81b80, 0x000070e3e0c823d8]
Event: 0.532 Thread 0x000070e3f8153e10 nmethod 419 0x000070e3e87bd790 code [0x000070e3e87bd900, 0x000070e3e87bd978]
Event: 0.532 Thread 0x000070e34001e8d0  424       3       java.lang.String::replace (42 bytes)
Event: 0.532 Thread 0x000070e34001e8d0 nmethod 424 0x000070e3e0c82690 code [0x000070e3e0c82860, 0x000070e3e0c82b68]
Event: 0.532 Thread 0x000070e34001e8d0  425       1       java.lang.invoke.MethodTypeForm::basicType (5 bytes)
Event: 0.532 Thread 0x000070e3f8155520 nmethod 423 0x000070e3e0c82c90 code [0x000070e3e0c82f20, 0x000070e3e0c839c8]
Event: 0.532 Thread 0x000070e34001e8d0 nmethod 425 0x000070e3e87bda90 code [0x000070e3e87bdc20, 0x000070e3e87bdce8]
Event: 0.533 Thread 0x000070e3f8155520  426       3       jdk.internal.org.objectweb.asm.SymbolTable$Entry::<init> (17 bytes)
Event: 0.533 Thread 0x000070e34001e8d0  427       3       jdk.internal.org.objectweb.asm.SymbolTable::addConstantUtf8 (98 bytes)
Event: 0.533 Thread 0x000070e3f8155520 nmethod 426 0x000070e3e0c83c90 code [0x000070e3e0c83e20, 0x000070e3e0c83fa0]
Event: 0.533 Thread 0x000070e3f8155520  428       3       jdk.internal.org.objectweb.asm.ByteVector::putByte (39 bytes)
Event: 0.533 Thread 0x000070e3f8155520 nmethod 428 0x000070e3e0c84090 code [0x000070e3e0c84240, 0x000070e3e0c84420]
Event: 0.533 Thread 0x000070e3f8155520  429       3       java.lang.reflect.Modifier::isPublic (12 bytes)
Event: 0.533 Thread 0x000070e3f8155520 nmethod 429 0x000070e3e0c84590 code [0x000070e3e0c84720, 0x000070e3e0c84858]
Event: 0.533 Thread 0x000070e3f8155520  430       3       jdk.internal.util.StrongReferenceKey::equals (28 bytes)
Event: 0.533 Thread 0x000070e34001e8d0 nmethod 427 0x000070e3e0c84910 code [0x000070e3e0c84b40, 0x000070e3e0c85120]
Event: 0.533 Thread 0x000070e3f8155520 nmethod 430 0x000070e3e0c85490 code [0x000070e3e0c85660, 0x000070e3e0c85c30]

GC Heap History (0 events):
No events

Dll operation events (8 events):
Event: 0.002 Loaded shared library /usr/lib/jvm/jdk-22.0.2-oracle-x64/lib/libjava.so
Event: 0.023 Loaded shared library /usr/lib/jvm/jdk-22.0.2-oracle-x64/lib/libjsvml.so
Event: 0.024 Loaded shared library /usr/lib/jvm/jdk-22.0.2-oracle-x64/lib/libnio.so
Event: 0.062 Loaded shared library /usr/lib/jvm/jdk-22.0.2-oracle-x64/lib/libzip.so
Event: 0.092 Loaded shared library /usr/lib/jvm/jdk-22.0.2-oracle-x64/lib/libjimage.so
Event: 0.096 Loaded shared library /tmp/libJCudaRuntime-10.1.0-linux-x86_64.so
Event: 0.103 Loaded shared library /tmp/libJCublas2-10.1.0-linux-x86_64.so
Event: 0.525 Loaded shared library /usr/lib/jvm/jdk-22.0.2-oracle-x64/lib/libverify.so

Deoptimization events (2 events):
Event: 0.526 Thread 0x000070e3f802d4c0 DEOPT PACKING pc=0x000070e3e0c066d0 sp=0x000070e400ff8f30
Event: 0.526 Thread 0x000070e3f802d4c0 DEOPT UNPACKING pc=0x000070e3e80b372f sp=0x000070e400ff8370 mode 0

Classes loaded (20 events):
Event: 0.530 Loading class java/lang/ArrayIndexOutOfBoundsException
Event: 0.531 Loading class java/lang/IndexOutOfBoundsException
Event: 0.531 Loading class java/lang/IndexOutOfBoundsException done
Event: 0.531 Loading class java/lang/ArrayIndexOutOfBoundsException done
Event: 0.531 Loading class java/util/Spliterators$IntArraySpliterator
Event: 0.531 Loading class java/util/Spliterators$IntArraySpliterator done
Event: 0.532 Loading class java/util/stream/MatchOps$MatchKind
Event: 0.532 Loading class java/util/stream/MatchOps$MatchKind done
Event: 0.532 Loading class java/util/stream/MatchOps
Event: 0.532 Loading class java/util/stream/MatchOps done
Event: 0.532 Loading class java/util/stream/MatchOps$MatchOp
Event: 0.532 Loading class java/util/stream/MatchOps$MatchOp done
Event: 0.532 Loading class java/util/stream/MatchOps$BooleanTerminalSink
Event: 0.532 Loading class java/util/stream/MatchOps$BooleanTerminalSink done
Event: 0.532 Loading class java/util/stream/MatchOps$2MatchSink
Event: 0.532 Loading class java/util/stream/MatchOps$2MatchSink done
Event: 0.533 Loading class java/util/stream/MatchOps$1MatchSink
Event: 0.533 Loading class java/util/stream/MatchOps$1MatchSink done
Event: 0.533 Loading class java/nio/HeapDoubleBuffer
Event: 0.534 Loading class java/nio/HeapDoubleBuffer done

Classes unloaded (0 events):
No events

Classes redefined (0 events):
No events

Internal exceptions (9 events):
Event: 0.049 Thread 0x000070e3f802d4c0 Exception <a 'sun/nio/fs/UnixException'{0x0000000635077920}> (0x0000000635077920) 
thrown [open/src/hotspot/share/prims/jni.cpp, line 520]
Event: 0.050 Thread 0x000070e3f802d4c0 Exception <a 'sun/nio/fs/UnixException'{0x0000000635078080}> (0x0000000635078080) 
thrown [open/src/hotspot/share/prims/jni.cpp, line 520]
Event: 0.050 Thread 0x000070e3f802d4c0 Exception <a 'sun/nio/fs/UnixException'{0x0000000635078648}> (0x0000000635078648) 
thrown [open/src/hotspot/share/prims/jni.cpp, line 520]
Event: 0.050 Thread 0x000070e3f802d4c0 Exception <a 'sun/nio/fs/UnixException'{0x0000000635078e70}> (0x0000000635078e70) 
thrown [open/src/hotspot/share/prims/jni.cpp, line 520]
Event: 0.050 Thread 0x000070e3f802d4c0 Exception <a 'sun/nio/fs/UnixException'{0x0000000635079430}> (0x0000000635079430) 
thrown [open/src/hotspot/share/prims/jni.cpp, line 520]
Event: 0.050 Thread 0x000070e3f802d4c0 Exception <a 'sun/nio/fs/UnixException'{0x00000006350799f0}> (0x00000006350799f0) 
thrown [open/src/hotspot/share/prims/jni.cpp, line 520]
Event: 0.050 Thread 0x000070e3f802d4c0 Exception <a 'sun/nio/fs/UnixException'{0x0000000635079fb0}> (0x0000000635079fb0) 
thrown [open/src/hotspot/share/prims/jni.cpp, line 520]
Event: 0.050 Thread 0x000070e3f802d4c0 Exception <a 'sun/nio/fs/UnixException'{0x000000063507a588}> (0x000000063507a588) 
thrown [open/src/hotspot/share/prims/jni.cpp, line 520]
Event: 0.522 Thread 0x000070e3f802d4c0 Exception <a 'java/lang/NoSuchMethodError'{0x00000006353ec930}: 'void java.lang.invoke.DirectMethodHandle$Holder.invokeStatic(java.lang.Object, java.lang.Object)'> (0x00000006353ec930) 
thrown [open/src/hotspot/share/interpreter/linkResolver.cpp, line 773]

ZGC Phase Switch (0 events):
No events

VM Operations (2 events):
Event: 0.052 Executing VM operation: HandshakeAllThreads (Deoptimize)
Event: 0.052 Executing VM operation: HandshakeAllThreads (Deoptimize) done

Memory protections (13 events):
Event: 0.001 Protecting memory [0x000070e400f00000,0x000070e400f04000] with protection modes 0
Event: 0.021 Protecting memory [0x000070e3d85f7000,0x000070e3d85fb000] with protection modes 0
Event: 0.021 Protecting memory [0x000070e3d84f7000,0x000070e3d84fb000] with protection modes 0
Event: 0.022 Protecting memory [0x000070e3d83f7000,0x000070e3d83fb000] with protection modes 0
Event: 0.022 Protecting memory [0x000070e3d82f7000,0x000070e3d82fb000] with protection modes 0
Event: 0.022 Protecting memory [0x000070e3d81f7000,0x000070e3d81fb000] with protection modes 0
Event: 0.022 Protecting memory [0x000070e3d80f7000,0x000070e3d80fb000] with protection modes 0
Event: 0.022 Protecting memory [0x000070e3d1900000,0x000070e3d1904000] with protection modes 0
Event: 0.039 Protecting memory [0x000070e3d1800000,0x000070e3d1804000] with protection modes 0
Event: 0.046 Protecting memory [0x000070e3d1700000,0x000070e3d1704000] with protection modes 0
Event: 0.058 Protecting memory [0x000070e3d1600000,0x000070e3d1604000] with protection modes 0
Event: 0.060 Protecting memory [0x000070e3d1500000,0x000070e3d1504000] with protection modes 0
Event: 0.523 Protecting memory [0x000070e3d1600000,0x000070e3d1604000] with protection modes 0

Nmethod flushes (0 events):
No events

Events (14 events):
Event: 0.015 Thread 0x000070e3f802d4c0 Thread added: 0x000070e3f802d4c0
Event: 0.021 Thread 0x000070e3f802d4c0 Thread added: 0x000070e3f814c560
Event: 0.021 Thread 0x000070e3f802d4c0 Thread added: 0x000070e3f814dbb0
Event: 0.022 Thread 0x000070e3f802d4c0 Thread added: 0x000070e3f814f690
Event: 0.022 Thread 0x000070e3f802d4c0 Thread added: 0x000070e3f8150cd0
Event: 0.022 Thread 0x000070e3f802d4c0 Thread added: 0x000070e3f8152270
Event: 0.022 Thread 0x000070e3f802d4c0 Thread added: 0x000070e3f8153e10
Event: 0.022 Thread 0x000070e3f802d4c0 Thread added: 0x000070e3f8155520
Event: 0.039 Thread 0x000070e3f802d4c0 Thread added: 0x000070e3f8174a20
Event: 0.046 Thread 0x000070e3f8155520 Thread added: 0x000070e34001e8d0
Event: 0.058 Thread 0x000070e34001e8d0 Thread added: 0x000070e334022520
Event: 0.060 Thread 0x000070e3f802d4c0 Thread added: 0x000070e3f81af610
Event: 0.522 Thread 0x000070e334022520 Thread exited: 0x000070e334022520
Event: 0.523 Thread 0x000070e3f802d4c0 Thread added: 0x000070e2d5400940


Dynamic libraries:
200000000-200200000 ---p 00000000 00:00 0 
200200000-200400000 rw-s 00000000 00:05 1129                             /dev/nvidia0
200400000-203400000 rw-s 00000000 00:05 1128                             /dev/nvidiactl
203400000-204400000 ---p 00000000 00:00 0 
204400000-204600000 rw-s 00000000 00:05 1128                             /dev/nvidiactl
204600000-204800000 rw-s 00000000 00:05 1128                             /dev/nvidiactl
204800000-204a00000 rw-s 00000000 00:05 1128                             /dev/nvidiactl
204a00000-204c00000 rw-s 204a00000 00:05 1130                            /dev/nvidia-uvm
204c00000-204e00000 rw-s 00000000 00:05 1128                             /dev/nvidiactl
204e00000-205000000 ---p 00000000 00:00 0 
205000000-205200000 rw-s 00000000 00:05 1128                             /dev/nvidiactl
205200000-300200000 ---p 00000000 00:00 0 
616800000-635400000 rw-p 00000000 00:00 0 
635400000-7ffc00000 ---p 00000000 00:00 0 
7ffc00000-7ffd09000 rw-p 00cb9000 103:05 39860326                        /usr/lib/jvm/jdk-22.0.2-oracle-x64/lib/server/classes.jsa
7ffd09000-800000000 rw-p 00000000 00:00 0 
10000000000-10004000000 ---p 00000000 00:00 0 
59a8d238e000-59a8d238f000 r-xp 00000000 103:05 39860034                  /usr/lib/jvm/jdk-22.0.2-oracle-x64/bin/java
59a8d2390000-59a8d2391000 r--p 00001000 103:05 39860034                  /usr/lib/jvm/jdk-22.0.2-oracle-x64/bin/java
59a8d2391000-59a8d2392000 rw-p 00002000 103:05 39860034                  /usr/lib/jvm/jdk-22.0.2-oracle-x64/bin/java
59a8d4289000-59a8d42d2000 rw-p 00000000 00:00 0                          [heap]
70e2d4000000-70e2d5c78000 rw-p 00000000 00:00 0 
70e2d5c78000-70e2da000000 ---p 00000000 00:00 0 
70e2dc000000-70e2dfffd000 rw-p 00000000 00:00 0 
70e2dfffd000-70e2e0000000 ---p 00000000 00:00 0 
70e2e4000000-70e2e7fff000 rw-p 00000000 00:00 0 
70e2e7fff000-70e2e8000000 ---p 00000000 00:00 0 
70e2ea000000-70e2f2000000 ---p 00000000 00:00 0 
70e2f4000000-70e2f6000000 ---p 00000000 00:00 0 
70e2f8000000-70e2f8021000 rw-p 00000000 00:00 0 
70e2f8021000-70e2fc000000 ---p 00000000 00:00 0 
70e300000000-70e310000000 ---p 00000000 00:00 0 
70e312000000-70e312400000 ---p 00000000 00:00 0 
70e312400000-70e312600000 rw-s 00000000 00:05 1128                       /dev/nvidiactl
70e312600000-70e312800000 rw-s 00000000 00:01 5143                       /dev/zero (deleted)
70e312800000-70e312a00000 rw-s 00000000 00:01 5144                       /dev/zero (deleted)
70e312a00000-70e313000000 ---p 00000000 00:00 0 
70e313000000-70e313200000 rw-s 00000000 00:05 1128                       /dev/nvidiactl
70e313200000-70e313400000 ---p 00000000 00:00 0 
70e313400000-70e313600000 rw-s 00000000 00:01 5146                       /dev/zero (deleted)
70e313600000-70e313b33000 rw-s 00000000 00:05 1128                       /dev/nvidiactl
70e313b33000-70e314000000 ---p 00000000 00:00 0 
70e316000000-70e31c000000 ---p 00000000 00:00 0 
70e31c000000-70e31c021000 rw-p 00000000 00:00 0 
70e31c021000-70e320000000 ---p 00000000 00:00 0 
70e323000000-70e327aa3000 r-xp 00000000 103:05 39063741                  /usr/lib/x86_64-linux-gnu/libcublas.so.10.1.0.105
70e327aa3000-70e327ca2000 ---p 04aa3000 103:05 39063741                  /usr/lib/x86_64-linux-gnu/libcublas.so.10.1.0.105
70e327ca2000-70e327cb0000 rw-p 04aa2000 103:05 39063741                  /usr/lib/x86_64-linux-gnu/libcublas.so.10.1.0.105
70e327cb0000-70e327cba000 rw-p 00000000 00:00 0 
70e328000000-70e328021000 rw-p 00000000 00:00 0 
70e328021000-70e32c000000 ---p 00000000 00:00 0 
70e32c000000-70e32c10a000 rw-p 00000000 00:00 0 
70e32c10a000-70e330000000 ---p 00000000 00:00 0 
70e334000000-70e3340a0000 rw-p 00000000 00:00 0 
70e3340a0000-70e338000000 ---p 00000000 00:00 0 
70e338000000-70e338021000 rw-p 00000000 00:00 0 
70e338021000-70e33c000000 ---p 00000000 00:00 0 
70e340000000-70e3400d7000 rw-p 00000000 00:00 0 
70e3400d7000-70e344000000 ---p 00000000 00:00 0 
70e344000000-70e344121000 rw-p 00000000 00:00 0 
70e344121000-70e348000000 ---p 00000000 00:00 0 
70e34c000000-70e34c021000 rw-p 00000000 00:00 0 
70e34c021000-70e350000000 ---p 00000000 00:00 0 
70e350000000-70e350021000 rw-p 00000000 00:00 0 
70e350021000-70e354000000 ---p 00000000 00:00 0 
70e358000000-70e358021000 rw-p 00000000 00:00 0 
70e358021000-70e35c000000 ---p 00000000 00:00 0 
70e35c000000-70e35c021000 rw-p 00000000 00:00 0 
70e35c021000-70e360000000 ---p 00000000 00:00 0 
70e364000000-70e364021000 rw-p 00000000 00:00 0 
70e364021000-70e368000000 ---p 00000000 00:00 0 
70e368000000-70e368021000 rw-p 00000000 00:00 0 
70e368021000-70e36c000000 ---p 00000000 00:00 0 
70e36e400000-70e36e401000 ---p 00000000 00:00 0 
70e36e401000-70e36ec01000 rw-p 00000000 00:00 0 
70e36ee00000-70e36ee01000 rw-s 00000000 00:05 1128                       /dev/nvidiactl
70e36ee01000-70e36ee02000 rw-s 00000000 00:05 1128                       /dev/nvidiactl
70e36ee02000-70e36ee03000 rw-s 00000000 00:05 1128                       /dev/nvidiactl
70e36ee03000-70e36ee04000 rw-s 00000000 00:05 1128                       /dev/nvidiactl
70e36ee04000-70e36ee05000 rw-s 00000000 00:05 1128                       /dev/nvidiactl
70e36ee05000-70e36ee06000 rw-s 00000000 00:05 1128                       /dev/nvidiactl
70e36ee06000-70e36ee07000 rw-s 00000000 00:05 1128                       /dev/nvidiactl
70e36ee07000-70e36ee08000 rw-s 00000000 00:05 1128                       /dev/nvidiactl
70e36ee08000-70e36ee09000 rw-s 00000000 00:05 1128                       /dev/nvidiactl
70e36ee09000-70e36ee0a000 rw-s 00000000 00:05 1128                       /dev/nvidiactl
70e36ee0a000-70e36ee0b000 rw-s 00000000 00:05 1128                       /dev/nvidiactl
70e36ee0b000-70e36ee0c000 rw-s 00000000 00:05 1128                       /dev/nvidiactl
70e36ee0c000-70e36ee0d000 rw-s 00000000 00:05 1128                       /dev/nvidiactl
70e36ee0d000-70e36ee0e000 rw-s 00000000 00:05 1128                       /dev/nvidiactl
70e36ee0e000-70e36ee0f000 rw-s 00000000 00:05 1128                       /dev/nvidiactl
70e36ee0f000-70e36ee10000 rw-s 00000000 00:05 1128                       /dev/nvidiactl
70e36ee10000-70e36fe21000 ---p 00000000 00:00 0 
70e370000000-70e3700b0000 rw-p 00000000 00:00 0 
70e3700b0000-70e370400000 ---p 00000000 00:00 0 
70e370400000-70e370480000 rw-p 00000000 00:00 0 
70e370480000-70e374000000 ---p 00000000 00:00 0 
70e374000000-70e374021000 rw-p 00000000 00:00 0 
70e374021000-70e378000000 ---p 00000000 00:00 0 
70e378400000-70e3784db000 r--p 00000000 103:05 39066653                  /usr/lib/x86_64-linux-gnu/libcuda.so.550.54.15
70e3784db000-70e378973000 r-xp 000db000 103:05 39066653                  /usr/lib/x86_64-linux-gnu/libcuda.so.550.54.15
70e378973000-70e379e03000 r--p 00573000 103:05 39066653                  /usr/lib/x86_64-linux-gnu/libcuda.so.550.54.15
70e379e03000-70e379e1a000 r--p 01a02000 103:05 39066653                  /usr/lib/x86_64-linux-gnu/libcuda.so.550.54.15
70e379e1a000-70e379f15000 rw-p 01a19000 103:05 39066653                  /usr/lib/x86_64-linux-gnu/libcuda.so.550.54.15
70e379f15000-70e379f7b000 rw-p 00000000 00:00 0 
70e37a000000-70e37ac7a000 rw-p 00001000 103:05 39860326                  /usr/lib/jvm/jdk-22.0.2-oracle-x64/lib/server/classes.jsa
70e37ac7a000-70e37b000000 ---p 00000000 00:00 0 
70e37b000000-70e37b010000 rw-p 00000000 00:00 0 
70e37b010000-70e37b040000 ---p 00000000 00:00 0 
70e37b040000-70e37b050000 rw-p 00000000 00:00 0 
70e37b050000-70e3bb000000 ---p 00000000 00:00 0 
70e3bb600000-70e3bb601000 ---p 00000000 00:00 0 
70e3bb601000-70e3bbe01000 rw-p 00000000 00:00 0 
70e3bc000000-70e3bc021000 rw-p 00000000 00:00 0 
70e3bc021000-70e3c0000000 ---p 00000000 00:00 0 
70e3c0000000-70e3c0021000 rw-p 00000000 00:00 0 
70e3c0021000-70e3c4000000 ---p 00000000 00:00 0 
70e3c4600000-70e3c5621000 ---p 00000000 00:00 0 
70e3c5800000-70e3c7ae6000 r-xp 00000000 103:05 39063740                  /usr/lib/x86_64-linux-gnu/libcublasLt.so.10.1.0.105
70e3c7ae6000-70e3c7ce6000 ---p 022e6000 103:05 39063740                  /usr/lib/x86_64-linux-gnu/libcublasLt.so.10.1.0.105
70e3c7ce6000-70e3c7d58000 rw-p 022e6000 103:05 39063740                  /usr/lib/x86_64-linux-gnu/libcublasLt.so.10.1.0.105
70e3c7d58000-70e3c7d60000 rw-p 00000000 00:00 0 
70e3c8000000-70e3c8021000 rw-p 00000000 00:00 0 
70e3c8021000-70e3cc000000 ---p 00000000 00:00 0 
70e3cc000000-70e3cc021000 rw-p 00000000 00:00 0 
70e3cc021000-70e3d0000000 ---p 00000000 00:00 0 
70e3d00be000-70e3d0200000 rw-p 00000000 00:00 0 
70e3d0200000-70e3d0400000 rw-s 00000000 00:01 5145                       /dev/zero (deleted)
70e3d0400000-70e3d065a000 rw-p 00000000 00:00 0 
70e3d078a000-70e3d0800000 rw-p 00000000 00:00 0 
70e3d0800000-70e3d0801000 ---p 00000000 00:00 0 
70e3d0801000-70e3d1001000 rw-p 00000000 00:00 0 
70e3d100e000-70e3d1130000 rw-p 00000000 00:00 0 
70e3d1130000-70e3d1144000 r--p 00000000 103:05 26738754                  /tmp/libJCublas2-10.1.0-linux-x86_64.so
70e3d1144000-70e3d11cc000 r-xp 00014000 103:05 26738754                  /tmp/libJCublas2-10.1.0-linux-x86_64.so
70e3d11cc000-70e3d11f9000 r--p 0009c000 103:05 26738754                  /tmp/libJCublas2-10.1.0-linux-x86_64.so
70e3d11f9000-70e3d11fa000 ---p 000c9000 103:05 26738754                  /tmp/libJCublas2-10.1.0-linux-x86_64.so
70e3d11fa000-70e3d11fd000 r--p 000c9000 103:05 26738754                  /tmp/libJCublas2-10.1.0-linux-x86_64.so
70e3d11fd000-70e3d11fe000 rw-p 000cc000 103:05 26738754                  /tmp/libJCublas2-10.1.0-linux-x86_64.so
70e3d11fe000-70e3d1200000 rw-p 00000000 00:00 0 
70e3d1200000-70e3d129d000 r--p 00000000 103:05 39063721                  /usr/lib/x86_64-linux-gnu/libstdc++.so.6.0.33
70e3d129d000-70e3d13dd000 r-xp 0009d000 103:05 39063721                  /usr/lib/x86_64-linux-gnu/libstdc++.so.6.0.33
70e3d13dd000-70e3d146b000 r--p 001dd000 103:05 39063721                  /usr/lib/x86_64-linux-gnu/libstdc++.so.6.0.33
70e3d146b000-70e3d1476000 r--p 0026b000 103:05 39063721                  /usr/lib/x86_64-linux-gnu/libstdc++.so.6.0.33
70e3d1476000-70e3d1479000 rw-p 00276000 103:05 39063721                  /usr/lib/x86_64-linux-gnu/libstdc++.so.6.0.33
70e3d1479000-70e3d147d000 rw-p 00000000 00:00 0 
70e3d147f000-70e3d1500000 rw-p 00000000 00:00 0 
70e3d1500000-70e3d1504000 ---p 00000000 00:00 0 
70e3d1504000-70e3d1600000 rw-p 00000000 00:00 0 
70e3d1600000-70e3d1604000 ---p 00000000 00:00 0 
70e3d1604000-70e3d1700000 rw-p 00000000 00:00 0 
70e3d1700000-70e3d1704000 ---p 00000000 00:00 0 
70e3d1704000-70e3d1800000 rw-p 00000000 00:00 0 
70e3d1800000-70e3d1804000 ---p 00000000 00:00 0 
70e3d1804000-70e3d1900000 rw-p 00000000 00:00 0 
70e3d1900000-70e3d1904000 ---p 00000000 00:00 0 
70e3d1904000-70e3d1a00000 rw-p 00000000 00:00 0 
70e3d1a00000-70e3d1f75000 r--p 00000000 103:05 39061600                  /usr/lib/locale/locale-archive
70e3d1f7f000-70e3d4021000 rw-p 00000000 00:00 0 
70e3d4021000-70e3d8000000 ---p 00000000 00:00 0 
70e3d8027000-70e3d80f5000 r-xp 00000000 103:05 39860299                  /usr/lib/jvm/jdk-22.0.2-oracle-x64/lib/libjsvml.so
70e3d80f5000-70e3d80f6000 r--p 000cd000 103:05 39860299                  /usr/lib/jvm/jdk-22.0.2-oracle-x64/lib/libjsvml.so
70e3d80f6000-70e3d80f7000 rw-p 000ce000 103:05 39860299                  /usr/lib/jvm/jdk-22.0.2-oracle-x64/lib/libjsvml.so
70e3d80f7000-70e3d80fb000 ---p 00000000 00:00 0 
70e3d80fb000-70e3d81f7000 rw-p 00000000 00:00 0 
70e3d81f7000-70e3d81fb000 ---p 00000000 00:00 0 
70e3d81fb000-70e3d82f7000 rw-p 00000000 00:00 0 
70e3d82f7000-70e3d82fb000 ---p 00000000 00:00 0 
70e3d82fb000-70e3d83f7000 rw-p 00000000 00:00 0 
70e3d83f7000-70e3d83fb000 ---p 00000000 00:00 0 
70e3d83fb000-70e3d84f7000 rw-p 00000000 00:00 0 
70e3d84f7000-70e3d84fb000 ---p 00000000 00:00 0 
70e3d84fb000-70e3d85f7000 rw-p 00000000 00:00 0 
70e3d85f7000-70e3d85fb000 ---p 00000000 00:00 0 
70e3d85fb000-70e3d86f7000 rw-p 00000000 00:00 0 
70e3d86f7000-70e3d86f8000 ---p 00000000 00:00 0 
70e3d86f8000-70e3d87f8000 rw-p 00000000 00:00 0 
70e3d87f8000-70e3d87f9000 ---p 00000000 00:00 0 
70e3d87f9000-70e3d88f9000 rw-p 00000000 00:00 0 
70e3d88f9000-70e3d88fa000 ---p 00000000 00:00 0 
70e3d88fa000-70e3d89fa000 rw-p 00000000 00:00 0 
70e3d89fa000-70e3d89fb000 ---p 00000000 00:00 0 
70e3d89fb000-70e3d8afb000 rw-p 00000000 00:00 0 
70e3d8afb000-70e3d97b0000 rw-p 00000000 00:00 0 
70e3d97b0000-70e3e0a50000 ---p 00000000 00:00 0 
70e3e0a50000-70e3e0a60000 rw-p 00000000 00:00 0 
70e3e0a60000-70e3e0a72000 r--p 00000000 103:05 26738753                  /tmp/libJCudaRuntime-10.1.0-linux-x86_64.so
70e3e0a72000-70e3e0ada000 r-xp 00012000 103:05 26738753                  /tmp/libJCudaRuntime-10.1.0-linux-x86_64.so
70e3e0ada000-70e3e0af7000 r--p 0007a000 103:05 26738753                  /tmp/libJCudaRuntime-10.1.0-linux-x86_64.so
70e3e0af7000-70e3e0af8000 ---p 00097000 103:05 26738753                  /tmp/libJCudaRuntime-10.1.0-linux-x86_64.so
70e3e0af8000-70e3e0afc000 r--p 00097000 103:05 26738753                  /tmp/libJCudaRuntime-10.1.0-linux-x86_64.so
70e3e0afc000-70e3e0afd000 rw-p 0009b000 103:05 26738753                  /tmp/libJCudaRuntime-10.1.0-linux-x86_64.so
70e3e0afd000-70e3e0c00000 rw-p 00000000 00:00 0 
70e3e0c00000-70e3e0e70000 rwxp 00000000 00:00 0 
70e3e0e70000-70e3e805f000 ---p 00000000 00:00 0 
70e3e805f000-70e3e82cf000 rwxp 00000000 00:00 0 
70e3e82cf000-70e3e87a0000 ---p 00000000 00:00 0 
70e3e87a0000-70e3e8a10000 rwxp 00000000 00:00 0 
70e3e8a10000-70e3efc00000 ---p 00000000 00:00 0 
70e3efc00000-70e3f7fbb000 r--s 00000000 103:05 39860317                  /usr/lib/jvm/jdk-22.0.2-oracle-x64/lib/modules
70e3f7fbf000-70e3fbf7b000 rw-p 00000000 00:00 0 
70e3fbf7b000-70e3fc000000 ---p 00000000 00:00 0 
70e3fc01e000-70e3fc02b000 r-xp 00000000 103:05 39860315                  /usr/lib/jvm/jdk-22.0.2-oracle-x64/lib/libverify.so
70e3fc02b000-70e3fc02d000 r--p 0000c000 103:05 39860315                  /usr/lib/jvm/jdk-22.0.2-oracle-x64/lib/libverify.so
70e3fc02d000-70e3fc02e000 rw-p 0000e000 103:05 39860315                  /usr/lib/jvm/jdk-22.0.2-oracle-x64/lib/libverify.so
70e3fc02e000-70e3fc032000 r--p 00000000 103:05 39063720                  /usr/lib/x86_64-linux-gnu/libgcc_s.so.1
70e3fc032000-70e3fc055000 r-xp 00004000 103:05 39063720                  /usr/lib/x86_64-linux-gnu/libgcc_s.so.1
70e3fc055000-70e3fc059000 r--p 00027000 103:05 39063720                  /usr/lib/x86_64-linux-gnu/libgcc_s.so.1
70e3fc059000-70e3fc05a000 r--p 0002b000 103:05 39063720                  /usr/lib/x86_64-linux-gnu/libgcc_s.so.1
70e3fc05a000-70e3fc05b000 rw-p 0002c000 103:05 39063720                  /usr/lib/x86_64-linux-gnu/libgcc_s.so.1
70e3fc066000-70e3fc076000 -w-s 00000000 00:05 1129                       /dev/nvidia0
70e3fc076000-70e3fc7fe000 rw-p 00000000 00:00 0 
70e3fc7fe000-70e3fc7ff000 ---p 00000000 00:00 0 
70e3fc7ff000-70e3fc8ff000 rw-p 00000000 00:00 0 
70e3fc8ff000-70e3fc900000 ---p 00000000 00:00 0 
70e3fc900000-70e3fca00000 rw-p 00000000 00:00 0 
70e3fca00000-70e3fcaf6000 rw-p 00000000 00:00 0 
70e3fcaf6000-70e3fd94a000 ---p 00000000 00:00 0 
70e3fd94a000-70e3fd94c000 rw-p 00000000 00:00 0 
70e3fd953000-70e3fd95a000 r--s 00000000 103:05 39070655                  /usr/lib/x86_64-linux-gnu/gconv/gconv-modules.cache
70e3fd95a000-70e3fd961000 r-xp 00000000 103:05 39860316                  /usr/lib/jvm/jdk-22.0.2-oracle-x64/lib/libzip.so
70e3fd961000-70e3fd962000 ---p 00007000 103:05 39860316                  /usr/lib/jvm/jdk-22.0.2-oracle-x64/lib/libzip.so
70e3fd962000-70e3fd963000 r--p 00007000 103:05 39860316                  /usr/lib/jvm/jdk-22.0.2-oracle-x64/lib/libzip.so
70e3fd963000-70e3fd964000 rw-p 00008000 103:05 39860316                  /usr/lib/jvm/jdk-22.0.2-oracle-x64/lib/libzip.so
70e3fd964000-70e3fdaf6000 rw-p 00000000 00:00 0 
70e3fdaf6000-70e3fe94a000 ---p 00000000 00:00 0 
70e3fe94a000-70e3fe94c000 rw-p 00000000 00:00 0 
70e3fe94e000-70e3fe961000 r-xp 00000000 103:05 39860307                  /usr/lib/jvm/jdk-22.0.2-oracle-x64/lib/libnio.so
70e3fe961000-70e3fe962000 ---p 00013000 103:05 39860307                  /usr/lib/jvm/jdk-22.0.2-oracle-x64/lib/libnio.so
70e3fe962000-70e3fe963000 r--p 00013000 103:05 39860307                  /usr/lib/jvm/jdk-22.0.2-oracle-x64/lib/libnio.so
70e3fe963000-70e3fe964000 rw-p 00014000 103:05 39860307                  /usr/lib/jvm/jdk-22.0.2-oracle-x64/lib/libnio.so
70e3fe964000-70e3fe965000 ---p 00000000 00:00 0 
70e3fe965000-70e3fea65000 rw-p 00000000 00:00 0 
70e3fea65000-70e3ff833000 rw-p 00000000 00:00 0 
70e3ff833000-70e3ff917000 ---p 00000000 00:00 0 
70e3ff917000-70e3ff91c000 rw-p 00000000 00:00 0 
70e3ff91c000-70e3ffa00000 ---p 00000000 00:00 0 
70e3ffa00000-70e400d40000 r-xp 00000000 103:05 39860329                  /usr/lib/jvm/jdk-22.0.2-oracle-x64/lib/server/libjvm.so
70e400d40000-70e400d41000 ---p 01340000 103:05 39860329                  /usr/lib/jvm/jdk-22.0.2-oracle-x64/lib/server/libjvm.so
70e400d41000-70e400e0e000 r--p 01340000 103:05 39860329                  /usr/lib/jvm/jdk-22.0.2-oracle-x64/lib/server/libjvm.so
70e400e0e000-70e400e3c000 rw-p 0140d000 103:05 39860329                  /usr/lib/jvm/jdk-22.0.2-oracle-x64/lib/server/libjvm.so
70e400e3c000-70e400eb2000 rw-p 00000000 00:00 0 
70e400eb4000-70e400ebf000 r-xp 00000000 103:05 39860306                  /usr/lib/jvm/jdk-22.0.2-oracle-x64/lib/libnet.so
70e400ebf000-70e400ec0000 ---p 0000b000 103:05 39860306                  /usr/lib/jvm/jdk-22.0.2-oracle-x64/lib/libnet.so
70e400ec0000-70e400ec1000 r--p 0000b000 103:05 39860306                  /usr/lib/jvm/jdk-22.0.2-oracle-x64/lib/libnet.so
70e400ec1000-70e400ec2000 rw-p 0000c000 103:05 39860306                  /usr/lib/jvm/jdk-22.0.2-oracle-x64/lib/libnet.so
70e400ec2000-70e400f00000 rw-p 00000000 00:00 0 
70e400f00000-70e400f04000 ---p 00000000 00:00 0 
70e400f04000-70e401000000 rw-p 00000000 00:00 0 
70e401000000-70e401028000 r--p 00000000 103:05 39070666                  /usr/lib/x86_64-linux-gnu/libc.so.6
70e401028000-70e4011b0000 r-xp 00028000 103:05 39070666                  /usr/lib/x86_64-linux-gnu/libc.so.6
70e4011b0000-70e4011ff000 r--p 001b0000 103:05 39070666                  /usr/lib/x86_64-linux-gnu/libc.so.6
70e4011ff000-70e401203000 r--p 001fe000 103:05 39070666                  /usr/lib/x86_64-linux-gnu/libc.so.6
70e401203000-70e401205000 rw-p 00202000 103:05 39070666                  /usr/lib/x86_64-linux-gnu/libc.so.6
70e401205000-70e401212000 rw-p 00000000 00:00 0 
70e401213000-70e401251000 rw-p 00000000 00:00 0 
70e401251000-70e401271000 r-xp 00000000 103:05 39860291                  /usr/lib/jvm/jdk-22.0.2-oracle-x64/lib/libjava.so
70e401271000-70e401272000 ---p 00020000 103:05 39860291                  /usr/lib/jvm/jdk-22.0.2-oracle-x64/lib/libjava.so
70e401272000-70e401273000 r--p 00020000 103:05 39860291                  /usr/lib/jvm/jdk-22.0.2-oracle-x64/lib/libjava.so
70e401273000-70e401274000 rw-p 00021000 103:05 39860291                  /usr/lib/jvm/jdk-22.0.2-oracle-x64/lib/libjava.so
70e401274000-70e401275000 rw-p 00000000 00:00 0 
70e401275000-70e401293000 r-xp 00000000 103:05 39860295                  /usr/lib/jvm/jdk-22.0.2-oracle-x64/lib/libjimage.so
70e401293000-70e401295000 r--p 0001d000 103:05 39860295                  /usr/lib/jvm/jdk-22.0.2-oracle-x64/lib/libjimage.so
70e401295000-70e401296000 rw-p 0001f000 103:05 39860295                  /usr/lib/jvm/jdk-22.0.2-oracle-x64/lib/libjimage.so
70e401296000-70e4012a6000 r--p 00000000 103:05 39070669                  /usr/lib/x86_64-linux-gnu/libm.so.6
70e4012a6000-70e401325000 r-xp 00010000 103:05 39070669                  /usr/lib/x86_64-linux-gnu/libm.so.6
70e401325000-70e40137d000 r--p 0008f000 103:05 39070669                  /usr/lib/x86_64-linux-gnu/libm.so.6
70e40137d000-70e40137e000 r--p 000e7000 103:05 39070669                  /usr/lib/x86_64-linux-gnu/libm.so.6
70e40137e000-70e40137f000 rw-p 000e8000 103:05 39070669                  /usr/lib/x86_64-linux-gnu/libm.so.6
70e40137f000-70e401380000 r--p 00000000 103:05 39070680                  /usr/lib/x86_64-linux-gnu/librt.so.1
70e401380000-70e401381000 r-xp 00001000 103:05 39070680                  /usr/lib/x86_64-linux-gnu/librt.so.1
70e401381000-70e401382000 r--p 00002000 103:05 39070680                  /usr/lib/x86_64-linux-gnu/librt.so.1
70e401382000-70e401383000 r--p 00002000 103:05 39070680                  /usr/lib/x86_64-linux-gnu/librt.so.1
70e401383000-70e401384000 rw-p 00003000 103:05 39070680                  /usr/lib/x86_64-linux-gnu/librt.so.1
70e401384000-70e401388000 rw-p 00000000 00:00 0 
70e401388000-70e401389000 r--p 00000000 103:05 39070668                  /usr/lib/x86_64-linux-gnu/libdl.so.2
70e401389000-70e40138a000 r-xp 00001000 103:05 39070668                  /usr/lib/x86_64-linux-gnu/libdl.so.2
70e40138a000-70e40138b000 r--p 00002000 103:05 39070668                  /usr/lib/x86_64-linux-gnu/libdl.so.2
70e40138b000-70e40138c000 r--p 00002000 103:05 39070668                  /usr/lib/x86_64-linux-gnu/libdl.so.2
70e40138c000-70e40138d000 rw-p 00003000 103:05 39070668                  /usr/lib/x86_64-linux-gnu/libdl.so.2
70e40138d000-70e40138e000 r--p 00000000 103:05 39070678                  /usr/lib/x86_64-linux-gnu/libpthread.so.0
70e40138e000-70e40138f000 r-xp 00001000 103:05 39070678                  /usr/lib/x86_64-linux-gnu/libpthread.so.0
70e40138f000-70e401390000 r--p 00002000 103:05 39070678                  /usr/lib/x86_64-linux-gnu/libpthread.so.0
70e401390000-70e401391000 r--p 00002000 103:05 39070678                  /usr/lib/x86_64-linux-gnu/libpthread.so.0
70e401391000-70e401392000 rw-p 00003000 103:05 39070678                  /usr/lib/x86_64-linux-gnu/libpthread.so.0
70e401392000-70e4013a0000 r-xp 00000000 103:05 39860296                  /usr/lib/jvm/jdk-22.0.2-oracle-x64/lib/libjli.so
70e4013a0000-70e4013a1000 r--p 0000e000 103:05 39860296                  /usr/lib/jvm/jdk-22.0.2-oracle-x64/lib/libjli.so
70e4013a1000-70e4013a2000 rw-p 0000f000 103:05 39860296                  /usr/lib/jvm/jdk-22.0.2-oracle-x64/lib/libjli.so
70e4013a2000-70e4013a4000 r--p 00000000 103:05 39063281                  /usr/lib/x86_64-linux-gnu/libz.so.1.3
70e4013a4000-70e4013b6000 r-xp 00002000 103:05 39063281                  /usr/lib/x86_64-linux-gnu/libz.so.1.3
70e4013b6000-70e4013bc000 r--p 00014000 103:05 39063281                  /usr/lib/x86_64-linux-gnu/libz.so.1.3
70e4013bc000-70e4013bd000 r--p 0001a000 103:05 39063281                  /usr/lib/x86_64-linux-gnu/libz.so.1.3
70e4013bd000-70e4013be000 rw-p 0001b000 103:05 39063281                  /usr/lib/x86_64-linux-gnu/libz.so.1.3
70e4013bf000-70e4013c4000 rw-p 00000000 00:00 0 
70e4013c4000-70e4013ce000 ---p 00000000 00:00 0 
70e4013ce000-70e4013d6000 rw-s 00000000 103:05 26739235                  /tmp/hsperfdata_edov/7142
70e4013d6000-70e4013d7000 ---p 00000000 00:00 0 
70e4013d7000-70e4013d8000 r--p 00000000 00:00 0 
70e4013d8000-70e4013d9000 ---p 00000000 00:00 0 
70e4013d9000-70e4013db000 rw-p 00000000 00:00 0 
70e4013db000-70e4013dc000 r--p 00000000 103:05 39070663                  /usr/lib/x86_64-linux-gnu/ld-linux-x86-64.so.2
70e4013dc000-70e401407000 r-xp 00001000 103:05 39070663                  /usr/lib/x86_64-linux-gnu/ld-linux-x86-64.so.2
70e401407000-70e401411000 r--p 0002c000 103:05 39070663                  /usr/lib/x86_64-linux-gnu/ld-linux-x86-64.so.2
70e401411000-70e401413000 r--p 00036000 103:05 39070663                  /usr/lib/x86_64-linux-gnu/ld-linux-x86-64.so.2
70e401413000-70e401415000 rw-p 00038000 103:05 39070663                  /usr/lib/x86_64-linux-gnu/ld-linux-x86-64.so.2
7ffe1172f000-7ffe11751000 rw-p 00000000 00:00 0                          [stack]
7ffe1176e000-7ffe11772000 r--p 00000000 00:00 0                          [vvar]
7ffe11772000-7ffe11774000 r-xp 00000000 00:00 0                          [vdso]
ffffffffff600000-ffffffffff601000 --xp 00000000 00:00 0                  [vsyscall]
Total number of mappings: 308


VM Arguments:
jvm_args: -Dfile.encoding=UTF-8 --module-path=/home/edov/projects/JCudaWrapper/build/classes 
java_command: main.VectorTest
java_class_path (initial): /home/edov/projects/JCudaWrapper/JCuda-All-10.1.0/jcublas-10.1.0-javadoc.jar:/home/edov/projects/JCudaWrapper/JCuda-All-10.1.0/jcublas-10.1.0-sources.jar:/home/edov/projects/JCudaWrapper/JCuda-All-10.1.0/jcublas-10.1.0.jar:/home/edov/projects/JCudaWrapper/JCuda-All-10.1.0/jcublas-natives-10.1.0-apple-x86_64.jar:/home/edov/projects/JCudaWrapper/JCuda-All-10.1.0/jcublas-natives-10.1.0-javadoc.jar:/home/edov/projects/JCudaWrapper/JCuda-All-10.1.0/jcublas-natives-10.1.0-linux-x86_64.jar:/home/edov/projects/JCudaWrapper/JCuda-All-10.1.0/jcublas-natives-10.1.0-sources.jar:/home/edov/projects/JCudaWrapper/JCuda-All-10.1.0/jcublas-natives-10.1.0-windows-x86_64.jar:/home/edov/projects/JCudaWrapper/JCuda-All-10.1.0/jcublas-natives-10.1.0.jar:/home/edov/projects/JCudaWrapper/JCuda-All-10.1.0/jcuda-10.1.0-javadoc.jar:/home/edov/projects/JCudaWrapper/JCuda-All-10.1.0/jcuda-10.1.0-sources.jar:/home/edov/projects/JCudaWrapper/JCuda-All-10.1.0/jcuda-10.1.0.jar:/home/edov/projects/JCudaWrapper/JCuda-All-10.1.0/jcuda-common-10.1.0-javadoc.jar:/home/edov/projects/JCudaWrapper/JCuda-All-10.1.0/jcuda-common-10.1.0-sources.jar:/home/edov/projects/JCudaWrapper/JCuda-All-10.1.0/jcuda-common-10.1.0.jar:/home/edov/projects/JCudaWrapper/JCuda-All-10.1.0/jcuda-natives-10.1.0-apple-x86_64.jar:/home/edov/projects/JCudaWrapper/JCuda-All-10.1.0/jcuda-natives-10.1.0-javadoc.jar:/home/edov/projects/JCudaWrapper/JCuda-All-10.1.0/jcuda-natives-10.1.0-linux-x86_64.jar:/home/edov/projects/JCudaWrapper/JCuda-All-10.1.0/jcuda-natives-10.1.0-sources.jar:/home/edov/projects/JCudaWrapper/JCuda-All-10.1.0/jcuda-natives-10.1.0-windows-x86_64.jar:/home/edov/projects/JCudaWrapper/JCuda-All-10.1.0/jcuda-natives-10.1.0.jar:/home/edov/projects/JCudaWrapper/JCuda-All-10.1.0/jcudnn-10.1.0-javadoc.jar:/home/edov/projects/JCudaWrapper/JCuda-All-10.1.0/jcudnn-10.1.0-sources.jar:/home/edov/projects/JCudaWrapper/JCuda-All-10.1.0/jcudnn-10.1.0.jar:/home/edov/projects/JCudaWrapper/JCuda-All-10.1.0/jcudnn-natives-10.1.0-apple-x86_64.jar:/home/edov/projects/JCudaWrapper/JCuda-All-10.1.0/jcudnn-natives-10.1.0-javadoc.jar:/home/edov/projects/JCudaWrapper/JCuda-All-10.1.0/jcudnn-natives-10.1.0-linux-x86_64.jar:/home/edov/projects/JCudaWrapper/JCuda-All-10.1.0/jcudnn-natives-10.1.0-sources.jar:/home/edov/projects/JCudaWrapper/JCuda-All-10.1.0/jcudnn-natives-10.1.0-windows-x86_64.jar:/home/edov/projects/JCudaWrapper/JCuda-All-10.1.0/jcudnn-natives-10.1.0.jar:/home/edov/projects/JCudaWrapper/JCuda-All-10.1.0/jcufft-10.1.0-javadoc.jar:/home/edov/projects/JCudaWrapper/JCuda-All-10.1.0/jcufft-10.1.0-sources.jar:/home/edov/projects/JCudaWrapper/JCuda-All-10.1.0/jcufft-10.1.0.jar:/home/edov/projects/JCudaWrapper/JCuda-All-10.1.0/jcufft-natives-10.1.0-apple-x86_64.jar:/home/edov/projects/JCudaWrapper/JCuda-All-10.1.0/jcufft-natives-10.1.0-javadoc.jar:/home/edov/projects/JCudaWrapper/JCuda-All-10.1.0/jcufft-natives-10.1.0-linux-x86_64.jar:/home/edov/projects/JCudaWrapper/JCuda-All-10.1.0/jcufft-natives-10.1.0-sources.jar:/home/edov/projects/JCudaWrapper/JCuda-All-10.1.0/jcufft-natives-10.1.0-windows-x86_64.jar:/home/edov/projects/JCudaWrapper/JCuda-All-10.1.0/jcufft-natives-10.1.0.jar:/home/edov/projects/JCudaWrapper/JCuda-All-10.1.0/jcurand-10.1.0-javadoc.jar:/home/edov/projects/JCudaWrapper/JCuda-All-10.1.0/jcurand-10.1.0-sources.jar:/home/edov/projects/JCudaWrapper/JCuda-All-10.1.0/jcurand-10.1.0.jar:/home/edov/projects/JCudaWrapper/JCuda-All-10.1.0/jcurand-natives-10.1.0-apple-x86_64.jar:/home/edov/projects/JCudaWrapper/JCuda-All-10.1.0/jcurand-natives-10.1.0-javadoc.jar:/home/edov/projects/JCudaWrapper/JCuda-All-10.1.0/jcurand-natives-10.1.0-linux-x86_64.jar:/home/edov/projects/JCudaWrapper/JCuda-All-10.1.0/jcurand-natives-10.1.0-sources.jar:/home/edov/projects/JCudaWrapper/JCuda-All-10.1.0/jcurand-natives-10.1.0-windows-x86_64.jar:/home/edov/projects/JCudaWrapper/JCuda-All-10.1.0/jcurand-natives-10.1.0.jar:/home/edov/projects/JCudaWrapper/JCuda-All-10.1.0/jcusolver-10.1.0-javadoc.jar:/home/edov/projects/JCudaWrapper/JCuda-All-10.1.0/jcusolver-10.1.0-sources.jar:/home/edov/projects/JCudaWrapper/JCuda-All-10.1.0/jcusolver-10.1.0.jar:/home/edov/projects/JCudaWrapper/JCuda-All-10.1.0/jcusolver-natives-10.1.0-apple-x86_64.jar:/home/edov/projects/JCudaWrapper/JCuda-All-10.1.0/jcusolver-natives-10.1.0-javadoc.jar:/home/edov/projects/JCudaWrapper/JCuda-All-10.1.0/jcusolver-natives-10.1.0-linux-x86_64.jar:/home/edov/projects/JCudaWrapper/JCuda-All-10.1.0/jcusolver-natives-10.1.0-sources.jar:/home/edov/projects/JCudaWrapper/JCuda-All-10.1.0/jcusolver-natives-10.1.0-windows-x86_64.jar:/home/edov/projects/JCudaWrapper/JCuda-All-10.1.0/jcusolver-natives-10.1.0.jar:/home/edov/projects/JCudaWrapper/JCuda-All-10.1.0/jcusparse-10.1.0-javadoc.jar:/home/edov/projects/JCudaWrapper/JCuda-All-10.1.0/jcusparse-10.1.0-sources.jar:/home/edov/projects/JCudaWrapper/JCuda-All-10.1.0/jcusparse-10.1.0.jar:/home/edov/projects/JCudaWrapper/JCuda-All-10.1.0/jcusparse-natives-10.1.0-apple-x86_64.jar:/home/edov/projects/JCudaWrapper/JCuda-All-10.1.0/jcusparse-natives-10.1.0-javadoc.jar:/home/edov/projects/JCudaWrapper/JCuda-All-10.1.0/jcusparse-natives-10.1.0-linux-x86_64.jar:/home/edov/projects/JCudaWrapper/JCuda-All-10.1.0/jcusparse-natives-10.1.0-sources.jar:/home/edov/projects/JCudaWrapper/JCuda-All-10.1.0/jcusparse-natives-10.1.0-windows-x86_64.jar:/home/edov/projects/JCudaWrapper/JCuda-All-10.1.0/jcusparse-natives-10.1.0.jar:/home/edov/projects/JCudaWrapper/JCuda-All-10.1.0/jnvgraph-10.1.0-javadoc.jar:/home/edov/projects/JCudaWrapper/JCuda-All-10.1.0/jnvgraph-10.1.0-sources.jar:/home/edov/projects/JCudaWrapper/JCuda-All-10.1.0/jnvgraph-10.1.0.jar:/home/edov/projects/JCudaWrapper/JCuda-All-10.1.0/jnvgraph-natives-10.1.0-apple-x86_64.jar:/home/edov/projects/JCudaWrapper/JCuda-All-10.1.0/jnvgraph-natives-10.1.0-javadoc.jar:/home/edov/projects/JCudaWrapper/JCuda-All-10.1.0/jnvgraph-natives-10.1.0-linux-x86_64.jar:/home/edov/projects/JCudaWrapper/JCuda-All-10.1.0/jnvgraph-natives-10.1.0-sources.jar:/home/edov/projects/JCudaWrapper/JCuda-All-10.1.0/jnvgraph-natives-10.1.0-windows-x86_64.jar:/home/edov/projects/JCudaWrapper/JCuda-All-10.1.0/jnvgraph-natives-10.1.0.jar:/home/edov/projects/JCudaWrapper/commons-math3-3.6.1.jar:/home/edov/projects/JCudaWrapper/build/classes
Launcher Type: SUN_STANDARD

[Global flags]
     intx CICompilerCount                          = 12                                        {product} {ergonomic}
     uint ConcGCThreads                            = 3                                         {product} {ergonomic}
     uint G1ConcRefinementThreads                  = 13                                        {product} {ergonomic}
   size_t G1HeapRegionSize                         = 4194304                                   {product} {ergonomic}
   size_t InitialHeapSize                          = 515899392                                 {product} {ergonomic}
   size_t MarkStackSize                            = 4194304                                   {product} {ergonomic}
   size_t MaxHeapSize                              = 8212447232                                {product} {ergonomic}
   size_t MaxNewSize                               = 4924112896                                {product} {ergonomic}
   size_t MinHeapDeltaBytes                        = 4194304                                   {product} {ergonomic}
   size_t MinHeapSize                              = 8388608                                   {product} {ergonomic}
    uintx NonNMethodCodeHeapSize                   = 7602480                                {pd product} {ergonomic}
    uintx NonProfiledCodeHeapSize                  = 122027880                              {pd product} {ergonomic}
    uintx ProfiledCodeHeapSize                     = 122027880                              {pd product} {ergonomic}
    uintx ReservedCodeCacheSize                    = 251658240                              {pd product} {ergonomic}
     bool SegmentedCodeCache                       = true                                      {product} {ergonomic}
   size_t SoftMaxHeapSize                          = 8212447232                             {manageable} {ergonomic}
     bool UseCompressedOops                        = true                           {product lp64_product} {ergonomic}
     bool UseG1GC                                  = true                                      {product} {ergonomic}

Logging:
Log output configuration:
 #0: stdout all=warning uptime,level,tags foldmultilines=false
 #1: stderr all=off uptime,level,tags foldmultilines=false

Environment Variables:
PATH=/usr/local/sbin:/usr/local/bin:/usr/sbin:/usr/bin:/sbin:/bin:/usr/games:/usr/local/games:/snap/bin:/snap/bin
USERNAME=edov
SHELL=/bin/bash
DISPLAY=:1
LANG=en_IL

Active Locale:
LC_ALL=en_IL
LC_COLLATE=en_IL
LC_CTYPE=en_IL
LC_MESSAGES=en_IL
LC_MONETARY=en_IL
LC_NUMERIC=en_IL
LC_TIME=en_IL

Signal Handlers:
   SIGSEGV: crash_handler in libjvm.so, mask=11100100010111111101111111111110, flags=SA_RESTART|SA_SIGINFO, unblocked
    SIGBUS: crash_handler in libjvm.so, mask=11100100010111111101111111111110, flags=SA_RESTART|SA_SIGINFO, unblocked
    SIGFPE: crash_handler in libjvm.so, mask=11100100010111111101111111111110, flags=SA_RESTART|SA_SIGINFO, unblocked
   SIGPIPE: javaSignalHandler in libjvm.so, mask=11100100010111111101111111111110, flags=SA_RESTART|SA_SIGINFO, blocked
   SIGXFSZ: javaSignalHandler in libjvm.so, mask=11100100010111111101111111111110, flags=SA_RESTART|SA_SIGINFO, blocked
    SIGILL: crash_handler in libjvm.so, mask=11100100010111111101111111111110, flags=SA_RESTART|SA_SIGINFO, unblocked
   SIGUSR2: SR_handler in libjvm.so, mask=00000000000000000000000000000000, flags=SA_RESTART|SA_SIGINFO, blocked
    SIGHUP: UserHandler in libjvm.so, mask=11100100010111111101111111111110, flags=SA_RESTART|SA_SIGINFO, blocked
    SIGINT: SIG_IGN, mask=00000000000000000000000000000000, flags=none, blocked
   SIGTERM: UserHandler in libjvm.so, mask=11100100010111111101111111111110, flags=SA_RESTART|SA_SIGINFO, blocked
   SIGQUIT: UserHandler in libjvm.so, mask=11100100010111111101111111111110, flags=SA_RESTART|SA_SIGINFO, blocked
   SIGTRAP: crash_handler in libjvm.so, mask=11100100010111111101111111111110, flags=SA_RESTART|SA_SIGINFO, unblocked


Periodic native trim disabled

---------------  S Y S T E M  ---------------

OS:
DISTRIB_ID=Ubuntu
DISTRIB_RELEASE=24.04
DISTRIB_CODENAME=noble
DISTRIB_DESCRIPTION="Ubuntu 24.04.1 LTS"
uname: Linux 6.8.0-44-generic #44-Ubuntu SMP PREEMPT_DYNAMIC Tue Aug 13 13:35:26 UTC 2024 x86_64
OS uptime: 0 days 0:16 hours
libc: glibc 2.39 NPTL 2.39 
rlimit (soft/hard): STACK 8192k/infinity , CORE 0k/infinity , NPROC 125013/125013 , NOFILE 1048576/1048576 , AS infinity/infinity , CPU infinity/infinity , DATA infinity/infinity , FSIZE infinity/infinity , MEMLOCK 4009332k/4009332k
load average: 0.10 0.33 0.34

/proc/meminfo:
MemTotal:       32074664 kB
MemFree:        21923744 kB
MemAvailable:   25125964 kB
Buffers:          177008 kB
Cached:          3406964 kB
SwapCached:            0 kB
Active:          6281248 kB
Inactive:        2143576 kB
Active(anon):    4959040 kB
Inactive(anon):        0 kB
Active(file):    1322208 kB
Inactive(file):  2143576 kB
Unevictable:          48 kB
Mlocked:              48 kB
SwapTotal:       2097148 kB
SwapFree:        2097148 kB
Zswap:                 0 kB
Zswapped:              0 kB
Dirty:               252 kB
Writeback:             0 kB
AnonPages:       4841412 kB
Mapped:           939316 kB
Shmem:            117784 kB
KReclaimable:     200916 kB
Slab:             499492 kB
SReclaimable:     200916 kB
SUnreclaim:       298576 kB
KernelStack:       24800 kB
PageTables:        62444 kB
SecPageTables:         0 kB
NFS_Unstable:          0 kB
Bounce:                0 kB
WritebackTmp:          0 kB
CommitLimit:    18134480 kB
Committed_AS:   31970664 kB
VmallocTotal:   34359738367 kB
VmallocUsed:      167044 kB
VmallocChunk:          0 kB
Percpu:            18560 kB
HardwareCorrupted:     0 kB
AnonHugePages:         0 kB
ShmemHugePages:        0 kB
ShmemPmdMapped:        0 kB
FileHugePages:         0 kB
FilePmdMapped:         0 kB
Unaccepted:            0 kB
HugePages_Total:       0
HugePages_Free:        0
HugePages_Rsvd:        0
HugePages_Surp:        0
Hugepagesize:       2048 kB
Hugetlb:               0 kB
DirectMap4k:     1391080 kB
DirectMap2M:    15638528 kB
DirectMap1G:    16777216 kB

/sys/kernel/mm/transparent_hugepage/enabled: always [madvise] never
/sys/kernel/mm/transparent_hugepage/hpage_pmd_size: 2097152
/sys/kernel/mm/transparent_hugepage/shmem_enabled: always within_size advise [never] deny force
/sys/kernel/mm/transparent_hugepage/defrag (defrag/compaction efforts parameter): always defer defer+madvise [madvise] never

Process Memory:
Virtual Size: 16443368K (peak: 16443368K)
Resident Set Size: 347252K (peak: 347252K) (anon: 190184K, file: 148876K, shmem: 8192K)
Swapped out: 0K
C-Heap outstanding allocations: 264067K, retained: 5080K
glibc malloc tunables: (default)

/proc/sys/kernel/threads-max (system-wide limit on the number of threads): 250027
/proc/sys/vm/max_map_count (maximum number of memory map areas a process may have): 1048576
/proc/sys/vm/swappiness (control to define how aggressively the kernel swaps out anonymous memory): 60
/proc/sys/kernel/pid_max (system-wide limit on number of process identifiers): 4194304

container (cgroup) information:
container_type: cgroupv2
cpu_cpuset_cpus: not supported
cpu_memory_nodes: not supported
active_processor_count: 16
cpu_quota: not supported
cpu_period: not supported
cpu_shares: not supported
memory_limit_in_bytes: unlimited
memory_and_swap_limit_in_bytes: unlimited
memory_soft_limit_in_bytes: unlimited
memory_usage_in_bytes: 2544376 k
memory_max_usage_in_bytes: not supported
memory_swap_current_in_bytes: unlimited
memory_swap_max_limit_in_bytes: unlimited
maximum number of tasks: 37504
current number of tasks: 94

Steal ticks since vm start: 0
Steal ticks percentage since vm start:  0.000

CPU: total 16 (initial active 16) (16 cores per cpu, 2 threads per core) family 25 model 68 stepping 1 microcode 0xa404101, cx8, cmov, fxsr, ht, mmx, 3dnowpref, sse, sse2, sse3, ssse3, sse4a, sse4.1, sse4.2, popcnt, lzcnt, tsc, tscinvbit, avx, avx2, aes, clmul, bmi1, bmi2, adx, sha, fma, vzeroupper, clflush, clflushopt, rdtscp, rdpid, f16c, pku, ospke, cet_ss
CPU Model and flags from /proc/cpuinfo:
model name	: AMD Ryzen 9 6900HS with Radeon Graphics
flags		: fpu vme de pse tsc msr pae mce cx8 apic sep mtrr pge mca cmov pat pse36 clflush mmx fxsr sse sse2 ht syscall nx mmxext fxsr_opt pdpe1gb rdtscp lm constant_tsc rep_good nopl nonstop_tsc cpuid extd_apicid aperfmperf rapl pni pclmulqdq monitor ssse3 fma cx16 sse4_1 sse4_2 x2apic movbe popcnt aes xsave avx f16c rdrand lahf_lm cmp_legacy svm extapic cr8_legacy abm sse4a misalignsse 3dnowprefetch osvw ibs skinit wdt tce topoext perfctr_core perfctr_nb bpext perfctr_llc mwaitx cpb cat_l3 cdp_l3 hw_pstate ssbd mba ibrs ibpb stibp vmmcall fsgsbase bmi1 avx2 smep bmi2 invpcid cqm rdt_a rdseed adx smap clflushopt clwb sha_ni xsaveopt xsavec xgetbv1 xsaves cqm_llc cqm_occup_llc cqm_mbm_total cqm_mbm_local user_shstk clzero irperf xsaveerptr rdpru wbnoinvd cppc arat npt lbrv svm_lock nrip_save tsc_scale vmcb_clean flushbyasid decodeassists pausefilter pfthreshold avic v_vmsave_vmload vgif v_spec_ctrl umip pku ospke vaes vpclmulqdq rdpid overflow_recov succor smca debug_swap

Online cpus: 0-15
Offline cpus: 
BIOS frequency limitation: <Not Available>
Frequency switch latency (ns): 0
Available cpu frequencies: <Not Available>
Current governor: powersave
Core performance/turbo boost: <Not Available>

Memory: 4k page, physical 32074664k(25125964k free), swap 2097148k(2097148k free)
Page Sizes: 4k

vm_info: Java HotSpot(TM) 64-Bit Server VM (22.0.2+9-70) for linux-amd64 JRE (22.0.2+9-70), built on 2024-06-04T16:52:23Z by "mach5one" with gcc 13.2.0

END.
