#
# A fatal error has been detected by the Java Runtime Environment:
#
#  SIGSEGV (0xb) at pc=0x00007cac330d1bb8, pid=10987, tid=10991
#
# JRE version: Java(TM) SE Runtime Environment (22.0.2+9) (build 22.0.2+9-70)
# Java VM: Java HotSpot(TM) 64-Bit Server VM (22.0.2+9-70, mixed mode, sharing, tiered, compressed oops, compressed class ptrs, g1 gc, linux-amd64)
# Problematic frame:
# C  [libcublas.so.10+0xd1bb8]
#
# Core dump will be written. Default location: Core dumps may be processed with "/usr/share/apport/apport -p%p -s%s -c%c -d%d -P%P -u%u -g%g -- %E" (or dumping to /home/edov/projects/JCudaWrapper/core.10987)
#
# If you would like to submit a bug report, please visit:
#   https://bugreport.java.com/bugreport/crash.jsp
# The crash happened outside the Java Virtual Machine in native code.
# See problematic frame for where to report the bug.
#

---------------  S U M M A R Y ------------

Command Line: -Dfile.encoding=UTF-8 -agentlib:jdwp=transport=dt_socket,address=localhost:37125 --module-path=/home/edov/projects/JCudaWrapper/build/classes main.VectorTest

Host: AMD Ryzen 9 6900HS with Radeon Graphics, 16 cores, 30G, Ubuntu 24.04.1 LTS
Time: Tue Sep 17 08:50:43 2024 IDT elapsed time: 134.621352 seconds (0d 0h 2m 14s)

---------------  T H R E A D  ---------------

Current thread (0x00007cad1802ec80):  JavaThread "main"             [_thread_in_native, id=10991, stack(0x00007cad1d300000,0x00007cad1d400000) (1024K)]

Stack: [0x00007cad1d300000,0x00007cad1d400000],  sp=0x00007cad1d3fe300,  free space=1016k
Native frames: (J=compiled Java code, j=interpreted, Vv=VM code, C=native code)
C  [libcublas.so.10+0xd1bb8]
Java frames: (J=compiled Java code, j=interpreted, Vv=VM code)
j  jcuda.jcublas.JCublas2.cublasDnrm2Native(Ljcuda/jcublas/cublasHandle;ILjcuda/Pointer;ILjcuda/Pointer;)I+0
j  jcuda.jcublas.JCublas2.cublasDnrm2(Ljcuda/jcublas/cublasHandle;ILjcuda/Pointer;ILjcuda/Pointer;)I+6
j  storage.DArray.norm(LprocessSupport/Handle;IILstorage/DSingleton;)Lstorage/DSingleton;+31
j  storage.DArray.norm(LprocessSupport/Handle;II)D+11
j  algebra.Vector.getNorm()D+16
j  algebra.Vector.equals(Lalgebra/Vector;D)Z+5
j  algebra.Vector.equals(Lalgebra/Vector;)Z+5
j  main.VectorTest.main([Ljava/lang/String;)V+147
v  ~StubRoutines::call_stub 0x00007cad0805fcc6

siginfo: si_signo: 11 (SIGSEGV), si_code: 2 (SEGV_ACCERR), si_addr: 0x00007cabe8e21000

Registers:
RAX=0x0000000000000000, RBX=0x0000000000000001, RCX=0x0000000000000001, RDX=0x0000000000000007
RSP=0x00007cad1d3fe300, RBP=0x0000000000000006, RSI=0x0000000000000006, RDI=0x00007cabefe70ba0
R8 =0x00007cabe8e21000, R9 =0x0000000634d60ac0, R10=0x00007cac33004380, R11=0x00007cac330cb5b0
R12=0x00007cabefe70ba0, R13=0x0000000000000001, R14=0x00007cabe8e21000, R15=0x00007cabe8e20e00
RIP=0x00007cac330d1bb8, EFLAGS=0x0000000000010206, CSGSFS=0x002b000000000033, ERR=0x0000000000000006
  TRAPNO=0x000000000000000e


Register to memory mapping:

RAX=0x0 is null
RBX=0x0000000000000001 is an unknown value
RCX=0x0000000000000001 is an unknown value
RDX=0x0000000000000007 is an unknown value
RSP=0x00007cad1d3fe300 is pointing into the stack for thread: 0x00007cad1802ec80
RBP=0x0000000000000006 is an unknown value
RSI=0x0000000000000006 is an unknown value
RDI=0x00007cabefe70ba0 points into unknown readable memory: 0x7fffffff00000200 | 00 02 00 00 ff ff ff 7f
R8 =0x00007cabe8e21000 is an unknown value
R9 =0x0000000634d60ac0 is an oop: jcuda.driver.CUdeviceptr 
{0x0000000634d60ac0} - klass: 'jcuda/driver/CUdeviceptr'
 - ---- fields (total size 5 words):
 - private 'nativePointer' 'J' @16  137077788381184 (0x00007cabe8e21000)
 - private 'buffer' 'Ljava/nio/Buffer;' @12  null (0x00000000)
 - private 'byteOffset' 'J' @24  0 (0x0000000000000000)
 - private 'pointers' '[Ljcuda/NativePointerObject;' @32  null (0x00000000)
R10=0x00007cac33004380: <offset 0x0000000000004380> in /lib/x86_64-linux-gnu/libcublas.so.10 at 0x00007cac33000000
R11=0x00007cac330cb5b0: cublasDnrm2_v2+0x0000000000000000 in /lib/x86_64-linux-gnu/libcublas.so.10 at 0x00007cac33000000
R12=0x00007cabefe70ba0 points into unknown readable memory: 0x7fffffff00000200 | 00 02 00 00 ff ff ff 7f
R13=0x0000000000000001 is an unknown value
R14=0x00007cabe8e21000 is an unknown value
R15=0x00007cabe8e20e00 is an unknown value

Top of Stack: (sp=0x00007cad1d3fe300)
0x00007cad1d3fe300:   636170612f67726f 0000000000000000
0x00007cad1d3fe310:   70612f67726f4c28 00007cabe8e20e00
0x00007cad1d3fe320:   2020202020202020 0000000000000000
0x00007cad1d3fe330:   0000000000000000 0000000000000000
0x00007cad1d3fe340:   0000000000000000 0000000000000000
0x00007cad1d3fe350:   0000000000000000 0000000000000000
0x00007cad1d3fe360:   00007caceebe8680 000000061802f810
0x00007cad1d3fe370:   00007cad1d3fe3a0 00007cad1e0d14d8
0x00007cad1d3fe380:   00007cad181467a8 9ab4a1e1e17e4900
0x00007cad1d3fe390:   0000000000000001 00007cad1d3fe668
0x00007cad1d3fe3a0:   00007cabe8e21000 00007cad1802f040
0x00007cad1d3fe3b0:   00007cad1d3fe658 0000000634d60ac0
0x00007cad1d3fe3c0:   0000000000000002 8000000000000006
0x00007cad1d3fe3d0:   0000000000000000 0000000000000000
0x00007cad1d3fe3e0:   0000000000000000 0000000000000000
0x00007cad1d3fe3f0:   0000000000000000 0000000000000000
0x00007cad1d3fe400:   00007cad1802f8e8 00007cabe4f74ed0
0x00007cad1d3fe410:   0000000000000000 00007cac8c40e598
0x00007cad1d3fe420:   00007cad1d3fe440 00007caceebc8fc5
0x00007cad1d3fe430:   00007cad1d3fe648 00007cac8c40e598
0x00007cad1d3fe440:   00007cad1d3fe5a0 0000000000000000
0x00007cad1d3fe450:   00007cac8c40e598 00007cad1d3fe668
0x00007cad1d3fe460:   00007cabe8e20e00 00007cac330cb5fe
0x00007cad1d3fe470:   00007cad1d3fe4a0 00007cabefe70ba0
0x00007cad1d3fe480:   00007cad1d3fe4a0 00007cabe8e21000
0x00007cad1d3fe490:   0000000600000001 00007cabefe70ba0
0x00007cad1d3fe4a0:   00007cad1d3fe520 00007caceebc9ac8
0x00007cad1d3fe4b0:   00007cad1d3fe648 00007cad1802f040
0x00007cad1d3fe4c0:   00007cad1802ec00 0000010000000062
0x00007cad1d3fe4d0:   00007cad1d3fe658 00007cad1802f040
0x00007cad1d3fe4e0:   0000000000000000 00007caceebc9dc5
0x00007cad1d3fe4f0:   0000000000000000 00007cac8c40e598 

Instructions: (pc=0x00007cac330d1bb8)
0x00007cac330d1ab8:   ff 4c 8b 8c 24 18 01 00 00 48 8b b4 24 c0 00 00
0x00007cac330d1ac8:   00 48 89 ef 8b 94 24 c8 00 00 00 48 8b 8c 24 b0
0x00007cac330d1ad8:   00 00 00 44 8b 84 24 b8 00 00 00 4c 8b 9c 24 10
0x00007cac330d1ae8:   01 00 00 4c 89 0c 24 4c 8d 8c 24 20 01 00 00 48
0x00007cac330d1af8:   89 b4 24 90 00 00 00 89 94 24 98 00 00 00 48 89
0x00007cac330d1b08:   8c 24 a0 00 00 00 44 89 84 24 a8 00 00 00 4c 89
0x00007cac330d1b18:   5c 24 08 e8 80 bb 50 00 e9 6d fe ff ff 48 03 9c
0x00007cac330d1b28:   24 28 01 00 00 4d 8b 44 24 48 b9 03 00 00 00 ba
0x00007cac330d1b38:   08 00 00 00 4c 89 f7 48 89 de e8 f9 e5 50 00 e9
0x00007cac330d1b48:   9a fe ff ff 90 90 90 90 48 89 6c 24 d8 4c 89 64
0x00007cac330d1b58:   24 e0 89 f5 4c 89 6c 24 e8 4c 89 74 24 f0 49 89
0x00007cac330d1b68:   fc 48 89 5c 24 d0 4c 89 7c 24 f8 48 81 ec 68 01
0x00007cac330d1b78:   00 00 48 85 ff 48 89 54 24 18 41 89 cd 4d 89 c6
0x00007cac330d1b88:   0f 84 85 01 00 00 8b 5f 38 85 db 0f 84 7a 01 00
0x00007cac330d1b98:   00 4d 85 c0 ba 07 00 00 00 0f 84 ff 00 00 00 8b
0x00007cac330d1ba8:   47 50 85 c0 89 44 24 2c 0f 85 2a 01 00 00 85 f6
0x00007cac330d1bb8:   49 c7 00 00 00 00 00 0f 8e 4a 01 00 00 85 c9 0f
0x00007cac330d1bc8:   8e 42 01 00 00 48 8b 35 94 83 bd 04 31 c9 4c 89
0x00007cac330d1bd8:   e7 48 89 f2 48 89 74 24 10 be 80 00 00 00 e8 d5
0x00007cac330d1be8:   39 fe ff 85 c0 ba 0d 00 00 00 0f 8e ae 00 00 00
0x00007cac330d1bf8:   39 e8 41 89 ef 49 8d 54 24 78 44 0f 4e f8 42 8d
0x00007cac330d1c08:   1c fd 08 00 00 00 48 89 d7 48 89 54 24 20 e8 75
0x00007cac330d1c18:   88 f5 ff 39 c3 0f 8f ca 01 00 00 48 8b 7c 24 20
0x00007cac330d1c28:   48 8d b4 24 28 01 00 00 89 da e8 79 91 f5 ff 85
0x00007cac330d1c38:   c0 89 c2 75 69 48 63 d3 48 c7 44 24 70 00 00 00
0x00007cac330d1c48:   00 48 c7 44 24 78 00 00 00 00 48 81 fa ff ff 00
0x00007cac330d1c58:   00 48 c7 84 24 80 00 00 00 00 00 00 00 48 c7 84
0x00007cac330d1c68:   24 88 00 00 00 00 00 00 00 49 8b 4c 24 48 48 8b
0x00007cac330d1c78:   bc 24 28 01 00 00 0f 87 9c 00 00 00 49 8d b4 24
0x00007cac330d1c88:   d8 00 00 00 49 89 c8 b9 01 00 00 00 e8 a7 e4 50
0x00007cac330d1c98:   00 85 c0 0f 84 8e 00 00 00 ba 0e 00 00 00 48 8b
0x00007cac330d1ca8:   9c 24 38 01 00 00 48 8b ac 24 40 01 00 00 89 d0 


Stack slot to memory mapping:

stack at sp + 0 slots: 0x636170612f67726f is an unknown value
stack at sp + 1 slots: 0x0 is null
stack at sp + 2 slots: 0x70612f67726f4c28 is an unknown value
stack at sp + 3 slots: 0x00007cabe8e20e00 is an unknown value
stack at sp + 4 slots: 0x2020202020202020 is an unknown value
stack at sp + 5 slots: 0x0 is null
stack at sp + 6 slots: 0x0 is null
stack at sp + 7 slots: 0x0 is null


---------------  P R O C E S S  ---------------

Threads class SMR info:
_java_thread_list=0x00007cac540419d0, length=14, elements={
0x00007cad1802ec80, 0x00007cad1814da00, 0x00007cad1814ee50, 0x00007cad18150930,
0x00007cad18151f70, 0x00007cad18153510, 0x00007cad181550b0, 0x00007cad181567c0,
0x00007cad18176660, 0x00007cad181c1a20, 0x00007cad181d9310, 0x00007cac48001080,
0x00007cad181da600, 0x00007cabe4f58f30
}

Java Threads: ( => current thread )
=>0x00007cad1802ec80 JavaThread "main"                              [_thread_in_native, id=10991, stack(0x00007cad1d300000,0x00007cad1d400000) (1024K)]
  0x00007cad1814da00 JavaThread "Reference Handler"          daemon [_thread_blocked, id=11000, stack(0x00007cacefdff000,0x00007cacefeff000) (1024K)]
  0x00007cad1814ee50 JavaThread "Finalizer"                  daemon [_thread_blocked, id=11001, stack(0x00007cacef700000,0x00007cacef800000) (1024K)]
  0x00007cad18150930 JavaThread "Signal Dispatcher"          daemon [_thread_blocked, id=11002, stack(0x00007cacef600000,0x00007cacef700000) (1024K)]
  0x00007cad18151f70 JavaThread "Service Thread"             daemon [_thread_blocked, id=11003, stack(0x00007cacef500000,0x00007cacef600000) (1024K)]
  0x00007cad18153510 JavaThread "Monitor Deflation Thread"   daemon [_thread_blocked, id=11004, stack(0x00007cacef400000,0x00007cacef500000) (1024K)]
  0x00007cad181550b0 JavaThread "C2 CompilerThread0"         daemon [_thread_blocked, id=11005, stack(0x00007cacef300000,0x00007cacef400000) (1024K)]
  0x00007cad181567c0 JavaThread "C1 CompilerThread0"         daemon [_thread_blocked, id=11006, stack(0x00007cacef200000,0x00007cacef300000) (1024K)]
  0x00007cad18176660 JavaThread "Common-Cleaner"             daemon [_thread_blocked, id=11008, stack(0x00007cacef000000,0x00007cacef100000) (1024K)]
  0x00007cad181c1a20 JavaThread "JDWP Transport Listener: dt_socket" daemon [_thread_blocked, id=11009, stack(0x00007caceef00000,0x00007cacef000000) (1024K)]
  0x00007cad181d9310 JavaThread "JDWP Event Helper Thread"   daemon [_thread_blocked, id=11011, stack(0x00007caceee00000,0x00007caceef00000) (1024K)]
  0x00007cac48001080 JavaThread "JDWP Command Reader"        daemon [_thread_in_native, id=11012, stack(0x00007caceed00000,0x00007caceee00000) (1024K)]
  0x00007cad181da600 JavaThread "Notification Thread"        daemon [_thread_blocked, id=11016, stack(0x00007caceec00000,0x00007caceed00000) (1024K)]
  0x00007cabe4f58f30 JavaThread "pool-1-thread-1"            daemon [_thread_blocked, id=11031, stack(0x00007cace3dbe000,0x00007cace3ebe000) (1024K)]
Total: 14

Other Threads:
  0x00007cad181400c0 VMThread "VM Thread"                           [id=10999, stack(0x00007caceff00000,0x00007cacf0000000) (1024K)]
  0x00007cad18125b40 WatcherThread "VM Periodic Task Thread"        [id=10997, stack(0x00007cacf40f2000,0x00007cacf41f2000) (1024K)]
  0x00007cad18059e90 WorkerThread "GC Thread#0"                     [id=10992, stack(0x00007cad1c227000,0x00007cad1c327000) (1024K)]
  0x00007cad1806a990 ConcurrentGCThread "G1 Main Marker"            [id=10993, stack(0x00007cad1c126000,0x00007cad1c226000) (1024K)]
  0x00007cad1806b930 WorkerThread "G1 Conc#0"                       [id=10994, stack(0x00007cad1c025000,0x00007cad1c125000) (1024K)]
  0x00007cad18113470 ConcurrentGCThread "G1 Refine#0"               [id=10995, stack(0x00007cacf42f4000,0x00007cacf43f4000) (1024K)]
  0x00007cad18114430 ConcurrentGCThread "G1 Service"                [id=10996, stack(0x00007cacf41f3000,0x00007cacf42f3000) (1024K)]
Total: 7

Threads with active compile tasks:
Total: 0

VM state: not at safepoint (normal execution)

VM Mutex/Monitor currently owned by a thread: None

Heap address: 0x0000000616800000, size: 7832 MB, Compressed Oops mode: Zero based, Oop shift amount: 3

CDS archive(s) mapped at: [0x00007cac96000000-0x00007cac96c7a000-0x00007cac96c7a000), size 13082624, SharedBaseAddress: 0x00007cac96000000, ArchiveRelocationMode: 1.
Compressed class space mapped at: 0x00007cac97000000-0x00007cacd7000000, reserved size: 1073741824
Narrow klass base: 0x00007cac96000000, Narrow klass shift: 0, Narrow klass range: 0x100000000

GC Precious Log:
 CardTable entry size: 512
 Card Set container configuration: InlinePtr #cards 4 size 8 Array Of Cards #cards 32 size 80 Howl #buckets 8 coarsen threshold 7372 Howl Bitmap #cards 1024 size 144 coarsen threshold 921 Card regions per heap region 1 cards per card region 8192
 CPUs: 16 total, 16 available
 Memory: 31322M
 Large Page Support: Disabled
 NUMA Support: Disabled
 Compressed Oops: Enabled (Zero based)
 Heap Region Size: 4M
 Heap Min Capacity: 8M
 Heap Initial Capacity: 492M
 Heap Max Capacity: 7832M
 Pre-touch: Disabled
 Parallel Workers: 13
 Concurrent Workers: 3
 Concurrent Refinement Workers: 13
 Periodic GC: Disabled

Heap:
 garbage-first heap   total reserved 8019968K, committed 507904K, used 5155K [0x0000000616800000, 0x0000000800000000)
  region size 4096K, 2 young (8192K), 0 survivors (0K)
 Metaspace       used 1257K, committed 1344K, reserved 1114112K
  class space    used 93K, committed 128K, reserved 1048576K

Heap Regions: E=young(eden), S=young(survivor), O=old, HS=humongous(starts), HC=humongous(continues), CS=collection set, F=free, TAMS=top-at-mark-start, PB=parsable bottom
|   0|0x0000000616800000, 0x0000000616800000, 0x0000000616c00000|  0%| F|  |TAMS 0x0000000616800000| PB 0x0000000616800000| Untracked |  0
|   1|0x0000000616c00000, 0x0000000616c00000, 0x0000000617000000|  0%| F|  |TAMS 0x0000000616c00000| PB 0x0000000616c00000| Untracked |  0
|   2|0x0000000617000000, 0x0000000617000000, 0x0000000617400000|  0%| F|  |TAMS 0x0000000617000000| PB 0x0000000617000000| Untracked |  0
|   3|0x0000000617400000, 0x0000000617400000, 0x0000000617800000|  0%| F|  |TAMS 0x0000000617400000| PB 0x0000000617400000| Untracked |  0
|   4|0x0000000617800000, 0x0000000617800000, 0x0000000617c00000|  0%| F|  |TAMS 0x0000000617800000| PB 0x0000000617800000| Untracked |  0
|   5|0x0000000617c00000, 0x0000000617c00000, 0x0000000618000000|  0%| F|  |TAMS 0x0000000617c00000| PB 0x0000000617c00000| Untracked |  0
|   6|0x0000000618000000, 0x0000000618000000, 0x0000000618400000|  0%| F|  |TAMS 0x0000000618000000| PB 0x0000000618000000| Untracked |  0
|   7|0x0000000618400000, 0x0000000618400000, 0x0000000618800000|  0%| F|  |TAMS 0x0000000618400000| PB 0x0000000618400000| Untracked |  0
|   8|0x0000000618800000, 0x0000000618800000, 0x0000000618c00000|  0%| F|  |TAMS 0x0000000618800000| PB 0x0000000618800000| Untracked |  0
|   9|0x0000000618c00000, 0x0000000618c00000, 0x0000000619000000|  0%| F|  |TAMS 0x0000000618c00000| PB 0x0000000618c00000| Untracked |  0
|  10|0x0000000619000000, 0x0000000619000000, 0x0000000619400000|  0%| F|  |TAMS 0x0000000619000000| PB 0x0000000619000000| Untracked |  0
|  11|0x0000000619400000, 0x0000000619400000, 0x0000000619800000|  0%| F|  |TAMS 0x0000000619400000| PB 0x0000000619400000| Untracked |  0
|  12|0x0000000619800000, 0x0000000619800000, 0x0000000619c00000|  0%| F|  |TAMS 0x0000000619800000| PB 0x0000000619800000| Untracked |  0
|  13|0x0000000619c00000, 0x0000000619c00000, 0x000000061a000000|  0%| F|  |TAMS 0x0000000619c00000| PB 0x0000000619c00000| Untracked |  0
|  14|0x000000061a000000, 0x000000061a000000, 0x000000061a400000|  0%| F|  |TAMS 0x000000061a000000| PB 0x000000061a000000| Untracked |  0
|  15|0x000000061a400000, 0x000000061a400000, 0x000000061a800000|  0%| F|  |TAMS 0x000000061a400000| PB 0x000000061a400000| Untracked |  0
|  16|0x000000061a800000, 0x000000061a800000, 0x000000061ac00000|  0%| F|  |TAMS 0x000000061a800000| PB 0x000000061a800000| Untracked |  0
|  17|0x000000061ac00000, 0x000000061ac00000, 0x000000061b000000|  0%| F|  |TAMS 0x000000061ac00000| PB 0x000000061ac00000| Untracked |  0
|  18|0x000000061b000000, 0x000000061b000000, 0x000000061b400000|  0%| F|  |TAMS 0x000000061b000000| PB 0x000000061b000000| Untracked |  0
|  19|0x000000061b400000, 0x000000061b400000, 0x000000061b800000|  0%| F|  |TAMS 0x000000061b400000| PB 0x000000061b400000| Untracked |  0
|  20|0x000000061b800000, 0x000000061b800000, 0x000000061bc00000|  0%| F|  |TAMS 0x000000061b800000| PB 0x000000061b800000| Untracked |  0
|  21|0x000000061bc00000, 0x000000061bc00000, 0x000000061c000000|  0%| F|  |TAMS 0x000000061bc00000| PB 0x000000061bc00000| Untracked |  0
|  22|0x000000061c000000, 0x000000061c000000, 0x000000061c400000|  0%| F|  |TAMS 0x000000061c000000| PB 0x000000061c000000| Untracked |  0
|  23|0x000000061c400000, 0x000000061c400000, 0x000000061c800000|  0%| F|  |TAMS 0x000000061c400000| PB 0x000000061c400000| Untracked |  0
|  24|0x000000061c800000, 0x000000061c800000, 0x000000061cc00000|  0%| F|  |TAMS 0x000000061c800000| PB 0x000000061c800000| Untracked |  0
|  25|0x000000061cc00000, 0x000000061cc00000, 0x000000061d000000|  0%| F|  |TAMS 0x000000061cc00000| PB 0x000000061cc00000| Untracked |  0
|  26|0x000000061d000000, 0x000000061d000000, 0x000000061d400000|  0%| F|  |TAMS 0x000000061d000000| PB 0x000000061d000000| Untracked |  0
|  27|0x000000061d400000, 0x000000061d400000, 0x000000061d800000|  0%| F|  |TAMS 0x000000061d400000| PB 0x000000061d400000| Untracked |  0
|  28|0x000000061d800000, 0x000000061d800000, 0x000000061dc00000|  0%| F|  |TAMS 0x000000061d800000| PB 0x000000061d800000| Untracked |  0
|  29|0x000000061dc00000, 0x000000061dc00000, 0x000000061e000000|  0%| F|  |TAMS 0x000000061dc00000| PB 0x000000061dc00000| Untracked |  0
|  30|0x000000061e000000, 0x000000061e000000, 0x000000061e400000|  0%| F|  |TAMS 0x000000061e000000| PB 0x000000061e000000| Untracked |  0
|  31|0x000000061e400000, 0x000000061e400000, 0x000000061e800000|  0%| F|  |TAMS 0x000000061e400000| PB 0x000000061e400000| Untracked |  0
|  32|0x000000061e800000, 0x000000061e800000, 0x000000061ec00000|  0%| F|  |TAMS 0x000000061e800000| PB 0x000000061e800000| Untracked |  0
|  33|0x000000061ec00000, 0x000000061ec00000, 0x000000061f000000|  0%| F|  |TAMS 0x000000061ec00000| PB 0x000000061ec00000| Untracked |  0
|  34|0x000000061f000000, 0x000000061f000000, 0x000000061f400000|  0%| F|  |TAMS 0x000000061f000000| PB 0x000000061f000000| Untracked |  0
|  35|0x000000061f400000, 0x000000061f400000, 0x000000061f800000|  0%| F|  |TAMS 0x000000061f400000| PB 0x000000061f400000| Untracked |  0
|  36|0x000000061f800000, 0x000000061f800000, 0x000000061fc00000|  0%| F|  |TAMS 0x000000061f800000| PB 0x000000061f800000| Untracked |  0
|  37|0x000000061fc00000, 0x000000061fc00000, 0x0000000620000000|  0%| F|  |TAMS 0x000000061fc00000| PB 0x000000061fc00000| Untracked |  0
|  38|0x0000000620000000, 0x0000000620000000, 0x0000000620400000|  0%| F|  |TAMS 0x0000000620000000| PB 0x0000000620000000| Untracked |  0
|  39|0x0000000620400000, 0x0000000620400000, 0x0000000620800000|  0%| F|  |TAMS 0x0000000620400000| PB 0x0000000620400000| Untracked |  0
|  40|0x0000000620800000, 0x0000000620800000, 0x0000000620c00000|  0%| F|  |TAMS 0x0000000620800000| PB 0x0000000620800000| Untracked |  0
|  41|0x0000000620c00000, 0x0000000620c00000, 0x0000000621000000|  0%| F|  |TAMS 0x0000000620c00000| PB 0x0000000620c00000| Untracked |  0
|  42|0x0000000621000000, 0x0000000621000000, 0x0000000621400000|  0%| F|  |TAMS 0x0000000621000000| PB 0x0000000621000000| Untracked |  0
|  43|0x0000000621400000, 0x0000000621400000, 0x0000000621800000|  0%| F|  |TAMS 0x0000000621400000| PB 0x0000000621400000| Untracked |  0
|  44|0x0000000621800000, 0x0000000621800000, 0x0000000621c00000|  0%| F|  |TAMS 0x0000000621800000| PB 0x0000000621800000| Untracked |  0
|  45|0x0000000621c00000, 0x0000000621c00000, 0x0000000622000000|  0%| F|  |TAMS 0x0000000621c00000| PB 0x0000000621c00000| Untracked |  0
|  46|0x0000000622000000, 0x0000000622000000, 0x0000000622400000|  0%| F|  |TAMS 0x0000000622000000| PB 0x0000000622000000| Untracked |  0
|  47|0x0000000622400000, 0x0000000622400000, 0x0000000622800000|  0%| F|  |TAMS 0x0000000622400000| PB 0x0000000622400000| Untracked |  0
|  48|0x0000000622800000, 0x0000000622800000, 0x0000000622c00000|  0%| F|  |TAMS 0x0000000622800000| PB 0x0000000622800000| Untracked |  0
|  49|0x0000000622c00000, 0x0000000622c00000, 0x0000000623000000|  0%| F|  |TAMS 0x0000000622c00000| PB 0x0000000622c00000| Untracked |  0
|  50|0x0000000623000000, 0x0000000623000000, 0x0000000623400000|  0%| F|  |TAMS 0x0000000623000000| PB 0x0000000623000000| Untracked |  0
|  51|0x0000000623400000, 0x0000000623400000, 0x0000000623800000|  0%| F|  |TAMS 0x0000000623400000| PB 0x0000000623400000| Untracked |  0
|  52|0x0000000623800000, 0x0000000623800000, 0x0000000623c00000|  0%| F|  |TAMS 0x0000000623800000| PB 0x0000000623800000| Untracked |  0
|  53|0x0000000623c00000, 0x0000000623c00000, 0x0000000624000000|  0%| F|  |TAMS 0x0000000623c00000| PB 0x0000000623c00000| Untracked |  0
|  54|0x0000000624000000, 0x0000000624000000, 0x0000000624400000|  0%| F|  |TAMS 0x0000000624000000| PB 0x0000000624000000| Untracked |  0
|  55|0x0000000624400000, 0x0000000624400000, 0x0000000624800000|  0%| F|  |TAMS 0x0000000624400000| PB 0x0000000624400000| Untracked |  0
|  56|0x0000000624800000, 0x0000000624800000, 0x0000000624c00000|  0%| F|  |TAMS 0x0000000624800000| PB 0x0000000624800000| Untracked |  0
|  57|0x0000000624c00000, 0x0000000624c00000, 0x0000000625000000|  0%| F|  |TAMS 0x0000000624c00000| PB 0x0000000624c00000| Untracked |  0
|  58|0x0000000625000000, 0x0000000625000000, 0x0000000625400000|  0%| F|  |TAMS 0x0000000625000000| PB 0x0000000625000000| Untracked |  0
|  59|0x0000000625400000, 0x0000000625400000, 0x0000000625800000|  0%| F|  |TAMS 0x0000000625400000| PB 0x0000000625400000| Untracked |  0
|  60|0x0000000625800000, 0x0000000625800000, 0x0000000625c00000|  0%| F|  |TAMS 0x0000000625800000| PB 0x0000000625800000| Untracked |  0
|  61|0x0000000625c00000, 0x0000000625c00000, 0x0000000626000000|  0%| F|  |TAMS 0x0000000625c00000| PB 0x0000000625c00000| Untracked |  0
|  62|0x0000000626000000, 0x0000000626000000, 0x0000000626400000|  0%| F|  |TAMS 0x0000000626000000| PB 0x0000000626000000| Untracked |  0
|  63|0x0000000626400000, 0x0000000626400000, 0x0000000626800000|  0%| F|  |TAMS 0x0000000626400000| PB 0x0000000626400000| Untracked |  0
|  64|0x0000000626800000, 0x0000000626800000, 0x0000000626c00000|  0%| F|  |TAMS 0x0000000626800000| PB 0x0000000626800000| Untracked |  0
|  65|0x0000000626c00000, 0x0000000626c00000, 0x0000000627000000|  0%| F|  |TAMS 0x0000000626c00000| PB 0x0000000626c00000| Untracked |  0
|  66|0x0000000627000000, 0x0000000627000000, 0x0000000627400000|  0%| F|  |TAMS 0x0000000627000000| PB 0x0000000627000000| Untracked |  0
|  67|0x0000000627400000, 0x0000000627400000, 0x0000000627800000|  0%| F|  |TAMS 0x0000000627400000| PB 0x0000000627400000| Untracked |  0
|  68|0x0000000627800000, 0x0000000627800000, 0x0000000627c00000|  0%| F|  |TAMS 0x0000000627800000| PB 0x0000000627800000| Untracked |  0
|  69|0x0000000627c00000, 0x0000000627c00000, 0x0000000628000000|  0%| F|  |TAMS 0x0000000627c00000| PB 0x0000000627c00000| Untracked |  0
|  70|0x0000000628000000, 0x0000000628000000, 0x0000000628400000|  0%| F|  |TAMS 0x0000000628000000| PB 0x0000000628000000| Untracked |  0
|  71|0x0000000628400000, 0x0000000628400000, 0x0000000628800000|  0%| F|  |TAMS 0x0000000628400000| PB 0x0000000628400000| Untracked |  0
|  72|0x0000000628800000, 0x0000000628800000, 0x0000000628c00000|  0%| F|  |TAMS 0x0000000628800000| PB 0x0000000628800000| Untracked |  0
|  73|0x0000000628c00000, 0x0000000628c00000, 0x0000000629000000|  0%| F|  |TAMS 0x0000000628c00000| PB 0x0000000628c00000| Untracked |  0
|  74|0x0000000629000000, 0x0000000629000000, 0x0000000629400000|  0%| F|  |TAMS 0x0000000629000000| PB 0x0000000629000000| Untracked |  0
|  75|0x0000000629400000, 0x0000000629400000, 0x0000000629800000|  0%| F|  |TAMS 0x0000000629400000| PB 0x0000000629400000| Untracked |  0
|  76|0x0000000629800000, 0x0000000629800000, 0x0000000629c00000|  0%| F|  |TAMS 0x0000000629800000| PB 0x0000000629800000| Untracked |  0
|  77|0x0000000629c00000, 0x0000000629c00000, 0x000000062a000000|  0%| F|  |TAMS 0x0000000629c00000| PB 0x0000000629c00000| Untracked |  0
|  78|0x000000062a000000, 0x000000062a000000, 0x000000062a400000|  0%| F|  |TAMS 0x000000062a000000| PB 0x000000062a000000| Untracked |  0
|  79|0x000000062a400000, 0x000000062a400000, 0x000000062a800000|  0%| F|  |TAMS 0x000000062a400000| PB 0x000000062a400000| Untracked |  0
|  80|0x000000062a800000, 0x000000062a800000, 0x000000062ac00000|  0%| F|  |TAMS 0x000000062a800000| PB 0x000000062a800000| Untracked |  0
|  81|0x000000062ac00000, 0x000000062ac00000, 0x000000062b000000|  0%| F|  |TAMS 0x000000062ac00000| PB 0x000000062ac00000| Untracked |  0
|  82|0x000000062b000000, 0x000000062b000000, 0x000000062b400000|  0%| F|  |TAMS 0x000000062b000000| PB 0x000000062b000000| Untracked |  0
|  83|0x000000062b400000, 0x000000062b400000, 0x000000062b800000|  0%| F|  |TAMS 0x000000062b400000| PB 0x000000062b400000| Untracked |  0
|  84|0x000000062b800000, 0x000000062b800000, 0x000000062bc00000|  0%| F|  |TAMS 0x000000062b800000| PB 0x000000062b800000| Untracked |  0
|  85|0x000000062bc00000, 0x000000062bc00000, 0x000000062c000000|  0%| F|  |TAMS 0x000000062bc00000| PB 0x000000062bc00000| Untracked |  0
|  86|0x000000062c000000, 0x000000062c000000, 0x000000062c400000|  0%| F|  |TAMS 0x000000062c000000| PB 0x000000062c000000| Untracked |  0
|  87|0x000000062c400000, 0x000000062c400000, 0x000000062c800000|  0%| F|  |TAMS 0x000000062c400000| PB 0x000000062c400000| Untracked |  0
|  88|0x000000062c800000, 0x000000062c800000, 0x000000062cc00000|  0%| F|  |TAMS 0x000000062c800000| PB 0x000000062c800000| Untracked |  0
|  89|0x000000062cc00000, 0x000000062cc00000, 0x000000062d000000|  0%| F|  |TAMS 0x000000062cc00000| PB 0x000000062cc00000| Untracked |  0
|  90|0x000000062d000000, 0x000000062d000000, 0x000000062d400000|  0%| F|  |TAMS 0x000000062d000000| PB 0x000000062d000000| Untracked |  0
|  91|0x000000062d400000, 0x000000062d400000, 0x000000062d800000|  0%| F|  |TAMS 0x000000062d400000| PB 0x000000062d400000| Untracked |  0
|  92|0x000000062d800000, 0x000000062d800000, 0x000000062dc00000|  0%| F|  |TAMS 0x000000062d800000| PB 0x000000062d800000| Untracked |  0
|  93|0x000000062dc00000, 0x000000062dc00000, 0x000000062e000000|  0%| F|  |TAMS 0x000000062dc00000| PB 0x000000062dc00000| Untracked |  0
|  94|0x000000062e000000, 0x000000062e000000, 0x000000062e400000|  0%| F|  |TAMS 0x000000062e000000| PB 0x000000062e000000| Untracked |  0
|  95|0x000000062e400000, 0x000000062e400000, 0x000000062e800000|  0%| F|  |TAMS 0x000000062e400000| PB 0x000000062e400000| Untracked |  0
|  96|0x000000062e800000, 0x000000062e800000, 0x000000062ec00000|  0%| F|  |TAMS 0x000000062e800000| PB 0x000000062e800000| Untracked |  0
|  97|0x000000062ec00000, 0x000000062ec00000, 0x000000062f000000|  0%| F|  |TAMS 0x000000062ec00000| PB 0x000000062ec00000| Untracked |  0
|  98|0x000000062f000000, 0x000000062f000000, 0x000000062f400000|  0%| F|  |TAMS 0x000000062f000000| PB 0x000000062f000000| Untracked |  0
|  99|0x000000062f400000, 0x000000062f400000, 0x000000062f800000|  0%| F|  |TAMS 0x000000062f400000| PB 0x000000062f400000| Untracked |  0
| 100|0x000000062f800000, 0x000000062f800000, 0x000000062fc00000|  0%| F|  |TAMS 0x000000062f800000| PB 0x000000062f800000| Untracked |  0
| 101|0x000000062fc00000, 0x000000062fc00000, 0x0000000630000000|  0%| F|  |TAMS 0x000000062fc00000| PB 0x000000062fc00000| Untracked |  0
| 102|0x0000000630000000, 0x0000000630000000, 0x0000000630400000|  0%| F|  |TAMS 0x0000000630000000| PB 0x0000000630000000| Untracked |  0
| 103|0x0000000630400000, 0x0000000630400000, 0x0000000630800000|  0%| F|  |TAMS 0x0000000630400000| PB 0x0000000630400000| Untracked |  0
| 104|0x0000000630800000, 0x0000000630800000, 0x0000000630c00000|  0%| F|  |TAMS 0x0000000630800000| PB 0x0000000630800000| Untracked |  0
| 105|0x0000000630c00000, 0x0000000630c00000, 0x0000000631000000|  0%| F|  |TAMS 0x0000000630c00000| PB 0x0000000630c00000| Untracked |  0
| 106|0x0000000631000000, 0x0000000631000000, 0x0000000631400000|  0%| F|  |TAMS 0x0000000631000000| PB 0x0000000631000000| Untracked |  0
| 107|0x0000000631400000, 0x0000000631400000, 0x0000000631800000|  0%| F|  |TAMS 0x0000000631400000| PB 0x0000000631400000| Untracked |  0
| 108|0x0000000631800000, 0x0000000631800000, 0x0000000631c00000|  0%| F|  |TAMS 0x0000000631800000| PB 0x0000000631800000| Untracked |  0
| 109|0x0000000631c00000, 0x0000000631c00000, 0x0000000632000000|  0%| F|  |TAMS 0x0000000631c00000| PB 0x0000000631c00000| Untracked |  0
| 110|0x0000000632000000, 0x0000000632000000, 0x0000000632400000|  0%| F|  |TAMS 0x0000000632000000| PB 0x0000000632000000| Untracked |  0
| 111|0x0000000632400000, 0x0000000632400000, 0x0000000632800000|  0%| F|  |TAMS 0x0000000632400000| PB 0x0000000632400000| Untracked |  0
| 112|0x0000000632800000, 0x0000000632800000, 0x0000000632c00000|  0%| F|  |TAMS 0x0000000632800000| PB 0x0000000632800000| Untracked |  0
| 113|0x0000000632c00000, 0x0000000632c00000, 0x0000000633000000|  0%| F|  |TAMS 0x0000000632c00000| PB 0x0000000632c00000| Untracked |  0
| 114|0x0000000633000000, 0x0000000633000000, 0x0000000633400000|  0%| F|  |TAMS 0x0000000633000000| PB 0x0000000633000000| Untracked |  0
| 115|0x0000000633400000, 0x0000000633400000, 0x0000000633800000|  0%| F|  |TAMS 0x0000000633400000| PB 0x0000000633400000| Untracked |  0
| 116|0x0000000633800000, 0x0000000633800000, 0x0000000633c00000|  0%| F|  |TAMS 0x0000000633800000| PB 0x0000000633800000| Untracked |  0
| 117|0x0000000633c00000, 0x0000000633c00000, 0x0000000634000000|  0%| F|  |TAMS 0x0000000633c00000| PB 0x0000000633c00000| Untracked |  0
| 118|0x0000000634000000, 0x0000000634000000, 0x0000000634400000|  0%| F|  |TAMS 0x0000000634000000| PB 0x0000000634000000| Untracked |  0
| 119|0x0000000634400000, 0x0000000634400000, 0x0000000634800000|  0%| F|  |TAMS 0x0000000634400000| PB 0x0000000634400000| Untracked |  0
| 120|0x0000000634800000, 0x0000000634800000, 0x0000000634c00000|  0%| F|  |TAMS 0x0000000634800000| PB 0x0000000634800000| Untracked |  0
| 121|0x0000000634c00000, 0x0000000634d79f60, 0x0000000635000000| 36%| E|  |TAMS 0x0000000634c00000| PB 0x0000000634c00000| Complete |  0
| 122|0x0000000635000000, 0x0000000635400000, 0x0000000635400000|100%| E|CS|TAMS 0x0000000635000000| PB 0x0000000635000000| Complete |  0
|1957|0x00000007ffc00000, 0x00000007ffd08c80, 0x0000000800000000| 25%| O|  |TAMS 0x00000007ffc00000| PB 0x00000007ffc00000| Untracked |  0

Card table byte_map: [0x00007cacfec00000,0x00007cacffb4c000] _byte_map_base: 0x00007cacfbb4c000

Marking Bits: (CMBitMap*) 0x00007cad1805a9c0
 Bits: [0x00007cacf7000000, 0x00007cacfea60000)

Polling page: 0x00007cad1ece6000

Metaspace:

Usage:
  Non-class:      1.14 MB used.
      Class:     93.59 KB used.
       Both:      1.23 MB used.

Virtual space:
  Non-class space:       64.00 MB reserved,       1.19 MB (  2%) committed,  1 nodes.
      Class space:        1.00 GB reserved,     128.00 KB ( <1%) committed,  1 nodes.
             Both:        1.06 GB reserved,       1.31 MB ( <1%) committed. 

Chunk freelists:
   Non-Class:  11.53 MB
       Class:  15.69 MB
        Both:  27.22 MB

MaxMetaspaceSize: unlimited
CompressedClassSpaceSize: 1.00 GB
Initial GC threshold: 21.00 MB
Current GC threshold: 21.00 MB
CDS: on
 - commit_granule_bytes: 65536.
 - commit_granule_words: 8192.
 - virtual_space_node_default_size: 8388608.
 - enlarge_chunks_in_place: 1.
 - use_allocation_guard: 0.


Internal statistics:

num_allocs_failed_limit: 0.
num_arena_births: 12.
num_arena_deaths: 0.
num_vsnodes_births: 2.
num_vsnodes_deaths: 0.
num_space_committed: 21.
num_space_uncommitted: 0.
num_chunks_returned_to_freelist: 0.
num_chunks_taken_from_freelist: 42.
num_chunk_merges: 0.
num_chunk_splits: 26.
num_chunks_enlarged: 19.
num_inconsistent_stats: 0.

CodeHeap 'non-profiled nmethods': size=119168Kb used=119Kb max_used=119Kb free=119048Kb
 bounds [0x00007cad087a0000, 0x00007cad08a10000, 0x00007cad0fc00000]
CodeHeap 'profiled nmethods': size=119164Kb used=571Kb max_used=571Kb free=118592Kb
 bounds [0x00007cad00c00000, 0x00007cad00e70000, 0x00007cad0805f000]
CodeHeap 'non-nmethods': size=7428Kb used=1434Kb max_used=2010Kb free=5993Kb
 bounds [0x00007cad0805f000, 0x00007cad082cf000, 0x00007cad087a0000]
 total_blobs=922 nmethods=431 adapters=397
 compilation: enabled
              stopped_count=0, restarted_count=0
 full_count=0

Compilation events (20 events):
Event: 0.640 Thread 0x00007cad181567c0  421       1       java.lang.invoke.MethodTypeForm::basicType (5 bytes)
Event: 0.640 Thread 0x00007cad181567c0 nmethod 421 0x00007cad087bd690 code [0x00007cad087bd820, 0x00007cad087bd8e8]
Event: 0.640 Thread 0x00007cad181567c0  422       3       jdk.internal.org.objectweb.asm.SymbolTable$Entry::<init> (17 bytes)
Event: 0.641 Thread 0x00007cac5c01b090  423       3       jdk.internal.org.objectweb.asm.SymbolTable::addConstantUtf8 (98 bytes)
Event: 0.641 Thread 0x00007cad181567c0 nmethod 422 0x00007cad00c8ad90 code [0x00007cad00c8af20, 0x00007cad00c8b0b8]
Event: 0.641 Thread 0x00007cad181567c0  424       3       jdk.internal.org.objectweb.asm.ByteVector::putByte (39 bytes)
Event: 0.641 Thread 0x00007cad181567c0 nmethod 424 0x00007cad00c8b190 code [0x00007cad00c8b340, 0x00007cad00c8b528]
Event: 0.641 Thread 0x00007cad181567c0  425       3       java.lang.reflect.Modifier::isPublic (12 bytes)
Event: 0.641 Thread 0x00007cad181567c0 nmethod 425 0x00007cad00c8b690 code [0x00007cad00c8b820, 0x00007cad00c8b958]
Event: 0.641 Thread 0x00007cad181567c0  426       3       java.lang.invoke.MethodType::checkPtypes (76 bytes)
Event: 0.641 Thread 0x00007cac5c01b090 nmethod 423 0x00007cad00c8ba10 code [0x00007cad00c8bc40, 0x00007cad00c8c240]
Event: 0.641 Thread 0x00007cac5c01b090  427       3       jdk.internal.util.StrongReferenceKey::equals (28 bytes)
Event: 0.641 Thread 0x00007cac5c01b090 nmethod 427 0x00007cad00c8c590 code [0x00007cad00c8c760, 0x00007cad00c8cd58]
Event: 0.641 Thread 0x00007cad181567c0 nmethod 426 0x00007cad00c8cf10 code [0x00007cad00c8d1c0, 0x00007cad00c8dcf8]
Event: 0.642 Thread 0x00007cad181550b0  428       4       java.util.Objects::requireNonNull (14 bytes)
Event: 0.642 Thread 0x00007cad181550b0 nmethod 428 0x00007cad087bd990 code [0x00007cad087bdb00, 0x00007cad087bdb88]
Event: 12.808 Thread 0x00007cad181567c0  430       3       java.util.stream.StreamOpFlag::fromCharacteristics (37 bytes)
Event: 12.808 Thread 0x00007cad181567c0 nmethod 430 0x00007cad00c8e190 code [0x00007cad00c8e340, 0x00007cad00c8e660]
Event: 12.808 Thread 0x00007cad181567c0  431       3       java.util.stream.AbstractPipeline::<init> (55 bytes)
Event: 12.808 Thread 0x00007cad181567c0 nmethod 431 0x00007cad00c8e790 code [0x00007cad00c8e940, 0x00007cad00c8ec20]

GC Heap History (0 events):
No events

Dll operation events (8 events):
Event: 0.003 Loaded shared library /usr/lib/jvm/jdk-22.0.2-oracle-x64/lib/libjava.so
Event: 0.031 Loaded shared library /usr/lib/jvm/jdk-22.0.2-oracle-x64/lib/libjsvml.so
Event: 0.034 Loaded shared library /usr/lib/jvm/jdk-22.0.2-oracle-x64/lib/libnio.so
Event: 0.128 Loaded shared library /usr/lib/jvm/jdk-22.0.2-oracle-x64/lib/libzip.so
Event: 0.166 Loaded shared library /usr/lib/jvm/jdk-22.0.2-oracle-x64/lib/libjimage.so
Event: 0.171 Loaded shared library /tmp/libJCudaRuntime-10.1.0-linux-x86_64.so
Event: 0.179 Loaded shared library /tmp/libJCublas2-10.1.0-linux-x86_64.so
Event: 0.627 Loaded shared library /usr/lib/jvm/jdk-22.0.2-oracle-x64/lib/libverify.so

Deoptimization events (0 events):
No events

Classes loaded (20 events):
Event: 0.632 Loading class java/lang/ArrayIndexOutOfBoundsException
Event: 0.632 Loading class java/lang/IndexOutOfBoundsException
Event: 0.632 Loading class java/lang/IndexOutOfBoundsException done
Event: 0.632 Loading class java/lang/ArrayIndexOutOfBoundsException done
Event: 0.638 Loading class java/util/Spliterators$IntArraySpliterator
Event: 0.638 Loading class java/util/Spliterators$IntArraySpliterator done
Event: 0.639 Loading class java/util/stream/MatchOps$MatchKind
Event: 0.639 Loading class java/util/stream/MatchOps$MatchKind done
Event: 0.639 Loading class java/util/stream/MatchOps
Event: 0.639 Loading class java/util/stream/MatchOps done
Event: 0.639 Loading class java/util/stream/MatchOps$MatchOp
Event: 0.639 Loading class java/util/stream/MatchOps$MatchOp done
Event: 0.639 Loading class java/util/stream/MatchOps$BooleanTerminalSink
Event: 0.639 Loading class java/util/stream/MatchOps$BooleanTerminalSink done
Event: 0.640 Loading class java/util/stream/MatchOps$2MatchSink
Event: 0.640 Loading class java/util/stream/MatchOps$2MatchSink done
Event: 0.641 Loading class java/util/stream/MatchOps$1MatchSink
Event: 0.641 Loading class java/util/stream/MatchOps$1MatchSink done
Event: 0.641 Loading class java/nio/HeapDoubleBuffer
Event: 0.641 Loading class java/nio/HeapDoubleBuffer done

Classes unloaded (0 events):
No events

Classes redefined (0 events):
No events

Internal exceptions (11 events):
Event: 0.070 Thread 0x00007cad1802ec80 Exception <a 'sun/nio/fs/UnixException'{0x0000000635077920}> (0x0000000635077920) 
thrown [open/src/hotspot/share/prims/jni.cpp, line 520]
Event: 0.070 Thread 0x00007cad1802ec80 Exception <a 'sun/nio/fs/UnixException'{0x0000000635078080}> (0x0000000635078080) 
thrown [open/src/hotspot/share/prims/jni.cpp, line 520]
Event: 0.071 Thread 0x00007cad1802ec80 Exception <a 'sun/nio/fs/UnixException'{0x0000000635078648}> (0x0000000635078648) 
thrown [open/src/hotspot/share/prims/jni.cpp, line 520]
Event: 0.071 Thread 0x00007cad1802ec80 Exception <a 'sun/nio/fs/UnixException'{0x0000000635078e70}> (0x0000000635078e70) 
thrown [open/src/hotspot/share/prims/jni.cpp, line 520]
Event: 0.071 Thread 0x00007cad1802ec80 Exception <a 'sun/nio/fs/UnixException'{0x0000000635079430}> (0x0000000635079430) 
thrown [open/src/hotspot/share/prims/jni.cpp, line 520]
Event: 0.071 Thread 0x00007cad1802ec80 Exception <a 'sun/nio/fs/UnixException'{0x00000006350799f0}> (0x00000006350799f0) 
thrown [open/src/hotspot/share/prims/jni.cpp, line 520]
Event: 0.071 Thread 0x00007cad1802ec80 Exception <a 'sun/nio/fs/UnixException'{0x0000000635079fb0}> (0x0000000635079fb0) 
thrown [open/src/hotspot/share/prims/jni.cpp, line 520]
Event: 0.071 Thread 0x00007cad1802ec80 Exception <a 'sun/nio/fs/UnixException'{0x000000063507a588}> (0x000000063507a588) 
thrown [open/src/hotspot/share/prims/jni.cpp, line 520]
Event: 0.623 Thread 0x00007cad1802ec80 Exception <a 'java/lang/NoSuchMethodError'{0x0000000634c69ce8}: 'void java.lang.invoke.DirectMethodHandle$Holder.invokeStatic(java.lang.Object, java.lang.Object)'> (0x0000000634c69ce8) 
thrown [open/src/hotspot/share/interpreter/linkResolver.cpp, line 773]
Event: 117.680 Thread 0x00007cad1802ec80 Exception <a 'java/lang/ClassNotFoundException'{0x0000000634d64f70}: other> (0x0000000634d64f70) 
thrown [open/src/hotspot/share/classfile/systemDictionary.cpp, line 313]
Event: 125.493 Thread 0x00007cad1802ec80 Exception <a 'java/lang/ClassNotFoundException'{0x0000000634d65278}: other> (0x0000000634d65278) 
thrown [open/src/hotspot/share/classfile/systemDictionary.cpp, line 313]

ZGC Phase Switch (0 events):
No events

VM Operations (20 events):
Event: 117.440 Executing VM operation: ChangeSingleStep
Event: 117.440 Executing VM operation: ChangeSingleStep done
Event: 117.609 Executing VM operation: get/set locals
Event: 117.609 Executing VM operation: get/set locals done
Event: 117.609 Executing VM operation: get/set locals
Event: 117.609 Executing VM operation: get/set locals done
Event: 125.313 Executing VM operation: ChangeSingleStep
Event: 125.313 Executing VM operation: ChangeSingleStep done
Event: 125.314 Executing VM operation: ChangeSingleStep
Event: 125.314 Executing VM operation: ChangeSingleStep done
Event: 125.485 Executing VM operation: get/set locals
Event: 125.485 Executing VM operation: get/set locals done
Event: 125.486 Executing VM operation: get/set locals
Event: 125.486 Executing VM operation: get/set locals done
Event: 134.616 Executing VM operation: ChangeSingleStep
Event: 134.616 Executing VM operation: ChangeSingleStep done
Event: 134.620 Executing VM operation: ChangeSingleStep
Event: 134.620 Executing VM operation: ChangeSingleStep done
Event: 134.620 Executing VM operation: ChangeSingleStep
Event: 134.620 Executing VM operation: ChangeSingleStep done

Memory protections (15 events):
Event: 0.002 Protecting memory [0x00007cad1d300000,0x00007cad1d304000] with protection modes 0
Event: 0.029 Protecting memory [0x00007cacefdff000,0x00007cacefe03000] with protection modes 0
Event: 0.029 Protecting memory [0x00007cacef700000,0x00007cacef704000] with protection modes 0
Event: 0.029 Protecting memory [0x00007cacef600000,0x00007cacef604000] with protection modes 0
Event: 0.030 Protecting memory [0x00007cacef500000,0x00007cacef504000] with protection modes 0
Event: 0.030 Protecting memory [0x00007cacef400000,0x00007cacef404000] with protection modes 0
Event: 0.030 Protecting memory [0x00007cacef300000,0x00007cacef304000] with protection modes 0
Event: 0.030 Protecting memory [0x00007cacef200000,0x00007cacef204000] with protection modes 0
Event: 0.044 Protecting memory [0x00007cacef100000,0x00007cacef104000] with protection modes 0
Event: 0.057 Protecting memory [0x00007cacef000000,0x00007cacef004000] with protection modes 0
Event: 0.088 Protecting memory [0x00007caceef00000,0x00007caceef04000] with protection modes 0
Event: 0.088 Protecting memory [0x00007caceee00000,0x00007caceee04000] with protection modes 0
Event: 0.088 Protecting memory [0x00007caceed00000,0x00007caceed04000] with protection modes 0
Event: 0.125 Protecting memory [0x00007caceec00000,0x00007caceec04000] with protection modes 0
Event: 0.625 Protecting memory [0x00007cace3dbe000,0x00007cace3dc2000] with protection modes 0

Nmethod flushes (0 events):
No events

Events (16 events):
Event: 0.020 Thread 0x00007cad1802ec80 Thread added: 0x00007cad1802ec80
Event: 0.029 Thread 0x00007cad1802ec80 Thread added: 0x00007cad1814da00
Event: 0.029 Thread 0x00007cad1802ec80 Thread added: 0x00007cad1814ee50
Event: 0.029 Thread 0x00007cad1802ec80 Thread added: 0x00007cad18150930
Event: 0.029 Thread 0x00007cad1802ec80 Thread added: 0x00007cad18151f70
Event: 0.030 Thread 0x00007cad1802ec80 Thread added: 0x00007cad18153510
Event: 0.030 Thread 0x00007cad1802ec80 Thread added: 0x00007cad181550b0
Event: 0.030 Thread 0x00007cad1802ec80 Thread added: 0x00007cad181567c0
Event: 0.041 Thread 0x00007cad181567c0 Thread added: 0x00007cac5c01b090
Event: 0.057 Thread 0x00007cad1802ec80 Thread added: 0x00007cad18176660
Event: 0.088 Thread 0x00007cad1802ec80 Thread added: 0x00007cad181c1a20
Event: 0.088 Thread 0x00007cad1802ec80 Thread added: 0x00007cad181d9310
Event: 0.088 Thread 0x00007cad181c1a20 Thread added: 0x00007cac48001080
Event: 0.125 Thread 0x00007cad1802ec80 Thread added: 0x00007cad181da600
Event: 0.625 Thread 0x00007cad1802ec80 Thread added: 0x00007cabe4f58f30
Event: 5.642 Thread 0x00007cac5c01b090 Thread exited: 0x00007cac5c01b090


Dynamic libraries:
200000000-200200000 ---p 00000000 00:00 0 
200200000-200400000 rw-s 00000000 00:05 1129                             /dev/nvidia0
200400000-203400000 rw-s 00000000 00:05 1128                             /dev/nvidiactl
203400000-204400000 ---p 00000000 00:00 0 
204400000-204600000 rw-s 00000000 00:05 1128                             /dev/nvidiactl
204600000-204800000 rw-s 00000000 00:05 1128                             /dev/nvidiactl
204800000-204a00000 rw-s 00000000 00:05 1128                             /dev/nvidiactl
204a00000-204c00000 rw-s 204a00000 00:05 1130                            /dev/nvidia-uvm
204c00000-204e00000 rw-s 00000000 00:05 1128                             /dev/nvidiactl
204e00000-205000000 ---p 00000000 00:00 0 
205000000-205200000 rw-s 00000000 00:05 1128                             /dev/nvidiactl
205200000-300200000 ---p 00000000 00:00 0 
616800000-635400000 rw-p 00000000 00:00 0 
635400000-7ffc00000 ---p 00000000 00:00 0 
7ffc00000-7ffd09000 rw-p 00cb9000 103:05 39860326                        /usr/lib/jvm/jdk-22.0.2-oracle-x64/lib/server/classes.jsa
7ffd09000-800000000 rw-p 00000000 00:00 0 
10000000000-10004000000 ---p 00000000 00:00 0 
5fda44cf8000-5fda44cf9000 r-xp 00000000 103:05 39860034                  /usr/lib/jvm/jdk-22.0.2-oracle-x64/bin/java
5fda44cfa000-5fda44cfb000 r--p 00001000 103:05 39860034                  /usr/lib/jvm/jdk-22.0.2-oracle-x64/bin/java
5fda44cfb000-5fda44cfc000 rw-p 00002000 103:05 39860034                  /usr/lib/jvm/jdk-22.0.2-oracle-x64/bin/java
5fda45e5a000-5fda45ea3000 rw-p 00000000 00:00 0                          [heap]
7cabdc000000-7cabdc021000 rw-p 00000000 00:00 0 
7cabdc021000-7cabe0000000 ---p 00000000 00:00 0 
7cabe4000000-7cabe6163000 rw-p 00000000 00:00 0 
7cabe6163000-7cabea000000 ---p 00000000 00:00 0 
7cabec000000-7cabefe8d000 rw-p 00000000 00:00 0 
7cabefe8d000-7cabf0000000 ---p 00000000 00:00 0 
7cabf4000000-7cabf7fff000 rw-p 00000000 00:00 0 
7cabf7fff000-7cabf8000000 ---p 00000000 00:00 0 
7cabfa000000-7cac02000000 ---p 00000000 00:00 0 
7cac04000000-7cac06000000 ---p 00000000 00:00 0 
7cac08000000-7cac08021000 rw-p 00000000 00:00 0 
7cac08021000-7cac0c000000 ---p 00000000 00:00 0 
7cac10000000-7cac20000000 ---p 00000000 00:00 0 
7cac22000000-7cac22400000 ---p 00000000 00:00 0 
7cac22400000-7cac22600000 rw-s 00000000 00:05 1128                       /dev/nvidiactl
7cac22600000-7cac22800000 rw-s 00000000 00:01 1056                       /dev/zero (deleted)
7cac22800000-7cac22a00000 rw-s 00000000 00:01 1057                       /dev/zero (deleted)
7cac22a00000-7cac23000000 ---p 00000000 00:00 0 
7cac23000000-7cac23200000 rw-s 00000000 00:05 1128                       /dev/nvidiactl
7cac23200000-7cac23400000 ---p 00000000 00:00 0 
7cac23400000-7cac23600000 rw-s 00000000 00:01 13354                      /dev/zero (deleted)
7cac23600000-7cac23b33000 rw-s 00000000 00:05 1128                       /dev/nvidiactl
7cac23b33000-7cac24000000 ---p 00000000 00:00 0 
7cac26000000-7cac2c000000 ---p 00000000 00:00 0 
7cac2c000000-7cac2c021000 rw-p 00000000 00:00 0 
7cac2c021000-7cac30000000 ---p 00000000 00:00 0 
7cac33000000-7cac37aa3000 r-xp 00000000 103:05 39063741                  /usr/lib/x86_64-linux-gnu/libcublas.so.10.1.0.105
7cac37aa3000-7cac37ca2000 ---p 04aa3000 103:05 39063741                  /usr/lib/x86_64-linux-gnu/libcublas.so.10.1.0.105
7cac37ca2000-7cac37cb0000 rw-p 04aa2000 103:05 39063741                  /usr/lib/x86_64-linux-gnu/libcublas.so.10.1.0.105
7cac37cb0000-7cac37cba000 rw-p 00000000 00:00 0 
7cac38000000-7cac38021000 rw-p 00000000 00:00 0 
7cac38021000-7cac3c000000 ---p 00000000 00:00 0 
7cac3c000000-7cac3c021000 rw-p 00000000 00:00 0 
7cac3c021000-7cac40000000 ---p 00000000 00:00 0 
7cac44000000-7cac44021000 rw-p 00000000 00:00 0 
7cac44021000-7cac48000000 ---p 00000000 00:00 0 
7cac48000000-7cac48036000 rw-p 00000000 00:00 0 
7cac48036000-7cac4c000000 ---p 00000000 00:00 0 
7cac50000000-7cac50021000 rw-p 00000000 00:00 0 
7cac50021000-7cac54000000 ---p 00000000 00:00 0 
7cac54000000-7cac54043000 rw-p 00000000 00:00 0 
7cac54043000-7cac58000000 ---p 00000000 00:00 0 
7cac5c000000-7cac5c096000 rw-p 00000000 00:00 0 
7cac5c096000-7cac60000000 ---p 00000000 00:00 0 
7cac60000000-7cac6012d000 rw-p 00000000 00:00 0 
7cac6012d000-7cac64000000 ---p 00000000 00:00 0 
7cac68000000-7cac68021000 rw-p 00000000 00:00 0 
7cac68021000-7cac6c000000 ---p 00000000 00:00 0 
7cac6c000000-7cac6c021000 rw-p 00000000 00:00 0 
7cac6c021000-7cac70000000 ---p 00000000 00:00 0 
7cac74000000-7cac74021000 rw-p 00000000 00:00 0 
7cac74021000-7cac78000000 ---p 00000000 00:00 0 
7cac78000000-7cac78021000 rw-p 00000000 00:00 0 
7cac78021000-7cac7c000000 ---p 00000000 00:00 0 
7cac80000000-7cac80021000 rw-p 00000000 00:00 0 
7cac80021000-7cac84000000 ---p 00000000 00:00 0 
7cac84000000-7cac84021000 rw-p 00000000 00:00 0 
7cac84021000-7cac88000000 ---p 00000000 00:00 0 
7cac8c000000-7cac8c0b0000 rw-p 00000000 00:00 0 
7cac8c0b0000-7cac8c400000 ---p 00000000 00:00 0 
7cac8c400000-7cac8c480000 rw-p 00000000 00:00 0 
7cac8c480000-7cac90000000 ---p 00000000 00:00 0 
7cac90000000-7cac90021000 rw-p 00000000 00:00 0 
7cac90021000-7cac94000000 ---p 00000000 00:00 0 
7cac94400000-7cac94401000 ---p 00000000 00:00 0 
7cac94401000-7cac94c01000 rw-p 00000000 00:00 0 
7cac94e00000-7cac94e01000 rw-s 00000000 00:05 1128                       /dev/nvidiactl
7cac94e01000-7cac94e02000 rw-s 00000000 00:05 1128                       /dev/nvidiactl
7cac94e02000-7cac94e03000 rw-s 00000000 00:05 1128                       /dev/nvidiactl
7cac94e03000-7cac94e04000 rw-s 00000000 00:05 1128                       /dev/nvidiactl
7cac94e04000-7cac94e05000 rw-s 00000000 00:05 1128                       /dev/nvidiactl
7cac94e05000-7cac94e06000 rw-s 00000000 00:05 1128                       /dev/nvidiactl
7cac94e06000-7cac94e07000 rw-s 00000000 00:05 1128                       /dev/nvidiactl
7cac94e07000-7cac94e08000 rw-s 00000000 00:05 1128                       /dev/nvidiactl
7cac94e08000-7cac94e09000 rw-s 00000000 00:05 1128                       /dev/nvidiactl
7cac94e09000-7cac94e0a000 rw-s 00000000 00:05 1128                       /dev/nvidiactl
7cac94e0a000-7cac94e0b000 rw-s 00000000 00:05 1128                       /dev/nvidiactl
7cac94e0b000-7cac94e0c000 rw-s 00000000 00:05 1128                       /dev/nvidiactl
7cac94e0c000-7cac94e0d000 rw-s 00000000 00:05 1128                       /dev/nvidiactl
7cac94e0d000-7cac94e0e000 rw-s 00000000 00:05 1128                       /dev/nvidiactl
7cac94e0e000-7cac94e0f000 rw-s 00000000 00:05 1128                       /dev/nvidiactl
7cac94e0f000-7cac94e10000 rw-s 00000000 00:05 1128                       /dev/nvidiactl
7cac94e10000-7cac95e21000 ---p 00000000 00:00 0 
7cac96000000-7cac96c7a000 rw-p 00001000 103:05 39860326                  /usr/lib/jvm/jdk-22.0.2-oracle-x64/lib/server/classes.jsa
7cac96c7a000-7cac97000000 ---p 00000000 00:00 0 
7cac97000000-7cac97010000 rw-p 00000000 00:00 0 
7cac97010000-7cac97040000 ---p 00000000 00:00 0 
7cac97040000-7cac97050000 rw-p 00000000 00:00 0 
7cac97050000-7cacd7000000 ---p 00000000 00:00 0 
7cacd7600000-7cacd7601000 ---p 00000000 00:00 0 
7cacd7601000-7cacd7e01000 rw-p 00000000 00:00 0 
7cacd8000000-7cacd8021000 rw-p 00000000 00:00 0 
7cacd8021000-7cacdc000000 ---p 00000000 00:00 0 
7cacdc000000-7cacdc021000 rw-p 00000000 00:00 0 
7cacdc021000-7cace0000000 ---p 00000000 00:00 0 
7cace0200000-7cace1221000 ---p 00000000 00:00 0 
7cace1400000-7cace165a000 rw-p 00000000 00:00 0 
7cace1800000-7cace3ae6000 r-xp 00000000 103:05 39063740                  /usr/lib/x86_64-linux-gnu/libcublasLt.so.10.1.0.105
7cace3ae6000-7cace3ce6000 ---p 022e6000 103:05 39063740                  /usr/lib/x86_64-linux-gnu/libcublasLt.so.10.1.0.105
7cace3ce6000-7cace3d58000 rw-p 022e6000 103:05 39063740                  /usr/lib/x86_64-linux-gnu/libcublasLt.so.10.1.0.105
7cace3d58000-7cace3d60000 rw-p 00000000 00:00 0 
7cace3dbe000-7cace3dc2000 ---p 00000000 00:00 0 
7cace3dc2000-7cace3ebe000 rw-p 00000000 00:00 0 
7cace3ebe000-7cace4021000 rw-p 00000000 00:00 0 
7cace4021000-7cace8000000 ---p 00000000 00:00 0 
7cace8000000-7cace8021000 rw-p 00000000 00:00 0 
7cace8021000-7cacec000000 ---p 00000000 00:00 0 
7cacec000000-7cacec200000 rw-s 00000000 00:01 1058                       /dev/zero (deleted)
7cacec200000-7cacec201000 ---p 00000000 00:00 0 
7cacec201000-7caceca01000 rw-p 00000000 00:00 0 
7cacecafe000-7cacecc00000 rw-p 00000000 00:00 0 
7cacecc00000-7caceccdb000 r--p 00000000 103:05 39066653                  /usr/lib/x86_64-linux-gnu/libcuda.so.550.54.15
7caceccdb000-7caced173000 r-xp 000db000 103:05 39066653                  /usr/lib/x86_64-linux-gnu/libcuda.so.550.54.15
7caced173000-7cacee603000 r--p 00573000 103:05 39066653                  /usr/lib/x86_64-linux-gnu/libcuda.so.550.54.15
7cacee603000-7cacee61a000 r--p 01a02000 103:05 39066653                  /usr/lib/x86_64-linux-gnu/libcuda.so.550.54.15
7cacee61a000-7cacee715000 rw-p 01a19000 103:05 39066653                  /usr/lib/x86_64-linux-gnu/libcuda.so.550.54.15
7cacee715000-7cacee77b000 rw-p 00000000 00:00 0 
7cacee77f000-7cacee800000 rw-p 00000000 00:00 0 
7cacee800000-7cacee89d000 r--p 00000000 103:05 39063721                  /usr/lib/x86_64-linux-gnu/libstdc++.so.6.0.33
7cacee89d000-7cacee9dd000 r-xp 0009d000 103:05 39063721                  /usr/lib/x86_64-linux-gnu/libstdc++.so.6.0.33
7cacee9dd000-7caceea6b000 r--p 001dd000 103:05 39063721                  /usr/lib/x86_64-linux-gnu/libstdc++.so.6.0.33
7caceea6b000-7caceea76000 r--p 0026b000 103:05 39063721                  /usr/lib/x86_64-linux-gnu/libstdc++.so.6.0.33
7caceea76000-7caceea79000 rw-p 00276000 103:05 39063721                  /usr/lib/x86_64-linux-gnu/libstdc++.so.6.0.33
7caceea79000-7caceea7d000 rw-p 00000000 00:00 0 
7caceea8f000-7caceeb30000 rw-p 00000000 00:00 0 
7caceeb30000-7caceeb44000 r--p 00000000 103:05 26738754                  /tmp/libJCublas2-10.1.0-linux-x86_64.so
7caceeb44000-7caceebcc000 r-xp 00014000 103:05 26738754                  /tmp/libJCublas2-10.1.0-linux-x86_64.so
7caceebcc000-7caceebf9000 r--p 0009c000 103:05 26738754                  /tmp/libJCublas2-10.1.0-linux-x86_64.so
7caceebf9000-7caceebfa000 ---p 000c9000 103:05 26738754                  /tmp/libJCublas2-10.1.0-linux-x86_64.so
7caceebfa000-7caceebfd000 r--p 000c9000 103:05 26738754                  /tmp/libJCublas2-10.1.0-linux-x86_64.so
7caceebfd000-7caceebfe000 rw-p 000cc000 103:05 26738754                  /tmp/libJCublas2-10.1.0-linux-x86_64.so
7caceebfe000-7caceec00000 rw-p 00000000 00:00 0 
7caceec00000-7caceec04000 ---p 00000000 00:00 0 
7caceec04000-7caceed00000 rw-p 00000000 00:00 0 
7caceed00000-7caceed04000 ---p 00000000 00:00 0 
7caceed04000-7caceee00000 rw-p 00000000 00:00 0 
7caceee00000-7caceee04000 ---p 00000000 00:00 0 
7caceee04000-7caceef00000 rw-p 00000000 00:00 0 
7caceef00000-7caceef04000 ---p 00000000 00:00 0 
7caceef04000-7cacef000000 rw-p 00000000 00:00 0 
7cacef000000-7cacef004000 ---p 00000000 00:00 0 
7cacef004000-7cacef100000 rw-p 00000000 00:00 0 
7cacef100000-7cacef104000 ---p 00000000 00:00 0 
7cacef104000-7cacef200000 rw-p 00000000 00:00 0 
7cacef200000-7cacef204000 ---p 00000000 00:00 0 
7cacef204000-7cacef300000 rw-p 00000000 00:00 0 
7cacef300000-7cacef304000 ---p 00000000 00:00 0 
7cacef304000-7cacef400000 rw-p 00000000 00:00 0 
7cacef400000-7cacef404000 ---p 00000000 00:00 0 
7cacef404000-7cacef500000 rw-p 00000000 00:00 0 
7cacef500000-7cacef504000 ---p 00000000 00:00 0 
7cacef504000-7cacef600000 rw-p 00000000 00:00 0 
7cacef600000-7cacef604000 ---p 00000000 00:00 0 
7cacef604000-7cacef700000 rw-p 00000000 00:00 0 
7cacef700000-7cacef704000 ---p 00000000 00:00 0 
7cacef704000-7cacef800000 rw-p 00000000 00:00 0 
7cacef800000-7cacefd75000 r--p 00000000 103:05 39061600                  /usr/lib/locale/locale-archive
7cacefd7b000-7cacefdff000 rw-p 00000000 00:00 0 
7cacefdff000-7cacefe03000 ---p 00000000 00:00 0 
7cacefe03000-7cacefeff000 rw-p 00000000 00:00 0 
7cacefeff000-7caceff00000 ---p 00000000 00:00 0 
7caceff00000-7cacf0000000 rw-p 00000000 00:00 0 
7cacf0000000-7cacf0021000 rw-p 00000000 00:00 0 
7cacf0021000-7cacf4000000 ---p 00000000 00:00 0 
7cacf4011000-7cacf401e000 r-xp 00000000 103:05 39860315                  /usr/lib/jvm/jdk-22.0.2-oracle-x64/lib/libverify.so
7cacf401e000-7cacf4020000 r--p 0000c000 103:05 39860315                  /usr/lib/jvm/jdk-22.0.2-oracle-x64/lib/libverify.so
7cacf4020000-7cacf4021000 rw-p 0000e000 103:05 39860315                  /usr/lib/jvm/jdk-22.0.2-oracle-x64/lib/libverify.so
7cacf4021000-7cacf40ef000 r-xp 00000000 103:05 39860299                  /usr/lib/jvm/jdk-22.0.2-oracle-x64/lib/libjsvml.so
7cacf40ef000-7cacf40f0000 r--p 000cd000 103:05 39860299                  /usr/lib/jvm/jdk-22.0.2-oracle-x64/lib/libjsvml.so
7cacf40f0000-7cacf40f1000 rw-p 000ce000 103:05 39860299                  /usr/lib/jvm/jdk-22.0.2-oracle-x64/lib/libjsvml.so
7cacf40f1000-7cacf40f2000 ---p 00000000 00:00 0 
7cacf40f2000-7cacf41f2000 rw-p 00000000 00:00 0 
7cacf41f2000-7cacf41f3000 ---p 00000000 00:00 0 
7cacf41f3000-7cacf42f3000 rw-p 00000000 00:00 0 
7cacf42f3000-7cacf42f4000 ---p 00000000 00:00 0 
7cacf42f4000-7cacf43f4000 rw-p 00000000 00:00 0 
7cacf43f4000-7cacf77b0000 rw-p 00000000 00:00 0 
7cacf77b0000-7cacfea50000 ---p 00000000 00:00 0 
7cacfea50000-7cacfea60000 rw-p 00000000 00:00 0 
7cacfea60000-7cacfea72000 r--p 00000000 103:05 26738753                  /tmp/libJCudaRuntime-10.1.0-linux-x86_64.so
7cacfea72000-7cacfeada000 r-xp 00012000 103:05 26738753                  /tmp/libJCudaRuntime-10.1.0-linux-x86_64.so
7cacfeada000-7cacfeaf7000 r--p 0007a000 103:05 26738753                  /tmp/libJCudaRuntime-10.1.0-linux-x86_64.so
7cacfeaf7000-7cacfeaf8000 ---p 00097000 103:05 26738753                  /tmp/libJCudaRuntime-10.1.0-linux-x86_64.so
7cacfeaf8000-7cacfeafc000 r--p 00097000 103:05 26738753                  /tmp/libJCudaRuntime-10.1.0-linux-x86_64.so
7cacfeafc000-7cacfeafd000 rw-p 0009b000 103:05 26738753                  /tmp/libJCudaRuntime-10.1.0-linux-x86_64.so
7cacfeafd000-7cacfecf6000 rw-p 00000000 00:00 0 
7cacfecf6000-7cacffb4a000 ---p 00000000 00:00 0 
7cacffb4a000-7cacffb4c000 rw-p 00000000 00:00 0 
7cacffb4c000-7cacffcf6000 rw-p 00000000 00:00 0 
7cacffcf6000-7cad00b4a000 ---p 00000000 00:00 0 
7cad00b4a000-7cad00b4c000 rw-p 00000000 00:00 0 
7cad00b53000-7cad00b57000 r--p 00000000 103:05 39063720                  /usr/lib/x86_64-linux-gnu/libgcc_s.so.1
7cad00b57000-7cad00b7a000 r-xp 00004000 103:05 39063720                  /usr/lib/x86_64-linux-gnu/libgcc_s.so.1
7cad00b7a000-7cad00b7e000 r--p 00027000 103:05 39063720                  /usr/lib/x86_64-linux-gnu/libgcc_s.so.1
7cad00b7e000-7cad00b7f000 r--p 0002b000 103:05 39063720                  /usr/lib/x86_64-linux-gnu/libgcc_s.so.1
7cad00b7f000-7cad00b80000 rw-p 0002c000 103:05 39063720                  /usr/lib/x86_64-linux-gnu/libgcc_s.so.1
7cad00b8b000-7cad00b9b000 -w-s 00000000 00:05 1129                       /dev/nvidia0
7cad00b9b000-7cad00ba2000 r-xp 00000000 103:05 39860316                  /usr/lib/jvm/jdk-22.0.2-oracle-x64/lib/libzip.so
7cad00ba2000-7cad00ba3000 ---p 00007000 103:05 39860316                  /usr/lib/jvm/jdk-22.0.2-oracle-x64/lib/libzip.so
7cad00ba3000-7cad00ba4000 r--p 00007000 103:05 39860316                  /usr/lib/jvm/jdk-22.0.2-oracle-x64/lib/libzip.so
7cad00ba4000-7cad00ba5000 rw-p 00008000 103:05 39860316                  /usr/lib/jvm/jdk-22.0.2-oracle-x64/lib/libzip.so
7cad00ba5000-7cad00c00000 rw-p 00000000 00:00 0 
7cad00c00000-7cad00e70000 rwxp 00000000 00:00 0 
7cad00e70000-7cad0805f000 ---p 00000000 00:00 0 
7cad0805f000-7cad082cf000 rwxp 00000000 00:00 0 
7cad082cf000-7cad087a0000 ---p 00000000 00:00 0 
7cad087a0000-7cad08a10000 rwxp 00000000 00:00 0 
7cad08a10000-7cad0fc00000 ---p 00000000 00:00 0 
7cad0fc00000-7cad17fbb000 r--s 00000000 103:05 39860317                  /usr/lib/jvm/jdk-22.0.2-oracle-x64/lib/modules
7cad17fbf000-7cad1bfd4000 rw-p 00000000 00:00 0 
7cad1bfd4000-7cad1c000000 ---p 00000000 00:00 0 
7cad1c008000-7cad1c00d000 r-xp 00000000 103:05 39860283                  /usr/lib/jvm/jdk-22.0.2-oracle-x64/lib/libdt_socket.so
7cad1c00d000-7cad1c00e000 r--p 00004000 103:05 39860283                  /usr/lib/jvm/jdk-22.0.2-oracle-x64/lib/libdt_socket.so
7cad1c00e000-7cad1c00f000 rw-p 00005000 103:05 39860283                  /usr/lib/jvm/jdk-22.0.2-oracle-x64/lib/libdt_socket.so
7cad1c00f000-7cad1c016000 r--s 00000000 103:05 39070655                  /usr/lib/x86_64-linux-gnu/gconv/gconv-modules.cache
7cad1c016000-7cad1c021000 r-xp 00000000 103:05 39860306                  /usr/lib/jvm/jdk-22.0.2-oracle-x64/lib/libnet.so
7cad1c021000-7cad1c022000 ---p 0000b000 103:05 39860306                  /usr/lib/jvm/jdk-22.0.2-oracle-x64/lib/libnet.so
7cad1c022000-7cad1c023000 r--p 0000b000 103:05 39860306                  /usr/lib/jvm/jdk-22.0.2-oracle-x64/lib/libnet.so
7cad1c023000-7cad1c024000 rw-p 0000c000 103:05 39860306                  /usr/lib/jvm/jdk-22.0.2-oracle-x64/lib/libnet.so
7cad1c024000-7cad1c025000 ---p 00000000 00:00 0 
7cad1c025000-7cad1c125000 rw-p 00000000 00:00 0 
7cad1c125000-7cad1c126000 ---p 00000000 00:00 0 
7cad1c126000-7cad1c226000 rw-p 00000000 00:00 0 
7cad1c226000-7cad1c227000 ---p 00000000 00:00 0 
7cad1c227000-7cad1c327000 rw-p 00000000 00:00 0 
7cad1c327000-7cad1d133000 rw-p 00000000 00:00 0 
7cad1d133000-7cad1d217000 ---p 00000000 00:00 0 
7cad1d217000-7cad1d21c000 rw-p 00000000 00:00 0 
7cad1d21c000-7cad1d300000 ---p 00000000 00:00 0 
7cad1d300000-7cad1d304000 ---p 00000000 00:00 0 
7cad1d304000-7cad1d400000 rw-p 00000000 00:00 0 
7cad1d400000-7cad1e740000 r-xp 00000000 103:05 39860329                  /usr/lib/jvm/jdk-22.0.2-oracle-x64/lib/server/libjvm.so
7cad1e740000-7cad1e741000 ---p 01340000 103:05 39860329                  /usr/lib/jvm/jdk-22.0.2-oracle-x64/lib/server/libjvm.so
7cad1e741000-7cad1e80e000 r--p 01340000 103:05 39860329                  /usr/lib/jvm/jdk-22.0.2-oracle-x64/lib/server/libjvm.so
7cad1e80e000-7cad1e83c000 rw-p 0140d000 103:05 39860329                  /usr/lib/jvm/jdk-22.0.2-oracle-x64/lib/server/libjvm.so
7cad1e83c000-7cad1e8b2000 rw-p 00000000 00:00 0 
7cad1e8b5000-7cad1e8f3000 rw-p 00000000 00:00 0 
7cad1e8f3000-7cad1e913000 r-xp 00000000 103:05 39860291                  /usr/lib/jvm/jdk-22.0.2-oracle-x64/lib/libjava.so
7cad1e913000-7cad1e914000 ---p 00020000 103:05 39860291                  /usr/lib/jvm/jdk-22.0.2-oracle-x64/lib/libjava.so
7cad1e914000-7cad1e915000 r--p 00020000 103:05 39860291                  /usr/lib/jvm/jdk-22.0.2-oracle-x64/lib/libjava.so
7cad1e915000-7cad1e916000 rw-p 00021000 103:05 39860291                  /usr/lib/jvm/jdk-22.0.2-oracle-x64/lib/libjava.so
7cad1e916000-7cad1e917000 rw-p 00000000 00:00 0 
7cad1e917000-7cad1e927000 r--p 00000000 103:05 39070669                  /usr/lib/x86_64-linux-gnu/libm.so.6
7cad1e927000-7cad1e9a6000 r-xp 00010000 103:05 39070669                  /usr/lib/x86_64-linux-gnu/libm.so.6
7cad1e9a6000-7cad1e9fe000 r--p 0008f000 103:05 39070669                  /usr/lib/x86_64-linux-gnu/libm.so.6
7cad1e9fe000-7cad1e9ff000 r--p 000e7000 103:05 39070669                  /usr/lib/x86_64-linux-gnu/libm.so.6
7cad1e9ff000-7cad1ea00000 rw-p 000e8000 103:05 39070669                  /usr/lib/x86_64-linux-gnu/libm.so.6
7cad1ea00000-7cad1ea28000 r--p 00000000 103:05 39070666                  /usr/lib/x86_64-linux-gnu/libc.so.6
7cad1ea28000-7cad1ebb0000 r-xp 00028000 103:05 39070666                  /usr/lib/x86_64-linux-gnu/libc.so.6
7cad1ebb0000-7cad1ebff000 r--p 001b0000 103:05 39070666                  /usr/lib/x86_64-linux-gnu/libc.so.6
7cad1ebff000-7cad1ec03000 r--p 001fe000 103:05 39070666                  /usr/lib/x86_64-linux-gnu/libc.so.6
7cad1ec03000-7cad1ec05000 rw-p 00202000 103:05 39070666                  /usr/lib/x86_64-linux-gnu/libc.so.6
7cad1ec05000-7cad1ec12000 rw-p 00000000 00:00 0 
7cad1ec15000-7cad1ec28000 r-xp 00000000 103:05 39860307                  /usr/lib/jvm/jdk-22.0.2-oracle-x64/lib/libnio.so
7cad1ec28000-7cad1ec29000 ---p 00013000 103:05 39860307                  /usr/lib/jvm/jdk-22.0.2-oracle-x64/lib/libnio.so
7cad1ec29000-7cad1ec2a000 r--p 00013000 103:05 39860307                  /usr/lib/jvm/jdk-22.0.2-oracle-x64/lib/libnio.so
7cad1ec2a000-7cad1ec2b000 rw-p 00014000 103:05 39860307                  /usr/lib/jvm/jdk-22.0.2-oracle-x64/lib/libnio.so
7cad1ec2b000-7cad1ec6b000 r-xp 00000000 103:05 39860294                  /usr/lib/jvm/jdk-22.0.2-oracle-x64/lib/libjdwp.so
7cad1ec6b000-7cad1ec6c000 r--p 0003f000 103:05 39860294                  /usr/lib/jvm/jdk-22.0.2-oracle-x64/lib/libjdwp.so
7cad1ec6c000-7cad1ec6d000 rw-p 00040000 103:05 39860294                  /usr/lib/jvm/jdk-22.0.2-oracle-x64/lib/libjdwp.so
7cad1ec6d000-7cad1ec6e000 rw-p 00000000 00:00 0 
7cad1ec6e000-7cad1ec8c000 r-xp 00000000 103:05 39860295                  /usr/lib/jvm/jdk-22.0.2-oracle-x64/lib/libjimage.so
7cad1ec8c000-7cad1ec8e000 r--p 0001d000 103:05 39860295                  /usr/lib/jvm/jdk-22.0.2-oracle-x64/lib/libjimage.so
7cad1ec8e000-7cad1ec8f000 rw-p 0001f000 103:05 39860295                  /usr/lib/jvm/jdk-22.0.2-oracle-x64/lib/libjimage.so
7cad1ec8f000-7cad1ec90000 r--p 00000000 103:05 39070680                  /usr/lib/x86_64-linux-gnu/librt.so.1
7cad1ec90000-7cad1ec91000 r-xp 00001000 103:05 39070680                  /usr/lib/x86_64-linux-gnu/librt.so.1
7cad1ec91000-7cad1ec92000 r--p 00002000 103:05 39070680                  /usr/lib/x86_64-linux-gnu/librt.so.1
7cad1ec92000-7cad1ec93000 r--p 00002000 103:05 39070680                  /usr/lib/x86_64-linux-gnu/librt.so.1
7cad1ec93000-7cad1ec94000 rw-p 00003000 103:05 39070680                  /usr/lib/x86_64-linux-gnu/librt.so.1
7cad1ec94000-7cad1ec98000 rw-p 00000000 00:00 0 
7cad1ec98000-7cad1ec99000 r--p 00000000 103:05 39070668                  /usr/lib/x86_64-linux-gnu/libdl.so.2
7cad1ec99000-7cad1ec9a000 r-xp 00001000 103:05 39070668                  /usr/lib/x86_64-linux-gnu/libdl.so.2
7cad1ec9a000-7cad1ec9b000 r--p 00002000 103:05 39070668                  /usr/lib/x86_64-linux-gnu/libdl.so.2
7cad1ec9b000-7cad1ec9c000 r--p 00002000 103:05 39070668                  /usr/lib/x86_64-linux-gnu/libdl.so.2
7cad1ec9c000-7cad1ec9d000 rw-p 00003000 103:05 39070668                  /usr/lib/x86_64-linux-gnu/libdl.so.2
7cad1ec9d000-7cad1ec9e000 r--p 00000000 103:05 39070678                  /usr/lib/x86_64-linux-gnu/libpthread.so.0
7cad1ec9e000-7cad1ec9f000 r-xp 00001000 103:05 39070678                  /usr/lib/x86_64-linux-gnu/libpthread.so.0
7cad1ec9f000-7cad1eca0000 r--p 00002000 103:05 39070678                  /usr/lib/x86_64-linux-gnu/libpthread.so.0
7cad1eca0000-7cad1eca1000 r--p 00002000 103:05 39070678                  /usr/lib/x86_64-linux-gnu/libpthread.so.0
7cad1eca1000-7cad1eca2000 rw-p 00003000 103:05 39070678                  /usr/lib/x86_64-linux-gnu/libpthread.so.0
7cad1eca2000-7cad1ecb0000 r-xp 00000000 103:05 39860296                  /usr/lib/jvm/jdk-22.0.2-oracle-x64/lib/libjli.so
7cad1ecb0000-7cad1ecb1000 r--p 0000e000 103:05 39860296                  /usr/lib/jvm/jdk-22.0.2-oracle-x64/lib/libjli.so
7cad1ecb1000-7cad1ecb2000 rw-p 0000f000 103:05 39860296                  /usr/lib/jvm/jdk-22.0.2-oracle-x64/lib/libjli.so
7cad1ecb2000-7cad1ecb4000 r--p 00000000 103:05 39063281                  /usr/lib/x86_64-linux-gnu/libz.so.1.3
7cad1ecb4000-7cad1ecc6000 r-xp 00002000 103:05 39063281                  /usr/lib/x86_64-linux-gnu/libz.so.1.3
7cad1ecc6000-7cad1eccc000 r--p 00014000 103:05 39063281                  /usr/lib/x86_64-linux-gnu/libz.so.1.3
7cad1eccc000-7cad1eccd000 r--p 0001a000 103:05 39063281                  /usr/lib/x86_64-linux-gnu/libz.so.1.3
7cad1eccd000-7cad1ecce000 rw-p 0001b000 103:05 39063281                  /usr/lib/x86_64-linux-gnu/libz.so.1.3
7cad1eccf000-7cad1ecd4000 rw-p 00000000 00:00 0 
7cad1ecd4000-7cad1ecde000 ---p 00000000 00:00 0 
7cad1ecde000-7cad1ece6000 rw-s 00000000 103:05 26739214                  /tmp/hsperfdata_edov/10987
7cad1ece6000-7cad1ece7000 ---p 00000000 00:00 0 
7cad1ece7000-7cad1ece8000 r--p 00000000 00:00 0 
7cad1ece8000-7cad1ece9000 ---p 00000000 00:00 0 
7cad1ece9000-7cad1eceb000 rw-p 00000000 00:00 0 
7cad1eceb000-7cad1ecec000 r--p 00000000 103:05 39070663                  /usr/lib/x86_64-linux-gnu/ld-linux-x86-64.so.2
7cad1ecec000-7cad1ed17000 r-xp 00001000 103:05 39070663                  /usr/lib/x86_64-linux-gnu/ld-linux-x86-64.so.2
7cad1ed17000-7cad1ed21000 r--p 0002c000 103:05 39070663                  /usr/lib/x86_64-linux-gnu/ld-linux-x86-64.so.2
7cad1ed21000-7cad1ed23000 r--p 00036000 103:05 39070663                  /usr/lib/x86_64-linux-gnu/ld-linux-x86-64.so.2
7cad1ed23000-7cad1ed25000 rw-p 00038000 103:05 39070663                  /usr/lib/x86_64-linux-gnu/ld-linux-x86-64.so.2
7ffe2b35b000-7ffe2b37e000 rw-p 00000000 00:00 0                          [stack]
7ffe2b3c5000-7ffe2b3c9000 r--p 00000000 00:00 0                          [vvar]
7ffe2b3c9000-7ffe2b3cb000 r-xp 00000000 00:00 0                          [vdso]
ffffffffff600000-ffffffffff601000 --xp 00000000 00:00 0                  [vsyscall]
Total number of mappings: 325


VM Arguments:
jvm_args: -Dfile.encoding=UTF-8 -agentlib:jdwp=transport=dt_socket,address=localhost:37125 --module-path=/home/edov/projects/JCudaWrapper/build/classes 
java_command: main.VectorTest
java_class_path (initial): /home/edov/projects/JCudaWrapper/JCuda-All-10.1.0/jcublas-10.1.0-javadoc.jar:/home/edov/projects/JCudaWrapper/JCuda-All-10.1.0/jcublas-10.1.0-sources.jar:/home/edov/projects/JCudaWrapper/JCuda-All-10.1.0/jcublas-10.1.0.jar:/home/edov/projects/JCudaWrapper/JCuda-All-10.1.0/jcublas-natives-10.1.0-apple-x86_64.jar:/home/edov/projects/JCudaWrapper/JCuda-All-10.1.0/jcublas-natives-10.1.0-javadoc.jar:/home/edov/projects/JCudaWrapper/JCuda-All-10.1.0/jcublas-natives-10.1.0-linux-x86_64.jar:/home/edov/projects/JCudaWrapper/JCuda-All-10.1.0/jcublas-natives-10.1.0-sources.jar:/home/edov/projects/JCudaWrapper/JCuda-All-10.1.0/jcublas-natives-10.1.0-windows-x86_64.jar:/home/edov/projects/JCudaWrapper/JCuda-All-10.1.0/jcublas-natives-10.1.0.jar:/home/edov/projects/JCudaWrapper/JCuda-All-10.1.0/jcuda-10.1.0-javadoc.jar:/home/edov/projects/JCudaWrapper/JCuda-All-10.1.0/jcuda-10.1.0-sources.jar:/home/edov/projects/JCudaWrapper/JCuda-All-10.1.0/jcuda-10.1.0.jar:/home/edov/projects/JCudaWrapper/JCuda-All-10.1.0/jcuda-common-10.1.0-javadoc.jar:/home/edov/projects/JCudaWrapper/JCuda-All-10.1.0/jcuda-common-10.1.0-sources.jar:/home/edov/projects/JCudaWrapper/JCuda-All-10.1.0/jcuda-common-10.1.0.jar:/home/edov/projects/JCudaWrapper/JCuda-All-10.1.0/jcuda-natives-10.1.0-apple-x86_64.jar:/home/edov/projects/JCudaWrapper/JCuda-All-10.1.0/jcuda-natives-10.1.0-javadoc.jar:/home/edov/projects/JCudaWrapper/JCuda-All-10.1.0/jcuda-natives-10.1.0-linux-x86_64.jar:/home/edov/projects/JCudaWrapper/JCuda-All-10.1.0/jcuda-natives-10.1.0-sources.jar:/home/edov/projects/JCudaWrapper/JCuda-All-10.1.0/jcuda-natives-10.1.0-windows-x86_64.jar:/home/edov/projects/JCudaWrapper/JCuda-All-10.1.0/jcuda-natives-10.1.0.jar:/home/edov/projects/JCudaWrapper/JCuda-All-10.1.0/jcudnn-10.1.0-javadoc.jar:/home/edov/projects/JCudaWrapper/JCuda-All-10.1.0/jcudnn-10.1.0-sources.jar:/home/edov/projects/JCudaWrapper/JCuda-All-10.1.0/jcudnn-10.1.0.jar:/home/edov/projects/JCudaWrapper/JCuda-All-10.1.0/jcudnn-natives-10.1.0-apple-x86_64.jar:/home/edov/projects/JCudaWrapper/JCuda-All-10.1.0/jcudnn-natives-10.1.0-javadoc.jar:/home/edov/projects/JCudaWrapper/JCuda-All-10.1.0/jcudnn-natives-10.1.0-linux-x86_64.jar:/home/edov/projects/JCudaWrapper/JCuda-All-10.1.0/jcudnn-natives-10.1.0-sources.jar:/home/edov/projects/JCudaWrapper/JCuda-All-10.1.0/jcudnn-natives-10.1.0-windows-x86_64.jar:/home/edov/projects/JCudaWrapper/JCuda-All-10.1.0/jcudnn-natives-10.1.0.jar:/home/edov/projects/JCudaWrapper/JCuda-All-10.1.0/jcufft-10.1.0-javadoc.jar:/home/edov/projects/JCudaWrapper/JCuda-All-10.1.0/jcufft-10.1.0-sources.jar:/home/edov/projects/JCudaWrapper/JCuda-All-10.1.0/jcufft-10.1.0.jar:/home/edov/projects/JCudaWrapper/JCuda-All-10.1.0/jcufft-natives-10.1.0-apple-x86_64.jar:/home/edov/projects/JCudaWrapper/JCuda-All-10.1.0/jcufft-natives-10.1.0-javadoc.jar:/home/edov/projects/JCudaWrapper/JCuda-All-10.1.0/jcufft-natives-10.1.0-linux-x86_64.jar:/home/edov/projects/JCudaWrapper/JCuda-All-10.1.0/jcufft-natives-10.1.0-sources.jar:/home/edov/projects/JCudaWrapper/JCuda-All-10.1.0/jcufft-natives-10.1.0-windows-x86_64.jar:/home/edov/projects/JCudaWrapper/JCuda-All-10.1.0/jcufft-natives-10.1.0.jar:/home/edov/projects/JCudaWrapper/JCuda-All-10.1.0/jcurand-10.1.0-javadoc.jar:/home/edov/projects/JCudaWrapper/JCuda-All-10.1.0/jcurand-10.1.0-sources.jar:/home/edov/projects/JCudaWrapper/JCuda-All-10.1.0/jcurand-10.1.0.jar:/home/edov/projects/JCudaWrapper/JCuda-All-10.1.0/jcurand-natives-10.1.0-apple-x86_64.jar:/home/edov/projects/JCudaWrapper/JCuda-All-10.1.0/jcurand-natives-10.1.0-javadoc.jar:/home/edov/projects/JCudaWrapper/JCuda-All-10.1.0/jcurand-natives-10.1.0-linux-x86_64.jar:/home/edov/projects/JCudaWrapper/JCuda-All-10.1.0/jcurand-natives-10.1.0-sources.jar:/home/edov/projects/JCudaWrapper/JCuda-All-10.1.0/jcurand-natives-10.1.0-windows-x86_64.jar:/home/edov/projects/JCudaWrapper/JCuda-All-10.1.0/jcurand-natives-10.1.0.jar:/home/edov/projects/JCudaWrapper/JCuda-All-10.1.0/jcusolver-10.1.0-javadoc.jar:/home/edov/projects/JCudaWrapper/JCuda-All-10.1.0/jcusolver-10.1.0-sources.jar:/home/edov/projects/JCudaWrapper/JCuda-All-10.1.0/jcusolver-10.1.0.jar:/home/edov/projects/JCudaWrapper/JCuda-All-10.1.0/jcusolver-natives-10.1.0-apple-x86_64.jar:/home/edov/projects/JCudaWrapper/JCuda-All-10.1.0/jcusolver-natives-10.1.0-javadoc.jar:/home/edov/projects/JCudaWrapper/JCuda-All-10.1.0/jcusolver-natives-10.1.0-linux-x86_64.jar:/home/edov/projects/JCudaWrapper/JCuda-All-10.1.0/jcusolver-natives-10.1.0-sources.jar:/home/edov/projects/JCudaWrapper/JCuda-All-10.1.0/jcusolver-natives-10.1.0-windows-x86_64.jar:/home/edov/projects/JCudaWrapper/JCuda-All-10.1.0/jcusolver-natives-10.1.0.jar:/home/edov/projects/JCudaWrapper/JCuda-All-10.1.0/jcusparse-10.1.0-javadoc.jar:/home/edov/projects/JCudaWrapper/JCuda-All-10.1.0/jcusparse-10.1.0-sources.jar:/home/edov/projects/JCudaWrapper/JCuda-All-10.1.0/jcusparse-10.1.0.jar:/home/edov/projects/JCudaWrapper/JCuda-All-10.1.0/jcusparse-natives-10.1.0-apple-x86_64.jar:/home/edov/projects/JCudaWrapper/JCuda-All-10.1.0/jcusparse-natives-10.1.0-javadoc.jar:/home/edov/projects/JCudaWrapper/JCuda-All-10.1.0/jcusparse-natives-10.1.0-linux-x86_64.jar:/home/edov/projects/JCudaWrapper/JCuda-All-10.1.0/jcusparse-natives-10.1.0-sources.jar:/home/edov/projects/JCudaWrapper/JCuda-All-10.1.0/jcusparse-natives-10.1.0-windows-x86_64.jar:/home/edov/projects/JCudaWrapper/JCuda-All-10.1.0/jcusparse-natives-10.1.0.jar:/home/edov/projects/JCudaWrapper/JCuda-All-10.1.0/jnvgraph-10.1.0-javadoc.jar:/home/edov/projects/JCudaWrapper/JCuda-All-10.1.0/jnvgraph-10.1.0-sources.jar:/home/edov/projects/JCudaWrapper/JCuda-All-10.1.0/jnvgraph-10.1.0.jar:/home/edov/projects/JCudaWrapper/JCuda-All-10.1.0/jnvgraph-natives-10.1.0-apple-x86_64.jar:/home/edov/projects/JCudaWrapper/JCuda-All-10.1.0/jnvgraph-natives-10.1.0-javadoc.jar:/home/edov/projects/JCudaWrapper/JCuda-All-10.1.0/jnvgraph-natives-10.1.0-linux-x86_64.jar:/home/edov/projects/JCudaWrapper/JCuda-All-10.1.0/jnvgraph-natives-10.1.0-sources.jar:/home/edov/projects/JCudaWrapper/JCuda-All-10.1.0/jnvgraph-natives-10.1.0-windows-x86_64.jar:/home/edov/projects/JCudaWrapper/JCuda-All-10.1.0/jnvgraph-natives-10.1.0.jar:/home/edov/projects/JCudaWrapper/commons-math3-3.6.1.jar:/home/edov/projects/JCudaWrapper/build/classes
Launcher Type: SUN_STANDARD

[Global flags]
     intx CICompilerCount                          = 12                                        {product} {ergonomic}
     uint ConcGCThreads                            = 3                                         {product} {ergonomic}
     uint G1ConcRefinementThreads                  = 13                                        {product} {ergonomic}
   size_t G1HeapRegionSize                         = 4194304                                   {product} {ergonomic}
   size_t InitialHeapSize                          = 515899392                                 {product} {ergonomic}
   size_t MarkStackSize                            = 4194304                                   {product} {ergonomic}
   size_t MaxHeapSize                              = 8212447232                                {product} {ergonomic}
   size_t MaxNewSize                               = 4924112896                                {product} {ergonomic}
   size_t MinHeapDeltaBytes                        = 4194304                                   {product} {ergonomic}
   size_t MinHeapSize                              = 8388608                                   {product} {ergonomic}
    uintx NonNMethodCodeHeapSize                   = 7602480                                {pd product} {ergonomic}
    uintx NonProfiledCodeHeapSize                  = 122027880                              {pd product} {ergonomic}
    uintx ProfiledCodeHeapSize                     = 122027880                              {pd product} {ergonomic}
    uintx ReservedCodeCacheSize                    = 251658240                              {pd product} {ergonomic}
     bool SegmentedCodeCache                       = true                                      {product} {ergonomic}
   size_t SoftMaxHeapSize                          = 8212447232                             {manageable} {ergonomic}
     bool UseCompressedOops                        = true                           {product lp64_product} {ergonomic}
     bool UseG1GC                                  = true                                      {product} {ergonomic}

Logging:
Log output configuration:
 #0: stdout all=warning uptime,level,tags foldmultilines=false
 #1: stderr all=off uptime,level,tags foldmultilines=false

Environment Variables:
PATH=/usr/local/sbin:/usr/local/bin:/usr/sbin:/usr/bin:/sbin:/bin:/usr/games:/usr/local/games:/snap/bin:/snap/bin
USERNAME=edov
SHELL=/bin/bash
DISPLAY=:1
LANG=en_IL

Active Locale:
LC_ALL=en_IL
LC_COLLATE=en_IL
LC_CTYPE=en_IL
LC_MESSAGES=en_IL
LC_MONETARY=en_IL
LC_NUMERIC=en_IL
LC_TIME=en_IL

Signal Handlers:
   SIGSEGV: crash_handler in libjvm.so, mask=11100100010111111101111111111110, flags=SA_RESTART|SA_SIGINFO, unblocked
    SIGBUS: crash_handler in libjvm.so, mask=11100100010111111101111111111110, flags=SA_RESTART|SA_SIGINFO, unblocked
    SIGFPE: crash_handler in libjvm.so, mask=11100100010111111101111111111110, flags=SA_RESTART|SA_SIGINFO, unblocked
   SIGPIPE: javaSignalHandler in libjvm.so, mask=11100100010111111101111111111110, flags=SA_RESTART|SA_SIGINFO, blocked
   SIGXFSZ: javaSignalHandler in libjvm.so, mask=11100100010111111101111111111110, flags=SA_RESTART|SA_SIGINFO, blocked
    SIGILL: crash_handler in libjvm.so, mask=11100100010111111101111111111110, flags=SA_RESTART|SA_SIGINFO, unblocked
   SIGUSR2: SR_handler in libjvm.so, mask=00000000000000000000000000000000, flags=SA_RESTART|SA_SIGINFO, blocked
    SIGHUP: UserHandler in libjvm.so, mask=11100100010111111101111111111110, flags=SA_RESTART|SA_SIGINFO, blocked
    SIGINT: SIG_IGN, mask=00000000000000000000000000000000, flags=none, blocked
   SIGTERM: UserHandler in libjvm.so, mask=11100100010111111101111111111110, flags=SA_RESTART|SA_SIGINFO, blocked
   SIGQUIT: UserHandler in libjvm.so, mask=11100100010111111101111111111110, flags=SA_RESTART|SA_SIGINFO, blocked
   SIGTRAP: crash_handler in libjvm.so, mask=11100100010111111101111111111110, flags=SA_RESTART|SA_SIGINFO, unblocked


Periodic native trim disabled

---------------  S Y S T E M  ---------------

OS:
DISTRIB_ID=Ubuntu
DISTRIB_RELEASE=24.04
DISTRIB_CODENAME=noble
DISTRIB_DESCRIPTION="Ubuntu 24.04.1 LTS"
uname: Linux 6.8.0-44-generic #44-Ubuntu SMP PREEMPT_DYNAMIC Tue Aug 13 13:35:26 UTC 2024 x86_64
OS uptime: 0 days 1:05 hours
libc: glibc 2.39 NPTL 2.39 
rlimit (soft/hard): STACK 8192k/infinity , CORE 0k/infinity , NPROC 125013/125013 , NOFILE 1048576/1048576 , AS infinity/infinity , CPU infinity/infinity , DATA infinity/infinity , FSIZE infinity/infinity , MEMLOCK 4009332k/4009332k
load average: 0.87 0.67 0.65

/proc/meminfo:
MemTotal:       32074664 kB
MemFree:        20522616 kB
MemAvailable:   24237776 kB
Buffers:          197168 kB
Cached:          3885196 kB
SwapCached:            0 kB
Active:          6806132 kB
Inactive:        2415048 kB
Active(anon):    5254820 kB
Inactive(anon):        0 kB
Active(file):    1551312 kB
Inactive(file):  2415048 kB
Unevictable:          48 kB
Mlocked:              48 kB
SwapTotal:       2097148 kB
SwapFree:        2097148 kB
Zswap:                 0 kB
Zswapped:              0 kB
Dirty:               364 kB
Writeback:             0 kB
AnonPages:       5138928 kB
Mapped:           964716 kB
Shmem:            116004 kB
KReclaimable:     213280 kB
Slab:             526064 kB
SReclaimable:     213280 kB
SUnreclaim:       312784 kB
KernelStack:       24944 kB
PageTables:        63204 kB
SecPageTables:         0 kB
NFS_Unstable:          0 kB
Bounce:                0 kB
WritebackTmp:          0 kB
CommitLimit:    18134480 kB
Committed_AS:   31262080 kB
VmallocTotal:   34359738367 kB
VmallocUsed:      167284 kB
VmallocChunk:          0 kB
Percpu:            18752 kB
HardwareCorrupted:     0 kB
AnonHugePages:         0 kB
ShmemHugePages:        0 kB
ShmemPmdMapped:        0 kB
FileHugePages:         0 kB
FilePmdMapped:         0 kB
Unaccepted:            0 kB
HugePages_Total:       0
HugePages_Free:        0
HugePages_Rsvd:        0
HugePages_Surp:        0
Hugepagesize:       2048 kB
Hugetlb:               0 kB
DirectMap4k:     1892840 kB
DirectMap2M:    17233920 kB
DirectMap1G:    14680064 kB

/sys/kernel/mm/transparent_hugepage/enabled: always [madvise] never
/sys/kernel/mm/transparent_hugepage/hpage_pmd_size: 2097152
/sys/kernel/mm/transparent_hugepage/shmem_enabled: always within_size advise [never] deny force
/sys/kernel/mm/transparent_hugepage/defrag (defrag/compaction efforts parameter): always defer defer+madvise [madvise] never

Process Memory:
Virtual Size: 16643348K (peak: 16708820K)
Resident Set Size: 346336K (peak: 346336K) (anon: 187284K, file: 150860K, shmem: 8192K)
Swapped out: 0K
C-Heap outstanding allocations: 261643K, retained: 7560K
glibc malloc tunables: (default)

/proc/sys/kernel/threads-max (system-wide limit on the number of threads): 250027
/proc/sys/vm/max_map_count (maximum number of memory map areas a process may have): 1048576
/proc/sys/vm/swappiness (control to define how aggressively the kernel swaps out anonymous memory): 60
/proc/sys/kernel/pid_max (system-wide limit on number of process identifiers): 4194304

container (cgroup) information:
container_type: cgroupv2
cpu_cpuset_cpus: not supported
cpu_memory_nodes: not supported
active_processor_count: 16
cpu_quota: not supported
cpu_period: not supported
cpu_shares: not supported
memory_limit_in_bytes: unlimited
memory_and_swap_limit_in_bytes: unlimited
memory_soft_limit_in_bytes: unlimited
memory_usage_in_bytes: 2860692 k
memory_max_usage_in_bytes: not supported
memory_swap_current_in_bytes: unlimited
memory_swap_max_limit_in_bytes: unlimited
maximum number of tasks: 37504
current number of tasks: 102

Steal ticks since vm start: 0
Steal ticks percentage since vm start:  0.000

CPU: total 16 (initial active 16) (16 cores per cpu, 2 threads per core) family 25 model 68 stepping 1 microcode 0xa404101, cx8, cmov, fxsr, ht, mmx, 3dnowpref, sse, sse2, sse3, ssse3, sse4a, sse4.1, sse4.2, popcnt, lzcnt, tsc, tscinvbit, avx, avx2, aes, clmul, bmi1, bmi2, adx, sha, fma, vzeroupper, clflush, clflushopt, rdtscp, rdpid, f16c, pku, ospke, cet_ss
CPU Model and flags from /proc/cpuinfo:
model name	: AMD Ryzen 9 6900HS with Radeon Graphics
flags		: fpu vme de pse tsc msr pae mce cx8 apic sep mtrr pge mca cmov pat pse36 clflush mmx fxsr sse sse2 ht syscall nx mmxext fxsr_opt pdpe1gb rdtscp lm constant_tsc rep_good nopl nonstop_tsc cpuid extd_apicid aperfmperf rapl pni pclmulqdq monitor ssse3 fma cx16 sse4_1 sse4_2 x2apic movbe popcnt aes xsave avx f16c rdrand lahf_lm cmp_legacy svm extapic cr8_legacy abm sse4a misalignsse 3dnowprefetch osvw ibs skinit wdt tce topoext perfctr_core perfctr_nb bpext perfctr_llc mwaitx cpb cat_l3 cdp_l3 hw_pstate ssbd mba ibrs ibpb stibp vmmcall fsgsbase bmi1 avx2 smep bmi2 invpcid cqm rdt_a rdseed adx smap clflushopt clwb sha_ni xsaveopt xsavec xgetbv1 xsaves cqm_llc cqm_occup_llc cqm_mbm_total cqm_mbm_local user_shstk clzero irperf xsaveerptr rdpru wbnoinvd cppc arat npt lbrv svm_lock nrip_save tsc_scale vmcb_clean flushbyasid decodeassists pausefilter pfthreshold avic v_vmsave_vmload vgif v_spec_ctrl umip pku ospke vaes vpclmulqdq rdpid overflow_recov succor smca debug_swap

Online cpus: 0-15
Offline cpus: 
BIOS frequency limitation: <Not Available>
Frequency switch latency (ns): 0
Available cpu frequencies: <Not Available>
Current governor: powersave
Core performance/turbo boost: <Not Available>

Memory: 4k page, physical 32074664k(24237776k free), swap 2097148k(2097148k free)
Page Sizes: 4k

vm_info: Java HotSpot(TM) 64-Bit Server VM (22.0.2+9-70) for linux-amd64 JRE (22.0.2+9-70), built on 2024-06-04T16:52:23Z by "mach5one" with gcc 13.2.0

END.
