#
# A fatal error has been detected by the Java Runtime Environment:
#
#  SIGSEGV (0xb) at pc=0x000075d9af0d1bb8, pid=11529, tid=11534
#
# JRE version: Java(TM) SE Runtime Environment (22.0.2+9) (build 22.0.2+9-70)
# Java VM: Java HotSpot(TM) 64-Bit Server VM (22.0.2+9-70, mixed mode, sharing, tiered, compressed oops, compressed class ptrs, g1 gc, linux-amd64)
# Problematic frame:
# C  [libcublas.so.10+0xd1bb8]
#
# Core dump will be written. Default location: Core dumps may be processed with "/usr/share/apport/apport -p%p -s%s -c%c -d%d -P%P -u%u -g%g -- %E" (or dumping to /home/edov/projects/JCudaWrapper/core.11529)
#
# If you would like to submit a bug report, please visit:
#   https://bugreport.java.com/bugreport/crash.jsp
# The crash happened outside the Java Virtual Machine in native code.
# See problematic frame for where to report the bug.
#

---------------  S U M M A R Y ------------

Command Line: -Dfile.encoding=UTF-8 --module-path=/home/edov/projects/JCudaWrapper/build/classes storage.DArray

Host: AMD Ryzen 9 6900HS with Radeon Graphics, 16 cores, 30G, Ubuntu 24.04.1 LTS
Time: Tue Sep 17 08:58:10 2024 IDT elapsed time: 0.528608 seconds (0d 0h 0m 0s)

---------------  T H R E A D  ---------------

Current thread (0x000075da9002d4c0):  JavaThread "main"             [_thread_in_native, id=11534, stack(0x000075da94b00000,0x000075da94c00000) (1024K)]

Stack: [0x000075da94b00000,0x000075da94c00000],  sp=0x000075da94bfe4e0,  free space=1017k
Native frames: (J=compiled Java code, j=interpreted, Vv=VM code, C=native code)
C  [libcublas.so.10+0xd1bb8]
Java frames: (J=compiled Java code, j=interpreted, Vv=VM code)
j  jcuda.jcublas.JCublas2.cublasDnrm2Native(Ljcuda/jcublas/cublasHandle;ILjcuda/Pointer;ILjcuda/Pointer;)I+0
j  jcuda.jcublas.JCublas2.cublasDnrm2(Ljcuda/jcublas/cublasHandle;ILjcuda/Pointer;ILjcuda/Pointer;)I+6
j  storage.DArray.norm(LprocessSupport/Handle;IILstorage/DSingleton;)Lstorage/DSingleton;+31
j  storage.DArray.main([Ljava/lang/String;)V+45
v  ~StubRoutines::call_stub 0x000075da8005fcc6

siginfo: si_signo: 11 (SIGSEGV), si_code: 2 (SEGV_ACCERR), si_addr: 0x000075d964e20800

Registers:
RAX=0x0000000000000000, RBX=0x0000000000000001, RCX=0x0000000000000001, RDX=0x0000000000000007
RSP=0x000075da94bfe4e0, RBP=0x0000000000000002, RSI=0x0000000000000002, RDI=0x000075d96b2fda40
R8 =0x000075d964e20800, R9 =0x0000000634c15ca0, R10=0x000075d9af004380, R11=0x000075d9af0cb5b0
R12=0x000075d96b2fda40, R13=0x0000000000000001, R14=0x000075d964e20800, R15=0x000075d964e20600
RIP=0x000075d9af0d1bb8, EFLAGS=0x0000000000010202, CSGSFS=0x002b000000000033, ERR=0x0000000000000006
  TRAPNO=0x000000000000000e


Register to memory mapping:

RAX=0x0 is null
RBX=0x0000000000000001 is an unknown value
RCX=0x0000000000000001 is an unknown value
RDX=0x0000000000000007 is an unknown value
RSP=0x000075da94bfe4e0 is pointing into the stack for thread: 0x000075da9002d4c0
RBP=0x0000000000000002 is an unknown value
RSI=0x0000000000000002 is an unknown value
RDI=0x000075d96b2fda40 points into unknown readable memory: 0x7fffffff00000200 | 00 02 00 00 ff ff ff 7f
R8 =0x000075d964e20800 is an unknown value
R9 =0x0000000634c15ca0 is an oop: jcuda.driver.CUdeviceptr 
{0x0000000634c15ca0} - klass: 'jcuda/driver/CUdeviceptr'
 - ---- fields (total size 5 words):
 - private 'nativePointer' 'J' @16  129576560887808 (0x000075d964e20800)
 - private 'buffer' 'Ljava/nio/Buffer;' @12  null (0x00000000)
 - private 'byteOffset' 'J' @24  0 (0x0000000000000000)
 - private 'pointers' '[Ljcuda/NativePointerObject;' @32  null (0x00000000)
R10=0x000075d9af004380: <offset 0x0000000000004380> in /lib/x86_64-linux-gnu/libcublas.so.10 at 0x000075d9af000000
R11=0x000075d9af0cb5b0: cublasDnrm2_v2+0x0000000000000000 in /lib/x86_64-linux-gnu/libcublas.so.10 at 0x000075d9af000000
R12=0x000075d96b2fda40 points into unknown readable memory: 0x7fffffff00000200 | 00 02 00 00 ff ff ff 7f
R13=0x0000000000000001 is an unknown value
R14=0x000075d964e20800 is an unknown value
R15=0x000075d964e20600 is an unknown value

Top of Stack: (sp=0x000075da94bfe4e0)
0x000075da94bfe4e0:   2020202020202020 0000000000000000
0x000075da94bfe4f0:   0000000000000000 000075d964e20600
0x000075da94bfe500:   0000000000000000 0000000000000000
0x000075da94bfe510:   0000000000000000 0000000000000000
0x000075da94bfe520:   0000000000000000 000075da901381c0
0x000075da94bfe530:   000075da94bfe550 000075da95899906
0x000075da94bfe540:   000075da663e8680 000000069002e050
0x000075da94bfe550:   000075da94bfe580 000075da958d14d8
0x000075da94bfe560:   000075da90145460 951f703b67415300
0x000075da94bfe570:   0000000000000001 000075da94bfe840
0x000075da94bfe580:   0000000000000002 8000000000000006
0x000075da94bfe590:   0000000000000000 0000000000000000
0x000075da94bfe5a0:   0000000000000000 0000000000000000
0x000075da94bfe5b0:   0000000000000000 0000000000000000
0x000075da94bfe5c0:   000075da9002d4c0 0000000000000000
0x000075da94bfe5d0:   000075da94bfe5f0 000075da95594377
0x000075da94bfe5e0:   000075da9002e128 000075d95cfefaf0
0x000075da94bfe5f0:   0000000000000000 000075da044154b8
0x000075da94bfe600:   000075da94bfe620 000075da663c8fc5
0x000075da94bfe610:   000075da94bfe820 000075da044154b8
0x000075da94bfe620:   000075da94bfe780 0000000000000000
0x000075da94bfe630:   000075da044154b8 000075da94bfe840
0x000075da94bfe640:   000075d964e20600 000075d9af0cb5fe
0x000075da94bfe650:   000075da94bfe680 000075d96b2fda40
0x000075da94bfe660:   000075da94bfe680 000075d964e20800
0x000075da94bfe670:   0000000200000001 000075d96b2fda40
0x000075da94bfe680:   000075da94bfe700 000075da663c9ac8
0x000075da94bfe690:   000075da94bfe820 000075da9002d880
0x000075da94bfe6a0:   000075da9002d400 0000010000000062
0x000075da94bfe6b0:   000075da94bfe830 000075da9002d880
0x000075da94bfe6c0:   0000000000000000 000075da663c9dc5
0x000075da94bfe6d0:   0000000000000000 000075da044154b8 

Instructions: (pc=0x000075d9af0d1bb8)
0x000075d9af0d1ab8:   ff 4c 8b 8c 24 18 01 00 00 48 8b b4 24 c0 00 00
0x000075d9af0d1ac8:   00 48 89 ef 8b 94 24 c8 00 00 00 48 8b 8c 24 b0
0x000075d9af0d1ad8:   00 00 00 44 8b 84 24 b8 00 00 00 4c 8b 9c 24 10
0x000075d9af0d1ae8:   01 00 00 4c 89 0c 24 4c 8d 8c 24 20 01 00 00 48
0x000075d9af0d1af8:   89 b4 24 90 00 00 00 89 94 24 98 00 00 00 48 89
0x000075d9af0d1b08:   8c 24 a0 00 00 00 44 89 84 24 a8 00 00 00 4c 89
0x000075d9af0d1b18:   5c 24 08 e8 80 bb 50 00 e9 6d fe ff ff 48 03 9c
0x000075d9af0d1b28:   24 28 01 00 00 4d 8b 44 24 48 b9 03 00 00 00 ba
0x000075d9af0d1b38:   08 00 00 00 4c 89 f7 48 89 de e8 f9 e5 50 00 e9
0x000075d9af0d1b48:   9a fe ff ff 90 90 90 90 48 89 6c 24 d8 4c 89 64
0x000075d9af0d1b58:   24 e0 89 f5 4c 89 6c 24 e8 4c 89 74 24 f0 49 89
0x000075d9af0d1b68:   fc 48 89 5c 24 d0 4c 89 7c 24 f8 48 81 ec 68 01
0x000075d9af0d1b78:   00 00 48 85 ff 48 89 54 24 18 41 89 cd 4d 89 c6
0x000075d9af0d1b88:   0f 84 85 01 00 00 8b 5f 38 85 db 0f 84 7a 01 00
0x000075d9af0d1b98:   00 4d 85 c0 ba 07 00 00 00 0f 84 ff 00 00 00 8b
0x000075d9af0d1ba8:   47 50 85 c0 89 44 24 2c 0f 85 2a 01 00 00 85 f6
0x000075d9af0d1bb8:   49 c7 00 00 00 00 00 0f 8e 4a 01 00 00 85 c9 0f
0x000075d9af0d1bc8:   8e 42 01 00 00 48 8b 35 94 83 bd 04 31 c9 4c 89
0x000075d9af0d1bd8:   e7 48 89 f2 48 89 74 24 10 be 80 00 00 00 e8 d5
0x000075d9af0d1be8:   39 fe ff 85 c0 ba 0d 00 00 00 0f 8e ae 00 00 00
0x000075d9af0d1bf8:   39 e8 41 89 ef 49 8d 54 24 78 44 0f 4e f8 42 8d
0x000075d9af0d1c08:   1c fd 08 00 00 00 48 89 d7 48 89 54 24 20 e8 75
0x000075d9af0d1c18:   88 f5 ff 39 c3 0f 8f ca 01 00 00 48 8b 7c 24 20
0x000075d9af0d1c28:   48 8d b4 24 28 01 00 00 89 da e8 79 91 f5 ff 85
0x000075d9af0d1c38:   c0 89 c2 75 69 48 63 d3 48 c7 44 24 70 00 00 00
0x000075d9af0d1c48:   00 48 c7 44 24 78 00 00 00 00 48 81 fa ff ff 00
0x000075d9af0d1c58:   00 48 c7 84 24 80 00 00 00 00 00 00 00 48 c7 84
0x000075d9af0d1c68:   24 88 00 00 00 00 00 00 00 49 8b 4c 24 48 48 8b
0x000075d9af0d1c78:   bc 24 28 01 00 00 0f 87 9c 00 00 00 49 8d b4 24
0x000075d9af0d1c88:   d8 00 00 00 49 89 c8 b9 01 00 00 00 e8 a7 e4 50
0x000075d9af0d1c98:   00 85 c0 0f 84 8e 00 00 00 ba 0e 00 00 00 48 8b
0x000075d9af0d1ca8:   9c 24 38 01 00 00 48 8b ac 24 40 01 00 00 89 d0 


Stack slot to memory mapping:

stack at sp + 0 slots: 0x2020202020202020 is an unknown value
stack at sp + 1 slots: 0x0 is null
stack at sp + 2 slots: 0x0 is null
stack at sp + 3 slots: 0x000075d964e20600 is an unknown value
stack at sp + 4 slots: 0x0 is null
stack at sp + 5 slots: 0x0 is null
stack at sp + 6 slots: 0x0 is null
stack at sp + 7 slots: 0x0 is null


---------------  P R O C E S S  ---------------

Threads class SMR info:
_java_thread_list=0x000075d95cfe7a80, length=13, elements={
0x000075da9002d4c0, 0x000075da9014c560, 0x000075da9014dbb0, 0x000075da9014f690,
0x000075da90150cd0, 0x000075da90152270, 0x000075da90153e10, 0x000075da90155520,
0x000075da90174b70, 0x000075d9d402efb0, 0x000075d9c80115b0, 0x000075da901afe90,
0x000075d95cfe7ea0
}

Java Threads: ( => current thread )
=>0x000075da9002d4c0 JavaThread "main"                              [_thread_in_native, id=11534, stack(0x000075da94b00000,0x000075da94c00000) (1024K)]
  0x000075da9014c560 JavaThread "Reference Handler"          daemon [_thread_blocked, id=11542, stack(0x000075da66f00000,0x000075da67000000) (1024K)]
  0x000075da9014dbb0 JavaThread "Finalizer"                  daemon [_thread_blocked, id=11543, stack(0x000075da66e00000,0x000075da66f00000) (1024K)]
  0x000075da9014f690 JavaThread "Signal Dispatcher"          daemon [_thread_blocked, id=11544, stack(0x000075da66d00000,0x000075da66e00000) (1024K)]
  0x000075da90150cd0 JavaThread "Service Thread"             daemon [_thread_blocked, id=11545, stack(0x000075da66c00000,0x000075da66d00000) (1024K)]
  0x000075da90152270 JavaThread "Monitor Deflation Thread"   daemon [_thread_blocked, id=11546, stack(0x000075da66b00000,0x000075da66c00000) (1024K)]
  0x000075da90153e10 JavaThread "C2 CompilerThread0"         daemon [_thread_blocked, id=11547, stack(0x000075da66a00000,0x000075da66b00000) (1024K)]
  0x000075da90155520 JavaThread "C1 CompilerThread0"         daemon [_thread_blocked, id=11548, stack(0x000075da66900000,0x000075da66a00000) (1024K)]
  0x000075da90174b70 JavaThread "Common-Cleaner"             daemon [_thread_blocked, id=11549, stack(0x000075da66800000,0x000075da66900000) (1024K)]
  0x000075d9d402efb0 JavaThread "C1 CompilerThread1"         daemon [_thread_blocked, id=11550, stack(0x000075da66700000,0x000075da66800000) (1024K)]
  0x000075d9c80115b0 JavaThread "C1 CompilerThread2"         daemon [_thread_blocked, id=11551, stack(0x000075da66600000,0x000075da66700000) (1024K)]
  0x000075da901afe90 JavaThread "Notification Thread"        daemon [_thread_blocked, id=11553, stack(0x000075da66400000,0x000075da66500000) (1024K)]
  0x000075d95cfe7ea0 JavaThread "pool-1-thread-1"            daemon [_thread_blocked, id=11557, stack(0x000075da66500000,0x000075da66600000) (1024K)]
Total: 13

Other Threads:
  0x000075da9013ee20 VMThread "VM Thread"                           [id=11541, stack(0x000075da675f7000,0x000075da676f7000) (1024K)]
  0x000075da90124940 WatcherThread "VM Periodic Task Thread"        [id=11540, stack(0x000075da676f8000,0x000075da677f8000) (1024K)]
  0x000075da90058c90 WorkerThread "GC Thread#0"                     [id=11535, stack(0x000075da6eb00000,0x000075da6ec00000) (1024K)]
  0x000075da90069790 ConcurrentGCThread "G1 Main Marker"            [id=11536, stack(0x000075da6e9ff000,0x000075da6eaff000) (1024K)]
  0x000075da9006a730 WorkerThread "G1 Conc#0"                       [id=11537, stack(0x000075da6e8fe000,0x000075da6e9fe000) (1024K)]
  0x000075da90112270 ConcurrentGCThread "G1 Refine#0"               [id=11538, stack(0x000075da678fa000,0x000075da679fa000) (1024K)]
  0x000075da90113230 ConcurrentGCThread "G1 Service"                [id=11539, stack(0x000075da677f9000,0x000075da678f9000) (1024K)]
Total: 7

Threads with active compile tasks:
Total: 0

VM state: not at safepoint (normal execution)

VM Mutex/Monitor currently owned by a thread: None

Heap address: 0x0000000616800000, size: 7832 MB, Compressed Oops mode: Zero based, Oop shift amount: 3

CDS archive(s) mapped at: [0x000075da0e000000-0x000075da0ec7a000-0x000075da0ec7a000), size 13082624, SharedBaseAddress: 0x000075da0e000000, ArchiveRelocationMode: 1.
Compressed class space mapped at: 0x000075da0f000000-0x000075da4f000000, reserved size: 1073741824
Narrow klass base: 0x000075da0e000000, Narrow klass shift: 0, Narrow klass range: 0x100000000

GC Precious Log:
 CardTable entry size: 512
 Card Set container configuration: InlinePtr #cards 4 size 8 Array Of Cards #cards 32 size 80 Howl #buckets 8 coarsen threshold 7372 Howl Bitmap #cards 1024 size 144 coarsen threshold 921 Card regions per heap region 1 cards per card region 8192
 CPUs: 16 total, 16 available
 Memory: 31322M
 Large Page Support: Disabled
 NUMA Support: Disabled
 Compressed Oops: Enabled (Zero based)
 Heap Region Size: 4M
 Heap Min Capacity: 8M
 Heap Initial Capacity: 492M
 Heap Max Capacity: 7832M
 Pre-touch: Disabled
 Parallel Workers: 13
 Concurrent Workers: 3
 Concurrent Refinement Workers: 13
 Periodic GC: Disabled

Heap:
 garbage-first heap   total reserved 8019968K, committed 507904K, used 5155K [0x0000000616800000, 0x0000000800000000)
  region size 4096K, 2 young (8192K), 0 survivors (0K)
 Metaspace       used 1084K, committed 1216K, reserved 1114112K
  class space    used 76K, committed 128K, reserved 1048576K

Heap Regions: E=young(eden), S=young(survivor), O=old, HS=humongous(starts), HC=humongous(continues), CS=collection set, F=free, TAMS=top-at-mark-start, PB=parsable bottom
|   0|0x0000000616800000, 0x0000000616800000, 0x0000000616c00000|  0%| F|  |TAMS 0x0000000616800000| PB 0x0000000616800000| Untracked |  0
|   1|0x0000000616c00000, 0x0000000616c00000, 0x0000000617000000|  0%| F|  |TAMS 0x0000000616c00000| PB 0x0000000616c00000| Untracked |  0
|   2|0x0000000617000000, 0x0000000617000000, 0x0000000617400000|  0%| F|  |TAMS 0x0000000617000000| PB 0x0000000617000000| Untracked |  0
|   3|0x0000000617400000, 0x0000000617400000, 0x0000000617800000|  0%| F|  |TAMS 0x0000000617400000| PB 0x0000000617400000| Untracked |  0
|   4|0x0000000617800000, 0x0000000617800000, 0x0000000617c00000|  0%| F|  |TAMS 0x0000000617800000| PB 0x0000000617800000| Untracked |  0
|   5|0x0000000617c00000, 0x0000000617c00000, 0x0000000618000000|  0%| F|  |TAMS 0x0000000617c00000| PB 0x0000000617c00000| Untracked |  0
|   6|0x0000000618000000, 0x0000000618000000, 0x0000000618400000|  0%| F|  |TAMS 0x0000000618000000| PB 0x0000000618000000| Untracked |  0
|   7|0x0000000618400000, 0x0000000618400000, 0x0000000618800000|  0%| F|  |TAMS 0x0000000618400000| PB 0x0000000618400000| Untracked |  0
|   8|0x0000000618800000, 0x0000000618800000, 0x0000000618c00000|  0%| F|  |TAMS 0x0000000618800000| PB 0x0000000618800000| Untracked |  0
|   9|0x0000000618c00000, 0x0000000618c00000, 0x0000000619000000|  0%| F|  |TAMS 0x0000000618c00000| PB 0x0000000618c00000| Untracked |  0
|  10|0x0000000619000000, 0x0000000619000000, 0x0000000619400000|  0%| F|  |TAMS 0x0000000619000000| PB 0x0000000619000000| Untracked |  0
|  11|0x0000000619400000, 0x0000000619400000, 0x0000000619800000|  0%| F|  |TAMS 0x0000000619400000| PB 0x0000000619400000| Untracked |  0
|  12|0x0000000619800000, 0x0000000619800000, 0x0000000619c00000|  0%| F|  |TAMS 0x0000000619800000| PB 0x0000000619800000| Untracked |  0
|  13|0x0000000619c00000, 0x0000000619c00000, 0x000000061a000000|  0%| F|  |TAMS 0x0000000619c00000| PB 0x0000000619c00000| Untracked |  0
|  14|0x000000061a000000, 0x000000061a000000, 0x000000061a400000|  0%| F|  |TAMS 0x000000061a000000| PB 0x000000061a000000| Untracked |  0
|  15|0x000000061a400000, 0x000000061a400000, 0x000000061a800000|  0%| F|  |TAMS 0x000000061a400000| PB 0x000000061a400000| Untracked |  0
|  16|0x000000061a800000, 0x000000061a800000, 0x000000061ac00000|  0%| F|  |TAMS 0x000000061a800000| PB 0x000000061a800000| Untracked |  0
|  17|0x000000061ac00000, 0x000000061ac00000, 0x000000061b000000|  0%| F|  |TAMS 0x000000061ac00000| PB 0x000000061ac00000| Untracked |  0
|  18|0x000000061b000000, 0x000000061b000000, 0x000000061b400000|  0%| F|  |TAMS 0x000000061b000000| PB 0x000000061b000000| Untracked |  0
|  19|0x000000061b400000, 0x000000061b400000, 0x000000061b800000|  0%| F|  |TAMS 0x000000061b400000| PB 0x000000061b400000| Untracked |  0
|  20|0x000000061b800000, 0x000000061b800000, 0x000000061bc00000|  0%| F|  |TAMS 0x000000061b800000| PB 0x000000061b800000| Untracked |  0
|  21|0x000000061bc00000, 0x000000061bc00000, 0x000000061c000000|  0%| F|  |TAMS 0x000000061bc00000| PB 0x000000061bc00000| Untracked |  0
|  22|0x000000061c000000, 0x000000061c000000, 0x000000061c400000|  0%| F|  |TAMS 0x000000061c000000| PB 0x000000061c000000| Untracked |  0
|  23|0x000000061c400000, 0x000000061c400000, 0x000000061c800000|  0%| F|  |TAMS 0x000000061c400000| PB 0x000000061c400000| Untracked |  0
|  24|0x000000061c800000, 0x000000061c800000, 0x000000061cc00000|  0%| F|  |TAMS 0x000000061c800000| PB 0x000000061c800000| Untracked |  0
|  25|0x000000061cc00000, 0x000000061cc00000, 0x000000061d000000|  0%| F|  |TAMS 0x000000061cc00000| PB 0x000000061cc00000| Untracked |  0
|  26|0x000000061d000000, 0x000000061d000000, 0x000000061d400000|  0%| F|  |TAMS 0x000000061d000000| PB 0x000000061d000000| Untracked |  0
|  27|0x000000061d400000, 0x000000061d400000, 0x000000061d800000|  0%| F|  |TAMS 0x000000061d400000| PB 0x000000061d400000| Untracked |  0
|  28|0x000000061d800000, 0x000000061d800000, 0x000000061dc00000|  0%| F|  |TAMS 0x000000061d800000| PB 0x000000061d800000| Untracked |  0
|  29|0x000000061dc00000, 0x000000061dc00000, 0x000000061e000000|  0%| F|  |TAMS 0x000000061dc00000| PB 0x000000061dc00000| Untracked |  0
|  30|0x000000061e000000, 0x000000061e000000, 0x000000061e400000|  0%| F|  |TAMS 0x000000061e000000| PB 0x000000061e000000| Untracked |  0
|  31|0x000000061e400000, 0x000000061e400000, 0x000000061e800000|  0%| F|  |TAMS 0x000000061e400000| PB 0x000000061e400000| Untracked |  0
|  32|0x000000061e800000, 0x000000061e800000, 0x000000061ec00000|  0%| F|  |TAMS 0x000000061e800000| PB 0x000000061e800000| Untracked |  0
|  33|0x000000061ec00000, 0x000000061ec00000, 0x000000061f000000|  0%| F|  |TAMS 0x000000061ec00000| PB 0x000000061ec00000| Untracked |  0
|  34|0x000000061f000000, 0x000000061f000000, 0x000000061f400000|  0%| F|  |TAMS 0x000000061f000000| PB 0x000000061f000000| Untracked |  0
|  35|0x000000061f400000, 0x000000061f400000, 0x000000061f800000|  0%| F|  |TAMS 0x000000061f400000| PB 0x000000061f400000| Untracked |  0
|  36|0x000000061f800000, 0x000000061f800000, 0x000000061fc00000|  0%| F|  |TAMS 0x000000061f800000| PB 0x000000061f800000| Untracked |  0
|  37|0x000000061fc00000, 0x000000061fc00000, 0x0000000620000000|  0%| F|  |TAMS 0x000000061fc00000| PB 0x000000061fc00000| Untracked |  0
|  38|0x0000000620000000, 0x0000000620000000, 0x0000000620400000|  0%| F|  |TAMS 0x0000000620000000| PB 0x0000000620000000| Untracked |  0
|  39|0x0000000620400000, 0x0000000620400000, 0x0000000620800000|  0%| F|  |TAMS 0x0000000620400000| PB 0x0000000620400000| Untracked |  0
|  40|0x0000000620800000, 0x0000000620800000, 0x0000000620c00000|  0%| F|  |TAMS 0x0000000620800000| PB 0x0000000620800000| Untracked |  0
|  41|0x0000000620c00000, 0x0000000620c00000, 0x0000000621000000|  0%| F|  |TAMS 0x0000000620c00000| PB 0x0000000620c00000| Untracked |  0
|  42|0x0000000621000000, 0x0000000621000000, 0x0000000621400000|  0%| F|  |TAMS 0x0000000621000000| PB 0x0000000621000000| Untracked |  0
|  43|0x0000000621400000, 0x0000000621400000, 0x0000000621800000|  0%| F|  |TAMS 0x0000000621400000| PB 0x0000000621400000| Untracked |  0
|  44|0x0000000621800000, 0x0000000621800000, 0x0000000621c00000|  0%| F|  |TAMS 0x0000000621800000| PB 0x0000000621800000| Untracked |  0
|  45|0x0000000621c00000, 0x0000000621c00000, 0x0000000622000000|  0%| F|  |TAMS 0x0000000621c00000| PB 0x0000000621c00000| Untracked |  0
|  46|0x0000000622000000, 0x0000000622000000, 0x0000000622400000|  0%| F|  |TAMS 0x0000000622000000| PB 0x0000000622000000| Untracked |  0
|  47|0x0000000622400000, 0x0000000622400000, 0x0000000622800000|  0%| F|  |TAMS 0x0000000622400000| PB 0x0000000622400000| Untracked |  0
|  48|0x0000000622800000, 0x0000000622800000, 0x0000000622c00000|  0%| F|  |TAMS 0x0000000622800000| PB 0x0000000622800000| Untracked |  0
|  49|0x0000000622c00000, 0x0000000622c00000, 0x0000000623000000|  0%| F|  |TAMS 0x0000000622c00000| PB 0x0000000622c00000| Untracked |  0
|  50|0x0000000623000000, 0x0000000623000000, 0x0000000623400000|  0%| F|  |TAMS 0x0000000623000000| PB 0x0000000623000000| Untracked |  0
|  51|0x0000000623400000, 0x0000000623400000, 0x0000000623800000|  0%| F|  |TAMS 0x0000000623400000| PB 0x0000000623400000| Untracked |  0
|  52|0x0000000623800000, 0x0000000623800000, 0x0000000623c00000|  0%| F|  |TAMS 0x0000000623800000| PB 0x0000000623800000| Untracked |  0
|  53|0x0000000623c00000, 0x0000000623c00000, 0x0000000624000000|  0%| F|  |TAMS 0x0000000623c00000| PB 0x0000000623c00000| Untracked |  0
|  54|0x0000000624000000, 0x0000000624000000, 0x0000000624400000|  0%| F|  |TAMS 0x0000000624000000| PB 0x0000000624000000| Untracked |  0
|  55|0x0000000624400000, 0x0000000624400000, 0x0000000624800000|  0%| F|  |TAMS 0x0000000624400000| PB 0x0000000624400000| Untracked |  0
|  56|0x0000000624800000, 0x0000000624800000, 0x0000000624c00000|  0%| F|  |TAMS 0x0000000624800000| PB 0x0000000624800000| Untracked |  0
|  57|0x0000000624c00000, 0x0000000624c00000, 0x0000000625000000|  0%| F|  |TAMS 0x0000000624c00000| PB 0x0000000624c00000| Untracked |  0
|  58|0x0000000625000000, 0x0000000625000000, 0x0000000625400000|  0%| F|  |TAMS 0x0000000625000000| PB 0x0000000625000000| Untracked |  0
|  59|0x0000000625400000, 0x0000000625400000, 0x0000000625800000|  0%| F|  |TAMS 0x0000000625400000| PB 0x0000000625400000| Untracked |  0
|  60|0x0000000625800000, 0x0000000625800000, 0x0000000625c00000|  0%| F|  |TAMS 0x0000000625800000| PB 0x0000000625800000| Untracked |  0
|  61|0x0000000625c00000, 0x0000000625c00000, 0x0000000626000000|  0%| F|  |TAMS 0x0000000625c00000| PB 0x0000000625c00000| Untracked |  0
|  62|0x0000000626000000, 0x0000000626000000, 0x0000000626400000|  0%| F|  |TAMS 0x0000000626000000| PB 0x0000000626000000| Untracked |  0
|  63|0x0000000626400000, 0x0000000626400000, 0x0000000626800000|  0%| F|  |TAMS 0x0000000626400000| PB 0x0000000626400000| Untracked |  0
|  64|0x0000000626800000, 0x0000000626800000, 0x0000000626c00000|  0%| F|  |TAMS 0x0000000626800000| PB 0x0000000626800000| Untracked |  0
|  65|0x0000000626c00000, 0x0000000626c00000, 0x0000000627000000|  0%| F|  |TAMS 0x0000000626c00000| PB 0x0000000626c00000| Untracked |  0
|  66|0x0000000627000000, 0x0000000627000000, 0x0000000627400000|  0%| F|  |TAMS 0x0000000627000000| PB 0x0000000627000000| Untracked |  0
|  67|0x0000000627400000, 0x0000000627400000, 0x0000000627800000|  0%| F|  |TAMS 0x0000000627400000| PB 0x0000000627400000| Untracked |  0
|  68|0x0000000627800000, 0x0000000627800000, 0x0000000627c00000|  0%| F|  |TAMS 0x0000000627800000| PB 0x0000000627800000| Untracked |  0
|  69|0x0000000627c00000, 0x0000000627c00000, 0x0000000628000000|  0%| F|  |TAMS 0x0000000627c00000| PB 0x0000000627c00000| Untracked |  0
|  70|0x0000000628000000, 0x0000000628000000, 0x0000000628400000|  0%| F|  |TAMS 0x0000000628000000| PB 0x0000000628000000| Untracked |  0
|  71|0x0000000628400000, 0x0000000628400000, 0x0000000628800000|  0%| F|  |TAMS 0x0000000628400000| PB 0x0000000628400000| Untracked |  0
|  72|0x0000000628800000, 0x0000000628800000, 0x0000000628c00000|  0%| F|  |TAMS 0x0000000628800000| PB 0x0000000628800000| Untracked |  0
|  73|0x0000000628c00000, 0x0000000628c00000, 0x0000000629000000|  0%| F|  |TAMS 0x0000000628c00000| PB 0x0000000628c00000| Untracked |  0
|  74|0x0000000629000000, 0x0000000629000000, 0x0000000629400000|  0%| F|  |TAMS 0x0000000629000000| PB 0x0000000629000000| Untracked |  0
|  75|0x0000000629400000, 0x0000000629400000, 0x0000000629800000|  0%| F|  |TAMS 0x0000000629400000| PB 0x0000000629400000| Untracked |  0
|  76|0x0000000629800000, 0x0000000629800000, 0x0000000629c00000|  0%| F|  |TAMS 0x0000000629800000| PB 0x0000000629800000| Untracked |  0
|  77|0x0000000629c00000, 0x0000000629c00000, 0x000000062a000000|  0%| F|  |TAMS 0x0000000629c00000| PB 0x0000000629c00000| Untracked |  0
|  78|0x000000062a000000, 0x000000062a000000, 0x000000062a400000|  0%| F|  |TAMS 0x000000062a000000| PB 0x000000062a000000| Untracked |  0
|  79|0x000000062a400000, 0x000000062a400000, 0x000000062a800000|  0%| F|  |TAMS 0x000000062a400000| PB 0x000000062a400000| Untracked |  0
|  80|0x000000062a800000, 0x000000062a800000, 0x000000062ac00000|  0%| F|  |TAMS 0x000000062a800000| PB 0x000000062a800000| Untracked |  0
|  81|0x000000062ac00000, 0x000000062ac00000, 0x000000062b000000|  0%| F|  |TAMS 0x000000062ac00000| PB 0x000000062ac00000| Untracked |  0
|  82|0x000000062b000000, 0x000000062b000000, 0x000000062b400000|  0%| F|  |TAMS 0x000000062b000000| PB 0x000000062b000000| Untracked |  0
|  83|0x000000062b400000, 0x000000062b400000, 0x000000062b800000|  0%| F|  |TAMS 0x000000062b400000| PB 0x000000062b400000| Untracked |  0
|  84|0x000000062b800000, 0x000000062b800000, 0x000000062bc00000|  0%| F|  |TAMS 0x000000062b800000| PB 0x000000062b800000| Untracked |  0
|  85|0x000000062bc00000, 0x000000062bc00000, 0x000000062c000000|  0%| F|  |TAMS 0x000000062bc00000| PB 0x000000062bc00000| Untracked |  0
|  86|0x000000062c000000, 0x000000062c000000, 0x000000062c400000|  0%| F|  |TAMS 0x000000062c000000| PB 0x000000062c000000| Untracked |  0
|  87|0x000000062c400000, 0x000000062c400000, 0x000000062c800000|  0%| F|  |TAMS 0x000000062c400000| PB 0x000000062c400000| Untracked |  0
|  88|0x000000062c800000, 0x000000062c800000, 0x000000062cc00000|  0%| F|  |TAMS 0x000000062c800000| PB 0x000000062c800000| Untracked |  0
|  89|0x000000062cc00000, 0x000000062cc00000, 0x000000062d000000|  0%| F|  |TAMS 0x000000062cc00000| PB 0x000000062cc00000| Untracked |  0
|  90|0x000000062d000000, 0x000000062d000000, 0x000000062d400000|  0%| F|  |TAMS 0x000000062d000000| PB 0x000000062d000000| Untracked |  0
|  91|0x000000062d400000, 0x000000062d400000, 0x000000062d800000|  0%| F|  |TAMS 0x000000062d400000| PB 0x000000062d400000| Untracked |  0
|  92|0x000000062d800000, 0x000000062d800000, 0x000000062dc00000|  0%| F|  |TAMS 0x000000062d800000| PB 0x000000062d800000| Untracked |  0
|  93|0x000000062dc00000, 0x000000062dc00000, 0x000000062e000000|  0%| F|  |TAMS 0x000000062dc00000| PB 0x000000062dc00000| Untracked |  0
|  94|0x000000062e000000, 0x000000062e000000, 0x000000062e400000|  0%| F|  |TAMS 0x000000062e000000| PB 0x000000062e000000| Untracked |  0
|  95|0x000000062e400000, 0x000000062e400000, 0x000000062e800000|  0%| F|  |TAMS 0x000000062e400000| PB 0x000000062e400000| Untracked |  0
|  96|0x000000062e800000, 0x000000062e800000, 0x000000062ec00000|  0%| F|  |TAMS 0x000000062e800000| PB 0x000000062e800000| Untracked |  0
|  97|0x000000062ec00000, 0x000000062ec00000, 0x000000062f000000|  0%| F|  |TAMS 0x000000062ec00000| PB 0x000000062ec00000| Untracked |  0
|  98|0x000000062f000000, 0x000000062f000000, 0x000000062f400000|  0%| F|  |TAMS 0x000000062f000000| PB 0x000000062f000000| Untracked |  0
|  99|0x000000062f400000, 0x000000062f400000, 0x000000062f800000|  0%| F|  |TAMS 0x000000062f400000| PB 0x000000062f400000| Untracked |  0
| 100|0x000000062f800000, 0x000000062f800000, 0x000000062fc00000|  0%| F|  |TAMS 0x000000062f800000| PB 0x000000062f800000| Untracked |  0
| 101|0x000000062fc00000, 0x000000062fc00000, 0x0000000630000000|  0%| F|  |TAMS 0x000000062fc00000| PB 0x000000062fc00000| Untracked |  0
| 102|0x0000000630000000, 0x0000000630000000, 0x0000000630400000|  0%| F|  |TAMS 0x0000000630000000| PB 0x0000000630000000| Untracked |  0
| 103|0x0000000630400000, 0x0000000630400000, 0x0000000630800000|  0%| F|  |TAMS 0x0000000630400000| PB 0x0000000630400000| Untracked |  0
| 104|0x0000000630800000, 0x0000000630800000, 0x0000000630c00000|  0%| F|  |TAMS 0x0000000630800000| PB 0x0000000630800000| Untracked |  0
| 105|0x0000000630c00000, 0x0000000630c00000, 0x0000000631000000|  0%| F|  |TAMS 0x0000000630c00000| PB 0x0000000630c00000| Untracked |  0
| 106|0x0000000631000000, 0x0000000631000000, 0x0000000631400000|  0%| F|  |TAMS 0x0000000631000000| PB 0x0000000631000000| Untracked |  0
| 107|0x0000000631400000, 0x0000000631400000, 0x0000000631800000|  0%| F|  |TAMS 0x0000000631400000| PB 0x0000000631400000| Untracked |  0
| 108|0x0000000631800000, 0x0000000631800000, 0x0000000631c00000|  0%| F|  |TAMS 0x0000000631800000| PB 0x0000000631800000| Untracked |  0
| 109|0x0000000631c00000, 0x0000000631c00000, 0x0000000632000000|  0%| F|  |TAMS 0x0000000631c00000| PB 0x0000000631c00000| Untracked |  0
| 110|0x0000000632000000, 0x0000000632000000, 0x0000000632400000|  0%| F|  |TAMS 0x0000000632000000| PB 0x0000000632000000| Untracked |  0
| 111|0x0000000632400000, 0x0000000632400000, 0x0000000632800000|  0%| F|  |TAMS 0x0000000632400000| PB 0x0000000632400000| Untracked |  0
| 112|0x0000000632800000, 0x0000000632800000, 0x0000000632c00000|  0%| F|  |TAMS 0x0000000632800000| PB 0x0000000632800000| Untracked |  0
| 113|0x0000000632c00000, 0x0000000632c00000, 0x0000000633000000|  0%| F|  |TAMS 0x0000000632c00000| PB 0x0000000632c00000| Untracked |  0
| 114|0x0000000633000000, 0x0000000633000000, 0x0000000633400000|  0%| F|  |TAMS 0x0000000633000000| PB 0x0000000633000000| Untracked |  0
| 115|0x0000000633400000, 0x0000000633400000, 0x0000000633800000|  0%| F|  |TAMS 0x0000000633400000| PB 0x0000000633400000| Untracked |  0
| 116|0x0000000633800000, 0x0000000633800000, 0x0000000633c00000|  0%| F|  |TAMS 0x0000000633800000| PB 0x0000000633800000| Untracked |  0
| 117|0x0000000633c00000, 0x0000000633c00000, 0x0000000634000000|  0%| F|  |TAMS 0x0000000633c00000| PB 0x0000000633c00000| Untracked |  0
| 118|0x0000000634000000, 0x0000000634000000, 0x0000000634400000|  0%| F|  |TAMS 0x0000000634000000| PB 0x0000000634000000| Untracked |  0
| 119|0x0000000634400000, 0x0000000634400000, 0x0000000634800000|  0%| F|  |TAMS 0x0000000634400000| PB 0x0000000634400000| Untracked |  0
| 120|0x0000000634800000, 0x0000000634800000, 0x0000000634c00000|  0%| F|  |TAMS 0x0000000634800000| PB 0x0000000634800000| Untracked |  0
| 121|0x0000000634c00000, 0x0000000634cf5e50, 0x0000000635000000| 24%| E|  |TAMS 0x0000000634c00000| PB 0x0000000634c00000| Complete |  0
| 122|0x0000000635000000, 0x0000000635400000, 0x0000000635400000|100%| E|CS|TAMS 0x0000000635000000| PB 0x0000000635000000| Complete |  0
|1957|0x00000007ffc00000, 0x00000007ffd08c80, 0x0000000800000000| 25%| O|  |TAMS 0x00000007ffc00000| PB 0x00000007ffc00000| Untracked |  0

Card table byte_map: [0x000075da76800000,0x000075da7774c000] _byte_map_base: 0x000075da7374c000

Marking Bits: (CMBitMap*) 0x000075da900597c0
 Bits: [0x000075da6ec00000, 0x000075da76660000)

Polling page: 0x000075da9646f000

Metaspace:

Usage:
  Non-class:   1007.98 KB used.
      Class:     76.90 KB used.
       Both:      1.06 MB used.

Virtual space:
  Non-class space:       64.00 MB reserved,       1.06 MB (  2%) committed,  1 nodes.
      Class space:        1.00 GB reserved,     128.00 KB ( <1%) committed,  1 nodes.
             Both:        1.06 GB reserved,       1.19 MB ( <1%) committed. 

Chunk freelists:
   Non-Class:  11.64 MB
       Class:  15.70 MB
        Both:  27.34 MB

MaxMetaspaceSize: unlimited
CompressedClassSpaceSize: 1.00 GB
Initial GC threshold: 21.00 MB
Current GC threshold: 21.00 MB
CDS: on
 - commit_granule_bytes: 65536.
 - commit_granule_words: 8192.
 - virtual_space_node_default_size: 8388608.
 - enlarge_chunks_in_place: 1.
 - use_allocation_guard: 0.


Internal statistics:

num_allocs_failed_limit: 0.
num_arena_births: 12.
num_arena_deaths: 0.
num_vsnodes_births: 2.
num_vsnodes_deaths: 0.
num_space_committed: 19.
num_space_uncommitted: 0.
num_chunks_returned_to_freelist: 0.
num_chunks_taken_from_freelist: 35.
num_chunk_merges: 0.
num_chunk_splits: 22.
num_chunks_enlarged: 19.
num_inconsistent_stats: 0.

CodeHeap 'non-profiled nmethods': size=119168Kb used=110Kb max_used=110Kb free=119058Kb
 bounds [0x000075da807a0000, 0x000075da80a10000, 0x000075da87c00000]
CodeHeap 'profiled nmethods': size=119164Kb used=515Kb max_used=515Kb free=118648Kb
 bounds [0x000075da78c00000, 0x000075da78e70000, 0x000075da8005f000]
CodeHeap 'non-nmethods': size=7428Kb used=2507Kb max_used=2507Kb free=4920Kb
 bounds [0x000075da8005f000, 0x000075da802df000, 0x000075da807a0000]
 total_blobs=898 nmethods=406 adapters=396
 compilation: enabled
              stopped_count=0, restarted_count=0
 full_count=0

Compilation events (20 events):
Event: 0.526 Thread 0x000075d9c80115b0 nmethod 394 0x000075da78c7b510 code [0x000075da78c7b700, 0x000075da78c7bf58]
Event: 0.526 Thread 0x000075d9c80115b0  399       3       java.lang.invoke.LambdaForm$BasicType::basicType (187 bytes)
Event: 0.526 Thread 0x000075d9d402efb0 nmethod 395 0x000075da78c7c210 code [0x000075da78c7c3c0, 0x000075da78c7c5c8]
Event: 0.526 Thread 0x000075d9d402efb0  400       3       java.lang.ClassLoader::checkName (37 bytes)
Event: 0.526 Thread 0x000075d9c80115b0 nmethod 399 0x000075da78c7c710 code [0x000075da78c7c9a0, 0x000075da78c7d448]
Event: 0.526 Thread 0x000075da90155520  401       3       java.lang.StringLatin1::indexOf (37 bytes)
Event: 0.527 Thread 0x000075d9c80115b0  402       1       java.lang.invoke.MethodTypeForm::basicType (5 bytes)
Event: 0.527 Thread 0x000075d9d402efb0 nmethod 400 0x000075da78c7d710 code [0x000075da78c7d940, 0x000075da78c7e138]
Event: 0.527 Thread 0x000075da90155520 nmethod 401 0x000075da78c7e490 code [0x000075da78c7e660, 0x000075da78c7ea60]
Event: 0.527 Thread 0x000075d9c80115b0 nmethod 402 0x000075da807bb510 code [0x000075da807bb6a0, 0x000075da807bb768]
Event: 0.527 Thread 0x000075d9d402efb0  403       3       jdk.internal.org.objectweb.asm.SymbolTable$Entry::<init> (17 bytes)
Event: 0.527 Thread 0x000075d9c80115b0  404       3       jdk.internal.org.objectweb.asm.SymbolTable::addConstantUtf8 (98 bytes)
Event: 0.527 Thread 0x000075da90155520  405       3       jdk.internal.org.objectweb.asm.ByteVector::putByte (39 bytes)
Event: 0.527 Thread 0x000075d9d402efb0 nmethod 403 0x000075da78c7ec10 code [0x000075da78c7eda0, 0x000075da78c7ef20]
Event: 0.527 Thread 0x000075d9d402efb0  406       3       java.lang.reflect.Modifier::isPublic (12 bytes)
Event: 0.527 Thread 0x000075d9d402efb0 nmethod 406 0x000075da78c7f010 code [0x000075da78c7f1a0, 0x000075da78c7f2d8]
Event: 0.528 Thread 0x000075d9d402efb0  407       3       jdk.internal.util.StrongReferenceKey::equals (28 bytes)
Event: 0.528 Thread 0x000075da90155520 nmethod 405 0x000075da78c7f390 code [0x000075da78c7f540, 0x000075da78c7f720]
Event: 0.528 Thread 0x000075d9c80115b0 nmethod 404 0x000075da78c7f890 code [0x000075da78c7fac0, 0x000075da78c800c0]
Event: 0.528 Thread 0x000075d9d402efb0 nmethod 407 0x000075da78c80410 code [0x000075da78c805e0, 0x000075da78c80bb0]

GC Heap History (0 events):
No events

Dll operation events (7 events):
Event: 0.002 Loaded shared library /usr/lib/jvm/jdk-22.0.2-oracle-x64/lib/libjava.so
Event: 0.023 Loaded shared library /usr/lib/jvm/jdk-22.0.2-oracle-x64/lib/libjsvml.so
Event: 0.023 Loaded shared library /usr/lib/jvm/jdk-22.0.2-oracle-x64/lib/libnio.so
Event: 0.058 Loaded shared library /usr/lib/jvm/jdk-22.0.2-oracle-x64/lib/libzip.so
Event: 0.088 Loaded shared library /usr/lib/jvm/jdk-22.0.2-oracle-x64/lib/libjimage.so
Event: 0.092 Loaded shared library /tmp/libJCudaRuntime-10.1.0-linux-x86_64.so
Event: 0.098 Loaded shared library /tmp/libJCublas2-10.1.0-linux-x86_64.so

Deoptimization events (2 events):
Event: 0.526 Thread 0x000075da9002d4c0 DEOPT PACKING pc=0x000075da78c066d0 sp=0x000075da94bfd7a0
Event: 0.526 Thread 0x000075da9002d4c0 DEOPT UNPACKING pc=0x000075da800b372f sp=0x000075da94bfcbe0 mode 0

Classes loaded (20 events):
Event: 0.524 Loading class java/lang/invoke/VarHandleInts$FieldInstanceReadWrite
Event: 0.524 Loading class java/lang/invoke/VarHandleInts$FieldInstanceReadOnly
Event: 0.524 Loading class java/lang/invoke/VarHandleInts$FieldInstanceReadOnly done
Event: 0.524 Loading class java/lang/invoke/VarHandleInts$FieldInstanceReadWrite done
Event: 0.525 Loading class java/util/Spliterators$IntArraySpliterator
Event: 0.525 Loading class java/util/Spliterators$IntArraySpliterator done
Event: 0.526 Loading class java/util/stream/MatchOps$MatchKind
Event: 0.526 Loading class java/util/stream/MatchOps$MatchKind done
Event: 0.526 Loading class java/util/stream/MatchOps
Event: 0.526 Loading class java/util/stream/MatchOps done
Event: 0.526 Loading class java/util/stream/MatchOps$MatchOp
Event: 0.526 Loading class java/util/stream/MatchOps$MatchOp done
Event: 0.526 Loading class java/util/stream/MatchOps$BooleanTerminalSink
Event: 0.526 Loading class java/util/stream/MatchOps$BooleanTerminalSink done
Event: 0.527 Loading class java/util/stream/MatchOps$2MatchSink
Event: 0.527 Loading class java/util/stream/MatchOps$2MatchSink done
Event: 0.527 Loading class java/util/stream/MatchOps$1MatchSink
Event: 0.527 Loading class java/util/stream/MatchOps$1MatchSink done
Event: 0.528 Loading class java/nio/HeapDoubleBuffer
Event: 0.528 Loading class java/nio/HeapDoubleBuffer done

Classes unloaded (0 events):
No events

Classes redefined (0 events):
No events

Internal exceptions (9 events):
Event: 0.046 Thread 0x000075da9002d4c0 Exception <a 'sun/nio/fs/UnixException'{0x0000000635077920}> (0x0000000635077920) 
thrown [open/src/hotspot/share/prims/jni.cpp, line 520]
Event: 0.046 Thread 0x000075da9002d4c0 Exception <a 'sun/nio/fs/UnixException'{0x0000000635078080}> (0x0000000635078080) 
thrown [open/src/hotspot/share/prims/jni.cpp, line 520]
Event: 0.046 Thread 0x000075da9002d4c0 Exception <a 'sun/nio/fs/UnixException'{0x0000000635078648}> (0x0000000635078648) 
thrown [open/src/hotspot/share/prims/jni.cpp, line 520]
Event: 0.046 Thread 0x000075da9002d4c0 Exception <a 'sun/nio/fs/UnixException'{0x0000000635078e70}> (0x0000000635078e70) 
thrown [open/src/hotspot/share/prims/jni.cpp, line 520]
Event: 0.046 Thread 0x000075da9002d4c0 Exception <a 'sun/nio/fs/UnixException'{0x0000000635079430}> (0x0000000635079430) 
thrown [open/src/hotspot/share/prims/jni.cpp, line 520]
Event: 0.047 Thread 0x000075da9002d4c0 Exception <a 'sun/nio/fs/UnixException'{0x00000006350799f0}> (0x00000006350799f0) 
thrown [open/src/hotspot/share/prims/jni.cpp, line 520]
Event: 0.047 Thread 0x000075da9002d4c0 Exception <a 'sun/nio/fs/UnixException'{0x0000000635079fb0}> (0x0000000635079fb0) 
thrown [open/src/hotspot/share/prims/jni.cpp, line 520]
Event: 0.047 Thread 0x000075da9002d4c0 Exception <a 'sun/nio/fs/UnixException'{0x000000063507a588}> (0x000000063507a588) 
thrown [open/src/hotspot/share/prims/jni.cpp, line 520]
Event: 0.522 Thread 0x000075da9002d4c0 Exception <a 'java/lang/NoSuchMethodError'{0x00000006353fb5b0}: 'void java.lang.invoke.DirectMethodHandle$Holder.invokeStatic(java.lang.Object, java.lang.Object)'> (0x00000006353fb5b0) 
thrown [open/src/hotspot/share/interpreter/linkResolver.cpp, line 773]

ZGC Phase Switch (0 events):
No events

VM Operations (2 events):
Event: 0.048 Executing VM operation: HandshakeAllThreads (Deoptimize)
Event: 0.048 Executing VM operation: HandshakeAllThreads (Deoptimize) done

Memory protections (14 events):
Event: 0.001 Protecting memory [0x000075da94b00000,0x000075da94b04000] with protection modes 0
Event: 0.020 Protecting memory [0x000075da66f00000,0x000075da66f04000] with protection modes 0
Event: 0.021 Protecting memory [0x000075da66e00000,0x000075da66e04000] with protection modes 0
Event: 0.021 Protecting memory [0x000075da66d00000,0x000075da66d04000] with protection modes 0
Event: 0.021 Protecting memory [0x000075da66c00000,0x000075da66c04000] with protection modes 0
Event: 0.021 Protecting memory [0x000075da66b00000,0x000075da66b04000] with protection modes 0
Event: 0.021 Protecting memory [0x000075da66a00000,0x000075da66a04000] with protection modes 0
Event: 0.022 Protecting memory [0x000075da66900000,0x000075da66904000] with protection modes 0
Event: 0.038 Protecting memory [0x000075da66800000,0x000075da66804000] with protection modes 0
Event: 0.044 Protecting memory [0x000075da66700000,0x000075da66704000] with protection modes 0
Event: 0.049 Protecting memory [0x000075da66600000,0x000075da66604000] with protection modes 0
Event: 0.053 Protecting memory [0x000075da66500000,0x000075da66504000] with protection modes 0
Event: 0.056 Protecting memory [0x000075da66400000,0x000075da66404000] with protection modes 0
Event: 0.524 Protecting memory [0x000075da66500000,0x000075da66504000] with protection modes 0

Nmethod flushes (0 events):
No events

Events (15 events):
Event: 0.015 Thread 0x000075da9002d4c0 Thread added: 0x000075da9002d4c0
Event: 0.020 Thread 0x000075da9002d4c0 Thread added: 0x000075da9014c560
Event: 0.021 Thread 0x000075da9002d4c0 Thread added: 0x000075da9014dbb0
Event: 0.021 Thread 0x000075da9002d4c0 Thread added: 0x000075da9014f690
Event: 0.021 Thread 0x000075da9002d4c0 Thread added: 0x000075da90150cd0
Event: 0.021 Thread 0x000075da9002d4c0 Thread added: 0x000075da90152270
Event: 0.021 Thread 0x000075da9002d4c0 Thread added: 0x000075da90153e10
Event: 0.022 Thread 0x000075da9002d4c0 Thread added: 0x000075da90155520
Event: 0.038 Thread 0x000075da9002d4c0 Thread added: 0x000075da90174b70
Event: 0.044 Thread 0x000075da90155520 Thread added: 0x000075d9d402efb0
Event: 0.049 Thread 0x000075d9d402efb0 Thread added: 0x000075d9c80115b0
Event: 0.053 Thread 0x000075da90153e10 Thread added: 0x000075d9d8088330
Event: 0.056 Thread 0x000075da9002d4c0 Thread added: 0x000075da901afe90
Event: 0.523 Thread 0x000075d9d8088330 Thread exited: 0x000075d9d8088330
Event: 0.524 Thread 0x000075da9002d4c0 Thread added: 0x000075d95cfe7ea0


Dynamic libraries:
200000000-200200000 ---p 00000000 00:00 0 
200200000-200400000 rw-s 00000000 00:05 1129                             /dev/nvidia0
200400000-203400000 rw-s 00000000 00:05 1128                             /dev/nvidiactl
203400000-204400000 ---p 00000000 00:00 0 
204400000-204600000 rw-s 00000000 00:05 1128                             /dev/nvidiactl
204600000-204800000 rw-s 00000000 00:05 1128                             /dev/nvidiactl
204800000-204a00000 rw-s 00000000 00:05 1128                             /dev/nvidiactl
204a00000-204c00000 rw-s 204a00000 00:05 1130                            /dev/nvidia-uvm
204c00000-204e00000 rw-s 00000000 00:05 1128                             /dev/nvidiactl
204e00000-205000000 ---p 00000000 00:00 0 
205000000-205200000 rw-s 00000000 00:05 1128                             /dev/nvidiactl
205200000-300200000 ---p 00000000 00:00 0 
616800000-635400000 rw-p 00000000 00:00 0 
635400000-7ffc00000 ---p 00000000 00:00 0 
7ffc00000-7ffd09000 rw-p 00cb9000 103:05 39860326                        /usr/lib/jvm/jdk-22.0.2-oracle-x64/lib/server/classes.jsa
7ffd09000-800000000 rw-p 00000000 00:00 0 
10000000000-10004000000 ---p 00000000 00:00 0 
559cb35ad000-559cb35ae000 r-xp 00000000 103:05 39860034                  /usr/lib/jvm/jdk-22.0.2-oracle-x64/bin/java
559cb35af000-559cb35b0000 r--p 00001000 103:05 39860034                  /usr/lib/jvm/jdk-22.0.2-oracle-x64/bin/java
559cb35b0000-559cb35b1000 rw-p 00002000 103:05 39860034                  /usr/lib/jvm/jdk-22.0.2-oracle-x64/bin/java
559cb48a5000-559cb48ee000 rw-p 00000000 00:00 0                          [heap]
75d95c000000-75d95e0dd000 rw-p 00000000 00:00 0 
75d95e0dd000-75d960000000 ---p 00000000 00:00 0 
75d964000000-75d966000000 ---p 00000000 00:00 0 
75d968000000-75d96c000000 rw-p 00000000 00:00 0 
75d970000000-75d973ffb000 rw-p 00000000 00:00 0 
75d973ffb000-75d974000000 ---p 00000000 00:00 0 
75d976000000-75d97e000000 ---p 00000000 00:00 0 
75d980000000-75d982000000 ---p 00000000 00:00 0 
75d984000000-75d984400000 ---p 00000000 00:00 0 
75d984400000-75d984600000 rw-s 00000000 00:05 1128                       /dev/nvidiactl
75d984600000-75d984800000 rw-s 00000000 00:01 1059                       /dev/zero (deleted)
75d984800000-75d984a00000 rw-s 00000000 00:01 1060                       /dev/zero (deleted)
75d984a00000-75d985000000 ---p 00000000 00:00 0 
75d985000000-75d985200000 rw-s 00000000 00:05 1128                       /dev/nvidiactl
75d985200000-75d985400000 ---p 00000000 00:00 0 
75d985400000-75d985600000 rw-s 00000000 00:01 1062                       /dev/zero (deleted)
75d985600000-75d985b33000 rw-s 00000000 00:05 1128                       /dev/nvidiactl
75d985b33000-75d986000000 ---p 00000000 00:00 0 
75d988000000-75d988021000 rw-p 00000000 00:00 0 
75d988021000-75d98c000000 ---p 00000000 00:00 0 
75d990000000-75d9a0000000 ---p 00000000 00:00 0 
75d9a2000000-75d9a8000000 ---p 00000000 00:00 0 
75d9a8000000-75d9a8021000 rw-p 00000000 00:00 0 
75d9a8021000-75d9ac000000 ---p 00000000 00:00 0 
75d9af000000-75d9b3aa3000 r-xp 00000000 103:05 39063741                  /usr/lib/x86_64-linux-gnu/libcublas.so.10.1.0.105
75d9b3aa3000-75d9b3ca2000 ---p 04aa3000 103:05 39063741                  /usr/lib/x86_64-linux-gnu/libcublas.so.10.1.0.105
75d9b3ca2000-75d9b3cb0000 rw-p 04aa2000 103:05 39063741                  /usr/lib/x86_64-linux-gnu/libcublas.so.10.1.0.105
75d9b3cb0000-75d9b3cba000 rw-p 00000000 00:00 0 
75d9b4000000-75d9b4021000 rw-p 00000000 00:00 0 
75d9b4021000-75d9b8000000 ---p 00000000 00:00 0 
75d9bc000000-75d9bc0bd000 rw-p 00000000 00:00 0 
75d9bc0bd000-75d9c0000000 ---p 00000000 00:00 0 
75d9c0000000-75d9c00ad000 rw-p 00000000 00:00 0 
75d9c00ad000-75d9c4000000 ---p 00000000 00:00 0 
75d9c8000000-75d9c8076000 rw-p 00000000 00:00 0 
75d9c8076000-75d9cc000000 ---p 00000000 00:00 0 
75d9cc000000-75d9cc021000 rw-p 00000000 00:00 0 
75d9cc021000-75d9d0000000 ---p 00000000 00:00 0 
75d9d4000000-75d9d40a6000 rw-p 00000000 00:00 0 
75d9d40a6000-75d9d8000000 ---p 00000000 00:00 0 
75d9d8000000-75d9d8108000 rw-p 00000000 00:00 0 
75d9d8108000-75d9dc000000 ---p 00000000 00:00 0 
75d9e0000000-75d9e0021000 rw-p 00000000 00:00 0 
75d9e0021000-75d9e4000000 ---p 00000000 00:00 0 
75d9e4000000-75d9e4021000 rw-p 00000000 00:00 0 
75d9e4021000-75d9e8000000 ---p 00000000 00:00 0 
75d9ec000000-75d9ec021000 rw-p 00000000 00:00 0 
75d9ec021000-75d9f0000000 ---p 00000000 00:00 0 
75d9f0000000-75d9f0021000 rw-p 00000000 00:00 0 
75d9f0021000-75d9f4000000 ---p 00000000 00:00 0 
75d9f8000000-75d9f8021000 rw-p 00000000 00:00 0 
75d9f8021000-75d9fc000000 ---p 00000000 00:00 0 
75d9fc000000-75d9fc021000 rw-p 00000000 00:00 0 
75d9fc021000-75da00000000 ---p 00000000 00:00 0 
75da02e00000-75da02e01000 rw-s 00000000 00:05 1128                       /dev/nvidiactl
75da02e01000-75da02e02000 rw-s 00000000 00:05 1128                       /dev/nvidiactl
75da02e02000-75da02e03000 rw-s 00000000 00:05 1128                       /dev/nvidiactl
75da02e03000-75da02e04000 rw-s 00000000 00:05 1128                       /dev/nvidiactl
75da02e04000-75da02e05000 rw-s 00000000 00:05 1128                       /dev/nvidiactl
75da02e05000-75da02e06000 rw-s 00000000 00:05 1128                       /dev/nvidiactl
75da02e06000-75da02e07000 rw-s 00000000 00:05 1128                       /dev/nvidiactl
75da02e07000-75da02e08000 rw-s 00000000 00:05 1128                       /dev/nvidiactl
75da02e08000-75da02e09000 rw-s 00000000 00:05 1128                       /dev/nvidiactl
75da02e09000-75da02e0a000 rw-s 00000000 00:05 1128                       /dev/nvidiactl
75da02e0a000-75da02e0b000 rw-s 00000000 00:05 1128                       /dev/nvidiactl
75da02e0b000-75da02e0c000 rw-s 00000000 00:05 1128                       /dev/nvidiactl
75da02e0c000-75da02e0d000 rw-s 00000000 00:05 1128                       /dev/nvidiactl
75da02e0d000-75da02e0e000 rw-s 00000000 00:05 1128                       /dev/nvidiactl
75da02e0e000-75da02e0f000 rw-s 00000000 00:05 1128                       /dev/nvidiactl
75da02e0f000-75da02e10000 rw-s 00000000 00:05 1128                       /dev/nvidiactl
75da02e10000-75da03e21000 ---p 00000000 00:00 0 
75da04000000-75da040b0000 rw-p 00000000 00:00 0 
75da040b0000-75da04400000 ---p 00000000 00:00 0 
75da04400000-75da04460000 rw-p 00000000 00:00 0 
75da04460000-75da08000000 ---p 00000000 00:00 0 
75da08000000-75da08021000 rw-p 00000000 00:00 0 
75da08021000-75da0c000000 ---p 00000000 00:00 0 
75da0c400000-75da0c401000 ---p 00000000 00:00 0 
75da0c401000-75da0cc01000 rw-p 00000000 00:00 0 
75da0ce00000-75da0de21000 ---p 00000000 00:00 0 
75da0e000000-75da0ec7a000 rw-p 00001000 103:05 39860326                  /usr/lib/jvm/jdk-22.0.2-oracle-x64/lib/server/classes.jsa
75da0ec7a000-75da0f000000 ---p 00000000 00:00 0 
75da0f000000-75da0f010000 rw-p 00000000 00:00 0 
75da0f010000-75da0f040000 ---p 00000000 00:00 0 
75da0f040000-75da0f050000 rw-p 00000000 00:00 0 
75da0f050000-75da4f000000 ---p 00000000 00:00 0 
75da4f600000-75da4f601000 ---p 00000000 00:00 0 
75da4f601000-75da4fe01000 rw-p 00000000 00:00 0 
75da50000000-75da50021000 rw-p 00000000 00:00 0 
75da50021000-75da54000000 ---p 00000000 00:00 0 
75da54000000-75da54021000 rw-p 00000000 00:00 0 
75da54021000-75da58000000 ---p 00000000 00:00 0 
75da58a00000-75da58c5a000 rw-p 00000000 00:00 0 
75da58e00000-75da58e01000 ---p 00000000 00:00 0 
75da58e01000-75da59601000 rw-p 00000000 00:00 0 
75da59800000-75da5bae6000 r-xp 00000000 103:05 39063740                  /usr/lib/x86_64-linux-gnu/libcublasLt.so.10.1.0.105
75da5bae6000-75da5bce6000 ---p 022e6000 103:05 39063740                  /usr/lib/x86_64-linux-gnu/libcublasLt.so.10.1.0.105
75da5bce6000-75da5bd58000 rw-p 022e6000 103:05 39063740                  /usr/lib/x86_64-linux-gnu/libcublasLt.so.10.1.0.105
75da5bd58000-75da5bd60000 rw-p 00000000 00:00 0 
75da5c000000-75da5c021000 rw-p 00000000 00:00 0 
75da5c021000-75da60000000 ---p 00000000 00:00 0 
75da60000000-75da60021000 rw-p 00000000 00:00 0 
75da60021000-75da64000000 ---p 00000000 00:00 0 
75da6400a000-75da6414c000 rw-p 00000000 00:00 0 
75da6414c000-75da6434c000 rw-s 00000000 00:01 1061                       /dev/zero (deleted)
75da6434c000-75da64400000 rw-p 00000000 00:00 0 
75da64400000-75da644db000 r--p 00000000 103:05 39066653                  /usr/lib/x86_64-linux-gnu/libcuda.so.550.54.15
75da644db000-75da64973000 r-xp 000db000 103:05 39066653                  /usr/lib/x86_64-linux-gnu/libcuda.so.550.54.15
75da64973000-75da65e03000 r--p 00573000 103:05 39066653                  /usr/lib/x86_64-linux-gnu/libcuda.so.550.54.15
75da65e03000-75da65e1a000 r--p 01a02000 103:05 39066653                  /usr/lib/x86_64-linux-gnu/libcuda.so.550.54.15
75da65e1a000-75da65f15000 rw-p 01a19000 103:05 39066653                  /usr/lib/x86_64-linux-gnu/libcuda.so.550.54.15
75da65f15000-75da65f7b000 rw-p 00000000 00:00 0 
75da65f7f000-75da66000000 rw-p 00000000 00:00 0 
75da66000000-75da6609d000 r--p 00000000 103:05 39063721                  /usr/lib/x86_64-linux-gnu/libstdc++.so.6.0.33
75da6609d000-75da661dd000 r-xp 0009d000 103:05 39063721                  /usr/lib/x86_64-linux-gnu/libstdc++.so.6.0.33
75da661dd000-75da6626b000 r--p 001dd000 103:05 39063721                  /usr/lib/x86_64-linux-gnu/libstdc++.so.6.0.33
75da6626b000-75da66276000 r--p 0026b000 103:05 39063721                  /usr/lib/x86_64-linux-gnu/libstdc++.so.6.0.33
75da66276000-75da66279000 rw-p 00276000 103:05 39063721                  /usr/lib/x86_64-linux-gnu/libstdc++.so.6.0.33
75da66279000-75da6627d000 rw-p 00000000 00:00 0 
75da6628f000-75da66330000 rw-p 00000000 00:00 0 
75da66330000-75da66344000 r--p 00000000 103:05 26738754                  /tmp/libJCublas2-10.1.0-linux-x86_64.so
75da66344000-75da663cc000 r-xp 00014000 103:05 26738754                  /tmp/libJCublas2-10.1.0-linux-x86_64.so
75da663cc000-75da663f9000 r--p 0009c000 103:05 26738754                  /tmp/libJCublas2-10.1.0-linux-x86_64.so
75da663f9000-75da663fa000 ---p 000c9000 103:05 26738754                  /tmp/libJCublas2-10.1.0-linux-x86_64.so
75da663fa000-75da663fd000 r--p 000c9000 103:05 26738754                  /tmp/libJCublas2-10.1.0-linux-x86_64.so
75da663fd000-75da663fe000 rw-p 000cc000 103:05 26738754                  /tmp/libJCublas2-10.1.0-linux-x86_64.so
75da663fe000-75da66400000 rw-p 00000000 00:00 0 
75da66400000-75da66404000 ---p 00000000 00:00 0 
75da66404000-75da66500000 rw-p 00000000 00:00 0 
75da66500000-75da66504000 ---p 00000000 00:00 0 
75da66504000-75da66600000 rw-p 00000000 00:00 0 
75da66600000-75da66604000 ---p 00000000 00:00 0 
75da66604000-75da66700000 rw-p 00000000 00:00 0 
75da66700000-75da66704000 ---p 00000000 00:00 0 
75da66704000-75da66800000 rw-p 00000000 00:00 0 
75da66800000-75da66804000 ---p 00000000 00:00 0 
75da66804000-75da66900000 rw-p 00000000 00:00 0 
75da66900000-75da66904000 ---p 00000000 00:00 0 
75da66904000-75da66a00000 rw-p 00000000 00:00 0 
75da66a00000-75da66a04000 ---p 00000000 00:00 0 
75da66a04000-75da66b00000 rw-p 00000000 00:00 0 
75da66b00000-75da66b04000 ---p 00000000 00:00 0 
75da66b04000-75da66c00000 rw-p 00000000 00:00 0 
75da66c00000-75da66c04000 ---p 00000000 00:00 0 
75da66c04000-75da66d00000 rw-p 00000000 00:00 0 
75da66d00000-75da66d04000 ---p 00000000 00:00 0 
75da66d04000-75da66e00000 rw-p 00000000 00:00 0 
75da66e00000-75da66e04000 ---p 00000000 00:00 0 
75da66e04000-75da66f00000 rw-p 00000000 00:00 0 
75da66f00000-75da66f04000 ---p 00000000 00:00 0 
75da66f04000-75da67000000 rw-p 00000000 00:00 0 
75da67000000-75da67575000 r--p 00000000 103:05 39061600                  /usr/lib/locale/locale-archive
75da67575000-75da675f6000 rw-p 00000000 00:00 0 
75da675f6000-75da675f7000 ---p 00000000 00:00 0 
75da675f7000-75da676f7000 rw-p 00000000 00:00 0 
75da676f7000-75da676f8000 ---p 00000000 00:00 0 
75da676f8000-75da677f8000 rw-p 00000000 00:00 0 
75da677f8000-75da677f9000 ---p 00000000 00:00 0 
75da677f9000-75da678f9000 rw-p 00000000 00:00 0 
75da678f9000-75da678fa000 ---p 00000000 00:00 0 
75da678fa000-75da679fa000 rw-p 00000000 00:00 0 
75da679fa000-75da68021000 rw-p 00000000 00:00 0 
75da68021000-75da6c000000 ---p 00000000 00:00 0 
75da6c017000-75da6c05a000 rw-p 00000000 00:00 0 
75da6c05a000-75da6c06c000 r--p 00000000 103:05 26738753                  /tmp/libJCudaRuntime-10.1.0-linux-x86_64.so
75da6c06c000-75da6c0d4000 r-xp 00012000 103:05 26738753                  /tmp/libJCudaRuntime-10.1.0-linux-x86_64.so
75da6c0d4000-75da6c0f1000 r--p 0007a000 103:05 26738753                  /tmp/libJCudaRuntime-10.1.0-linux-x86_64.so
75da6c0f1000-75da6c0f2000 ---p 00097000 103:05 26738753                  /tmp/libJCudaRuntime-10.1.0-linux-x86_64.so
75da6c0f2000-75da6c0f6000 r--p 00097000 103:05 26738753                  /tmp/libJCudaRuntime-10.1.0-linux-x86_64.so
75da6c0f6000-75da6c0f7000 rw-p 0009b000 103:05 26738753                  /tmp/libJCudaRuntime-10.1.0-linux-x86_64.so
75da6c0f7000-75da6e800000 rw-p 00000000 00:00 0 
75da6e82d000-75da6e8fb000 r-xp 00000000 103:05 39860299                  /usr/lib/jvm/jdk-22.0.2-oracle-x64/lib/libjsvml.so
75da6e8fb000-75da6e8fc000 r--p 000cd000 103:05 39860299                  /usr/lib/jvm/jdk-22.0.2-oracle-x64/lib/libjsvml.so
75da6e8fc000-75da6e8fd000 rw-p 000ce000 103:05 39860299                  /usr/lib/jvm/jdk-22.0.2-oracle-x64/lib/libjsvml.so
75da6e8fd000-75da6e8fe000 ---p 00000000 00:00 0 
75da6e8fe000-75da6e9fe000 rw-p 00000000 00:00 0 
75da6e9fe000-75da6e9ff000 ---p 00000000 00:00 0 
75da6e9ff000-75da6eaff000 rw-p 00000000 00:00 0 
75da6eaff000-75da6eb00000 ---p 00000000 00:00 0 
75da6eb00000-75da6ec00000 rw-p 00000000 00:00 0 
75da6ec00000-75da6f3b0000 rw-p 00000000 00:00 0 
75da6f3b0000-75da76650000 ---p 00000000 00:00 0 
75da76650000-75da76660000 rw-p 00000000 00:00 0 
75da76682000-75da768f6000 rw-p 00000000 00:00 0 
75da768f6000-75da7774a000 ---p 00000000 00:00 0 
75da7774a000-75da7774c000 rw-p 00000000 00:00 0 
75da77778000-75da7777c000 r--p 00000000 103:05 39063720                  /usr/lib/x86_64-linux-gnu/libgcc_s.so.1
75da7777c000-75da7779f000 r-xp 00004000 103:05 39063720                  /usr/lib/x86_64-linux-gnu/libgcc_s.so.1
75da7779f000-75da777a3000 r--p 00027000 103:05 39063720                  /usr/lib/x86_64-linux-gnu/libgcc_s.so.1
75da777a3000-75da777a4000 r--p 0002b000 103:05 39063720                  /usr/lib/x86_64-linux-gnu/libgcc_s.so.1
75da777a4000-75da777a5000 rw-p 0002c000 103:05 39063720                  /usr/lib/x86_64-linux-gnu/libgcc_s.so.1
75da777a5000-75da778f6000 rw-p 00000000 00:00 0 
75da778f6000-75da7874a000 ---p 00000000 00:00 0 
75da7874a000-75da7874c000 rw-p 00000000 00:00 0 
75da7877d000-75da78c00000 rw-p 00000000 00:00 0 
75da78c00000-75da78e70000 rwxp 00000000 00:00 0 
75da78e70000-75da8005f000 ---p 00000000 00:00 0 
75da8005f000-75da802df000 rwxp 00000000 00:00 0 
75da802df000-75da807a0000 ---p 00000000 00:00 0 
75da807a0000-75da80a10000 rwxp 00000000 00:00 0 
75da80a10000-75da87c00000 ---p 00000000 00:00 0 
75da87c00000-75da8ffbb000 r--s 00000000 103:05 39860317                  /usr/lib/jvm/jdk-22.0.2-oracle-x64/lib/modules
75da8ffc2000-75da93f64000 rw-p 00000000 00:00 0 
75da93f64000-75da94000000 ---p 00000000 00:00 0 
75da94000000-75da94007000 r--s 00000000 103:05 39070655                  /usr/lib/x86_64-linux-gnu/gconv/gconv-modules.cache
75da94007000-75da94017000 -w-s 00000000 00:05 1129                       /dev/nvidia0
75da94017000-75da94022000 r-xp 00000000 103:05 39860306                  /usr/lib/jvm/jdk-22.0.2-oracle-x64/lib/libnet.so
75da94022000-75da94023000 ---p 0000b000 103:05 39860306                  /usr/lib/jvm/jdk-22.0.2-oracle-x64/lib/libnet.so
75da94023000-75da94024000 r--p 0000b000 103:05 39860306                  /usr/lib/jvm/jdk-22.0.2-oracle-x64/lib/libnet.so
75da94024000-75da94025000 rw-p 0000c000 103:05 39860306                  /usr/lib/jvm/jdk-22.0.2-oracle-x64/lib/libnet.so
75da94025000-75da94933000 rw-p 00000000 00:00 0 
75da94933000-75da94a17000 ---p 00000000 00:00 0 
75da94a17000-75da94a1c000 rw-p 00000000 00:00 0 
75da94a1c000-75da94b00000 ---p 00000000 00:00 0 
75da94b00000-75da94b04000 ---p 00000000 00:00 0 
75da94b04000-75da94c00000 rw-p 00000000 00:00 0 
75da94c00000-75da95f40000 r-xp 00000000 103:05 39860329                  /usr/lib/jvm/jdk-22.0.2-oracle-x64/lib/server/libjvm.so
75da95f40000-75da95f41000 ---p 01340000 103:05 39860329                  /usr/lib/jvm/jdk-22.0.2-oracle-x64/lib/server/libjvm.so
75da95f41000-75da9600e000 r--p 01340000 103:05 39860329                  /usr/lib/jvm/jdk-22.0.2-oracle-x64/lib/server/libjvm.so
75da9600e000-75da9603c000 rw-p 0140d000 103:05 39860329                  /usr/lib/jvm/jdk-22.0.2-oracle-x64/lib/server/libjvm.so
75da9603c000-75da960b2000 rw-p 00000000 00:00 0 
75da960b2000-75da960b9000 r-xp 00000000 103:05 39860316                  /usr/lib/jvm/jdk-22.0.2-oracle-x64/lib/libzip.so
75da960b9000-75da960ba000 ---p 00007000 103:05 39860316                  /usr/lib/jvm/jdk-22.0.2-oracle-x64/lib/libzip.so
75da960ba000-75da960bb000 r--p 00007000 103:05 39860316                  /usr/lib/jvm/jdk-22.0.2-oracle-x64/lib/libzip.so
75da960bb000-75da960bc000 rw-p 00008000 103:05 39860316                  /usr/lib/jvm/jdk-22.0.2-oracle-x64/lib/libzip.so
75da960bc000-75da960cf000 r-xp 00000000 103:05 39860307                  /usr/lib/jvm/jdk-22.0.2-oracle-x64/lib/libnio.so
75da960cf000-75da960d0000 ---p 00013000 103:05 39860307                  /usr/lib/jvm/jdk-22.0.2-oracle-x64/lib/libnio.so
75da960d0000-75da960d1000 r--p 00013000 103:05 39860307                  /usr/lib/jvm/jdk-22.0.2-oracle-x64/lib/libnio.so
75da960d1000-75da960d2000 rw-p 00014000 103:05 39860307                  /usr/lib/jvm/jdk-22.0.2-oracle-x64/lib/libnio.so
75da960d2000-75da960f2000 r-xp 00000000 103:05 39860291                  /usr/lib/jvm/jdk-22.0.2-oracle-x64/lib/libjava.so
75da960f2000-75da960f3000 ---p 00020000 103:05 39860291                  /usr/lib/jvm/jdk-22.0.2-oracle-x64/lib/libjava.so
75da960f3000-75da960f4000 r--p 00020000 103:05 39860291                  /usr/lib/jvm/jdk-22.0.2-oracle-x64/lib/libjava.so
75da960f4000-75da960f5000 rw-p 00021000 103:05 39860291                  /usr/lib/jvm/jdk-22.0.2-oracle-x64/lib/libjava.so
75da960f5000-75da960f6000 rw-p 00000000 00:00 0 
75da960f6000-75da96114000 r-xp 00000000 103:05 39860295                  /usr/lib/jvm/jdk-22.0.2-oracle-x64/lib/libjimage.so
75da96114000-75da96116000 r--p 0001d000 103:05 39860295                  /usr/lib/jvm/jdk-22.0.2-oracle-x64/lib/libjimage.so
75da96116000-75da96117000 rw-p 0001f000 103:05 39860295                  /usr/lib/jvm/jdk-22.0.2-oracle-x64/lib/libjimage.so
75da96117000-75da96127000 r--p 00000000 103:05 39070669                  /usr/lib/x86_64-linux-gnu/libm.so.6
75da96127000-75da961a6000 r-xp 00010000 103:05 39070669                  /usr/lib/x86_64-linux-gnu/libm.so.6
75da961a6000-75da961fe000 r--p 0008f000 103:05 39070669                  /usr/lib/x86_64-linux-gnu/libm.so.6
75da961fe000-75da961ff000 r--p 000e7000 103:05 39070669                  /usr/lib/x86_64-linux-gnu/libm.so.6
75da961ff000-75da96200000 rw-p 000e8000 103:05 39070669                  /usr/lib/x86_64-linux-gnu/libm.so.6
75da96200000-75da96228000 r--p 00000000 103:05 39070666                  /usr/lib/x86_64-linux-gnu/libc.so.6
75da96228000-75da963b0000 r-xp 00028000 103:05 39070666                  /usr/lib/x86_64-linux-gnu/libc.so.6
75da963b0000-75da963ff000 r--p 001b0000 103:05 39070666                  /usr/lib/x86_64-linux-gnu/libc.so.6
75da963ff000-75da96403000 r--p 001fe000 103:05 39070666                  /usr/lib/x86_64-linux-gnu/libc.so.6
75da96403000-75da96405000 rw-p 00202000 103:05 39070666                  /usr/lib/x86_64-linux-gnu/libc.so.6
75da96405000-75da96412000 rw-p 00000000 00:00 0 
75da96418000-75da96419000 r--p 00000000 103:05 39070680                  /usr/lib/x86_64-linux-gnu/librt.so.1
75da96419000-75da9641a000 r-xp 00001000 103:05 39070680                  /usr/lib/x86_64-linux-gnu/librt.so.1
75da9641a000-75da9641b000 r--p 00002000 103:05 39070680                  /usr/lib/x86_64-linux-gnu/librt.so.1
75da9641b000-75da9641c000 r--p 00002000 103:05 39070680                  /usr/lib/x86_64-linux-gnu/librt.so.1
75da9641c000-75da9641d000 rw-p 00003000 103:05 39070680                  /usr/lib/x86_64-linux-gnu/librt.so.1
75da9641d000-75da96421000 rw-p 00000000 00:00 0 
75da96421000-75da96422000 r--p 00000000 103:05 39070668                  /usr/lib/x86_64-linux-gnu/libdl.so.2
75da96422000-75da96423000 r-xp 00001000 103:05 39070668                  /usr/lib/x86_64-linux-gnu/libdl.so.2
75da96423000-75da96424000 r--p 00002000 103:05 39070668                  /usr/lib/x86_64-linux-gnu/libdl.so.2
75da96424000-75da96425000 r--p 00002000 103:05 39070668                  /usr/lib/x86_64-linux-gnu/libdl.so.2
75da96425000-75da96426000 rw-p 00003000 103:05 39070668                  /usr/lib/x86_64-linux-gnu/libdl.so.2
75da96426000-75da96427000 r--p 00000000 103:05 39070678                  /usr/lib/x86_64-linux-gnu/libpthread.so.0
75da96427000-75da96428000 r-xp 00001000 103:05 39070678                  /usr/lib/x86_64-linux-gnu/libpthread.so.0
75da96428000-75da96429000 r--p 00002000 103:05 39070678                  /usr/lib/x86_64-linux-gnu/libpthread.so.0
75da96429000-75da9642a000 r--p 00002000 103:05 39070678                  /usr/lib/x86_64-linux-gnu/libpthread.so.0
75da9642a000-75da9642b000 rw-p 00003000 103:05 39070678                  /usr/lib/x86_64-linux-gnu/libpthread.so.0
75da9642b000-75da96439000 r-xp 00000000 103:05 39860296                  /usr/lib/jvm/jdk-22.0.2-oracle-x64/lib/libjli.so
75da96439000-75da9643a000 r--p 0000e000 103:05 39860296                  /usr/lib/jvm/jdk-22.0.2-oracle-x64/lib/libjli.so
75da9643a000-75da9643b000 rw-p 0000f000 103:05 39860296                  /usr/lib/jvm/jdk-22.0.2-oracle-x64/lib/libjli.so
75da9643b000-75da9643d000 r--p 00000000 103:05 39063281                  /usr/lib/x86_64-linux-gnu/libz.so.1.3
75da9643d000-75da9644f000 r-xp 00002000 103:05 39063281                  /usr/lib/x86_64-linux-gnu/libz.so.1.3
75da9644f000-75da96455000 r--p 00014000 103:05 39063281                  /usr/lib/x86_64-linux-gnu/libz.so.1.3
75da96455000-75da96456000 r--p 0001a000 103:05 39063281                  /usr/lib/x86_64-linux-gnu/libz.so.1.3
75da96456000-75da96457000 rw-p 0001b000 103:05 39063281                  /usr/lib/x86_64-linux-gnu/libz.so.1.3
75da96458000-75da9645d000 rw-p 00000000 00:00 0 
75da9645d000-75da96467000 ---p 00000000 00:00 0 
75da96467000-75da9646f000 rw-s 00000000 103:05 26739214                  /tmp/hsperfdata_edov/11529
75da9646f000-75da96470000 ---p 00000000 00:00 0 
75da96470000-75da96471000 r--p 00000000 00:00 0 
75da96471000-75da96472000 ---p 00000000 00:00 0 
75da96472000-75da96474000 rw-p 00000000 00:00 0 
75da96474000-75da96475000 r--p 00000000 103:05 39070663                  /usr/lib/x86_64-linux-gnu/ld-linux-x86-64.so.2
75da96475000-75da964a0000 r-xp 00001000 103:05 39070663                  /usr/lib/x86_64-linux-gnu/ld-linux-x86-64.so.2
75da964a0000-75da964aa000 r--p 0002c000 103:05 39070663                  /usr/lib/x86_64-linux-gnu/ld-linux-x86-64.so.2
75da964aa000-75da964ac000 r--p 00036000 103:05 39070663                  /usr/lib/x86_64-linux-gnu/ld-linux-x86-64.so.2
75da964ac000-75da964ae000 rw-p 00038000 103:05 39070663                  /usr/lib/x86_64-linux-gnu/ld-linux-x86-64.so.2
7ffe3787c000-7ffe3789e000 rw-p 00000000 00:00 0                          [stack]
7ffe379ce000-7ffe379d2000 r--p 00000000 00:00 0                          [vvar]
7ffe379d2000-7ffe379d4000 r-xp 00000000 00:00 0                          [vdso]
ffffffffff600000-ffffffffff601000 --xp 00000000 00:00 0                  [vsyscall]
Total number of mappings: 309


VM Arguments:
jvm_args: -Dfile.encoding=UTF-8 --module-path=/home/edov/projects/JCudaWrapper/build/classes 
java_command: storage.DArray
java_class_path (initial): /home/edov/projects/JCudaWrapper/JCuda-All-10.1.0/jcublas-10.1.0-javadoc.jar:/home/edov/projects/JCudaWrapper/JCuda-All-10.1.0/jcublas-10.1.0-sources.jar:/home/edov/projects/JCudaWrapper/JCuda-All-10.1.0/jcublas-10.1.0.jar:/home/edov/projects/JCudaWrapper/JCuda-All-10.1.0/jcublas-natives-10.1.0-apple-x86_64.jar:/home/edov/projects/JCudaWrapper/JCuda-All-10.1.0/jcublas-natives-10.1.0-javadoc.jar:/home/edov/projects/JCudaWrapper/JCuda-All-10.1.0/jcublas-natives-10.1.0-linux-x86_64.jar:/home/edov/projects/JCudaWrapper/JCuda-All-10.1.0/jcublas-natives-10.1.0-sources.jar:/home/edov/projects/JCudaWrapper/JCuda-All-10.1.0/jcublas-natives-10.1.0-windows-x86_64.jar:/home/edov/projects/JCudaWrapper/JCuda-All-10.1.0/jcublas-natives-10.1.0.jar:/home/edov/projects/JCudaWrapper/JCuda-All-10.1.0/jcuda-10.1.0-javadoc.jar:/home/edov/projects/JCudaWrapper/JCuda-All-10.1.0/jcuda-10.1.0-sources.jar:/home/edov/projects/JCudaWrapper/JCuda-All-10.1.0/jcuda-10.1.0.jar:/home/edov/projects/JCudaWrapper/JCuda-All-10.1.0/jcuda-common-10.1.0-javadoc.jar:/home/edov/projects/JCudaWrapper/JCuda-All-10.1.0/jcuda-common-10.1.0-sources.jar:/home/edov/projects/JCudaWrapper/JCuda-All-10.1.0/jcuda-common-10.1.0.jar:/home/edov/projects/JCudaWrapper/JCuda-All-10.1.0/jcuda-natives-10.1.0-apple-x86_64.jar:/home/edov/projects/JCudaWrapper/JCuda-All-10.1.0/jcuda-natives-10.1.0-javadoc.jar:/home/edov/projects/JCudaWrapper/JCuda-All-10.1.0/jcuda-natives-10.1.0-linux-x86_64.jar:/home/edov/projects/JCudaWrapper/JCuda-All-10.1.0/jcuda-natives-10.1.0-sources.jar:/home/edov/projects/JCudaWrapper/JCuda-All-10.1.0/jcuda-natives-10.1.0-windows-x86_64.jar:/home/edov/projects/JCudaWrapper/JCuda-All-10.1.0/jcuda-natives-10.1.0.jar:/home/edov/projects/JCudaWrapper/JCuda-All-10.1.0/jcudnn-10.1.0-javadoc.jar:/home/edov/projects/JCudaWrapper/JCuda-All-10.1.0/jcudnn-10.1.0-sources.jar:/home/edov/projects/JCudaWrapper/JCuda-All-10.1.0/jcudnn-10.1.0.jar:/home/edov/projects/JCudaWrapper/JCuda-All-10.1.0/jcudnn-natives-10.1.0-apple-x86_64.jar:/home/edov/projects/JCudaWrapper/JCuda-All-10.1.0/jcudnn-natives-10.1.0-javadoc.jar:/home/edov/projects/JCudaWrapper/JCuda-All-10.1.0/jcudnn-natives-10.1.0-linux-x86_64.jar:/home/edov/projects/JCudaWrapper/JCuda-All-10.1.0/jcudnn-natives-10.1.0-sources.jar:/home/edov/projects/JCudaWrapper/JCuda-All-10.1.0/jcudnn-natives-10.1.0-windows-x86_64.jar:/home/edov/projects/JCudaWrapper/JCuda-All-10.1.0/jcudnn-natives-10.1.0.jar:/home/edov/projects/JCudaWrapper/JCuda-All-10.1.0/jcufft-10.1.0-javadoc.jar:/home/edov/projects/JCudaWrapper/JCuda-All-10.1.0/jcufft-10.1.0-sources.jar:/home/edov/projects/JCudaWrapper/JCuda-All-10.1.0/jcufft-10.1.0.jar:/home/edov/projects/JCudaWrapper/JCuda-All-10.1.0/jcufft-natives-10.1.0-apple-x86_64.jar:/home/edov/projects/JCudaWrapper/JCuda-All-10.1.0/jcufft-natives-10.1.0-javadoc.jar:/home/edov/projects/JCudaWrapper/JCuda-All-10.1.0/jcufft-natives-10.1.0-linux-x86_64.jar:/home/edov/projects/JCudaWrapper/JCuda-All-10.1.0/jcufft-natives-10.1.0-sources.jar:/home/edov/projects/JCudaWrapper/JCuda-All-10.1.0/jcufft-natives-10.1.0-windows-x86_64.jar:/home/edov/projects/JCudaWrapper/JCuda-All-10.1.0/jcufft-natives-10.1.0.jar:/home/edov/projects/JCudaWrapper/JCuda-All-10.1.0/jcurand-10.1.0-javadoc.jar:/home/edov/projects/JCudaWrapper/JCuda-All-10.1.0/jcurand-10.1.0-sources.jar:/home/edov/projects/JCudaWrapper/JCuda-All-10.1.0/jcurand-10.1.0.jar:/home/edov/projects/JCudaWrapper/JCuda-All-10.1.0/jcurand-natives-10.1.0-apple-x86_64.jar:/home/edov/projects/JCudaWrapper/JCuda-All-10.1.0/jcurand-natives-10.1.0-javadoc.jar:/home/edov/projects/JCudaWrapper/JCuda-All-10.1.0/jcurand-natives-10.1.0-linux-x86_64.jar:/home/edov/projects/JCudaWrapper/JCuda-All-10.1.0/jcurand-natives-10.1.0-sources.jar:/home/edov/projects/JCudaWrapper/JCuda-All-10.1.0/jcurand-natives-10.1.0-windows-x86_64.jar:/home/edov/projects/JCudaWrapper/JCuda-All-10.1.0/jcurand-natives-10.1.0.jar:/home/edov/projects/JCudaWrapper/JCuda-All-10.1.0/jcusolver-10.1.0-javadoc.jar:/home/edov/projects/JCudaWrapper/JCuda-All-10.1.0/jcusolver-10.1.0-sources.jar:/home/edov/projects/JCudaWrapper/JCuda-All-10.1.0/jcusolver-10.1.0.jar:/home/edov/projects/JCudaWrapper/JCuda-All-10.1.0/jcusolver-natives-10.1.0-apple-x86_64.jar:/home/edov/projects/JCudaWrapper/JCuda-All-10.1.0/jcusolver-natives-10.1.0-javadoc.jar:/home/edov/projects/JCudaWrapper/JCuda-All-10.1.0/jcusolver-natives-10.1.0-linux-x86_64.jar:/home/edov/projects/JCudaWrapper/JCuda-All-10.1.0/jcusolver-natives-10.1.0-sources.jar:/home/edov/projects/JCudaWrapper/JCuda-All-10.1.0/jcusolver-natives-10.1.0-windows-x86_64.jar:/home/edov/projects/JCudaWrapper/JCuda-All-10.1.0/jcusolver-natives-10.1.0.jar:/home/edov/projects/JCudaWrapper/JCuda-All-10.1.0/jcusparse-10.1.0-javadoc.jar:/home/edov/projects/JCudaWrapper/JCuda-All-10.1.0/jcusparse-10.1.0-sources.jar:/home/edov/projects/JCudaWrapper/JCuda-All-10.1.0/jcusparse-10.1.0.jar:/home/edov/projects/JCudaWrapper/JCuda-All-10.1.0/jcusparse-natives-10.1.0-apple-x86_64.jar:/home/edov/projects/JCudaWrapper/JCuda-All-10.1.0/jcusparse-natives-10.1.0-javadoc.jar:/home/edov/projects/JCudaWrapper/JCuda-All-10.1.0/jcusparse-natives-10.1.0-linux-x86_64.jar:/home/edov/projects/JCudaWrapper/JCuda-All-10.1.0/jcusparse-natives-10.1.0-sources.jar:/home/edov/projects/JCudaWrapper/JCuda-All-10.1.0/jcusparse-natives-10.1.0-windows-x86_64.jar:/home/edov/projects/JCudaWrapper/JCuda-All-10.1.0/jcusparse-natives-10.1.0.jar:/home/edov/projects/JCudaWrapper/JCuda-All-10.1.0/jnvgraph-10.1.0-javadoc.jar:/home/edov/projects/JCudaWrapper/JCuda-All-10.1.0/jnvgraph-10.1.0-sources.jar:/home/edov/projects/JCudaWrapper/JCuda-All-10.1.0/jnvgraph-10.1.0.jar:/home/edov/projects/JCudaWrapper/JCuda-All-10.1.0/jnvgraph-natives-10.1.0-apple-x86_64.jar:/home/edov/projects/JCudaWrapper/JCuda-All-10.1.0/jnvgraph-natives-10.1.0-javadoc.jar:/home/edov/projects/JCudaWrapper/JCuda-All-10.1.0/jnvgraph-natives-10.1.0-linux-x86_64.jar:/home/edov/projects/JCudaWrapper/JCuda-All-10.1.0/jnvgraph-natives-10.1.0-sources.jar:/home/edov/projects/JCudaWrapper/JCuda-All-10.1.0/jnvgraph-natives-10.1.0-windows-x86_64.jar:/home/edov/projects/JCudaWrapper/JCuda-All-10.1.0/jnvgraph-natives-10.1.0.jar:/home/edov/projects/JCudaWrapper/commons-math3-3.6.1.jar:/home/edov/projects/JCudaWrapper/build/classes
Launcher Type: SUN_STANDARD

[Global flags]
     intx CICompilerCount                          = 12                                        {product} {ergonomic}
     uint ConcGCThreads                            = 3                                         {product} {ergonomic}
     uint G1ConcRefinementThreads                  = 13                                        {product} {ergonomic}
   size_t G1HeapRegionSize                         = 4194304                                   {product} {ergonomic}
   size_t InitialHeapSize                          = 515899392                                 {product} {ergonomic}
   size_t MarkStackSize                            = 4194304                                   {product} {ergonomic}
   size_t MaxHeapSize                              = 8212447232                                {product} {ergonomic}
   size_t MaxNewSize                               = 4924112896                                {product} {ergonomic}
   size_t MinHeapDeltaBytes                        = 4194304                                   {product} {ergonomic}
   size_t MinHeapSize                              = 8388608                                   {product} {ergonomic}
    uintx NonNMethodCodeHeapSize                   = 7602480                                {pd product} {ergonomic}
    uintx NonProfiledCodeHeapSize                  = 122027880                              {pd product} {ergonomic}
    uintx ProfiledCodeHeapSize                     = 122027880                              {pd product} {ergonomic}
    uintx ReservedCodeCacheSize                    = 251658240                              {pd product} {ergonomic}
     bool SegmentedCodeCache                       = true                                      {product} {ergonomic}
   size_t SoftMaxHeapSize                          = 8212447232                             {manageable} {ergonomic}
     bool UseCompressedOops                        = true                           {product lp64_product} {ergonomic}
     bool UseG1GC                                  = true                                      {product} {ergonomic}

Logging:
Log output configuration:
 #0: stdout all=warning uptime,level,tags foldmultilines=false
 #1: stderr all=off uptime,level,tags foldmultilines=false

Environment Variables:
PATH=/usr/local/sbin:/usr/local/bin:/usr/sbin:/usr/bin:/sbin:/bin:/usr/games:/usr/local/games:/snap/bin:/snap/bin
USERNAME=edov
SHELL=/bin/bash
DISPLAY=:1
LANG=en_IL

Active Locale:
LC_ALL=en_IL
LC_COLLATE=en_IL
LC_CTYPE=en_IL
LC_MESSAGES=en_IL
LC_MONETARY=en_IL
LC_NUMERIC=en_IL
LC_TIME=en_IL

Signal Handlers:
   SIGSEGV: crash_handler in libjvm.so, mask=11100100010111111101111111111110, flags=SA_RESTART|SA_SIGINFO, unblocked
    SIGBUS: crash_handler in libjvm.so, mask=11100100010111111101111111111110, flags=SA_RESTART|SA_SIGINFO, unblocked
    SIGFPE: crash_handler in libjvm.so, mask=11100100010111111101111111111110, flags=SA_RESTART|SA_SIGINFO, unblocked
   SIGPIPE: javaSignalHandler in libjvm.so, mask=11100100010111111101111111111110, flags=SA_RESTART|SA_SIGINFO, blocked
   SIGXFSZ: javaSignalHandler in libjvm.so, mask=11100100010111111101111111111110, flags=SA_RESTART|SA_SIGINFO, blocked
    SIGILL: crash_handler in libjvm.so, mask=11100100010111111101111111111110, flags=SA_RESTART|SA_SIGINFO, unblocked
   SIGUSR2: SR_handler in libjvm.so, mask=00000000000000000000000000000000, flags=SA_RESTART|SA_SIGINFO, blocked
    SIGHUP: UserHandler in libjvm.so, mask=11100100010111111101111111111110, flags=SA_RESTART|SA_SIGINFO, blocked
    SIGINT: SIG_IGN, mask=00000000000000000000000000000000, flags=none, blocked
   SIGTERM: UserHandler in libjvm.so, mask=11100100010111111101111111111110, flags=SA_RESTART|SA_SIGINFO, blocked
   SIGQUIT: UserHandler in libjvm.so, mask=11100100010111111101111111111110, flags=SA_RESTART|SA_SIGINFO, blocked
   SIGTRAP: crash_handler in libjvm.so, mask=11100100010111111101111111111110, flags=SA_RESTART|SA_SIGINFO, unblocked


Periodic native trim disabled

---------------  S Y S T E M  ---------------

OS:
DISTRIB_ID=Ubuntu
DISTRIB_RELEASE=24.04
DISTRIB_CODENAME=noble
DISTRIB_DESCRIPTION="Ubuntu 24.04.1 LTS"
uname: Linux 6.8.0-44-generic #44-Ubuntu SMP PREEMPT_DYNAMIC Tue Aug 13 13:35:26 UTC 2024 x86_64
OS uptime: 0 days 1:13 hours
libc: glibc 2.39 NPTL 2.39 
rlimit (soft/hard): STACK 8192k/infinity , CORE 0k/infinity , NPROC 125013/125013 , NOFILE 1048576/1048576 , AS infinity/infinity , CPU infinity/infinity , DATA infinity/infinity , FSIZE infinity/infinity , MEMLOCK 4009332k/4009332k
load average: 0.91 0.68 0.62

/proc/meminfo:
MemTotal:       32074664 kB
MemFree:        20393404 kB
MemAvailable:   24117928 kB
Buffers:          199876 kB
Cached:          3894276 kB
SwapCached:            0 kB
Active:          7034212 kB
Inactive:        2423736 kB
Active(anon):    5482900 kB
Inactive(anon):        0 kB
Active(file):    1551312 kB
Inactive(file):  2423736 kB
Unevictable:          48 kB
Mlocked:              48 kB
SwapTotal:       2097148 kB
SwapFree:        2097148 kB
Zswap:                 0 kB
Zswapped:              0 kB
Dirty:               312 kB
Writeback:             0 kB
AnonPages:       5364072 kB
Mapped:          1049648 kB
Shmem:            119104 kB
KReclaimable:     213956 kB
Slab:             531032 kB
SReclaimable:     213956 kB
SUnreclaim:       317076 kB
KernelStack:       25292 kB
PageTables:        64344 kB
SecPageTables:         0 kB
NFS_Unstable:          0 kB
Bounce:                0 kB
WritebackTmp:          0 kB
CommitLimit:    18134480 kB
Committed_AS:   32250792 kB
VmallocTotal:   34359738367 kB
VmallocUsed:      167632 kB
VmallocChunk:          0 kB
Percpu:            18752 kB
HardwareCorrupted:     0 kB
AnonHugePages:         0 kB
ShmemHugePages:        0 kB
ShmemPmdMapped:        0 kB
FileHugePages:         0 kB
FilePmdMapped:         0 kB
Unaccepted:            0 kB
HugePages_Total:       0
HugePages_Free:        0
HugePages_Rsvd:        0
HugePages_Surp:        0
Hugepagesize:       2048 kB
Hugetlb:               0 kB
DirectMap4k:     1909224 kB
DirectMap2M:    17217536 kB
DirectMap1G:    14680064 kB

/sys/kernel/mm/transparent_hugepage/enabled: always [madvise] never
/sys/kernel/mm/transparent_hugepage/hpage_pmd_size: 2097152
/sys/kernel/mm/transparent_hugepage/shmem_enabled: always within_size advise [never] deny force
/sys/kernel/mm/transparent_hugepage/defrag (defrag/compaction efforts parameter): always defer defer+madvise [madvise] never

Process Memory:
Virtual Size: 16509864K (peak: 16575372K)
Resident Set Size: 349992K (peak: 349992K) (anon: 191324K, file: 150476K, shmem: 8192K)
Swapped out: 0K
C-Heap outstanding allocations: 264150K, retained: 6493K
glibc malloc tunables: (default)

/proc/sys/kernel/threads-max (system-wide limit on the number of threads): 250027
/proc/sys/vm/max_map_count (maximum number of memory map areas a process may have): 1048576
/proc/sys/vm/swappiness (control to define how aggressively the kernel swaps out anonymous memory): 60
/proc/sys/kernel/pid_max (system-wide limit on number of process identifiers): 4194304

container (cgroup) information:
container_type: cgroupv2
cpu_cpuset_cpus: not supported
cpu_memory_nodes: not supported
active_processor_count: 16
cpu_quota: not supported
cpu_period: not supported
cpu_shares: not supported
memory_limit_in_bytes: unlimited
memory_and_swap_limit_in_bytes: unlimited
memory_soft_limit_in_bytes: unlimited
memory_usage_in_bytes: 3103656 k
memory_max_usage_in_bytes: not supported
memory_swap_current_in_bytes: unlimited
memory_swap_max_limit_in_bytes: unlimited
maximum number of tasks: 37504
current number of tasks: 129

Steal ticks since vm start: 0
Steal ticks percentage since vm start:  0.000

CPU: total 16 (initial active 16) (16 cores per cpu, 2 threads per core) family 25 model 68 stepping 1 microcode 0xa404101, cx8, cmov, fxsr, ht, mmx, 3dnowpref, sse, sse2, sse3, ssse3, sse4a, sse4.1, sse4.2, popcnt, lzcnt, tsc, tscinvbit, avx, avx2, aes, clmul, bmi1, bmi2, adx, sha, fma, vzeroupper, clflush, clflushopt, rdtscp, rdpid, f16c, pku, ospke, cet_ss
CPU Model and flags from /proc/cpuinfo:
model name	: AMD Ryzen 9 6900HS with Radeon Graphics
flags		: fpu vme de pse tsc msr pae mce cx8 apic sep mtrr pge mca cmov pat pse36 clflush mmx fxsr sse sse2 ht syscall nx mmxext fxsr_opt pdpe1gb rdtscp lm constant_tsc rep_good nopl nonstop_tsc cpuid extd_apicid aperfmperf rapl pni pclmulqdq monitor ssse3 fma cx16 sse4_1 sse4_2 x2apic movbe popcnt aes xsave avx f16c rdrand lahf_lm cmp_legacy svm extapic cr8_legacy abm sse4a misalignsse 3dnowprefetch osvw ibs skinit wdt tce topoext perfctr_core perfctr_nb bpext perfctr_llc mwaitx cpb cat_l3 cdp_l3 hw_pstate ssbd mba ibrs ibpb stibp vmmcall fsgsbase bmi1 avx2 smep bmi2 invpcid cqm rdt_a rdseed adx smap clflushopt clwb sha_ni xsaveopt xsavec xgetbv1 xsaves cqm_llc cqm_occup_llc cqm_mbm_total cqm_mbm_local user_shstk clzero irperf xsaveerptr rdpru wbnoinvd cppc arat npt lbrv svm_lock nrip_save tsc_scale vmcb_clean flushbyasid decodeassists pausefilter pfthreshold avic v_vmsave_vmload vgif v_spec_ctrl umip pku ospke vaes vpclmulqdq rdpid overflow_recov succor smca debug_swap

Online cpus: 0-15
Offline cpus: 
BIOS frequency limitation: <Not Available>
Frequency switch latency (ns): 0
Available cpu frequencies: <Not Available>
Current governor: powersave
Core performance/turbo boost: <Not Available>

Memory: 4k page, physical 32074664k(24117928k free), swap 2097148k(2097148k free)
Page Sizes: 4k

vm_info: Java HotSpot(TM) 64-Bit Server VM (22.0.2+9-70) for linux-amd64 JRE (22.0.2+9-70), built on 2024-06-04T16:52:23Z by "mach5one" with gcc 13.2.0

END.
