#
# A fatal error has been detected by the Java Runtime Environment:
#
#  SIGSEGV (0xb) at pc=0x000071514b0d1bb8, pid=10908, tid=10913
#
# JRE version: Java(TM) SE Runtime Environment (22.0.2+9) (build 22.0.2+9-70)
# Java VM: Java HotSpot(TM) 64-Bit Server VM (22.0.2+9-70, mixed mode, sharing, tiered, compressed oops, compressed class ptrs, g1 gc, linux-amd64)
# Problematic frame:
# C  [libcublas.so.10+0xd1bb8]
#
# Core dump will be written. Default location: Core dumps may be processed with "/usr/share/apport/apport -p%p -s%s -c%c -d%d -P%P -u%u -g%g -- %E" (or dumping to /home/edov/projects/JCudaWrapper/core.10908)
#
# If you would like to submit a bug report, please visit:
#   https://bugreport.java.com/bugreport/crash.jsp
# The crash happened outside the Java Virtual Machine in native code.
# See problematic frame for where to report the bug.
#

---------------  S U M M A R Y ------------

Command Line: -Dfile.encoding=UTF-8 -agentlib:jdwp=transport=dt_socket,address=localhost:33661 --module-path=/home/edov/projects/JCudaWrapper/build/classes main.VectorTest

Host: AMD Ryzen 9 6900HS with Radeon Graphics, 16 cores, 30G, Ubuntu 24.04.1 LTS
Time: Tue Sep 17 08:48:24 2024 IDT elapsed time: 17.339501 seconds (0d 0h 0m 17s)

---------------  T H R E A D  ---------------

Current thread (0x000071523002ecc0):  JavaThread "main"             [_thread_in_native, id=10913, stack(0x0000715237900000,0x0000715237a00000) (1024K)]

Stack: [0x0000715237900000,0x0000715237a00000],  sp=0x00007152379fe300,  free space=1016k
Native frames: (J=compiled Java code, j=interpreted, Vv=VM code, C=native code)
C  [libcublas.so.10+0xd1bb8]
Java frames: (J=compiled Java code, j=interpreted, Vv=VM code)
j  jcuda.jcublas.JCublas2.cublasDnrm2Native(Ljcuda/jcublas/cublasHandle;ILjcuda/Pointer;ILjcuda/Pointer;)I+0
j  jcuda.jcublas.JCublas2.cublasDnrm2(Ljcuda/jcublas/cublasHandle;ILjcuda/Pointer;ILjcuda/Pointer;)I+6
j  storage.DArray.norm(LprocessSupport/Handle;IILstorage/DSingleton;)Lstorage/DSingleton;+31
j  storage.DArray.norm(LprocessSupport/Handle;II)D+11
j  algebra.Vector.getNorm()D+16
j  algebra.Vector.equals(Lalgebra/Vector;D)Z+5
j  algebra.Vector.equals(Lalgebra/Vector;)Z+5
j  main.VectorTest.main([Ljava/lang/String;)V+147
v  ~StubRoutines::call_stub 0x000071522005fcc6

siginfo: si_signo: 11 (SIGSEGV), si_code: 2 (SEGV_ACCERR), si_addr: 0x0000715100e21400

Registers:
RAX=0x0000000000000000, RBX=0x0000000000000001, RCX=0x0000000000000001, RDX=0x0000000000000007
RSP=0x00007152379fe300, RBP=0x0000000000000006, RSI=0x0000000000000006, RDI=0x000071510768a160
R8 =0x0000715100e21400, R9 =0x0000000634d667d8, R10=0x000071514b004380, R11=0x000071514b0cb5b0
R12=0x000071510768a160, R13=0x0000000000000001, R14=0x0000715100e21400, R15=0x0000715100e21000
RIP=0x000071514b0d1bb8, EFLAGS=0x0000000000010206, CSGSFS=0x002b000000000033, ERR=0x0000000000000006
  TRAPNO=0x000000000000000e


Register to memory mapping:

RAX=0x0 is null
RBX=0x0000000000000001 is an unknown value
RCX=0x0000000000000001 is an unknown value
RDX=0x0000000000000007 is an unknown value
RSP=0x00007152379fe300 is pointing into the stack for thread: 0x000071523002ecc0
RBP=0x0000000000000006 is an unknown value
RSI=0x0000000000000006 is an unknown value
RDI=0x000071510768a160 points into unknown readable memory: 0x7fffffff00000200 | 00 02 00 00 ff ff ff 7f
R8 =0x0000715100e21400 is an unknown value
R9 =0x0000000634d667d8 is an oop: jcuda.driver.CUdeviceptr 
{0x0000000634d667d8} - klass: 'jcuda/driver/CUdeviceptr'
 - ---- fields (total size 5 words):
 - private 'nativePointer' 'J' @16  124592721105920 (0x0000715100e21400)
 - private 'buffer' 'Ljava/nio/Buffer;' @12  null (0x00000000)
 - private 'byteOffset' 'J' @24  0 (0x0000000000000000)
 - private 'pointers' '[Ljcuda/NativePointerObject;' @32  null (0x00000000)
R10=0x000071514b004380: <offset 0x0000000000004380> in /lib/x86_64-linux-gnu/libcublas.so.10 at 0x000071514b000000
R11=0x000071514b0cb5b0: cublasDnrm2_v2+0x0000000000000000 in /lib/x86_64-linux-gnu/libcublas.so.10 at 0x000071514b000000
R12=0x000071510768a160 points into unknown readable memory: 0x7fffffff00000200 | 00 02 00 00 ff ff ff 7f
R13=0x0000000000000001 is an unknown value
R14=0x0000715100e21400 is an unknown value
R15=0x0000715100e21000 is an unknown value

Top of Stack: (sp=0x00007152379fe300)
0x00007152379fe300:   636170612f67726f 0000000000000000
0x00007152379fe310:   70612f67726f4c28 0000715100e21000
0x00007152379fe320:   2020202020202020 0000000000000000
0x00007152379fe330:   0000000000000000 0000000000000000
0x00007152379fe340:   0000000000000000 0000000000000000
0x00007152379fe350:   0000000000000000 0000000000000000
0x00007152379fe360:   0000715203be8680 000000063002f850
0x00007152379fe370:   00007152379fe3a0 00007152370d14d8
0x00007152379fe380:   0000715230146790 862caa1730a95600
0x00007152379fe390:   0000000000000001 00007152379fe668
0x00007152379fe3a0:   0000715100e21400 000071523002f080
0x00007152379fe3b0:   00007152379fe658 0000000634d667d8
0x00007152379fe3c0:   0000000000000002 8000000000000006
0x00007152379fe3d0:   0000000000000000 0000000000000000
0x00007152379fe3e0:   0000000000000000 0000000000000000
0x00007152379fe3f0:   0000000000000000 0000000000000000
0x00007152379fe400:   000071523002f928 00007150fd8bb9c0
0x00007152379fe410:   0000000000000000 00007151a440e598
0x00007152379fe420:   00007152379fe440 0000715203bc8fc5
0x00007152379fe430:   00007152379fe648 00007151a440e598
0x00007152379fe440:   00007152379fe5a0 0000000000000000
0x00007152379fe450:   00007151a440e598 00007152379fe668
0x00007152379fe460:   0000715100e21000 000071514b0cb5fe
0x00007152379fe470:   00007152379fe4a0 000071510768a160
0x00007152379fe480:   00007152379fe4a0 0000715100e21400
0x00007152379fe490:   0000000600000001 000071510768a160
0x00007152379fe4a0:   00007152379fe520 0000715203bc9ac8
0x00007152379fe4b0:   00007152379fe648 000071523002f080
0x00007152379fe4c0:   000071523002ec00 0000010000000062
0x00007152379fe4d0:   00007152379fe658 000071523002f080
0x00007152379fe4e0:   0000000000000000 0000715203bc9dc5
0x00007152379fe4f0:   0000000000000000 00007151a440e598 

Instructions: (pc=0x000071514b0d1bb8)
0x000071514b0d1ab8:   ff 4c 8b 8c 24 18 01 00 00 48 8b b4 24 c0 00 00
0x000071514b0d1ac8:   00 48 89 ef 8b 94 24 c8 00 00 00 48 8b 8c 24 b0
0x000071514b0d1ad8:   00 00 00 44 8b 84 24 b8 00 00 00 4c 8b 9c 24 10
0x000071514b0d1ae8:   01 00 00 4c 89 0c 24 4c 8d 8c 24 20 01 00 00 48
0x000071514b0d1af8:   89 b4 24 90 00 00 00 89 94 24 98 00 00 00 48 89
0x000071514b0d1b08:   8c 24 a0 00 00 00 44 89 84 24 a8 00 00 00 4c 89
0x000071514b0d1b18:   5c 24 08 e8 80 bb 50 00 e9 6d fe ff ff 48 03 9c
0x000071514b0d1b28:   24 28 01 00 00 4d 8b 44 24 48 b9 03 00 00 00 ba
0x000071514b0d1b38:   08 00 00 00 4c 89 f7 48 89 de e8 f9 e5 50 00 e9
0x000071514b0d1b48:   9a fe ff ff 90 90 90 90 48 89 6c 24 d8 4c 89 64
0x000071514b0d1b58:   24 e0 89 f5 4c 89 6c 24 e8 4c 89 74 24 f0 49 89
0x000071514b0d1b68:   fc 48 89 5c 24 d0 4c 89 7c 24 f8 48 81 ec 68 01
0x000071514b0d1b78:   00 00 48 85 ff 48 89 54 24 18 41 89 cd 4d 89 c6
0x000071514b0d1b88:   0f 84 85 01 00 00 8b 5f 38 85 db 0f 84 7a 01 00
0x000071514b0d1b98:   00 4d 85 c0 ba 07 00 00 00 0f 84 ff 00 00 00 8b
0x000071514b0d1ba8:   47 50 85 c0 89 44 24 2c 0f 85 2a 01 00 00 85 f6
0x000071514b0d1bb8:   49 c7 00 00 00 00 00 0f 8e 4a 01 00 00 85 c9 0f
0x000071514b0d1bc8:   8e 42 01 00 00 48 8b 35 94 83 bd 04 31 c9 4c 89
0x000071514b0d1bd8:   e7 48 89 f2 48 89 74 24 10 be 80 00 00 00 e8 d5
0x000071514b0d1be8:   39 fe ff 85 c0 ba 0d 00 00 00 0f 8e ae 00 00 00
0x000071514b0d1bf8:   39 e8 41 89 ef 49 8d 54 24 78 44 0f 4e f8 42 8d
0x000071514b0d1c08:   1c fd 08 00 00 00 48 89 d7 48 89 54 24 20 e8 75
0x000071514b0d1c18:   88 f5 ff 39 c3 0f 8f ca 01 00 00 48 8b 7c 24 20
0x000071514b0d1c28:   48 8d b4 24 28 01 00 00 89 da e8 79 91 f5 ff 85
0x000071514b0d1c38:   c0 89 c2 75 69 48 63 d3 48 c7 44 24 70 00 00 00
0x000071514b0d1c48:   00 48 c7 44 24 78 00 00 00 00 48 81 fa ff ff 00
0x000071514b0d1c58:   00 48 c7 84 24 80 00 00 00 00 00 00 00 48 c7 84
0x000071514b0d1c68:   24 88 00 00 00 00 00 00 00 49 8b 4c 24 48 48 8b
0x000071514b0d1c78:   bc 24 28 01 00 00 0f 87 9c 00 00 00 49 8d b4 24
0x000071514b0d1c88:   d8 00 00 00 49 89 c8 b9 01 00 00 00 e8 a7 e4 50
0x000071514b0d1c98:   00 85 c0 0f 84 8e 00 00 00 ba 0e 00 00 00 48 8b
0x000071514b0d1ca8:   9c 24 38 01 00 00 48 8b ac 24 40 01 00 00 89 d0 


Stack slot to memory mapping:

stack at sp + 0 slots: 0x636170612f67726f is an unknown value
stack at sp + 1 slots: 0x0 is null
stack at sp + 2 slots: 0x70612f67726f4c28 is an unknown value
stack at sp + 3 slots: 0x0000715100e21000 is an unknown value
stack at sp + 4 slots: 0x2020202020202020 is an unknown value
stack at sp + 5 slots: 0x0 is null
stack at sp + 6 slots: 0x0 is null
stack at sp + 7 slots: 0x0 is null


---------------  P R O C E S S  ---------------

Threads class SMR info:
_java_thread_list=0x000071516800a2f0, length=14, elements={
0x000071523002ecc0, 0x000071523014da00, 0x000071523014ee50, 0x0000715230150930,
0x0000715230151f70, 0x0000715230153510, 0x00007152301550b0, 0x000071523015e7b0,
0x000071523017dc20, 0x00007152301c1690, 0x00007152301d8e70, 0x00007151600011e0,
0x00007152301da160, 0x00007150fd89d0d0
}

Java Threads: ( => current thread )
=>0x000071523002ecc0 JavaThread "main"                              [_thread_in_native, id=10913, stack(0x0000715237900000,0x0000715237a00000) (1024K)]
  0x000071523014da00 JavaThread "Reference Handler"          daemon [_thread_blocked, id=10922, stack(0x000071520c900000,0x000071520ca00000) (1024K)]
  0x000071523014ee50 JavaThread "Finalizer"                  daemon [_thread_blocked, id=10923, stack(0x000071520c800000,0x000071520c900000) (1024K)]
  0x0000715230150930 JavaThread "Signal Dispatcher"          daemon [_thread_blocked, id=10924, stack(0x000071520c700000,0x000071520c800000) (1024K)]
  0x0000715230151f70 JavaThread "Service Thread"             daemon [_thread_blocked, id=10925, stack(0x000071520c600000,0x000071520c700000) (1024K)]
  0x0000715230153510 JavaThread "Monitor Deflation Thread"   daemon [_thread_blocked, id=10926, stack(0x000071520c500000,0x000071520c600000) (1024K)]
  0x00007152301550b0 JavaThread "C2 CompilerThread0"         daemon [_thread_blocked, id=10927, stack(0x000071520c400000,0x000071520c500000) (1024K)]
  0x000071523015e7b0 JavaThread "C1 CompilerThread0"         daemon [_thread_blocked, id=10928, stack(0x000071520c300000,0x000071520c400000) (1024K)]
  0x000071523017dc20 JavaThread "Common-Cleaner"             daemon [_thread_blocked, id=10929, stack(0x000071520c130000,0x000071520c230000) (1024K)]
  0x00007152301c1690 JavaThread "JDWP Transport Listener: dt_socket" daemon [_thread_blocked, id=10931, stack(0x0000715203f00000,0x0000715204000000) (1024K)]
  0x00007152301d8e70 JavaThread "JDWP Event Helper Thread"   daemon [_thread_blocked, id=10933, stack(0x0000715203e00000,0x0000715203f00000) (1024K)]
  0x00007151600011e0 JavaThread "JDWP Command Reader"        daemon [_thread_in_native, id=10934, stack(0x0000715203d00000,0x0000715203e00000) (1024K)]
  0x00007152301da160 JavaThread "Notification Thread"        daemon [_thread_blocked, id=10939, stack(0x0000715203c00000,0x0000715203d00000) (1024K)]
  0x00007150fd89d0d0 JavaThread "pool-1-thread-1"            daemon [_thread_blocked, id=10946, stack(0x000071520357d000,0x000071520367d000) (1024K)]
Total: 14

Other Threads:
  0x00007152301400c0 VMThread "VM Thread"                           [id=10921, stack(0x000071520cff1000,0x000071520d0f1000) (1024K)]
  0x0000715230125b80 WatcherThread "VM Periodic Task Thread"        [id=10919, stack(0x000071520d0f2000,0x000071520d1f2000) (1024K)]
  0x0000715230059ed0 WorkerThread "GC Thread#0"                     [id=10914, stack(0x0000715234300000,0x0000715234400000) (1024K)]
  0x000071523006a9d0 ConcurrentGCThread "G1 Main Marker"            [id=10915, stack(0x00007152341ff000,0x00007152342ff000) (1024K)]
  0x000071523006b970 WorkerThread "G1 Conc#0"                       [id=10916, stack(0x00007152340fe000,0x00007152341fe000) (1024K)]
  0x00007152301134b0 ConcurrentGCThread "G1 Refine#0"               [id=10917, stack(0x000071520d2f4000,0x000071520d3f4000) (1024K)]
  0x0000715230114470 ConcurrentGCThread "G1 Service"                [id=10918, stack(0x000071520d1f3000,0x000071520d2f3000) (1024K)]
Total: 7

Threads with active compile tasks:
Total: 0

VM state: not at safepoint (normal execution)

VM Mutex/Monitor currently owned by a thread: None

Heap address: 0x0000000616800000, size: 7832 MB, Compressed Oops mode: Zero based, Oop shift amount: 3

CDS archive(s) mapped at: [0x00007151ae000000-0x00007151aec7a000-0x00007151aec7a000), size 13082624, SharedBaseAddress: 0x00007151ae000000, ArchiveRelocationMode: 1.
Compressed class space mapped at: 0x00007151af000000-0x00007151ef000000, reserved size: 1073741824
Narrow klass base: 0x00007151ae000000, Narrow klass shift: 0, Narrow klass range: 0x100000000

GC Precious Log:
 CardTable entry size: 512
 Card Set container configuration: InlinePtr #cards 4 size 8 Array Of Cards #cards 32 size 80 Howl #buckets 8 coarsen threshold 7372 Howl Bitmap #cards 1024 size 144 coarsen threshold 921 Card regions per heap region 1 cards per card region 8192
 CPUs: 16 total, 16 available
 Memory: 31322M
 Large Page Support: Disabled
 NUMA Support: Disabled
 Compressed Oops: Enabled (Zero based)
 Heap Region Size: 4M
 Heap Min Capacity: 8M
 Heap Initial Capacity: 492M
 Heap Max Capacity: 7832M
 Pre-touch: Disabled
 Parallel Workers: 13
 Concurrent Workers: 3
 Concurrent Refinement Workers: 13
 Periodic GC: Disabled

Heap:
 garbage-first heap   total reserved 8019968K, committed 507904K, used 5155K [0x0000000616800000, 0x0000000800000000)
  region size 4096K, 2 young (8192K), 0 survivors (0K)
 Metaspace       used 1261K, committed 1344K, reserved 1114112K
  class space    used 93K, committed 128K, reserved 1048576K

Heap Regions: E=young(eden), S=young(survivor), O=old, HS=humongous(starts), HC=humongous(continues), CS=collection set, F=free, TAMS=top-at-mark-start, PB=parsable bottom
|   0|0x0000000616800000, 0x0000000616800000, 0x0000000616c00000|  0%| F|  |TAMS 0x0000000616800000| PB 0x0000000616800000| Untracked |  0
|   1|0x0000000616c00000, 0x0000000616c00000, 0x0000000617000000|  0%| F|  |TAMS 0x0000000616c00000| PB 0x0000000616c00000| Untracked |  0
|   2|0x0000000617000000, 0x0000000617000000, 0x0000000617400000|  0%| F|  |TAMS 0x0000000617000000| PB 0x0000000617000000| Untracked |  0
|   3|0x0000000617400000, 0x0000000617400000, 0x0000000617800000|  0%| F|  |TAMS 0x0000000617400000| PB 0x0000000617400000| Untracked |  0
|   4|0x0000000617800000, 0x0000000617800000, 0x0000000617c00000|  0%| F|  |TAMS 0x0000000617800000| PB 0x0000000617800000| Untracked |  0
|   5|0x0000000617c00000, 0x0000000617c00000, 0x0000000618000000|  0%| F|  |TAMS 0x0000000617c00000| PB 0x0000000617c00000| Untracked |  0
|   6|0x0000000618000000, 0x0000000618000000, 0x0000000618400000|  0%| F|  |TAMS 0x0000000618000000| PB 0x0000000618000000| Untracked |  0
|   7|0x0000000618400000, 0x0000000618400000, 0x0000000618800000|  0%| F|  |TAMS 0x0000000618400000| PB 0x0000000618400000| Untracked |  0
|   8|0x0000000618800000, 0x0000000618800000, 0x0000000618c00000|  0%| F|  |TAMS 0x0000000618800000| PB 0x0000000618800000| Untracked |  0
|   9|0x0000000618c00000, 0x0000000618c00000, 0x0000000619000000|  0%| F|  |TAMS 0x0000000618c00000| PB 0x0000000618c00000| Untracked |  0
|  10|0x0000000619000000, 0x0000000619000000, 0x0000000619400000|  0%| F|  |TAMS 0x0000000619000000| PB 0x0000000619000000| Untracked |  0
|  11|0x0000000619400000, 0x0000000619400000, 0x0000000619800000|  0%| F|  |TAMS 0x0000000619400000| PB 0x0000000619400000| Untracked |  0
|  12|0x0000000619800000, 0x0000000619800000, 0x0000000619c00000|  0%| F|  |TAMS 0x0000000619800000| PB 0x0000000619800000| Untracked |  0
|  13|0x0000000619c00000, 0x0000000619c00000, 0x000000061a000000|  0%| F|  |TAMS 0x0000000619c00000| PB 0x0000000619c00000| Untracked |  0
|  14|0x000000061a000000, 0x000000061a000000, 0x000000061a400000|  0%| F|  |TAMS 0x000000061a000000| PB 0x000000061a000000| Untracked |  0
|  15|0x000000061a400000, 0x000000061a400000, 0x000000061a800000|  0%| F|  |TAMS 0x000000061a400000| PB 0x000000061a400000| Untracked |  0
|  16|0x000000061a800000, 0x000000061a800000, 0x000000061ac00000|  0%| F|  |TAMS 0x000000061a800000| PB 0x000000061a800000| Untracked |  0
|  17|0x000000061ac00000, 0x000000061ac00000, 0x000000061b000000|  0%| F|  |TAMS 0x000000061ac00000| PB 0x000000061ac00000| Untracked |  0
|  18|0x000000061b000000, 0x000000061b000000, 0x000000061b400000|  0%| F|  |TAMS 0x000000061b000000| PB 0x000000061b000000| Untracked |  0
|  19|0x000000061b400000, 0x000000061b400000, 0x000000061b800000|  0%| F|  |TAMS 0x000000061b400000| PB 0x000000061b400000| Untracked |  0
|  20|0x000000061b800000, 0x000000061b800000, 0x000000061bc00000|  0%| F|  |TAMS 0x000000061b800000| PB 0x000000061b800000| Untracked |  0
|  21|0x000000061bc00000, 0x000000061bc00000, 0x000000061c000000|  0%| F|  |TAMS 0x000000061bc00000| PB 0x000000061bc00000| Untracked |  0
|  22|0x000000061c000000, 0x000000061c000000, 0x000000061c400000|  0%| F|  |TAMS 0x000000061c000000| PB 0x000000061c000000| Untracked |  0
|  23|0x000000061c400000, 0x000000061c400000, 0x000000061c800000|  0%| F|  |TAMS 0x000000061c400000| PB 0x000000061c400000| Untracked |  0
|  24|0x000000061c800000, 0x000000061c800000, 0x000000061cc00000|  0%| F|  |TAMS 0x000000061c800000| PB 0x000000061c800000| Untracked |  0
|  25|0x000000061cc00000, 0x000000061cc00000, 0x000000061d000000|  0%| F|  |TAMS 0x000000061cc00000| PB 0x000000061cc00000| Untracked |  0
|  26|0x000000061d000000, 0x000000061d000000, 0x000000061d400000|  0%| F|  |TAMS 0x000000061d000000| PB 0x000000061d000000| Untracked |  0
|  27|0x000000061d400000, 0x000000061d400000, 0x000000061d800000|  0%| F|  |TAMS 0x000000061d400000| PB 0x000000061d400000| Untracked |  0
|  28|0x000000061d800000, 0x000000061d800000, 0x000000061dc00000|  0%| F|  |TAMS 0x000000061d800000| PB 0x000000061d800000| Untracked |  0
|  29|0x000000061dc00000, 0x000000061dc00000, 0x000000061e000000|  0%| F|  |TAMS 0x000000061dc00000| PB 0x000000061dc00000| Untracked |  0
|  30|0x000000061e000000, 0x000000061e000000, 0x000000061e400000|  0%| F|  |TAMS 0x000000061e000000| PB 0x000000061e000000| Untracked |  0
|  31|0x000000061e400000, 0x000000061e400000, 0x000000061e800000|  0%| F|  |TAMS 0x000000061e400000| PB 0x000000061e400000| Untracked |  0
|  32|0x000000061e800000, 0x000000061e800000, 0x000000061ec00000|  0%| F|  |TAMS 0x000000061e800000| PB 0x000000061e800000| Untracked |  0
|  33|0x000000061ec00000, 0x000000061ec00000, 0x000000061f000000|  0%| F|  |TAMS 0x000000061ec00000| PB 0x000000061ec00000| Untracked |  0
|  34|0x000000061f000000, 0x000000061f000000, 0x000000061f400000|  0%| F|  |TAMS 0x000000061f000000| PB 0x000000061f000000| Untracked |  0
|  35|0x000000061f400000, 0x000000061f400000, 0x000000061f800000|  0%| F|  |TAMS 0x000000061f400000| PB 0x000000061f400000| Untracked |  0
|  36|0x000000061f800000, 0x000000061f800000, 0x000000061fc00000|  0%| F|  |TAMS 0x000000061f800000| PB 0x000000061f800000| Untracked |  0
|  37|0x000000061fc00000, 0x000000061fc00000, 0x0000000620000000|  0%| F|  |TAMS 0x000000061fc00000| PB 0x000000061fc00000| Untracked |  0
|  38|0x0000000620000000, 0x0000000620000000, 0x0000000620400000|  0%| F|  |TAMS 0x0000000620000000| PB 0x0000000620000000| Untracked |  0
|  39|0x0000000620400000, 0x0000000620400000, 0x0000000620800000|  0%| F|  |TAMS 0x0000000620400000| PB 0x0000000620400000| Untracked |  0
|  40|0x0000000620800000, 0x0000000620800000, 0x0000000620c00000|  0%| F|  |TAMS 0x0000000620800000| PB 0x0000000620800000| Untracked |  0
|  41|0x0000000620c00000, 0x0000000620c00000, 0x0000000621000000|  0%| F|  |TAMS 0x0000000620c00000| PB 0x0000000620c00000| Untracked |  0
|  42|0x0000000621000000, 0x0000000621000000, 0x0000000621400000|  0%| F|  |TAMS 0x0000000621000000| PB 0x0000000621000000| Untracked |  0
|  43|0x0000000621400000, 0x0000000621400000, 0x0000000621800000|  0%| F|  |TAMS 0x0000000621400000| PB 0x0000000621400000| Untracked |  0
|  44|0x0000000621800000, 0x0000000621800000, 0x0000000621c00000|  0%| F|  |TAMS 0x0000000621800000| PB 0x0000000621800000| Untracked |  0
|  45|0x0000000621c00000, 0x0000000621c00000, 0x0000000622000000|  0%| F|  |TAMS 0x0000000621c00000| PB 0x0000000621c00000| Untracked |  0
|  46|0x0000000622000000, 0x0000000622000000, 0x0000000622400000|  0%| F|  |TAMS 0x0000000622000000| PB 0x0000000622000000| Untracked |  0
|  47|0x0000000622400000, 0x0000000622400000, 0x0000000622800000|  0%| F|  |TAMS 0x0000000622400000| PB 0x0000000622400000| Untracked |  0
|  48|0x0000000622800000, 0x0000000622800000, 0x0000000622c00000|  0%| F|  |TAMS 0x0000000622800000| PB 0x0000000622800000| Untracked |  0
|  49|0x0000000622c00000, 0x0000000622c00000, 0x0000000623000000|  0%| F|  |TAMS 0x0000000622c00000| PB 0x0000000622c00000| Untracked |  0
|  50|0x0000000623000000, 0x0000000623000000, 0x0000000623400000|  0%| F|  |TAMS 0x0000000623000000| PB 0x0000000623000000| Untracked |  0
|  51|0x0000000623400000, 0x0000000623400000, 0x0000000623800000|  0%| F|  |TAMS 0x0000000623400000| PB 0x0000000623400000| Untracked |  0
|  52|0x0000000623800000, 0x0000000623800000, 0x0000000623c00000|  0%| F|  |TAMS 0x0000000623800000| PB 0x0000000623800000| Untracked |  0
|  53|0x0000000623c00000, 0x0000000623c00000, 0x0000000624000000|  0%| F|  |TAMS 0x0000000623c00000| PB 0x0000000623c00000| Untracked |  0
|  54|0x0000000624000000, 0x0000000624000000, 0x0000000624400000|  0%| F|  |TAMS 0x0000000624000000| PB 0x0000000624000000| Untracked |  0
|  55|0x0000000624400000, 0x0000000624400000, 0x0000000624800000|  0%| F|  |TAMS 0x0000000624400000| PB 0x0000000624400000| Untracked |  0
|  56|0x0000000624800000, 0x0000000624800000, 0x0000000624c00000|  0%| F|  |TAMS 0x0000000624800000| PB 0x0000000624800000| Untracked |  0
|  57|0x0000000624c00000, 0x0000000624c00000, 0x0000000625000000|  0%| F|  |TAMS 0x0000000624c00000| PB 0x0000000624c00000| Untracked |  0
|  58|0x0000000625000000, 0x0000000625000000, 0x0000000625400000|  0%| F|  |TAMS 0x0000000625000000| PB 0x0000000625000000| Untracked |  0
|  59|0x0000000625400000, 0x0000000625400000, 0x0000000625800000|  0%| F|  |TAMS 0x0000000625400000| PB 0x0000000625400000| Untracked |  0
|  60|0x0000000625800000, 0x0000000625800000, 0x0000000625c00000|  0%| F|  |TAMS 0x0000000625800000| PB 0x0000000625800000| Untracked |  0
|  61|0x0000000625c00000, 0x0000000625c00000, 0x0000000626000000|  0%| F|  |TAMS 0x0000000625c00000| PB 0x0000000625c00000| Untracked |  0
|  62|0x0000000626000000, 0x0000000626000000, 0x0000000626400000|  0%| F|  |TAMS 0x0000000626000000| PB 0x0000000626000000| Untracked |  0
|  63|0x0000000626400000, 0x0000000626400000, 0x0000000626800000|  0%| F|  |TAMS 0x0000000626400000| PB 0x0000000626400000| Untracked |  0
|  64|0x0000000626800000, 0x0000000626800000, 0x0000000626c00000|  0%| F|  |TAMS 0x0000000626800000| PB 0x0000000626800000| Untracked |  0
|  65|0x0000000626c00000, 0x0000000626c00000, 0x0000000627000000|  0%| F|  |TAMS 0x0000000626c00000| PB 0x0000000626c00000| Untracked |  0
|  66|0x0000000627000000, 0x0000000627000000, 0x0000000627400000|  0%| F|  |TAMS 0x0000000627000000| PB 0x0000000627000000| Untracked |  0
|  67|0x0000000627400000, 0x0000000627400000, 0x0000000627800000|  0%| F|  |TAMS 0x0000000627400000| PB 0x0000000627400000| Untracked |  0
|  68|0x0000000627800000, 0x0000000627800000, 0x0000000627c00000|  0%| F|  |TAMS 0x0000000627800000| PB 0x0000000627800000| Untracked |  0
|  69|0x0000000627c00000, 0x0000000627c00000, 0x0000000628000000|  0%| F|  |TAMS 0x0000000627c00000| PB 0x0000000627c00000| Untracked |  0
|  70|0x0000000628000000, 0x0000000628000000, 0x0000000628400000|  0%| F|  |TAMS 0x0000000628000000| PB 0x0000000628000000| Untracked |  0
|  71|0x0000000628400000, 0x0000000628400000, 0x0000000628800000|  0%| F|  |TAMS 0x0000000628400000| PB 0x0000000628400000| Untracked |  0
|  72|0x0000000628800000, 0x0000000628800000, 0x0000000628c00000|  0%| F|  |TAMS 0x0000000628800000| PB 0x0000000628800000| Untracked |  0
|  73|0x0000000628c00000, 0x0000000628c00000, 0x0000000629000000|  0%| F|  |TAMS 0x0000000628c00000| PB 0x0000000628c00000| Untracked |  0
|  74|0x0000000629000000, 0x0000000629000000, 0x0000000629400000|  0%| F|  |TAMS 0x0000000629000000| PB 0x0000000629000000| Untracked |  0
|  75|0x0000000629400000, 0x0000000629400000, 0x0000000629800000|  0%| F|  |TAMS 0x0000000629400000| PB 0x0000000629400000| Untracked |  0
|  76|0x0000000629800000, 0x0000000629800000, 0x0000000629c00000|  0%| F|  |TAMS 0x0000000629800000| PB 0x0000000629800000| Untracked |  0
|  77|0x0000000629c00000, 0x0000000629c00000, 0x000000062a000000|  0%| F|  |TAMS 0x0000000629c00000| PB 0x0000000629c00000| Untracked |  0
|  78|0x000000062a000000, 0x000000062a000000, 0x000000062a400000|  0%| F|  |TAMS 0x000000062a000000| PB 0x000000062a000000| Untracked |  0
|  79|0x000000062a400000, 0x000000062a400000, 0x000000062a800000|  0%| F|  |TAMS 0x000000062a400000| PB 0x000000062a400000| Untracked |  0
|  80|0x000000062a800000, 0x000000062a800000, 0x000000062ac00000|  0%| F|  |TAMS 0x000000062a800000| PB 0x000000062a800000| Untracked |  0
|  81|0x000000062ac00000, 0x000000062ac00000, 0x000000062b000000|  0%| F|  |TAMS 0x000000062ac00000| PB 0x000000062ac00000| Untracked |  0
|  82|0x000000062b000000, 0x000000062b000000, 0x000000062b400000|  0%| F|  |TAMS 0x000000062b000000| PB 0x000000062b000000| Untracked |  0
|  83|0x000000062b400000, 0x000000062b400000, 0x000000062b800000|  0%| F|  |TAMS 0x000000062b400000| PB 0x000000062b400000| Untracked |  0
|  84|0x000000062b800000, 0x000000062b800000, 0x000000062bc00000|  0%| F|  |TAMS 0x000000062b800000| PB 0x000000062b800000| Untracked |  0
|  85|0x000000062bc00000, 0x000000062bc00000, 0x000000062c000000|  0%| F|  |TAMS 0x000000062bc00000| PB 0x000000062bc00000| Untracked |  0
|  86|0x000000062c000000, 0x000000062c000000, 0x000000062c400000|  0%| F|  |TAMS 0x000000062c000000| PB 0x000000062c000000| Untracked |  0
|  87|0x000000062c400000, 0x000000062c400000, 0x000000062c800000|  0%| F|  |TAMS 0x000000062c400000| PB 0x000000062c400000| Untracked |  0
|  88|0x000000062c800000, 0x000000062c800000, 0x000000062cc00000|  0%| F|  |TAMS 0x000000062c800000| PB 0x000000062c800000| Untracked |  0
|  89|0x000000062cc00000, 0x000000062cc00000, 0x000000062d000000|  0%| F|  |TAMS 0x000000062cc00000| PB 0x000000062cc00000| Untracked |  0
|  90|0x000000062d000000, 0x000000062d000000, 0x000000062d400000|  0%| F|  |TAMS 0x000000062d000000| PB 0x000000062d000000| Untracked |  0
|  91|0x000000062d400000, 0x000000062d400000, 0x000000062d800000|  0%| F|  |TAMS 0x000000062d400000| PB 0x000000062d400000| Untracked |  0
|  92|0x000000062d800000, 0x000000062d800000, 0x000000062dc00000|  0%| F|  |TAMS 0x000000062d800000| PB 0x000000062d800000| Untracked |  0
|  93|0x000000062dc00000, 0x000000062dc00000, 0x000000062e000000|  0%| F|  |TAMS 0x000000062dc00000| PB 0x000000062dc00000| Untracked |  0
|  94|0x000000062e000000, 0x000000062e000000, 0x000000062e400000|  0%| F|  |TAMS 0x000000062e000000| PB 0x000000062e000000| Untracked |  0
|  95|0x000000062e400000, 0x000000062e400000, 0x000000062e800000|  0%| F|  |TAMS 0x000000062e400000| PB 0x000000062e400000| Untracked |  0
|  96|0x000000062e800000, 0x000000062e800000, 0x000000062ec00000|  0%| F|  |TAMS 0x000000062e800000| PB 0x000000062e800000| Untracked |  0
|  97|0x000000062ec00000, 0x000000062ec00000, 0x000000062f000000|  0%| F|  |TAMS 0x000000062ec00000| PB 0x000000062ec00000| Untracked |  0
|  98|0x000000062f000000, 0x000000062f000000, 0x000000062f400000|  0%| F|  |TAMS 0x000000062f000000| PB 0x000000062f000000| Untracked |  0
|  99|0x000000062f400000, 0x000000062f400000, 0x000000062f800000|  0%| F|  |TAMS 0x000000062f400000| PB 0x000000062f400000| Untracked |  0
| 100|0x000000062f800000, 0x000000062f800000, 0x000000062fc00000|  0%| F|  |TAMS 0x000000062f800000| PB 0x000000062f800000| Untracked |  0
| 101|0x000000062fc00000, 0x000000062fc00000, 0x0000000630000000|  0%| F|  |TAMS 0x000000062fc00000| PB 0x000000062fc00000| Untracked |  0
| 102|0x0000000630000000, 0x0000000630000000, 0x0000000630400000|  0%| F|  |TAMS 0x0000000630000000| PB 0x0000000630000000| Untracked |  0
| 103|0x0000000630400000, 0x0000000630400000, 0x0000000630800000|  0%| F|  |TAMS 0x0000000630400000| PB 0x0000000630400000| Untracked |  0
| 104|0x0000000630800000, 0x0000000630800000, 0x0000000630c00000|  0%| F|  |TAMS 0x0000000630800000| PB 0x0000000630800000| Untracked |  0
| 105|0x0000000630c00000, 0x0000000630c00000, 0x0000000631000000|  0%| F|  |TAMS 0x0000000630c00000| PB 0x0000000630c00000| Untracked |  0
| 106|0x0000000631000000, 0x0000000631000000, 0x0000000631400000|  0%| F|  |TAMS 0x0000000631000000| PB 0x0000000631000000| Untracked |  0
| 107|0x0000000631400000, 0x0000000631400000, 0x0000000631800000|  0%| F|  |TAMS 0x0000000631400000| PB 0x0000000631400000| Untracked |  0
| 108|0x0000000631800000, 0x0000000631800000, 0x0000000631c00000|  0%| F|  |TAMS 0x0000000631800000| PB 0x0000000631800000| Untracked |  0
| 109|0x0000000631c00000, 0x0000000631c00000, 0x0000000632000000|  0%| F|  |TAMS 0x0000000631c00000| PB 0x0000000631c00000| Untracked |  0
| 110|0x0000000632000000, 0x0000000632000000, 0x0000000632400000|  0%| F|  |TAMS 0x0000000632000000| PB 0x0000000632000000| Untracked |  0
| 111|0x0000000632400000, 0x0000000632400000, 0x0000000632800000|  0%| F|  |TAMS 0x0000000632400000| PB 0x0000000632400000| Untracked |  0
| 112|0x0000000632800000, 0x0000000632800000, 0x0000000632c00000|  0%| F|  |TAMS 0x0000000632800000| PB 0x0000000632800000| Untracked |  0
| 113|0x0000000632c00000, 0x0000000632c00000, 0x0000000633000000|  0%| F|  |TAMS 0x0000000632c00000| PB 0x0000000632c00000| Untracked |  0
| 114|0x0000000633000000, 0x0000000633000000, 0x0000000633400000|  0%| F|  |TAMS 0x0000000633000000| PB 0x0000000633000000| Untracked |  0
| 115|0x0000000633400000, 0x0000000633400000, 0x0000000633800000|  0%| F|  |TAMS 0x0000000633400000| PB 0x0000000633400000| Untracked |  0
| 116|0x0000000633800000, 0x0000000633800000, 0x0000000633c00000|  0%| F|  |TAMS 0x0000000633800000| PB 0x0000000633800000| Untracked |  0
| 117|0x0000000633c00000, 0x0000000633c00000, 0x0000000634000000|  0%| F|  |TAMS 0x0000000633c00000| PB 0x0000000633c00000| Untracked |  0
| 118|0x0000000634000000, 0x0000000634000000, 0x0000000634400000|  0%| F|  |TAMS 0x0000000634000000| PB 0x0000000634000000| Untracked |  0
| 119|0x0000000634400000, 0x0000000634400000, 0x0000000634800000|  0%| F|  |TAMS 0x0000000634400000| PB 0x0000000634400000| Untracked |  0
| 120|0x0000000634800000, 0x0000000634800000, 0x0000000634c00000|  0%| F|  |TAMS 0x0000000634800000| PB 0x0000000634800000| Untracked |  0
| 121|0x0000000634c00000, 0x0000000634d79f60, 0x0000000635000000| 36%| E|  |TAMS 0x0000000634c00000| PB 0x0000000634c00000| Complete |  0
| 122|0x0000000635000000, 0x0000000635400000, 0x0000000635400000|100%| E|CS|TAMS 0x0000000635000000| PB 0x0000000635000000| Complete |  0
|1957|0x00000007ffc00000, 0x00000007ffd08c80, 0x0000000800000000| 25%| O|  |TAMS 0x00000007ffc00000| PB 0x00000007ffc00000| Untracked |  0

Card table byte_map: [0x0000715217c00000,0x0000715218b4c000] _byte_map_base: 0x0000715214b4c000

Marking Bits: (CMBitMap*) 0x000071523005aa00
 Bits: [0x0000715210000000, 0x0000715217a60000)

Polling page: 0x0000715237d83000

Metaspace:

Usage:
  Non-class:      1.14 MB used.
      Class:     93.59 KB used.
       Both:      1.23 MB used.

Virtual space:
  Non-class space:       64.00 MB reserved,       1.19 MB (  2%) committed,  1 nodes.
      Class space:        1.00 GB reserved,     128.00 KB ( <1%) committed,  1 nodes.
             Both:        1.06 GB reserved,       1.31 MB ( <1%) committed. 

Chunk freelists:
   Non-Class:  11.53 MB
       Class:  15.69 MB
        Both:  27.22 MB

MaxMetaspaceSize: unlimited
CompressedClassSpaceSize: 1.00 GB
Initial GC threshold: 21.00 MB
Current GC threshold: 21.00 MB
CDS: on
 - commit_granule_bytes: 65536.
 - commit_granule_words: 8192.
 - virtual_space_node_default_size: 8388608.
 - enlarge_chunks_in_place: 1.
 - use_allocation_guard: 0.


Internal statistics:

num_allocs_failed_limit: 0.
num_arena_births: 12.
num_arena_deaths: 0.
num_vsnodes_births: 2.
num_vsnodes_deaths: 0.
num_space_committed: 21.
num_space_uncommitted: 0.
num_chunks_returned_to_freelist: 0.
num_chunks_taken_from_freelist: 42.
num_chunk_merges: 0.
num_chunk_splits: 26.
num_chunks_enlarged: 19.
num_inconsistent_stats: 0.

CodeHeap 'non-profiled nmethods': size=119168Kb used=122Kb max_used=122Kb free=119045Kb
 bounds [0x00007152207a0000, 0x0000715220a10000, 0x0000715227c00000]
CodeHeap 'profiled nmethods': size=119164Kb used=577Kb max_used=577Kb free=118586Kb
 bounds [0x0000715218c00000, 0x0000715218e70000, 0x000071522005f000]
CodeHeap 'non-nmethods': size=7428Kb used=1436Kb max_used=1999Kb free=5991Kb
 bounds [0x000071522005f000, 0x00007152202cf000, 0x00007152207a0000]
 total_blobs=929 nmethods=438 adapters=397
 compilation: enabled
              stopped_count=0, restarted_count=0
 full_count=0

Compilation events (20 events):
Event: 0.678 Thread 0x0000715174057a80 nmethod 426 0x0000715218c8be10 code [0x0000715218c8bfa0, 0x0000715218c8c138]
Event: 0.678 Thread 0x0000715174057a80  428       3       jdk.internal.org.objectweb.asm.ByteVector::putByte (39 bytes)
Event: 0.678 Thread 0x0000715174057a80 nmethod 428 0x0000715218c8c210 code [0x0000715218c8c3c0, 0x0000715218c8c5a8]
Event: 0.678 Thread 0x0000715174057a80  429       3       java.lang.reflect.Modifier::isPublic (12 bytes)
Event: 0.679 Thread 0x0000715174057a80 nmethod 429 0x0000715218c8c710 code [0x0000715218c8c8a0, 0x0000715218c8c9d8]
Event: 0.679 Thread 0x000071523015e7b0 nmethod 427 0x0000715218c8ca90 code [0x0000715218c8ccc0, 0x0000715218c8d2a0]
Event: 0.679 Thread 0x000071523015e7b0  430       3       jdk.internal.util.StrongReferenceKey::equals (28 bytes)
Event: 0.679 Thread 0x000071523015e7b0 nmethod 430 0x0000715218c8d610 code [0x0000715218c8d7e0, 0x0000715218c8ddd8]
Event: 0.807 Thread 0x0000715174057a80  431       3       java.lang.invoke.MethodType::checkPtypes (76 bytes)
Event: 0.807 Thread 0x0000715174057a80 nmethod 431 0x0000715218c8df90 code [0x0000715218c8e240, 0x0000715218c8ed78]
Event: 4.724 Thread 0x000071523015e7b0  433       3       java.util.stream.StreamOpFlag::fromCharacteristics (37 bytes)
Event: 4.724 Thread 0x0000715174057a80  434       3       java.util.stream.AbstractPipeline::<init> (55 bytes)
Event: 4.724 Thread 0x000071523015e7b0 nmethod 433 0x0000715218c8f210 code [0x0000715218c8f3c0, 0x0000715218c8f6e0]
Event: 4.724 Thread 0x0000715174057a80 nmethod 434 0x0000715218c8f810 code [0x0000715218c8f9c0, 0x0000715218c8fca0]
Event: 4.844 Thread 0x000071523015e7b0  435       1       java.util.stream.MatchOps$BooleanTerminalSink::cancellationRequested (5 bytes)
Event: 4.844 Thread 0x000071523015e7b0 nmethod 435 0x00007152207be210 code [0x00007152207be3a0, 0x00007152207be468]
Event: 4.844 Thread 0x0000715174057a80  436       3       java.lang.invoke.DirectMethodHandle::allocateInstance (16 bytes)
Event: 4.844 Thread 0x000071523015e7b0  438       3       java.lang.invoke.DirectMethodHandle::constructorMethod (10 bytes)
Event: 4.844 Thread 0x000071523015e7b0 nmethod 438 0x0000715218c8fd90 code [0x0000715218c8ff20, 0x0000715218c900e8]
Event: 4.844 Thread 0x0000715174057a80 nmethod 436 0x0000715218c90190 code [0x0000715218c90340, 0x0000715218c90558]

GC Heap History (0 events):
No events

Dll operation events (8 events):
Event: 0.003 Loaded shared library /usr/lib/jvm/jdk-22.0.2-oracle-x64/lib/libjava.so
Event: 0.031 Loaded shared library /usr/lib/jvm/jdk-22.0.2-oracle-x64/lib/libjsvml.so
Event: 0.034 Loaded shared library /usr/lib/jvm/jdk-22.0.2-oracle-x64/lib/libnio.so
Event: 0.167 Loaded shared library /usr/lib/jvm/jdk-22.0.2-oracle-x64/lib/libzip.so
Event: 0.201 Loaded shared library /usr/lib/jvm/jdk-22.0.2-oracle-x64/lib/libjimage.so
Event: 0.206 Loaded shared library /tmp/libJCudaRuntime-10.1.0-linux-x86_64.so
Event: 0.214 Loaded shared library /tmp/libJCublas2-10.1.0-linux-x86_64.so
Event: 0.660 Loaded shared library /usr/lib/jvm/jdk-22.0.2-oracle-x64/lib/libverify.so

Deoptimization events (2 events):
Event: 0.660 Thread 0x000071523002ecc0 DEOPT PACKING pc=0x0000715218c0675d sp=0x00007152379f9160
Event: 0.660 Thread 0x000071523002ecc0 DEOPT UNPACKING pc=0x00007152200b372f sp=0x00007152379f85a0 mode 0

Classes loaded (20 events):
Event: 0.671 Loading class java/lang/ArrayIndexOutOfBoundsException
Event: 0.671 Loading class java/lang/IndexOutOfBoundsException
Event: 0.672 Loading class java/lang/IndexOutOfBoundsException done
Event: 0.672 Loading class java/lang/ArrayIndexOutOfBoundsException done
Event: 0.676 Loading class java/util/Spliterators$IntArraySpliterator
Event: 0.676 Loading class java/util/Spliterators$IntArraySpliterator done
Event: 0.677 Loading class java/util/stream/MatchOps$MatchKind
Event: 0.677 Loading class java/util/stream/MatchOps$MatchKind done
Event: 0.677 Loading class java/util/stream/MatchOps
Event: 0.677 Loading class java/util/stream/MatchOps done
Event: 0.677 Loading class java/util/stream/MatchOps$MatchOp
Event: 0.677 Loading class java/util/stream/MatchOps$MatchOp done
Event: 0.677 Loading class java/util/stream/MatchOps$BooleanTerminalSink
Event: 0.677 Loading class java/util/stream/MatchOps$BooleanTerminalSink done
Event: 0.678 Loading class java/util/stream/MatchOps$2MatchSink
Event: 0.678 Loading class java/util/stream/MatchOps$2MatchSink done
Event: 0.678 Loading class java/util/stream/MatchOps$1MatchSink
Event: 0.678 Loading class java/util/stream/MatchOps$1MatchSink done
Event: 0.679 Loading class java/nio/HeapDoubleBuffer
Event: 0.679 Loading class java/nio/HeapDoubleBuffer done

Classes unloaded (0 events):
No events

Classes redefined (0 events):
No events

Internal exceptions (9 events):
Event: 0.073 Thread 0x000071523002ecc0 Exception <a 'sun/nio/fs/UnixException'{0x0000000635077920}> (0x0000000635077920) 
thrown [open/src/hotspot/share/prims/jni.cpp, line 520]
Event: 0.073 Thread 0x000071523002ecc0 Exception <a 'sun/nio/fs/UnixException'{0x0000000635078080}> (0x0000000635078080) 
thrown [open/src/hotspot/share/prims/jni.cpp, line 520]
Event: 0.073 Thread 0x000071523002ecc0 Exception <a 'sun/nio/fs/UnixException'{0x0000000635078648}> (0x0000000635078648) 
thrown [open/src/hotspot/share/prims/jni.cpp, line 520]
Event: 0.073 Thread 0x000071523002ecc0 Exception <a 'sun/nio/fs/UnixException'{0x0000000635078e70}> (0x0000000635078e70) 
thrown [open/src/hotspot/share/prims/jni.cpp, line 520]
Event: 0.074 Thread 0x000071523002ecc0 Exception <a 'sun/nio/fs/UnixException'{0x0000000635079430}> (0x0000000635079430) 
thrown [open/src/hotspot/share/prims/jni.cpp, line 520]
Event: 0.074 Thread 0x000071523002ecc0 Exception <a 'sun/nio/fs/UnixException'{0x00000006350799f0}> (0x00000006350799f0) 
thrown [open/src/hotspot/share/prims/jni.cpp, line 520]
Event: 0.074 Thread 0x000071523002ecc0 Exception <a 'sun/nio/fs/UnixException'{0x0000000635079fb0}> (0x0000000635079fb0) 
thrown [open/src/hotspot/share/prims/jni.cpp, line 520]
Event: 0.074 Thread 0x000071523002ecc0 Exception <a 'sun/nio/fs/UnixException'{0x000000063507a588}> (0x000000063507a588) 
thrown [open/src/hotspot/share/prims/jni.cpp, line 520]
Event: 0.655 Thread 0x000071523002ecc0 Exception <a 'java/lang/NoSuchMethodError'{0x0000000634c69ce8}: 'void java.lang.invoke.DirectMethodHandle$Holder.invokeStatic(java.lang.Object, java.lang.Object)'> (0x0000000634c69ce8) 
thrown [open/src/hotspot/share/interpreter/linkResolver.cpp, line 773]

ZGC Phase Switch (0 events):
No events

VM Operations (20 events):
Event: 16.913 Executing VM operation: get/set locals
Event: 16.913 Executing VM operation: get/set locals done
Event: 16.913 Executing VM operation: get/set locals
Event: 16.913 Executing VM operation: get/set locals done
Event: 16.914 Executing VM operation: get/set locals
Event: 16.914 Executing VM operation: get/set locals done
Event: 16.914 Executing VM operation: get/set locals
Event: 16.914 Executing VM operation: get/set locals done
Event: 16.915 Executing VM operation: get/set locals
Event: 16.915 Executing VM operation: get/set locals done
Event: 16.922 Executing VM operation: get/set locals
Event: 16.922 Executing VM operation: get/set locals done
Event: 17.337 Executing VM operation: ChangeSingleStep
Event: 17.337 Executing VM operation: ChangeSingleStep done
Event: 17.339 Executing VM operation: ChangeSingleStep
Event: 17.339 Executing VM operation: ChangeSingleStep done
Event: 17.339 Executing VM operation: ChangeSingleStep
Event: 17.339 Executing VM operation: ChangeSingleStep done
Event: 17.339 Executing VM operation: ChangeSingleStep
Event: 17.339 Executing VM operation: ChangeSingleStep done

Memory protections (15 events):
Event: 0.002 Protecting memory [0x0000715237900000,0x0000715237904000] with protection modes 0
Event: 0.030 Protecting memory [0x000071520c900000,0x000071520c904000] with protection modes 0
Event: 0.030 Protecting memory [0x000071520c800000,0x000071520c804000] with protection modes 0
Event: 0.030 Protecting memory [0x000071520c700000,0x000071520c704000] with protection modes 0
Event: 0.030 Protecting memory [0x000071520c600000,0x000071520c604000] with protection modes 0
Event: 0.031 Protecting memory [0x000071520c500000,0x000071520c504000] with protection modes 0
Event: 0.031 Protecting memory [0x000071520c400000,0x000071520c404000] with protection modes 0
Event: 0.031 Protecting memory [0x000071520c300000,0x000071520c304000] with protection modes 0
Event: 0.059 Protecting memory [0x000071520c130000,0x000071520c134000] with protection modes 0
Event: 0.069 Protecting memory [0x000071520c030000,0x000071520c034000] with protection modes 0
Event: 0.090 Protecting memory [0x0000715203f00000,0x0000715203f04000] with protection modes 0
Event: 0.091 Protecting memory [0x0000715203e00000,0x0000715203e04000] with protection modes 0
Event: 0.091 Protecting memory [0x0000715203d00000,0x0000715203d04000] with protection modes 0
Event: 0.165 Protecting memory [0x0000715203c00000,0x0000715203c04000] with protection modes 0
Event: 0.657 Protecting memory [0x000071520357d000,0x0000715203581000] with protection modes 0

Nmethod flushes (0 events):
No events

Events (16 events):
Event: 0.020 Thread 0x000071523002ecc0 Thread added: 0x000071523002ecc0
Event: 0.030 Thread 0x000071523002ecc0 Thread added: 0x000071523014da00
Event: 0.030 Thread 0x000071523002ecc0 Thread added: 0x000071523014ee50
Event: 0.030 Thread 0x000071523002ecc0 Thread added: 0x0000715230150930
Event: 0.030 Thread 0x000071523002ecc0 Thread added: 0x0000715230151f70
Event: 0.031 Thread 0x000071523002ecc0 Thread added: 0x0000715230153510
Event: 0.031 Thread 0x000071523002ecc0 Thread added: 0x00007152301550b0
Event: 0.031 Thread 0x000071523002ecc0 Thread added: 0x000071523015e7b0
Event: 0.059 Thread 0x000071523002ecc0 Thread added: 0x000071523017dc20
Event: 0.069 Thread 0x000071523015e7b0 Thread added: 0x0000715174057a80
Event: 0.090 Thread 0x000071523002ecc0 Thread added: 0x00007152301c1690
Event: 0.091 Thread 0x000071523002ecc0 Thread added: 0x00007152301d8e70
Event: 0.091 Thread 0x00007152301c1690 Thread added: 0x00007151600011e0
Event: 0.165 Thread 0x000071523002ecc0 Thread added: 0x00007152301da160
Event: 0.657 Thread 0x000071523002ecc0 Thread added: 0x00007150fd89d0d0
Event: 9.845 Thread 0x0000715174057a80 Thread exited: 0x0000715174057a80


Dynamic libraries:
200000000-200200000 ---p 00000000 00:00 0 
200200000-200400000 rw-s 00000000 00:05 1129                             /dev/nvidia0
200400000-203400000 rw-s 00000000 00:05 1128                             /dev/nvidiactl
203400000-204400000 ---p 00000000 00:00 0 
204400000-204600000 rw-s 00000000 00:05 1128                             /dev/nvidiactl
204600000-204800000 rw-s 00000000 00:05 1128                             /dev/nvidiactl
204800000-204a00000 rw-s 00000000 00:05 1128                             /dev/nvidiactl
204a00000-204c00000 rw-s 204a00000 00:05 1130                            /dev/nvidia-uvm
204c00000-204e00000 rw-s 00000000 00:05 1128                             /dev/nvidiactl
204e00000-205000000 ---p 00000000 00:00 0 
205000000-205200000 rw-s 00000000 00:05 1128                             /dev/nvidiactl
205200000-300200000 ---p 00000000 00:00 0 
616800000-635400000 rw-p 00000000 00:00 0 
635400000-7ffc00000 ---p 00000000 00:00 0 
7ffc00000-7ffd09000 rw-p 00cb9000 103:05 39860326                        /usr/lib/jvm/jdk-22.0.2-oracle-x64/lib/server/classes.jsa
7ffd09000-800000000 rw-p 00000000 00:00 0 
10000000000-10004000000 ---p 00000000 00:00 0 
5572ecd42000-5572ecd43000 r-xp 00000000 103:05 39860034                  /usr/lib/jvm/jdk-22.0.2-oracle-x64/bin/java
5572ecd44000-5572ecd45000 r--p 00001000 103:05 39860034                  /usr/lib/jvm/jdk-22.0.2-oracle-x64/bin/java
5572ecd45000-5572ecd46000 rw-p 00002000 103:05 39860034                  /usr/lib/jvm/jdk-22.0.2-oracle-x64/bin/java
5572eea24000-5572eea6d000 rw-p 00000000 00:00 0                          [heap]
7150f4000000-7150f4021000 rw-p 00000000 00:00 0 
7150f4021000-7150f8000000 ---p 00000000 00:00 0 
7150fc000000-7150fe151000 rw-p 00000000 00:00 0 
7150fe151000-715102000000 ---p 00000000 00:00 0 
715104000000-715107ead000 rw-p 00000000 00:00 0 
715107ead000-715108000000 ---p 00000000 00:00 0 
71510c000000-715110000000 rw-p 00000000 00:00 0 
715112000000-71511a000000 ---p 00000000 00:00 0 
71511c000000-71511e000000 ---p 00000000 00:00 0 
715120000000-715130000000 ---p 00000000 00:00 0 
715134000000-715134400000 ---p 00000000 00:00 0 
715134400000-715134600000 rw-s 00000000 00:05 1128                       /dev/nvidiactl
715134600000-715134800000 rw-s 00000000 00:01 15408                      /dev/zero (deleted)
715134800000-715134a00000 rw-s 00000000 00:01 15409                      /dev/zero (deleted)
715134a00000-715135000000 ---p 00000000 00:00 0 
715135000000-715135200000 rw-s 00000000 00:05 1128                       /dev/nvidiactl
715135200000-715135400000 ---p 00000000 00:00 0 
715135400000-715135600000 rw-s 00000000 00:01 15411                      /dev/zero (deleted)
715135600000-715135b33000 rw-s 00000000 00:05 1128                       /dev/nvidiactl
715135b33000-715136000000 ---p 00000000 00:00 0 
715138000000-715138021000 rw-p 00000000 00:00 0 
715138021000-71513c000000 ---p 00000000 00:00 0 
71513e000000-715144000000 ---p 00000000 00:00 0 
715144000000-715144021000 rw-p 00000000 00:00 0 
715144021000-715148000000 ---p 00000000 00:00 0 
71514b000000-71514faa3000 r-xp 00000000 103:05 39063741                  /usr/lib/x86_64-linux-gnu/libcublas.so.10.1.0.105
71514faa3000-71514fca2000 ---p 04aa3000 103:05 39063741                  /usr/lib/x86_64-linux-gnu/libcublas.so.10.1.0.105
71514fca2000-71514fcb0000 rw-p 04aa2000 103:05 39063741                  /usr/lib/x86_64-linux-gnu/libcublas.so.10.1.0.105
71514fcb0000-71514fcba000 rw-p 00000000 00:00 0 
715150000000-715150021000 rw-p 00000000 00:00 0 
715150021000-715154000000 ---p 00000000 00:00 0 
715154000000-715154021000 rw-p 00000000 00:00 0 
715154021000-715158000000 ---p 00000000 00:00 0 
71515c000000-71515c021000 rw-p 00000000 00:00 0 
71515c021000-715160000000 ---p 00000000 00:00 0 
715160000000-715160021000 rw-p 00000000 00:00 0 
715160021000-715164000000 ---p 00000000 00:00 0 
715168000000-715168021000 rw-p 00000000 00:00 0 
715168021000-71516c000000 ---p 00000000 00:00 0 
71516c000000-71516c021000 rw-p 00000000 00:00 0 
71516c021000-715170000000 ---p 00000000 00:00 0 
715174000000-715174072000 rw-p 00000000 00:00 0 
715174072000-715178000000 ---p 00000000 00:00 0 
715178000000-7151781c1000 rw-p 00000000 00:00 0 
7151781c1000-71517c000000 ---p 00000000 00:00 0 
715180000000-715180021000 rw-p 00000000 00:00 0 
715180021000-715184000000 ---p 00000000 00:00 0 
715184000000-715184021000 rw-p 00000000 00:00 0 
715184021000-715188000000 ---p 00000000 00:00 0 
71518c000000-71518c021000 rw-p 00000000 00:00 0 
71518c021000-715190000000 ---p 00000000 00:00 0 
715190000000-715190021000 rw-p 00000000 00:00 0 
715190021000-715194000000 ---p 00000000 00:00 0 
715198000000-715198021000 rw-p 00000000 00:00 0 
715198021000-71519c000000 ---p 00000000 00:00 0 
71519c000000-71519c021000 rw-p 00000000 00:00 0 
71519c021000-7151a0000000 ---p 00000000 00:00 0 
7151a4000000-7151a40b0000 rw-p 00000000 00:00 0 
7151a40b0000-7151a4400000 ---p 00000000 00:00 0 
7151a4400000-7151a4480000 rw-p 00000000 00:00 0 
7151a4480000-7151a8000000 ---p 00000000 00:00 0 
7151a8000000-7151a8021000 rw-p 00000000 00:00 0 
7151a8021000-7151ac000000 ---p 00000000 00:00 0 
7151ace00000-7151ace01000 rw-s 00000000 00:05 1128                       /dev/nvidiactl
7151ace01000-7151ace02000 rw-s 00000000 00:05 1128                       /dev/nvidiactl
7151ace02000-7151ace03000 rw-s 00000000 00:05 1128                       /dev/nvidiactl
7151ace03000-7151ace04000 rw-s 00000000 00:05 1128                       /dev/nvidiactl
7151ace04000-7151ace05000 rw-s 00000000 00:05 1128                       /dev/nvidiactl
7151ace05000-7151ace06000 rw-s 00000000 00:05 1128                       /dev/nvidiactl
7151ace06000-7151ace07000 rw-s 00000000 00:05 1128                       /dev/nvidiactl
7151ace07000-7151ace08000 rw-s 00000000 00:05 1128                       /dev/nvidiactl
7151ace08000-7151ace09000 rw-s 00000000 00:05 1128                       /dev/nvidiactl
7151ace09000-7151ace0a000 rw-s 00000000 00:05 1128                       /dev/nvidiactl
7151ace0a000-7151ace0b000 rw-s 00000000 00:05 1128                       /dev/nvidiactl
7151ace0b000-7151ace0c000 rw-s 00000000 00:05 1128                       /dev/nvidiactl
7151ace0c000-7151ace0d000 rw-s 00000000 00:05 1128                       /dev/nvidiactl
7151ace0d000-7151ace0e000 rw-s 00000000 00:05 1128                       /dev/nvidiactl
7151ace0e000-7151ace0f000 rw-s 00000000 00:05 1128                       /dev/nvidiactl
7151ace0f000-7151ace10000 rw-s 00000000 00:05 1128                       /dev/nvidiactl
7151ace10000-7151ade21000 ---p 00000000 00:00 0 
7151ae000000-7151aec7a000 rw-p 00001000 103:05 39860326                  /usr/lib/jvm/jdk-22.0.2-oracle-x64/lib/server/classes.jsa
7151aec7a000-7151af000000 ---p 00000000 00:00 0 
7151af000000-7151af010000 rw-p 00000000 00:00 0 
7151af010000-7151af040000 ---p 00000000 00:00 0 
7151af040000-7151af050000 rw-p 00000000 00:00 0 
7151af050000-7151ef000000 ---p 00000000 00:00 0 
7151ef600000-7151ef601000 ---p 00000000 00:00 0 
7151ef601000-7151efe01000 rw-p 00000000 00:00 0 
7151f0000000-7151f0021000 rw-p 00000000 00:00 0 
7151f0021000-7151f4000000 ---p 00000000 00:00 0 
7151f4800000-7151f4801000 ---p 00000000 00:00 0 
7151f4801000-7151f5001000 rw-p 00000000 00:00 0 
7151f5200000-7151f6221000 ---p 00000000 00:00 0 
7151f6400000-7151f64db000 r--p 00000000 103:05 39066653                  /usr/lib/x86_64-linux-gnu/libcuda.so.550.54.15
7151f64db000-7151f6973000 r-xp 000db000 103:05 39066653                  /usr/lib/x86_64-linux-gnu/libcuda.so.550.54.15
7151f6973000-7151f7e03000 r--p 00573000 103:05 39066653                  /usr/lib/x86_64-linux-gnu/libcuda.so.550.54.15
7151f7e03000-7151f7e1a000 r--p 01a02000 103:05 39066653                  /usr/lib/x86_64-linux-gnu/libcuda.so.550.54.15
7151f7e1a000-7151f7f15000 rw-p 01a19000 103:05 39066653                  /usr/lib/x86_64-linux-gnu/libcuda.so.550.54.15
7151f7f15000-7151f7f7b000 rw-p 00000000 00:00 0 
7151f8000000-7151f8021000 rw-p 00000000 00:00 0 
7151f8021000-7151fc000000 ---p 00000000 00:00 0 
7151fc000000-7151fc021000 rw-p 00000000 00:00 0 
7151fc021000-715200000000 ---p 00000000 00:00 0 
715200000000-715200200000 rw-s 00000000 00:01 15410                      /dev/zero (deleted)
715200200000-71520045a000 rw-p 00000000 00:00 0 
715200600000-715200601000 ---p 00000000 00:00 0 
715200601000-715200e01000 rw-p 00000000 00:00 0 
715200ebe000-715201000000 rw-p 00000000 00:00 0 
715201000000-7152032e6000 r-xp 00000000 103:05 39063740                  /usr/lib/x86_64-linux-gnu/libcublasLt.so.10.1.0.105
7152032e6000-7152034e6000 ---p 022e6000 103:05 39063740                  /usr/lib/x86_64-linux-gnu/libcublasLt.so.10.1.0.105
7152034e6000-715203558000 rw-p 022e6000 103:05 39063740                  /usr/lib/x86_64-linux-gnu/libcublasLt.so.10.1.0.105
715203558000-715203560000 rw-p 00000000 00:00 0 
71520357d000-715203581000 ---p 00000000 00:00 0 
715203581000-71520367d000 rw-p 00000000 00:00 0 
71520367d000-715203800000 rw-p 00000000 00:00 0 
715203800000-71520389d000 r--p 00000000 103:05 39063721                  /usr/lib/x86_64-linux-gnu/libstdc++.so.6.0.33
71520389d000-7152039dd000 r-xp 0009d000 103:05 39063721                  /usr/lib/x86_64-linux-gnu/libstdc++.so.6.0.33
7152039dd000-715203a6b000 r--p 001dd000 103:05 39063721                  /usr/lib/x86_64-linux-gnu/libstdc++.so.6.0.33
715203a6b000-715203a76000 r--p 0026b000 103:05 39063721                  /usr/lib/x86_64-linux-gnu/libstdc++.so.6.0.33
715203a76000-715203a79000 rw-p 00276000 103:05 39063721                  /usr/lib/x86_64-linux-gnu/libstdc++.so.6.0.33
715203a79000-715203a7d000 rw-p 00000000 00:00 0 
715203a8f000-715203b30000 rw-p 00000000 00:00 0 
715203b30000-715203b44000 r--p 00000000 103:05 26738754                  /tmp/libJCublas2-10.1.0-linux-x86_64.so
715203b44000-715203bcc000 r-xp 00014000 103:05 26738754                  /tmp/libJCublas2-10.1.0-linux-x86_64.so
715203bcc000-715203bf9000 r--p 0009c000 103:05 26738754                  /tmp/libJCublas2-10.1.0-linux-x86_64.so
715203bf9000-715203bfa000 ---p 000c9000 103:05 26738754                  /tmp/libJCublas2-10.1.0-linux-x86_64.so
715203bfa000-715203bfd000 r--p 000c9000 103:05 26738754                  /tmp/libJCublas2-10.1.0-linux-x86_64.so
715203bfd000-715203bfe000 rw-p 000cc000 103:05 26738754                  /tmp/libJCublas2-10.1.0-linux-x86_64.so
715203bfe000-715203c00000 rw-p 00000000 00:00 0 
715203c00000-715203c04000 ---p 00000000 00:00 0 
715203c04000-715203d00000 rw-p 00000000 00:00 0 
715203d00000-715203d04000 ---p 00000000 00:00 0 
715203d04000-715203e00000 rw-p 00000000 00:00 0 
715203e00000-715203e04000 ---p 00000000 00:00 0 
715203e04000-715203f00000 rw-p 00000000 00:00 0 
715203f00000-715203f04000 ---p 00000000 00:00 0 
715203f04000-715204000000 rw-p 00000000 00:00 0 
715204000000-715204021000 rw-p 00000000 00:00 0 
715204021000-715208000000 ---p 00000000 00:00 0 
715208000000-715208021000 rw-p 00000000 00:00 0 
715208021000-71520c000000 ---p 00000000 00:00 0 
71520c030000-71520c034000 ---p 00000000 00:00 0 
71520c034000-71520c130000 rw-p 00000000 00:00 0 
71520c130000-71520c134000 ---p 00000000 00:00 0 
71520c134000-71520c230000 rw-p 00000000 00:00 0 
71520c230000-71520c2fe000 r-xp 00000000 103:05 39860299                  /usr/lib/jvm/jdk-22.0.2-oracle-x64/lib/libjsvml.so
71520c2fe000-71520c2ff000 r--p 000cd000 103:05 39860299                  /usr/lib/jvm/jdk-22.0.2-oracle-x64/lib/libjsvml.so
71520c2ff000-71520c300000 rw-p 000ce000 103:05 39860299                  /usr/lib/jvm/jdk-22.0.2-oracle-x64/lib/libjsvml.so
71520c300000-71520c304000 ---p 00000000 00:00 0 
71520c304000-71520c400000 rw-p 00000000 00:00 0 
71520c400000-71520c404000 ---p 00000000 00:00 0 
71520c404000-71520c500000 rw-p 00000000 00:00 0 
71520c500000-71520c504000 ---p 00000000 00:00 0 
71520c504000-71520c600000 rw-p 00000000 00:00 0 
71520c600000-71520c604000 ---p 00000000 00:00 0 
71520c604000-71520c700000 rw-p 00000000 00:00 0 
71520c700000-71520c704000 ---p 00000000 00:00 0 
71520c704000-71520c800000 rw-p 00000000 00:00 0 
71520c800000-71520c804000 ---p 00000000 00:00 0 
71520c804000-71520c900000 rw-p 00000000 00:00 0 
71520c900000-71520c904000 ---p 00000000 00:00 0 
71520c904000-71520ca00000 rw-p 00000000 00:00 0 
71520ca00000-71520cf75000 r--p 00000000 103:05 39061600                  /usr/lib/locale/locale-archive
71520cfbd000-71520cff0000 rw-p 00000000 00:00 0 
71520cff0000-71520cff1000 ---p 00000000 00:00 0 
71520cff1000-71520d0f1000 rw-p 00000000 00:00 0 
71520d0f1000-71520d0f2000 ---p 00000000 00:00 0 
71520d0f2000-71520d1f2000 rw-p 00000000 00:00 0 
71520d1f2000-71520d1f3000 ---p 00000000 00:00 0 
71520d1f3000-71520d2f3000 rw-p 00000000 00:00 0 
71520d2f3000-71520d2f4000 ---p 00000000 00:00 0 
71520d2f4000-71520d3f4000 rw-p 00000000 00:00 0 
71520d3f4000-7152107b0000 rw-p 00000000 00:00 0 
7152107b0000-715217a50000 ---p 00000000 00:00 0 
715217a50000-715217a60000 rw-p 00000000 00:00 0 
715217a7b000-715217cf6000 rw-p 00000000 00:00 0 
715217cf6000-715218b4a000 ---p 00000000 00:00 0 
715218b4a000-715218b4c000 rw-p 00000000 00:00 0 
715218b61000-715218b73000 r--p 00000000 103:05 26738753                  /tmp/libJCudaRuntime-10.1.0-linux-x86_64.so
715218b73000-715218bdb000 r-xp 00012000 103:05 26738753                  /tmp/libJCudaRuntime-10.1.0-linux-x86_64.so
715218bdb000-715218bf8000 r--p 0007a000 103:05 26738753                  /tmp/libJCudaRuntime-10.1.0-linux-x86_64.so
715218bf8000-715218bf9000 ---p 00097000 103:05 26738753                  /tmp/libJCudaRuntime-10.1.0-linux-x86_64.so
715218bf9000-715218bfd000 r--p 00097000 103:05 26738753                  /tmp/libJCudaRuntime-10.1.0-linux-x86_64.so
715218bfd000-715218bfe000 rw-p 0009b000 103:05 26738753                  /tmp/libJCudaRuntime-10.1.0-linux-x86_64.so
715218bfe000-715218c00000 rw-p 00000000 00:00 0 
715218c00000-715218e70000 rwxp 00000000 00:00 0 
715218e70000-71522005f000 ---p 00000000 00:00 0 
71522005f000-7152202cf000 rwxp 00000000 00:00 0 
7152202cf000-7152207a0000 ---p 00000000 00:00 0 
7152207a0000-715220a10000 rwxp 00000000 00:00 0 
715220a10000-715227c00000 ---p 00000000 00:00 0 
715227c00000-71522ffbb000 r--s 00000000 103:05 39860317                  /usr/lib/jvm/jdk-22.0.2-oracle-x64/lib/modules
71522ffd3000-71522ffd7000 r--p 00000000 103:05 39063720                  /usr/lib/x86_64-linux-gnu/libgcc_s.so.1
71522ffd7000-71522fffa000 r-xp 00004000 103:05 39063720                  /usr/lib/x86_64-linux-gnu/libgcc_s.so.1
71522fffa000-71522fffe000 r--p 00027000 103:05 39063720                  /usr/lib/x86_64-linux-gnu/libgcc_s.so.1
71522fffe000-71522ffff000 r--p 0002b000 103:05 39063720                  /usr/lib/x86_64-linux-gnu/libgcc_s.so.1
71522ffff000-715230000000 rw-p 0002c000 103:05 39063720                  /usr/lib/x86_64-linux-gnu/libgcc_s.so.1
715230000000-715233fff000 rw-p 00000000 00:00 0 
715233fff000-715234000000 ---p 00000000 00:00 0 
715234011000-71523401e000 r-xp 00000000 103:05 39860315                  /usr/lib/jvm/jdk-22.0.2-oracle-x64/lib/libverify.so
71523401e000-715234020000 r--p 0000c000 103:05 39860315                  /usr/lib/jvm/jdk-22.0.2-oracle-x64/lib/libverify.so
715234020000-715234021000 rw-p 0000e000 103:05 39860315                  /usr/lib/jvm/jdk-22.0.2-oracle-x64/lib/libverify.so
715234021000-7152340fd000 rw-p 00000000 00:00 0 
7152340fd000-7152340fe000 ---p 00000000 00:00 0 
7152340fe000-7152341fe000 rw-p 00000000 00:00 0 
7152341fe000-7152341ff000 ---p 00000000 00:00 0 
7152341ff000-7152342ff000 rw-p 00000000 00:00 0 
7152342ff000-715234300000 ---p 00000000 00:00 0 
715234300000-715234400000 rw-p 00000000 00:00 0 
715234400000-7152344f6000 rw-p 00000000 00:00 0 
7152344f6000-71523534a000 ---p 00000000 00:00 0 
71523534a000-71523534c000 rw-p 00000000 00:00 0 
71523534d000-71523535d000 -w-s 00000000 00:05 1129                       /dev/nvidia0
71523535d000-715235364000 r-xp 00000000 103:05 39860316                  /usr/lib/jvm/jdk-22.0.2-oracle-x64/lib/libzip.so
715235364000-715235365000 ---p 00007000 103:05 39860316                  /usr/lib/jvm/jdk-22.0.2-oracle-x64/lib/libzip.so
715235365000-715235366000 r--p 00007000 103:05 39860316                  /usr/lib/jvm/jdk-22.0.2-oracle-x64/lib/libzip.so
715235366000-715235367000 rw-p 00008000 103:05 39860316                  /usr/lib/jvm/jdk-22.0.2-oracle-x64/lib/libzip.so
715235367000-71523536c000 r-xp 00000000 103:05 39860283                  /usr/lib/jvm/jdk-22.0.2-oracle-x64/lib/libdt_socket.so
71523536c000-71523536d000 r--p 00004000 103:05 39860283                  /usr/lib/jvm/jdk-22.0.2-oracle-x64/lib/libdt_socket.so
71523536d000-71523536e000 rw-p 00005000 103:05 39860283                  /usr/lib/jvm/jdk-22.0.2-oracle-x64/lib/libdt_socket.so
71523536e000-715235381000 r-xp 00000000 103:05 39860307                  /usr/lib/jvm/jdk-22.0.2-oracle-x64/lib/libnio.so
715235381000-715235382000 ---p 00013000 103:05 39860307                  /usr/lib/jvm/jdk-22.0.2-oracle-x64/lib/libnio.so
715235382000-715235383000 r--p 00013000 103:05 39860307                  /usr/lib/jvm/jdk-22.0.2-oracle-x64/lib/libnio.so
715235383000-715235384000 rw-p 00014000 103:05 39860307                  /usr/lib/jvm/jdk-22.0.2-oracle-x64/lib/libnio.so
715235384000-71523620f000 rw-p 00000000 00:00 0 
71523620f000-7152362f3000 ---p 00000000 00:00 0 
7152362f3000-7152362f8000 rw-p 00000000 00:00 0 
7152362f8000-7152363dc000 ---p 00000000 00:00 0 
7152363dc000-7152363fc000 r-xp 00000000 103:05 39860291                  /usr/lib/jvm/jdk-22.0.2-oracle-x64/lib/libjava.so
7152363fc000-7152363fd000 ---p 00020000 103:05 39860291                  /usr/lib/jvm/jdk-22.0.2-oracle-x64/lib/libjava.so
7152363fd000-7152363fe000 r--p 00020000 103:05 39860291                  /usr/lib/jvm/jdk-22.0.2-oracle-x64/lib/libjava.so
7152363fe000-7152363ff000 rw-p 00021000 103:05 39860291                  /usr/lib/jvm/jdk-22.0.2-oracle-x64/lib/libjava.so
7152363ff000-715236400000 rw-p 00000000 00:00 0 
715236400000-715237740000 r-xp 00000000 103:05 39860329                  /usr/lib/jvm/jdk-22.0.2-oracle-x64/lib/server/libjvm.so
715237740000-715237741000 ---p 01340000 103:05 39860329                  /usr/lib/jvm/jdk-22.0.2-oracle-x64/lib/server/libjvm.so
715237741000-71523780e000 r--p 01340000 103:05 39860329                  /usr/lib/jvm/jdk-22.0.2-oracle-x64/lib/server/libjvm.so
71523780e000-71523783c000 rw-p 0140d000 103:05 39860329                  /usr/lib/jvm/jdk-22.0.2-oracle-x64/lib/server/libjvm.so
71523783c000-7152378b2000 rw-p 00000000 00:00 0 
7152378b6000-7152378bd000 r--s 00000000 103:05 39070655                  /usr/lib/x86_64-linux-gnu/gconv/gconv-modules.cache
7152378bd000-7152378fd000 r-xp 00000000 103:05 39860294                  /usr/lib/jvm/jdk-22.0.2-oracle-x64/lib/libjdwp.so
7152378fd000-7152378fe000 r--p 0003f000 103:05 39860294                  /usr/lib/jvm/jdk-22.0.2-oracle-x64/lib/libjdwp.so
7152378fe000-7152378ff000 rw-p 00040000 103:05 39860294                  /usr/lib/jvm/jdk-22.0.2-oracle-x64/lib/libjdwp.so
7152378ff000-715237900000 rw-p 00000000 00:00 0 
715237900000-715237904000 ---p 00000000 00:00 0 
715237904000-715237a00000 rw-p 00000000 00:00 0 
715237a00000-715237a28000 r--p 00000000 103:05 39070666                  /usr/lib/x86_64-linux-gnu/libc.so.6
715237a28000-715237bb0000 r-xp 00028000 103:05 39070666                  /usr/lib/x86_64-linux-gnu/libc.so.6
715237bb0000-715237bff000 r--p 001b0000 103:05 39070666                  /usr/lib/x86_64-linux-gnu/libc.so.6
715237bff000-715237c03000 r--p 001fe000 103:05 39070666                  /usr/lib/x86_64-linux-gnu/libc.so.6
715237c03000-715237c05000 rw-p 00202000 103:05 39070666                  /usr/lib/x86_64-linux-gnu/libc.so.6
715237c05000-715237c12000 rw-p 00000000 00:00 0 
715237c14000-715237c1f000 r-xp 00000000 103:05 39860306                  /usr/lib/jvm/jdk-22.0.2-oracle-x64/lib/libnet.so
715237c1f000-715237c20000 ---p 0000b000 103:05 39860306                  /usr/lib/jvm/jdk-22.0.2-oracle-x64/lib/libnet.so
715237c20000-715237c21000 r--p 0000b000 103:05 39860306                  /usr/lib/jvm/jdk-22.0.2-oracle-x64/lib/libnet.so
715237c21000-715237c22000 rw-p 0000c000 103:05 39860306                  /usr/lib/jvm/jdk-22.0.2-oracle-x64/lib/libnet.so
715237c22000-715237c40000 r-xp 00000000 103:05 39860295                  /usr/lib/jvm/jdk-22.0.2-oracle-x64/lib/libjimage.so
715237c40000-715237c42000 r--p 0001d000 103:05 39860295                  /usr/lib/jvm/jdk-22.0.2-oracle-x64/lib/libjimage.so
715237c42000-715237c43000 rw-p 0001f000 103:05 39860295                  /usr/lib/jvm/jdk-22.0.2-oracle-x64/lib/libjimage.so
715237c43000-715237c53000 r--p 00000000 103:05 39070669                  /usr/lib/x86_64-linux-gnu/libm.so.6
715237c53000-715237cd2000 r-xp 00010000 103:05 39070669                  /usr/lib/x86_64-linux-gnu/libm.so.6
715237cd2000-715237d2a000 r--p 0008f000 103:05 39070669                  /usr/lib/x86_64-linux-gnu/libm.so.6
715237d2a000-715237d2b000 r--p 000e7000 103:05 39070669                  /usr/lib/x86_64-linux-gnu/libm.so.6
715237d2b000-715237d2c000 rw-p 000e8000 103:05 39070669                  /usr/lib/x86_64-linux-gnu/libm.so.6
715237d2c000-715237d2d000 r--p 00000000 103:05 39070680                  /usr/lib/x86_64-linux-gnu/librt.so.1
715237d2d000-715237d2e000 r-xp 00001000 103:05 39070680                  /usr/lib/x86_64-linux-gnu/librt.so.1
715237d2e000-715237d2f000 r--p 00002000 103:05 39070680                  /usr/lib/x86_64-linux-gnu/librt.so.1
715237d2f000-715237d30000 r--p 00002000 103:05 39070680                  /usr/lib/x86_64-linux-gnu/librt.so.1
715237d30000-715237d31000 rw-p 00003000 103:05 39070680                  /usr/lib/x86_64-linux-gnu/librt.so.1
715237d31000-715237d35000 rw-p 00000000 00:00 0 
715237d35000-715237d36000 r--p 00000000 103:05 39070668                  /usr/lib/x86_64-linux-gnu/libdl.so.2
715237d36000-715237d37000 r-xp 00001000 103:05 39070668                  /usr/lib/x86_64-linux-gnu/libdl.so.2
715237d37000-715237d38000 r--p 00002000 103:05 39070668                  /usr/lib/x86_64-linux-gnu/libdl.so.2
715237d38000-715237d39000 r--p 00002000 103:05 39070668                  /usr/lib/x86_64-linux-gnu/libdl.so.2
715237d39000-715237d3a000 rw-p 00003000 103:05 39070668                  /usr/lib/x86_64-linux-gnu/libdl.so.2
715237d3a000-715237d3b000 r--p 00000000 103:05 39070678                  /usr/lib/x86_64-linux-gnu/libpthread.so.0
715237d3b000-715237d3c000 r-xp 00001000 103:05 39070678                  /usr/lib/x86_64-linux-gnu/libpthread.so.0
715237d3c000-715237d3d000 r--p 00002000 103:05 39070678                  /usr/lib/x86_64-linux-gnu/libpthread.so.0
715237d3d000-715237d3e000 r--p 00002000 103:05 39070678                  /usr/lib/x86_64-linux-gnu/libpthread.so.0
715237d3e000-715237d3f000 rw-p 00003000 103:05 39070678                  /usr/lib/x86_64-linux-gnu/libpthread.so.0
715237d3f000-715237d4d000 r-xp 00000000 103:05 39860296                  /usr/lib/jvm/jdk-22.0.2-oracle-x64/lib/libjli.so
715237d4d000-715237d4e000 r--p 0000e000 103:05 39860296                  /usr/lib/jvm/jdk-22.0.2-oracle-x64/lib/libjli.so
715237d4e000-715237d4f000 rw-p 0000f000 103:05 39860296                  /usr/lib/jvm/jdk-22.0.2-oracle-x64/lib/libjli.so
715237d4f000-715237d51000 r--p 00000000 103:05 39063281                  /usr/lib/x86_64-linux-gnu/libz.so.1.3
715237d51000-715237d63000 r-xp 00002000 103:05 39063281                  /usr/lib/x86_64-linux-gnu/libz.so.1.3
715237d63000-715237d69000 r--p 00014000 103:05 39063281                  /usr/lib/x86_64-linux-gnu/libz.so.1.3
715237d69000-715237d6a000 r--p 0001a000 103:05 39063281                  /usr/lib/x86_64-linux-gnu/libz.so.1.3
715237d6a000-715237d6b000 rw-p 0001b000 103:05 39063281                  /usr/lib/x86_64-linux-gnu/libz.so.1.3
715237d6c000-715237d71000 rw-p 00000000 00:00 0 
715237d71000-715237d7b000 ---p 00000000 00:00 0 
715237d7b000-715237d83000 rw-s 00000000 103:05 26739214                  /tmp/hsperfdata_edov/10908
715237d83000-715237d84000 ---p 00000000 00:00 0 
715237d84000-715237d85000 r--p 00000000 00:00 0 
715237d85000-715237d86000 ---p 00000000 00:00 0 
715237d86000-715237d88000 rw-p 00000000 00:00 0 
715237d88000-715237d89000 r--p 00000000 103:05 39070663                  /usr/lib/x86_64-linux-gnu/ld-linux-x86-64.so.2
715237d89000-715237db4000 r-xp 00001000 103:05 39070663                  /usr/lib/x86_64-linux-gnu/ld-linux-x86-64.so.2
715237db4000-715237dbe000 r--p 0002c000 103:05 39070663                  /usr/lib/x86_64-linux-gnu/ld-linux-x86-64.so.2
715237dbe000-715237dc0000 r--p 00036000 103:05 39070663                  /usr/lib/x86_64-linux-gnu/ld-linux-x86-64.so.2
715237dc0000-715237dc2000 rw-p 00038000 103:05 39070663                  /usr/lib/x86_64-linux-gnu/ld-linux-x86-64.so.2
7fffb2c79000-7fffb2c9c000 rw-p 00000000 00:00 0                          [stack]
7fffb2d1d000-7fffb2d21000 r--p 00000000 00:00 0                          [vvar]
7fffb2d21000-7fffb2d23000 r-xp 00000000 00:00 0                          [vdso]
ffffffffff600000-ffffffffff601000 --xp 00000000 00:00 0                  [vsyscall]
Total number of mappings: 324


VM Arguments:
jvm_args: -Dfile.encoding=UTF-8 -agentlib:jdwp=transport=dt_socket,address=localhost:33661 --module-path=/home/edov/projects/JCudaWrapper/build/classes 
java_command: main.VectorTest
java_class_path (initial): /home/edov/projects/JCudaWrapper/JCuda-All-10.1.0/jcublas-10.1.0-javadoc.jar:/home/edov/projects/JCudaWrapper/JCuda-All-10.1.0/jcublas-10.1.0-sources.jar:/home/edov/projects/JCudaWrapper/JCuda-All-10.1.0/jcublas-10.1.0.jar:/home/edov/projects/JCudaWrapper/JCuda-All-10.1.0/jcublas-natives-10.1.0-apple-x86_64.jar:/home/edov/projects/JCudaWrapper/JCuda-All-10.1.0/jcublas-natives-10.1.0-javadoc.jar:/home/edov/projects/JCudaWrapper/JCuda-All-10.1.0/jcublas-natives-10.1.0-linux-x86_64.jar:/home/edov/projects/JCudaWrapper/JCuda-All-10.1.0/jcublas-natives-10.1.0-sources.jar:/home/edov/projects/JCudaWrapper/JCuda-All-10.1.0/jcublas-natives-10.1.0-windows-x86_64.jar:/home/edov/projects/JCudaWrapper/JCuda-All-10.1.0/jcublas-natives-10.1.0.jar:/home/edov/projects/JCudaWrapper/JCuda-All-10.1.0/jcuda-10.1.0-javadoc.jar:/home/edov/projects/JCudaWrapper/JCuda-All-10.1.0/jcuda-10.1.0-sources.jar:/home/edov/projects/JCudaWrapper/JCuda-All-10.1.0/jcuda-10.1.0.jar:/home/edov/projects/JCudaWrapper/JCuda-All-10.1.0/jcuda-common-10.1.0-javadoc.jar:/home/edov/projects/JCudaWrapper/JCuda-All-10.1.0/jcuda-common-10.1.0-sources.jar:/home/edov/projects/JCudaWrapper/JCuda-All-10.1.0/jcuda-common-10.1.0.jar:/home/edov/projects/JCudaWrapper/JCuda-All-10.1.0/jcuda-natives-10.1.0-apple-x86_64.jar:/home/edov/projects/JCudaWrapper/JCuda-All-10.1.0/jcuda-natives-10.1.0-javadoc.jar:/home/edov/projects/JCudaWrapper/JCuda-All-10.1.0/jcuda-natives-10.1.0-linux-x86_64.jar:/home/edov/projects/JCudaWrapper/JCuda-All-10.1.0/jcuda-natives-10.1.0-sources.jar:/home/edov/projects/JCudaWrapper/JCuda-All-10.1.0/jcuda-natives-10.1.0-windows-x86_64.jar:/home/edov/projects/JCudaWrapper/JCuda-All-10.1.0/jcuda-natives-10.1.0.jar:/home/edov/projects/JCudaWrapper/JCuda-All-10.1.0/jcudnn-10.1.0-javadoc.jar:/home/edov/projects/JCudaWrapper/JCuda-All-10.1.0/jcudnn-10.1.0-sources.jar:/home/edov/projects/JCudaWrapper/JCuda-All-10.1.0/jcudnn-10.1.0.jar:/home/edov/projects/JCudaWrapper/JCuda-All-10.1.0/jcudnn-natives-10.1.0-apple-x86_64.jar:/home/edov/projects/JCudaWrapper/JCuda-All-10.1.0/jcudnn-natives-10.1.0-javadoc.jar:/home/edov/projects/JCudaWrapper/JCuda-All-10.1.0/jcudnn-natives-10.1.0-linux-x86_64.jar:/home/edov/projects/JCudaWrapper/JCuda-All-10.1.0/jcudnn-natives-10.1.0-sources.jar:/home/edov/projects/JCudaWrapper/JCuda-All-10.1.0/jcudnn-natives-10.1.0-windows-x86_64.jar:/home/edov/projects/JCudaWrapper/JCuda-All-10.1.0/jcudnn-natives-10.1.0.jar:/home/edov/projects/JCudaWrapper/JCuda-All-10.1.0/jcufft-10.1.0-javadoc.jar:/home/edov/projects/JCudaWrapper/JCuda-All-10.1.0/jcufft-10.1.0-sources.jar:/home/edov/projects/JCudaWrapper/JCuda-All-10.1.0/jcufft-10.1.0.jar:/home/edov/projects/JCudaWrapper/JCuda-All-10.1.0/jcufft-natives-10.1.0-apple-x86_64.jar:/home/edov/projects/JCudaWrapper/JCuda-All-10.1.0/jcufft-natives-10.1.0-javadoc.jar:/home/edov/projects/JCudaWrapper/JCuda-All-10.1.0/jcufft-natives-10.1.0-linux-x86_64.jar:/home/edov/projects/JCudaWrapper/JCuda-All-10.1.0/jcufft-natives-10.1.0-sources.jar:/home/edov/projects/JCudaWrapper/JCuda-All-10.1.0/jcufft-natives-10.1.0-windows-x86_64.jar:/home/edov/projects/JCudaWrapper/JCuda-All-10.1.0/jcufft-natives-10.1.0.jar:/home/edov/projects/JCudaWrapper/JCuda-All-10.1.0/jcurand-10.1.0-javadoc.jar:/home/edov/projects/JCudaWrapper/JCuda-All-10.1.0/jcurand-10.1.0-sources.jar:/home/edov/projects/JCudaWrapper/JCuda-All-10.1.0/jcurand-10.1.0.jar:/home/edov/projects/JCudaWrapper/JCuda-All-10.1.0/jcurand-natives-10.1.0-apple-x86_64.jar:/home/edov/projects/JCudaWrapper/JCuda-All-10.1.0/jcurand-natives-10.1.0-javadoc.jar:/home/edov/projects/JCudaWrapper/JCuda-All-10.1.0/jcurand-natives-10.1.0-linux-x86_64.jar:/home/edov/projects/JCudaWrapper/JCuda-All-10.1.0/jcurand-natives-10.1.0-sources.jar:/home/edov/projects/JCudaWrapper/JCuda-All-10.1.0/jcurand-natives-10.1.0-windows-x86_64.jar:/home/edov/projects/JCudaWrapper/JCuda-All-10.1.0/jcurand-natives-10.1.0.jar:/home/edov/projects/JCudaWrapper/JCuda-All-10.1.0/jcusolver-10.1.0-javadoc.jar:/home/edov/projects/JCudaWrapper/JCuda-All-10.1.0/jcusolver-10.1.0-sources.jar:/home/edov/projects/JCudaWrapper/JCuda-All-10.1.0/jcusolver-10.1.0.jar:/home/edov/projects/JCudaWrapper/JCuda-All-10.1.0/jcusolver-natives-10.1.0-apple-x86_64.jar:/home/edov/projects/JCudaWrapper/JCuda-All-10.1.0/jcusolver-natives-10.1.0-javadoc.jar:/home/edov/projects/JCudaWrapper/JCuda-All-10.1.0/jcusolver-natives-10.1.0-linux-x86_64.jar:/home/edov/projects/JCudaWrapper/JCuda-All-10.1.0/jcusolver-natives-10.1.0-sources.jar:/home/edov/projects/JCudaWrapper/JCuda-All-10.1.0/jcusolver-natives-10.1.0-windows-x86_64.jar:/home/edov/projects/JCudaWrapper/JCuda-All-10.1.0/jcusolver-natives-10.1.0.jar:/home/edov/projects/JCudaWrapper/JCuda-All-10.1.0/jcusparse-10.1.0-javadoc.jar:/home/edov/projects/JCudaWrapper/JCuda-All-10.1.0/jcusparse-10.1.0-sources.jar:/home/edov/projects/JCudaWrapper/JCuda-All-10.1.0/jcusparse-10.1.0.jar:/home/edov/projects/JCudaWrapper/JCuda-All-10.1.0/jcusparse-natives-10.1.0-apple-x86_64.jar:/home/edov/projects/JCudaWrapper/JCuda-All-10.1.0/jcusparse-natives-10.1.0-javadoc.jar:/home/edov/projects/JCudaWrapper/JCuda-All-10.1.0/jcusparse-natives-10.1.0-linux-x86_64.jar:/home/edov/projects/JCudaWrapper/JCuda-All-10.1.0/jcusparse-natives-10.1.0-sources.jar:/home/edov/projects/JCudaWrapper/JCuda-All-10.1.0/jcusparse-natives-10.1.0-windows-x86_64.jar:/home/edov/projects/JCudaWrapper/JCuda-All-10.1.0/jcusparse-natives-10.1.0.jar:/home/edov/projects/JCudaWrapper/JCuda-All-10.1.0/jnvgraph-10.1.0-javadoc.jar:/home/edov/projects/JCudaWrapper/JCuda-All-10.1.0/jnvgraph-10.1.0-sources.jar:/home/edov/projects/JCudaWrapper/JCuda-All-10.1.0/jnvgraph-10.1.0.jar:/home/edov/projects/JCudaWrapper/JCuda-All-10.1.0/jnvgraph-natives-10.1.0-apple-x86_64.jar:/home/edov/projects/JCudaWrapper/JCuda-All-10.1.0/jnvgraph-natives-10.1.0-javadoc.jar:/home/edov/projects/JCudaWrapper/JCuda-All-10.1.0/jnvgraph-natives-10.1.0-linux-x86_64.jar:/home/edov/projects/JCudaWrapper/JCuda-All-10.1.0/jnvgraph-natives-10.1.0-sources.jar:/home/edov/projects/JCudaWrapper/JCuda-All-10.1.0/jnvgraph-natives-10.1.0-windows-x86_64.jar:/home/edov/projects/JCudaWrapper/JCuda-All-10.1.0/jnvgraph-natives-10.1.0.jar:/home/edov/projects/JCudaWrapper/commons-math3-3.6.1.jar:/home/edov/projects/JCudaWrapper/build/classes
Launcher Type: SUN_STANDARD

[Global flags]
     intx CICompilerCount                          = 12                                        {product} {ergonomic}
     uint ConcGCThreads                            = 3                                         {product} {ergonomic}
     uint G1ConcRefinementThreads                  = 13                                        {product} {ergonomic}
   size_t G1HeapRegionSize                         = 4194304                                   {product} {ergonomic}
   size_t InitialHeapSize                          = 515899392                                 {product} {ergonomic}
   size_t MarkStackSize                            = 4194304                                   {product} {ergonomic}
   size_t MaxHeapSize                              = 8212447232                                {product} {ergonomic}
   size_t MaxNewSize                               = 4924112896                                {product} {ergonomic}
   size_t MinHeapDeltaBytes                        = 4194304                                   {product} {ergonomic}
   size_t MinHeapSize                              = 8388608                                   {product} {ergonomic}
    uintx NonNMethodCodeHeapSize                   = 7602480                                {pd product} {ergonomic}
    uintx NonProfiledCodeHeapSize                  = 122027880                              {pd product} {ergonomic}
    uintx ProfiledCodeHeapSize                     = 122027880                              {pd product} {ergonomic}
    uintx ReservedCodeCacheSize                    = 251658240                              {pd product} {ergonomic}
     bool SegmentedCodeCache                       = true                                      {product} {ergonomic}
   size_t SoftMaxHeapSize                          = 8212447232                             {manageable} {ergonomic}
     bool UseCompressedOops                        = true                           {product lp64_product} {ergonomic}
     bool UseG1GC                                  = true                                      {product} {ergonomic}

Logging:
Log output configuration:
 #0: stdout all=warning uptime,level,tags foldmultilines=false
 #1: stderr all=off uptime,level,tags foldmultilines=false

Environment Variables:
PATH=/usr/local/sbin:/usr/local/bin:/usr/sbin:/usr/bin:/sbin:/bin:/usr/games:/usr/local/games:/snap/bin:/snap/bin
USERNAME=edov
SHELL=/bin/bash
DISPLAY=:1
LANG=en_IL

Active Locale:
LC_ALL=en_IL
LC_COLLATE=en_IL
LC_CTYPE=en_IL
LC_MESSAGES=en_IL
LC_MONETARY=en_IL
LC_NUMERIC=en_IL
LC_TIME=en_IL

Signal Handlers:
   SIGSEGV: crash_handler in libjvm.so, mask=11100100010111111101111111111110, flags=SA_RESTART|SA_SIGINFO, unblocked
    SIGBUS: crash_handler in libjvm.so, mask=11100100010111111101111111111110, flags=SA_RESTART|SA_SIGINFO, unblocked
    SIGFPE: crash_handler in libjvm.so, mask=11100100010111111101111111111110, flags=SA_RESTART|SA_SIGINFO, unblocked
   SIGPIPE: javaSignalHandler in libjvm.so, mask=11100100010111111101111111111110, flags=SA_RESTART|SA_SIGINFO, blocked
   SIGXFSZ: javaSignalHandler in libjvm.so, mask=11100100010111111101111111111110, flags=SA_RESTART|SA_SIGINFO, blocked
    SIGILL: crash_handler in libjvm.so, mask=11100100010111111101111111111110, flags=SA_RESTART|SA_SIGINFO, unblocked
   SIGUSR2: SR_handler in libjvm.so, mask=00000000000000000000000000000000, flags=SA_RESTART|SA_SIGINFO, blocked
    SIGHUP: UserHandler in libjvm.so, mask=11100100010111111101111111111110, flags=SA_RESTART|SA_SIGINFO, blocked
    SIGINT: SIG_IGN, mask=00000000000000000000000000000000, flags=none, blocked
   SIGTERM: UserHandler in libjvm.so, mask=11100100010111111101111111111110, flags=SA_RESTART|SA_SIGINFO, blocked
   SIGQUIT: UserHandler in libjvm.so, mask=11100100010111111101111111111110, flags=SA_RESTART|SA_SIGINFO, blocked
   SIGTRAP: crash_handler in libjvm.so, mask=11100100010111111101111111111110, flags=SA_RESTART|SA_SIGINFO, unblocked


Periodic native trim disabled

---------------  S Y S T E M  ---------------

OS:
DISTRIB_ID=Ubuntu
DISTRIB_RELEASE=24.04
DISTRIB_CODENAME=noble
DISTRIB_DESCRIPTION="Ubuntu 24.04.1 LTS"
uname: Linux 6.8.0-44-generic #44-Ubuntu SMP PREEMPT_DYNAMIC Tue Aug 13 13:35:26 UTC 2024 x86_64
OS uptime: 0 days 1:03 hours
libc: glibc 2.39 NPTL 2.39 
rlimit (soft/hard): STACK 8192k/infinity , CORE 0k/infinity , NPROC 125013/125013 , NOFILE 1048576/1048576 , AS infinity/infinity , CPU infinity/infinity , DATA infinity/infinity , FSIZE infinity/infinity , MEMLOCK 4009332k/4009332k
load average: 0.43 0.72 0.68

/proc/meminfo:
MemTotal:       32074664 kB
MemFree:        20806260 kB
MemAvailable:   24518016 kB
Buffers:          195948 kB
Cached:          3885464 kB
SwapCached:            0 kB
Active:          6721916 kB
Inactive:        2412168 kB
Active(anon):    5170796 kB
Inactive(anon):        0 kB
Active(file):    1551120 kB
Inactive(file):  2412168 kB
Unevictable:          48 kB
Mlocked:              48 kB
SwapTotal:       2097148 kB
SwapFree:        2097148 kB
Zswap:                 0 kB
Zswapped:              0 kB
Dirty:                60 kB
Writeback:             0 kB
AnonPages:       5052900 kB
Mapped:           962528 kB
Shmem:            118116 kB
KReclaimable:     212948 kB
Slab:             525604 kB
SReclaimable:     212948 kB
SUnreclaim:       312656 kB
KernelStack:       24864 kB
PageTables:        62924 kB
SecPageTables:         0 kB
NFS_Unstable:          0 kB
Bounce:                0 kB
WritebackTmp:          0 kB
CommitLimit:    18134480 kB
Committed_AS:   31216200 kB
VmallocTotal:   34359738367 kB
VmallocUsed:      167156 kB
VmallocChunk:          0 kB
Percpu:            18752 kB
HardwareCorrupted:     0 kB
AnonHugePages:         0 kB
ShmemHugePages:        0 kB
ShmemPmdMapped:        0 kB
FileHugePages:         0 kB
FilePmdMapped:         0 kB
Unaccepted:            0 kB
HugePages_Total:       0
HugePages_Free:        0
HugePages_Rsvd:        0
HugePages_Surp:        0
Hugepagesize:       2048 kB
Hugetlb:               0 kB
DirectMap4k:     1892840 kB
DirectMap2M:    17233920 kB
DirectMap1G:    14680064 kB

/sys/kernel/mm/transparent_hugepage/enabled: always [madvise] never
/sys/kernel/mm/transparent_hugepage/hpage_pmd_size: 2097152
/sys/kernel/mm/transparent_hugepage/shmem_enabled: always within_size advise [never] deny force
/sys/kernel/mm/transparent_hugepage/defrag (defrag/compaction efforts parameter): always defer defer+madvise [madvise] never

Process Memory:
Virtual Size: 16643348K (peak: 16708820K)
Resident Set Size: 349020K (peak: 349020K) (anon: 189960K, file: 150868K, shmem: 8192K)
Swapped out: 0K
C-Heap outstanding allocations: 261647K, retained: 8016K
glibc malloc tunables: (default)

/proc/sys/kernel/threads-max (system-wide limit on the number of threads): 250027
/proc/sys/vm/max_map_count (maximum number of memory map areas a process may have): 1048576
/proc/sys/vm/swappiness (control to define how aggressively the kernel swaps out anonymous memory): 60
/proc/sys/kernel/pid_max (system-wide limit on number of process identifiers): 4194304

container (cgroup) information:
container_type: cgroupv2
cpu_cpuset_cpus: not supported
cpu_memory_nodes: not supported
active_processor_count: 16
cpu_quota: not supported
cpu_period: not supported
cpu_shares: not supported
memory_limit_in_bytes: unlimited
memory_and_swap_limit_in_bytes: unlimited
memory_soft_limit_in_bytes: unlimited
memory_usage_in_bytes: 2803300 k
memory_max_usage_in_bytes: not supported
memory_swap_current_in_bytes: unlimited
memory_swap_max_limit_in_bytes: unlimited
maximum number of tasks: 37504
current number of tasks: 102

Steal ticks since vm start: 0
Steal ticks percentage since vm start:  0.000

CPU: total 16 (initial active 16) (16 cores per cpu, 2 threads per core) family 25 model 68 stepping 1 microcode 0xa404101, cx8, cmov, fxsr, ht, mmx, 3dnowpref, sse, sse2, sse3, ssse3, sse4a, sse4.1, sse4.2, popcnt, lzcnt, tsc, tscinvbit, avx, avx2, aes, clmul, bmi1, bmi2, adx, sha, fma, vzeroupper, clflush, clflushopt, rdtscp, rdpid, f16c, pku, ospke, cet_ss
CPU Model and flags from /proc/cpuinfo:
model name	: AMD Ryzen 9 6900HS with Radeon Graphics
flags		: fpu vme de pse tsc msr pae mce cx8 apic sep mtrr pge mca cmov pat pse36 clflush mmx fxsr sse sse2 ht syscall nx mmxext fxsr_opt pdpe1gb rdtscp lm constant_tsc rep_good nopl nonstop_tsc cpuid extd_apicid aperfmperf rapl pni pclmulqdq monitor ssse3 fma cx16 sse4_1 sse4_2 x2apic movbe popcnt aes xsave avx f16c rdrand lahf_lm cmp_legacy svm extapic cr8_legacy abm sse4a misalignsse 3dnowprefetch osvw ibs skinit wdt tce topoext perfctr_core perfctr_nb bpext perfctr_llc mwaitx cpb cat_l3 cdp_l3 hw_pstate ssbd mba ibrs ibpb stibp vmmcall fsgsbase bmi1 avx2 smep bmi2 invpcid cqm rdt_a rdseed adx smap clflushopt clwb sha_ni xsaveopt xsavec xgetbv1 xsaves cqm_llc cqm_occup_llc cqm_mbm_total cqm_mbm_local user_shstk clzero irperf xsaveerptr rdpru wbnoinvd cppc arat npt lbrv svm_lock nrip_save tsc_scale vmcb_clean flushbyasid decodeassists pausefilter pfthreshold avic v_vmsave_vmload vgif v_spec_ctrl umip pku ospke vaes vpclmulqdq rdpid overflow_recov succor smca debug_swap

Online cpus: 0-15
Offline cpus: 
BIOS frequency limitation: <Not Available>
Frequency switch latency (ns): 0
Available cpu frequencies: <Not Available>
Current governor: powersave
Core performance/turbo boost: <Not Available>

Memory: 4k page, physical 32074664k(24518016k free), swap 2097148k(2097148k free)
Page Sizes: 4k

vm_info: Java HotSpot(TM) 64-Bit Server VM (22.0.2+9-70) for linux-amd64 JRE (22.0.2+9-70), built on 2024-06-04T16:52:23Z by "mach5one" with gcc 13.2.0

END.
