#
# A fatal error has been detected by the Java Runtime Environment:
#
#  SIGSEGV (0xb) at pc=0x000079c82b0d1bb8, pid=7801, tid=7805
#
# JRE version: Java(TM) SE Runtime Environment (22.0.2+9) (build 22.0.2+9-70)
# Java VM: Java HotSpot(TM) 64-Bit Server VM (22.0.2+9-70, mixed mode, sharing, tiered, compressed oops, compressed class ptrs, g1 gc, linux-amd64)
# Problematic frame:
# C  [libcublas.so.10+0xd1bb8]
#
# Core dump will be written. Default location: Core dumps may be processed with "/usr/share/apport/apport -p%p -s%s -c%c -d%d -P%P -u%u -g%g -- %E" (or dumping to /home/edov/projects/JCudaWrapper/core.7801)
#
# If you would like to submit a bug report, please visit:
#   https://bugreport.java.com/bugreport/crash.jsp
# The crash happened outside the Java Virtual Machine in native code.
# See problematic frame for where to report the bug.
#

---------------  S U M M A R Y ------------

Command Line: -Dfile.encoding=UTF-8 -agentlib:jdwp=transport=dt_socket,address=localhost:34603 --module-path=/home/edov/projects/JCudaWrapper/build/classes main.VectorTest

Host: AMD Ryzen 9 6900HS with Radeon Graphics, 16 cores, 30G, Ubuntu 24.04.1 LTS
Time: Tue Sep 17 08:04:20 2024 IDT elapsed time: 20.197659 seconds (0d 0h 0m 20s)

---------------  T H R E A D  ---------------

Current thread (0x000079c92002ec80):  JavaThread "main"             [_thread_in_native, id=7805, stack(0x000079c928700000,0x000079c928800000) (1024K)]

Stack: [0x000079c928700000,0x000079c928800000],  sp=0x000079c9287fdca0,  free space=1015k
Native frames: (J=compiled Java code, j=interpreted, Vv=VM code, C=native code)
C  [libcublas.so.10+0xd1bb8]
Java frames: (J=compiled Java code, j=interpreted, Vv=VM code)
j  jcuda.jcublas.JCublas2.cublasDnrm2Native(Ljcuda/jcublas/cublasHandle;ILjcuda/Pointer;ILjcuda/Pointer;)I+0
j  jcuda.jcublas.JCublas2.cublasDnrm2(Ljcuda/jcublas/cublasHandle;ILjcuda/Pointer;ILjcuda/Pointer;)I+6
j  storage.DArray.norm(LprocessSupport/Handle;Lstorage/DSingleton;)Lstorage/DSingleton;+28
j  storage.DArray.norm(LprocessSupport/Handle;)Lstorage/DSingleton;+9
v  ~StubRoutines::call_stub 0x000079c91005fcc6
j  algebra.Vector.getNorm()D+0
j  algebra.Vector.equals(Lalgebra/Vector;D)Z+5
j  algebra.Vector.equals(Lalgebra/Vector;)Z+5
j  main.VectorTest.main([Ljava/lang/String;)V+147
v  ~StubRoutines::call_stub 0x000079c91005fcc6

siginfo: si_signo: 11 (SIGSEGV), si_code: 2 (SEGV_ACCERR), si_addr: 0x000079c7e0e21800

Registers:
RAX=0x0000000000000000, RBX=0x0000000000000001, RCX=0x0000000000000001, RDX=0x0000000000000007
RSP=0x000079c9287fdca0, RBP=0x0000000000000006, RSI=0x0000000000000006, RDI=0x000079c7e7f66ec0
R8 =0x000079c7e0e21800, R9 =0x0000000634d677d0, R10=0x000079c82b004380, R11=0x000079c82b0cb5b0
R12=0x000079c7e7f66ec0, R13=0x0000000000000001, R14=0x000079c7e0e21800, R15=0x000079c7e0e21200
RIP=0x000079c82b0d1bb8, EFLAGS=0x0000000000010206, CSGSFS=0x002b000000000033, ERR=0x0000000000000006
  TRAPNO=0x000000000000000e


Register to memory mapping:

RAX=0x0 is null
RBX=0x0000000000000001 is an unknown value
RCX=0x0000000000000001 is an unknown value
RDX=0x0000000000000007 is an unknown value
RSP=0x000079c9287fdca0 is pointing into the stack for thread: 0x000079c92002ec80
RBP=0x0000000000000006 is an unknown value
RSI=0x0000000000000006 is an unknown value
RDI=0x000079c7e7f66ec0 points into unknown readable memory: 0x7fffffff00000200 | 00 02 00 00 ff ff ff 7f
R8 =0x000079c7e0e21800 is an unknown value
R9 =0x0000000634d677d0 is an oop: jcuda.driver.CUdeviceptr 
{0x0000000634d677d0} - klass: 'jcuda/driver/CUdeviceptr'
 - ---- fields (total size 5 words):
 - private 'nativePointer' 'J' @16  133899378366464 (0x000079c7e0e21800)
 - private 'buffer' 'Ljava/nio/Buffer;' @12  null (0x00000000)
 - private 'byteOffset' 'J' @24  0 (0x0000000000000000)
 - private 'pointers' '[Ljcuda/NativePointerObject;' @32  null (0x00000000)
R10=0x000079c82b004380: <offset 0x0000000000004380> in /lib/x86_64-linux-gnu/libcublas.so.10 at 0x000079c82b000000
R11=0x000079c82b0cb5b0: cublasDnrm2_v2+0x0000000000000000 in /lib/x86_64-linux-gnu/libcublas.so.10 at 0x000079c82b000000
R12=0x000079c7e7f66ec0 points into unknown readable memory: 0x7fffffff00000200 | 00 02 00 00 ff ff ff 7f
R13=0x0000000000000001 is an unknown value
R14=0x000079c7e0e21800 is an unknown value
R15=0x000079c7e0e21200 is an unknown value

Top of Stack: (sp=0x000079c9287fdca0)
0x000079c9287fdca0:   2020202020202020 0000000000000000
0x000079c9287fdcb0:   0000000000000000 000079c7e0e21200
0x000079c9287fdcc0:   0000000000000000 0000000000000000
0x000079c9287fdcd0:   0000000000000000 0000000000000000
0x000079c9287fdce0:   0000000000000000 000079c920139460
0x000079c9287fdcf0:   000079c9287fdd10 000079c927e99906
0x000079c9287fdd00:   000079c9000d9680 000000062002f818
0x000079c9287fdd10:   000079c9287fdd40 000079c927ed14d8
0x000079c9287fdd20:   000079c9201467b0 8ccf69eebb630d00
0x000079c9287fdd30:   0000000000000001 000079c9287fe000
0x000079c9287fdd40:   0000000000000002 8000000000000006
0x000079c9287fdd50:   0000000000000000 0000000000000000
0x000079c9287fdd60:   0000000000000000 0000000000000000
0x000079c9287fdd70:   0000000000000000 0000000000000000
0x000079c9287fdd80:   000079c92002ec80 0000000000000000
0x000079c9287fdd90:   000079c9287fddb0 000079c927b94377
0x000079c9287fdda0:   000079c92002f8e8 000079c7d9506520
0x000079c9287fddb0:   0000000000000000 000079c89840e598
0x000079c9287fddc0:   000079c9287fdde0 000079c9000b9fc5
0x000079c9287fddd0:   000079c9287fdfe0 000079c89840e598
0x000079c9287fdde0:   000079c9287fdf40 0000000000000000
0x000079c9287fddf0:   000079c89840e598 000079c9287fe000
0x000079c9287fde00:   000079c7e0e21200 000079c82b0cb5fe
0x000079c9287fde10:   000079c9287fde40 000079c7e7f66ec0
0x000079c9287fde20:   000079c9287fde40 000079c7e0e21800
0x000079c9287fde30:   0000000600000001 000079c7e7f66ec0
0x000079c9287fde40:   000079c9287fdec0 000079c9000baac8
0x000079c9287fde50:   000079c9287fdfe0 000079c92002f040
0x000079c9287fde60:   000079c92002ec00 0000010000000062
0x000079c9287fde70:   000079c9287fdff0 000079c92002f040
0x000079c9287fde80:   0000000000000000 000079c9000badc5
0x000079c9287fde90:   0000000000000000 000079c89840e598 

Instructions: (pc=0x000079c82b0d1bb8)
0x000079c82b0d1ab8:   ff 4c 8b 8c 24 18 01 00 00 48 8b b4 24 c0 00 00
0x000079c82b0d1ac8:   00 48 89 ef 8b 94 24 c8 00 00 00 48 8b 8c 24 b0
0x000079c82b0d1ad8:   00 00 00 44 8b 84 24 b8 00 00 00 4c 8b 9c 24 10
0x000079c82b0d1ae8:   01 00 00 4c 89 0c 24 4c 8d 8c 24 20 01 00 00 48
0x000079c82b0d1af8:   89 b4 24 90 00 00 00 89 94 24 98 00 00 00 48 89
0x000079c82b0d1b08:   8c 24 a0 00 00 00 44 89 84 24 a8 00 00 00 4c 89
0x000079c82b0d1b18:   5c 24 08 e8 80 bb 50 00 e9 6d fe ff ff 48 03 9c
0x000079c82b0d1b28:   24 28 01 00 00 4d 8b 44 24 48 b9 03 00 00 00 ba
0x000079c82b0d1b38:   08 00 00 00 4c 89 f7 48 89 de e8 f9 e5 50 00 e9
0x000079c82b0d1b48:   9a fe ff ff 90 90 90 90 48 89 6c 24 d8 4c 89 64
0x000079c82b0d1b58:   24 e0 89 f5 4c 89 6c 24 e8 4c 89 74 24 f0 49 89
0x000079c82b0d1b68:   fc 48 89 5c 24 d0 4c 89 7c 24 f8 48 81 ec 68 01
0x000079c82b0d1b78:   00 00 48 85 ff 48 89 54 24 18 41 89 cd 4d 89 c6
0x000079c82b0d1b88:   0f 84 85 01 00 00 8b 5f 38 85 db 0f 84 7a 01 00
0x000079c82b0d1b98:   00 4d 85 c0 ba 07 00 00 00 0f 84 ff 00 00 00 8b
0x000079c82b0d1ba8:   47 50 85 c0 89 44 24 2c 0f 85 2a 01 00 00 85 f6
0x000079c82b0d1bb8:   49 c7 00 00 00 00 00 0f 8e 4a 01 00 00 85 c9 0f
0x000079c82b0d1bc8:   8e 42 01 00 00 48 8b 35 94 83 bd 04 31 c9 4c 89
0x000079c82b0d1bd8:   e7 48 89 f2 48 89 74 24 10 be 80 00 00 00 e8 d5
0x000079c82b0d1be8:   39 fe ff 85 c0 ba 0d 00 00 00 0f 8e ae 00 00 00
0x000079c82b0d1bf8:   39 e8 41 89 ef 49 8d 54 24 78 44 0f 4e f8 42 8d
0x000079c82b0d1c08:   1c fd 08 00 00 00 48 89 d7 48 89 54 24 20 e8 75
0x000079c82b0d1c18:   88 f5 ff 39 c3 0f 8f ca 01 00 00 48 8b 7c 24 20
0x000079c82b0d1c28:   48 8d b4 24 28 01 00 00 89 da e8 79 91 f5 ff 85
0x000079c82b0d1c38:   c0 89 c2 75 69 48 63 d3 48 c7 44 24 70 00 00 00
0x000079c82b0d1c48:   00 48 c7 44 24 78 00 00 00 00 48 81 fa ff ff 00
0x000079c82b0d1c58:   00 48 c7 84 24 80 00 00 00 00 00 00 00 48 c7 84
0x000079c82b0d1c68:   24 88 00 00 00 00 00 00 00 49 8b 4c 24 48 48 8b
0x000079c82b0d1c78:   bc 24 28 01 00 00 0f 87 9c 00 00 00 49 8d b4 24
0x000079c82b0d1c88:   d8 00 00 00 49 89 c8 b9 01 00 00 00 e8 a7 e4 50
0x000079c82b0d1c98:   00 85 c0 0f 84 8e 00 00 00 ba 0e 00 00 00 48 8b
0x000079c82b0d1ca8:   9c 24 38 01 00 00 48 8b ac 24 40 01 00 00 89 d0 


Stack slot to memory mapping:

stack at sp + 0 slots: 0x2020202020202020 is an unknown value
stack at sp + 1 slots: 0x0 is null
stack at sp + 2 slots: 0x0 is null
stack at sp + 3 slots: 0x000079c7e0e21200 is an unknown value
stack at sp + 4 slots: 0x0 is null
stack at sp + 5 slots: 0x0 is null
stack at sp + 6 slots: 0x0 is null
stack at sp + 7 slots: 0x0 is null


---------------  P R O C E S S  ---------------

Threads class SMR info:
_java_thread_list=0x000079c85c019a20, length=14, elements={
0x000079c92002ec80, 0x000079c92014da00, 0x000079c92014ee50, 0x000079c920150930,
0x000079c920151f70, 0x000079c920153510, 0x000079c9201550b0, 0x000079c92015e7b0,
0x000079c92017dbb0, 0x000079c9201c2600, 0x000079c9201d9e80, 0x000079c844001080,
0x000079c9201db190, 0x000079c7d94e8040
}

Java Threads: ( => current thread )
=>0x000079c92002ec80 JavaThread "main"                              [_thread_in_native, id=7805, stack(0x000079c928700000,0x000079c928800000) (1024K)]
  0x000079c92014da00 JavaThread "Reference Handler"          daemon [_thread_blocked, id=7814, stack(0x000079c8f9bfd000,0x000079c8f9cfd000) (1024K)]
  0x000079c92014ee50 JavaThread "Finalizer"                  daemon [_thread_blocked, id=7815, stack(0x000079c8f9500000,0x000079c8f9600000) (1024K)]
  0x000079c920150930 JavaThread "Signal Dispatcher"          daemon [_thread_blocked, id=7816, stack(0x000079c8f9400000,0x000079c8f9500000) (1024K)]
  0x000079c920151f70 JavaThread "Service Thread"             daemon [_thread_blocked, id=7817, stack(0x000079c8f9300000,0x000079c8f9400000) (1024K)]
  0x000079c920153510 JavaThread "Monitor Deflation Thread"   daemon [_thread_blocked, id=7818, stack(0x000079c8f9200000,0x000079c8f9300000) (1024K)]
  0x000079c9201550b0 JavaThread "C2 CompilerThread0"         daemon [_thread_blocked, id=7819, stack(0x000079c8f9100000,0x000079c8f9200000) (1024K)]
  0x000079c92015e7b0 JavaThread "C1 CompilerThread0"         daemon [_thread_blocked, id=7820, stack(0x000079c8f9000000,0x000079c8f9100000) (1024K)]
  0x000079c92017dbb0 JavaThread "Common-Cleaner"             daemon [_thread_blocked, id=7824, stack(0x000079c8f8f00000,0x000079c8f9000000) (1024K)]
  0x000079c9201c2600 JavaThread "JDWP Transport Listener: dt_socket" daemon [_thread_blocked, id=7829, stack(0x000079c8f8a00000,0x000079c8f8b00000) (1024K)]
  0x000079c9201d9e80 JavaThread "JDWP Event Helper Thread"   daemon [_thread_blocked, id=7830, stack(0x000079c8f8900000,0x000079c8f8a00000) (1024K)]
  0x000079c844001080 JavaThread "JDWP Command Reader"        daemon [_thread_in_native, id=7832, stack(0x000079c8f8800000,0x000079c8f8900000) (1024K)]
  0x000079c9201db190 JavaThread "Notification Thread"        daemon [_thread_blocked, id=7837, stack(0x000079c8f8700000,0x000079c8f8800000) (1024K)]
  0x000079c7d94e8040 JavaThread "pool-1-thread-1"            daemon [_thread_blocked, id=7844, stack(0x000079c8f8b00000,0x000079c8f8c00000) (1024K)]
Total: 14

Other Threads:
  0x000079c9201400c0 VMThread "VM Thread"                           [id=7813, stack(0x000079c8f9cfe000,0x000079c8f9dfe000) (1024K)]
  0x000079c920125b40 WatcherThread "VM Periodic Task Thread"        [id=7812, stack(0x000079c8f9dff000,0x000079c8f9eff000) (1024K)]
  0x000079c920059e90 WorkerThread "GC Thread#0"                     [id=7807, stack(0x000079c924100000,0x000079c924200000) (1024K)]
  0x000079c92006a990 ConcurrentGCThread "G1 Main Marker"            [id=7808, stack(0x000079c908b00000,0x000079c908c00000) (1024K)]
  0x000079c92006b930 WorkerThread "G1 Conc#0"                       [id=7809, stack(0x000079c900f00000,0x000079c901000000) (1024K)]
  0x000079c920113470 ConcurrentGCThread "G1 Refine#0"               [id=7810, stack(0x000079c9000f2000,0x000079c9001f2000) (1024K)]
  0x000079c920114430 ConcurrentGCThread "G1 Service"                [id=7811, stack(0x000079c8f9f00000,0x000079c8fa000000) (1024K)]
Total: 7

Threads with active compile tasks:
Total: 0

VM state: not at safepoint (normal execution)

VM Mutex/Monitor currently owned by a thread: None

Heap address: 0x0000000616800000, size: 7832 MB, Compressed Oops mode: Zero based, Oop shift amount: 3

CDS archive(s) mapped at: [0x000079c8a2000000-0x000079c8a2c7a000-0x000079c8a2c7a000), size 13082624, SharedBaseAddress: 0x000079c8a2000000, ArchiveRelocationMode: 1.
Compressed class space mapped at: 0x000079c8a3000000-0x000079c8e3000000, reserved size: 1073741824
Narrow klass base: 0x000079c8a2000000, Narrow klass shift: 0, Narrow klass range: 0x100000000

GC Precious Log:
 CardTable entry size: 512
 Card Set container configuration: InlinePtr #cards 4 size 8 Array Of Cards #cards 32 size 80 Howl #buckets 8 coarsen threshold 7372 Howl Bitmap #cards 1024 size 144 coarsen threshold 921 Card regions per heap region 1 cards per card region 8192
 CPUs: 16 total, 16 available
 Memory: 31322M
 Large Page Support: Disabled
 NUMA Support: Disabled
 Compressed Oops: Enabled (Zero based)
 Heap Region Size: 4M
 Heap Min Capacity: 8M
 Heap Initial Capacity: 492M
 Heap Max Capacity: 7832M
 Pre-touch: Disabled
 Parallel Workers: 13
 Concurrent Workers: 3
 Concurrent Refinement Workers: 13
 Periodic GC: Disabled

Heap:
 garbage-first heap   total reserved 8019968K, committed 507904K, used 5155K [0x0000000616800000, 0x0000000800000000)
  region size 4096K, 2 young (8192K), 0 survivors (0K)
 Metaspace       used 1261K, committed 1344K, reserved 1114112K
  class space    used 93K, committed 128K, reserved 1048576K

Heap Regions: E=young(eden), S=young(survivor), O=old, HS=humongous(starts), HC=humongous(continues), CS=collection set, F=free, TAMS=top-at-mark-start, PB=parsable bottom
|   0|0x0000000616800000, 0x0000000616800000, 0x0000000616c00000|  0%| F|  |TAMS 0x0000000616800000| PB 0x0000000616800000| Untracked |  0
|   1|0x0000000616c00000, 0x0000000616c00000, 0x0000000617000000|  0%| F|  |TAMS 0x0000000616c00000| PB 0x0000000616c00000| Untracked |  0
|   2|0x0000000617000000, 0x0000000617000000, 0x0000000617400000|  0%| F|  |TAMS 0x0000000617000000| PB 0x0000000617000000| Untracked |  0
|   3|0x0000000617400000, 0x0000000617400000, 0x0000000617800000|  0%| F|  |TAMS 0x0000000617400000| PB 0x0000000617400000| Untracked |  0
|   4|0x0000000617800000, 0x0000000617800000, 0x0000000617c00000|  0%| F|  |TAMS 0x0000000617800000| PB 0x0000000617800000| Untracked |  0
|   5|0x0000000617c00000, 0x0000000617c00000, 0x0000000618000000|  0%| F|  |TAMS 0x0000000617c00000| PB 0x0000000617c00000| Untracked |  0
|   6|0x0000000618000000, 0x0000000618000000, 0x0000000618400000|  0%| F|  |TAMS 0x0000000618000000| PB 0x0000000618000000| Untracked |  0
|   7|0x0000000618400000, 0x0000000618400000, 0x0000000618800000|  0%| F|  |TAMS 0x0000000618400000| PB 0x0000000618400000| Untracked |  0
|   8|0x0000000618800000, 0x0000000618800000, 0x0000000618c00000|  0%| F|  |TAMS 0x0000000618800000| PB 0x0000000618800000| Untracked |  0
|   9|0x0000000618c00000, 0x0000000618c00000, 0x0000000619000000|  0%| F|  |TAMS 0x0000000618c00000| PB 0x0000000618c00000| Untracked |  0
|  10|0x0000000619000000, 0x0000000619000000, 0x0000000619400000|  0%| F|  |TAMS 0x0000000619000000| PB 0x0000000619000000| Untracked |  0
|  11|0x0000000619400000, 0x0000000619400000, 0x0000000619800000|  0%| F|  |TAMS 0x0000000619400000| PB 0x0000000619400000| Untracked |  0
|  12|0x0000000619800000, 0x0000000619800000, 0x0000000619c00000|  0%| F|  |TAMS 0x0000000619800000| PB 0x0000000619800000| Untracked |  0
|  13|0x0000000619c00000, 0x0000000619c00000, 0x000000061a000000|  0%| F|  |TAMS 0x0000000619c00000| PB 0x0000000619c00000| Untracked |  0
|  14|0x000000061a000000, 0x000000061a000000, 0x000000061a400000|  0%| F|  |TAMS 0x000000061a000000| PB 0x000000061a000000| Untracked |  0
|  15|0x000000061a400000, 0x000000061a400000, 0x000000061a800000|  0%| F|  |TAMS 0x000000061a400000| PB 0x000000061a400000| Untracked |  0
|  16|0x000000061a800000, 0x000000061a800000, 0x000000061ac00000|  0%| F|  |TAMS 0x000000061a800000| PB 0x000000061a800000| Untracked |  0
|  17|0x000000061ac00000, 0x000000061ac00000, 0x000000061b000000|  0%| F|  |TAMS 0x000000061ac00000| PB 0x000000061ac00000| Untracked |  0
|  18|0x000000061b000000, 0x000000061b000000, 0x000000061b400000|  0%| F|  |TAMS 0x000000061b000000| PB 0x000000061b000000| Untracked |  0
|  19|0x000000061b400000, 0x000000061b400000, 0x000000061b800000|  0%| F|  |TAMS 0x000000061b400000| PB 0x000000061b400000| Untracked |  0
|  20|0x000000061b800000, 0x000000061b800000, 0x000000061bc00000|  0%| F|  |TAMS 0x000000061b800000| PB 0x000000061b800000| Untracked |  0
|  21|0x000000061bc00000, 0x000000061bc00000, 0x000000061c000000|  0%| F|  |TAMS 0x000000061bc00000| PB 0x000000061bc00000| Untracked |  0
|  22|0x000000061c000000, 0x000000061c000000, 0x000000061c400000|  0%| F|  |TAMS 0x000000061c000000| PB 0x000000061c000000| Untracked |  0
|  23|0x000000061c400000, 0x000000061c400000, 0x000000061c800000|  0%| F|  |TAMS 0x000000061c400000| PB 0x000000061c400000| Untracked |  0
|  24|0x000000061c800000, 0x000000061c800000, 0x000000061cc00000|  0%| F|  |TAMS 0x000000061c800000| PB 0x000000061c800000| Untracked |  0
|  25|0x000000061cc00000, 0x000000061cc00000, 0x000000061d000000|  0%| F|  |TAMS 0x000000061cc00000| PB 0x000000061cc00000| Untracked |  0
|  26|0x000000061d000000, 0x000000061d000000, 0x000000061d400000|  0%| F|  |TAMS 0x000000061d000000| PB 0x000000061d000000| Untracked |  0
|  27|0x000000061d400000, 0x000000061d400000, 0x000000061d800000|  0%| F|  |TAMS 0x000000061d400000| PB 0x000000061d400000| Untracked |  0
|  28|0x000000061d800000, 0x000000061d800000, 0x000000061dc00000|  0%| F|  |TAMS 0x000000061d800000| PB 0x000000061d800000| Untracked |  0
|  29|0x000000061dc00000, 0x000000061dc00000, 0x000000061e000000|  0%| F|  |TAMS 0x000000061dc00000| PB 0x000000061dc00000| Untracked |  0
|  30|0x000000061e000000, 0x000000061e000000, 0x000000061e400000|  0%| F|  |TAMS 0x000000061e000000| PB 0x000000061e000000| Untracked |  0
|  31|0x000000061e400000, 0x000000061e400000, 0x000000061e800000|  0%| F|  |TAMS 0x000000061e400000| PB 0x000000061e400000| Untracked |  0
|  32|0x000000061e800000, 0x000000061e800000, 0x000000061ec00000|  0%| F|  |TAMS 0x000000061e800000| PB 0x000000061e800000| Untracked |  0
|  33|0x000000061ec00000, 0x000000061ec00000, 0x000000061f000000|  0%| F|  |TAMS 0x000000061ec00000| PB 0x000000061ec00000| Untracked |  0
|  34|0x000000061f000000, 0x000000061f000000, 0x000000061f400000|  0%| F|  |TAMS 0x000000061f000000| PB 0x000000061f000000| Untracked |  0
|  35|0x000000061f400000, 0x000000061f400000, 0x000000061f800000|  0%| F|  |TAMS 0x000000061f400000| PB 0x000000061f400000| Untracked |  0
|  36|0x000000061f800000, 0x000000061f800000, 0x000000061fc00000|  0%| F|  |TAMS 0x000000061f800000| PB 0x000000061f800000| Untracked |  0
|  37|0x000000061fc00000, 0x000000061fc00000, 0x0000000620000000|  0%| F|  |TAMS 0x000000061fc00000| PB 0x000000061fc00000| Untracked |  0
|  38|0x0000000620000000, 0x0000000620000000, 0x0000000620400000|  0%| F|  |TAMS 0x0000000620000000| PB 0x0000000620000000| Untracked |  0
|  39|0x0000000620400000, 0x0000000620400000, 0x0000000620800000|  0%| F|  |TAMS 0x0000000620400000| PB 0x0000000620400000| Untracked |  0
|  40|0x0000000620800000, 0x0000000620800000, 0x0000000620c00000|  0%| F|  |TAMS 0x0000000620800000| PB 0x0000000620800000| Untracked |  0
|  41|0x0000000620c00000, 0x0000000620c00000, 0x0000000621000000|  0%| F|  |TAMS 0x0000000620c00000| PB 0x0000000620c00000| Untracked |  0
|  42|0x0000000621000000, 0x0000000621000000, 0x0000000621400000|  0%| F|  |TAMS 0x0000000621000000| PB 0x0000000621000000| Untracked |  0
|  43|0x0000000621400000, 0x0000000621400000, 0x0000000621800000|  0%| F|  |TAMS 0x0000000621400000| PB 0x0000000621400000| Untracked |  0
|  44|0x0000000621800000, 0x0000000621800000, 0x0000000621c00000|  0%| F|  |TAMS 0x0000000621800000| PB 0x0000000621800000| Untracked |  0
|  45|0x0000000621c00000, 0x0000000621c00000, 0x0000000622000000|  0%| F|  |TAMS 0x0000000621c00000| PB 0x0000000621c00000| Untracked |  0
|  46|0x0000000622000000, 0x0000000622000000, 0x0000000622400000|  0%| F|  |TAMS 0x0000000622000000| PB 0x0000000622000000| Untracked |  0
|  47|0x0000000622400000, 0x0000000622400000, 0x0000000622800000|  0%| F|  |TAMS 0x0000000622400000| PB 0x0000000622400000| Untracked |  0
|  48|0x0000000622800000, 0x0000000622800000, 0x0000000622c00000|  0%| F|  |TAMS 0x0000000622800000| PB 0x0000000622800000| Untracked |  0
|  49|0x0000000622c00000, 0x0000000622c00000, 0x0000000623000000|  0%| F|  |TAMS 0x0000000622c00000| PB 0x0000000622c00000| Untracked |  0
|  50|0x0000000623000000, 0x0000000623000000, 0x0000000623400000|  0%| F|  |TAMS 0x0000000623000000| PB 0x0000000623000000| Untracked |  0
|  51|0x0000000623400000, 0x0000000623400000, 0x0000000623800000|  0%| F|  |TAMS 0x0000000623400000| PB 0x0000000623400000| Untracked |  0
|  52|0x0000000623800000, 0x0000000623800000, 0x0000000623c00000|  0%| F|  |TAMS 0x0000000623800000| PB 0x0000000623800000| Untracked |  0
|  53|0x0000000623c00000, 0x0000000623c00000, 0x0000000624000000|  0%| F|  |TAMS 0x0000000623c00000| PB 0x0000000623c00000| Untracked |  0
|  54|0x0000000624000000, 0x0000000624000000, 0x0000000624400000|  0%| F|  |TAMS 0x0000000624000000| PB 0x0000000624000000| Untracked |  0
|  55|0x0000000624400000, 0x0000000624400000, 0x0000000624800000|  0%| F|  |TAMS 0x0000000624400000| PB 0x0000000624400000| Untracked |  0
|  56|0x0000000624800000, 0x0000000624800000, 0x0000000624c00000|  0%| F|  |TAMS 0x0000000624800000| PB 0x0000000624800000| Untracked |  0
|  57|0x0000000624c00000, 0x0000000624c00000, 0x0000000625000000|  0%| F|  |TAMS 0x0000000624c00000| PB 0x0000000624c00000| Untracked |  0
|  58|0x0000000625000000, 0x0000000625000000, 0x0000000625400000|  0%| F|  |TAMS 0x0000000625000000| PB 0x0000000625000000| Untracked |  0
|  59|0x0000000625400000, 0x0000000625400000, 0x0000000625800000|  0%| F|  |TAMS 0x0000000625400000| PB 0x0000000625400000| Untracked |  0
|  60|0x0000000625800000, 0x0000000625800000, 0x0000000625c00000|  0%| F|  |TAMS 0x0000000625800000| PB 0x0000000625800000| Untracked |  0
|  61|0x0000000625c00000, 0x0000000625c00000, 0x0000000626000000|  0%| F|  |TAMS 0x0000000625c00000| PB 0x0000000625c00000| Untracked |  0
|  62|0x0000000626000000, 0x0000000626000000, 0x0000000626400000|  0%| F|  |TAMS 0x0000000626000000| PB 0x0000000626000000| Untracked |  0
|  63|0x0000000626400000, 0x0000000626400000, 0x0000000626800000|  0%| F|  |TAMS 0x0000000626400000| PB 0x0000000626400000| Untracked |  0
|  64|0x0000000626800000, 0x0000000626800000, 0x0000000626c00000|  0%| F|  |TAMS 0x0000000626800000| PB 0x0000000626800000| Untracked |  0
|  65|0x0000000626c00000, 0x0000000626c00000, 0x0000000627000000|  0%| F|  |TAMS 0x0000000626c00000| PB 0x0000000626c00000| Untracked |  0
|  66|0x0000000627000000, 0x0000000627000000, 0x0000000627400000|  0%| F|  |TAMS 0x0000000627000000| PB 0x0000000627000000| Untracked |  0
|  67|0x0000000627400000, 0x0000000627400000, 0x0000000627800000|  0%| F|  |TAMS 0x0000000627400000| PB 0x0000000627400000| Untracked |  0
|  68|0x0000000627800000, 0x0000000627800000, 0x0000000627c00000|  0%| F|  |TAMS 0x0000000627800000| PB 0x0000000627800000| Untracked |  0
|  69|0x0000000627c00000, 0x0000000627c00000, 0x0000000628000000|  0%| F|  |TAMS 0x0000000627c00000| PB 0x0000000627c00000| Untracked |  0
|  70|0x0000000628000000, 0x0000000628000000, 0x0000000628400000|  0%| F|  |TAMS 0x0000000628000000| PB 0x0000000628000000| Untracked |  0
|  71|0x0000000628400000, 0x0000000628400000, 0x0000000628800000|  0%| F|  |TAMS 0x0000000628400000| PB 0x0000000628400000| Untracked |  0
|  72|0x0000000628800000, 0x0000000628800000, 0x0000000628c00000|  0%| F|  |TAMS 0x0000000628800000| PB 0x0000000628800000| Untracked |  0
|  73|0x0000000628c00000, 0x0000000628c00000, 0x0000000629000000|  0%| F|  |TAMS 0x0000000628c00000| PB 0x0000000628c00000| Untracked |  0
|  74|0x0000000629000000, 0x0000000629000000, 0x0000000629400000|  0%| F|  |TAMS 0x0000000629000000| PB 0x0000000629000000| Untracked |  0
|  75|0x0000000629400000, 0x0000000629400000, 0x0000000629800000|  0%| F|  |TAMS 0x0000000629400000| PB 0x0000000629400000| Untracked |  0
|  76|0x0000000629800000, 0x0000000629800000, 0x0000000629c00000|  0%| F|  |TAMS 0x0000000629800000| PB 0x0000000629800000| Untracked |  0
|  77|0x0000000629c00000, 0x0000000629c00000, 0x000000062a000000|  0%| F|  |TAMS 0x0000000629c00000| PB 0x0000000629c00000| Untracked |  0
|  78|0x000000062a000000, 0x000000062a000000, 0x000000062a400000|  0%| F|  |TAMS 0x000000062a000000| PB 0x000000062a000000| Untracked |  0
|  79|0x000000062a400000, 0x000000062a400000, 0x000000062a800000|  0%| F|  |TAMS 0x000000062a400000| PB 0x000000062a400000| Untracked |  0
|  80|0x000000062a800000, 0x000000062a800000, 0x000000062ac00000|  0%| F|  |TAMS 0x000000062a800000| PB 0x000000062a800000| Untracked |  0
|  81|0x000000062ac00000, 0x000000062ac00000, 0x000000062b000000|  0%| F|  |TAMS 0x000000062ac00000| PB 0x000000062ac00000| Untracked |  0
|  82|0x000000062b000000, 0x000000062b000000, 0x000000062b400000|  0%| F|  |TAMS 0x000000062b000000| PB 0x000000062b000000| Untracked |  0
|  83|0x000000062b400000, 0x000000062b400000, 0x000000062b800000|  0%| F|  |TAMS 0x000000062b400000| PB 0x000000062b400000| Untracked |  0
|  84|0x000000062b800000, 0x000000062b800000, 0x000000062bc00000|  0%| F|  |TAMS 0x000000062b800000| PB 0x000000062b800000| Untracked |  0
|  85|0x000000062bc00000, 0x000000062bc00000, 0x000000062c000000|  0%| F|  |TAMS 0x000000062bc00000| PB 0x000000062bc00000| Untracked |  0
|  86|0x000000062c000000, 0x000000062c000000, 0x000000062c400000|  0%| F|  |TAMS 0x000000062c000000| PB 0x000000062c000000| Untracked |  0
|  87|0x000000062c400000, 0x000000062c400000, 0x000000062c800000|  0%| F|  |TAMS 0x000000062c400000| PB 0x000000062c400000| Untracked |  0
|  88|0x000000062c800000, 0x000000062c800000, 0x000000062cc00000|  0%| F|  |TAMS 0x000000062c800000| PB 0x000000062c800000| Untracked |  0
|  89|0x000000062cc00000, 0x000000062cc00000, 0x000000062d000000|  0%| F|  |TAMS 0x000000062cc00000| PB 0x000000062cc00000| Untracked |  0
|  90|0x000000062d000000, 0x000000062d000000, 0x000000062d400000|  0%| F|  |TAMS 0x000000062d000000| PB 0x000000062d000000| Untracked |  0
|  91|0x000000062d400000, 0x000000062d400000, 0x000000062d800000|  0%| F|  |TAMS 0x000000062d400000| PB 0x000000062d400000| Untracked |  0
|  92|0x000000062d800000, 0x000000062d800000, 0x000000062dc00000|  0%| F|  |TAMS 0x000000062d800000| PB 0x000000062d800000| Untracked |  0
|  93|0x000000062dc00000, 0x000000062dc00000, 0x000000062e000000|  0%| F|  |TAMS 0x000000062dc00000| PB 0x000000062dc00000| Untracked |  0
|  94|0x000000062e000000, 0x000000062e000000, 0x000000062e400000|  0%| F|  |TAMS 0x000000062e000000| PB 0x000000062e000000| Untracked |  0
|  95|0x000000062e400000, 0x000000062e400000, 0x000000062e800000|  0%| F|  |TAMS 0x000000062e400000| PB 0x000000062e400000| Untracked |  0
|  96|0x000000062e800000, 0x000000062e800000, 0x000000062ec00000|  0%| F|  |TAMS 0x000000062e800000| PB 0x000000062e800000| Untracked |  0
|  97|0x000000062ec00000, 0x000000062ec00000, 0x000000062f000000|  0%| F|  |TAMS 0x000000062ec00000| PB 0x000000062ec00000| Untracked |  0
|  98|0x000000062f000000, 0x000000062f000000, 0x000000062f400000|  0%| F|  |TAMS 0x000000062f000000| PB 0x000000062f000000| Untracked |  0
|  99|0x000000062f400000, 0x000000062f400000, 0x000000062f800000|  0%| F|  |TAMS 0x000000062f400000| PB 0x000000062f400000| Untracked |  0
| 100|0x000000062f800000, 0x000000062f800000, 0x000000062fc00000|  0%| F|  |TAMS 0x000000062f800000| PB 0x000000062f800000| Untracked |  0
| 101|0x000000062fc00000, 0x000000062fc00000, 0x0000000630000000|  0%| F|  |TAMS 0x000000062fc00000| PB 0x000000062fc00000| Untracked |  0
| 102|0x0000000630000000, 0x0000000630000000, 0x0000000630400000|  0%| F|  |TAMS 0x0000000630000000| PB 0x0000000630000000| Untracked |  0
| 103|0x0000000630400000, 0x0000000630400000, 0x0000000630800000|  0%| F|  |TAMS 0x0000000630400000| PB 0x0000000630400000| Untracked |  0
| 104|0x0000000630800000, 0x0000000630800000, 0x0000000630c00000|  0%| F|  |TAMS 0x0000000630800000| PB 0x0000000630800000| Untracked |  0
| 105|0x0000000630c00000, 0x0000000630c00000, 0x0000000631000000|  0%| F|  |TAMS 0x0000000630c00000| PB 0x0000000630c00000| Untracked |  0
| 106|0x0000000631000000, 0x0000000631000000, 0x0000000631400000|  0%| F|  |TAMS 0x0000000631000000| PB 0x0000000631000000| Untracked |  0
| 107|0x0000000631400000, 0x0000000631400000, 0x0000000631800000|  0%| F|  |TAMS 0x0000000631400000| PB 0x0000000631400000| Untracked |  0
| 108|0x0000000631800000, 0x0000000631800000, 0x0000000631c00000|  0%| F|  |TAMS 0x0000000631800000| PB 0x0000000631800000| Untracked |  0
| 109|0x0000000631c00000, 0x0000000631c00000, 0x0000000632000000|  0%| F|  |TAMS 0x0000000631c00000| PB 0x0000000631c00000| Untracked |  0
| 110|0x0000000632000000, 0x0000000632000000, 0x0000000632400000|  0%| F|  |TAMS 0x0000000632000000| PB 0x0000000632000000| Untracked |  0
| 111|0x0000000632400000, 0x0000000632400000, 0x0000000632800000|  0%| F|  |TAMS 0x0000000632400000| PB 0x0000000632400000| Untracked |  0
| 112|0x0000000632800000, 0x0000000632800000, 0x0000000632c00000|  0%| F|  |TAMS 0x0000000632800000| PB 0x0000000632800000| Untracked |  0
| 113|0x0000000632c00000, 0x0000000632c00000, 0x0000000633000000|  0%| F|  |TAMS 0x0000000632c00000| PB 0x0000000632c00000| Untracked |  0
| 114|0x0000000633000000, 0x0000000633000000, 0x0000000633400000|  0%| F|  |TAMS 0x0000000633000000| PB 0x0000000633000000| Untracked |  0
| 115|0x0000000633400000, 0x0000000633400000, 0x0000000633800000|  0%| F|  |TAMS 0x0000000633400000| PB 0x0000000633400000| Untracked |  0
| 116|0x0000000633800000, 0x0000000633800000, 0x0000000633c00000|  0%| F|  |TAMS 0x0000000633800000| PB 0x0000000633800000| Untracked |  0
| 117|0x0000000633c00000, 0x0000000633c00000, 0x0000000634000000|  0%| F|  |TAMS 0x0000000633c00000| PB 0x0000000633c00000| Untracked |  0
| 118|0x0000000634000000, 0x0000000634000000, 0x0000000634400000|  0%| F|  |TAMS 0x0000000634000000| PB 0x0000000634000000| Untracked |  0
| 119|0x0000000634400000, 0x0000000634400000, 0x0000000634800000|  0%| F|  |TAMS 0x0000000634400000| PB 0x0000000634400000| Untracked |  0
| 120|0x0000000634800000, 0x0000000634800000, 0x0000000634c00000|  0%| F|  |TAMS 0x0000000634800000| PB 0x0000000634800000| Untracked |  0
| 121|0x0000000634c00000, 0x0000000634d79f60, 0x0000000635000000| 36%| E|  |TAMS 0x0000000634c00000| PB 0x0000000634c00000| Complete |  0
| 122|0x0000000635000000, 0x0000000635400000, 0x0000000635400000|100%| E|CS|TAMS 0x0000000635000000| PB 0x0000000635000000| Complete |  0
|1957|0x00000007ffc00000, 0x00000007ffd08c80, 0x0000000800000000| 25%| O|  |TAMS 0x00000007ffc00000| PB 0x00000007ffc00000| Untracked |  0

Card table byte_map: [0x000079c924200000,0x000079c92514c000] _byte_map_base: 0x000079c92114c000

Marking Bits: (CMBitMap*) 0x000079c92005a9c0
 Bits: [0x000079c901000000, 0x000079c908a60000)

Polling page: 0x000079c928bb9000

Metaspace:

Usage:
  Non-class:      1.14 MB used.
      Class:     93.59 KB used.
       Both:      1.23 MB used.

Virtual space:
  Non-class space:       64.00 MB reserved,       1.19 MB (  2%) committed,  1 nodes.
      Class space:        1.00 GB reserved,     128.00 KB ( <1%) committed,  1 nodes.
             Both:        1.06 GB reserved,       1.31 MB ( <1%) committed. 

Chunk freelists:
   Non-Class:  11.53 MB
       Class:  15.69 MB
        Both:  27.22 MB

MaxMetaspaceSize: unlimited
CompressedClassSpaceSize: 1.00 GB
Initial GC threshold: 21.00 MB
Current GC threshold: 21.00 MB
CDS: on
 - commit_granule_bytes: 65536.
 - commit_granule_words: 8192.
 - virtual_space_node_default_size: 8388608.
 - enlarge_chunks_in_place: 1.
 - use_allocation_guard: 0.


Internal statistics:

num_allocs_failed_limit: 0.
num_arena_births: 12.
num_arena_deaths: 0.
num_vsnodes_births: 2.
num_vsnodes_deaths: 0.
num_space_committed: 21.
num_space_uncommitted: 0.
num_chunks_returned_to_freelist: 0.
num_chunks_taken_from_freelist: 42.
num_chunk_merges: 0.
num_chunk_splits: 26.
num_chunks_enlarged: 19.
num_inconsistent_stats: 0.

CodeHeap 'non-profiled nmethods': size=119168Kb used=122Kb max_used=122Kb free=119045Kb
 bounds [0x000079c9107a0000, 0x000079c910a10000, 0x000079c917c00000]
CodeHeap 'profiled nmethods': size=119164Kb used=571Kb max_used=571Kb free=118592Kb
 bounds [0x000079c908c00000, 0x000079c908e70000, 0x000079c91005f000]
CodeHeap 'non-nmethods': size=7428Kb used=1436Kb max_used=3138Kb free=5991Kb
 bounds [0x000079c91005f000, 0x000079c91037f000, 0x000079c9107a0000]
 total_blobs=924 nmethods=433 adapters=397
 compilation: enabled
              stopped_count=0, restarted_count=0
 full_count=0

Compilation events (20 events):
Event: 0.592 Thread 0x000079c92015e7b0  423       3       jdk.internal.org.objectweb.asm.ByteVector::putByte (39 bytes)
Event: 0.592 Thread 0x000079c8680217a0 nmethod 421 0x000079c908c8a510 code [0x000079c908c8a6a0, 0x000079c908c8a838]
Event: 0.592 Thread 0x000079c8680217a0  424       3       java.lang.reflect.Modifier::isPublic (12 bytes)
Event: 0.592 Thread 0x000079c92015e7b0 nmethod 423 0x000079c908c8a910 code [0x000079c908c8aac0, 0x000079c908c8aca8]
Event: 0.592 Thread 0x000079c8680217a0 nmethod 424 0x000079c908c8ae10 code [0x000079c908c8afa0, 0x000079c908c8b0d8]
Event: 0.592 Thread 0x000079c92015e7b0  425       3       jdk.internal.util.StrongReferenceKey::equals (28 bytes)
Event: 0.592 Thread 0x000079c868020270 nmethod 422 0x000079c908c8b190 code [0x000079c908c8b3c0, 0x000079c908c8b9c0]
Event: 0.592 Thread 0x000079c92015e7b0 nmethod 425 0x000079c908c8bd10 code [0x000079c908c8bee0, 0x000079c908c8c4d8]
Event: 0.721 Thread 0x000079c868020270  426       3       java.lang.invoke.MethodType::checkPtypes (76 bytes)
Event: 0.722 Thread 0x000079c868020270 nmethod 426 0x000079c908c8c690 code [0x000079c908c8c940, 0x000079c908c8d478]
Event: 0.724 Thread 0x000079c92015e7b0  428       3       java.util.stream.StreamOpFlag::fromCharacteristics (37 bytes)
Event: 0.724 Thread 0x000079c854001020  429       3       java.util.stream.AbstractPipeline::<init> (55 bytes)
Event: 0.724 Thread 0x000079c92015e7b0 nmethod 428 0x000079c908c8d910 code [0x000079c908c8dac0, 0x000079c908c8dde0]
Event: 0.724 Thread 0x000079c854001020 nmethod 429 0x000079c908c8df10 code [0x000079c908c8e0c0, 0x000079c908c8e3a0]
Event: 6.301 Thread 0x000079c868020270  430       1       java.util.stream.MatchOps$BooleanTerminalSink::cancellationRequested (5 bytes)
Event: 6.301 Thread 0x000079c868020270 nmethod 430 0x000079c9107be190 code [0x000079c9107be320, 0x000079c9107be3e8]
Event: 6.421 Thread 0x000079c92015e7b0  431       3       java.lang.invoke.DirectMethodHandle::allocateInstance (16 bytes)
Event: 6.421 Thread 0x000079c868020270  433       3       java.lang.invoke.DirectMethodHandle::constructorMethod (10 bytes)
Event: 6.421 Thread 0x000079c92015e7b0 nmethod 431 0x000079c908c8e490 code [0x000079c908c8e640, 0x000079c908c8e858]
Event: 6.421 Thread 0x000079c868020270 nmethod 433 0x000079c908c8e990 code [0x000079c908c8eb20, 0x000079c908c8ece8]

GC Heap History (0 events):
No events

Dll operation events (8 events):
Event: 0.002 Loaded shared library /usr/lib/jvm/jdk-22.0.2-oracle-x64/lib/libjava.so
Event: 0.027 Loaded shared library /usr/lib/jvm/jdk-22.0.2-oracle-x64/lib/libjsvml.so
Event: 0.030 Loaded shared library /usr/lib/jvm/jdk-22.0.2-oracle-x64/lib/libnio.so
Event: 0.101 Loaded shared library /usr/lib/jvm/jdk-22.0.2-oracle-x64/lib/libzip.so
Event: 0.136 Loaded shared library /usr/lib/jvm/jdk-22.0.2-oracle-x64/lib/libjimage.so
Event: 0.141 Loaded shared library /tmp/libJCudaRuntime-10.1.0-linux-x86_64.so
Event: 0.148 Loaded shared library /tmp/libJCublas2-10.1.0-linux-x86_64.so
Event: 0.581 Loaded shared library /usr/lib/jvm/jdk-22.0.2-oracle-x64/lib/libverify.so

Deoptimization events (2 events):
Event: 0.582 Thread 0x000079c92002ec80 DEOPT PACKING pc=0x000079c908c0675d sp=0x000079c9287f9160
Event: 0.582 Thread 0x000079c92002ec80 DEOPT UNPACKING pc=0x000079c9100b372f sp=0x000079c9287f85a0 mode 0

Classes loaded (20 events):
Event: 0.589 Loading class java/lang/ArrayIndexOutOfBoundsException
Event: 0.589 Loading class java/lang/IndexOutOfBoundsException
Event: 0.589 Loading class java/lang/IndexOutOfBoundsException done
Event: 0.589 Loading class java/lang/ArrayIndexOutOfBoundsException done
Event: 0.590 Loading class java/util/Spliterators$IntArraySpliterator
Event: 0.590 Loading class java/util/Spliterators$IntArraySpliterator done
Event: 0.591 Loading class java/util/stream/MatchOps$MatchKind
Event: 0.591 Loading class java/util/stream/MatchOps$MatchKind done
Event: 0.591 Loading class java/util/stream/MatchOps
Event: 0.591 Loading class java/util/stream/MatchOps done
Event: 0.591 Loading class java/util/stream/MatchOps$MatchOp
Event: 0.591 Loading class java/util/stream/MatchOps$MatchOp done
Event: 0.591 Loading class java/util/stream/MatchOps$BooleanTerminalSink
Event: 0.591 Loading class java/util/stream/MatchOps$BooleanTerminalSink done
Event: 0.591 Loading class java/util/stream/MatchOps$2MatchSink
Event: 0.591 Loading class java/util/stream/MatchOps$2MatchSink done
Event: 0.592 Loading class java/util/stream/MatchOps$1MatchSink
Event: 0.592 Loading class java/util/stream/MatchOps$1MatchSink done
Event: 0.592 Loading class java/nio/HeapDoubleBuffer
Event: 0.592 Loading class java/nio/HeapDoubleBuffer done

Classes unloaded (0 events):
No events

Classes redefined (0 events):
No events

Internal exceptions (9 events):
Event: 0.058 Thread 0x000079c92002ec80 Exception <a 'sun/nio/fs/UnixException'{0x0000000635077920}> (0x0000000635077920) 
thrown [open/src/hotspot/share/prims/jni.cpp, line 520]
Event: 0.058 Thread 0x000079c92002ec80 Exception <a 'sun/nio/fs/UnixException'{0x0000000635078080}> (0x0000000635078080) 
thrown [open/src/hotspot/share/prims/jni.cpp, line 520]
Event: 0.058 Thread 0x000079c92002ec80 Exception <a 'sun/nio/fs/UnixException'{0x0000000635078648}> (0x0000000635078648) 
thrown [open/src/hotspot/share/prims/jni.cpp, line 520]
Event: 0.059 Thread 0x000079c92002ec80 Exception <a 'sun/nio/fs/UnixException'{0x0000000635078e70}> (0x0000000635078e70) 
thrown [open/src/hotspot/share/prims/jni.cpp, line 520]
Event: 0.059 Thread 0x000079c92002ec80 Exception <a 'sun/nio/fs/UnixException'{0x0000000635079430}> (0x0000000635079430) 
thrown [open/src/hotspot/share/prims/jni.cpp, line 520]
Event: 0.059 Thread 0x000079c92002ec80 Exception <a 'sun/nio/fs/UnixException'{0x00000006350799f0}> (0x00000006350799f0) 
thrown [open/src/hotspot/share/prims/jni.cpp, line 520]
Event: 0.059 Thread 0x000079c92002ec80 Exception <a 'sun/nio/fs/UnixException'{0x0000000635079fb0}> (0x0000000635079fb0) 
thrown [open/src/hotspot/share/prims/jni.cpp, line 520]
Event: 0.059 Thread 0x000079c92002ec80 Exception <a 'sun/nio/fs/UnixException'{0x000000063507a588}> (0x000000063507a588) 
thrown [open/src/hotspot/share/prims/jni.cpp, line 520]
Event: 0.578 Thread 0x000079c92002ec80 Exception <a 'java/lang/NoSuchMethodError'{0x0000000634c69ce8}: 'void java.lang.invoke.DirectMethodHandle$Holder.invokeStatic(java.lang.Object, java.lang.Object)'> (0x0000000634c69ce8) 
thrown [open/src/hotspot/share/interpreter/linkResolver.cpp, line 773]

ZGC Phase Switch (0 events):
No events

VM Operations (20 events):
Event: 0.705 Executing VM operation: get/set locals
Event: 0.705 Executing VM operation: get/set locals done
Event: 0.720 Executing VM operation: get/set locals
Event: 0.720 Executing VM operation: get/set locals done
Event: 0.722 Executing VM operation: get/set locals
Event: 0.722 Executing VM operation: get/set locals done
Event: 0.725 Executing VM operation: get/set locals
Event: 0.725 Executing VM operation: get/set locals done
Event: 2.910 Executing VM operation: ChangeBreakpoints
Event: 2.910 Executing VM operation: ChangeBreakpoints done
Event: 6.417 Executing VM operation: get/set locals
Event: 6.417 Executing VM operation: get/set locals done
Event: 6.423 Executing VM operation: get/set locals
Event: 6.423 Executing VM operation: get/set locals done
Event: 6.425 Executing VM operation: get/set locals
Event: 6.425 Executing VM operation: get/set locals done
Event: 6.426 Executing VM operation: get/set locals
Event: 6.426 Executing VM operation: get/set locals done
Event: 11.674 Executing VM operation: get/set locals
Event: 11.674 Executing VM operation: get/set locals done

Memory protections (18 events):
Event: 0.002 Protecting memory [0x000079c928700000,0x000079c928704000] with protection modes 0
Event: 0.025 Protecting memory [0x000079c8f9bfd000,0x000079c8f9c01000] with protection modes 0
Event: 0.026 Protecting memory [0x000079c8f9500000,0x000079c8f9504000] with protection modes 0
Event: 0.026 Protecting memory [0x000079c8f9400000,0x000079c8f9404000] with protection modes 0
Event: 0.026 Protecting memory [0x000079c8f9300000,0x000079c8f9304000] with protection modes 0
Event: 0.026 Protecting memory [0x000079c8f9200000,0x000079c8f9204000] with protection modes 0
Event: 0.026 Protecting memory [0x000079c8f9100000,0x000079c8f9104000] with protection modes 0
Event: 0.027 Protecting memory [0x000079c8f9000000,0x000079c8f9004000] with protection modes 0
Event: 0.049 Protecting memory [0x000079c8f8f00000,0x000079c8f8f04000] with protection modes 0
Event: 0.060 Protecting memory [0x000079c8f8e00000,0x000079c8f8e04000] with protection modes 0
Event: 0.062 Protecting memory [0x000079c8f8d00000,0x000079c8f8d04000] with protection modes 0
Event: 0.062 Protecting memory [0x000079c8f8c00000,0x000079c8f8c04000] with protection modes 0
Event: 0.066 Protecting memory [0x000079c8f8b00000,0x000079c8f8b04000] with protection modes 0
Event: 0.070 Protecting memory [0x000079c8f8a00000,0x000079c8f8a04000] with protection modes 0
Event: 0.071 Protecting memory [0x000079c8f8900000,0x000079c8f8904000] with protection modes 0
Event: 0.071 Protecting memory [0x000079c8f8800000,0x000079c8f8804000] with protection modes 0
Event: 0.099 Protecting memory [0x000079c8f8700000,0x000079c8f8704000] with protection modes 0
Event: 0.579 Protecting memory [0x000079c8f8b00000,0x000079c8f8b04000] with protection modes 0

Nmethod flushes (0 events):
No events

Events (20 events):
Event: 0.026 Thread 0x000079c92002ec80 Thread added: 0x000079c92014ee50
Event: 0.026 Thread 0x000079c92002ec80 Thread added: 0x000079c920150930
Event: 0.026 Thread 0x000079c92002ec80 Thread added: 0x000079c920151f70
Event: 0.026 Thread 0x000079c92002ec80 Thread added: 0x000079c920153510
Event: 0.026 Thread 0x000079c92002ec80 Thread added: 0x000079c9201550b0
Event: 0.026 Thread 0x000079c92002ec80 Thread added: 0x000079c92015e7b0
Event: 0.049 Thread 0x000079c92002ec80 Thread added: 0x000079c92017dbb0
Event: 0.060 Thread 0x000079c92015e7b0 Thread added: 0x000079c868020270
Event: 0.062 Thread 0x000079c92015e7b0 Thread added: 0x000079c8680217a0
Event: 0.062 Thread 0x000079c8680217a0 Thread added: 0x000079c854001020
Event: 0.066 Thread 0x000079c8680217a0 Thread added: 0x000079c85401abc0
Event: 0.070 Thread 0x000079c92002ec80 Thread added: 0x000079c9201c2600
Event: 0.070 Thread 0x000079c92002ec80 Thread added: 0x000079c9201d9e80
Event: 0.071 Thread 0x000079c9201c2600 Thread added: 0x000079c844001080
Event: 0.099 Thread 0x000079c92002ec80 Thread added: 0x000079c9201db190
Event: 0.578 Thread 0x000079c85401abc0 Thread exited: 0x000079c85401abc0
Event: 0.579 Thread 0x000079c92002ec80 Thread added: 0x000079c7d94e8040
Event: 5.725 Thread 0x000079c854001020 Thread exited: 0x000079c854001020
Event: 6.301 Thread 0x000079c8680217a0 Thread exited: 0x000079c8680217a0
Event: 11.421 Thread 0x000079c868020270 Thread exited: 0x000079c868020270


Dynamic libraries:
200000000-200200000 ---p 00000000 00:00 0 
200200000-200400000 rw-s 00000000 00:05 1129                             /dev/nvidia0
200400000-203400000 rw-s 00000000 00:05 1128                             /dev/nvidiactl
203400000-204400000 ---p 00000000 00:00 0 
204400000-204600000 rw-s 00000000 00:05 1128                             /dev/nvidiactl
204600000-204800000 rw-s 00000000 00:05 1128                             /dev/nvidiactl
204800000-204a00000 rw-s 00000000 00:05 1128                             /dev/nvidiactl
204a00000-204c00000 rw-s 204a00000 00:05 1130                            /dev/nvidia-uvm
204c00000-204e00000 rw-s 00000000 00:05 1128                             /dev/nvidiactl
204e00000-205000000 ---p 00000000 00:00 0 
205000000-205200000 rw-s 00000000 00:05 1128                             /dev/nvidiactl
205200000-300200000 ---p 00000000 00:00 0 
616800000-635400000 rw-p 00000000 00:00 0 
635400000-7ffc00000 ---p 00000000 00:00 0 
7ffc00000-7ffd09000 rw-p 00cb9000 103:05 39860326                        /usr/lib/jvm/jdk-22.0.2-oracle-x64/lib/server/classes.jsa
7ffd09000-800000000 rw-p 00000000 00:00 0 
10000000000-10004000000 ---p 00000000 00:00 0 
5bd38fac5000-5bd38fac6000 r-xp 00000000 103:05 39860034                  /usr/lib/jvm/jdk-22.0.2-oracle-x64/bin/java
5bd38fac7000-5bd38fac8000 r--p 00001000 103:05 39860034                  /usr/lib/jvm/jdk-22.0.2-oracle-x64/bin/java
5bd38fac8000-5bd38fac9000 rw-p 00002000 103:05 39860034                  /usr/lib/jvm/jdk-22.0.2-oracle-x64/bin/java
5bd390f1d000-5bd390f66000 rw-p 00000000 00:00 0                          [heap]
79c7d8000000-79c7da2ec000 rw-p 00000000 00:00 0 
79c7da2ec000-79c7dc000000 ---p 00000000 00:00 0 
79c7e0000000-79c7e2000000 ---p 00000000 00:00 0 
79c7e4000000-79c7e7fff000 rw-p 00000000 00:00 0 
79c7e7fff000-79c7e8000000 ---p 00000000 00:00 0 
79c7ec000000-79c7efe8d000 rw-p 00000000 00:00 0 
79c7efe8d000-79c7f0000000 ---p 00000000 00:00 0 
79c7f2000000-79c7fa000000 ---p 00000000 00:00 0 
79c7fc000000-79c7fe000000 ---p 00000000 00:00 0 
79c800000000-79c810000000 ---p 00000000 00:00 0 
79c814000000-79c814400000 ---p 00000000 00:00 0 
79c814400000-79c814600000 rw-s 00000000 00:05 1128                       /dev/nvidiactl
79c814600000-79c814800000 rw-s 00000000 00:01 10284                      /dev/zero (deleted)
79c814800000-79c814a00000 rw-s 00000000 00:01 10285                      /dev/zero (deleted)
79c814a00000-79c815000000 ---p 00000000 00:00 0 
79c815000000-79c815200000 rw-s 00000000 00:05 1128                       /dev/nvidiactl
79c815200000-79c815400000 ---p 00000000 00:00 0 
79c815400000-79c815600000 rw-s 00000000 00:01 10287                      /dev/zero (deleted)
79c815600000-79c815b33000 rw-s 00000000 00:05 1128                       /dev/nvidiactl
79c815b33000-79c816000000 ---p 00000000 00:00 0 
79c818000000-79c818021000 rw-p 00000000 00:00 0 
79c818021000-79c81c000000 ---p 00000000 00:00 0 
79c81e000000-79c824000000 ---p 00000000 00:00 0 
79c824000000-79c824021000 rw-p 00000000 00:00 0 
79c824021000-79c828000000 ---p 00000000 00:00 0 
79c82b000000-79c82faa3000 r-xp 00000000 103:05 39063741                  /usr/lib/x86_64-linux-gnu/libcublas.so.10.1.0.105
79c82faa3000-79c82fca2000 ---p 04aa3000 103:05 39063741                  /usr/lib/x86_64-linux-gnu/libcublas.so.10.1.0.105
79c82fca2000-79c82fcb0000 rw-p 04aa2000 103:05 39063741                  /usr/lib/x86_64-linux-gnu/libcublas.so.10.1.0.105
79c82fcb0000-79c82fcba000 rw-p 00000000 00:00 0 
79c830000000-79c830021000 rw-p 00000000 00:00 0 
79c830021000-79c834000000 ---p 00000000 00:00 0 
79c838000000-79c838021000 rw-p 00000000 00:00 0 
79c838021000-79c83c000000 ---p 00000000 00:00 0 
79c83c000000-79c83c021000 rw-p 00000000 00:00 0 
79c83c021000-79c840000000 ---p 00000000 00:00 0 
79c844000000-79c844021000 rw-p 00000000 00:00 0 
79c844021000-79c848000000 ---p 00000000 00:00 0 
79c848000000-79c848093000 rw-p 00000000 00:00 0 
79c848093000-79c84c000000 ---p 00000000 00:00 0 
79c850000000-79c850035000 rw-p 00000000 00:00 0 
79c850035000-79c854000000 ---p 00000000 00:00 0 
79c854000000-79c854030000 rw-p 00000000 00:00 0 
79c854030000-79c858000000 ---p 00000000 00:00 0 
79c85c000000-79c85c036000 rw-p 00000000 00:00 0 
79c85c036000-79c860000000 ---p 00000000 00:00 0 
79c860000000-79c860021000 rw-p 00000000 00:00 0 
79c860021000-79c864000000 ---p 00000000 00:00 0 
79c868000000-79c86805f000 rw-p 00000000 00:00 0 
79c86805f000-79c86c000000 ---p 00000000 00:00 0 
79c86c000000-79c86c0eb000 rw-p 00000000 00:00 0 
79c86c0eb000-79c870000000 ---p 00000000 00:00 0 
79c874000000-79c874021000 rw-p 00000000 00:00 0 
79c874021000-79c878000000 ---p 00000000 00:00 0 
79c878000000-79c878021000 rw-p 00000000 00:00 0 
79c878021000-79c87c000000 ---p 00000000 00:00 0 
79c880000000-79c880021000 rw-p 00000000 00:00 0 
79c880021000-79c884000000 ---p 00000000 00:00 0 
79c884000000-79c884021000 rw-p 00000000 00:00 0 
79c884021000-79c888000000 ---p 00000000 00:00 0 
79c88c000000-79c88c021000 rw-p 00000000 00:00 0 
79c88c021000-79c890000000 ---p 00000000 00:00 0 
79c890000000-79c890021000 rw-p 00000000 00:00 0 
79c890021000-79c894000000 ---p 00000000 00:00 0 
79c895200000-79c895201000 ---p 00000000 00:00 0 
79c895201000-79c895a01000 rw-p 00000000 00:00 0 
79c895c00000-79c895c01000 rw-s 00000000 00:05 1128                       /dev/nvidiactl
79c895c01000-79c895c02000 rw-s 00000000 00:05 1128                       /dev/nvidiactl
79c895c02000-79c895c03000 rw-s 00000000 00:05 1128                       /dev/nvidiactl
79c895c03000-79c895c04000 rw-s 00000000 00:05 1128                       /dev/nvidiactl
79c895c04000-79c895c05000 rw-s 00000000 00:05 1128                       /dev/nvidiactl
79c895c05000-79c895c06000 rw-s 00000000 00:05 1128                       /dev/nvidiactl
79c895c06000-79c895c07000 rw-s 00000000 00:05 1128                       /dev/nvidiactl
79c895c07000-79c895c08000 rw-s 00000000 00:05 1128                       /dev/nvidiactl
79c895c08000-79c895c09000 rw-s 00000000 00:05 1128                       /dev/nvidiactl
79c895c09000-79c895c0a000 rw-s 00000000 00:05 1128                       /dev/nvidiactl
79c895c0a000-79c895c0b000 rw-s 00000000 00:05 1128                       /dev/nvidiactl
79c895c0b000-79c895c0c000 rw-s 00000000 00:05 1128                       /dev/nvidiactl
79c895c0c000-79c895c0d000 rw-s 00000000 00:05 1128                       /dev/nvidiactl
79c895c0d000-79c895c0e000 rw-s 00000000 00:05 1128                       /dev/nvidiactl
79c895c0e000-79c895c0f000 rw-s 00000000 00:05 1128                       /dev/nvidiactl
79c895c0f000-79c895c10000 rw-s 00000000 00:05 1128                       /dev/nvidiactl
79c895c10000-79c896c21000 ---p 00000000 00:00 0 
79c896e00000-79c897e21000 ---p 00000000 00:00 0 
79c898000000-79c8980b0000 rw-p 00000000 00:00 0 
79c8980b0000-79c898400000 ---p 00000000 00:00 0 
79c898400000-79c898480000 rw-p 00000000 00:00 0 
79c898480000-79c89c000000 ---p 00000000 00:00 0 
79c89c000000-79c89c021000 rw-p 00000000 00:00 0 
79c89c021000-79c8a0000000 ---p 00000000 00:00 0 
79c8a0400000-79c8a04db000 r--p 00000000 103:05 39066653                  /usr/lib/x86_64-linux-gnu/libcuda.so.550.54.15
79c8a04db000-79c8a0973000 r-xp 000db000 103:05 39066653                  /usr/lib/x86_64-linux-gnu/libcuda.so.550.54.15
79c8a0973000-79c8a1e03000 r--p 00573000 103:05 39066653                  /usr/lib/x86_64-linux-gnu/libcuda.so.550.54.15
79c8a1e03000-79c8a1e1a000 r--p 01a02000 103:05 39066653                  /usr/lib/x86_64-linux-gnu/libcuda.so.550.54.15
79c8a1e1a000-79c8a1f15000 rw-p 01a19000 103:05 39066653                  /usr/lib/x86_64-linux-gnu/libcuda.so.550.54.15
79c8a1f15000-79c8a1f7b000 rw-p 00000000 00:00 0 
79c8a2000000-79c8a2c7a000 rw-p 00001000 103:05 39860326                  /usr/lib/jvm/jdk-22.0.2-oracle-x64/lib/server/classes.jsa
79c8a2c7a000-79c8a3000000 ---p 00000000 00:00 0 
79c8a3000000-79c8a3010000 rw-p 00000000 00:00 0 
79c8a3010000-79c8a3040000 ---p 00000000 00:00 0 
79c8a3040000-79c8a3050000 rw-p 00000000 00:00 0 
79c8a3050000-79c8e3000000 ---p 00000000 00:00 0 
79c8e3600000-79c8e3601000 ---p 00000000 00:00 0 
79c8e3601000-79c8e3e01000 rw-p 00000000 00:00 0 
79c8e4000000-79c8e4021000 rw-p 00000000 00:00 0 
79c8e4021000-79c8e8000000 ---p 00000000 00:00 0 
79c8e8000000-79c8e8021000 rw-p 00000000 00:00 0 
79c8e8021000-79c8ec000000 ---p 00000000 00:00 0 
79c8eca00000-79c8ecc5a000 rw-p 00000000 00:00 0 
79c8ece00000-79c8ece01000 ---p 00000000 00:00 0 
79c8ece01000-79c8ed601000 rw-p 00000000 00:00 0 
79c8ed800000-79c8efae6000 r-xp 00000000 103:05 39063740                  /usr/lib/x86_64-linux-gnu/libcublasLt.so.10.1.0.105
79c8efae6000-79c8efce6000 ---p 022e6000 103:05 39063740                  /usr/lib/x86_64-linux-gnu/libcublasLt.so.10.1.0.105
79c8efce6000-79c8efd58000 rw-p 022e6000 103:05 39063740                  /usr/lib/x86_64-linux-gnu/libcublasLt.so.10.1.0.105
79c8efd58000-79c8efd60000 rw-p 00000000 00:00 0 
79c8efebe000-79c8f0021000 rw-p 00000000 00:00 0 
79c8f0021000-79c8f4000000 ---p 00000000 00:00 0 
79c8f4000000-79c8f4021000 rw-p 00000000 00:00 0 
79c8f4021000-79c8f8000000 ---p 00000000 00:00 0 
79c8f8068000-79c8f8268000 rw-s 00000000 00:01 10286                      /dev/zero (deleted)
79c8f8268000-79c8f8400000 rw-p 00000000 00:00 0 
79c8f8400000-79c8f849d000 r--p 00000000 103:05 39063721                  /usr/lib/x86_64-linux-gnu/libstdc++.so.6.0.33
79c8f849d000-79c8f85dd000 r-xp 0009d000 103:05 39063721                  /usr/lib/x86_64-linux-gnu/libstdc++.so.6.0.33
79c8f85dd000-79c8f866b000 r--p 001dd000 103:05 39063721                  /usr/lib/x86_64-linux-gnu/libstdc++.so.6.0.33
79c8f866b000-79c8f8676000 r--p 0026b000 103:05 39063721                  /usr/lib/x86_64-linux-gnu/libstdc++.so.6.0.33
79c8f8676000-79c8f8679000 rw-p 00276000 103:05 39063721                  /usr/lib/x86_64-linux-gnu/libstdc++.so.6.0.33
79c8f8679000-79c8f867d000 rw-p 00000000 00:00 0 
79c8f867f000-79c8f8700000 rw-p 00000000 00:00 0 
79c8f8700000-79c8f8704000 ---p 00000000 00:00 0 
79c8f8704000-79c8f8800000 rw-p 00000000 00:00 0 
79c8f8800000-79c8f8804000 ---p 00000000 00:00 0 
79c8f8804000-79c8f8900000 rw-p 00000000 00:00 0 
79c8f8900000-79c8f8904000 ---p 00000000 00:00 0 
79c8f8904000-79c8f8a00000 rw-p 00000000 00:00 0 
79c8f8a00000-79c8f8a04000 ---p 00000000 00:00 0 
79c8f8a04000-79c8f8b00000 rw-p 00000000 00:00 0 
79c8f8b00000-79c8f8b04000 ---p 00000000 00:00 0 
79c8f8b04000-79c8f8c00000 rw-p 00000000 00:00 0 
79c8f8c00000-79c8f8c04000 ---p 00000000 00:00 0 
79c8f8c04000-79c8f8d00000 rw-p 00000000 00:00 0 
79c8f8d00000-79c8f8d04000 ---p 00000000 00:00 0 
79c8f8d04000-79c8f8e00000 rw-p 00000000 00:00 0 
79c8f8e00000-79c8f8e04000 ---p 00000000 00:00 0 
79c8f8e04000-79c8f8f00000 rw-p 00000000 00:00 0 
79c8f8f00000-79c8f8f04000 ---p 00000000 00:00 0 
79c8f8f04000-79c8f9000000 rw-p 00000000 00:00 0 
79c8f9000000-79c8f9004000 ---p 00000000 00:00 0 
79c8f9004000-79c8f9100000 rw-p 00000000 00:00 0 
79c8f9100000-79c8f9104000 ---p 00000000 00:00 0 
79c8f9104000-79c8f9200000 rw-p 00000000 00:00 0 
79c8f9200000-79c8f9204000 ---p 00000000 00:00 0 
79c8f9204000-79c8f9300000 rw-p 00000000 00:00 0 
79c8f9300000-79c8f9304000 ---p 00000000 00:00 0 
79c8f9304000-79c8f9400000 rw-p 00000000 00:00 0 
79c8f9400000-79c8f9404000 ---p 00000000 00:00 0 
79c8f9404000-79c8f9500000 rw-p 00000000 00:00 0 
79c8f9500000-79c8f9504000 ---p 00000000 00:00 0 
79c8f9504000-79c8f9600000 rw-p 00000000 00:00 0 
79c8f9600000-79c8f9b75000 r--p 00000000 103:05 39061600                  /usr/lib/locale/locale-archive
79c8f9b7c000-79c8f9bfd000 rw-p 00000000 00:00 0 
79c8f9bfd000-79c8f9c01000 ---p 00000000 00:00 0 
79c8f9c01000-79c8f9cfd000 rw-p 00000000 00:00 0 
79c8f9cfd000-79c8f9cfe000 ---p 00000000 00:00 0 
79c8f9cfe000-79c8f9dfe000 rw-p 00000000 00:00 0 
79c8f9dfe000-79c8f9dff000 ---p 00000000 00:00 0 
79c8f9dff000-79c8f9eff000 rw-p 00000000 00:00 0 
79c8f9eff000-79c8f9f00000 ---p 00000000 00:00 0 
79c8f9f00000-79c8fa000000 rw-p 00000000 00:00 0 
79c8fa000000-79c8fc021000 rw-p 00000000 00:00 0 
79c8fc021000-79c900000000 ---p 00000000 00:00 0 
79c900011000-79c90001e000 r-xp 00000000 103:05 39860315                  /usr/lib/jvm/jdk-22.0.2-oracle-x64/lib/libverify.so
79c90001e000-79c900020000 r--p 0000c000 103:05 39860315                  /usr/lib/jvm/jdk-22.0.2-oracle-x64/lib/libverify.so
79c900020000-79c900021000 rw-p 0000e000 103:05 39860315                  /usr/lib/jvm/jdk-22.0.2-oracle-x64/lib/libverify.so
79c900021000-79c900035000 r--p 00000000 103:05 26738754                  /tmp/libJCublas2-10.1.0-linux-x86_64.so
79c900035000-79c9000bd000 r-xp 00014000 103:05 26738754                  /tmp/libJCublas2-10.1.0-linux-x86_64.so
79c9000bd000-79c9000ea000 r--p 0009c000 103:05 26738754                  /tmp/libJCublas2-10.1.0-linux-x86_64.so
79c9000ea000-79c9000eb000 ---p 000c9000 103:05 26738754                  /tmp/libJCublas2-10.1.0-linux-x86_64.so
79c9000eb000-79c9000ee000 r--p 000c9000 103:05 26738754                  /tmp/libJCublas2-10.1.0-linux-x86_64.so
79c9000ee000-79c9000ef000 rw-p 000cc000 103:05 26738754                  /tmp/libJCublas2-10.1.0-linux-x86_64.so
79c9000ef000-79c9000f1000 rw-p 00000000 00:00 0 
79c9000f1000-79c9000f2000 ---p 00000000 00:00 0 
79c9000f2000-79c9001f2000 rw-p 00000000 00:00 0 
79c9001f2000-79c900eff000 rw-p 00000000 00:00 0 
79c900eff000-79c900f00000 ---p 00000000 00:00 0 
79c900f00000-79c901000000 rw-p 00000000 00:00 0 
79c901000000-79c9017b0000 rw-p 00000000 00:00 0 
79c9017b0000-79c908a50000 ---p 00000000 00:00 0 
79c908a50000-79c908a60000 rw-p 00000000 00:00 0 
79c908a60000-79c908a72000 r--p 00000000 103:05 26738753                  /tmp/libJCudaRuntime-10.1.0-linux-x86_64.so
79c908a72000-79c908ada000 r-xp 00012000 103:05 26738753                  /tmp/libJCudaRuntime-10.1.0-linux-x86_64.so
79c908ada000-79c908af7000 r--p 0007a000 103:05 26738753                  /tmp/libJCudaRuntime-10.1.0-linux-x86_64.so
79c908af7000-79c908af8000 ---p 00097000 103:05 26738753                  /tmp/libJCudaRuntime-10.1.0-linux-x86_64.so
79c908af8000-79c908afc000 r--p 00097000 103:05 26738753                  /tmp/libJCudaRuntime-10.1.0-linux-x86_64.so
79c908afc000-79c908afd000 rw-p 0009b000 103:05 26738753                  /tmp/libJCudaRuntime-10.1.0-linux-x86_64.so
79c908afd000-79c908aff000 rw-p 00000000 00:00 0 
79c908aff000-79c908b00000 ---p 00000000 00:00 0 
79c908b00000-79c908c00000 rw-p 00000000 00:00 0 
79c908c00000-79c908e70000 rwxp 00000000 00:00 0 
79c908e70000-79c91005f000 ---p 00000000 00:00 0 
79c91005f000-79c91037f000 rwxp 00000000 00:00 0 
79c91037f000-79c9107a0000 ---p 00000000 00:00 0 
79c9107a0000-79c910a10000 rwxp 00000000 00:00 0 
79c910a10000-79c917c00000 ---p 00000000 00:00 0 
79c917c00000-79c91ffbb000 r--s 00000000 103:05 39860317                  /usr/lib/jvm/jdk-22.0.2-oracle-x64/lib/modules
79c91ffbf000-79c923ffb000 rw-p 00000000 00:00 0 
79c923ffb000-79c924000000 ---p 00000000 00:00 0 
79c924002000-79c924006000 r--p 00000000 103:05 39063720                  /usr/lib/x86_64-linux-gnu/libgcc_s.so.1
79c924006000-79c924029000 r-xp 00004000 103:05 39063720                  /usr/lib/x86_64-linux-gnu/libgcc_s.so.1
79c924029000-79c92402d000 r--p 00027000 103:05 39063720                  /usr/lib/x86_64-linux-gnu/libgcc_s.so.1
79c92402d000-79c92402e000 r--p 0002b000 103:05 39063720                  /usr/lib/x86_64-linux-gnu/libgcc_s.so.1
79c92402e000-79c92402f000 rw-p 0002c000 103:05 39063720                  /usr/lib/x86_64-linux-gnu/libgcc_s.so.1
79c92402f000-79c9240fd000 r-xp 00000000 103:05 39860299                  /usr/lib/jvm/jdk-22.0.2-oracle-x64/lib/libjsvml.so
79c9240fd000-79c9240fe000 r--p 000cd000 103:05 39860299                  /usr/lib/jvm/jdk-22.0.2-oracle-x64/lib/libjsvml.so
79c9240fe000-79c9240ff000 rw-p 000ce000 103:05 39860299                  /usr/lib/jvm/jdk-22.0.2-oracle-x64/lib/libjsvml.so
79c9240ff000-79c924100000 ---p 00000000 00:00 0 
79c924100000-79c924200000 rw-p 00000000 00:00 0 
79c924200000-79c9242f6000 rw-p 00000000 00:00 0 
79c9242f6000-79c92514a000 ---p 00000000 00:00 0 
79c92514a000-79c92514c000 rw-p 00000000 00:00 0 
79c925157000-79c925167000 -w-s 00000000 00:05 1129                       /dev/nvidia0
79c925167000-79c92516e000 r-xp 00000000 103:05 39860316                  /usr/lib/jvm/jdk-22.0.2-oracle-x64/lib/libzip.so
79c92516e000-79c92516f000 ---p 00007000 103:05 39860316                  /usr/lib/jvm/jdk-22.0.2-oracle-x64/lib/libzip.so
79c92516f000-79c925170000 r--p 00007000 103:05 39860316                  /usr/lib/jvm/jdk-22.0.2-oracle-x64/lib/libzip.so
79c925170000-79c925171000 rw-p 00008000 103:05 39860316                  /usr/lib/jvm/jdk-22.0.2-oracle-x64/lib/libzip.so
79c925171000-79c925176000 r-xp 00000000 103:05 39860283                  /usr/lib/jvm/jdk-22.0.2-oracle-x64/lib/libdt_socket.so
79c925176000-79c925177000 r--p 00004000 103:05 39860283                  /usr/lib/jvm/jdk-22.0.2-oracle-x64/lib/libdt_socket.so
79c925177000-79c925178000 rw-p 00005000 103:05 39860283                  /usr/lib/jvm/jdk-22.0.2-oracle-x64/lib/libdt_socket.so
79c925178000-79c92517f000 r--s 00000000 103:05 39070655                  /usr/lib/x86_64-linux-gnu/gconv/gconv-modules.cache
79c92517f000-79c9252f6000 rw-p 00000000 00:00 0 
79c9252f6000-79c92614a000 ---p 00000000 00:00 0 
79c92614a000-79c92614c000 rw-p 00000000 00:00 0 
79c92614d000-79c927033000 rw-p 00000000 00:00 0 
79c927033000-79c927117000 ---p 00000000 00:00 0 
79c927117000-79c92711c000 rw-p 00000000 00:00 0 
79c92711c000-79c927200000 ---p 00000000 00:00 0 
79c927200000-79c928540000 r-xp 00000000 103:05 39860329                  /usr/lib/jvm/jdk-22.0.2-oracle-x64/lib/server/libjvm.so
79c928540000-79c928541000 ---p 01340000 103:05 39860329                  /usr/lib/jvm/jdk-22.0.2-oracle-x64/lib/server/libjvm.so
79c928541000-79c92860e000 r--p 01340000 103:05 39860329                  /usr/lib/jvm/jdk-22.0.2-oracle-x64/lib/server/libjvm.so
79c92860e000-79c92863c000 rw-p 0140d000 103:05 39860329                  /usr/lib/jvm/jdk-22.0.2-oracle-x64/lib/server/libjvm.so
79c92863c000-79c9286b2000 rw-p 00000000 00:00 0 
79c9286b8000-79c9286c3000 r-xp 00000000 103:05 39860306                  /usr/lib/jvm/jdk-22.0.2-oracle-x64/lib/libnet.so
79c9286c3000-79c9286c4000 ---p 0000b000 103:05 39860306                  /usr/lib/jvm/jdk-22.0.2-oracle-x64/lib/libnet.so
79c9286c4000-79c9286c5000 r--p 0000b000 103:05 39860306                  /usr/lib/jvm/jdk-22.0.2-oracle-x64/lib/libnet.so
79c9286c5000-79c9286c6000 rw-p 0000c000 103:05 39860306                  /usr/lib/jvm/jdk-22.0.2-oracle-x64/lib/libnet.so
79c9286c6000-79c9286d9000 r-xp 00000000 103:05 39860307                  /usr/lib/jvm/jdk-22.0.2-oracle-x64/lib/libnio.so
79c9286d9000-79c9286da000 ---p 00013000 103:05 39860307                  /usr/lib/jvm/jdk-22.0.2-oracle-x64/lib/libnio.so
79c9286da000-79c9286db000 r--p 00013000 103:05 39860307                  /usr/lib/jvm/jdk-22.0.2-oracle-x64/lib/libnio.so
79c9286db000-79c9286dc000 rw-p 00014000 103:05 39860307                  /usr/lib/jvm/jdk-22.0.2-oracle-x64/lib/libnio.so
79c9286dc000-79c9286fc000 r-xp 00000000 103:05 39860291                  /usr/lib/jvm/jdk-22.0.2-oracle-x64/lib/libjava.so
79c9286fc000-79c9286fd000 ---p 00020000 103:05 39860291                  /usr/lib/jvm/jdk-22.0.2-oracle-x64/lib/libjava.so
79c9286fd000-79c9286fe000 r--p 00020000 103:05 39860291                  /usr/lib/jvm/jdk-22.0.2-oracle-x64/lib/libjava.so
79c9286fe000-79c9286ff000 rw-p 00021000 103:05 39860291                  /usr/lib/jvm/jdk-22.0.2-oracle-x64/lib/libjava.so
79c9286ff000-79c928700000 rw-p 00000000 00:00 0 
79c928700000-79c928704000 ---p 00000000 00:00 0 
79c928704000-79c928800000 rw-p 00000000 00:00 0 
79c928800000-79c928828000 r--p 00000000 103:05 39070666                  /usr/lib/x86_64-linux-gnu/libc.so.6
79c928828000-79c9289b0000 r-xp 00028000 103:05 39070666                  /usr/lib/x86_64-linux-gnu/libc.so.6
79c9289b0000-79c9289ff000 r--p 001b0000 103:05 39070666                  /usr/lib/x86_64-linux-gnu/libc.so.6
79c9289ff000-79c928a03000 r--p 001fe000 103:05 39070666                  /usr/lib/x86_64-linux-gnu/libc.so.6
79c928a03000-79c928a05000 rw-p 00202000 103:05 39070666                  /usr/lib/x86_64-linux-gnu/libc.so.6
79c928a05000-79c928a12000 rw-p 00000000 00:00 0 
79c928a15000-79c928a55000 r-xp 00000000 103:05 39860294                  /usr/lib/jvm/jdk-22.0.2-oracle-x64/lib/libjdwp.so
79c928a55000-79c928a56000 r--p 0003f000 103:05 39860294                  /usr/lib/jvm/jdk-22.0.2-oracle-x64/lib/libjdwp.so
79c928a56000-79c928a57000 rw-p 00040000 103:05 39860294                  /usr/lib/jvm/jdk-22.0.2-oracle-x64/lib/libjdwp.so
79c928a57000-79c928a58000 rw-p 00000000 00:00 0 
79c928a58000-79c928a76000 r-xp 00000000 103:05 39860295                  /usr/lib/jvm/jdk-22.0.2-oracle-x64/lib/libjimage.so
79c928a76000-79c928a78000 r--p 0001d000 103:05 39860295                  /usr/lib/jvm/jdk-22.0.2-oracle-x64/lib/libjimage.so
79c928a78000-79c928a79000 rw-p 0001f000 103:05 39860295                  /usr/lib/jvm/jdk-22.0.2-oracle-x64/lib/libjimage.so
79c928a79000-79c928a89000 r--p 00000000 103:05 39070669                  /usr/lib/x86_64-linux-gnu/libm.so.6
79c928a89000-79c928b08000 r-xp 00010000 103:05 39070669                  /usr/lib/x86_64-linux-gnu/libm.so.6
79c928b08000-79c928b60000 r--p 0008f000 103:05 39070669                  /usr/lib/x86_64-linux-gnu/libm.so.6
79c928b60000-79c928b61000 r--p 000e7000 103:05 39070669                  /usr/lib/x86_64-linux-gnu/libm.so.6
79c928b61000-79c928b62000 rw-p 000e8000 103:05 39070669                  /usr/lib/x86_64-linux-gnu/libm.so.6
79c928b62000-79c928b63000 r--p 00000000 103:05 39070680                  /usr/lib/x86_64-linux-gnu/librt.so.1
79c928b63000-79c928b64000 r-xp 00001000 103:05 39070680                  /usr/lib/x86_64-linux-gnu/librt.so.1
79c928b64000-79c928b65000 r--p 00002000 103:05 39070680                  /usr/lib/x86_64-linux-gnu/librt.so.1
79c928b65000-79c928b66000 r--p 00002000 103:05 39070680                  /usr/lib/x86_64-linux-gnu/librt.so.1
79c928b66000-79c928b67000 rw-p 00003000 103:05 39070680                  /usr/lib/x86_64-linux-gnu/librt.so.1
79c928b67000-79c928b6b000 rw-p 00000000 00:00 0 
79c928b6b000-79c928b6c000 r--p 00000000 103:05 39070668                  /usr/lib/x86_64-linux-gnu/libdl.so.2
79c928b6c000-79c928b6d000 r-xp 00001000 103:05 39070668                  /usr/lib/x86_64-linux-gnu/libdl.so.2
79c928b6d000-79c928b6e000 r--p 00002000 103:05 39070668                  /usr/lib/x86_64-linux-gnu/libdl.so.2
79c928b6e000-79c928b6f000 r--p 00002000 103:05 39070668                  /usr/lib/x86_64-linux-gnu/libdl.so.2
79c928b6f000-79c928b70000 rw-p 00003000 103:05 39070668                  /usr/lib/x86_64-linux-gnu/libdl.so.2
79c928b70000-79c928b71000 r--p 00000000 103:05 39070678                  /usr/lib/x86_64-linux-gnu/libpthread.so.0
79c928b71000-79c928b72000 r-xp 00001000 103:05 39070678                  /usr/lib/x86_64-linux-gnu/libpthread.so.0
79c928b72000-79c928b73000 r--p 00002000 103:05 39070678                  /usr/lib/x86_64-linux-gnu/libpthread.so.0
79c928b73000-79c928b74000 r--p 00002000 103:05 39070678                  /usr/lib/x86_64-linux-gnu/libpthread.so.0
79c928b74000-79c928b75000 rw-p 00003000 103:05 39070678                  /usr/lib/x86_64-linux-gnu/libpthread.so.0
79c928b75000-79c928b83000 r-xp 00000000 103:05 39860296                  /usr/lib/jvm/jdk-22.0.2-oracle-x64/lib/libjli.so
79c928b83000-79c928b84000 r--p 0000e000 103:05 39860296                  /usr/lib/jvm/jdk-22.0.2-oracle-x64/lib/libjli.so
79c928b84000-79c928b85000 rw-p 0000f000 103:05 39860296                  /usr/lib/jvm/jdk-22.0.2-oracle-x64/lib/libjli.so
79c928b85000-79c928b87000 r--p 00000000 103:05 39063281                  /usr/lib/x86_64-linux-gnu/libz.so.1.3
79c928b87000-79c928b99000 r-xp 00002000 103:05 39063281                  /usr/lib/x86_64-linux-gnu/libz.so.1.3
79c928b99000-79c928b9f000 r--p 00014000 103:05 39063281                  /usr/lib/x86_64-linux-gnu/libz.so.1.3
79c928b9f000-79c928ba0000 r--p 0001a000 103:05 39063281                  /usr/lib/x86_64-linux-gnu/libz.so.1.3
79c928ba0000-79c928ba1000 rw-p 0001b000 103:05 39063281                  /usr/lib/x86_64-linux-gnu/libz.so.1.3
79c928ba2000-79c928ba9000 rw-p 00000000 00:00 0 
79c928ba9000-79c928bb1000 ---p 00000000 00:00 0 
79c928bb1000-79c928bb9000 rw-s 00000000 103:05 26739214                  /tmp/hsperfdata_edov/7801
79c928bb9000-79c928bba000 ---p 00000000 00:00 0 
79c928bba000-79c928bbb000 r--p 00000000 00:00 0 
79c928bbb000-79c928bbc000 ---p 00000000 00:00 0 
79c928bbc000-79c928bbe000 rw-p 00000000 00:00 0 
79c928bbe000-79c928bbf000 r--p 00000000 103:05 39070663                  /usr/lib/x86_64-linux-gnu/ld-linux-x86-64.so.2
79c928bbf000-79c928bea000 r-xp 00001000 103:05 39070663                  /usr/lib/x86_64-linux-gnu/ld-linux-x86-64.so.2
79c928bea000-79c928bf4000 r--p 0002c000 103:05 39070663                  /usr/lib/x86_64-linux-gnu/ld-linux-x86-64.so.2
79c928bf4000-79c928bf6000 r--p 00036000 103:05 39070663                  /usr/lib/x86_64-linux-gnu/ld-linux-x86-64.so.2
79c928bf6000-79c928bf8000 rw-p 00038000 103:05 39070663                  /usr/lib/x86_64-linux-gnu/ld-linux-x86-64.so.2
7ffc46a14000-7ffc46a37000 rw-p 00000000 00:00 0                          [stack]
7ffc46b23000-7ffc46b27000 r--p 00000000 00:00 0                          [vvar]
7ffc46b27000-7ffc46b29000 r-xp 00000000 00:00 0                          [vdso]
ffffffffff600000-ffffffffff601000 --xp 00000000 00:00 0                  [vsyscall]
Total number of mappings: 333


VM Arguments:
jvm_args: -Dfile.encoding=UTF-8 -agentlib:jdwp=transport=dt_socket,address=localhost:34603 --module-path=/home/edov/projects/JCudaWrapper/build/classes 
java_command: main.VectorTest
java_class_path (initial): /home/edov/projects/JCudaWrapper/JCuda-All-10.1.0/jcublas-10.1.0-javadoc.jar:/home/edov/projects/JCudaWrapper/JCuda-All-10.1.0/jcublas-10.1.0-sources.jar:/home/edov/projects/JCudaWrapper/JCuda-All-10.1.0/jcublas-10.1.0.jar:/home/edov/projects/JCudaWrapper/JCuda-All-10.1.0/jcublas-natives-10.1.0-apple-x86_64.jar:/home/edov/projects/JCudaWrapper/JCuda-All-10.1.0/jcublas-natives-10.1.0-javadoc.jar:/home/edov/projects/JCudaWrapper/JCuda-All-10.1.0/jcublas-natives-10.1.0-linux-x86_64.jar:/home/edov/projects/JCudaWrapper/JCuda-All-10.1.0/jcublas-natives-10.1.0-sources.jar:/home/edov/projects/JCudaWrapper/JCuda-All-10.1.0/jcublas-natives-10.1.0-windows-x86_64.jar:/home/edov/projects/JCudaWrapper/JCuda-All-10.1.0/jcublas-natives-10.1.0.jar:/home/edov/projects/JCudaWrapper/JCuda-All-10.1.0/jcuda-10.1.0-javadoc.jar:/home/edov/projects/JCudaWrapper/JCuda-All-10.1.0/jcuda-10.1.0-sources.jar:/home/edov/projects/JCudaWrapper/JCuda-All-10.1.0/jcuda-10.1.0.jar:/home/edov/projects/JCudaWrapper/JCuda-All-10.1.0/jcuda-common-10.1.0-javadoc.jar:/home/edov/projects/JCudaWrapper/JCuda-All-10.1.0/jcuda-common-10.1.0-sources.jar:/home/edov/projects/JCudaWrapper/JCuda-All-10.1.0/jcuda-common-10.1.0.jar:/home/edov/projects/JCudaWrapper/JCuda-All-10.1.0/jcuda-natives-10.1.0-apple-x86_64.jar:/home/edov/projects/JCudaWrapper/JCuda-All-10.1.0/jcuda-natives-10.1.0-javadoc.jar:/home/edov/projects/JCudaWrapper/JCuda-All-10.1.0/jcuda-natives-10.1.0-linux-x86_64.jar:/home/edov/projects/JCudaWrapper/JCuda-All-10.1.0/jcuda-natives-10.1.0-sources.jar:/home/edov/projects/JCudaWrapper/JCuda-All-10.1.0/jcuda-natives-10.1.0-windows-x86_64.jar:/home/edov/projects/JCudaWrapper/JCuda-All-10.1.0/jcuda-natives-10.1.0.jar:/home/edov/projects/JCudaWrapper/JCuda-All-10.1.0/jcudnn-10.1.0-javadoc.jar:/home/edov/projects/JCudaWrapper/JCuda-All-10.1.0/jcudnn-10.1.0-sources.jar:/home/edov/projects/JCudaWrapper/JCuda-All-10.1.0/jcudnn-10.1.0.jar:/home/edov/projects/JCudaWrapper/JCuda-All-10.1.0/jcudnn-natives-10.1.0-apple-x86_64.jar:/home/edov/projects/JCudaWrapper/JCuda-All-10.1.0/jcudnn-natives-10.1.0-javadoc.jar:/home/edov/projects/JCudaWrapper/JCuda-All-10.1.0/jcudnn-natives-10.1.0-linux-x86_64.jar:/home/edov/projects/JCudaWrapper/JCuda-All-10.1.0/jcudnn-natives-10.1.0-sources.jar:/home/edov/projects/JCudaWrapper/JCuda-All-10.1.0/jcudnn-natives-10.1.0-windows-x86_64.jar:/home/edov/projects/JCudaWrapper/JCuda-All-10.1.0/jcudnn-natives-10.1.0.jar:/home/edov/projects/JCudaWrapper/JCuda-All-10.1.0/jcufft-10.1.0-javadoc.jar:/home/edov/projects/JCudaWrapper/JCuda-All-10.1.0/jcufft-10.1.0-sources.jar:/home/edov/projects/JCudaWrapper/JCuda-All-10.1.0/jcufft-10.1.0.jar:/home/edov/projects/JCudaWrapper/JCuda-All-10.1.0/jcufft-natives-10.1.0-apple-x86_64.jar:/home/edov/projects/JCudaWrapper/JCuda-All-10.1.0/jcufft-natives-10.1.0-javadoc.jar:/home/edov/projects/JCudaWrapper/JCuda-All-10.1.0/jcufft-natives-10.1.0-linux-x86_64.jar:/home/edov/projects/JCudaWrapper/JCuda-All-10.1.0/jcufft-natives-10.1.0-sources.jar:/home/edov/projects/JCudaWrapper/JCuda-All-10.1.0/jcufft-natives-10.1.0-windows-x86_64.jar:/home/edov/projects/JCudaWrapper/JCuda-All-10.1.0/jcufft-natives-10.1.0.jar:/home/edov/projects/JCudaWrapper/JCuda-All-10.1.0/jcurand-10.1.0-javadoc.jar:/home/edov/projects/JCudaWrapper/JCuda-All-10.1.0/jcurand-10.1.0-sources.jar:/home/edov/projects/JCudaWrapper/JCuda-All-10.1.0/jcurand-10.1.0.jar:/home/edov/projects/JCudaWrapper/JCuda-All-10.1.0/jcurand-natives-10.1.0-apple-x86_64.jar:/home/edov/projects/JCudaWrapper/JCuda-All-10.1.0/jcurand-natives-10.1.0-javadoc.jar:/home/edov/projects/JCudaWrapper/JCuda-All-10.1.0/jcurand-natives-10.1.0-linux-x86_64.jar:/home/edov/projects/JCudaWrapper/JCuda-All-10.1.0/jcurand-natives-10.1.0-sources.jar:/home/edov/projects/JCudaWrapper/JCuda-All-10.1.0/jcurand-natives-10.1.0-windows-x86_64.jar:/home/edov/projects/JCudaWrapper/JCuda-All-10.1.0/jcurand-natives-10.1.0.jar:/home/edov/projects/JCudaWrapper/JCuda-All-10.1.0/jcusolver-10.1.0-javadoc.jar:/home/edov/projects/JCudaWrapper/JCuda-All-10.1.0/jcusolver-10.1.0-sources.jar:/home/edov/projects/JCudaWrapper/JCuda-All-10.1.0/jcusolver-10.1.0.jar:/home/edov/projects/JCudaWrapper/JCuda-All-10.1.0/jcusolver-natives-10.1.0-apple-x86_64.jar:/home/edov/projects/JCudaWrapper/JCuda-All-10.1.0/jcusolver-natives-10.1.0-javadoc.jar:/home/edov/projects/JCudaWrapper/JCuda-All-10.1.0/jcusolver-natives-10.1.0-linux-x86_64.jar:/home/edov/projects/JCudaWrapper/JCuda-All-10.1.0/jcusolver-natives-10.1.0-sources.jar:/home/edov/projects/JCudaWrapper/JCuda-All-10.1.0/jcusolver-natives-10.1.0-windows-x86_64.jar:/home/edov/projects/JCudaWrapper/JCuda-All-10.1.0/jcusolver-natives-10.1.0.jar:/home/edov/projects/JCudaWrapper/JCuda-All-10.1.0/jcusparse-10.1.0-javadoc.jar:/home/edov/projects/JCudaWrapper/JCuda-All-10.1.0/jcusparse-10.1.0-sources.jar:/home/edov/projects/JCudaWrapper/JCuda-All-10.1.0/jcusparse-10.1.0.jar:/home/edov/projects/JCudaWrapper/JCuda-All-10.1.0/jcusparse-natives-10.1.0-apple-x86_64.jar:/home/edov/projects/JCudaWrapper/JCuda-All-10.1.0/jcusparse-natives-10.1.0-javadoc.jar:/home/edov/projects/JCudaWrapper/JCuda-All-10.1.0/jcusparse-natives-10.1.0-linux-x86_64.jar:/home/edov/projects/JCudaWrapper/JCuda-All-10.1.0/jcusparse-natives-10.1.0-sources.jar:/home/edov/projects/JCudaWrapper/JCuda-All-10.1.0/jcusparse-natives-10.1.0-windows-x86_64.jar:/home/edov/projects/JCudaWrapper/JCuda-All-10.1.0/jcusparse-natives-10.1.0.jar:/home/edov/projects/JCudaWrapper/JCuda-All-10.1.0/jnvgraph-10.1.0-javadoc.jar:/home/edov/projects/JCudaWrapper/JCuda-All-10.1.0/jnvgraph-10.1.0-sources.jar:/home/edov/projects/JCudaWrapper/JCuda-All-10.1.0/jnvgraph-10.1.0.jar:/home/edov/projects/JCudaWrapper/JCuda-All-10.1.0/jnvgraph-natives-10.1.0-apple-x86_64.jar:/home/edov/projects/JCudaWrapper/JCuda-All-10.1.0/jnvgraph-natives-10.1.0-javadoc.jar:/home/edov/projects/JCudaWrapper/JCuda-All-10.1.0/jnvgraph-natives-10.1.0-linux-x86_64.jar:/home/edov/projects/JCudaWrapper/JCuda-All-10.1.0/jnvgraph-natives-10.1.0-sources.jar:/home/edov/projects/JCudaWrapper/JCuda-All-10.1.0/jnvgraph-natives-10.1.0-windows-x86_64.jar:/home/edov/projects/JCudaWrapper/JCuda-All-10.1.0/jnvgraph-natives-10.1.0.jar:/home/edov/projects/JCudaWrapper/commons-math3-3.6.1.jar:/home/edov/projects/JCudaWrapper/build/classes
Launcher Type: SUN_STANDARD

[Global flags]
     intx CICompilerCount                          = 12                                        {product} {ergonomic}
     uint ConcGCThreads                            = 3                                         {product} {ergonomic}
     uint G1ConcRefinementThreads                  = 13                                        {product} {ergonomic}
   size_t G1HeapRegionSize                         = 4194304                                   {product} {ergonomic}
   size_t InitialHeapSize                          = 515899392                                 {product} {ergonomic}
   size_t MarkStackSize                            = 4194304                                   {product} {ergonomic}
   size_t MaxHeapSize                              = 8212447232                                {product} {ergonomic}
   size_t MaxNewSize                               = 4924112896                                {product} {ergonomic}
   size_t MinHeapDeltaBytes                        = 4194304                                   {product} {ergonomic}
   size_t MinHeapSize                              = 8388608                                   {product} {ergonomic}
    uintx NonNMethodCodeHeapSize                   = 7602480                                {pd product} {ergonomic}
    uintx NonProfiledCodeHeapSize                  = 122027880                              {pd product} {ergonomic}
    uintx ProfiledCodeHeapSize                     = 122027880                              {pd product} {ergonomic}
    uintx ReservedCodeCacheSize                    = 251658240                              {pd product} {ergonomic}
     bool SegmentedCodeCache                       = true                                      {product} {ergonomic}
   size_t SoftMaxHeapSize                          = 8212447232                             {manageable} {ergonomic}
     bool UseCompressedOops                        = true                           {product lp64_product} {ergonomic}
     bool UseG1GC                                  = true                                      {product} {ergonomic}

Logging:
Log output configuration:
 #0: stdout all=warning uptime,level,tags foldmultilines=false
 #1: stderr all=off uptime,level,tags foldmultilines=false

Environment Variables:
PATH=/usr/local/sbin:/usr/local/bin:/usr/sbin:/usr/bin:/sbin:/bin:/usr/games:/usr/local/games:/snap/bin:/snap/bin
USERNAME=edov
SHELL=/bin/bash
DISPLAY=:1
LANG=en_IL

Active Locale:
LC_ALL=en_IL
LC_COLLATE=en_IL
LC_CTYPE=en_IL
LC_MESSAGES=en_IL
LC_MONETARY=en_IL
LC_NUMERIC=en_IL
LC_TIME=en_IL

Signal Handlers:
   SIGSEGV: crash_handler in libjvm.so, mask=11100100010111111101111111111110, flags=SA_RESTART|SA_SIGINFO, unblocked
    SIGBUS: crash_handler in libjvm.so, mask=11100100010111111101111111111110, flags=SA_RESTART|SA_SIGINFO, unblocked
    SIGFPE: crash_handler in libjvm.so, mask=11100100010111111101111111111110, flags=SA_RESTART|SA_SIGINFO, unblocked
   SIGPIPE: javaSignalHandler in libjvm.so, mask=11100100010111111101111111111110, flags=SA_RESTART|SA_SIGINFO, blocked
   SIGXFSZ: javaSignalHandler in libjvm.so, mask=11100100010111111101111111111110, flags=SA_RESTART|SA_SIGINFO, blocked
    SIGILL: crash_handler in libjvm.so, mask=11100100010111111101111111111110, flags=SA_RESTART|SA_SIGINFO, unblocked
   SIGUSR2: SR_handler in libjvm.so, mask=00000000000000000000000000000000, flags=SA_RESTART|SA_SIGINFO, blocked
    SIGHUP: UserHandler in libjvm.so, mask=11100100010111111101111111111110, flags=SA_RESTART|SA_SIGINFO, blocked
    SIGINT: SIG_IGN, mask=00000000000000000000000000000000, flags=none, blocked
   SIGTERM: UserHandler in libjvm.so, mask=11100100010111111101111111111110, flags=SA_RESTART|SA_SIGINFO, blocked
   SIGQUIT: UserHandler in libjvm.so, mask=11100100010111111101111111111110, flags=SA_RESTART|SA_SIGINFO, blocked
   SIGTRAP: crash_handler in libjvm.so, mask=11100100010111111101111111111110, flags=SA_RESTART|SA_SIGINFO, unblocked


Periodic native trim disabled

---------------  S Y S T E M  ---------------

OS:
DISTRIB_ID=Ubuntu
DISTRIB_RELEASE=24.04
DISTRIB_CODENAME=noble
DISTRIB_DESCRIPTION="Ubuntu 24.04.1 LTS"
uname: Linux 6.8.0-44-generic #44-Ubuntu SMP PREEMPT_DYNAMIC Tue Aug 13 13:35:26 UTC 2024 x86_64
OS uptime: 0 days 0:19 hours
libc: glibc 2.39 NPTL 2.39 
rlimit (soft/hard): STACK 8192k/infinity , CORE 0k/infinity , NPROC 125013/125013 , NOFILE 1048576/1048576 , AS infinity/infinity , CPU infinity/infinity , DATA infinity/infinity , FSIZE infinity/infinity , MEMLOCK 4009332k/4009332k
load average: 4.41 2.20 1.07

/proc/meminfo:
MemTotal:       32074664 kB
MemFree:        21657468 kB
MemAvailable:   25278108 kB
Buffers:          179272 kB
Cached:          3800220 kB
SwapCached:            0 kB
Active:          6356656 kB
Inactive:        2365288 kB
Active(anon):    4845440 kB
Inactive(anon):        0 kB
Active(file):    1511216 kB
Inactive(file):  2365288 kB
Unevictable:          48 kB
Mlocked:              48 kB
SwapTotal:       2097148 kB
SwapFree:        2097148 kB
Zswap:                 0 kB
Zswapped:              0 kB
Dirty:               548 kB
Writeback:             0 kB
AnonPages:       4742744 kB
Mapped:           930860 kB
Shmem:            102964 kB
KReclaimable:     208616 kB
Slab:             508828 kB
SReclaimable:     208616 kB
SUnreclaim:       300212 kB
KernelStack:       24208 kB
PageTables:        59476 kB
SecPageTables:         0 kB
NFS_Unstable:          0 kB
Bounce:                0 kB
WritebackTmp:          0 kB
CommitLimit:    18134480 kB
Committed_AS:   29730772 kB
VmallocTotal:   34359738367 kB
VmallocUsed:      166652 kB
VmallocChunk:          0 kB
Percpu:            18752 kB
HardwareCorrupted:     0 kB
AnonHugePages:         0 kB
ShmemHugePages:        0 kB
ShmemPmdMapped:        0 kB
FileHugePages:         0 kB
FilePmdMapped:         0 kB
Unaccepted:            0 kB
HugePages_Total:       0
HugePages_Free:        0
HugePages_Rsvd:        0
HugePages_Surp:        0
Hugepagesize:       2048 kB
Hugetlb:               0 kB
DirectMap4k:     1427944 kB
DirectMap2M:    16650240 kB
DirectMap1G:    15728640 kB

/sys/kernel/mm/transparent_hugepage/enabled: always [madvise] never
/sys/kernel/mm/transparent_hugepage/hpage_pmd_size: 2097152
/sys/kernel/mm/transparent_hugepage/shmem_enabled: always within_size advise [never] deny force
/sys/kernel/mm/transparent_hugepage/defrag (defrag/compaction efforts parameter): always defer defer+madvise [madvise] never

Process Memory:
Virtual Size: 16776468K (peak: 16841940K)
Resident Set Size: 353820K (peak: 353820K) (anon: 194812K, file: 150816K, shmem: 8192K)
Swapped out: 0K
C-Heap outstanding allocations: 261599K, retained: 9572K
glibc malloc tunables: (default)

/proc/sys/kernel/threads-max (system-wide limit on the number of threads): 250027
/proc/sys/vm/max_map_count (maximum number of memory map areas a process may have): 1048576
/proc/sys/vm/swappiness (control to define how aggressively the kernel swaps out anonymous memory): 60
/proc/sys/kernel/pid_max (system-wide limit on number of process identifiers): 4194304

container (cgroup) information:
container_type: cgroupv2
cpu_cpuset_cpus: not supported
cpu_memory_nodes: not supported
active_processor_count: 16
cpu_quota: not supported
cpu_period: not supported
cpu_shares: not supported
memory_limit_in_bytes: unlimited
memory_and_swap_limit_in_bytes: unlimited
memory_soft_limit_in_bytes: unlimited
memory_usage_in_bytes: 2737548 k
memory_max_usage_in_bytes: not supported
memory_swap_current_in_bytes: unlimited
memory_swap_max_limit_in_bytes: unlimited
maximum number of tasks: 37504
current number of tasks: 100

Steal ticks since vm start: 0
Steal ticks percentage since vm start:  0.000

CPU: total 16 (initial active 16) (16 cores per cpu, 2 threads per core) family 25 model 68 stepping 1 microcode 0xa404101, cx8, cmov, fxsr, ht, mmx, 3dnowpref, sse, sse2, sse3, ssse3, sse4a, sse4.1, sse4.2, popcnt, lzcnt, tsc, tscinvbit, avx, avx2, aes, clmul, bmi1, bmi2, adx, sha, fma, vzeroupper, clflush, clflushopt, rdtscp, rdpid, f16c, pku, ospke, cet_ss
CPU Model and flags from /proc/cpuinfo:
model name	: AMD Ryzen 9 6900HS with Radeon Graphics
flags		: fpu vme de pse tsc msr pae mce cx8 apic sep mtrr pge mca cmov pat pse36 clflush mmx fxsr sse sse2 ht syscall nx mmxext fxsr_opt pdpe1gb rdtscp lm constant_tsc rep_good nopl nonstop_tsc cpuid extd_apicid aperfmperf rapl pni pclmulqdq monitor ssse3 fma cx16 sse4_1 sse4_2 x2apic movbe popcnt aes xsave avx f16c rdrand lahf_lm cmp_legacy svm extapic cr8_legacy abm sse4a misalignsse 3dnowprefetch osvw ibs skinit wdt tce topoext perfctr_core perfctr_nb bpext perfctr_llc mwaitx cpb cat_l3 cdp_l3 hw_pstate ssbd mba ibrs ibpb stibp vmmcall fsgsbase bmi1 avx2 smep bmi2 invpcid cqm rdt_a rdseed adx smap clflushopt clwb sha_ni xsaveopt xsavec xgetbv1 xsaves cqm_llc cqm_occup_llc cqm_mbm_total cqm_mbm_local user_shstk clzero irperf xsaveerptr rdpru wbnoinvd cppc arat npt lbrv svm_lock nrip_save tsc_scale vmcb_clean flushbyasid decodeassists pausefilter pfthreshold avic v_vmsave_vmload vgif v_spec_ctrl umip pku ospke vaes vpclmulqdq rdpid overflow_recov succor smca debug_swap

Online cpus: 0-15
Offline cpus: 
BIOS frequency limitation: <Not Available>
Frequency switch latency (ns): 0
Available cpu frequencies: <Not Available>
Current governor: powersave
Core performance/turbo boost: <Not Available>

Memory: 4k page, physical 32074664k(25278108k free), swap 2097148k(2097148k free)
Page Sizes: 4k

vm_info: Java HotSpot(TM) 64-Bit Server VM (22.0.2+9-70) for linux-amd64 JRE (22.0.2+9-70), built on 2024-06-04T16:52:23Z by "mach5one" with gcc 13.2.0

END.
