#
# A fatal error has been detected by the Java Runtime Environment:
#
#  SIGSEGV (0xb) at pc=0x00007f682f0d1bb8, pid=11588, tid=11592
#
# JRE version: Java(TM) SE Runtime Environment (22.0.2+9) (build 22.0.2+9-70)
# Java VM: Java HotSpot(TM) 64-Bit Server VM (22.0.2+9-70, mixed mode, sharing, tiered, compressed oops, compressed class ptrs, g1 gc, linux-amd64)
# Problematic frame:
# C  [libcublas.so.10+0xd1bb8]
#
# Core dump will be written. Default location: Core dumps may be processed with "/usr/share/apport/apport -p%p -s%s -c%c -d%d -P%P -u%u -g%g -- %E" (or dumping to /home/edov/projects/JCudaWrapper/core.11588)
#
# If you would like to submit a bug report, please visit:
#   https://bugreport.java.com/bugreport/crash.jsp
# The crash happened outside the Java Virtual Machine in native code.
# See problematic frame for where to report the bug.
#

---------------  S U M M A R Y ------------

Command Line: -Dfile.encoding=UTF-8 --module-path=/home/edov/projects/JCudaWrapper/build/classes storage.DArray

Host: AMD Ryzen 9 6900HS with Radeon Graphics, 16 cores, 30G, Ubuntu 24.04.1 LTS
Time: Tue Sep 17 08:58:56 2024 IDT elapsed time: 0.529062 seconds (0d 0h 0m 0s)

---------------  T H R E A D  ---------------

Current thread (0x00007f691002d4c0):  JavaThread "main"             [_thread_in_native, id=11592, stack(0x00007f6917d00000,0x00007f6917e00000) (1024K)]

Stack: [0x00007f6917d00000,0x00007f6917e00000],  sp=0x00007f6917dfe4e0,  free space=1017k
Native frames: (J=compiled Java code, j=interpreted, Vv=VM code, C=native code)
C  [libcublas.so.10+0xd1bb8]
Java frames: (J=compiled Java code, j=interpreted, Vv=VM code)
j  jcuda.jcublas.JCublas2.cublasDnrm2Native(Ljcuda/jcublas/cublasHandle;ILjcuda/Pointer;ILjcuda/Pointer;)I+0
j  jcuda.jcublas.JCublas2.cublasDnrm2(Ljcuda/jcublas/cublasHandle;ILjcuda/Pointer;ILjcuda/Pointer;)I+6
j  storage.DArray.norm(LprocessSupport/Handle;IILstorage/DSingleton;)Lstorage/DSingleton;+31
j  storage.DArray.main([Ljava/lang/String;)V+45
v  ~StubRoutines::call_stub 0x00007f690005fcc6

siginfo: si_signo: 11 (SIGSEGV), si_code: 2 (SEGV_ACCERR), si_addr: 0x00007f67e4e20800

Registers:
RAX=0x0000000000000000, RBX=0x0000000000000001, RCX=0x0000000000000001, RDX=0x0000000000000007
RSP=0x00007f6917dfe4e0, RBP=0x0000000000000002, RSI=0x0000000000000002, RDI=0x00007f67e02a55b0
R8 =0x00007f67e4e20800, R9 =0x0000000634c15ca0, R10=0x00007f682f004380, R11=0x00007f682f0cb5b0
R12=0x00007f67e02a55b0, R13=0x0000000000000001, R14=0x00007f67e4e20800, R15=0x00007f67e4e20600
RIP=0x00007f682f0d1bb8, EFLAGS=0x0000000000010202, CSGSFS=0x002b000000000033, ERR=0x0000000000000006
  TRAPNO=0x000000000000000e


Register to memory mapping:

RAX=0x0 is null
RBX=0x0000000000000001 is an unknown value
RCX=0x0000000000000001 is an unknown value
RDX=0x0000000000000007 is an unknown value
RSP=0x00007f6917dfe4e0 is pointing into the stack for thread: 0x00007f691002d4c0
RBP=0x0000000000000002 is an unknown value
RSI=0x0000000000000002 is an unknown value
RDI=0x00007f67e02a55b0 points into unknown readable memory: 0x7fffffff00000200 | 00 02 00 00 ff ff ff 7f
R8 =0x00007f67e4e20800 is an unknown value
R9 =0x0000000634c15ca0 is an oop: jcuda.driver.CUdeviceptr 
{0x0000000634c15ca0} - klass: 'jcuda/driver/CUdeviceptr'
 - ---- fields (total size 5 words):
 - private 'nativePointer' 'J' @16  140084198377472 (0x00007f67e4e20800)
 - private 'buffer' 'Ljava/nio/Buffer;' @12  null (0x00000000)
 - private 'byteOffset' 'J' @24  0 (0x0000000000000000)
 - private 'pointers' '[Ljcuda/NativePointerObject;' @32  null (0x00000000)
R10=0x00007f682f004380: <offset 0x0000000000004380> in /lib/x86_64-linux-gnu/libcublas.so.10 at 0x00007f682f000000
R11=0x00007f682f0cb5b0: cublasDnrm2_v2+0x0000000000000000 in /lib/x86_64-linux-gnu/libcublas.so.10 at 0x00007f682f000000
R12=0x00007f67e02a55b0 points into unknown readable memory: 0x7fffffff00000200 | 00 02 00 00 ff ff ff 7f
R13=0x0000000000000001 is an unknown value
R14=0x00007f67e4e20800 is an unknown value
R15=0x00007f67e4e20600 is an unknown value

Top of Stack: (sp=0x00007f6917dfe4e0)
0x00007f6917dfe4e0:   2020202020202020 0000000000000000
0x00007f6917dfe4f0:   0000000000000000 00007f67e4e20600
0x00007f6917dfe500:   0000000000000000 0000000000000000
0x00007f6917dfe510:   0000000000000000 0000000000000000
0x00007f6917dfe520:   0000000000000000 00007f69101381c0
0x00007f6917dfe530:   00007f6917dfe550 00007f6917499906
0x00007f6917dfe540:   00007f68ec118680 000000061002e050
0x00007f6917dfe550:   00007f6917dfe580 00007f69174d14d8
0x00007f6917dfe560:   00007f6910145460 473efccbcf46c500
0x00007f6917dfe570:   0000000000000001 00007f6917dfe840
0x00007f6917dfe580:   0000000000000002 8000000000000006
0x00007f6917dfe590:   0000000000000000 0000000000000000
0x00007f6917dfe5a0:   0000000000000000 0000000000000000
0x00007f6917dfe5b0:   0000000000000000 0000000000000000
0x00007f6917dfe5c0:   00007f691002d4c0 0000000000000000
0x00007f6917dfe5d0:   00007f6917dfe5f0 00007f6917194377
0x00007f6917dfe5e0:   00007f691002e128 00007f67e169f330
0x00007f6917dfe5f0:   0000000000000000 00007f68844154b8
0x00007f6917dfe600:   00007f6917dfe620 00007f68ec0f8fc5
0x00007f6917dfe610:   00007f6917dfe820 00007f68844154b8
0x00007f6917dfe620:   00007f6917dfe780 0000000000000000
0x00007f6917dfe630:   00007f68844154b8 00007f6917dfe840
0x00007f6917dfe640:   00007f67e4e20600 00007f682f0cb5fe
0x00007f6917dfe650:   00007f6917dfe680 00007f67e02a55b0
0x00007f6917dfe660:   00007f6917dfe680 00007f67e4e20800
0x00007f6917dfe670:   0000000200000001 00007f67e02a55b0
0x00007f6917dfe680:   00007f6917dfe700 00007f68ec0f9ac8
0x00007f6917dfe690:   00007f6917dfe820 00007f691002d880
0x00007f6917dfe6a0:   00007f691002d400 0000010000000062
0x00007f6917dfe6b0:   00007f6917dfe830 00007f691002d880
0x00007f6917dfe6c0:   0000000000000000 00007f68ec0f9dc5
0x00007f6917dfe6d0:   0000000000000000 00007f68844154b8 

Instructions: (pc=0x00007f682f0d1bb8)
0x00007f682f0d1ab8:   ff 4c 8b 8c 24 18 01 00 00 48 8b b4 24 c0 00 00
0x00007f682f0d1ac8:   00 48 89 ef 8b 94 24 c8 00 00 00 48 8b 8c 24 b0
0x00007f682f0d1ad8:   00 00 00 44 8b 84 24 b8 00 00 00 4c 8b 9c 24 10
0x00007f682f0d1ae8:   01 00 00 4c 89 0c 24 4c 8d 8c 24 20 01 00 00 48
0x00007f682f0d1af8:   89 b4 24 90 00 00 00 89 94 24 98 00 00 00 48 89
0x00007f682f0d1b08:   8c 24 a0 00 00 00 44 89 84 24 a8 00 00 00 4c 89
0x00007f682f0d1b18:   5c 24 08 e8 80 bb 50 00 e9 6d fe ff ff 48 03 9c
0x00007f682f0d1b28:   24 28 01 00 00 4d 8b 44 24 48 b9 03 00 00 00 ba
0x00007f682f0d1b38:   08 00 00 00 4c 89 f7 48 89 de e8 f9 e5 50 00 e9
0x00007f682f0d1b48:   9a fe ff ff 90 90 90 90 48 89 6c 24 d8 4c 89 64
0x00007f682f0d1b58:   24 e0 89 f5 4c 89 6c 24 e8 4c 89 74 24 f0 49 89
0x00007f682f0d1b68:   fc 48 89 5c 24 d0 4c 89 7c 24 f8 48 81 ec 68 01
0x00007f682f0d1b78:   00 00 48 85 ff 48 89 54 24 18 41 89 cd 4d 89 c6
0x00007f682f0d1b88:   0f 84 85 01 00 00 8b 5f 38 85 db 0f 84 7a 01 00
0x00007f682f0d1b98:   00 4d 85 c0 ba 07 00 00 00 0f 84 ff 00 00 00 8b
0x00007f682f0d1ba8:   47 50 85 c0 89 44 24 2c 0f 85 2a 01 00 00 85 f6
0x00007f682f0d1bb8:   49 c7 00 00 00 00 00 0f 8e 4a 01 00 00 85 c9 0f
0x00007f682f0d1bc8:   8e 42 01 00 00 48 8b 35 94 83 bd 04 31 c9 4c 89
0x00007f682f0d1bd8:   e7 48 89 f2 48 89 74 24 10 be 80 00 00 00 e8 d5
0x00007f682f0d1be8:   39 fe ff 85 c0 ba 0d 00 00 00 0f 8e ae 00 00 00
0x00007f682f0d1bf8:   39 e8 41 89 ef 49 8d 54 24 78 44 0f 4e f8 42 8d
0x00007f682f0d1c08:   1c fd 08 00 00 00 48 89 d7 48 89 54 24 20 e8 75
0x00007f682f0d1c18:   88 f5 ff 39 c3 0f 8f ca 01 00 00 48 8b 7c 24 20
0x00007f682f0d1c28:   48 8d b4 24 28 01 00 00 89 da e8 79 91 f5 ff 85
0x00007f682f0d1c38:   c0 89 c2 75 69 48 63 d3 48 c7 44 24 70 00 00 00
0x00007f682f0d1c48:   00 48 c7 44 24 78 00 00 00 00 48 81 fa ff ff 00
0x00007f682f0d1c58:   00 48 c7 84 24 80 00 00 00 00 00 00 00 48 c7 84
0x00007f682f0d1c68:   24 88 00 00 00 00 00 00 00 49 8b 4c 24 48 48 8b
0x00007f682f0d1c78:   bc 24 28 01 00 00 0f 87 9c 00 00 00 49 8d b4 24
0x00007f682f0d1c88:   d8 00 00 00 49 89 c8 b9 01 00 00 00 e8 a7 e4 50
0x00007f682f0d1c98:   00 85 c0 0f 84 8e 00 00 00 ba 0e 00 00 00 48 8b
0x00007f682f0d1ca8:   9c 24 38 01 00 00 48 8b ac 24 40 01 00 00 89 d0 


Stack slot to memory mapping:

stack at sp + 0 slots: 0x2020202020202020 is an unknown value
stack at sp + 1 slots: 0x0 is null
stack at sp + 2 slots: 0x0 is null
stack at sp + 3 slots: 0x00007f67e4e20600 is an unknown value
stack at sp + 4 slots: 0x0 is null
stack at sp + 5 slots: 0x0 is null
stack at sp + 6 slots: 0x0 is null
stack at sp + 7 slots: 0x0 is null


---------------  P R O C E S S  ---------------

Threads class SMR info:
_java_thread_list=0x00007f67e1697210, length=13, elements={
0x00007f691002d4c0, 0x00007f691014c560, 0x00007f691014dbb0, 0x00007f691014f690,
0x00007f6910150cd0, 0x00007f6910152270, 0x00007f6910153e10, 0x00007f6910155520,
0x00007f6910174a80, 0x00007f685402eaa0, 0x00007f6854050960, 0x00007f69101b7bd0,
0x00007f67e1697530
}

Java Threads: ( => current thread )
=>0x00007f691002d4c0 JavaThread "main"                              [_thread_in_native, id=11592, stack(0x00007f6917d00000,0x00007f6917e00000) (1024K)]
  0x00007f691014c560 JavaThread "Reference Handler"          daemon [_thread_blocked, id=11600, stack(0x00007f68ecd00000,0x00007f68ece00000) (1024K)]
  0x00007f691014dbb0 JavaThread "Finalizer"                  daemon [_thread_blocked, id=11601, stack(0x00007f68ecc00000,0x00007f68ecd00000) (1024K)]
  0x00007f691014f690 JavaThread "Signal Dispatcher"          daemon [_thread_blocked, id=11602, stack(0x00007f68ecb00000,0x00007f68ecc00000) (1024K)]
  0x00007f6910150cd0 JavaThread "Service Thread"             daemon [_thread_blocked, id=11603, stack(0x00007f68eca00000,0x00007f68ecb00000) (1024K)]
  0x00007f6910152270 JavaThread "Monitor Deflation Thread"   daemon [_thread_blocked, id=11604, stack(0x00007f68ec900000,0x00007f68eca00000) (1024K)]
  0x00007f6910153e10 JavaThread "C2 CompilerThread0"         daemon [_thread_blocked, id=11605, stack(0x00007f68ec800000,0x00007f68ec900000) (1024K)]
  0x00007f6910155520 JavaThread "C1 CompilerThread0"         daemon [_thread_blocked, id=11606, stack(0x00007f68ec700000,0x00007f68ec800000) (1024K)]
  0x00007f6910174a80 JavaThread "Common-Cleaner"             daemon [_thread_blocked, id=11607, stack(0x00007f68ec530000,0x00007f68ec630000) (1024K)]
  0x00007f685402eaa0 JavaThread "C1 CompilerThread1"         daemon [_thread_blocked, id=11608, stack(0x00007f68ec430000,0x00007f68ec530000) (1024K)]
  0x00007f6854050960 JavaThread "C1 CompilerThread2"         daemon [_thread_blocked, id=11609, stack(0x00007f68ec330000,0x00007f68ec430000) (1024K)]
  0x00007f69101b7bd0 JavaThread "Notification Thread"        daemon [_thread_blocked, id=11610, stack(0x00007f68ec230000,0x00007f68ec330000) (1024K)]
  0x00007f67e1697530 JavaThread "pool-1-thread-1"            daemon [_thread_blocked, id=11615, stack(0x00007f68ec130000,0x00007f68ec230000) (1024K)]
Total: 13

Other Threads:
  0x00007f691013ee20 VMThread "VM Thread"                           [id=11599, stack(0x00007f68ed3f5000,0x00007f68ed4f5000) (1024K)]
  0x00007f6910124940 WatcherThread "VM Periodic Task Thread"        [id=11598, stack(0x00007f68ed4f6000,0x00007f68ed5f6000) (1024K)]
  0x00007f6910058c90 WorkerThread "GC Thread#0"                     [id=11593, stack(0x00007f6914700000,0x00007f6914800000) (1024K)]
  0x00007f6910069790 ConcurrentGCThread "G1 Main Marker"            [id=11594, stack(0x00007f69145ff000,0x00007f69146ff000) (1024K)]
  0x00007f691006a730 WorkerThread "G1 Conc#0"                       [id=11595, stack(0x00007f69144fe000,0x00007f69145fe000) (1024K)]
  0x00007f6910112270 ConcurrentGCThread "G1 Refine#0"               [id=11596, stack(0x00007f68ed6f8000,0x00007f68ed7f8000) (1024K)]
  0x00007f6910113230 ConcurrentGCThread "G1 Service"                [id=11597, stack(0x00007f68ed5f7000,0x00007f68ed6f7000) (1024K)]
Total: 7

Threads with active compile tasks:
Total: 0

VM state: not at safepoint (normal execution)

VM Mutex/Monitor currently owned by a thread: None

Heap address: 0x0000000616800000, size: 7832 MB, Compressed Oops mode: Zero based, Oop shift amount: 3

CDS archive(s) mapped at: [0x00007f688e000000-0x00007f688ec7a000-0x00007f688ec7a000), size 13082624, SharedBaseAddress: 0x00007f688e000000, ArchiveRelocationMode: 1.
Compressed class space mapped at: 0x00007f688f000000-0x00007f68cf000000, reserved size: 1073741824
Narrow klass base: 0x00007f688e000000, Narrow klass shift: 0, Narrow klass range: 0x100000000

GC Precious Log:
 CardTable entry size: 512
 Card Set container configuration: InlinePtr #cards 4 size 8 Array Of Cards #cards 32 size 80 Howl #buckets 8 coarsen threshold 7372 Howl Bitmap #cards 1024 size 144 coarsen threshold 921 Card regions per heap region 1 cards per card region 8192
 CPUs: 16 total, 16 available
 Memory: 31322M
 Large Page Support: Disabled
 NUMA Support: Disabled
 Compressed Oops: Enabled (Zero based)
 Heap Region Size: 4M
 Heap Min Capacity: 8M
 Heap Initial Capacity: 492M
 Heap Max Capacity: 7832M
 Pre-touch: Disabled
 Parallel Workers: 13
 Concurrent Workers: 3
 Concurrent Refinement Workers: 13
 Periodic GC: Disabled

Heap:
 garbage-first heap   total reserved 8019968K, committed 507904K, used 5155K [0x0000000616800000, 0x0000000800000000)
  region size 4096K, 2 young (8192K), 0 survivors (0K)
 Metaspace       used 1083K, committed 1216K, reserved 1114112K
  class space    used 76K, committed 128K, reserved 1048576K

Heap Regions: E=young(eden), S=young(survivor), O=old, HS=humongous(starts), HC=humongous(continues), CS=collection set, F=free, TAMS=top-at-mark-start, PB=parsable bottom
|   0|0x0000000616800000, 0x0000000616800000, 0x0000000616c00000|  0%| F|  |TAMS 0x0000000616800000| PB 0x0000000616800000| Untracked |  0
|   1|0x0000000616c00000, 0x0000000616c00000, 0x0000000617000000|  0%| F|  |TAMS 0x0000000616c00000| PB 0x0000000616c00000| Untracked |  0
|   2|0x0000000617000000, 0x0000000617000000, 0x0000000617400000|  0%| F|  |TAMS 0x0000000617000000| PB 0x0000000617000000| Untracked |  0
|   3|0x0000000617400000, 0x0000000617400000, 0x0000000617800000|  0%| F|  |TAMS 0x0000000617400000| PB 0x0000000617400000| Untracked |  0
|   4|0x0000000617800000, 0x0000000617800000, 0x0000000617c00000|  0%| F|  |TAMS 0x0000000617800000| PB 0x0000000617800000| Untracked |  0
|   5|0x0000000617c00000, 0x0000000617c00000, 0x0000000618000000|  0%| F|  |TAMS 0x0000000617c00000| PB 0x0000000617c00000| Untracked |  0
|   6|0x0000000618000000, 0x0000000618000000, 0x0000000618400000|  0%| F|  |TAMS 0x0000000618000000| PB 0x0000000618000000| Untracked |  0
|   7|0x0000000618400000, 0x0000000618400000, 0x0000000618800000|  0%| F|  |TAMS 0x0000000618400000| PB 0x0000000618400000| Untracked |  0
|   8|0x0000000618800000, 0x0000000618800000, 0x0000000618c00000|  0%| F|  |TAMS 0x0000000618800000| PB 0x0000000618800000| Untracked |  0
|   9|0x0000000618c00000, 0x0000000618c00000, 0x0000000619000000|  0%| F|  |TAMS 0x0000000618c00000| PB 0x0000000618c00000| Untracked |  0
|  10|0x0000000619000000, 0x0000000619000000, 0x0000000619400000|  0%| F|  |TAMS 0x0000000619000000| PB 0x0000000619000000| Untracked |  0
|  11|0x0000000619400000, 0x0000000619400000, 0x0000000619800000|  0%| F|  |TAMS 0x0000000619400000| PB 0x0000000619400000| Untracked |  0
|  12|0x0000000619800000, 0x0000000619800000, 0x0000000619c00000|  0%| F|  |TAMS 0x0000000619800000| PB 0x0000000619800000| Untracked |  0
|  13|0x0000000619c00000, 0x0000000619c00000, 0x000000061a000000|  0%| F|  |TAMS 0x0000000619c00000| PB 0x0000000619c00000| Untracked |  0
|  14|0x000000061a000000, 0x000000061a000000, 0x000000061a400000|  0%| F|  |TAMS 0x000000061a000000| PB 0x000000061a000000| Untracked |  0
|  15|0x000000061a400000, 0x000000061a400000, 0x000000061a800000|  0%| F|  |TAMS 0x000000061a400000| PB 0x000000061a400000| Untracked |  0
|  16|0x000000061a800000, 0x000000061a800000, 0x000000061ac00000|  0%| F|  |TAMS 0x000000061a800000| PB 0x000000061a800000| Untracked |  0
|  17|0x000000061ac00000, 0x000000061ac00000, 0x000000061b000000|  0%| F|  |TAMS 0x000000061ac00000| PB 0x000000061ac00000| Untracked |  0
|  18|0x000000061b000000, 0x000000061b000000, 0x000000061b400000|  0%| F|  |TAMS 0x000000061b000000| PB 0x000000061b000000| Untracked |  0
|  19|0x000000061b400000, 0x000000061b400000, 0x000000061b800000|  0%| F|  |TAMS 0x000000061b400000| PB 0x000000061b400000| Untracked |  0
|  20|0x000000061b800000, 0x000000061b800000, 0x000000061bc00000|  0%| F|  |TAMS 0x000000061b800000| PB 0x000000061b800000| Untracked |  0
|  21|0x000000061bc00000, 0x000000061bc00000, 0x000000061c000000|  0%| F|  |TAMS 0x000000061bc00000| PB 0x000000061bc00000| Untracked |  0
|  22|0x000000061c000000, 0x000000061c000000, 0x000000061c400000|  0%| F|  |TAMS 0x000000061c000000| PB 0x000000061c000000| Untracked |  0
|  23|0x000000061c400000, 0x000000061c400000, 0x000000061c800000|  0%| F|  |TAMS 0x000000061c400000| PB 0x000000061c400000| Untracked |  0
|  24|0x000000061c800000, 0x000000061c800000, 0x000000061cc00000|  0%| F|  |TAMS 0x000000061c800000| PB 0x000000061c800000| Untracked |  0
|  25|0x000000061cc00000, 0x000000061cc00000, 0x000000061d000000|  0%| F|  |TAMS 0x000000061cc00000| PB 0x000000061cc00000| Untracked |  0
|  26|0x000000061d000000, 0x000000061d000000, 0x000000061d400000|  0%| F|  |TAMS 0x000000061d000000| PB 0x000000061d000000| Untracked |  0
|  27|0x000000061d400000, 0x000000061d400000, 0x000000061d800000|  0%| F|  |TAMS 0x000000061d400000| PB 0x000000061d400000| Untracked |  0
|  28|0x000000061d800000, 0x000000061d800000, 0x000000061dc00000|  0%| F|  |TAMS 0x000000061d800000| PB 0x000000061d800000| Untracked |  0
|  29|0x000000061dc00000, 0x000000061dc00000, 0x000000061e000000|  0%| F|  |TAMS 0x000000061dc00000| PB 0x000000061dc00000| Untracked |  0
|  30|0x000000061e000000, 0x000000061e000000, 0x000000061e400000|  0%| F|  |TAMS 0x000000061e000000| PB 0x000000061e000000| Untracked |  0
|  31|0x000000061e400000, 0x000000061e400000, 0x000000061e800000|  0%| F|  |TAMS 0x000000061e400000| PB 0x000000061e400000| Untracked |  0
|  32|0x000000061e800000, 0x000000061e800000, 0x000000061ec00000|  0%| F|  |TAMS 0x000000061e800000| PB 0x000000061e800000| Untracked |  0
|  33|0x000000061ec00000, 0x000000061ec00000, 0x000000061f000000|  0%| F|  |TAMS 0x000000061ec00000| PB 0x000000061ec00000| Untracked |  0
|  34|0x000000061f000000, 0x000000061f000000, 0x000000061f400000|  0%| F|  |TAMS 0x000000061f000000| PB 0x000000061f000000| Untracked |  0
|  35|0x000000061f400000, 0x000000061f400000, 0x000000061f800000|  0%| F|  |TAMS 0x000000061f400000| PB 0x000000061f400000| Untracked |  0
|  36|0x000000061f800000, 0x000000061f800000, 0x000000061fc00000|  0%| F|  |TAMS 0x000000061f800000| PB 0x000000061f800000| Untracked |  0
|  37|0x000000061fc00000, 0x000000061fc00000, 0x0000000620000000|  0%| F|  |TAMS 0x000000061fc00000| PB 0x000000061fc00000| Untracked |  0
|  38|0x0000000620000000, 0x0000000620000000, 0x0000000620400000|  0%| F|  |TAMS 0x0000000620000000| PB 0x0000000620000000| Untracked |  0
|  39|0x0000000620400000, 0x0000000620400000, 0x0000000620800000|  0%| F|  |TAMS 0x0000000620400000| PB 0x0000000620400000| Untracked |  0
|  40|0x0000000620800000, 0x0000000620800000, 0x0000000620c00000|  0%| F|  |TAMS 0x0000000620800000| PB 0x0000000620800000| Untracked |  0
|  41|0x0000000620c00000, 0x0000000620c00000, 0x0000000621000000|  0%| F|  |TAMS 0x0000000620c00000| PB 0x0000000620c00000| Untracked |  0
|  42|0x0000000621000000, 0x0000000621000000, 0x0000000621400000|  0%| F|  |TAMS 0x0000000621000000| PB 0x0000000621000000| Untracked |  0
|  43|0x0000000621400000, 0x0000000621400000, 0x0000000621800000|  0%| F|  |TAMS 0x0000000621400000| PB 0x0000000621400000| Untracked |  0
|  44|0x0000000621800000, 0x0000000621800000, 0x0000000621c00000|  0%| F|  |TAMS 0x0000000621800000| PB 0x0000000621800000| Untracked |  0
|  45|0x0000000621c00000, 0x0000000621c00000, 0x0000000622000000|  0%| F|  |TAMS 0x0000000621c00000| PB 0x0000000621c00000| Untracked |  0
|  46|0x0000000622000000, 0x0000000622000000, 0x0000000622400000|  0%| F|  |TAMS 0x0000000622000000| PB 0x0000000622000000| Untracked |  0
|  47|0x0000000622400000, 0x0000000622400000, 0x0000000622800000|  0%| F|  |TAMS 0x0000000622400000| PB 0x0000000622400000| Untracked |  0
|  48|0x0000000622800000, 0x0000000622800000, 0x0000000622c00000|  0%| F|  |TAMS 0x0000000622800000| PB 0x0000000622800000| Untracked |  0
|  49|0x0000000622c00000, 0x0000000622c00000, 0x0000000623000000|  0%| F|  |TAMS 0x0000000622c00000| PB 0x0000000622c00000| Untracked |  0
|  50|0x0000000623000000, 0x0000000623000000, 0x0000000623400000|  0%| F|  |TAMS 0x0000000623000000| PB 0x0000000623000000| Untracked |  0
|  51|0x0000000623400000, 0x0000000623400000, 0x0000000623800000|  0%| F|  |TAMS 0x0000000623400000| PB 0x0000000623400000| Untracked |  0
|  52|0x0000000623800000, 0x0000000623800000, 0x0000000623c00000|  0%| F|  |TAMS 0x0000000623800000| PB 0x0000000623800000| Untracked |  0
|  53|0x0000000623c00000, 0x0000000623c00000, 0x0000000624000000|  0%| F|  |TAMS 0x0000000623c00000| PB 0x0000000623c00000| Untracked |  0
|  54|0x0000000624000000, 0x0000000624000000, 0x0000000624400000|  0%| F|  |TAMS 0x0000000624000000| PB 0x0000000624000000| Untracked |  0
|  55|0x0000000624400000, 0x0000000624400000, 0x0000000624800000|  0%| F|  |TAMS 0x0000000624400000| PB 0x0000000624400000| Untracked |  0
|  56|0x0000000624800000, 0x0000000624800000, 0x0000000624c00000|  0%| F|  |TAMS 0x0000000624800000| PB 0x0000000624800000| Untracked |  0
|  57|0x0000000624c00000, 0x0000000624c00000, 0x0000000625000000|  0%| F|  |TAMS 0x0000000624c00000| PB 0x0000000624c00000| Untracked |  0
|  58|0x0000000625000000, 0x0000000625000000, 0x0000000625400000|  0%| F|  |TAMS 0x0000000625000000| PB 0x0000000625000000| Untracked |  0
|  59|0x0000000625400000, 0x0000000625400000, 0x0000000625800000|  0%| F|  |TAMS 0x0000000625400000| PB 0x0000000625400000| Untracked |  0
|  60|0x0000000625800000, 0x0000000625800000, 0x0000000625c00000|  0%| F|  |TAMS 0x0000000625800000| PB 0x0000000625800000| Untracked |  0
|  61|0x0000000625c00000, 0x0000000625c00000, 0x0000000626000000|  0%| F|  |TAMS 0x0000000625c00000| PB 0x0000000625c00000| Untracked |  0
|  62|0x0000000626000000, 0x0000000626000000, 0x0000000626400000|  0%| F|  |TAMS 0x0000000626000000| PB 0x0000000626000000| Untracked |  0
|  63|0x0000000626400000, 0x0000000626400000, 0x0000000626800000|  0%| F|  |TAMS 0x0000000626400000| PB 0x0000000626400000| Untracked |  0
|  64|0x0000000626800000, 0x0000000626800000, 0x0000000626c00000|  0%| F|  |TAMS 0x0000000626800000| PB 0x0000000626800000| Untracked |  0
|  65|0x0000000626c00000, 0x0000000626c00000, 0x0000000627000000|  0%| F|  |TAMS 0x0000000626c00000| PB 0x0000000626c00000| Untracked |  0
|  66|0x0000000627000000, 0x0000000627000000, 0x0000000627400000|  0%| F|  |TAMS 0x0000000627000000| PB 0x0000000627000000| Untracked |  0
|  67|0x0000000627400000, 0x0000000627400000, 0x0000000627800000|  0%| F|  |TAMS 0x0000000627400000| PB 0x0000000627400000| Untracked |  0
|  68|0x0000000627800000, 0x0000000627800000, 0x0000000627c00000|  0%| F|  |TAMS 0x0000000627800000| PB 0x0000000627800000| Untracked |  0
|  69|0x0000000627c00000, 0x0000000627c00000, 0x0000000628000000|  0%| F|  |TAMS 0x0000000627c00000| PB 0x0000000627c00000| Untracked |  0
|  70|0x0000000628000000, 0x0000000628000000, 0x0000000628400000|  0%| F|  |TAMS 0x0000000628000000| PB 0x0000000628000000| Untracked |  0
|  71|0x0000000628400000, 0x0000000628400000, 0x0000000628800000|  0%| F|  |TAMS 0x0000000628400000| PB 0x0000000628400000| Untracked |  0
|  72|0x0000000628800000, 0x0000000628800000, 0x0000000628c00000|  0%| F|  |TAMS 0x0000000628800000| PB 0x0000000628800000| Untracked |  0
|  73|0x0000000628c00000, 0x0000000628c00000, 0x0000000629000000|  0%| F|  |TAMS 0x0000000628c00000| PB 0x0000000628c00000| Untracked |  0
|  74|0x0000000629000000, 0x0000000629000000, 0x0000000629400000|  0%| F|  |TAMS 0x0000000629000000| PB 0x0000000629000000| Untracked |  0
|  75|0x0000000629400000, 0x0000000629400000, 0x0000000629800000|  0%| F|  |TAMS 0x0000000629400000| PB 0x0000000629400000| Untracked |  0
|  76|0x0000000629800000, 0x0000000629800000, 0x0000000629c00000|  0%| F|  |TAMS 0x0000000629800000| PB 0x0000000629800000| Untracked |  0
|  77|0x0000000629c00000, 0x0000000629c00000, 0x000000062a000000|  0%| F|  |TAMS 0x0000000629c00000| PB 0x0000000629c00000| Untracked |  0
|  78|0x000000062a000000, 0x000000062a000000, 0x000000062a400000|  0%| F|  |TAMS 0x000000062a000000| PB 0x000000062a000000| Untracked |  0
|  79|0x000000062a400000, 0x000000062a400000, 0x000000062a800000|  0%| F|  |TAMS 0x000000062a400000| PB 0x000000062a400000| Untracked |  0
|  80|0x000000062a800000, 0x000000062a800000, 0x000000062ac00000|  0%| F|  |TAMS 0x000000062a800000| PB 0x000000062a800000| Untracked |  0
|  81|0x000000062ac00000, 0x000000062ac00000, 0x000000062b000000|  0%| F|  |TAMS 0x000000062ac00000| PB 0x000000062ac00000| Untracked |  0
|  82|0x000000062b000000, 0x000000062b000000, 0x000000062b400000|  0%| F|  |TAMS 0x000000062b000000| PB 0x000000062b000000| Untracked |  0
|  83|0x000000062b400000, 0x000000062b400000, 0x000000062b800000|  0%| F|  |TAMS 0x000000062b400000| PB 0x000000062b400000| Untracked |  0
|  84|0x000000062b800000, 0x000000062b800000, 0x000000062bc00000|  0%| F|  |TAMS 0x000000062b800000| PB 0x000000062b800000| Untracked |  0
|  85|0x000000062bc00000, 0x000000062bc00000, 0x000000062c000000|  0%| F|  |TAMS 0x000000062bc00000| PB 0x000000062bc00000| Untracked |  0
|  86|0x000000062c000000, 0x000000062c000000, 0x000000062c400000|  0%| F|  |TAMS 0x000000062c000000| PB 0x000000062c000000| Untracked |  0
|  87|0x000000062c400000, 0x000000062c400000, 0x000000062c800000|  0%| F|  |TAMS 0x000000062c400000| PB 0x000000062c400000| Untracked |  0
|  88|0x000000062c800000, 0x000000062c800000, 0x000000062cc00000|  0%| F|  |TAMS 0x000000062c800000| PB 0x000000062c800000| Untracked |  0
|  89|0x000000062cc00000, 0x000000062cc00000, 0x000000062d000000|  0%| F|  |TAMS 0x000000062cc00000| PB 0x000000062cc00000| Untracked |  0
|  90|0x000000062d000000, 0x000000062d000000, 0x000000062d400000|  0%| F|  |TAMS 0x000000062d000000| PB 0x000000062d000000| Untracked |  0
|  91|0x000000062d400000, 0x000000062d400000, 0x000000062d800000|  0%| F|  |TAMS 0x000000062d400000| PB 0x000000062d400000| Untracked |  0
|  92|0x000000062d800000, 0x000000062d800000, 0x000000062dc00000|  0%| F|  |TAMS 0x000000062d800000| PB 0x000000062d800000| Untracked |  0
|  93|0x000000062dc00000, 0x000000062dc00000, 0x000000062e000000|  0%| F|  |TAMS 0x000000062dc00000| PB 0x000000062dc00000| Untracked |  0
|  94|0x000000062e000000, 0x000000062e000000, 0x000000062e400000|  0%| F|  |TAMS 0x000000062e000000| PB 0x000000062e000000| Untracked |  0
|  95|0x000000062e400000, 0x000000062e400000, 0x000000062e800000|  0%| F|  |TAMS 0x000000062e400000| PB 0x000000062e400000| Untracked |  0
|  96|0x000000062e800000, 0x000000062e800000, 0x000000062ec00000|  0%| F|  |TAMS 0x000000062e800000| PB 0x000000062e800000| Untracked |  0
|  97|0x000000062ec00000, 0x000000062ec00000, 0x000000062f000000|  0%| F|  |TAMS 0x000000062ec00000| PB 0x000000062ec00000| Untracked |  0
|  98|0x000000062f000000, 0x000000062f000000, 0x000000062f400000|  0%| F|  |TAMS 0x000000062f000000| PB 0x000000062f000000| Untracked |  0
|  99|0x000000062f400000, 0x000000062f400000, 0x000000062f800000|  0%| F|  |TAMS 0x000000062f400000| PB 0x000000062f400000| Untracked |  0
| 100|0x000000062f800000, 0x000000062f800000, 0x000000062fc00000|  0%| F|  |TAMS 0x000000062f800000| PB 0x000000062f800000| Untracked |  0
| 101|0x000000062fc00000, 0x000000062fc00000, 0x0000000630000000|  0%| F|  |TAMS 0x000000062fc00000| PB 0x000000062fc00000| Untracked |  0
| 102|0x0000000630000000, 0x0000000630000000, 0x0000000630400000|  0%| F|  |TAMS 0x0000000630000000| PB 0x0000000630000000| Untracked |  0
| 103|0x0000000630400000, 0x0000000630400000, 0x0000000630800000|  0%| F|  |TAMS 0x0000000630400000| PB 0x0000000630400000| Untracked |  0
| 104|0x0000000630800000, 0x0000000630800000, 0x0000000630c00000|  0%| F|  |TAMS 0x0000000630800000| PB 0x0000000630800000| Untracked |  0
| 105|0x0000000630c00000, 0x0000000630c00000, 0x0000000631000000|  0%| F|  |TAMS 0x0000000630c00000| PB 0x0000000630c00000| Untracked |  0
| 106|0x0000000631000000, 0x0000000631000000, 0x0000000631400000|  0%| F|  |TAMS 0x0000000631000000| PB 0x0000000631000000| Untracked |  0
| 107|0x0000000631400000, 0x0000000631400000, 0x0000000631800000|  0%| F|  |TAMS 0x0000000631400000| PB 0x0000000631400000| Untracked |  0
| 108|0x0000000631800000, 0x0000000631800000, 0x0000000631c00000|  0%| F|  |TAMS 0x0000000631800000| PB 0x0000000631800000| Untracked |  0
| 109|0x0000000631c00000, 0x0000000631c00000, 0x0000000632000000|  0%| F|  |TAMS 0x0000000631c00000| PB 0x0000000631c00000| Untracked |  0
| 110|0x0000000632000000, 0x0000000632000000, 0x0000000632400000|  0%| F|  |TAMS 0x0000000632000000| PB 0x0000000632000000| Untracked |  0
| 111|0x0000000632400000, 0x0000000632400000, 0x0000000632800000|  0%| F|  |TAMS 0x0000000632400000| PB 0x0000000632400000| Untracked |  0
| 112|0x0000000632800000, 0x0000000632800000, 0x0000000632c00000|  0%| F|  |TAMS 0x0000000632800000| PB 0x0000000632800000| Untracked |  0
| 113|0x0000000632c00000, 0x0000000632c00000, 0x0000000633000000|  0%| F|  |TAMS 0x0000000632c00000| PB 0x0000000632c00000| Untracked |  0
| 114|0x0000000633000000, 0x0000000633000000, 0x0000000633400000|  0%| F|  |TAMS 0x0000000633000000| PB 0x0000000633000000| Untracked |  0
| 115|0x0000000633400000, 0x0000000633400000, 0x0000000633800000|  0%| F|  |TAMS 0x0000000633400000| PB 0x0000000633400000| Untracked |  0
| 116|0x0000000633800000, 0x0000000633800000, 0x0000000633c00000|  0%| F|  |TAMS 0x0000000633800000| PB 0x0000000633800000| Untracked |  0
| 117|0x0000000633c00000, 0x0000000633c00000, 0x0000000634000000|  0%| F|  |TAMS 0x0000000633c00000| PB 0x0000000633c00000| Untracked |  0
| 118|0x0000000634000000, 0x0000000634000000, 0x0000000634400000|  0%| F|  |TAMS 0x0000000634000000| PB 0x0000000634000000| Untracked |  0
| 119|0x0000000634400000, 0x0000000634400000, 0x0000000634800000|  0%| F|  |TAMS 0x0000000634400000| PB 0x0000000634400000| Untracked |  0
| 120|0x0000000634800000, 0x0000000634800000, 0x0000000634c00000|  0%| F|  |TAMS 0x0000000634800000| PB 0x0000000634800000| Untracked |  0
| 121|0x0000000634c00000, 0x0000000634cf5e50, 0x0000000635000000| 24%| E|  |TAMS 0x0000000634c00000| PB 0x0000000634c00000| Complete |  0
| 122|0x0000000635000000, 0x0000000635400000, 0x0000000635400000|100%| E|CS|TAMS 0x0000000635000000| PB 0x0000000635000000| Complete |  0
|1957|0x00000007ffc00000, 0x00000007ffd08c80, 0x0000000800000000| 25%| O|  |TAMS 0x00000007ffc00000| PB 0x00000007ffc00000| Untracked |  0

Card table byte_map: [0x00007f68f7c00000,0x00007f68f8b4c000] _byte_map_base: 0x00007f68f4b4c000

Marking Bits: (CMBitMap*) 0x00007f69100597c0
 Bits: [0x00007f68f0000000, 0x00007f68f7a60000)

Polling page: 0x00007f69181a5000

Metaspace:

Usage:
  Non-class:   1006.41 KB used.
      Class:     76.90 KB used.
       Both:      1.06 MB used.

Virtual space:
  Non-class space:       64.00 MB reserved,       1.06 MB (  2%) committed,  1 nodes.
      Class space:        1.00 GB reserved,     128.00 KB ( <1%) committed,  1 nodes.
             Both:        1.06 GB reserved,       1.19 MB ( <1%) committed. 

Chunk freelists:
   Non-Class:  11.64 MB
       Class:  15.70 MB
        Both:  27.34 MB

MaxMetaspaceSize: unlimited
CompressedClassSpaceSize: 1.00 GB
Initial GC threshold: 21.00 MB
Current GC threshold: 21.00 MB
CDS: on
 - commit_granule_bytes: 65536.
 - commit_granule_words: 8192.
 - virtual_space_node_default_size: 8388608.
 - enlarge_chunks_in_place: 1.
 - use_allocation_guard: 0.


Internal statistics:

num_allocs_failed_limit: 0.
num_arena_births: 12.
num_arena_deaths: 0.
num_vsnodes_births: 2.
num_vsnodes_deaths: 0.
num_space_committed: 19.
num_space_uncommitted: 0.
num_chunks_returned_to_freelist: 0.
num_chunks_taken_from_freelist: 35.
num_chunk_merges: 0.
num_chunk_splits: 22.
num_chunks_enlarged: 19.
num_inconsistent_stats: 0.

CodeHeap 'non-profiled nmethods': size=119168Kb used=108Kb max_used=108Kb free=119059Kb
 bounds [0x00007f69007a0000, 0x00007f6900a10000, 0x00007f6907c00000]
CodeHeap 'profiled nmethods': size=119164Kb used=525Kb max_used=525Kb free=118638Kb
 bounds [0x00007f68f8c00000, 0x00007f68f8e70000, 0x00007f690005f000]
CodeHeap 'non-nmethods': size=7428Kb used=2506Kb max_used=2506Kb free=4921Kb
 bounds [0x00007f690005f000, 0x00007f69002df000, 0x00007f69007a0000]
 total_blobs=895 nmethods=403 adapters=396
 compilation: enabled
              stopped_count=0, restarted_count=0
 full_count=0

Compilation events (20 events):
Event: 0.526 Thread 0x00007f685402eaa0 nmethod 391 0x00007f68f8c7df90 code [0x00007f68f8c7e140, 0x00007f68f8c7e348]
Event: 0.526 Thread 0x00007f6910155520 nmethod 390 0x00007f68f8c7e490 code [0x00007f68f8c7e680, 0x00007f68f8c7eed8]
Event: 0.526 Thread 0x00007f6854050960  395       3       java.lang.invoke.LambdaForm$BasicType::basicType (187 bytes)
Event: 0.526 Thread 0x00007f685402eaa0  396       3       java.lang.ClassLoader::checkName (37 bytes)
Event: 0.526 Thread 0x00007f6854050960 nmethod 395 0x00007f68f8c7f190 code [0x00007f68f8c7f420, 0x00007f68f8c7fec8]
Event: 0.526 Thread 0x00007f685402eaa0 nmethod 396 0x00007f68f8c80190 code [0x00007f68f8c803c0, 0x00007f68f8c80bb8]
Event: 0.526 Thread 0x00007f6854050960  397       3       java.lang.StringLatin1::indexOf (37 bytes)
Event: 0.527 Thread 0x00007f6854050960 nmethod 397 0x00007f68f8c80f10 code [0x00007f68f8c810e0, 0x00007f68f8c814e0]
Event: 0.527 Thread 0x00007f6854050960  398       1       java.lang.invoke.MethodTypeForm::basicType (5 bytes)
Event: 0.527 Thread 0x00007f6854050960 nmethod 398 0x00007f69007bad90 code [0x00007f69007baf20, 0x00007f69007bafe8]
Event: 0.527 Thread 0x00007f685402eaa0  399       3       jdk.internal.org.objectweb.asm.SymbolTable$Entry::<init> (17 bytes)
Event: 0.527 Thread 0x00007f6854050960  400       3       jdk.internal.org.objectweb.asm.SymbolTable::addConstantUtf8 (98 bytes)
Event: 0.527 Thread 0x00007f6910155520  401       3       jdk.internal.org.objectweb.asm.ByteVector::putByte (39 bytes)
Event: 0.527 Thread 0x00007f685402eaa0 nmethod 399 0x00007f68f8c81690 code [0x00007f68f8c81820, 0x00007f68f8c819a0]
Event: 0.528 Thread 0x00007f685402eaa0  402       3       java.lang.reflect.Modifier::isPublic (12 bytes)
Event: 0.528 Thread 0x00007f6910155520 nmethod 401 0x00007f68f8c81a90 code [0x00007f68f8c81c40, 0x00007f68f8c81e20]
Event: 0.528 Thread 0x00007f685402eaa0 nmethod 402 0x00007f68f8c81f90 code [0x00007f68f8c82120, 0x00007f68f8c82258]
Event: 0.528 Thread 0x00007f6854050960 nmethod 400 0x00007f68f8c82310 code [0x00007f68f8c82540, 0x00007f68f8c82b20]
Event: 0.528 Thread 0x00007f6854050960  403       3       jdk.internal.util.StrongReferenceKey::equals (28 bytes)
Event: 0.528 Thread 0x00007f6854050960 nmethod 403 0x00007f68f8c82e90 code [0x00007f68f8c83060, 0x00007f68f8c83630]

GC Heap History (0 events):
No events

Dll operation events (7 events):
Event: 0.002 Loaded shared library /usr/lib/jvm/jdk-22.0.2-oracle-x64/lib/libjava.so
Event: 0.023 Loaded shared library /usr/lib/jvm/jdk-22.0.2-oracle-x64/lib/libjsvml.so
Event: 0.024 Loaded shared library /usr/lib/jvm/jdk-22.0.2-oracle-x64/lib/libnio.so
Event: 0.058 Loaded shared library /usr/lib/jvm/jdk-22.0.2-oracle-x64/lib/libzip.so
Event: 0.089 Loaded shared library /usr/lib/jvm/jdk-22.0.2-oracle-x64/lib/libjimage.so
Event: 0.093 Loaded shared library /tmp/libJCudaRuntime-10.1.0-linux-x86_64.so
Event: 0.099 Loaded shared library /tmp/libJCublas2-10.1.0-linux-x86_64.so

Deoptimization events (2 events):
Event: 0.526 Thread 0x00007f691002d4c0 DEOPT PACKING pc=0x00007f68f8c066d0 sp=0x00007f6917dfd7a0
Event: 0.526 Thread 0x00007f691002d4c0 DEOPT UNPACKING pc=0x00007f69000b372f sp=0x00007f6917dfcbe0 mode 0

Classes loaded (20 events):
Event: 0.523 Loading class java/lang/invoke/VarHandleInts$FieldInstanceReadWrite
Event: 0.524 Loading class java/lang/invoke/VarHandleInts$FieldInstanceReadOnly
Event: 0.524 Loading class java/lang/invoke/VarHandleInts$FieldInstanceReadOnly done
Event: 0.524 Loading class java/lang/invoke/VarHandleInts$FieldInstanceReadWrite done
Event: 0.525 Loading class java/util/Spliterators$IntArraySpliterator
Event: 0.525 Loading class java/util/Spliterators$IntArraySpliterator done
Event: 0.526 Loading class java/util/stream/MatchOps$MatchKind
Event: 0.526 Loading class java/util/stream/MatchOps$MatchKind done
Event: 0.526 Loading class java/util/stream/MatchOps
Event: 0.526 Loading class java/util/stream/MatchOps done
Event: 0.526 Loading class java/util/stream/MatchOps$MatchOp
Event: 0.526 Loading class java/util/stream/MatchOps$MatchOp done
Event: 0.526 Loading class java/util/stream/MatchOps$BooleanTerminalSink
Event: 0.526 Loading class java/util/stream/MatchOps$BooleanTerminalSink done
Event: 0.527 Loading class java/util/stream/MatchOps$2MatchSink
Event: 0.527 Loading class java/util/stream/MatchOps$2MatchSink done
Event: 0.528 Loading class java/util/stream/MatchOps$1MatchSink
Event: 0.528 Loading class java/util/stream/MatchOps$1MatchSink done
Event: 0.528 Loading class java/nio/HeapDoubleBuffer
Event: 0.528 Loading class java/nio/HeapDoubleBuffer done

Classes unloaded (0 events):
No events

Classes redefined (0 events):
No events

Internal exceptions (9 events):
Event: 0.047 Thread 0x00007f691002d4c0 Exception <a 'sun/nio/fs/UnixException'{0x0000000635077920}> (0x0000000635077920) 
thrown [open/src/hotspot/share/prims/jni.cpp, line 520]
Event: 0.047 Thread 0x00007f691002d4c0 Exception <a 'sun/nio/fs/UnixException'{0x0000000635078080}> (0x0000000635078080) 
thrown [open/src/hotspot/share/prims/jni.cpp, line 520]
Event: 0.047 Thread 0x00007f691002d4c0 Exception <a 'sun/nio/fs/UnixException'{0x0000000635078648}> (0x0000000635078648) 
thrown [open/src/hotspot/share/prims/jni.cpp, line 520]
Event: 0.047 Thread 0x00007f691002d4c0 Exception <a 'sun/nio/fs/UnixException'{0x0000000635078e70}> (0x0000000635078e70) 
thrown [open/src/hotspot/share/prims/jni.cpp, line 520]
Event: 0.047 Thread 0x00007f691002d4c0 Exception <a 'sun/nio/fs/UnixException'{0x0000000635079430}> (0x0000000635079430) 
thrown [open/src/hotspot/share/prims/jni.cpp, line 520]
Event: 0.047 Thread 0x00007f691002d4c0 Exception <a 'sun/nio/fs/UnixException'{0x00000006350799f0}> (0x00000006350799f0) 
thrown [open/src/hotspot/share/prims/jni.cpp, line 520]
Event: 0.047 Thread 0x00007f691002d4c0 Exception <a 'sun/nio/fs/UnixException'{0x0000000635079fb0}> (0x0000000635079fb0) 
thrown [open/src/hotspot/share/prims/jni.cpp, line 520]
Event: 0.047 Thread 0x00007f691002d4c0 Exception <a 'sun/nio/fs/UnixException'{0x000000063507a588}> (0x000000063507a588) 
thrown [open/src/hotspot/share/prims/jni.cpp, line 520]
Event: 0.521 Thread 0x00007f691002d4c0 Exception <a 'java/lang/NoSuchMethodError'{0x00000006353fb5b0}: 'void java.lang.invoke.DirectMethodHandle$Holder.invokeStatic(java.lang.Object, java.lang.Object)'> (0x00000006353fb5b0) 
thrown [open/src/hotspot/share/interpreter/linkResolver.cpp, line 773]

ZGC Phase Switch (0 events):
No events

VM Operations (2 events):
Event: 0.048 Executing VM operation: HandshakeAllThreads (Deoptimize)
Event: 0.048 Executing VM operation: HandshakeAllThreads (Deoptimize) done

Memory protections (14 events):
Event: 0.001 Protecting memory [0x00007f6917d00000,0x00007f6917d04000] with protection modes 0
Event: 0.021 Protecting memory [0x00007f68ecd00000,0x00007f68ecd04000] with protection modes 0
Event: 0.021 Protecting memory [0x00007f68ecc00000,0x00007f68ecc04000] with protection modes 0
Event: 0.021 Protecting memory [0x00007f68ecb00000,0x00007f68ecb04000] with protection modes 0
Event: 0.021 Protecting memory [0x00007f68eca00000,0x00007f68eca04000] with protection modes 0
Event: 0.022 Protecting memory [0x00007f68ec900000,0x00007f68ec904000] with protection modes 0
Event: 0.022 Protecting memory [0x00007f68ec800000,0x00007f68ec804000] with protection modes 0
Event: 0.022 Protecting memory [0x00007f68ec700000,0x00007f68ec704000] with protection modes 0
Event: 0.038 Protecting memory [0x00007f68ec530000,0x00007f68ec534000] with protection modes 0
Event: 0.044 Protecting memory [0x00007f68ec430000,0x00007f68ec434000] with protection modes 0
Event: 0.050 Protecting memory [0x00007f68ec330000,0x00007f68ec334000] with protection modes 0
Event: 0.056 Protecting memory [0x00007f68ec230000,0x00007f68ec234000] with protection modes 0
Event: 0.059 Protecting memory [0x00007f68ec130000,0x00007f68ec134000] with protection modes 0
Event: 0.523 Protecting memory [0x00007f68ec130000,0x00007f68ec134000] with protection modes 0

Nmethod flushes (0 events):
No events

Events (15 events):
Event: 0.015 Thread 0x00007f691002d4c0 Thread added: 0x00007f691002d4c0
Event: 0.021 Thread 0x00007f691002d4c0 Thread added: 0x00007f691014c560
Event: 0.021 Thread 0x00007f691002d4c0 Thread added: 0x00007f691014dbb0
Event: 0.021 Thread 0x00007f691002d4c0 Thread added: 0x00007f691014f690
Event: 0.021 Thread 0x00007f691002d4c0 Thread added: 0x00007f6910150cd0
Event: 0.021 Thread 0x00007f691002d4c0 Thread added: 0x00007f6910152270
Event: 0.022 Thread 0x00007f691002d4c0 Thread added: 0x00007f6910153e10
Event: 0.022 Thread 0x00007f691002d4c0 Thread added: 0x00007f6910155520
Event: 0.038 Thread 0x00007f691002d4c0 Thread added: 0x00007f6910174a80
Event: 0.044 Thread 0x00007f6910155520 Thread added: 0x00007f685402eaa0
Event: 0.050 Thread 0x00007f6910155520 Thread added: 0x00007f6854050960
Event: 0.056 Thread 0x00007f691002d4c0 Thread added: 0x00007f69101b7bd0
Event: 0.059 Thread 0x00007f6854050960 Thread added: 0x00007f6840051a00
Event: 0.521 Thread 0x00007f6840051a00 Thread exited: 0x00007f6840051a00
Event: 0.523 Thread 0x00007f691002d4c0 Thread added: 0x00007f67e1697530


Dynamic libraries:
200000000-200200000 ---p 00000000 00:00 0 
200200000-200400000 rw-s 00000000 00:05 1129                             /dev/nvidia0
200400000-203400000 rw-s 00000000 00:05 1128                             /dev/nvidiactl
203400000-204400000 ---p 00000000 00:00 0 
204400000-204600000 rw-s 00000000 00:05 1128                             /dev/nvidiactl
204600000-204800000 rw-s 00000000 00:05 1128                             /dev/nvidiactl
204800000-204a00000 rw-s 00000000 00:05 1128                             /dev/nvidiactl
204a00000-204c00000 rw-s 204a00000 00:05 1130                            /dev/nvidia-uvm
204c00000-204e00000 rw-s 00000000 00:05 1128                             /dev/nvidiactl
204e00000-205000000 ---p 00000000 00:00 0 
205000000-205200000 rw-s 00000000 00:05 1128                             /dev/nvidiactl
205200000-300200000 ---p 00000000 00:00 0 
616800000-635400000 rw-p 00000000 00:00 0 
635400000-7ffc00000 ---p 00000000 00:00 0 
7ffc00000-7ffd09000 rw-p 00cb9000 103:05 39860326                        /usr/lib/jvm/jdk-22.0.2-oracle-x64/lib/server/classes.jsa
7ffd09000-800000000 rw-p 00000000 00:00 0 
10000000000-10004000000 ---p 00000000 00:00 0 
5794729a1000-5794729a2000 r-xp 00000000 103:05 39860034                  /usr/lib/jvm/jdk-22.0.2-oracle-x64/bin/java
5794729a3000-5794729a4000 r--p 00001000 103:05 39860034                  /usr/lib/jvm/jdk-22.0.2-oracle-x64/bin/java
5794729a4000-5794729a5000 rw-p 00002000 103:05 39860034                  /usr/lib/jvm/jdk-22.0.2-oracle-x64/bin/java
579472c79000-579472cc2000 rw-p 00000000 00:00 0                          [heap]
7f67e0000000-7f67e1f38000 rw-p 00000000 00:00 0 
7f67e1f38000-7f67e6000000 ---p 00000000 00:00 0 
7f67e8000000-7f67ebfb5000 rw-p 00000000 00:00 0 
7f67ebfb5000-7f67ec000000 ---p 00000000 00:00 0 
7f67f0000000-7f67f3eac000 rw-p 00000000 00:00 0 
7f67f3eac000-7f67f4000000 ---p 00000000 00:00 0 
7f67f6000000-7f67fe000000 ---p 00000000 00:00 0 
7f6800000000-7f6802000000 ---p 00000000 00:00 0 
7f6804000000-7f6804400000 ---p 00000000 00:00 0 
7f6804400000-7f6804600000 rw-s 00000000 00:05 1128                       /dev/nvidiactl
7f6804600000-7f6804800000 rw-s 00000000 00:01 2147                       /dev/zero (deleted)
7f6804800000-7f6804a00000 rw-s 00000000 00:01 2148                       /dev/zero (deleted)
7f6804a00000-7f6805000000 ---p 00000000 00:00 0 
7f6805000000-7f6805200000 rw-s 00000000 00:05 1128                       /dev/nvidiactl
7f6805200000-7f6805400000 ---p 00000000 00:00 0 
7f6805400000-7f6805600000 rw-s 00000000 00:01 2150                       /dev/zero (deleted)
7f6805600000-7f6805b33000 rw-s 00000000 00:05 1128                       /dev/nvidiactl
7f6805b33000-7f6806000000 ---p 00000000 00:00 0 
7f6808000000-7f6808021000 rw-p 00000000 00:00 0 
7f6808021000-7f680c000000 ---p 00000000 00:00 0 
7f6810000000-7f6820000000 ---p 00000000 00:00 0 
7f6822000000-7f6828000000 ---p 00000000 00:00 0 
7f6828000000-7f6828021000 rw-p 00000000 00:00 0 
7f6828021000-7f682c000000 ---p 00000000 00:00 0 
7f682f000000-7f6833aa3000 r-xp 00000000 103:05 39063741                  /usr/lib/x86_64-linux-gnu/libcublas.so.10.1.0.105
7f6833aa3000-7f6833ca2000 ---p 04aa3000 103:05 39063741                  /usr/lib/x86_64-linux-gnu/libcublas.so.10.1.0.105
7f6833ca2000-7f6833cb0000 rw-p 04aa2000 103:05 39063741                  /usr/lib/x86_64-linux-gnu/libcublas.so.10.1.0.105
7f6833cb0000-7f6833cba000 rw-p 00000000 00:00 0 
7f6834000000-7f6834057000 rw-p 00000000 00:00 0 
7f6834057000-7f6838000000 ---p 00000000 00:00 0 
7f683c000000-7f683c021000 rw-p 00000000 00:00 0 
7f683c021000-7f6840000000 ---p 00000000 00:00 0 
7f6840000000-7f68400b7000 rw-p 00000000 00:00 0 
7f68400b7000-7f6844000000 ---p 00000000 00:00 0 
7f6848000000-7f6848077000 rw-p 00000000 00:00 0 
7f6848077000-7f684c000000 ---p 00000000 00:00 0 
7f684c000000-7f684c021000 rw-p 00000000 00:00 0 
7f684c021000-7f6850000000 ---p 00000000 00:00 0 
7f6854000000-7f68540a7000 rw-p 00000000 00:00 0 
7f68540a7000-7f6858000000 ---p 00000000 00:00 0 
7f6858000000-7f6858127000 rw-p 00000000 00:00 0 
7f6858127000-7f685c000000 ---p 00000000 00:00 0 
7f6860000000-7f6860021000 rw-p 00000000 00:00 0 
7f6860021000-7f6864000000 ---p 00000000 00:00 0 
7f6864000000-7f6864021000 rw-p 00000000 00:00 0 
7f6864021000-7f6868000000 ---p 00000000 00:00 0 
7f686c000000-7f686c021000 rw-p 00000000 00:00 0 
7f686c021000-7f6870000000 ---p 00000000 00:00 0 
7f6870000000-7f6870021000 rw-p 00000000 00:00 0 
7f6870021000-7f6874000000 ---p 00000000 00:00 0 
7f6878000000-7f6878021000 rw-p 00000000 00:00 0 
7f6878021000-7f687c000000 ---p 00000000 00:00 0 
7f687c000000-7f687c021000 rw-p 00000000 00:00 0 
7f687c021000-7f6880000000 ---p 00000000 00:00 0 
7f6884000000-7f68840b0000 rw-p 00000000 00:00 0 
7f68840b0000-7f6884400000 ---p 00000000 00:00 0 
7f6884400000-7f6884460000 rw-p 00000000 00:00 0 
7f6884460000-7f6888000000 ---p 00000000 00:00 0 
7f6888000000-7f6888021000 rw-p 00000000 00:00 0 
7f6888021000-7f688c000000 ---p 00000000 00:00 0 
7f688ce00000-7f688ce01000 rw-s 00000000 00:05 1128                       /dev/nvidiactl
7f688ce01000-7f688ce02000 rw-s 00000000 00:05 1128                       /dev/nvidiactl
7f688ce02000-7f688ce03000 rw-s 00000000 00:05 1128                       /dev/nvidiactl
7f688ce03000-7f688ce04000 rw-s 00000000 00:05 1128                       /dev/nvidiactl
7f688ce04000-7f688ce05000 rw-s 00000000 00:05 1128                       /dev/nvidiactl
7f688ce05000-7f688ce06000 rw-s 00000000 00:05 1128                       /dev/nvidiactl
7f688ce06000-7f688ce07000 rw-s 00000000 00:05 1128                       /dev/nvidiactl
7f688ce07000-7f688ce08000 rw-s 00000000 00:05 1128                       /dev/nvidiactl
7f688ce08000-7f688ce09000 rw-s 00000000 00:05 1128                       /dev/nvidiactl
7f688ce09000-7f688ce0a000 rw-s 00000000 00:05 1128                       /dev/nvidiactl
7f688ce0a000-7f688ce0b000 rw-s 00000000 00:05 1128                       /dev/nvidiactl
7f688ce0b000-7f688ce0c000 rw-s 00000000 00:05 1128                       /dev/nvidiactl
7f688ce0c000-7f688ce0d000 rw-s 00000000 00:05 1128                       /dev/nvidiactl
7f688ce0d000-7f688ce0e000 rw-s 00000000 00:05 1128                       /dev/nvidiactl
7f688ce0e000-7f688ce0f000 rw-s 00000000 00:05 1128                       /dev/nvidiactl
7f688ce0f000-7f688ce10000 rw-s 00000000 00:05 1128                       /dev/nvidiactl
7f688ce10000-7f688de21000 ---p 00000000 00:00 0 
7f688e000000-7f688ec7a000 rw-p 00001000 103:05 39860326                  /usr/lib/jvm/jdk-22.0.2-oracle-x64/lib/server/classes.jsa
7f688ec7a000-7f688f000000 ---p 00000000 00:00 0 
7f688f000000-7f688f010000 rw-p 00000000 00:00 0 
7f688f010000-7f688f040000 ---p 00000000 00:00 0 
7f688f040000-7f688f050000 rw-p 00000000 00:00 0 
7f688f050000-7f68cf000000 ---p 00000000 00:00 0 
7f68cf600000-7f68cf601000 ---p 00000000 00:00 0 
7f68cf601000-7f68cfe01000 rw-p 00000000 00:00 0 
7f68d0000000-7f68d0021000 rw-p 00000000 00:00 0 
7f68d0021000-7f68d4000000 ---p 00000000 00:00 0 
7f68d4800000-7f68d4801000 ---p 00000000 00:00 0 
7f68d4801000-7f68d5001000 rw-p 00000000 00:00 0 
7f68d5200000-7f68d6221000 ---p 00000000 00:00 0 
7f68d6400000-7f68d64db000 r--p 00000000 103:05 39066653                  /usr/lib/x86_64-linux-gnu/libcuda.so.550.54.15
7f68d64db000-7f68d6973000 r-xp 000db000 103:05 39066653                  /usr/lib/x86_64-linux-gnu/libcuda.so.550.54.15
7f68d6973000-7f68d7e03000 r--p 00573000 103:05 39066653                  /usr/lib/x86_64-linux-gnu/libcuda.so.550.54.15
7f68d7e03000-7f68d7e1a000 r--p 01a02000 103:05 39066653                  /usr/lib/x86_64-linux-gnu/libcuda.so.550.54.15
7f68d7e1a000-7f68d7f15000 rw-p 01a19000 103:05 39066653                  /usr/lib/x86_64-linux-gnu/libcuda.so.550.54.15
7f68d7f15000-7f68d7f7b000 rw-p 00000000 00:00 0 
7f68d8000000-7f68d8021000 rw-p 00000000 00:00 0 
7f68d8021000-7f68dc000000 ---p 00000000 00:00 0 
7f68dc000000-7f68dc021000 rw-p 00000000 00:00 0 
7f68dc021000-7f68e0000000 ---p 00000000 00:00 0 
7f68e0600000-7f68e085a000 rw-p 00000000 00:00 0 
7f68e0a00000-7f68e0a01000 ---p 00000000 00:00 0 
7f68e0a01000-7f68e1201000 rw-p 00000000 00:00 0 
7f68e12be000-7f68e1400000 rw-p 00000000 00:00 0 
7f68e1400000-7f68e36e6000 r-xp 00000000 103:05 39063740                  /usr/lib/x86_64-linux-gnu/libcublasLt.so.10.1.0.105
7f68e36e6000-7f68e38e6000 ---p 022e6000 103:05 39063740                  /usr/lib/x86_64-linux-gnu/libcublasLt.so.10.1.0.105
7f68e38e6000-7f68e3958000 rw-p 022e6000 103:05 39063740                  /usr/lib/x86_64-linux-gnu/libcublasLt.so.10.1.0.105
7f68e3958000-7f68e3960000 rw-p 00000000 00:00 0 
7f68e397f000-7f68e3b7f000 rw-s 00000000 00:01 2149                       /dev/zero (deleted)
7f68e3b7f000-7f68e3c00000 rw-p 00000000 00:00 0 
7f68e3c00000-7f68e3c9d000 r--p 00000000 103:05 39063721                  /usr/lib/x86_64-linux-gnu/libstdc++.so.6.0.33
7f68e3c9d000-7f68e3ddd000 r-xp 0009d000 103:05 39063721                  /usr/lib/x86_64-linux-gnu/libstdc++.so.6.0.33
7f68e3ddd000-7f68e3e6b000 r--p 001dd000 103:05 39063721                  /usr/lib/x86_64-linux-gnu/libstdc++.so.6.0.33
7f68e3e6b000-7f68e3e76000 r--p 0026b000 103:05 39063721                  /usr/lib/x86_64-linux-gnu/libstdc++.so.6.0.33
7f68e3e76000-7f68e3e79000 rw-p 00276000 103:05 39063721                  /usr/lib/x86_64-linux-gnu/libstdc++.so.6.0.33
7f68e3e79000-7f68e3e7d000 rw-p 00000000 00:00 0 
7f68e3ede000-7f68e4021000 rw-p 00000000 00:00 0 
7f68e4021000-7f68e8000000 ---p 00000000 00:00 0 
7f68e8000000-7f68e8021000 rw-p 00000000 00:00 0 
7f68e8021000-7f68ec000000 ---p 00000000 00:00 0 
7f68ec060000-7f68ec074000 r--p 00000000 103:05 26738754                  /tmp/libJCublas2-10.1.0-linux-x86_64.so
7f68ec074000-7f68ec0fc000 r-xp 00014000 103:05 26738754                  /tmp/libJCublas2-10.1.0-linux-x86_64.so
7f68ec0fc000-7f68ec129000 r--p 0009c000 103:05 26738754                  /tmp/libJCublas2-10.1.0-linux-x86_64.so
7f68ec129000-7f68ec12a000 ---p 000c9000 103:05 26738754                  /tmp/libJCublas2-10.1.0-linux-x86_64.so
7f68ec12a000-7f68ec12d000 r--p 000c9000 103:05 26738754                  /tmp/libJCublas2-10.1.0-linux-x86_64.so
7f68ec12d000-7f68ec12e000 rw-p 000cc000 103:05 26738754                  /tmp/libJCublas2-10.1.0-linux-x86_64.so
7f68ec12e000-7f68ec130000 rw-p 00000000 00:00 0 
7f68ec130000-7f68ec134000 ---p 00000000 00:00 0 
7f68ec134000-7f68ec230000 rw-p 00000000 00:00 0 
7f68ec230000-7f68ec234000 ---p 00000000 00:00 0 
7f68ec234000-7f68ec330000 rw-p 00000000 00:00 0 
7f68ec330000-7f68ec334000 ---p 00000000 00:00 0 
7f68ec334000-7f68ec430000 rw-p 00000000 00:00 0 
7f68ec430000-7f68ec434000 ---p 00000000 00:00 0 
7f68ec434000-7f68ec530000 rw-p 00000000 00:00 0 
7f68ec530000-7f68ec534000 ---p 00000000 00:00 0 
7f68ec534000-7f68ec630000 rw-p 00000000 00:00 0 
7f68ec630000-7f68ec6fe000 r-xp 00000000 103:05 39860299                  /usr/lib/jvm/jdk-22.0.2-oracle-x64/lib/libjsvml.so
7f68ec6fe000-7f68ec6ff000 r--p 000cd000 103:05 39860299                  /usr/lib/jvm/jdk-22.0.2-oracle-x64/lib/libjsvml.so
7f68ec6ff000-7f68ec700000 rw-p 000ce000 103:05 39860299                  /usr/lib/jvm/jdk-22.0.2-oracle-x64/lib/libjsvml.so
7f68ec700000-7f68ec704000 ---p 00000000 00:00 0 
7f68ec704000-7f68ec800000 rw-p 00000000 00:00 0 
7f68ec800000-7f68ec804000 ---p 00000000 00:00 0 
7f68ec804000-7f68ec900000 rw-p 00000000 00:00 0 
7f68ec900000-7f68ec904000 ---p 00000000 00:00 0 
7f68ec904000-7f68eca00000 rw-p 00000000 00:00 0 
7f68eca00000-7f68eca04000 ---p 00000000 00:00 0 
7f68eca04000-7f68ecb00000 rw-p 00000000 00:00 0 
7f68ecb00000-7f68ecb04000 ---p 00000000 00:00 0 
7f68ecb04000-7f68ecc00000 rw-p 00000000 00:00 0 
7f68ecc00000-7f68ecc04000 ---p 00000000 00:00 0 
7f68ecc04000-7f68ecd00000 rw-p 00000000 00:00 0 
7f68ecd00000-7f68ecd04000 ---p 00000000 00:00 0 
7f68ecd04000-7f68ece00000 rw-p 00000000 00:00 0 
7f68ece00000-7f68ed375000 r--p 00000000 103:05 39061600                  /usr/lib/locale/locale-archive
7f68ed3c1000-7f68ed3f4000 rw-p 00000000 00:00 0 
7f68ed3f4000-7f68ed3f5000 ---p 00000000 00:00 0 
7f68ed3f5000-7f68ed4f5000 rw-p 00000000 00:00 0 
7f68ed4f5000-7f68ed4f6000 ---p 00000000 00:00 0 
7f68ed4f6000-7f68ed5f6000 rw-p 00000000 00:00 0 
7f68ed5f6000-7f68ed5f7000 ---p 00000000 00:00 0 
7f68ed5f7000-7f68ed6f7000 rw-p 00000000 00:00 0 
7f68ed6f7000-7f68ed6f8000 ---p 00000000 00:00 0 
7f68ed6f8000-7f68ed7f8000 rw-p 00000000 00:00 0 
7f68ed7f8000-7f68f07b0000 rw-p 00000000 00:00 0 
7f68f07b0000-7f68f7a50000 ---p 00000000 00:00 0 
7f68f7a50000-7f68f7a60000 rw-p 00000000 00:00 0 
7f68f7a7e000-7f68f7cf6000 rw-p 00000000 00:00 0 
7f68f7cf6000-7f68f8b4a000 ---p 00000000 00:00 0 
7f68f8b4a000-7f68f8b4c000 rw-p 00000000 00:00 0 
7f68f8b61000-7f68f8b73000 r--p 00000000 103:05 26738753                  /tmp/libJCudaRuntime-10.1.0-linux-x86_64.so
7f68f8b73000-7f68f8bdb000 r-xp 00012000 103:05 26738753                  /tmp/libJCudaRuntime-10.1.0-linux-x86_64.so
7f68f8bdb000-7f68f8bf8000 r--p 0007a000 103:05 26738753                  /tmp/libJCudaRuntime-10.1.0-linux-x86_64.so
7f68f8bf8000-7f68f8bf9000 ---p 00097000 103:05 26738753                  /tmp/libJCudaRuntime-10.1.0-linux-x86_64.so
7f68f8bf9000-7f68f8bfd000 r--p 00097000 103:05 26738753                  /tmp/libJCudaRuntime-10.1.0-linux-x86_64.so
7f68f8bfd000-7f68f8bfe000 rw-p 0009b000 103:05 26738753                  /tmp/libJCudaRuntime-10.1.0-linux-x86_64.so
7f68f8bfe000-7f68f8c00000 rw-p 00000000 00:00 0 
7f68f8c00000-7f68f8e70000 rwxp 00000000 00:00 0 
7f68f8e70000-7f690005f000 ---p 00000000 00:00 0 
7f690005f000-7f69002df000 rwxp 00000000 00:00 0 
7f69002df000-7f69007a0000 ---p 00000000 00:00 0 
7f69007a0000-7f6900a10000 rwxp 00000000 00:00 0 
7f6900a10000-7f6907c00000 ---p 00000000 00:00 0 
7f6907c00000-7f690ffbb000 r--s 00000000 103:05 39860317                  /usr/lib/jvm/jdk-22.0.2-oracle-x64/lib/modules
7f690ffbd000-7f6913c52000 rw-p 00000000 00:00 0 
7f6913c52000-7f6914000000 ---p 00000000 00:00 0 
7f691400a000-7f691404b000 rw-p 00000000 00:00 0 
7f691404b000-7f691404f000 r--p 00000000 103:05 39063720                  /usr/lib/x86_64-linux-gnu/libgcc_s.so.1
7f691404f000-7f6914072000 r-xp 00004000 103:05 39063720                  /usr/lib/x86_64-linux-gnu/libgcc_s.so.1
7f6914072000-7f6914076000 r--p 00027000 103:05 39063720                  /usr/lib/x86_64-linux-gnu/libgcc_s.so.1
7f6914076000-7f6914077000 r--p 0002b000 103:05 39063720                  /usr/lib/x86_64-linux-gnu/libgcc_s.so.1
7f6914077000-7f6914078000 rw-p 0002c000 103:05 39063720                  /usr/lib/x86_64-linux-gnu/libgcc_s.so.1
7f6914078000-7f69144fd000 rw-p 00000000 00:00 0 
7f69144fd000-7f69144fe000 ---p 00000000 00:00 0 
7f69144fe000-7f69145fe000 rw-p 00000000 00:00 0 
7f69145fe000-7f69145ff000 ---p 00000000 00:00 0 
7f69145ff000-7f69146ff000 rw-p 00000000 00:00 0 
7f69146ff000-7f6914700000 ---p 00000000 00:00 0 
7f6914700000-7f6914800000 rw-p 00000000 00:00 0 
7f6914800000-7f69148f6000 rw-p 00000000 00:00 0 
7f69148f6000-7f691574a000 ---p 00000000 00:00 0 
7f691574a000-7f691574c000 rw-p 00000000 00:00 0 
7f691575e000-7f6915765000 r--s 00000000 103:05 39070655                  /usr/lib/x86_64-linux-gnu/gconv/gconv-modules.cache
7f6915765000-7f6915775000 -w-s 00000000 00:05 1129                       /dev/nvidia0
7f6915775000-7f6915788000 r-xp 00000000 103:05 39860307                  /usr/lib/jvm/jdk-22.0.2-oracle-x64/lib/libnio.so
7f6915788000-7f6915789000 ---p 00013000 103:05 39860307                  /usr/lib/jvm/jdk-22.0.2-oracle-x64/lib/libnio.so
7f6915789000-7f691578a000 r--p 00013000 103:05 39860307                  /usr/lib/jvm/jdk-22.0.2-oracle-x64/lib/libnio.so
7f691578a000-7f691578b000 rw-p 00014000 103:05 39860307                  /usr/lib/jvm/jdk-22.0.2-oracle-x64/lib/libnio.so
7f691578b000-7f6916633000 rw-p 00000000 00:00 0 
7f6916633000-7f6916717000 ---p 00000000 00:00 0 
7f6916717000-7f691671c000 rw-p 00000000 00:00 0 
7f691671c000-7f6916800000 ---p 00000000 00:00 0 
7f6916800000-7f6917b40000 r-xp 00000000 103:05 39860329                  /usr/lib/jvm/jdk-22.0.2-oracle-x64/lib/server/libjvm.so
7f6917b40000-7f6917b41000 ---p 01340000 103:05 39860329                  /usr/lib/jvm/jdk-22.0.2-oracle-x64/lib/server/libjvm.so
7f6917b41000-7f6917c0e000 r--p 01340000 103:05 39860329                  /usr/lib/jvm/jdk-22.0.2-oracle-x64/lib/server/libjvm.so
7f6917c0e000-7f6917c3c000 rw-p 0140d000 103:05 39860329                  /usr/lib/jvm/jdk-22.0.2-oracle-x64/lib/server/libjvm.so
7f6917c3c000-7f6917cb2000 rw-p 00000000 00:00 0 
7f6917cb8000-7f6917cbf000 r-xp 00000000 103:05 39860316                  /usr/lib/jvm/jdk-22.0.2-oracle-x64/lib/libzip.so
7f6917cbf000-7f6917cc0000 ---p 00007000 103:05 39860316                  /usr/lib/jvm/jdk-22.0.2-oracle-x64/lib/libzip.so
7f6917cc0000-7f6917cc1000 r--p 00007000 103:05 39860316                  /usr/lib/jvm/jdk-22.0.2-oracle-x64/lib/libzip.so
7f6917cc1000-7f6917cc2000 rw-p 00008000 103:05 39860316                  /usr/lib/jvm/jdk-22.0.2-oracle-x64/lib/libzip.so
7f6917cc2000-7f6917d00000 rw-p 00000000 00:00 0 
7f6917d00000-7f6917d04000 ---p 00000000 00:00 0 
7f6917d04000-7f6917e00000 rw-p 00000000 00:00 0 
7f6917e00000-7f6917e28000 r--p 00000000 103:05 39070666                  /usr/lib/x86_64-linux-gnu/libc.so.6
7f6917e28000-7f6917fb0000 r-xp 00028000 103:05 39070666                  /usr/lib/x86_64-linux-gnu/libc.so.6
7f6917fb0000-7f6917fff000 r--p 001b0000 103:05 39070666                  /usr/lib/x86_64-linux-gnu/libc.so.6
7f6917fff000-7f6918003000 r--p 001fe000 103:05 39070666                  /usr/lib/x86_64-linux-gnu/libc.so.6
7f6918003000-7f6918005000 rw-p 00202000 103:05 39070666                  /usr/lib/x86_64-linux-gnu/libc.so.6
7f6918005000-7f6918012000 rw-p 00000000 00:00 0 
7f6918012000-7f691801d000 r-xp 00000000 103:05 39860306                  /usr/lib/jvm/jdk-22.0.2-oracle-x64/lib/libnet.so
7f691801d000-7f691801e000 ---p 0000b000 103:05 39860306                  /usr/lib/jvm/jdk-22.0.2-oracle-x64/lib/libnet.so
7f691801e000-7f691801f000 r--p 0000b000 103:05 39860306                  /usr/lib/jvm/jdk-22.0.2-oracle-x64/lib/libnet.so
7f691801f000-7f6918020000 rw-p 0000c000 103:05 39860306                  /usr/lib/jvm/jdk-22.0.2-oracle-x64/lib/libnet.so
7f6918020000-7f6918040000 r-xp 00000000 103:05 39860291                  /usr/lib/jvm/jdk-22.0.2-oracle-x64/lib/libjava.so
7f6918040000-7f6918041000 ---p 00020000 103:05 39860291                  /usr/lib/jvm/jdk-22.0.2-oracle-x64/lib/libjava.so
7f6918041000-7f6918042000 r--p 00020000 103:05 39860291                  /usr/lib/jvm/jdk-22.0.2-oracle-x64/lib/libjava.so
7f6918042000-7f6918043000 rw-p 00021000 103:05 39860291                  /usr/lib/jvm/jdk-22.0.2-oracle-x64/lib/libjava.so
7f6918043000-7f6918044000 rw-p 00000000 00:00 0 
7f6918044000-7f6918062000 r-xp 00000000 103:05 39860295                  /usr/lib/jvm/jdk-22.0.2-oracle-x64/lib/libjimage.so
7f6918062000-7f6918064000 r--p 0001d000 103:05 39860295                  /usr/lib/jvm/jdk-22.0.2-oracle-x64/lib/libjimage.so
7f6918064000-7f6918065000 rw-p 0001f000 103:05 39860295                  /usr/lib/jvm/jdk-22.0.2-oracle-x64/lib/libjimage.so
7f6918065000-7f6918075000 r--p 00000000 103:05 39070669                  /usr/lib/x86_64-linux-gnu/libm.so.6
7f6918075000-7f69180f4000 r-xp 00010000 103:05 39070669                  /usr/lib/x86_64-linux-gnu/libm.so.6
7f69180f4000-7f691814c000 r--p 0008f000 103:05 39070669                  /usr/lib/x86_64-linux-gnu/libm.so.6
7f691814c000-7f691814d000 r--p 000e7000 103:05 39070669                  /usr/lib/x86_64-linux-gnu/libm.so.6
7f691814d000-7f691814e000 rw-p 000e8000 103:05 39070669                  /usr/lib/x86_64-linux-gnu/libm.so.6
7f691814e000-7f691814f000 r--p 00000000 103:05 39070680                  /usr/lib/x86_64-linux-gnu/librt.so.1
7f691814f000-7f6918150000 r-xp 00001000 103:05 39070680                  /usr/lib/x86_64-linux-gnu/librt.so.1
7f6918150000-7f6918151000 r--p 00002000 103:05 39070680                  /usr/lib/x86_64-linux-gnu/librt.so.1
7f6918151000-7f6918152000 r--p 00002000 103:05 39070680                  /usr/lib/x86_64-linux-gnu/librt.so.1
7f6918152000-7f6918153000 rw-p 00003000 103:05 39070680                  /usr/lib/x86_64-linux-gnu/librt.so.1
7f6918153000-7f6918157000 rw-p 00000000 00:00 0 
7f6918157000-7f6918158000 r--p 00000000 103:05 39070668                  /usr/lib/x86_64-linux-gnu/libdl.so.2
7f6918158000-7f6918159000 r-xp 00001000 103:05 39070668                  /usr/lib/x86_64-linux-gnu/libdl.so.2
7f6918159000-7f691815a000 r--p 00002000 103:05 39070668                  /usr/lib/x86_64-linux-gnu/libdl.so.2
7f691815a000-7f691815b000 r--p 00002000 103:05 39070668                  /usr/lib/x86_64-linux-gnu/libdl.so.2
7f691815b000-7f691815c000 rw-p 00003000 103:05 39070668                  /usr/lib/x86_64-linux-gnu/libdl.so.2
7f691815c000-7f691815d000 r--p 00000000 103:05 39070678                  /usr/lib/x86_64-linux-gnu/libpthread.so.0
7f691815d000-7f691815e000 r-xp 00001000 103:05 39070678                  /usr/lib/x86_64-linux-gnu/libpthread.so.0
7f691815e000-7f691815f000 r--p 00002000 103:05 39070678                  /usr/lib/x86_64-linux-gnu/libpthread.so.0
7f691815f000-7f6918160000 r--p 00002000 103:05 39070678                  /usr/lib/x86_64-linux-gnu/libpthread.so.0
7f6918160000-7f6918161000 rw-p 00003000 103:05 39070678                  /usr/lib/x86_64-linux-gnu/libpthread.so.0
7f6918161000-7f691816f000 r-xp 00000000 103:05 39860296                  /usr/lib/jvm/jdk-22.0.2-oracle-x64/lib/libjli.so
7f691816f000-7f6918170000 r--p 0000e000 103:05 39860296                  /usr/lib/jvm/jdk-22.0.2-oracle-x64/lib/libjli.so
7f6918170000-7f6918171000 rw-p 0000f000 103:05 39860296                  /usr/lib/jvm/jdk-22.0.2-oracle-x64/lib/libjli.so
7f6918171000-7f6918173000 r--p 00000000 103:05 39063281                  /usr/lib/x86_64-linux-gnu/libz.so.1.3
7f6918173000-7f6918185000 r-xp 00002000 103:05 39063281                  /usr/lib/x86_64-linux-gnu/libz.so.1.3
7f6918185000-7f691818b000 r--p 00014000 103:05 39063281                  /usr/lib/x86_64-linux-gnu/libz.so.1.3
7f691818b000-7f691818c000 r--p 0001a000 103:05 39063281                  /usr/lib/x86_64-linux-gnu/libz.so.1.3
7f691818c000-7f691818d000 rw-p 0001b000 103:05 39063281                  /usr/lib/x86_64-linux-gnu/libz.so.1.3
7f691818e000-7f6918193000 rw-p 00000000 00:00 0 
7f6918193000-7f691819d000 ---p 00000000 00:00 0 
7f691819d000-7f69181a5000 rw-s 00000000 103:05 26739223                  /tmp/hsperfdata_edov/11588
7f69181a5000-7f69181a6000 ---p 00000000 00:00 0 
7f69181a6000-7f69181a7000 r--p 00000000 00:00 0 
7f69181a7000-7f69181a8000 ---p 00000000 00:00 0 
7f69181a8000-7f69181aa000 rw-p 00000000 00:00 0 
7f69181aa000-7f69181ab000 r--p 00000000 103:05 39070663                  /usr/lib/x86_64-linux-gnu/ld-linux-x86-64.so.2
7f69181ab000-7f69181d6000 r-xp 00001000 103:05 39070663                  /usr/lib/x86_64-linux-gnu/ld-linux-x86-64.so.2
7f69181d6000-7f69181e0000 r--p 0002c000 103:05 39070663                  /usr/lib/x86_64-linux-gnu/ld-linux-x86-64.so.2
7f69181e0000-7f69181e2000 r--p 00036000 103:05 39070663                  /usr/lib/x86_64-linux-gnu/ld-linux-x86-64.so.2
7f69181e2000-7f69181e4000 rw-p 00038000 103:05 39070663                  /usr/lib/x86_64-linux-gnu/ld-linux-x86-64.so.2
7ffe21609000-7ffe2162b000 rw-p 00000000 00:00 0                          [stack]
7ffe21687000-7ffe2168b000 r--p 00000000 00:00 0                          [vvar]
7ffe2168b000-7ffe2168d000 r-xp 00000000 00:00 0                          [vdso]
ffffffffff600000-ffffffffff601000 --xp 00000000 00:00 0                  [vsyscall]
Total number of mappings: 308


VM Arguments:
jvm_args: -Dfile.encoding=UTF-8 --module-path=/home/edov/projects/JCudaWrapper/build/classes 
java_command: storage.DArray
java_class_path (initial): /home/edov/projects/JCudaWrapper/JCuda-All-10.1.0/jcublas-10.1.0-javadoc.jar:/home/edov/projects/JCudaWrapper/JCuda-All-10.1.0/jcublas-10.1.0-sources.jar:/home/edov/projects/JCudaWrapper/JCuda-All-10.1.0/jcublas-10.1.0.jar:/home/edov/projects/JCudaWrapper/JCuda-All-10.1.0/jcublas-natives-10.1.0-apple-x86_64.jar:/home/edov/projects/JCudaWrapper/JCuda-All-10.1.0/jcublas-natives-10.1.0-javadoc.jar:/home/edov/projects/JCudaWrapper/JCuda-All-10.1.0/jcublas-natives-10.1.0-linux-x86_64.jar:/home/edov/projects/JCudaWrapper/JCuda-All-10.1.0/jcublas-natives-10.1.0-sources.jar:/home/edov/projects/JCudaWrapper/JCuda-All-10.1.0/jcublas-natives-10.1.0-windows-x86_64.jar:/home/edov/projects/JCudaWrapper/JCuda-All-10.1.0/jcublas-natives-10.1.0.jar:/home/edov/projects/JCudaWrapper/JCuda-All-10.1.0/jcuda-10.1.0-javadoc.jar:/home/edov/projects/JCudaWrapper/JCuda-All-10.1.0/jcuda-10.1.0-sources.jar:/home/edov/projects/JCudaWrapper/JCuda-All-10.1.0/jcuda-10.1.0.jar:/home/edov/projects/JCudaWrapper/JCuda-All-10.1.0/jcuda-common-10.1.0-javadoc.jar:/home/edov/projects/JCudaWrapper/JCuda-All-10.1.0/jcuda-common-10.1.0-sources.jar:/home/edov/projects/JCudaWrapper/JCuda-All-10.1.0/jcuda-common-10.1.0.jar:/home/edov/projects/JCudaWrapper/JCuda-All-10.1.0/jcuda-natives-10.1.0-apple-x86_64.jar:/home/edov/projects/JCudaWrapper/JCuda-All-10.1.0/jcuda-natives-10.1.0-javadoc.jar:/home/edov/projects/JCudaWrapper/JCuda-All-10.1.0/jcuda-natives-10.1.0-linux-x86_64.jar:/home/edov/projects/JCudaWrapper/JCuda-All-10.1.0/jcuda-natives-10.1.0-sources.jar:/home/edov/projects/JCudaWrapper/JCuda-All-10.1.0/jcuda-natives-10.1.0-windows-x86_64.jar:/home/edov/projects/JCudaWrapper/JCuda-All-10.1.0/jcuda-natives-10.1.0.jar:/home/edov/projects/JCudaWrapper/JCuda-All-10.1.0/jcudnn-10.1.0-javadoc.jar:/home/edov/projects/JCudaWrapper/JCuda-All-10.1.0/jcudnn-10.1.0-sources.jar:/home/edov/projects/JCudaWrapper/JCuda-All-10.1.0/jcudnn-10.1.0.jar:/home/edov/projects/JCudaWrapper/JCuda-All-10.1.0/jcudnn-natives-10.1.0-apple-x86_64.jar:/home/edov/projects/JCudaWrapper/JCuda-All-10.1.0/jcudnn-natives-10.1.0-javadoc.jar:/home/edov/projects/JCudaWrapper/JCuda-All-10.1.0/jcudnn-natives-10.1.0-linux-x86_64.jar:/home/edov/projects/JCudaWrapper/JCuda-All-10.1.0/jcudnn-natives-10.1.0-sources.jar:/home/edov/projects/JCudaWrapper/JCuda-All-10.1.0/jcudnn-natives-10.1.0-windows-x86_64.jar:/home/edov/projects/JCudaWrapper/JCuda-All-10.1.0/jcudnn-natives-10.1.0.jar:/home/edov/projects/JCudaWrapper/JCuda-All-10.1.0/jcufft-10.1.0-javadoc.jar:/home/edov/projects/JCudaWrapper/JCuda-All-10.1.0/jcufft-10.1.0-sources.jar:/home/edov/projects/JCudaWrapper/JCuda-All-10.1.0/jcufft-10.1.0.jar:/home/edov/projects/JCudaWrapper/JCuda-All-10.1.0/jcufft-natives-10.1.0-apple-x86_64.jar:/home/edov/projects/JCudaWrapper/JCuda-All-10.1.0/jcufft-natives-10.1.0-javadoc.jar:/home/edov/projects/JCudaWrapper/JCuda-All-10.1.0/jcufft-natives-10.1.0-linux-x86_64.jar:/home/edov/projects/JCudaWrapper/JCuda-All-10.1.0/jcufft-natives-10.1.0-sources.jar:/home/edov/projects/JCudaWrapper/JCuda-All-10.1.0/jcufft-natives-10.1.0-windows-x86_64.jar:/home/edov/projects/JCudaWrapper/JCuda-All-10.1.0/jcufft-natives-10.1.0.jar:/home/edov/projects/JCudaWrapper/JCuda-All-10.1.0/jcurand-10.1.0-javadoc.jar:/home/edov/projects/JCudaWrapper/JCuda-All-10.1.0/jcurand-10.1.0-sources.jar:/home/edov/projects/JCudaWrapper/JCuda-All-10.1.0/jcurand-10.1.0.jar:/home/edov/projects/JCudaWrapper/JCuda-All-10.1.0/jcurand-natives-10.1.0-apple-x86_64.jar:/home/edov/projects/JCudaWrapper/JCuda-All-10.1.0/jcurand-natives-10.1.0-javadoc.jar:/home/edov/projects/JCudaWrapper/JCuda-All-10.1.0/jcurand-natives-10.1.0-linux-x86_64.jar:/home/edov/projects/JCudaWrapper/JCuda-All-10.1.0/jcurand-natives-10.1.0-sources.jar:/home/edov/projects/JCudaWrapper/JCuda-All-10.1.0/jcurand-natives-10.1.0-windows-x86_64.jar:/home/edov/projects/JCudaWrapper/JCuda-All-10.1.0/jcurand-natives-10.1.0.jar:/home/edov/projects/JCudaWrapper/JCuda-All-10.1.0/jcusolver-10.1.0-javadoc.jar:/home/edov/projects/JCudaWrapper/JCuda-All-10.1.0/jcusolver-10.1.0-sources.jar:/home/edov/projects/JCudaWrapper/JCuda-All-10.1.0/jcusolver-10.1.0.jar:/home/edov/projects/JCudaWrapper/JCuda-All-10.1.0/jcusolver-natives-10.1.0-apple-x86_64.jar:/home/edov/projects/JCudaWrapper/JCuda-All-10.1.0/jcusolver-natives-10.1.0-javadoc.jar:/home/edov/projects/JCudaWrapper/JCuda-All-10.1.0/jcusolver-natives-10.1.0-linux-x86_64.jar:/home/edov/projects/JCudaWrapper/JCuda-All-10.1.0/jcusolver-natives-10.1.0-sources.jar:/home/edov/projects/JCudaWrapper/JCuda-All-10.1.0/jcusolver-natives-10.1.0-windows-x86_64.jar:/home/edov/projects/JCudaWrapper/JCuda-All-10.1.0/jcusolver-natives-10.1.0.jar:/home/edov/projects/JCudaWrapper/JCuda-All-10.1.0/jcusparse-10.1.0-javadoc.jar:/home/edov/projects/JCudaWrapper/JCuda-All-10.1.0/jcusparse-10.1.0-sources.jar:/home/edov/projects/JCudaWrapper/JCuda-All-10.1.0/jcusparse-10.1.0.jar:/home/edov/projects/JCudaWrapper/JCuda-All-10.1.0/jcusparse-natives-10.1.0-apple-x86_64.jar:/home/edov/projects/JCudaWrapper/JCuda-All-10.1.0/jcusparse-natives-10.1.0-javadoc.jar:/home/edov/projects/JCudaWrapper/JCuda-All-10.1.0/jcusparse-natives-10.1.0-linux-x86_64.jar:/home/edov/projects/JCudaWrapper/JCuda-All-10.1.0/jcusparse-natives-10.1.0-sources.jar:/home/edov/projects/JCudaWrapper/JCuda-All-10.1.0/jcusparse-natives-10.1.0-windows-x86_64.jar:/home/edov/projects/JCudaWrapper/JCuda-All-10.1.0/jcusparse-natives-10.1.0.jar:/home/edov/projects/JCudaWrapper/JCuda-All-10.1.0/jnvgraph-10.1.0-javadoc.jar:/home/edov/projects/JCudaWrapper/JCuda-All-10.1.0/jnvgraph-10.1.0-sources.jar:/home/edov/projects/JCudaWrapper/JCuda-All-10.1.0/jnvgraph-10.1.0.jar:/home/edov/projects/JCudaWrapper/JCuda-All-10.1.0/jnvgraph-natives-10.1.0-apple-x86_64.jar:/home/edov/projects/JCudaWrapper/JCuda-All-10.1.0/jnvgraph-natives-10.1.0-javadoc.jar:/home/edov/projects/JCudaWrapper/JCuda-All-10.1.0/jnvgraph-natives-10.1.0-linux-x86_64.jar:/home/edov/projects/JCudaWrapper/JCuda-All-10.1.0/jnvgraph-natives-10.1.0-sources.jar:/home/edov/projects/JCudaWrapper/JCuda-All-10.1.0/jnvgraph-natives-10.1.0-windows-x86_64.jar:/home/edov/projects/JCudaWrapper/JCuda-All-10.1.0/jnvgraph-natives-10.1.0.jar:/home/edov/projects/JCudaWrapper/commons-math3-3.6.1.jar:/home/edov/projects/JCudaWrapper/build/classes
Launcher Type: SUN_STANDARD

[Global flags]
     intx CICompilerCount                          = 12                                        {product} {ergonomic}
     uint ConcGCThreads                            = 3                                         {product} {ergonomic}
     uint G1ConcRefinementThreads                  = 13                                        {product} {ergonomic}
   size_t G1HeapRegionSize                         = 4194304                                   {product} {ergonomic}
   size_t InitialHeapSize                          = 515899392                                 {product} {ergonomic}
   size_t MarkStackSize                            = 4194304                                   {product} {ergonomic}
   size_t MaxHeapSize                              = 8212447232                                {product} {ergonomic}
   size_t MaxNewSize                               = 4924112896                                {product} {ergonomic}
   size_t MinHeapDeltaBytes                        = 4194304                                   {product} {ergonomic}
   size_t MinHeapSize                              = 8388608                                   {product} {ergonomic}
    uintx NonNMethodCodeHeapSize                   = 7602480                                {pd product} {ergonomic}
    uintx NonProfiledCodeHeapSize                  = 122027880                              {pd product} {ergonomic}
    uintx ProfiledCodeHeapSize                     = 122027880                              {pd product} {ergonomic}
    uintx ReservedCodeCacheSize                    = 251658240                              {pd product} {ergonomic}
     bool SegmentedCodeCache                       = true                                      {product} {ergonomic}
   size_t SoftMaxHeapSize                          = 8212447232                             {manageable} {ergonomic}
     bool UseCompressedOops                        = true                           {product lp64_product} {ergonomic}
     bool UseG1GC                                  = true                                      {product} {ergonomic}

Logging:
Log output configuration:
 #0: stdout all=warning uptime,level,tags foldmultilines=false
 #1: stderr all=off uptime,level,tags foldmultilines=false

Environment Variables:
PATH=/usr/local/sbin:/usr/local/bin:/usr/sbin:/usr/bin:/sbin:/bin:/usr/games:/usr/local/games:/snap/bin:/snap/bin
USERNAME=edov
SHELL=/bin/bash
DISPLAY=:1
LANG=en_IL

Active Locale:
LC_ALL=en_IL
LC_COLLATE=en_IL
LC_CTYPE=en_IL
LC_MESSAGES=en_IL
LC_MONETARY=en_IL
LC_NUMERIC=en_IL
LC_TIME=en_IL

Signal Handlers:
   SIGSEGV: crash_handler in libjvm.so, mask=11100100010111111101111111111110, flags=SA_RESTART|SA_SIGINFO, unblocked
    SIGBUS: crash_handler in libjvm.so, mask=11100100010111111101111111111110, flags=SA_RESTART|SA_SIGINFO, unblocked
    SIGFPE: crash_handler in libjvm.so, mask=11100100010111111101111111111110, flags=SA_RESTART|SA_SIGINFO, unblocked
   SIGPIPE: javaSignalHandler in libjvm.so, mask=11100100010111111101111111111110, flags=SA_RESTART|SA_SIGINFO, blocked
   SIGXFSZ: javaSignalHandler in libjvm.so, mask=11100100010111111101111111111110, flags=SA_RESTART|SA_SIGINFO, blocked
    SIGILL: crash_handler in libjvm.so, mask=11100100010111111101111111111110, flags=SA_RESTART|SA_SIGINFO, unblocked
   SIGUSR2: SR_handler in libjvm.so, mask=00000000000000000000000000000000, flags=SA_RESTART|SA_SIGINFO, blocked
    SIGHUP: UserHandler in libjvm.so, mask=11100100010111111101111111111110, flags=SA_RESTART|SA_SIGINFO, blocked
    SIGINT: SIG_IGN, mask=00000000000000000000000000000000, flags=none, blocked
   SIGTERM: UserHandler in libjvm.so, mask=11100100010111111101111111111110, flags=SA_RESTART|SA_SIGINFO, blocked
   SIGQUIT: UserHandler in libjvm.so, mask=11100100010111111101111111111110, flags=SA_RESTART|SA_SIGINFO, blocked
   SIGTRAP: crash_handler in libjvm.so, mask=11100100010111111101111111111110, flags=SA_RESTART|SA_SIGINFO, unblocked


Periodic native trim disabled

---------------  S Y S T E M  ---------------

OS:
DISTRIB_ID=Ubuntu
DISTRIB_RELEASE=24.04
DISTRIB_CODENAME=noble
DISTRIB_DESCRIPTION="Ubuntu 24.04.1 LTS"
uname: Linux 6.8.0-44-generic #44-Ubuntu SMP PREEMPT_DYNAMIC Tue Aug 13 13:35:26 UTC 2024 x86_64
OS uptime: 0 days 1:14 hours
libc: glibc 2.39 NPTL 2.39 
rlimit (soft/hard): STACK 8192k/infinity , CORE 0k/infinity , NPROC 125013/125013 , NOFILE 1048576/1048576 , AS infinity/infinity , CPU infinity/infinity , DATA infinity/infinity , FSIZE infinity/infinity , MEMLOCK 4009332k/4009332k
load average: 0.72 0.66 0.62

/proc/meminfo:
MemTotal:       32074664 kB
MemFree:        20309708 kB
MemAvailable:   24034204 kB
Buffers:          200280 kB
Cached:          3894016 kB
SwapCached:            0 kB
Active:          7055184 kB
Inactive:        2423696 kB
Active(anon):    5503872 kB
Inactive(anon):        0 kB
Active(file):    1551312 kB
Inactive(file):  2423696 kB
Unevictable:          48 kB
Mlocked:              48 kB
SwapTotal:       2097148 kB
SwapFree:        2097148 kB
Zswap:                 0 kB
Zswapped:              0 kB
Dirty:               508 kB
Writeback:           324 kB
AnonPages:       5384908 kB
Mapped:          1049728 kB
Shmem:            119288 kB
KReclaimable:     213968 kB
Slab:             531524 kB
SReclaimable:     213968 kB
SUnreclaim:       317556 kB
KernelStack:       25264 kB
PageTables:        64368 kB
SecPageTables:         0 kB
NFS_Unstable:          0 kB
Bounce:                0 kB
WritebackTmp:          0 kB
CommitLimit:    18134480 kB
Committed_AS:   32232844 kB
VmallocTotal:   34359738367 kB
VmallocUsed:      167552 kB
VmallocChunk:          0 kB
Percpu:            18752 kB
HardwareCorrupted:     0 kB
AnonHugePages:         0 kB
ShmemHugePages:        0 kB
ShmemPmdMapped:        0 kB
FileHugePages:         0 kB
FilePmdMapped:         0 kB
Unaccepted:            0 kB
HugePages_Total:       0
HugePages_Free:        0
HugePages_Rsvd:        0
HugePages_Surp:        0
Hugepagesize:       2048 kB
Hugetlb:               0 kB
DirectMap4k:     1911272 kB
DirectMap2M:    17215488 kB
DirectMap1G:    14680064 kB

/sys/kernel/mm/transparent_hugepage/enabled: always [madvise] never
/sys/kernel/mm/transparent_hugepage/hpage_pmd_size: 2097152
/sys/kernel/mm/transparent_hugepage/shmem_enabled: always within_size advise [never] deny force
/sys/kernel/mm/transparent_hugepage/defrag (defrag/compaction efforts parameter): always defer defer+madvise [madvise] never

Process Memory:
Virtual Size: 16509864K (peak: 16509864K)
Resident Set Size: 343596K (peak: 343596K) (anon: 185040K, file: 150364K, shmem: 8192K)
Swapped out: 0K
C-Heap outstanding allocations: 264151K, retained: 3248K
glibc malloc tunables: (default)

/proc/sys/kernel/threads-max (system-wide limit on the number of threads): 250027
/proc/sys/vm/max_map_count (maximum number of memory map areas a process may have): 1048576
/proc/sys/vm/swappiness (control to define how aggressively the kernel swaps out anonymous memory): 60
/proc/sys/kernel/pid_max (system-wide limit on number of process identifiers): 4194304

container (cgroup) information:
container_type: cgroupv2
cpu_cpuset_cpus: not supported
cpu_memory_nodes: not supported
active_processor_count: 16
cpu_quota: not supported
cpu_period: not supported
cpu_shares: not supported
memory_limit_in_bytes: unlimited
memory_and_swap_limit_in_bytes: unlimited
memory_soft_limit_in_bytes: unlimited
memory_usage_in_bytes: 3098068 k
memory_max_usage_in_bytes: not supported
memory_swap_current_in_bytes: unlimited
memory_swap_max_limit_in_bytes: unlimited
maximum number of tasks: 37504
current number of tasks: 129

Steal ticks since vm start: 0
Steal ticks percentage since vm start:  0.000

CPU: total 16 (initial active 16) (16 cores per cpu, 2 threads per core) family 25 model 68 stepping 1 microcode 0xa404101, cx8, cmov, fxsr, ht, mmx, 3dnowpref, sse, sse2, sse3, ssse3, sse4a, sse4.1, sse4.2, popcnt, lzcnt, tsc, tscinvbit, avx, avx2, aes, clmul, bmi1, bmi2, adx, sha, fma, vzeroupper, clflush, clflushopt, rdtscp, rdpid, f16c, pku, ospke, cet_ss
CPU Model and flags from /proc/cpuinfo:
model name	: AMD Ryzen 9 6900HS with Radeon Graphics
flags		: fpu vme de pse tsc msr pae mce cx8 apic sep mtrr pge mca cmov pat pse36 clflush mmx fxsr sse sse2 ht syscall nx mmxext fxsr_opt pdpe1gb rdtscp lm constant_tsc rep_good nopl nonstop_tsc cpuid extd_apicid aperfmperf rapl pni pclmulqdq monitor ssse3 fma cx16 sse4_1 sse4_2 x2apic movbe popcnt aes xsave avx f16c rdrand lahf_lm cmp_legacy svm extapic cr8_legacy abm sse4a misalignsse 3dnowprefetch osvw ibs skinit wdt tce topoext perfctr_core perfctr_nb bpext perfctr_llc mwaitx cpb cat_l3 cdp_l3 hw_pstate ssbd mba ibrs ibpb stibp vmmcall fsgsbase bmi1 avx2 smep bmi2 invpcid cqm rdt_a rdseed adx smap clflushopt clwb sha_ni xsaveopt xsavec xgetbv1 xsaves cqm_llc cqm_occup_llc cqm_mbm_total cqm_mbm_local user_shstk clzero irperf xsaveerptr rdpru wbnoinvd cppc arat npt lbrv svm_lock nrip_save tsc_scale vmcb_clean flushbyasid decodeassists pausefilter pfthreshold avic v_vmsave_vmload vgif v_spec_ctrl umip pku ospke vaes vpclmulqdq rdpid overflow_recov succor smca debug_swap

Online cpus: 0-15
Offline cpus: 
BIOS frequency limitation: <Not Available>
Frequency switch latency (ns): 0
Available cpu frequencies: <Not Available>
Current governor: powersave
Core performance/turbo boost: <Not Available>

Memory: 4k page, physical 32074664k(24034204k free), swap 2097148k(2097148k free)
Page Sizes: 4k

vm_info: Java HotSpot(TM) 64-Bit Server VM (22.0.2+9-70) for linux-amd64 JRE (22.0.2+9-70), built on 2024-06-04T16:52:23Z by "mach5one" with gcc 13.2.0

END.
