#
# A fatal error has been detected by the Java Runtime Environment:
#
#  SIGSEGV (0xb) at pc=0x00007872ab0d1bb8, pid=12930, tid=12935
#
# JRE version: Java(TM) SE Runtime Environment (22.0.2+9) (build 22.0.2+9-70)
# Java VM: Java HotSpot(TM) 64-Bit Server VM (22.0.2+9-70, mixed mode, sharing, tiered, compressed oops, compressed class ptrs, g1 gc, linux-amd64)
# Problematic frame:
# C  [libcublas.so.10+0xd1bb8]
#
# Core dump will be written. Default location: Core dumps may be processed with "/usr/share/apport/apport -p%p -s%s -c%c -d%d -P%P -u%u -g%g -- %E" (or dumping to /home/edov/projects/JCudaWrapper/core.12930)
#
# If you would like to submit a bug report, please visit:
#   https://bugreport.java.com/bugreport/crash.jsp
# The crash happened outside the Java Virtual Machine in native code.
# See problematic frame for where to report the bug.
#

---------------  S U M M A R Y ------------

Command Line: -Dfile.encoding=UTF-8 --module-path=/home/edov/projects/JCudaWrapper/build/classes storage.DArray

Host: AMD Ryzen 9 6900HS with Radeon Graphics, 16 cores, 30G, Ubuntu 24.04.1 LTS
Time: Tue Sep 17 09:30:18 2024 IDT elapsed time: 0.548569 seconds (0d 0h 0m 0s)

---------------  T H R E A D  ---------------

Current thread (0x000078738402d4c0):  JavaThread "main"             [_thread_in_native, id=12935, stack(0x0000787388d00000,0x0000787388e00000) (1024K)]

Stack: [0x0000787388d00000,0x0000787388e00000],  sp=0x0000787388dfe560,  free space=1017k
Native frames: (J=compiled Java code, j=interpreted, Vv=VM code, C=native code)
C  [libcublas.so.10+0xd1bb8]
Java frames: (J=compiled Java code, j=interpreted, Vv=VM code)
j  jcuda.jcublas.JCublas2.cublasDnrm2Native(Ljcuda/jcublas/cublasHandle;ILjcuda/Pointer;ILjcuda/Pointer;)I+0
j  jcuda.jcublas.JCublas2.cublasDnrm2(Ljcuda/jcublas/cublasHandle;ILjcuda/Pointer;ILjcuda/Pointer;)I+6
j  storage.DArray.main([Ljava/lang/String;)V+61
v  ~StubRoutines::call_stub 0x000078737405fcc6

siginfo: si_signo: 11 (SIGSEGV), si_code: 2 (SEGV_ACCERR), si_addr: 0x0000787260e20600

Registers:
RAX=0x0000000000000000, RBX=0x0000000000000001, RCX=0x0000000000000001, RDX=0x0000000000000007
RSP=0x0000787388dfe560, RBP=0x0000000000000002, RSI=0x0000000000000002, RDI=0x0000787267e29a40
R8 =0x0000787260e20600, R9 =0x00000006353fa9a0, R10=0x00007872ab004380, R11=0x00007872ab0cb5b0
R12=0x0000787267e29a40, R13=0x0000000000000001, R14=0x0000787260e20600, R15=0x0000787260e20600
RIP=0x00007872ab0d1bb8, EFLAGS=0x0000000000010202, CSGSFS=0x002b000000000033, ERR=0x0000000000000006
  TRAPNO=0x000000000000000e


Register to memory mapping:

RAX=0x0 is null
RBX=0x0000000000000001 is an unknown value
RCX=0x0000000000000001 is an unknown value
RDX=0x0000000000000007 is an unknown value
RSP=0x0000787388dfe560 is pointing into the stack for thread: 0x000078738402d4c0
RBP=0x0000000000000002 is an unknown value
RSI=0x0000000000000002 is an unknown value
RDI=0x0000787267e29a40 points into unknown readable memory: 0x7fffffff00000200 | 00 02 00 00 ff ff ff 7f
R8 =0x0000787260e20600 is an unknown value
R9 =0x00000006353fa9a0 is an oop: jcuda.driver.CUdeviceptr 
{0x00000006353fa9a0} - klass: 'jcuda/driver/CUdeviceptr'
 - ---- fields (total size 5 words):
 - private 'nativePointer' 'J' @16  132432647030272 (0x0000787260e20600)
 - private 'buffer' 'Ljava/nio/Buffer;' @12  null (0x00000000)
 - private 'byteOffset' 'J' @24  0 (0x0000000000000000)
 - private 'pointers' '[Ljcuda/NativePointerObject;' @32  null (0x00000000)
R10=0x00007872ab004380: <offset 0x0000000000004380> in /lib/x86_64-linux-gnu/libcublas.so.10 at 0x00007872ab000000
R11=0x00007872ab0cb5b0: cublasDnrm2_v2+0x0000000000000000 in /lib/x86_64-linux-gnu/libcublas.so.10 at 0x00007872ab000000
R12=0x0000787267e29a40 points into unknown readable memory: 0x7fffffff00000200 | 00 02 00 00 ff ff ff 7f
R13=0x0000000000000001 is an unknown value
R14=0x0000787260e20600 is an unknown value
R15=0x0000787260e20600 is an unknown value

Top of Stack: (sp=0x0000787388dfe560)
0x0000787388dfe560:   2020202020202020 2020202020202020
0x0000787388dfe570:   0000000000000000 0000787260e20600
0x0000787388dfe580:   0000000000000000 0000000000000000
0x0000787388dfe590:   0000000000000000 0000000000000000
0x0000787388dfe5a0:   0000000000000000 00007873841381e0
0x0000787388dfe5b0:   0000787388dfe5d0 0000787389a99906
0x0000787388dfe5c0:   00007873600df680 000000068402e050
0x0000787388dfe5d0:   0000787388dfe600 0000787389ad14d8
0x0000787388dfe5e0:   0000787384145460 30480b7a4cfade00
0x0000787388dfe5f0:   0000000000000001 0000787388dfe8c0
0x0000787388dfe600:   0000000000000002 8000000000000006
0x0000787388dfe610:   0000000000000000 0000000000000000
0x0000787388dfe620:   0000000000000000 0000000000000000
0x0000787388dfe630:   0000000000000000 0000000000000000
0x0000787388dfe640:   000078738402d4c0 0000000000000000
0x0000787388dfe650:   0000787388dfe670 0000787389794377
0x0000787388dfe660:   000078738402e128 00007872594305d0
0x0000787388dfe670:   0000000000000000 00007872f84154b8
0x0000787388dfe680:   0000787388dfe6a0 00007873600bffc5
0x0000787388dfe690:   0000787388dfe8a0 00007872f84154b8
0x0000787388dfe6a0:   0000787388dfe800 0000000000000000
0x0000787388dfe6b0:   00007872f84154b8 0000787388dfe8c0
0x0000787388dfe6c0:   0000787260e20600 00007872ab0cb5fe
0x0000787388dfe6d0:   0000787388dfe700 0000787267e29a40
0x0000787388dfe6e0:   0000787388dfe700 0000787260e20600
0x0000787388dfe6f0:   0000000200000001 0000787267e29a40
0x0000787388dfe700:   0000787388dfe780 00007873600c0ac8
0x0000787388dfe710:   0000787388dfe8a0 000078738402d880
0x0000787388dfe720:   000078738402d400 0000010000000062
0x0000787388dfe730:   0000787388dfe8b0 000078738402d880
0x0000787388dfe740:   0000000000000000 00007873600c0dc5
0x0000787388dfe750:   0000000000000000 00007872f84154b8 

Instructions: (pc=0x00007872ab0d1bb8)
0x00007872ab0d1ab8:   ff 4c 8b 8c 24 18 01 00 00 48 8b b4 24 c0 00 00
0x00007872ab0d1ac8:   00 48 89 ef 8b 94 24 c8 00 00 00 48 8b 8c 24 b0
0x00007872ab0d1ad8:   00 00 00 44 8b 84 24 b8 00 00 00 4c 8b 9c 24 10
0x00007872ab0d1ae8:   01 00 00 4c 89 0c 24 4c 8d 8c 24 20 01 00 00 48
0x00007872ab0d1af8:   89 b4 24 90 00 00 00 89 94 24 98 00 00 00 48 89
0x00007872ab0d1b08:   8c 24 a0 00 00 00 44 89 84 24 a8 00 00 00 4c 89
0x00007872ab0d1b18:   5c 24 08 e8 80 bb 50 00 e9 6d fe ff ff 48 03 9c
0x00007872ab0d1b28:   24 28 01 00 00 4d 8b 44 24 48 b9 03 00 00 00 ba
0x00007872ab0d1b38:   08 00 00 00 4c 89 f7 48 89 de e8 f9 e5 50 00 e9
0x00007872ab0d1b48:   9a fe ff ff 90 90 90 90 48 89 6c 24 d8 4c 89 64
0x00007872ab0d1b58:   24 e0 89 f5 4c 89 6c 24 e8 4c 89 74 24 f0 49 89
0x00007872ab0d1b68:   fc 48 89 5c 24 d0 4c 89 7c 24 f8 48 81 ec 68 01
0x00007872ab0d1b78:   00 00 48 85 ff 48 89 54 24 18 41 89 cd 4d 89 c6
0x00007872ab0d1b88:   0f 84 85 01 00 00 8b 5f 38 85 db 0f 84 7a 01 00
0x00007872ab0d1b98:   00 4d 85 c0 ba 07 00 00 00 0f 84 ff 00 00 00 8b
0x00007872ab0d1ba8:   47 50 85 c0 89 44 24 2c 0f 85 2a 01 00 00 85 f6
0x00007872ab0d1bb8:   49 c7 00 00 00 00 00 0f 8e 4a 01 00 00 85 c9 0f
0x00007872ab0d1bc8:   8e 42 01 00 00 48 8b 35 94 83 bd 04 31 c9 4c 89
0x00007872ab0d1bd8:   e7 48 89 f2 48 89 74 24 10 be 80 00 00 00 e8 d5
0x00007872ab0d1be8:   39 fe ff 85 c0 ba 0d 00 00 00 0f 8e ae 00 00 00
0x00007872ab0d1bf8:   39 e8 41 89 ef 49 8d 54 24 78 44 0f 4e f8 42 8d
0x00007872ab0d1c08:   1c fd 08 00 00 00 48 89 d7 48 89 54 24 20 e8 75
0x00007872ab0d1c18:   88 f5 ff 39 c3 0f 8f ca 01 00 00 48 8b 7c 24 20
0x00007872ab0d1c28:   48 8d b4 24 28 01 00 00 89 da e8 79 91 f5 ff 85
0x00007872ab0d1c38:   c0 89 c2 75 69 48 63 d3 48 c7 44 24 70 00 00 00
0x00007872ab0d1c48:   00 48 c7 44 24 78 00 00 00 00 48 81 fa ff ff 00
0x00007872ab0d1c58:   00 48 c7 84 24 80 00 00 00 00 00 00 00 48 c7 84
0x00007872ab0d1c68:   24 88 00 00 00 00 00 00 00 49 8b 4c 24 48 48 8b
0x00007872ab0d1c78:   bc 24 28 01 00 00 0f 87 9c 00 00 00 49 8d b4 24
0x00007872ab0d1c88:   d8 00 00 00 49 89 c8 b9 01 00 00 00 e8 a7 e4 50
0x00007872ab0d1c98:   00 85 c0 0f 84 8e 00 00 00 ba 0e 00 00 00 48 8b
0x00007872ab0d1ca8:   9c 24 38 01 00 00 48 8b ac 24 40 01 00 00 89 d0 


Stack slot to memory mapping:

stack at sp + 0 slots: 0x2020202020202020 is an unknown value
stack at sp + 1 slots: 0x2020202020202020 is an unknown value
stack at sp + 2 slots: 0x0 is null
stack at sp + 3 slots: 0x0000787260e20600 is an unknown value
stack at sp + 4 slots: 0x0 is null
stack at sp + 5 slots: 0x0 is null
stack at sp + 6 slots: 0x0 is null
stack at sp + 7 slots: 0x0 is null


---------------  P R O C E S S  ---------------

Threads class SMR info:
_java_thread_list=0x00007872c80bae00, length=12, elements={
0x000078738402d4c0, 0x000078738414c780, 0x000078738414dbd0, 0x000078738414f6b0,
0x0000787384150cf0, 0x0000787384152290, 0x0000787384153e30, 0x0000787384155540,
0x00007873841749f0, 0x00007872c8066b40, 0x00007873841b7750, 0x00007872c80b9c80
}

Java Threads: ( => current thread )
=>0x000078738402d4c0 JavaThread "main"                              [_thread_in_native, id=12935, stack(0x0000787388d00000,0x0000787388e00000) (1024K)]
  0x000078738414c780 JavaThread "Reference Handler"          daemon [_thread_blocked, id=12943, stack(0x000078735b100000,0x000078735b200000) (1024K)]
  0x000078738414dbd0 JavaThread "Finalizer"                  daemon [_thread_blocked, id=12944, stack(0x000078735b000000,0x000078735b100000) (1024K)]
  0x000078738414f6b0 JavaThread "Signal Dispatcher"          daemon [_thread_blocked, id=12945, stack(0x000078735af00000,0x000078735b000000) (1024K)]
  0x0000787384150cf0 JavaThread "Service Thread"             daemon [_thread_blocked, id=12946, stack(0x000078735ae00000,0x000078735af00000) (1024K)]
  0x0000787384152290 JavaThread "Monitor Deflation Thread"   daemon [_thread_blocked, id=12947, stack(0x000078735ad00000,0x000078735ae00000) (1024K)]
  0x0000787384153e30 JavaThread "C2 CompilerThread0"         daemon [_thread_blocked, id=12948, stack(0x000078735ac00000,0x000078735ad00000) (1024K)]
  0x0000787384155540 JavaThread "C1 CompilerThread0"         daemon [_thread_blocked, id=12949, stack(0x000078735ab00000,0x000078735ac00000) (1024K)]
  0x00007873841749f0 JavaThread "Common-Cleaner"             daemon [_thread_blocked, id=12950, stack(0x000078735aa00000,0x000078735ab00000) (1024K)]
  0x00007872c8066b40 JavaThread "C1 CompilerThread1"         daemon [_thread_blocked, id=12951, stack(0x000078735a900000,0x000078735aa00000) (1024K)]
  0x00007873841b7750 JavaThread "Notification Thread"        daemon [_thread_blocked, id=12952, stack(0x000078735a800000,0x000078735a900000) (1024K)]
  0x00007872c80b9c80 JavaThread "C2 CompilerThread1"         daemon [_thread_blocked, id=12953, stack(0x000078735a700000,0x000078735a800000) (1024K)]
Total: 12

Other Threads:
  0x000078738413ee40 VMThread "VM Thread"                           [id=12942, stack(0x000078735b7f9000,0x000078735b8f9000) (1024K)]
  0x0000787384124940 WatcherThread "VM Periodic Task Thread"        [id=12941, stack(0x000078735b8fa000,0x000078735b9fa000) (1024K)]
  0x0000787384058c90 WorkerThread "GC Thread#0"                     [id=12936, stack(0x0000787362d00000,0x0000787362e00000) (1024K)]
  0x0000787384069790 ConcurrentGCThread "G1 Main Marker"            [id=12937, stack(0x0000787362bff000,0x0000787362cff000) (1024K)]
  0x000078738406a730 WorkerThread "G1 Conc#0"                       [id=12938, stack(0x0000787362afe000,0x0000787362bfe000) (1024K)]
  0x0000787384112270 ConcurrentGCThread "G1 Refine#0"               [id=12939, stack(0x000078735bafc000,0x000078735bbfc000) (1024K)]
  0x0000787384113230 ConcurrentGCThread "G1 Service"                [id=12940, stack(0x000078735b9fb000,0x000078735bafb000) (1024K)]
Total: 7

Threads with active compile tasks:
Total: 0

VM state: not at safepoint (normal execution)

VM Mutex/Monitor currently owned by a thread: None

Heap address: 0x0000000616800000, size: 7832 MB, Compressed Oops mode: Zero based, Oop shift amount: 3

CDS archive(s) mapped at: [0x0000787302000000-0x0000787302c7a000-0x0000787302c7a000), size 13082624, SharedBaseAddress: 0x0000787302000000, ArchiveRelocationMode: 1.
Compressed class space mapped at: 0x0000787303000000-0x0000787343000000, reserved size: 1073741824
Narrow klass base: 0x0000787302000000, Narrow klass shift: 0, Narrow klass range: 0x100000000

GC Precious Log:
 CardTable entry size: 512
 Card Set container configuration: InlinePtr #cards 4 size 8 Array Of Cards #cards 32 size 80 Howl #buckets 8 coarsen threshold 7372 Howl Bitmap #cards 1024 size 144 coarsen threshold 921 Card regions per heap region 1 cards per card region 8192
 CPUs: 16 total, 16 available
 Memory: 31322M
 Large Page Support: Disabled
 NUMA Support: Disabled
 Compressed Oops: Enabled (Zero based)
 Heap Region Size: 4M
 Heap Min Capacity: 8M
 Heap Initial Capacity: 492M
 Heap Max Capacity: 7832M
 Pre-touch: Disabled
 Parallel Workers: 13
 Concurrent Workers: 3
 Concurrent Refinement Workers: 13
 Periodic GC: Disabled

Heap:
 garbage-first heap   total reserved 8019968K, committed 507904K, used 1059K [0x0000000616800000, 0x0000000800000000)
  region size 4096K, 1 young (4096K), 0 survivors (0K)
 Metaspace       used 972K, committed 1088K, reserved 1114112K
  class space    used 59K, committed 128K, reserved 1048576K

Heap Regions: E=young(eden), S=young(survivor), O=old, HS=humongous(starts), HC=humongous(continues), CS=collection set, F=free, TAMS=top-at-mark-start, PB=parsable bottom
|   0|0x0000000616800000, 0x0000000616800000, 0x0000000616c00000|  0%| F|  |TAMS 0x0000000616800000| PB 0x0000000616800000| Untracked |  0
|   1|0x0000000616c00000, 0x0000000616c00000, 0x0000000617000000|  0%| F|  |TAMS 0x0000000616c00000| PB 0x0000000616c00000| Untracked |  0
|   2|0x0000000617000000, 0x0000000617000000, 0x0000000617400000|  0%| F|  |TAMS 0x0000000617000000| PB 0x0000000617000000| Untracked |  0
|   3|0x0000000617400000, 0x0000000617400000, 0x0000000617800000|  0%| F|  |TAMS 0x0000000617400000| PB 0x0000000617400000| Untracked |  0
|   4|0x0000000617800000, 0x0000000617800000, 0x0000000617c00000|  0%| F|  |TAMS 0x0000000617800000| PB 0x0000000617800000| Untracked |  0
|   5|0x0000000617c00000, 0x0000000617c00000, 0x0000000618000000|  0%| F|  |TAMS 0x0000000617c00000| PB 0x0000000617c00000| Untracked |  0
|   6|0x0000000618000000, 0x0000000618000000, 0x0000000618400000|  0%| F|  |TAMS 0x0000000618000000| PB 0x0000000618000000| Untracked |  0
|   7|0x0000000618400000, 0x0000000618400000, 0x0000000618800000|  0%| F|  |TAMS 0x0000000618400000| PB 0x0000000618400000| Untracked |  0
|   8|0x0000000618800000, 0x0000000618800000, 0x0000000618c00000|  0%| F|  |TAMS 0x0000000618800000| PB 0x0000000618800000| Untracked |  0
|   9|0x0000000618c00000, 0x0000000618c00000, 0x0000000619000000|  0%| F|  |TAMS 0x0000000618c00000| PB 0x0000000618c00000| Untracked |  0
|  10|0x0000000619000000, 0x0000000619000000, 0x0000000619400000|  0%| F|  |TAMS 0x0000000619000000| PB 0x0000000619000000| Untracked |  0
|  11|0x0000000619400000, 0x0000000619400000, 0x0000000619800000|  0%| F|  |TAMS 0x0000000619400000| PB 0x0000000619400000| Untracked |  0
|  12|0x0000000619800000, 0x0000000619800000, 0x0000000619c00000|  0%| F|  |TAMS 0x0000000619800000| PB 0x0000000619800000| Untracked |  0
|  13|0x0000000619c00000, 0x0000000619c00000, 0x000000061a000000|  0%| F|  |TAMS 0x0000000619c00000| PB 0x0000000619c00000| Untracked |  0
|  14|0x000000061a000000, 0x000000061a000000, 0x000000061a400000|  0%| F|  |TAMS 0x000000061a000000| PB 0x000000061a000000| Untracked |  0
|  15|0x000000061a400000, 0x000000061a400000, 0x000000061a800000|  0%| F|  |TAMS 0x000000061a400000| PB 0x000000061a400000| Untracked |  0
|  16|0x000000061a800000, 0x000000061a800000, 0x000000061ac00000|  0%| F|  |TAMS 0x000000061a800000| PB 0x000000061a800000| Untracked |  0
|  17|0x000000061ac00000, 0x000000061ac00000, 0x000000061b000000|  0%| F|  |TAMS 0x000000061ac00000| PB 0x000000061ac00000| Untracked |  0
|  18|0x000000061b000000, 0x000000061b000000, 0x000000061b400000|  0%| F|  |TAMS 0x000000061b000000| PB 0x000000061b000000| Untracked |  0
|  19|0x000000061b400000, 0x000000061b400000, 0x000000061b800000|  0%| F|  |TAMS 0x000000061b400000| PB 0x000000061b400000| Untracked |  0
|  20|0x000000061b800000, 0x000000061b800000, 0x000000061bc00000|  0%| F|  |TAMS 0x000000061b800000| PB 0x000000061b800000| Untracked |  0
|  21|0x000000061bc00000, 0x000000061bc00000, 0x000000061c000000|  0%| F|  |TAMS 0x000000061bc00000| PB 0x000000061bc00000| Untracked |  0
|  22|0x000000061c000000, 0x000000061c000000, 0x000000061c400000|  0%| F|  |TAMS 0x000000061c000000| PB 0x000000061c000000| Untracked |  0
|  23|0x000000061c400000, 0x000000061c400000, 0x000000061c800000|  0%| F|  |TAMS 0x000000061c400000| PB 0x000000061c400000| Untracked |  0
|  24|0x000000061c800000, 0x000000061c800000, 0x000000061cc00000|  0%| F|  |TAMS 0x000000061c800000| PB 0x000000061c800000| Untracked |  0
|  25|0x000000061cc00000, 0x000000061cc00000, 0x000000061d000000|  0%| F|  |TAMS 0x000000061cc00000| PB 0x000000061cc00000| Untracked |  0
|  26|0x000000061d000000, 0x000000061d000000, 0x000000061d400000|  0%| F|  |TAMS 0x000000061d000000| PB 0x000000061d000000| Untracked |  0
|  27|0x000000061d400000, 0x000000061d400000, 0x000000061d800000|  0%| F|  |TAMS 0x000000061d400000| PB 0x000000061d400000| Untracked |  0
|  28|0x000000061d800000, 0x000000061d800000, 0x000000061dc00000|  0%| F|  |TAMS 0x000000061d800000| PB 0x000000061d800000| Untracked |  0
|  29|0x000000061dc00000, 0x000000061dc00000, 0x000000061e000000|  0%| F|  |TAMS 0x000000061dc00000| PB 0x000000061dc00000| Untracked |  0
|  30|0x000000061e000000, 0x000000061e000000, 0x000000061e400000|  0%| F|  |TAMS 0x000000061e000000| PB 0x000000061e000000| Untracked |  0
|  31|0x000000061e400000, 0x000000061e400000, 0x000000061e800000|  0%| F|  |TAMS 0x000000061e400000| PB 0x000000061e400000| Untracked |  0
|  32|0x000000061e800000, 0x000000061e800000, 0x000000061ec00000|  0%| F|  |TAMS 0x000000061e800000| PB 0x000000061e800000| Untracked |  0
|  33|0x000000061ec00000, 0x000000061ec00000, 0x000000061f000000|  0%| F|  |TAMS 0x000000061ec00000| PB 0x000000061ec00000| Untracked |  0
|  34|0x000000061f000000, 0x000000061f000000, 0x000000061f400000|  0%| F|  |TAMS 0x000000061f000000| PB 0x000000061f000000| Untracked |  0
|  35|0x000000061f400000, 0x000000061f400000, 0x000000061f800000|  0%| F|  |TAMS 0x000000061f400000| PB 0x000000061f400000| Untracked |  0
|  36|0x000000061f800000, 0x000000061f800000, 0x000000061fc00000|  0%| F|  |TAMS 0x000000061f800000| PB 0x000000061f800000| Untracked |  0
|  37|0x000000061fc00000, 0x000000061fc00000, 0x0000000620000000|  0%| F|  |TAMS 0x000000061fc00000| PB 0x000000061fc00000| Untracked |  0
|  38|0x0000000620000000, 0x0000000620000000, 0x0000000620400000|  0%| F|  |TAMS 0x0000000620000000| PB 0x0000000620000000| Untracked |  0
|  39|0x0000000620400000, 0x0000000620400000, 0x0000000620800000|  0%| F|  |TAMS 0x0000000620400000| PB 0x0000000620400000| Untracked |  0
|  40|0x0000000620800000, 0x0000000620800000, 0x0000000620c00000|  0%| F|  |TAMS 0x0000000620800000| PB 0x0000000620800000| Untracked |  0
|  41|0x0000000620c00000, 0x0000000620c00000, 0x0000000621000000|  0%| F|  |TAMS 0x0000000620c00000| PB 0x0000000620c00000| Untracked |  0
|  42|0x0000000621000000, 0x0000000621000000, 0x0000000621400000|  0%| F|  |TAMS 0x0000000621000000| PB 0x0000000621000000| Untracked |  0
|  43|0x0000000621400000, 0x0000000621400000, 0x0000000621800000|  0%| F|  |TAMS 0x0000000621400000| PB 0x0000000621400000| Untracked |  0
|  44|0x0000000621800000, 0x0000000621800000, 0x0000000621c00000|  0%| F|  |TAMS 0x0000000621800000| PB 0x0000000621800000| Untracked |  0
|  45|0x0000000621c00000, 0x0000000621c00000, 0x0000000622000000|  0%| F|  |TAMS 0x0000000621c00000| PB 0x0000000621c00000| Untracked |  0
|  46|0x0000000622000000, 0x0000000622000000, 0x0000000622400000|  0%| F|  |TAMS 0x0000000622000000| PB 0x0000000622000000| Untracked |  0
|  47|0x0000000622400000, 0x0000000622400000, 0x0000000622800000|  0%| F|  |TAMS 0x0000000622400000| PB 0x0000000622400000| Untracked |  0
|  48|0x0000000622800000, 0x0000000622800000, 0x0000000622c00000|  0%| F|  |TAMS 0x0000000622800000| PB 0x0000000622800000| Untracked |  0
|  49|0x0000000622c00000, 0x0000000622c00000, 0x0000000623000000|  0%| F|  |TAMS 0x0000000622c00000| PB 0x0000000622c00000| Untracked |  0
|  50|0x0000000623000000, 0x0000000623000000, 0x0000000623400000|  0%| F|  |TAMS 0x0000000623000000| PB 0x0000000623000000| Untracked |  0
|  51|0x0000000623400000, 0x0000000623400000, 0x0000000623800000|  0%| F|  |TAMS 0x0000000623400000| PB 0x0000000623400000| Untracked |  0
|  52|0x0000000623800000, 0x0000000623800000, 0x0000000623c00000|  0%| F|  |TAMS 0x0000000623800000| PB 0x0000000623800000| Untracked |  0
|  53|0x0000000623c00000, 0x0000000623c00000, 0x0000000624000000|  0%| F|  |TAMS 0x0000000623c00000| PB 0x0000000623c00000| Untracked |  0
|  54|0x0000000624000000, 0x0000000624000000, 0x0000000624400000|  0%| F|  |TAMS 0x0000000624000000| PB 0x0000000624000000| Untracked |  0
|  55|0x0000000624400000, 0x0000000624400000, 0x0000000624800000|  0%| F|  |TAMS 0x0000000624400000| PB 0x0000000624400000| Untracked |  0
|  56|0x0000000624800000, 0x0000000624800000, 0x0000000624c00000|  0%| F|  |TAMS 0x0000000624800000| PB 0x0000000624800000| Untracked |  0
|  57|0x0000000624c00000, 0x0000000624c00000, 0x0000000625000000|  0%| F|  |TAMS 0x0000000624c00000| PB 0x0000000624c00000| Untracked |  0
|  58|0x0000000625000000, 0x0000000625000000, 0x0000000625400000|  0%| F|  |TAMS 0x0000000625000000| PB 0x0000000625000000| Untracked |  0
|  59|0x0000000625400000, 0x0000000625400000, 0x0000000625800000|  0%| F|  |TAMS 0x0000000625400000| PB 0x0000000625400000| Untracked |  0
|  60|0x0000000625800000, 0x0000000625800000, 0x0000000625c00000|  0%| F|  |TAMS 0x0000000625800000| PB 0x0000000625800000| Untracked |  0
|  61|0x0000000625c00000, 0x0000000625c00000, 0x0000000626000000|  0%| F|  |TAMS 0x0000000625c00000| PB 0x0000000625c00000| Untracked |  0
|  62|0x0000000626000000, 0x0000000626000000, 0x0000000626400000|  0%| F|  |TAMS 0x0000000626000000| PB 0x0000000626000000| Untracked |  0
|  63|0x0000000626400000, 0x0000000626400000, 0x0000000626800000|  0%| F|  |TAMS 0x0000000626400000| PB 0x0000000626400000| Untracked |  0
|  64|0x0000000626800000, 0x0000000626800000, 0x0000000626c00000|  0%| F|  |TAMS 0x0000000626800000| PB 0x0000000626800000| Untracked |  0
|  65|0x0000000626c00000, 0x0000000626c00000, 0x0000000627000000|  0%| F|  |TAMS 0x0000000626c00000| PB 0x0000000626c00000| Untracked |  0
|  66|0x0000000627000000, 0x0000000627000000, 0x0000000627400000|  0%| F|  |TAMS 0x0000000627000000| PB 0x0000000627000000| Untracked |  0
|  67|0x0000000627400000, 0x0000000627400000, 0x0000000627800000|  0%| F|  |TAMS 0x0000000627400000| PB 0x0000000627400000| Untracked |  0
|  68|0x0000000627800000, 0x0000000627800000, 0x0000000627c00000|  0%| F|  |TAMS 0x0000000627800000| PB 0x0000000627800000| Untracked |  0
|  69|0x0000000627c00000, 0x0000000627c00000, 0x0000000628000000|  0%| F|  |TAMS 0x0000000627c00000| PB 0x0000000627c00000| Untracked |  0
|  70|0x0000000628000000, 0x0000000628000000, 0x0000000628400000|  0%| F|  |TAMS 0x0000000628000000| PB 0x0000000628000000| Untracked |  0
|  71|0x0000000628400000, 0x0000000628400000, 0x0000000628800000|  0%| F|  |TAMS 0x0000000628400000| PB 0x0000000628400000| Untracked |  0
|  72|0x0000000628800000, 0x0000000628800000, 0x0000000628c00000|  0%| F|  |TAMS 0x0000000628800000| PB 0x0000000628800000| Untracked |  0
|  73|0x0000000628c00000, 0x0000000628c00000, 0x0000000629000000|  0%| F|  |TAMS 0x0000000628c00000| PB 0x0000000628c00000| Untracked |  0
|  74|0x0000000629000000, 0x0000000629000000, 0x0000000629400000|  0%| F|  |TAMS 0x0000000629000000| PB 0x0000000629000000| Untracked |  0
|  75|0x0000000629400000, 0x0000000629400000, 0x0000000629800000|  0%| F|  |TAMS 0x0000000629400000| PB 0x0000000629400000| Untracked |  0
|  76|0x0000000629800000, 0x0000000629800000, 0x0000000629c00000|  0%| F|  |TAMS 0x0000000629800000| PB 0x0000000629800000| Untracked |  0
|  77|0x0000000629c00000, 0x0000000629c00000, 0x000000062a000000|  0%| F|  |TAMS 0x0000000629c00000| PB 0x0000000629c00000| Untracked |  0
|  78|0x000000062a000000, 0x000000062a000000, 0x000000062a400000|  0%| F|  |TAMS 0x000000062a000000| PB 0x000000062a000000| Untracked |  0
|  79|0x000000062a400000, 0x000000062a400000, 0x000000062a800000|  0%| F|  |TAMS 0x000000062a400000| PB 0x000000062a400000| Untracked |  0
|  80|0x000000062a800000, 0x000000062a800000, 0x000000062ac00000|  0%| F|  |TAMS 0x000000062a800000| PB 0x000000062a800000| Untracked |  0
|  81|0x000000062ac00000, 0x000000062ac00000, 0x000000062b000000|  0%| F|  |TAMS 0x000000062ac00000| PB 0x000000062ac00000| Untracked |  0
|  82|0x000000062b000000, 0x000000062b000000, 0x000000062b400000|  0%| F|  |TAMS 0x000000062b000000| PB 0x000000062b000000| Untracked |  0
|  83|0x000000062b400000, 0x000000062b400000, 0x000000062b800000|  0%| F|  |TAMS 0x000000062b400000| PB 0x000000062b400000| Untracked |  0
|  84|0x000000062b800000, 0x000000062b800000, 0x000000062bc00000|  0%| F|  |TAMS 0x000000062b800000| PB 0x000000062b800000| Untracked |  0
|  85|0x000000062bc00000, 0x000000062bc00000, 0x000000062c000000|  0%| F|  |TAMS 0x000000062bc00000| PB 0x000000062bc00000| Untracked |  0
|  86|0x000000062c000000, 0x000000062c000000, 0x000000062c400000|  0%| F|  |TAMS 0x000000062c000000| PB 0x000000062c000000| Untracked |  0
|  87|0x000000062c400000, 0x000000062c400000, 0x000000062c800000|  0%| F|  |TAMS 0x000000062c400000| PB 0x000000062c400000| Untracked |  0
|  88|0x000000062c800000, 0x000000062c800000, 0x000000062cc00000|  0%| F|  |TAMS 0x000000062c800000| PB 0x000000062c800000| Untracked |  0
|  89|0x000000062cc00000, 0x000000062cc00000, 0x000000062d000000|  0%| F|  |TAMS 0x000000062cc00000| PB 0x000000062cc00000| Untracked |  0
|  90|0x000000062d000000, 0x000000062d000000, 0x000000062d400000|  0%| F|  |TAMS 0x000000062d000000| PB 0x000000062d000000| Untracked |  0
|  91|0x000000062d400000, 0x000000062d400000, 0x000000062d800000|  0%| F|  |TAMS 0x000000062d400000| PB 0x000000062d400000| Untracked |  0
|  92|0x000000062d800000, 0x000000062d800000, 0x000000062dc00000|  0%| F|  |TAMS 0x000000062d800000| PB 0x000000062d800000| Untracked |  0
|  93|0x000000062dc00000, 0x000000062dc00000, 0x000000062e000000|  0%| F|  |TAMS 0x000000062dc00000| PB 0x000000062dc00000| Untracked |  0
|  94|0x000000062e000000, 0x000000062e000000, 0x000000062e400000|  0%| F|  |TAMS 0x000000062e000000| PB 0x000000062e000000| Untracked |  0
|  95|0x000000062e400000, 0x000000062e400000, 0x000000062e800000|  0%| F|  |TAMS 0x000000062e400000| PB 0x000000062e400000| Untracked |  0
|  96|0x000000062e800000, 0x000000062e800000, 0x000000062ec00000|  0%| F|  |TAMS 0x000000062e800000| PB 0x000000062e800000| Untracked |  0
|  97|0x000000062ec00000, 0x000000062ec00000, 0x000000062f000000|  0%| F|  |TAMS 0x000000062ec00000| PB 0x000000062ec00000| Untracked |  0
|  98|0x000000062f000000, 0x000000062f000000, 0x000000062f400000|  0%| F|  |TAMS 0x000000062f000000| PB 0x000000062f000000| Untracked |  0
|  99|0x000000062f400000, 0x000000062f400000, 0x000000062f800000|  0%| F|  |TAMS 0x000000062f400000| PB 0x000000062f400000| Untracked |  0
| 100|0x000000062f800000, 0x000000062f800000, 0x000000062fc00000|  0%| F|  |TAMS 0x000000062f800000| PB 0x000000062f800000| Untracked |  0
| 101|0x000000062fc00000, 0x000000062fc00000, 0x0000000630000000|  0%| F|  |TAMS 0x000000062fc00000| PB 0x000000062fc00000| Untracked |  0
| 102|0x0000000630000000, 0x0000000630000000, 0x0000000630400000|  0%| F|  |TAMS 0x0000000630000000| PB 0x0000000630000000| Untracked |  0
| 103|0x0000000630400000, 0x0000000630400000, 0x0000000630800000|  0%| F|  |TAMS 0x0000000630400000| PB 0x0000000630400000| Untracked |  0
| 104|0x0000000630800000, 0x0000000630800000, 0x0000000630c00000|  0%| F|  |TAMS 0x0000000630800000| PB 0x0000000630800000| Untracked |  0
| 105|0x0000000630c00000, 0x0000000630c00000, 0x0000000631000000|  0%| F|  |TAMS 0x0000000630c00000| PB 0x0000000630c00000| Untracked |  0
| 106|0x0000000631000000, 0x0000000631000000, 0x0000000631400000|  0%| F|  |TAMS 0x0000000631000000| PB 0x0000000631000000| Untracked |  0
| 107|0x0000000631400000, 0x0000000631400000, 0x0000000631800000|  0%| F|  |TAMS 0x0000000631400000| PB 0x0000000631400000| Untracked |  0
| 108|0x0000000631800000, 0x0000000631800000, 0x0000000631c00000|  0%| F|  |TAMS 0x0000000631800000| PB 0x0000000631800000| Untracked |  0
| 109|0x0000000631c00000, 0x0000000631c00000, 0x0000000632000000|  0%| F|  |TAMS 0x0000000631c00000| PB 0x0000000631c00000| Untracked |  0
| 110|0x0000000632000000, 0x0000000632000000, 0x0000000632400000|  0%| F|  |TAMS 0x0000000632000000| PB 0x0000000632000000| Untracked |  0
| 111|0x0000000632400000, 0x0000000632400000, 0x0000000632800000|  0%| F|  |TAMS 0x0000000632400000| PB 0x0000000632400000| Untracked |  0
| 112|0x0000000632800000, 0x0000000632800000, 0x0000000632c00000|  0%| F|  |TAMS 0x0000000632800000| PB 0x0000000632800000| Untracked |  0
| 113|0x0000000632c00000, 0x0000000632c00000, 0x0000000633000000|  0%| F|  |TAMS 0x0000000632c00000| PB 0x0000000632c00000| Untracked |  0
| 114|0x0000000633000000, 0x0000000633000000, 0x0000000633400000|  0%| F|  |TAMS 0x0000000633000000| PB 0x0000000633000000| Untracked |  0
| 115|0x0000000633400000, 0x0000000633400000, 0x0000000633800000|  0%| F|  |TAMS 0x0000000633400000| PB 0x0000000633400000| Untracked |  0
| 116|0x0000000633800000, 0x0000000633800000, 0x0000000633c00000|  0%| F|  |TAMS 0x0000000633800000| PB 0x0000000633800000| Untracked |  0
| 117|0x0000000633c00000, 0x0000000633c00000, 0x0000000634000000|  0%| F|  |TAMS 0x0000000633c00000| PB 0x0000000633c00000| Untracked |  0
| 118|0x0000000634000000, 0x0000000634000000, 0x0000000634400000|  0%| F|  |TAMS 0x0000000634000000| PB 0x0000000634000000| Untracked |  0
| 119|0x0000000634400000, 0x0000000634400000, 0x0000000634800000|  0%| F|  |TAMS 0x0000000634400000| PB 0x0000000634400000| Untracked |  0
| 120|0x0000000634800000, 0x0000000634800000, 0x0000000634c00000|  0%| F|  |TAMS 0x0000000634800000| PB 0x0000000634800000| Untracked |  0
| 121|0x0000000634c00000, 0x0000000634c00000, 0x0000000635000000|  0%| F|  |TAMS 0x0000000634c00000| PB 0x0000000634c00000| Untracked |  0
| 122|0x0000000635000000, 0x0000000635400000, 0x0000000635400000|100%| E|  |TAMS 0x0000000635000000| PB 0x0000000635000000| Complete |  0
|1957|0x00000007ffc00000, 0x00000007ffd08c80, 0x0000000800000000| 25%| O|  |TAMS 0x00000007ffc00000| PB 0x00000007ffc00000| Untracked |  0

Card table byte_map: [0x000078736aa00000,0x000078736b94c000] _byte_map_base: 0x000078736794c000

Marking Bits: (CMBitMap*) 0x00007873840597c0
 Bits: [0x0000787362e00000, 0x000078736a860000)

Polling page: 0x000078738a741000

Metaspace:

Usage:
  Non-class:    913.07 KB used.
      Class:     59.79 KB used.
       Both:    972.86 KB used.

Virtual space:
  Non-class space:       64.00 MB reserved,     960.00 KB (  1%) committed,  1 nodes.
      Class space:        1.00 GB reserved,     128.00 KB ( <1%) committed,  1 nodes.
             Both:        1.06 GB reserved,       1.06 MB ( <1%) committed. 

Chunk freelists:
   Non-Class:  11.66 MB
       Class:  15.72 MB
        Both:  27.38 MB

MaxMetaspaceSize: unlimited
CompressedClassSpaceSize: 1.00 GB
Initial GC threshold: 21.00 MB
Current GC threshold: 21.00 MB
CDS: on
 - commit_granule_bytes: 65536.
 - commit_granule_words: 8192.
 - virtual_space_node_default_size: 8388608.
 - enlarge_chunks_in_place: 1.
 - use_allocation_guard: 0.


Internal statistics:

num_allocs_failed_limit: 0.
num_arena_births: 10.
num_arena_deaths: 0.
num_vsnodes_births: 2.
num_vsnodes_deaths: 0.
num_space_committed: 17.
num_space_uncommitted: 0.
num_chunks_returned_to_freelist: 0.
num_chunks_taken_from_freelist: 30.
num_chunk_merges: 0.
num_chunk_splits: 20.
num_chunks_enlarged: 18.
num_inconsistent_stats: 0.

CodeHeap 'non-profiled nmethods': size=119168Kb used=102Kb max_used=102Kb free=119065Kb
 bounds [0x00007873747a0000, 0x0000787374a10000, 0x000078737bc00000]
CodeHeap 'profiled nmethods': size=119164Kb used=476Kb max_used=476Kb free=118687Kb
 bounds [0x000078736cc00000, 0x000078736ce70000, 0x000078737405f000]
CodeHeap 'non-nmethods': size=7428Kb used=1930Kb max_used=1944Kb free=5497Kb
 bounds [0x000078737405f000, 0x00007873742cf000, 0x00007873747a0000]
 total_blobs=861 nmethods=382 adapters=384
 compilation: enabled
              stopped_count=0, restarted_count=0
 full_count=0

Compilation events (20 events):
Event: 0.109 Thread 0x00007872c8066b40  373       3       java.lang.StringConcatHelper::stringOf (20 bytes)
Event: 0.109 Thread 0x00007872c8066b40 nmethod 373 0x000078736cc73490 code [0x000078736cc73640, 0x000078736cc73868]
Event: 0.112 Thread 0x00007872c8066b40  374       3       java.lang.StringConcatHelper::mix (27 bytes)
Event: 0.112 Thread 0x0000787384155540  375       3       java.lang.StringConcatHelper::checkOverflow (17 bytes)
Event: 0.112 Thread 0x0000787384155540 nmethod 375 0x000078736cc73910 code [0x000078736cc73ac0, 0x000078736cc73c88]
Event: 0.112 Thread 0x0000787384155540  377       3       jdk.internal.misc.Unsafe::allocateUninitializedArray0 (90 bytes)
Event: 0.112 Thread 0x00007872c8066b40 nmethod 374 0x000078736cc73d90 code [0x000078736cc73f60, 0x000078736cc74348]
Event: 0.112 Thread 0x00007872c8066b40  376       3       java.lang.StringConcatHelper::prepend (37 bytes)
Event: 0.112 Thread 0x0000787384155540 nmethod 377 0x000078736cc74510 code [0x000078736cc74720, 0x000078736cc74ff0]
Event: 0.112 Thread 0x00007872c8066b40 nmethod 376 0x000078736cc75110 code [0x000078736cc752e0, 0x000078736cc755a8]
Event: 0.113 Thread 0x00007872c8066b40  378       3       java.util.ArrayDeque::elementAt (4 bytes)
Event: 0.113 Thread 0x00007872c8066b40 nmethod 378 0x000078736cc75710 code [0x000078736cc758a0, 0x000078736cc759b0]
Event: 0.114 Thread 0x00007872c8066b40  379       3       sun.net.www.ParseUtil::firstEncodeIndex (86 bytes)
Event: 0.114 Thread 0x0000787384155540  380       1       java.security.ProtectionDomain::getCodeSource (5 bytes)
Event: 0.114 Thread 0x0000787384155540 nmethod 380 0x00007873747b9890 code [0x00007873747b9a20, 0x00007873747b9ae8]
Event: 0.114 Thread 0x00007872c8066b40 nmethod 379 0x000078736cc75a90 code [0x000078736cc75cc0, 0x000078736cc76618]
Event: 0.115 Thread 0x00007872c8066b40  381       3       java.lang.CharacterDataLatin1::equalsIgnoreCase (63 bytes)
Event: 0.115 Thread 0x00007872c8066b40 nmethod 381 0x000078736cc76990 code [0x000078736cc76b40, 0x000078736cc76e00]
Event: 0.115 Thread 0x00007872c8066b40  382       3       java.util.zip.Inflater::ensureOpen (47 bytes)
Event: 0.115 Thread 0x00007872c8066b40 nmethod 382 0x000078736cc76e90 code [0x000078736cc77040, 0x000078736cc77298]

GC Heap History (0 events):
No events

Dll operation events (7 events):
Event: 0.002 Loaded shared library /usr/lib/jvm/jdk-22.0.2-oracle-x64/lib/libjava.so
Event: 0.031 Loaded shared library /usr/lib/jvm/jdk-22.0.2-oracle-x64/lib/libjsvml.so
Event: 0.032 Loaded shared library /usr/lib/jvm/jdk-22.0.2-oracle-x64/lib/libnio.so
Event: 0.074 Loaded shared library /usr/lib/jvm/jdk-22.0.2-oracle-x64/lib/libzip.so
Event: 0.106 Loaded shared library /usr/lib/jvm/jdk-22.0.2-oracle-x64/lib/libjimage.so
Event: 0.111 Loaded shared library /tmp/libJCudaRuntime-10.1.0-linux-x86_64.so
Event: 0.117 Loaded shared library /tmp/libJCublas2-10.1.0-linux-x86_64.so

Deoptimization events (0 events):
No events

Classes loaded (20 events):
Event: 0.093 Loading class java/lang/ArrayIndexOutOfBoundsException
Event: 0.093 Loading class java/lang/IndexOutOfBoundsException
Event: 0.093 Loading class java/lang/IndexOutOfBoundsException done
Event: 0.093 Loading class java/lang/ArrayIndexOutOfBoundsException done
Event: 0.098 Loading class java/lang/UnsupportedOperationException
Event: 0.098 Loading class java/lang/UnsupportedOperationException done
Event: 0.099 Loading class java/io/StringWriter
Event: 0.099 Loading class java/io/StringWriter done
Event: 0.099 Loading class java/lang/UnsatisfiedLinkError
Event: 0.099 Loading class java/lang/UnsatisfiedLinkError done
Event: 0.109 Loading class java/lang/NoSuchFieldError
Event: 0.110 Loading class java/lang/NoSuchFieldError done
Event: 0.111 Loading class java/nio/DoubleBuffer
Event: 0.111 Loading class java/nio/DoubleBuffer done
Event: 0.111 Loading class java/nio/ShortBuffer
Event: 0.111 Loading class java/nio/ShortBuffer done
Event: 0.111 Loading class java/nio/FloatBuffer
Event: 0.111 Loading class java/nio/FloatBuffer done
Event: 0.548 Loading class java/nio/HeapDoubleBuffer
Event: 0.548 Loading class java/nio/HeapDoubleBuffer done

Classes unloaded (0 events):
No events

Classes redefined (0 events):
No events

Internal exceptions (8 events):
Event: 0.062 Thread 0x000078738402d4c0 Exception <a 'sun/nio/fs/UnixException'{0x0000000635077920}> (0x0000000635077920) 
thrown [open/src/hotspot/share/prims/jni.cpp, line 520]
Event: 0.062 Thread 0x000078738402d4c0 Exception <a 'sun/nio/fs/UnixException'{0x0000000635078080}> (0x0000000635078080) 
thrown [open/src/hotspot/share/prims/jni.cpp, line 520]
Event: 0.062 Thread 0x000078738402d4c0 Exception <a 'sun/nio/fs/UnixException'{0x0000000635078648}> (0x0000000635078648) 
thrown [open/src/hotspot/share/prims/jni.cpp, line 520]
Event: 0.062 Thread 0x000078738402d4c0 Exception <a 'sun/nio/fs/UnixException'{0x0000000635078e70}> (0x0000000635078e70) 
thrown [open/src/hotspot/share/prims/jni.cpp, line 520]
Event: 0.063 Thread 0x000078738402d4c0 Exception <a 'sun/nio/fs/UnixException'{0x0000000635079430}> (0x0000000635079430) 
thrown [open/src/hotspot/share/prims/jni.cpp, line 520]
Event: 0.063 Thread 0x000078738402d4c0 Exception <a 'sun/nio/fs/UnixException'{0x00000006350799f0}> (0x00000006350799f0) 
thrown [open/src/hotspot/share/prims/jni.cpp, line 520]
Event: 0.063 Thread 0x000078738402d4c0 Exception <a 'sun/nio/fs/UnixException'{0x0000000635079fb0}> (0x0000000635079fb0) 
thrown [open/src/hotspot/share/prims/jni.cpp, line 520]
Event: 0.063 Thread 0x000078738402d4c0 Exception <a 'sun/nio/fs/UnixException'{0x000000063507a588}> (0x000000063507a588) 
thrown [open/src/hotspot/share/prims/jni.cpp, line 520]

ZGC Phase Switch (0 events):
No events

VM Operations (2 events):
Event: 0.064 Executing VM operation: HandshakeAllThreads (Deoptimize)
Event: 0.064 Executing VM operation: HandshakeAllThreads (Deoptimize) done

Memory protections (12 events):
Event: 0.002 Protecting memory [0x0000787388d00000,0x0000787388d04000] with protection modes 0
Event: 0.028 Protecting memory [0x000078735b100000,0x000078735b104000] with protection modes 0
Event: 0.028 Protecting memory [0x000078735b000000,0x000078735b004000] with protection modes 0
Event: 0.029 Protecting memory [0x000078735af00000,0x000078735af04000] with protection modes 0
Event: 0.029 Protecting memory [0x000078735ae00000,0x000078735ae04000] with protection modes 0
Event: 0.029 Protecting memory [0x000078735ad00000,0x000078735ad04000] with protection modes 0
Event: 0.029 Protecting memory [0x000078735ac00000,0x000078735ac04000] with protection modes 0
Event: 0.029 Protecting memory [0x000078735ab00000,0x000078735ab04000] with protection modes 0
Event: 0.053 Protecting memory [0x000078735aa00000,0x000078735aa04000] with protection modes 0
Event: 0.059 Protecting memory [0x000078735a900000,0x000078735a904000] with protection modes 0
Event: 0.073 Protecting memory [0x000078735a800000,0x000078735a804000] with protection modes 0
Event: 0.078 Protecting memory [0x000078735a700000,0x000078735a704000] with protection modes 0

Nmethod flushes (0 events):
No events

Events (12 events):
Event: 0.020 Thread 0x000078738402d4c0 Thread added: 0x000078738402d4c0
Event: 0.028 Thread 0x000078738402d4c0 Thread added: 0x000078738414c780
Event: 0.028 Thread 0x000078738402d4c0 Thread added: 0x000078738414dbd0
Event: 0.029 Thread 0x000078738402d4c0 Thread added: 0x000078738414f6b0
Event: 0.029 Thread 0x000078738402d4c0 Thread added: 0x0000787384150cf0
Event: 0.029 Thread 0x000078738402d4c0 Thread added: 0x0000787384152290
Event: 0.029 Thread 0x000078738402d4c0 Thread added: 0x0000787384153e30
Event: 0.029 Thread 0x000078738402d4c0 Thread added: 0x0000787384155540
Event: 0.053 Thread 0x000078738402d4c0 Thread added: 0x00007873841749f0
Event: 0.059 Thread 0x0000787384155540 Thread added: 0x00007872c8066b40
Event: 0.073 Thread 0x000078738402d4c0 Thread added: 0x00007873841b7750
Event: 0.078 Thread 0x0000787384155540 Thread added: 0x00007872c80b9c80


Dynamic libraries:
200000000-200200000 ---p 00000000 00:00 0 
200200000-200400000 rw-s 00000000 00:05 1129                             /dev/nvidia0
200400000-203400000 rw-s 00000000 00:05 1128                             /dev/nvidiactl
203400000-204400000 ---p 00000000 00:00 0 
204400000-204600000 rw-s 00000000 00:05 1128                             /dev/nvidiactl
204600000-204800000 rw-s 00000000 00:05 1128                             /dev/nvidiactl
204800000-204a00000 rw-s 00000000 00:05 1128                             /dev/nvidiactl
204a00000-204c00000 rw-s 204a00000 00:05 1130                            /dev/nvidia-uvm
204c00000-204e00000 rw-s 00000000 00:05 1128                             /dev/nvidiactl
204e00000-205000000 ---p 00000000 00:00 0 
205000000-205200000 rw-s 00000000 00:05 1128                             /dev/nvidiactl
205200000-300200000 ---p 00000000 00:00 0 
616800000-635400000 rw-p 00000000 00:00 0 
635400000-7ffc00000 ---p 00000000 00:00 0 
7ffc00000-7ffd09000 rw-p 00cb9000 103:05 39860326                        /usr/lib/jvm/jdk-22.0.2-oracle-x64/lib/server/classes.jsa
7ffd09000-800000000 rw-p 00000000 00:00 0 
10000000000-10004000000 ---p 00000000 00:00 0 
62bbdd935000-62bbdd936000 r-xp 00000000 103:05 39860034                  /usr/lib/jvm/jdk-22.0.2-oracle-x64/bin/java
62bbdd937000-62bbdd938000 r--p 00001000 103:05 39860034                  /usr/lib/jvm/jdk-22.0.2-oracle-x64/bin/java
62bbdd938000-62bbdd939000 rw-p 00002000 103:05 39860034                  /usr/lib/jvm/jdk-22.0.2-oracle-x64/bin/java
62bbded72000-62bbdf46f000 rw-p 00000000 00:00 0                          [heap]
787258000000-787259c0d000 rw-p 00000000 00:00 0 
787259c0d000-78725c000000 ---p 00000000 00:00 0 
787260000000-787262000000 ---p 00000000 00:00 0 
787264000000-787267f45000 rw-p 00000000 00:00 0 
787267f45000-787268000000 ---p 00000000 00:00 0 
78726c000000-78726fff9000 rw-p 00000000 00:00 0 
78726fff9000-787270000000 ---p 00000000 00:00 0 
787272000000-78727a000000 ---p 00000000 00:00 0 
78727c000000-78727e000000 ---p 00000000 00:00 0 
787280000000-787290000000 ---p 00000000 00:00 0 
787294000000-787294400000 ---p 00000000 00:00 0 
787294400000-787294600000 rw-s 00000000 00:05 1128                       /dev/nvidiactl
787294600000-787294800000 rw-s 00000000 00:01 2164                       /dev/zero (deleted)
787294800000-787294a00000 rw-s 00000000 00:01 2165                       /dev/zero (deleted)
787294a00000-787295000000 ---p 00000000 00:00 0 
787295000000-787295200000 rw-s 00000000 00:05 1128                       /dev/nvidiactl
787295200000-787295400000 ---p 00000000 00:00 0 
787295400000-787295600000 rw-s 00000000 00:01 2167                       /dev/zero (deleted)
787295600000-787295b33000 rw-s 00000000 00:05 1128                       /dev/nvidiactl
787295b33000-787296000000 ---p 00000000 00:00 0 
787298000000-787298021000 rw-p 00000000 00:00 0 
787298021000-78729c000000 ---p 00000000 00:00 0 
78729e000000-7872a4000000 ---p 00000000 00:00 0 
7872a4000000-7872a4021000 rw-p 00000000 00:00 0 
7872a4021000-7872a8000000 ---p 00000000 00:00 0 
7872ab000000-7872afaa3000 r-xp 00000000 103:05 39063741                  /usr/lib/x86_64-linux-gnu/libcublas.so.10.1.0.105
7872afaa3000-7872afca2000 ---p 04aa3000 103:05 39063741                  /usr/lib/x86_64-linux-gnu/libcublas.so.10.1.0.105
7872afca2000-7872afcb0000 rw-p 04aa2000 103:05 39063741                  /usr/lib/x86_64-linux-gnu/libcublas.so.10.1.0.105
7872afcb0000-7872afcba000 rw-p 00000000 00:00 0 
7872b0000000-7872b0052000 rw-p 00000000 00:00 0 
7872b0052000-7872b4000000 ---p 00000000 00:00 0 
7872b4000000-7872b4021000 rw-p 00000000 00:00 0 
7872b4021000-7872b8000000 ---p 00000000 00:00 0 
7872bc000000-7872bc0a1000 rw-p 00000000 00:00 0 
7872bc0a1000-7872c0000000 ---p 00000000 00:00 0 
7872c0000000-7872c0021000 rw-p 00000000 00:00 0 
7872c0021000-7872c4000000 ---p 00000000 00:00 0 
7872c8000000-7872c80df000 rw-p 00000000 00:00 0 
7872c80df000-7872cc000000 ---p 00000000 00:00 0 
7872cc000000-7872cc160000 rw-p 00000000 00:00 0 
7872cc160000-7872d0000000 ---p 00000000 00:00 0 
7872d4000000-7872d4021000 rw-p 00000000 00:00 0 
7872d4021000-7872d8000000 ---p 00000000 00:00 0 
7872d8000000-7872d8021000 rw-p 00000000 00:00 0 
7872d8021000-7872dc000000 ---p 00000000 00:00 0 
7872e0000000-7872e0021000 rw-p 00000000 00:00 0 
7872e0021000-7872e4000000 ---p 00000000 00:00 0 
7872e4000000-7872e4021000 rw-p 00000000 00:00 0 
7872e4021000-7872e8000000 ---p 00000000 00:00 0 
7872ec000000-7872ec021000 rw-p 00000000 00:00 0 
7872ec021000-7872f0000000 ---p 00000000 00:00 0 
7872f0000000-7872f0021000 rw-p 00000000 00:00 0 
7872f0021000-7872f4000000 ---p 00000000 00:00 0 
7872f6e00000-7872f6e01000 rw-s 00000000 00:05 1128                       /dev/nvidiactl
7872f6e01000-7872f6e02000 rw-s 00000000 00:05 1128                       /dev/nvidiactl
7872f6e02000-7872f6e03000 rw-s 00000000 00:05 1128                       /dev/nvidiactl
7872f6e03000-7872f6e04000 rw-s 00000000 00:05 1128                       /dev/nvidiactl
7872f6e04000-7872f6e05000 rw-s 00000000 00:05 1128                       /dev/nvidiactl
7872f6e05000-7872f6e06000 rw-s 00000000 00:05 1128                       /dev/nvidiactl
7872f6e06000-7872f6e07000 rw-s 00000000 00:05 1128                       /dev/nvidiactl
7872f6e07000-7872f6e08000 rw-s 00000000 00:05 1128                       /dev/nvidiactl
7872f6e08000-7872f6e09000 rw-s 00000000 00:05 1128                       /dev/nvidiactl
7872f6e09000-7872f6e0a000 rw-s 00000000 00:05 1128                       /dev/nvidiactl
7872f6e0a000-7872f6e0b000 rw-s 00000000 00:05 1128                       /dev/nvidiactl
7872f6e0b000-7872f6e0c000 rw-s 00000000 00:05 1128                       /dev/nvidiactl
7872f6e0c000-7872f6e0d000 rw-s 00000000 00:05 1128                       /dev/nvidiactl
7872f6e0d000-7872f6e0e000 rw-s 00000000 00:05 1128                       /dev/nvidiactl
7872f6e0e000-7872f6e0f000 rw-s 00000000 00:05 1128                       /dev/nvidiactl
7872f6e0f000-7872f6e10000 rw-s 00000000 00:05 1128                       /dev/nvidiactl
7872f6e10000-7872f7e21000 ---p 00000000 00:00 0 
7872f8000000-7872f8090000 rw-p 00000000 00:00 0 
7872f8090000-7872f8400000 ---p 00000000 00:00 0 
7872f8400000-7872f8460000 rw-p 00000000 00:00 0 
7872f8460000-7872fc000000 ---p 00000000 00:00 0 
7872fc000000-7872fc021000 rw-p 00000000 00:00 0 
7872fc021000-787300000000 ---p 00000000 00:00 0 
787300e00000-787301e21000 ---p 00000000 00:00 0 
787302000000-787302c7a000 rw-p 00001000 103:05 39860326                  /usr/lib/jvm/jdk-22.0.2-oracle-x64/lib/server/classes.jsa
787302c7a000-787303000000 ---p 00000000 00:00 0 
787303000000-787303010000 rw-p 00000000 00:00 0 
787303010000-787303040000 ---p 00000000 00:00 0 
787303040000-787303050000 rw-p 00000000 00:00 0 
787303050000-787343000000 ---p 00000000 00:00 0 
787343600000-787343601000 ---p 00000000 00:00 0 
787343601000-787343e01000 rw-p 00000000 00:00 0 
787344000000-787344021000 rw-p 00000000 00:00 0 
787344021000-787348000000 ---p 00000000 00:00 0 
787348000000-787348021000 rw-p 00000000 00:00 0 
787348021000-78734c000000 ---p 00000000 00:00 0 
78734c400000-78734c401000 ---p 00000000 00:00 0 
78734c401000-78734cc01000 rw-p 00000000 00:00 0 
78734ce00000-78734ce01000 ---p 00000000 00:00 0 
78734ce01000-78734d601000 rw-p 00000000 00:00 0 
78734d800000-78734fae6000 r-xp 00000000 103:05 39063740                  /usr/lib/x86_64-linux-gnu/libcublasLt.so.10.1.0.105
78734fae6000-78734fce6000 ---p 022e6000 103:05 39063740                  /usr/lib/x86_64-linux-gnu/libcublasLt.so.10.1.0.105
78734fce6000-78734fd58000 rw-p 022e6000 103:05 39063740                  /usr/lib/x86_64-linux-gnu/libcublasLt.so.10.1.0.105
78734fd58000-78734fd60000 rw-p 00000000 00:00 0 
787350000000-787350021000 rw-p 00000000 00:00 0 
787350021000-787354000000 ---p 00000000 00:00 0 
787354000000-787354021000 rw-p 00000000 00:00 0 
787354021000-787358000000 ---p 00000000 00:00 0 
7873580be000-787358200000 rw-p 00000000 00:00 0 
787358200000-787358400000 rw-s 00000000 00:01 2166                       /dev/zero (deleted)
787358400000-78735865a000 rw-p 00000000 00:00 0 
78735875f000-787358800000 rw-p 00000000 00:00 0 
787358800000-7873588db000 r--p 00000000 103:05 39066653                  /usr/lib/x86_64-linux-gnu/libcuda.so.550.54.15
7873588db000-787358d73000 r-xp 000db000 103:05 39066653                  /usr/lib/x86_64-linux-gnu/libcuda.so.550.54.15
787358d73000-78735a203000 r--p 00573000 103:05 39066653                  /usr/lib/x86_64-linux-gnu/libcuda.so.550.54.15
78735a203000-78735a21a000 r--p 01a02000 103:05 39066653                  /usr/lib/x86_64-linux-gnu/libcuda.so.550.54.15
78735a21a000-78735a315000 rw-p 01a19000 103:05 39066653                  /usr/lib/x86_64-linux-gnu/libcuda.so.550.54.15
78735a315000-78735a37b000 rw-p 00000000 00:00 0 
78735a37f000-78735a400000 rw-p 00000000 00:00 0 
78735a400000-78735a49d000 r--p 00000000 103:05 39063721                  /usr/lib/x86_64-linux-gnu/libstdc++.so.6.0.33
78735a49d000-78735a5dd000 r-xp 0009d000 103:05 39063721                  /usr/lib/x86_64-linux-gnu/libstdc++.so.6.0.33
78735a5dd000-78735a66b000 r--p 001dd000 103:05 39063721                  /usr/lib/x86_64-linux-gnu/libstdc++.so.6.0.33
78735a66b000-78735a676000 r--p 0026b000 103:05 39063721                  /usr/lib/x86_64-linux-gnu/libstdc++.so.6.0.33
78735a676000-78735a679000 rw-p 00276000 103:05 39063721                  /usr/lib/x86_64-linux-gnu/libstdc++.so.6.0.33
78735a679000-78735a67d000 rw-p 00000000 00:00 0 
78735a67f000-78735a700000 rw-p 00000000 00:00 0 
78735a700000-78735a704000 ---p 00000000 00:00 0 
78735a704000-78735a800000 rw-p 00000000 00:00 0 
78735a800000-78735a804000 ---p 00000000 00:00 0 
78735a804000-78735a900000 rw-p 00000000 00:00 0 
78735a900000-78735a904000 ---p 00000000 00:00 0 
78735a904000-78735aa00000 rw-p 00000000 00:00 0 
78735aa00000-78735aa04000 ---p 00000000 00:00 0 
78735aa04000-78735ab00000 rw-p 00000000 00:00 0 
78735ab00000-78735ab04000 ---p 00000000 00:00 0 
78735ab04000-78735ac00000 rw-p 00000000 00:00 0 
78735ac00000-78735ac04000 ---p 00000000 00:00 0 
78735ac04000-78735ad00000 rw-p 00000000 00:00 0 
78735ad00000-78735ad04000 ---p 00000000 00:00 0 
78735ad04000-78735ae00000 rw-p 00000000 00:00 0 
78735ae00000-78735ae04000 ---p 00000000 00:00 0 
78735ae04000-78735af00000 rw-p 00000000 00:00 0 
78735af00000-78735af04000 ---p 00000000 00:00 0 
78735af04000-78735b000000 rw-p 00000000 00:00 0 
78735b000000-78735b004000 ---p 00000000 00:00 0 
78735b004000-78735b100000 rw-p 00000000 00:00 0 
78735b100000-78735b104000 ---p 00000000 00:00 0 
78735b104000-78735b200000 rw-p 00000000 00:00 0 
78735b200000-78735b775000 r--p 00000000 103:05 39061600                  /usr/lib/locale/locale-archive
78735b777000-78735b7f8000 rw-p 00000000 00:00 0 
78735b7f8000-78735b7f9000 ---p 00000000 00:00 0 
78735b7f9000-78735b8f9000 rw-p 00000000 00:00 0 
78735b8f9000-78735b8fa000 ---p 00000000 00:00 0 
78735b8fa000-78735b9fa000 rw-p 00000000 00:00 0 
78735b9fa000-78735b9fb000 ---p 00000000 00:00 0 
78735b9fb000-78735bafb000 rw-p 00000000 00:00 0 
78735bafb000-78735bafc000 ---p 00000000 00:00 0 
78735bafc000-78735bbfc000 rw-p 00000000 00:00 0 
78735bbfc000-78735c021000 rw-p 00000000 00:00 0 
78735c021000-787360000000 ---p 00000000 00:00 0 
787360027000-78736003b000 r--p 00000000 103:05 26738754                  /tmp/libJCublas2-10.1.0-linux-x86_64.so
78736003b000-7873600c3000 r-xp 00014000 103:05 26738754                  /tmp/libJCublas2-10.1.0-linux-x86_64.so
7873600c3000-7873600f0000 r--p 0009c000 103:05 26738754                  /tmp/libJCublas2-10.1.0-linux-x86_64.so
7873600f0000-7873600f1000 ---p 000c9000 103:05 26738754                  /tmp/libJCublas2-10.1.0-linux-x86_64.so
7873600f1000-7873600f4000 r--p 000c9000 103:05 26738754                  /tmp/libJCublas2-10.1.0-linux-x86_64.so
7873600f4000-7873600f5000 rw-p 000cc000 103:05 26738754                  /tmp/libJCublas2-10.1.0-linux-x86_64.so
7873600f5000-787362a00000 rw-p 00000000 00:00 0 
787362a1b000-787362a5e000 rw-p 00000000 00:00 0 
787362a5e000-787362a70000 r--p 00000000 103:05 26738753                  /tmp/libJCudaRuntime-10.1.0-linux-x86_64.so
787362a70000-787362ad8000 r-xp 00012000 103:05 26738753                  /tmp/libJCudaRuntime-10.1.0-linux-x86_64.so
787362ad8000-787362af5000 r--p 0007a000 103:05 26738753                  /tmp/libJCudaRuntime-10.1.0-linux-x86_64.so
787362af5000-787362af6000 ---p 00097000 103:05 26738753                  /tmp/libJCudaRuntime-10.1.0-linux-x86_64.so
787362af6000-787362afa000 r--p 00097000 103:05 26738753                  /tmp/libJCudaRuntime-10.1.0-linux-x86_64.so
787362afa000-787362afb000 rw-p 0009b000 103:05 26738753                  /tmp/libJCudaRuntime-10.1.0-linux-x86_64.so
787362afb000-787362afd000 rw-p 00000000 00:00 0 
787362afd000-787362afe000 ---p 00000000 00:00 0 
787362afe000-787362bfe000 rw-p 00000000 00:00 0 
787362bfe000-787362bff000 ---p 00000000 00:00 0 
787362bff000-787362cff000 rw-p 00000000 00:00 0 
787362cff000-787362d00000 ---p 00000000 00:00 0 
787362d00000-787362e00000 rw-p 00000000 00:00 0 
787362e00000-7873635b0000 rw-p 00000000 00:00 0 
7873635b0000-78736a850000 ---p 00000000 00:00 0 
78736a850000-78736a860000 rw-p 00000000 00:00 0 
78736a874000-78736a942000 r-xp 00000000 103:05 39860299                  /usr/lib/jvm/jdk-22.0.2-oracle-x64/lib/libjsvml.so
78736a942000-78736a943000 r--p 000cd000 103:05 39860299                  /usr/lib/jvm/jdk-22.0.2-oracle-x64/lib/libjsvml.so
78736a943000-78736a944000 rw-p 000ce000 103:05 39860299                  /usr/lib/jvm/jdk-22.0.2-oracle-x64/lib/libjsvml.so
78736a944000-78736aaf6000 rw-p 00000000 00:00 0 
78736aaf6000-78736b94a000 ---p 00000000 00:00 0 
78736b94a000-78736b94c000 rw-p 00000000 00:00 0 
78736b94c000-78736baf6000 rw-p 00000000 00:00 0 
78736baf6000-78736c94a000 ---p 00000000 00:00 0 
78736c94a000-78736c94c000 rw-p 00000000 00:00 0 
78736c962000-78736cc00000 rw-p 00000000 00:00 0 
78736cc00000-78736ce70000 rwxp 00000000 00:00 0 
78736ce70000-78737405f000 ---p 00000000 00:00 0 
78737405f000-7873742cf000 rwxp 00000000 00:00 0 
7873742cf000-7873747a0000 ---p 00000000 00:00 0 
7873747a0000-787374a10000 rwxp 00000000 00:00 0 
787374a10000-78737bc00000 ---p 00000000 00:00 0 
78737bc00000-787383fbb000 r--s 00000000 103:05 39860317                  /usr/lib/jvm/jdk-22.0.2-oracle-x64/lib/modules
787383fd3000-787383fd7000 r--p 00000000 103:05 39063720                  /usr/lib/x86_64-linux-gnu/libgcc_s.so.1
787383fd7000-787383ffa000 r-xp 00004000 103:05 39063720                  /usr/lib/x86_64-linux-gnu/libgcc_s.so.1
787383ffa000-787383ffe000 r--p 00027000 103:05 39063720                  /usr/lib/x86_64-linux-gnu/libgcc_s.so.1
787383ffe000-787383fff000 r--p 0002b000 103:05 39063720                  /usr/lib/x86_64-linux-gnu/libgcc_s.so.1
787383fff000-787384000000 rw-p 0002c000 103:05 39063720                  /usr/lib/x86_64-linux-gnu/libgcc_s.so.1
787384000000-787387ffc000 rw-p 00000000 00:00 0 
787387ffc000-787388000000 ---p 00000000 00:00 0 
787388013000-787388023000 -w-s 00000000 00:05 1129                       /dev/nvidia0
787388023000-787388b33000 rw-p 00000000 00:00 0 
787388b33000-787388c17000 ---p 00000000 00:00 0 
787388c17000-787388c1c000 rw-p 00000000 00:00 0 
787388c1c000-787388d00000 ---p 00000000 00:00 0 
787388d00000-787388d04000 ---p 00000000 00:00 0 
787388d04000-787388e00000 rw-p 00000000 00:00 0 
787388e00000-78738a140000 r-xp 00000000 103:05 39860329                  /usr/lib/jvm/jdk-22.0.2-oracle-x64/lib/server/libjvm.so
78738a140000-78738a141000 ---p 01340000 103:05 39860329                  /usr/lib/jvm/jdk-22.0.2-oracle-x64/lib/server/libjvm.so
78738a141000-78738a20e000 r--p 01340000 103:05 39860329                  /usr/lib/jvm/jdk-22.0.2-oracle-x64/lib/server/libjvm.so
78738a20e000-78738a23c000 rw-p 0140d000 103:05 39860329                  /usr/lib/jvm/jdk-22.0.2-oracle-x64/lib/server/libjvm.so
78738a23c000-78738a2b2000 rw-p 00000000 00:00 0 
78738a2b7000-78738a2be000 r--s 00000000 103:05 39070655                  /usr/lib/x86_64-linux-gnu/gconv/gconv-modules.cache
78738a2be000-78738a2c5000 r-xp 00000000 103:05 39860316                  /usr/lib/jvm/jdk-22.0.2-oracle-x64/lib/libzip.so
78738a2c5000-78738a2c6000 ---p 00007000 103:05 39860316                  /usr/lib/jvm/jdk-22.0.2-oracle-x64/lib/libzip.so
78738a2c6000-78738a2c7000 r--p 00007000 103:05 39860316                  /usr/lib/jvm/jdk-22.0.2-oracle-x64/lib/libzip.so
78738a2c7000-78738a2c8000 rw-p 00008000 103:05 39860316                  /usr/lib/jvm/jdk-22.0.2-oracle-x64/lib/libzip.so
78738a2c8000-78738a2d3000 r-xp 00000000 103:05 39860306                  /usr/lib/jvm/jdk-22.0.2-oracle-x64/lib/libnet.so
78738a2d3000-78738a2d4000 ---p 0000b000 103:05 39860306                  /usr/lib/jvm/jdk-22.0.2-oracle-x64/lib/libnet.so
78738a2d4000-78738a2d5000 r--p 0000b000 103:05 39860306                  /usr/lib/jvm/jdk-22.0.2-oracle-x64/lib/libnet.so
78738a2d5000-78738a2d6000 rw-p 0000c000 103:05 39860306                  /usr/lib/jvm/jdk-22.0.2-oracle-x64/lib/libnet.so
78738a2d6000-78738a317000 rw-p 00000000 00:00 0 
78738a317000-78738a327000 r--p 00000000 103:05 39070669                  /usr/lib/x86_64-linux-gnu/libm.so.6
78738a327000-78738a3a6000 r-xp 00010000 103:05 39070669                  /usr/lib/x86_64-linux-gnu/libm.so.6
78738a3a6000-78738a3fe000 r--p 0008f000 103:05 39070669                  /usr/lib/x86_64-linux-gnu/libm.so.6
78738a3fe000-78738a3ff000 r--p 000e7000 103:05 39070669                  /usr/lib/x86_64-linux-gnu/libm.so.6
78738a3ff000-78738a400000 rw-p 000e8000 103:05 39070669                  /usr/lib/x86_64-linux-gnu/libm.so.6
78738a400000-78738a428000 r--p 00000000 103:05 39070666                  /usr/lib/x86_64-linux-gnu/libc.so.6
78738a428000-78738a5b0000 r-xp 00028000 103:05 39070666                  /usr/lib/x86_64-linux-gnu/libc.so.6
78738a5b0000-78738a5ff000 r--p 001b0000 103:05 39070666                  /usr/lib/x86_64-linux-gnu/libc.so.6
78738a5ff000-78738a603000 r--p 001fe000 103:05 39070666                  /usr/lib/x86_64-linux-gnu/libc.so.6
78738a603000-78738a605000 rw-p 00202000 103:05 39070666                  /usr/lib/x86_64-linux-gnu/libc.so.6
78738a605000-78738a612000 rw-p 00000000 00:00 0 
78738a613000-78738a626000 r-xp 00000000 103:05 39860307                  /usr/lib/jvm/jdk-22.0.2-oracle-x64/lib/libnio.so
78738a626000-78738a627000 ---p 00013000 103:05 39860307                  /usr/lib/jvm/jdk-22.0.2-oracle-x64/lib/libnio.so
78738a627000-78738a628000 r--p 00013000 103:05 39860307                  /usr/lib/jvm/jdk-22.0.2-oracle-x64/lib/libnio.so
78738a628000-78738a629000 rw-p 00014000 103:05 39860307                  /usr/lib/jvm/jdk-22.0.2-oracle-x64/lib/libnio.so
78738a629000-78738a6a5000 rw-p 00000000 00:00 0 
78738a6a5000-78738a6c5000 r-xp 00000000 103:05 39860291                  /usr/lib/jvm/jdk-22.0.2-oracle-x64/lib/libjava.so
78738a6c5000-78738a6c6000 ---p 00020000 103:05 39860291                  /usr/lib/jvm/jdk-22.0.2-oracle-x64/lib/libjava.so
78738a6c6000-78738a6c7000 r--p 00020000 103:05 39860291                  /usr/lib/jvm/jdk-22.0.2-oracle-x64/lib/libjava.so
78738a6c7000-78738a6c8000 rw-p 00021000 103:05 39860291                  /usr/lib/jvm/jdk-22.0.2-oracle-x64/lib/libjava.so
78738a6c8000-78738a6c9000 rw-p 00000000 00:00 0 
78738a6c9000-78738a6e7000 r-xp 00000000 103:05 39860295                  /usr/lib/jvm/jdk-22.0.2-oracle-x64/lib/libjimage.so
78738a6e7000-78738a6e9000 r--p 0001d000 103:05 39860295                  /usr/lib/jvm/jdk-22.0.2-oracle-x64/lib/libjimage.so
78738a6e9000-78738a6ea000 rw-p 0001f000 103:05 39860295                  /usr/lib/jvm/jdk-22.0.2-oracle-x64/lib/libjimage.so
78738a6ea000-78738a6eb000 r--p 00000000 103:05 39070680                  /usr/lib/x86_64-linux-gnu/librt.so.1
78738a6eb000-78738a6ec000 r-xp 00001000 103:05 39070680                  /usr/lib/x86_64-linux-gnu/librt.so.1
78738a6ec000-78738a6ed000 r--p 00002000 103:05 39070680                  /usr/lib/x86_64-linux-gnu/librt.so.1
78738a6ed000-78738a6ee000 r--p 00002000 103:05 39070680                  /usr/lib/x86_64-linux-gnu/librt.so.1
78738a6ee000-78738a6ef000 rw-p 00003000 103:05 39070680                  /usr/lib/x86_64-linux-gnu/librt.so.1
78738a6ef000-78738a6f3000 rw-p 00000000 00:00 0 
78738a6f3000-78738a6f4000 r--p 00000000 103:05 39070668                  /usr/lib/x86_64-linux-gnu/libdl.so.2
78738a6f4000-78738a6f5000 r-xp 00001000 103:05 39070668                  /usr/lib/x86_64-linux-gnu/libdl.so.2
78738a6f5000-78738a6f6000 r--p 00002000 103:05 39070668                  /usr/lib/x86_64-linux-gnu/libdl.so.2
78738a6f6000-78738a6f7000 r--p 00002000 103:05 39070668                  /usr/lib/x86_64-linux-gnu/libdl.so.2
78738a6f7000-78738a6f8000 rw-p 00003000 103:05 39070668                  /usr/lib/x86_64-linux-gnu/libdl.so.2
78738a6f8000-78738a6f9000 r--p 00000000 103:05 39070678                  /usr/lib/x86_64-linux-gnu/libpthread.so.0
78738a6f9000-78738a6fa000 r-xp 00001000 103:05 39070678                  /usr/lib/x86_64-linux-gnu/libpthread.so.0
78738a6fa000-78738a6fb000 r--p 00002000 103:05 39070678                  /usr/lib/x86_64-linux-gnu/libpthread.so.0
78738a6fb000-78738a6fc000 r--p 00002000 103:05 39070678                  /usr/lib/x86_64-linux-gnu/libpthread.so.0
78738a6fc000-78738a6fd000 rw-p 00003000 103:05 39070678                  /usr/lib/x86_64-linux-gnu/libpthread.so.0
78738a6fd000-78738a70b000 r-xp 00000000 103:05 39860296                  /usr/lib/jvm/jdk-22.0.2-oracle-x64/lib/libjli.so
78738a70b000-78738a70c000 r--p 0000e000 103:05 39860296                  /usr/lib/jvm/jdk-22.0.2-oracle-x64/lib/libjli.so
78738a70c000-78738a70d000 rw-p 0000f000 103:05 39860296                  /usr/lib/jvm/jdk-22.0.2-oracle-x64/lib/libjli.so
78738a70d000-78738a70f000 r--p 00000000 103:05 39063281                  /usr/lib/x86_64-linux-gnu/libz.so.1.3
78738a70f000-78738a721000 r-xp 00002000 103:05 39063281                  /usr/lib/x86_64-linux-gnu/libz.so.1.3
78738a721000-78738a727000 r--p 00014000 103:05 39063281                  /usr/lib/x86_64-linux-gnu/libz.so.1.3
78738a727000-78738a728000 r--p 0001a000 103:05 39063281                  /usr/lib/x86_64-linux-gnu/libz.so.1.3
78738a728000-78738a729000 rw-p 0001b000 103:05 39063281                  /usr/lib/x86_64-linux-gnu/libz.so.1.3
78738a72a000-78738a72f000 rw-p 00000000 00:00 0 
78738a72f000-78738a739000 ---p 00000000 00:00 0 
78738a739000-78738a741000 rw-s 00000000 103:05 26739256                  /tmp/hsperfdata_edov/12930
78738a741000-78738a742000 ---p 00000000 00:00 0 
78738a742000-78738a743000 r--p 00000000 00:00 0 
78738a743000-78738a744000 ---p 00000000 00:00 0 
78738a744000-78738a746000 rw-p 00000000 00:00 0 
78738a746000-78738a747000 r--p 00000000 103:05 39070663                  /usr/lib/x86_64-linux-gnu/ld-linux-x86-64.so.2
78738a747000-78738a772000 r-xp 00001000 103:05 39070663                  /usr/lib/x86_64-linux-gnu/ld-linux-x86-64.so.2
78738a772000-78738a77c000 r--p 0002c000 103:05 39070663                  /usr/lib/x86_64-linux-gnu/ld-linux-x86-64.so.2
78738a77c000-78738a77e000 r--p 00036000 103:05 39070663                  /usr/lib/x86_64-linux-gnu/ld-linux-x86-64.so.2
78738a77e000-78738a780000 rw-p 00038000 103:05 39070663                  /usr/lib/x86_64-linux-gnu/ld-linux-x86-64.so.2
7ffe908fb000-7ffe9091d000 rw-p 00000000 00:00 0                          [stack]
7ffe909a4000-7ffe909a8000 r--p 00000000 00:00 0                          [vvar]
7ffe909a8000-7ffe909aa000 r-xp 00000000 00:00 0                          [vdso]
ffffffffff600000-ffffffffff601000 --xp 00000000 00:00 0                  [vsyscall]
Total number of mappings: 308


VM Arguments:
jvm_args: -Dfile.encoding=UTF-8 --module-path=/home/edov/projects/JCudaWrapper/build/classes 
java_command: storage.DArray
java_class_path (initial): /home/edov/projects/JCudaWrapper/JCuda-All-10.1.0/jcublas-10.1.0-javadoc.jar:/home/edov/projects/JCudaWrapper/JCuda-All-10.1.0/jcublas-10.1.0-sources.jar:/home/edov/projects/JCudaWrapper/JCuda-All-10.1.0/jcublas-10.1.0.jar:/home/edov/projects/JCudaWrapper/JCuda-All-10.1.0/jcublas-natives-10.1.0-apple-x86_64.jar:/home/edov/projects/JCudaWrapper/JCuda-All-10.1.0/jcublas-natives-10.1.0-javadoc.jar:/home/edov/projects/JCudaWrapper/JCuda-All-10.1.0/jcublas-natives-10.1.0-linux-x86_64.jar:/home/edov/projects/JCudaWrapper/JCuda-All-10.1.0/jcublas-natives-10.1.0-sources.jar:/home/edov/projects/JCudaWrapper/JCuda-All-10.1.0/jcublas-natives-10.1.0-windows-x86_64.jar:/home/edov/projects/JCudaWrapper/JCuda-All-10.1.0/jcublas-natives-10.1.0.jar:/home/edov/projects/JCudaWrapper/JCuda-All-10.1.0/jcuda-10.1.0-javadoc.jar:/home/edov/projects/JCudaWrapper/JCuda-All-10.1.0/jcuda-10.1.0-sources.jar:/home/edov/projects/JCudaWrapper/JCuda-All-10.1.0/jcuda-10.1.0.jar:/home/edov/projects/JCudaWrapper/JCuda-All-10.1.0/jcuda-common-10.1.0-javadoc.jar:/home/edov/projects/JCudaWrapper/JCuda-All-10.1.0/jcuda-common-10.1.0-sources.jar:/home/edov/projects/JCudaWrapper/JCuda-All-10.1.0/jcuda-common-10.1.0.jar:/home/edov/projects/JCudaWrapper/JCuda-All-10.1.0/jcuda-natives-10.1.0-apple-x86_64.jar:/home/edov/projects/JCudaWrapper/JCuda-All-10.1.0/jcuda-natives-10.1.0-javadoc.jar:/home/edov/projects/JCudaWrapper/JCuda-All-10.1.0/jcuda-natives-10.1.0-linux-x86_64.jar:/home/edov/projects/JCudaWrapper/JCuda-All-10.1.0/jcuda-natives-10.1.0-sources.jar:/home/edov/projects/JCudaWrapper/JCuda-All-10.1.0/jcuda-natives-10.1.0-windows-x86_64.jar:/home/edov/projects/JCudaWrapper/JCuda-All-10.1.0/jcuda-natives-10.1.0.jar:/home/edov/projects/JCudaWrapper/JCuda-All-10.1.0/jcudnn-10.1.0-javadoc.jar:/home/edov/projects/JCudaWrapper/JCuda-All-10.1.0/jcudnn-10.1.0-sources.jar:/home/edov/projects/JCudaWrapper/JCuda-All-10.1.0/jcudnn-10.1.0.jar:/home/edov/projects/JCudaWrapper/JCuda-All-10.1.0/jcudnn-natives-10.1.0-apple-x86_64.jar:/home/edov/projects/JCudaWrapper/JCuda-All-10.1.0/jcudnn-natives-10.1.0-javadoc.jar:/home/edov/projects/JCudaWrapper/JCuda-All-10.1.0/jcudnn-natives-10.1.0-linux-x86_64.jar:/home/edov/projects/JCudaWrapper/JCuda-All-10.1.0/jcudnn-natives-10.1.0-sources.jar:/home/edov/projects/JCudaWrapper/JCuda-All-10.1.0/jcudnn-natives-10.1.0-windows-x86_64.jar:/home/edov/projects/JCudaWrapper/JCuda-All-10.1.0/jcudnn-natives-10.1.0.jar:/home/edov/projects/JCudaWrapper/JCuda-All-10.1.0/jcufft-10.1.0-javadoc.jar:/home/edov/projects/JCudaWrapper/JCuda-All-10.1.0/jcufft-10.1.0-sources.jar:/home/edov/projects/JCudaWrapper/JCuda-All-10.1.0/jcufft-10.1.0.jar:/home/edov/projects/JCudaWrapper/JCuda-All-10.1.0/jcufft-natives-10.1.0-apple-x86_64.jar:/home/edov/projects/JCudaWrapper/JCuda-All-10.1.0/jcufft-natives-10.1.0-javadoc.jar:/home/edov/projects/JCudaWrapper/JCuda-All-10.1.0/jcufft-natives-10.1.0-linux-x86_64.jar:/home/edov/projects/JCudaWrapper/JCuda-All-10.1.0/jcufft-natives-10.1.0-sources.jar:/home/edov/projects/JCudaWrapper/JCuda-All-10.1.0/jcufft-natives-10.1.0-windows-x86_64.jar:/home/edov/projects/JCudaWrapper/JCuda-All-10.1.0/jcufft-natives-10.1.0.jar:/home/edov/projects/JCudaWrapper/JCuda-All-10.1.0/jcurand-10.1.0-javadoc.jar:/home/edov/projects/JCudaWrapper/JCuda-All-10.1.0/jcurand-10.1.0-sources.jar:/home/edov/projects/JCudaWrapper/JCuda-All-10.1.0/jcurand-10.1.0.jar:/home/edov/projects/JCudaWrapper/JCuda-All-10.1.0/jcurand-natives-10.1.0-apple-x86_64.jar:/home/edov/projects/JCudaWrapper/JCuda-All-10.1.0/jcurand-natives-10.1.0-javadoc.jar:/home/edov/projects/JCudaWrapper/JCuda-All-10.1.0/jcurand-natives-10.1.0-linux-x86_64.jar:/home/edov/projects/JCudaWrapper/JCuda-All-10.1.0/jcurand-natives-10.1.0-sources.jar:/home/edov/projects/JCudaWrapper/JCuda-All-10.1.0/jcurand-natives-10.1.0-windows-x86_64.jar:/home/edov/projects/JCudaWrapper/JCuda-All-10.1.0/jcurand-natives-10.1.0.jar:/home/edov/projects/JCudaWrapper/JCuda-All-10.1.0/jcusolver-10.1.0-javadoc.jar:/home/edov/projects/JCudaWrapper/JCuda-All-10.1.0/jcusolver-10.1.0-sources.jar:/home/edov/projects/JCudaWrapper/JCuda-All-10.1.0/jcusolver-10.1.0.jar:/home/edov/projects/JCudaWrapper/JCuda-All-10.1.0/jcusolver-natives-10.1.0-apple-x86_64.jar:/home/edov/projects/JCudaWrapper/JCuda-All-10.1.0/jcusolver-natives-10.1.0-javadoc.jar:/home/edov/projects/JCudaWrapper/JCuda-All-10.1.0/jcusolver-natives-10.1.0-linux-x86_64.jar:/home/edov/projects/JCudaWrapper/JCuda-All-10.1.0/jcusolver-natives-10.1.0-sources.jar:/home/edov/projects/JCudaWrapper/JCuda-All-10.1.0/jcusolver-natives-10.1.0-windows-x86_64.jar:/home/edov/projects/JCudaWrapper/JCuda-All-10.1.0/jcusolver-natives-10.1.0.jar:/home/edov/projects/JCudaWrapper/JCuda-All-10.1.0/jcusparse-10.1.0-javadoc.jar:/home/edov/projects/JCudaWrapper/JCuda-All-10.1.0/jcusparse-10.1.0-sources.jar:/home/edov/projects/JCudaWrapper/JCuda-All-10.1.0/jcusparse-10.1.0.jar:/home/edov/projects/JCudaWrapper/JCuda-All-10.1.0/jcusparse-natives-10.1.0-apple-x86_64.jar:/home/edov/projects/JCudaWrapper/JCuda-All-10.1.0/jcusparse-natives-10.1.0-javadoc.jar:/home/edov/projects/JCudaWrapper/JCuda-All-10.1.0/jcusparse-natives-10.1.0-linux-x86_64.jar:/home/edov/projects/JCudaWrapper/JCuda-All-10.1.0/jcusparse-natives-10.1.0-sources.jar:/home/edov/projects/JCudaWrapper/JCuda-All-10.1.0/jcusparse-natives-10.1.0-windows-x86_64.jar:/home/edov/projects/JCudaWrapper/JCuda-All-10.1.0/jcusparse-natives-10.1.0.jar:/home/edov/projects/JCudaWrapper/JCuda-All-10.1.0/jnvgraph-10.1.0-javadoc.jar:/home/edov/projects/JCudaWrapper/JCuda-All-10.1.0/jnvgraph-10.1.0-sources.jar:/home/edov/projects/JCudaWrapper/JCuda-All-10.1.0/jnvgraph-10.1.0.jar:/home/edov/projects/JCudaWrapper/JCuda-All-10.1.0/jnvgraph-natives-10.1.0-apple-x86_64.jar:/home/edov/projects/JCudaWrapper/JCuda-All-10.1.0/jnvgraph-natives-10.1.0-javadoc.jar:/home/edov/projects/JCudaWrapper/JCuda-All-10.1.0/jnvgraph-natives-10.1.0-linux-x86_64.jar:/home/edov/projects/JCudaWrapper/JCuda-All-10.1.0/jnvgraph-natives-10.1.0-sources.jar:/home/edov/projects/JCudaWrapper/JCuda-All-10.1.0/jnvgraph-natives-10.1.0-windows-x86_64.jar:/home/edov/projects/JCudaWrapper/JCuda-All-10.1.0/jnvgraph-natives-10.1.0.jar:/home/edov/projects/JCudaWrapper/commons-math3-3.6.1.jar:/home/edov/projects/JCudaWrapper/build/classes
Launcher Type: SUN_STANDARD

[Global flags]
     intx CICompilerCount                          = 12                                        {product} {ergonomic}
     uint ConcGCThreads                            = 3                                         {product} {ergonomic}
     uint G1ConcRefinementThreads                  = 13                                        {product} {ergonomic}
   size_t G1HeapRegionSize                         = 4194304                                   {product} {ergonomic}
   size_t InitialHeapSize                          = 515899392                                 {product} {ergonomic}
   size_t MarkStackSize                            = 4194304                                   {product} {ergonomic}
   size_t MaxHeapSize                              = 8212447232                                {product} {ergonomic}
   size_t MaxNewSize                               = 4924112896                                {product} {ergonomic}
   size_t MinHeapDeltaBytes                        = 4194304                                   {product} {ergonomic}
   size_t MinHeapSize                              = 8388608                                   {product} {ergonomic}
    uintx NonNMethodCodeHeapSize                   = 7602480                                {pd product} {ergonomic}
    uintx NonProfiledCodeHeapSize                  = 122027880                              {pd product} {ergonomic}
    uintx ProfiledCodeHeapSize                     = 122027880                              {pd product} {ergonomic}
    uintx ReservedCodeCacheSize                    = 251658240                              {pd product} {ergonomic}
     bool SegmentedCodeCache                       = true                                      {product} {ergonomic}
   size_t SoftMaxHeapSize                          = 8212447232                             {manageable} {ergonomic}
     bool UseCompressedOops                        = true                           {product lp64_product} {ergonomic}
     bool UseG1GC                                  = true                                      {product} {ergonomic}

Logging:
Log output configuration:
 #0: stdout all=warning uptime,level,tags foldmultilines=false
 #1: stderr all=off uptime,level,tags foldmultilines=false

Environment Variables:
PATH=/usr/local/sbin:/usr/local/bin:/usr/sbin:/usr/bin:/sbin:/bin:/usr/games:/usr/local/games:/snap/bin:/snap/bin
USERNAME=edov
SHELL=/bin/bash
DISPLAY=:1
LANG=en_IL

Active Locale:
LC_ALL=en_IL
LC_COLLATE=en_IL
LC_CTYPE=en_IL
LC_MESSAGES=en_IL
LC_MONETARY=en_IL
LC_NUMERIC=en_IL
LC_TIME=en_IL

Signal Handlers:
   SIGSEGV: crash_handler in libjvm.so, mask=11100100010111111101111111111110, flags=SA_RESTART|SA_SIGINFO, unblocked
    SIGBUS: crash_handler in libjvm.so, mask=11100100010111111101111111111110, flags=SA_RESTART|SA_SIGINFO, unblocked
    SIGFPE: crash_handler in libjvm.so, mask=11100100010111111101111111111110, flags=SA_RESTART|SA_SIGINFO, unblocked
   SIGPIPE: javaSignalHandler in libjvm.so, mask=11100100010111111101111111111110, flags=SA_RESTART|SA_SIGINFO, blocked
   SIGXFSZ: javaSignalHandler in libjvm.so, mask=11100100010111111101111111111110, flags=SA_RESTART|SA_SIGINFO, blocked
    SIGILL: crash_handler in libjvm.so, mask=11100100010111111101111111111110, flags=SA_RESTART|SA_SIGINFO, unblocked
   SIGUSR2: SR_handler in libjvm.so, mask=00000000000000000000000000000000, flags=SA_RESTART|SA_SIGINFO, blocked
    SIGHUP: UserHandler in libjvm.so, mask=11100100010111111101111111111110, flags=SA_RESTART|SA_SIGINFO, blocked
    SIGINT: SIG_IGN, mask=00000000000000000000000000000000, flags=none, blocked
   SIGTERM: UserHandler in libjvm.so, mask=11100100010111111101111111111110, flags=SA_RESTART|SA_SIGINFO, blocked
   SIGQUIT: UserHandler in libjvm.so, mask=11100100010111111101111111111110, flags=SA_RESTART|SA_SIGINFO, blocked
   SIGTRAP: crash_handler in libjvm.so, mask=11100100010111111101111111111110, flags=SA_RESTART|SA_SIGINFO, unblocked


Periodic native trim disabled

---------------  S Y S T E M  ---------------

OS:
DISTRIB_ID=Ubuntu
DISTRIB_RELEASE=24.04
DISTRIB_CODENAME=noble
DISTRIB_DESCRIPTION="Ubuntu 24.04.1 LTS"
uname: Linux 6.8.0-44-generic #44-Ubuntu SMP PREEMPT_DYNAMIC Tue Aug 13 13:35:26 UTC 2024 x86_64
OS uptime: 0 days 1:45 hours
libc: glibc 2.39 NPTL 2.39 
rlimit (soft/hard): STACK 8192k/infinity , CORE 0k/infinity , NPROC 125013/125013 , NOFILE 1048576/1048576 , AS infinity/infinity , CPU infinity/infinity , DATA infinity/infinity , FSIZE infinity/infinity , MEMLOCK 4009332k/4009332k
load average: 1.39 0.62 0.53

/proc/meminfo:
MemTotal:       32074664 kB
MemFree:        19833372 kB
MemAvailable:   23783688 kB
Buffers:          210940 kB
Cached:          4099976 kB
SwapCached:            0 kB
Active:          7387420 kB
Inactive:        2633040 kB
Active(anon):    5826164 kB
Inactive(anon):        0 kB
Active(file):    1561256 kB
Inactive(file):  2633040 kB
Unevictable:          48 kB
Mlocked:              48 kB
SwapTotal:       2097148 kB
SwapFree:        2097148 kB
Zswap:                 0 kB
Zswapped:              0 kB
Dirty:               572 kB
Writeback:             0 kB
AnonPages:       5710172 kB
Mapped:          1047268 kB
Shmem:            116620 kB
KReclaimable:     220500 kB
Slab:             542796 kB
SReclaimable:     220500 kB
SUnreclaim:       322296 kB
KernelStack:       25568 kB
PageTables:        66532 kB
SecPageTables:         0 kB
NFS_Unstable:          0 kB
Bounce:                0 kB
WritebackTmp:          0 kB
CommitLimit:    18134480 kB
Committed_AS:   33116472 kB
VmallocTotal:   34359738367 kB
VmallocUsed:      167992 kB
VmallocChunk:          0 kB
Percpu:            18752 kB
HardwareCorrupted:     0 kB
AnonHugePages:         0 kB
ShmemHugePages:        0 kB
ShmemPmdMapped:        0 kB
FileHugePages:         0 kB
FilePmdMapped:         0 kB
Unaccepted:            0 kB
HugePages_Total:       0
HugePages_Free:        0
HugePages_Rsvd:        0
HugePages_Surp:        0
Hugepagesize:       2048 kB
Hugetlb:               0 kB
DirectMap4k:     1921512 kB
DirectMap2M:    17205248 kB
DirectMap1G:    14680064 kB

/sys/kernel/mm/transparent_hugepage/enabled: always [madvise] never
/sys/kernel/mm/transparent_hugepage/hpage_pmd_size: 2097152
/sys/kernel/mm/transparent_hugepage/shmem_enabled: always within_size advise [never] deny force
/sys/kernel/mm/transparent_hugepage/defrag (defrag/compaction efforts parameter): always defer defer+madvise [madvise] never

Process Memory:
Virtual Size: 16450168K (peak: 16515676K)
Resident Set Size: 348720K (peak: 348720K) (anon: 190204K, file: 150324K, shmem: 8192K)
Swapped out: 0K
C-Heap outstanding allocations: 263781K, retained: 11106K
glibc malloc tunables: (default)

/proc/sys/kernel/threads-max (system-wide limit on the number of threads): 250027
/proc/sys/vm/max_map_count (maximum number of memory map areas a process may have): 1048576
/proc/sys/vm/swappiness (control to define how aggressively the kernel swaps out anonymous memory): 60
/proc/sys/kernel/pid_max (system-wide limit on number of process identifiers): 4194304

container (cgroup) information:
container_type: cgroupv2
cpu_cpuset_cpus: not supported
cpu_memory_nodes: not supported
active_processor_count: 16
cpu_quota: not supported
cpu_period: not supported
cpu_shares: not supported
memory_limit_in_bytes: unlimited
memory_and_swap_limit_in_bytes: unlimited
memory_soft_limit_in_bytes: unlimited
memory_usage_in_bytes: 3184236 k
memory_max_usage_in_bytes: not supported
memory_swap_current_in_bytes: unlimited
memory_swap_max_limit_in_bytes: unlimited
maximum number of tasks: 37504
current number of tasks: 137

Steal ticks since vm start: 0
Steal ticks percentage since vm start:  0.000

CPU: total 16 (initial active 16) (16 cores per cpu, 2 threads per core) family 25 model 68 stepping 1 microcode 0xa404101, cx8, cmov, fxsr, ht, mmx, 3dnowpref, sse, sse2, sse3, ssse3, sse4a, sse4.1, sse4.2, popcnt, lzcnt, tsc, tscinvbit, avx, avx2, aes, clmul, bmi1, bmi2, adx, sha, fma, vzeroupper, clflush, clflushopt, rdtscp, rdpid, f16c, pku, ospke, cet_ss
CPU Model and flags from /proc/cpuinfo:
model name	: AMD Ryzen 9 6900HS with Radeon Graphics
flags		: fpu vme de pse tsc msr pae mce cx8 apic sep mtrr pge mca cmov pat pse36 clflush mmx fxsr sse sse2 ht syscall nx mmxext fxsr_opt pdpe1gb rdtscp lm constant_tsc rep_good nopl nonstop_tsc cpuid extd_apicid aperfmperf rapl pni pclmulqdq monitor ssse3 fma cx16 sse4_1 sse4_2 x2apic movbe popcnt aes xsave avx f16c rdrand lahf_lm cmp_legacy svm extapic cr8_legacy abm sse4a misalignsse 3dnowprefetch osvw ibs skinit wdt tce topoext perfctr_core perfctr_nb bpext perfctr_llc mwaitx cpb cat_l3 cdp_l3 hw_pstate ssbd mba ibrs ibpb stibp vmmcall fsgsbase bmi1 avx2 smep bmi2 invpcid cqm rdt_a rdseed adx smap clflushopt clwb sha_ni xsaveopt xsavec xgetbv1 xsaves cqm_llc cqm_occup_llc cqm_mbm_total cqm_mbm_local user_shstk clzero irperf xsaveerptr rdpru wbnoinvd cppc arat npt lbrv svm_lock nrip_save tsc_scale vmcb_clean flushbyasid decodeassists pausefilter pfthreshold avic v_vmsave_vmload vgif v_spec_ctrl umip pku ospke vaes vpclmulqdq rdpid overflow_recov succor smca debug_swap

Online cpus: 0-15
Offline cpus: 
BIOS frequency limitation: <Not Available>
Frequency switch latency (ns): 0
Available cpu frequencies: <Not Available>
Current governor: powersave
Core performance/turbo boost: <Not Available>

Memory: 4k page, physical 32074664k(23783688k free), swap 2097148k(2097148k free)
Page Sizes: 4k

vm_info: Java HotSpot(TM) 64-Bit Server VM (22.0.2+9-70) for linux-amd64 JRE (22.0.2+9-70), built on 2024-06-04T16:52:23Z by "mach5one" with gcc 13.2.0

END.
