#
# A fatal error has been detected by the Java Runtime Environment:
#
#  SIGSEGV (0xb) at pc=0x0000731bbb0d1bb8, pid=12451, tid=12455
#
# JRE version: Java(TM) SE Runtime Environment (22.0.2+9) (build 22.0.2+9-70)
# Java VM: Java HotSpot(TM) 64-Bit Server VM (22.0.2+9-70, mixed mode, sharing, tiered, compressed oops, compressed class ptrs, g1 gc, linux-amd64)
# Problematic frame:
# C  [libcublas.so.10+0xd1bb8]
#
# Core dump will be written. Default location: Core dumps may be processed with "/usr/share/apport/apport -p%p -s%s -c%c -d%d -P%P -u%u -g%g -- %E" (or dumping to /home/edov/projects/JCudaWrapper/core.12451)
#
# If you would like to submit a bug report, please visit:
#   https://bugreport.java.com/bugreport/crash.jsp
# The crash happened outside the Java Virtual Machine in native code.
# See problematic frame for where to report the bug.
#

---------------  S U M M A R Y ------------

Command Line: -Dfile.encoding=UTF-8 --module-path=/home/edov/projects/JCudaWrapper/build/classes storage.DArray

Host: AMD Ryzen 9 6900HS with Radeon Graphics, 16 cores, 30G, Ubuntu 24.04.1 LTS
Time: Tue Sep 17 09:22:22 2024 IDT elapsed time: 0.525990 seconds (0d 0h 0m 0s)

---------------  T H R E A D  ---------------

Current thread (0x0000731c9c02d4c0):  JavaThread "main"             [_thread_in_native, id=12455, stack(0x0000731ca1f00000,0x0000731ca2000000) (1024K)]

Stack: [0x0000731ca1f00000,0x0000731ca2000000],  sp=0x0000731ca1ffe4e0,  free space=1017k
Native frames: (J=compiled Java code, j=interpreted, Vv=VM code, C=native code)
C  [libcublas.so.10+0xd1bb8]
Java frames: (J=compiled Java code, j=interpreted, Vv=VM code)
j  jcuda.jcublas.JCublas2.cublasDnrm2Native(Ljcuda/jcublas/cublasHandle;ILjcuda/Pointer;ILjcuda/Pointer;)I+0
j  jcuda.jcublas.JCublas2.cublasDnrm2(Ljcuda/jcublas/cublasHandle;ILjcuda/Pointer;ILjcuda/Pointer;)I+6
j  storage.DArray.norm(LprocessSupport/Handle;IILstorage/DSingleton;)Lstorage/DSingleton;+31
j  storage.DArray.main([Ljava/lang/String;)V+55
v  ~StubRoutines::call_stub 0x0000731c8c05fcc6

siginfo: si_signo: 11 (SIGSEGV), si_code: 2 (SEGV_ACCERR), si_addr: 0x0000731b70e20800

Registers:
RAX=0x0000000000000000, RBX=0x0000000000000001, RCX=0x0000000000000001, RDX=0x0000000000000007
RSP=0x0000731ca1ffe4e0, RBP=0x0000000000000002, RSI=0x0000000000000002, RDI=0x0000731b77d27580
R8 =0x0000731b70e20800, R9 =0x0000000634c15ca0, R10=0x0000731bbb004380, R11=0x0000731bbb0cb5b0
R12=0x0000731b77d27580, R13=0x0000000000000001, R14=0x0000731b70e20800, R15=0x0000731b70e20600
RIP=0x0000731bbb0d1bb8, EFLAGS=0x0000000000010202, CSGSFS=0x002b000000000033, ERR=0x0000000000000006
  TRAPNO=0x000000000000000e


Register to memory mapping:

RAX=0x0 is null
RBX=0x0000000000000001 is an unknown value
RCX=0x0000000000000001 is an unknown value
RDX=0x0000000000000007 is an unknown value
RSP=0x0000731ca1ffe4e0 is pointing into the stack for thread: 0x0000731c9c02d4c0
RBP=0x0000000000000002 is an unknown value
RSI=0x0000000000000002 is an unknown value
RDI=0x0000731b77d27580 points into unknown readable memory: 0x7fffffff00000200 | 00 02 00 00 ff ff ff 7f
R8 =0x0000731b70e20800 is an unknown value
R9 =0x0000000634c15ca0 is an oop: jcuda.driver.CUdeviceptr 
{0x0000000634c15ca0} - klass: 'jcuda/driver/CUdeviceptr'
 - ---- fields (total size 5 words):
 - private 'nativePointer' 'J' @16  126561695172608 (0x0000731b70e20800)
 - private 'buffer' 'Ljava/nio/Buffer;' @12  null (0x00000000)
 - private 'byteOffset' 'J' @24  0 (0x0000000000000000)
 - private 'pointers' '[Ljcuda/NativePointerObject;' @32  null (0x00000000)
R10=0x0000731bbb004380: <offset 0x0000000000004380> in /lib/x86_64-linux-gnu/libcublas.so.10 at 0x0000731bbb000000
R11=0x0000731bbb0cb5b0: cublasDnrm2_v2+0x0000000000000000 in /lib/x86_64-linux-gnu/libcublas.so.10 at 0x0000731bbb000000
R12=0x0000731b77d27580 points into unknown readable memory: 0x7fffffff00000200 | 00 02 00 00 ff ff ff 7f
R13=0x0000000000000001 is an unknown value
R14=0x0000731b70e20800 is an unknown value
R15=0x0000731b70e20600 is an unknown value

Top of Stack: (sp=0x0000731ca1ffe4e0)
0x0000731ca1ffe4e0:   2020202020202020 0000000000000000
0x0000731ca1ffe4f0:   0000000000000000 0000731b70e20600
0x0000731ca1ffe500:   0000000000000000 0000000000000000
0x0000731ca1ffe510:   0000000000000000 0000000000000000
0x0000731ca1ffe520:   0000000000000000 0000731c9c1381e0
0x0000731ca1ffe530:   0000731ca1ffe550 0000731ca1699906
0x0000731ca1ffe540:   0000731c780e3680 000000069c02e050
0x0000731ca1ffe550:   0000731ca1ffe580 0000731ca16d14d8
0x0000731ca1ffe560:   0000731c9c145460 881d009135a85100
0x0000731ca1ffe570:   0000000000000001 0000731ca1ffe840
0x0000731ca1ffe580:   0000000000000002 8000000000000006
0x0000731ca1ffe590:   0000000000000000 0000000000000000
0x0000731ca1ffe5a0:   0000000000000000 0000000000000000
0x0000731ca1ffe5b0:   0000000000000000 0000000000000000
0x0000731ca1ffe5c0:   0000731c9c02d4c0 0000000000000000
0x0000731ca1ffe5d0:   0000731ca1ffe5f0 0000731ca1394377
0x0000731ca1ffe5e0:   0000731c00000000 0000731b6d40c050
0x0000731ca1ffe5f0:   0000000000000000 0000731c104154b8
0x0000731ca1ffe600:   0000731ca1ffe620 0000731c780c3fc5
0x0000731ca1ffe610:   0000731ca1ffe820 0000731c104154b8
0x0000731ca1ffe620:   0000731ca1ffe780 0000000000000000
0x0000731ca1ffe630:   0000731c104154b8 0000731ca1ffe840
0x0000731ca1ffe640:   0000731b70e20600 0000731bbb0cb5fe
0x0000731ca1ffe650:   0000731ca1ffe680 0000731b77d27580
0x0000731ca1ffe660:   0000731ca1ffe680 0000731b70e20800
0x0000731ca1ffe670:   0000000200000001 0000731b77d27580
0x0000731ca1ffe680:   0000731ca1ffe700 0000731c780c4ac8
0x0000731ca1ffe690:   0000731ca1ffe820 0000731c9c02d880
0x0000731ca1ffe6a0:   0000731c9c02d400 0000010000000062
0x0000731ca1ffe6b0:   0000731ca1ffe830 0000731c9c02d880
0x0000731ca1ffe6c0:   0000000000000000 0000731c780c4dc5
0x0000731ca1ffe6d0:   0000000000000000 0000731c104154b8 

Instructions: (pc=0x0000731bbb0d1bb8)
0x0000731bbb0d1ab8:   ff 4c 8b 8c 24 18 01 00 00 48 8b b4 24 c0 00 00
0x0000731bbb0d1ac8:   00 48 89 ef 8b 94 24 c8 00 00 00 48 8b 8c 24 b0
0x0000731bbb0d1ad8:   00 00 00 44 8b 84 24 b8 00 00 00 4c 8b 9c 24 10
0x0000731bbb0d1ae8:   01 00 00 4c 89 0c 24 4c 8d 8c 24 20 01 00 00 48
0x0000731bbb0d1af8:   89 b4 24 90 00 00 00 89 94 24 98 00 00 00 48 89
0x0000731bbb0d1b08:   8c 24 a0 00 00 00 44 89 84 24 a8 00 00 00 4c 89
0x0000731bbb0d1b18:   5c 24 08 e8 80 bb 50 00 e9 6d fe ff ff 48 03 9c
0x0000731bbb0d1b28:   24 28 01 00 00 4d 8b 44 24 48 b9 03 00 00 00 ba
0x0000731bbb0d1b38:   08 00 00 00 4c 89 f7 48 89 de e8 f9 e5 50 00 e9
0x0000731bbb0d1b48:   9a fe ff ff 90 90 90 90 48 89 6c 24 d8 4c 89 64
0x0000731bbb0d1b58:   24 e0 89 f5 4c 89 6c 24 e8 4c 89 74 24 f0 49 89
0x0000731bbb0d1b68:   fc 48 89 5c 24 d0 4c 89 7c 24 f8 48 81 ec 68 01
0x0000731bbb0d1b78:   00 00 48 85 ff 48 89 54 24 18 41 89 cd 4d 89 c6
0x0000731bbb0d1b88:   0f 84 85 01 00 00 8b 5f 38 85 db 0f 84 7a 01 00
0x0000731bbb0d1b98:   00 4d 85 c0 ba 07 00 00 00 0f 84 ff 00 00 00 8b
0x0000731bbb0d1ba8:   47 50 85 c0 89 44 24 2c 0f 85 2a 01 00 00 85 f6
0x0000731bbb0d1bb8:   49 c7 00 00 00 00 00 0f 8e 4a 01 00 00 85 c9 0f
0x0000731bbb0d1bc8:   8e 42 01 00 00 48 8b 35 94 83 bd 04 31 c9 4c 89
0x0000731bbb0d1bd8:   e7 48 89 f2 48 89 74 24 10 be 80 00 00 00 e8 d5
0x0000731bbb0d1be8:   39 fe ff 85 c0 ba 0d 00 00 00 0f 8e ae 00 00 00
0x0000731bbb0d1bf8:   39 e8 41 89 ef 49 8d 54 24 78 44 0f 4e f8 42 8d
0x0000731bbb0d1c08:   1c fd 08 00 00 00 48 89 d7 48 89 54 24 20 e8 75
0x0000731bbb0d1c18:   88 f5 ff 39 c3 0f 8f ca 01 00 00 48 8b 7c 24 20
0x0000731bbb0d1c28:   48 8d b4 24 28 01 00 00 89 da e8 79 91 f5 ff 85
0x0000731bbb0d1c38:   c0 89 c2 75 69 48 63 d3 48 c7 44 24 70 00 00 00
0x0000731bbb0d1c48:   00 48 c7 44 24 78 00 00 00 00 48 81 fa ff ff 00
0x0000731bbb0d1c58:   00 48 c7 84 24 80 00 00 00 00 00 00 00 48 c7 84
0x0000731bbb0d1c68:   24 88 00 00 00 00 00 00 00 49 8b 4c 24 48 48 8b
0x0000731bbb0d1c78:   bc 24 28 01 00 00 0f 87 9c 00 00 00 49 8d b4 24
0x0000731bbb0d1c88:   d8 00 00 00 49 89 c8 b9 01 00 00 00 e8 a7 e4 50
0x0000731bbb0d1c98:   00 85 c0 0f 84 8e 00 00 00 ba 0e 00 00 00 48 8b
0x0000731bbb0d1ca8:   9c 24 38 01 00 00 48 8b ac 24 40 01 00 00 89 d0 


Stack slot to memory mapping:

stack at sp + 0 slots: 0x2020202020202020 is an unknown value
stack at sp + 1 slots: 0x0 is null
stack at sp + 2 slots: 0x0 is null
stack at sp + 3 slots: 0x0000731b70e20600 is an unknown value
stack at sp + 4 slots: 0x0 is null
stack at sp + 5 slots: 0x0 is null
stack at sp + 6 slots: 0x0 is null
stack at sp + 7 slots: 0x0 is null


---------------  P R O C E S S  ---------------

Threads class SMR info:
_java_thread_list=0x0000731b6d403660, length=13, elements={
0x0000731c9c02d4c0, 0x0000731c9c14c580, 0x0000731c9c14dbd0, 0x0000731c9c14f6b0,
0x0000731c9c150cf0, 0x0000731c9c152290, 0x0000731c9c153e30, 0x0000731c9c155540,
0x0000731c9c174ba0, 0x0000731be002ecc0, 0x0000731be00508c0, 0x0000731c9c1afde0,
0x0000731b6d403ae0
}

Java Threads: ( => current thread )
=>0x0000731c9c02d4c0 JavaThread "main"                              [_thread_in_native, id=12455, stack(0x0000731ca1f00000,0x0000731ca2000000) (1024K)]
  0x0000731c9c14c580 JavaThread "Reference Handler"          daemon [_thread_blocked, id=12463, stack(0x0000731c733f5000,0x0000731c734f5000) (1024K)]
  0x0000731c9c14dbd0 JavaThread "Finalizer"                  daemon [_thread_blocked, id=12464, stack(0x0000731c72d00000,0x0000731c72e00000) (1024K)]
  0x0000731c9c14f6b0 JavaThread "Signal Dispatcher"          daemon [_thread_blocked, id=12465, stack(0x0000731c72c00000,0x0000731c72d00000) (1024K)]
  0x0000731c9c150cf0 JavaThread "Service Thread"             daemon [_thread_blocked, id=12466, stack(0x0000731c72b00000,0x0000731c72c00000) (1024K)]
  0x0000731c9c152290 JavaThread "Monitor Deflation Thread"   daemon [_thread_blocked, id=12467, stack(0x0000731c72a00000,0x0000731c72b00000) (1024K)]
  0x0000731c9c153e30 JavaThread "C2 CompilerThread0"         daemon [_thread_blocked, id=12468, stack(0x0000731c72900000,0x0000731c72a00000) (1024K)]
  0x0000731c9c155540 JavaThread "C1 CompilerThread0"         daemon [_thread_blocked, id=12469, stack(0x0000731c72800000,0x0000731c72900000) (1024K)]
  0x0000731c9c174ba0 JavaThread "Common-Cleaner"             daemon [_thread_blocked, id=12470, stack(0x0000731c72700000,0x0000731c72800000) (1024K)]
  0x0000731be002ecc0 JavaThread "C1 CompilerThread1"         daemon [_thread_blocked, id=12471, stack(0x0000731c72600000,0x0000731c72700000) (1024K)]
  0x0000731be00508c0 JavaThread "C1 CompilerThread2"         daemon [_thread_blocked, id=12472, stack(0x0000731c72500000,0x0000731c72600000) (1024K)]
  0x0000731c9c1afde0 JavaThread "Notification Thread"        daemon [_thread_blocked, id=12473, stack(0x0000731c72400000,0x0000731c72500000) (1024K)]
  0x0000731b6d403ae0 JavaThread "pool-1-thread-1"            daemon [_thread_blocked, id=12478, stack(0x0000731c72300000,0x0000731c72400000) (1024K)]
Total: 13

Other Threads:
  0x0000731c9c13ee40 VMThread "VM Thread"                           [id=12462, stack(0x0000731c734f6000,0x0000731c735f6000) (1024K)]
  0x0000731c9c124940 WatcherThread "VM Periodic Task Thread"        [id=12461, stack(0x0000731c735f7000,0x0000731c736f7000) (1024K)]
  0x0000731c9c058c90 WorkerThread "GC Thread#0"                     [id=12456, stack(0x0000731c82500000,0x0000731c82600000) (1024K)]
  0x0000731c9c069790 ConcurrentGCThread "G1 Main Marker"            [id=12457, stack(0x0000731c7a900000,0x0000731c7aa00000) (1024K)]
  0x0000731c9c06a730 WorkerThread "G1 Conc#0"                       [id=12458, stack(0x0000731c7a7ff000,0x0000731c7a8ff000) (1024K)]
  0x0000731c9c112270 ConcurrentGCThread "G1 Refine#0"               [id=12459, stack(0x0000731c737f9000,0x0000731c738f9000) (1024K)]
  0x0000731c9c113230 ConcurrentGCThread "G1 Service"                [id=12460, stack(0x0000731c736f8000,0x0000731c737f8000) (1024K)]
Total: 7

Threads with active compile tasks:
Total: 0

VM state: not at safepoint (normal execution)

VM Mutex/Monitor currently owned by a thread: None

Heap address: 0x0000000616800000, size: 7832 MB, Compressed Oops mode: Zero based, Oop shift amount: 3

CDS archive(s) mapped at: [0x0000731c1a000000-0x0000731c1ac7a000-0x0000731c1ac7a000), size 13082624, SharedBaseAddress: 0x0000731c1a000000, ArchiveRelocationMode: 1.
Compressed class space mapped at: 0x0000731c1b000000-0x0000731c5b000000, reserved size: 1073741824
Narrow klass base: 0x0000731c1a000000, Narrow klass shift: 0, Narrow klass range: 0x100000000

GC Precious Log:
 CardTable entry size: 512
 Card Set container configuration: InlinePtr #cards 4 size 8 Array Of Cards #cards 32 size 80 Howl #buckets 8 coarsen threshold 7372 Howl Bitmap #cards 1024 size 144 coarsen threshold 921 Card regions per heap region 1 cards per card region 8192
 CPUs: 16 total, 16 available
 Memory: 31322M
 Large Page Support: Disabled
 NUMA Support: Disabled
 Compressed Oops: Enabled (Zero based)
 Heap Region Size: 4M
 Heap Min Capacity: 8M
 Heap Initial Capacity: 492M
 Heap Max Capacity: 7832M
 Pre-touch: Disabled
 Parallel Workers: 13
 Concurrent Workers: 3
 Concurrent Refinement Workers: 13
 Periodic GC: Disabled

Heap:
 garbage-first heap   total reserved 8019968K, committed 507904K, used 5155K [0x0000000616800000, 0x0000000800000000)
  region size 4096K, 2 young (8192K), 0 survivors (0K)
 Metaspace       used 1088K, committed 1216K, reserved 1114112K
  class space    used 76K, committed 128K, reserved 1048576K

Heap Regions: E=young(eden), S=young(survivor), O=old, HS=humongous(starts), HC=humongous(continues), CS=collection set, F=free, TAMS=top-at-mark-start, PB=parsable bottom
|   0|0x0000000616800000, 0x0000000616800000, 0x0000000616c00000|  0%| F|  |TAMS 0x0000000616800000| PB 0x0000000616800000| Untracked |  0
|   1|0x0000000616c00000, 0x0000000616c00000, 0x0000000617000000|  0%| F|  |TAMS 0x0000000616c00000| PB 0x0000000616c00000| Untracked |  0
|   2|0x0000000617000000, 0x0000000617000000, 0x0000000617400000|  0%| F|  |TAMS 0x0000000617000000| PB 0x0000000617000000| Untracked |  0
|   3|0x0000000617400000, 0x0000000617400000, 0x0000000617800000|  0%| F|  |TAMS 0x0000000617400000| PB 0x0000000617400000| Untracked |  0
|   4|0x0000000617800000, 0x0000000617800000, 0x0000000617c00000|  0%| F|  |TAMS 0x0000000617800000| PB 0x0000000617800000| Untracked |  0
|   5|0x0000000617c00000, 0x0000000617c00000, 0x0000000618000000|  0%| F|  |TAMS 0x0000000617c00000| PB 0x0000000617c00000| Untracked |  0
|   6|0x0000000618000000, 0x0000000618000000, 0x0000000618400000|  0%| F|  |TAMS 0x0000000618000000| PB 0x0000000618000000| Untracked |  0
|   7|0x0000000618400000, 0x0000000618400000, 0x0000000618800000|  0%| F|  |TAMS 0x0000000618400000| PB 0x0000000618400000| Untracked |  0
|   8|0x0000000618800000, 0x0000000618800000, 0x0000000618c00000|  0%| F|  |TAMS 0x0000000618800000| PB 0x0000000618800000| Untracked |  0
|   9|0x0000000618c00000, 0x0000000618c00000, 0x0000000619000000|  0%| F|  |TAMS 0x0000000618c00000| PB 0x0000000618c00000| Untracked |  0
|  10|0x0000000619000000, 0x0000000619000000, 0x0000000619400000|  0%| F|  |TAMS 0x0000000619000000| PB 0x0000000619000000| Untracked |  0
|  11|0x0000000619400000, 0x0000000619400000, 0x0000000619800000|  0%| F|  |TAMS 0x0000000619400000| PB 0x0000000619400000| Untracked |  0
|  12|0x0000000619800000, 0x0000000619800000, 0x0000000619c00000|  0%| F|  |TAMS 0x0000000619800000| PB 0x0000000619800000| Untracked |  0
|  13|0x0000000619c00000, 0x0000000619c00000, 0x000000061a000000|  0%| F|  |TAMS 0x0000000619c00000| PB 0x0000000619c00000| Untracked |  0
|  14|0x000000061a000000, 0x000000061a000000, 0x000000061a400000|  0%| F|  |TAMS 0x000000061a000000| PB 0x000000061a000000| Untracked |  0
|  15|0x000000061a400000, 0x000000061a400000, 0x000000061a800000|  0%| F|  |TAMS 0x000000061a400000| PB 0x000000061a400000| Untracked |  0
|  16|0x000000061a800000, 0x000000061a800000, 0x000000061ac00000|  0%| F|  |TAMS 0x000000061a800000| PB 0x000000061a800000| Untracked |  0
|  17|0x000000061ac00000, 0x000000061ac00000, 0x000000061b000000|  0%| F|  |TAMS 0x000000061ac00000| PB 0x000000061ac00000| Untracked |  0
|  18|0x000000061b000000, 0x000000061b000000, 0x000000061b400000|  0%| F|  |TAMS 0x000000061b000000| PB 0x000000061b000000| Untracked |  0
|  19|0x000000061b400000, 0x000000061b400000, 0x000000061b800000|  0%| F|  |TAMS 0x000000061b400000| PB 0x000000061b400000| Untracked |  0
|  20|0x000000061b800000, 0x000000061b800000, 0x000000061bc00000|  0%| F|  |TAMS 0x000000061b800000| PB 0x000000061b800000| Untracked |  0
|  21|0x000000061bc00000, 0x000000061bc00000, 0x000000061c000000|  0%| F|  |TAMS 0x000000061bc00000| PB 0x000000061bc00000| Untracked |  0
|  22|0x000000061c000000, 0x000000061c000000, 0x000000061c400000|  0%| F|  |TAMS 0x000000061c000000| PB 0x000000061c000000| Untracked |  0
|  23|0x000000061c400000, 0x000000061c400000, 0x000000061c800000|  0%| F|  |TAMS 0x000000061c400000| PB 0x000000061c400000| Untracked |  0
|  24|0x000000061c800000, 0x000000061c800000, 0x000000061cc00000|  0%| F|  |TAMS 0x000000061c800000| PB 0x000000061c800000| Untracked |  0
|  25|0x000000061cc00000, 0x000000061cc00000, 0x000000061d000000|  0%| F|  |TAMS 0x000000061cc00000| PB 0x000000061cc00000| Untracked |  0
|  26|0x000000061d000000, 0x000000061d000000, 0x000000061d400000|  0%| F|  |TAMS 0x000000061d000000| PB 0x000000061d000000| Untracked |  0
|  27|0x000000061d400000, 0x000000061d400000, 0x000000061d800000|  0%| F|  |TAMS 0x000000061d400000| PB 0x000000061d400000| Untracked |  0
|  28|0x000000061d800000, 0x000000061d800000, 0x000000061dc00000|  0%| F|  |TAMS 0x000000061d800000| PB 0x000000061d800000| Untracked |  0
|  29|0x000000061dc00000, 0x000000061dc00000, 0x000000061e000000|  0%| F|  |TAMS 0x000000061dc00000| PB 0x000000061dc00000| Untracked |  0
|  30|0x000000061e000000, 0x000000061e000000, 0x000000061e400000|  0%| F|  |TAMS 0x000000061e000000| PB 0x000000061e000000| Untracked |  0
|  31|0x000000061e400000, 0x000000061e400000, 0x000000061e800000|  0%| F|  |TAMS 0x000000061e400000| PB 0x000000061e400000| Untracked |  0
|  32|0x000000061e800000, 0x000000061e800000, 0x000000061ec00000|  0%| F|  |TAMS 0x000000061e800000| PB 0x000000061e800000| Untracked |  0
|  33|0x000000061ec00000, 0x000000061ec00000, 0x000000061f000000|  0%| F|  |TAMS 0x000000061ec00000| PB 0x000000061ec00000| Untracked |  0
|  34|0x000000061f000000, 0x000000061f000000, 0x000000061f400000|  0%| F|  |TAMS 0x000000061f000000| PB 0x000000061f000000| Untracked |  0
|  35|0x000000061f400000, 0x000000061f400000, 0x000000061f800000|  0%| F|  |TAMS 0x000000061f400000| PB 0x000000061f400000| Untracked |  0
|  36|0x000000061f800000, 0x000000061f800000, 0x000000061fc00000|  0%| F|  |TAMS 0x000000061f800000| PB 0x000000061f800000| Untracked |  0
|  37|0x000000061fc00000, 0x000000061fc00000, 0x0000000620000000|  0%| F|  |TAMS 0x000000061fc00000| PB 0x000000061fc00000| Untracked |  0
|  38|0x0000000620000000, 0x0000000620000000, 0x0000000620400000|  0%| F|  |TAMS 0x0000000620000000| PB 0x0000000620000000| Untracked |  0
|  39|0x0000000620400000, 0x0000000620400000, 0x0000000620800000|  0%| F|  |TAMS 0x0000000620400000| PB 0x0000000620400000| Untracked |  0
|  40|0x0000000620800000, 0x0000000620800000, 0x0000000620c00000|  0%| F|  |TAMS 0x0000000620800000| PB 0x0000000620800000| Untracked |  0
|  41|0x0000000620c00000, 0x0000000620c00000, 0x0000000621000000|  0%| F|  |TAMS 0x0000000620c00000| PB 0x0000000620c00000| Untracked |  0
|  42|0x0000000621000000, 0x0000000621000000, 0x0000000621400000|  0%| F|  |TAMS 0x0000000621000000| PB 0x0000000621000000| Untracked |  0
|  43|0x0000000621400000, 0x0000000621400000, 0x0000000621800000|  0%| F|  |TAMS 0x0000000621400000| PB 0x0000000621400000| Untracked |  0
|  44|0x0000000621800000, 0x0000000621800000, 0x0000000621c00000|  0%| F|  |TAMS 0x0000000621800000| PB 0x0000000621800000| Untracked |  0
|  45|0x0000000621c00000, 0x0000000621c00000, 0x0000000622000000|  0%| F|  |TAMS 0x0000000621c00000| PB 0x0000000621c00000| Untracked |  0
|  46|0x0000000622000000, 0x0000000622000000, 0x0000000622400000|  0%| F|  |TAMS 0x0000000622000000| PB 0x0000000622000000| Untracked |  0
|  47|0x0000000622400000, 0x0000000622400000, 0x0000000622800000|  0%| F|  |TAMS 0x0000000622400000| PB 0x0000000622400000| Untracked |  0
|  48|0x0000000622800000, 0x0000000622800000, 0x0000000622c00000|  0%| F|  |TAMS 0x0000000622800000| PB 0x0000000622800000| Untracked |  0
|  49|0x0000000622c00000, 0x0000000622c00000, 0x0000000623000000|  0%| F|  |TAMS 0x0000000622c00000| PB 0x0000000622c00000| Untracked |  0
|  50|0x0000000623000000, 0x0000000623000000, 0x0000000623400000|  0%| F|  |TAMS 0x0000000623000000| PB 0x0000000623000000| Untracked |  0
|  51|0x0000000623400000, 0x0000000623400000, 0x0000000623800000|  0%| F|  |TAMS 0x0000000623400000| PB 0x0000000623400000| Untracked |  0
|  52|0x0000000623800000, 0x0000000623800000, 0x0000000623c00000|  0%| F|  |TAMS 0x0000000623800000| PB 0x0000000623800000| Untracked |  0
|  53|0x0000000623c00000, 0x0000000623c00000, 0x0000000624000000|  0%| F|  |TAMS 0x0000000623c00000| PB 0x0000000623c00000| Untracked |  0
|  54|0x0000000624000000, 0x0000000624000000, 0x0000000624400000|  0%| F|  |TAMS 0x0000000624000000| PB 0x0000000624000000| Untracked |  0
|  55|0x0000000624400000, 0x0000000624400000, 0x0000000624800000|  0%| F|  |TAMS 0x0000000624400000| PB 0x0000000624400000| Untracked |  0
|  56|0x0000000624800000, 0x0000000624800000, 0x0000000624c00000|  0%| F|  |TAMS 0x0000000624800000| PB 0x0000000624800000| Untracked |  0
|  57|0x0000000624c00000, 0x0000000624c00000, 0x0000000625000000|  0%| F|  |TAMS 0x0000000624c00000| PB 0x0000000624c00000| Untracked |  0
|  58|0x0000000625000000, 0x0000000625000000, 0x0000000625400000|  0%| F|  |TAMS 0x0000000625000000| PB 0x0000000625000000| Untracked |  0
|  59|0x0000000625400000, 0x0000000625400000, 0x0000000625800000|  0%| F|  |TAMS 0x0000000625400000| PB 0x0000000625400000| Untracked |  0
|  60|0x0000000625800000, 0x0000000625800000, 0x0000000625c00000|  0%| F|  |TAMS 0x0000000625800000| PB 0x0000000625800000| Untracked |  0
|  61|0x0000000625c00000, 0x0000000625c00000, 0x0000000626000000|  0%| F|  |TAMS 0x0000000625c00000| PB 0x0000000625c00000| Untracked |  0
|  62|0x0000000626000000, 0x0000000626000000, 0x0000000626400000|  0%| F|  |TAMS 0x0000000626000000| PB 0x0000000626000000| Untracked |  0
|  63|0x0000000626400000, 0x0000000626400000, 0x0000000626800000|  0%| F|  |TAMS 0x0000000626400000| PB 0x0000000626400000| Untracked |  0
|  64|0x0000000626800000, 0x0000000626800000, 0x0000000626c00000|  0%| F|  |TAMS 0x0000000626800000| PB 0x0000000626800000| Untracked |  0
|  65|0x0000000626c00000, 0x0000000626c00000, 0x0000000627000000|  0%| F|  |TAMS 0x0000000626c00000| PB 0x0000000626c00000| Untracked |  0
|  66|0x0000000627000000, 0x0000000627000000, 0x0000000627400000|  0%| F|  |TAMS 0x0000000627000000| PB 0x0000000627000000| Untracked |  0
|  67|0x0000000627400000, 0x0000000627400000, 0x0000000627800000|  0%| F|  |TAMS 0x0000000627400000| PB 0x0000000627400000| Untracked |  0
|  68|0x0000000627800000, 0x0000000627800000, 0x0000000627c00000|  0%| F|  |TAMS 0x0000000627800000| PB 0x0000000627800000| Untracked |  0
|  69|0x0000000627c00000, 0x0000000627c00000, 0x0000000628000000|  0%| F|  |TAMS 0x0000000627c00000| PB 0x0000000627c00000| Untracked |  0
|  70|0x0000000628000000, 0x0000000628000000, 0x0000000628400000|  0%| F|  |TAMS 0x0000000628000000| PB 0x0000000628000000| Untracked |  0
|  71|0x0000000628400000, 0x0000000628400000, 0x0000000628800000|  0%| F|  |TAMS 0x0000000628400000| PB 0x0000000628400000| Untracked |  0
|  72|0x0000000628800000, 0x0000000628800000, 0x0000000628c00000|  0%| F|  |TAMS 0x0000000628800000| PB 0x0000000628800000| Untracked |  0
|  73|0x0000000628c00000, 0x0000000628c00000, 0x0000000629000000|  0%| F|  |TAMS 0x0000000628c00000| PB 0x0000000628c00000| Untracked |  0
|  74|0x0000000629000000, 0x0000000629000000, 0x0000000629400000|  0%| F|  |TAMS 0x0000000629000000| PB 0x0000000629000000| Untracked |  0
|  75|0x0000000629400000, 0x0000000629400000, 0x0000000629800000|  0%| F|  |TAMS 0x0000000629400000| PB 0x0000000629400000| Untracked |  0
|  76|0x0000000629800000, 0x0000000629800000, 0x0000000629c00000|  0%| F|  |TAMS 0x0000000629800000| PB 0x0000000629800000| Untracked |  0
|  77|0x0000000629c00000, 0x0000000629c00000, 0x000000062a000000|  0%| F|  |TAMS 0x0000000629c00000| PB 0x0000000629c00000| Untracked |  0
|  78|0x000000062a000000, 0x000000062a000000, 0x000000062a400000|  0%| F|  |TAMS 0x000000062a000000| PB 0x000000062a000000| Untracked |  0
|  79|0x000000062a400000, 0x000000062a400000, 0x000000062a800000|  0%| F|  |TAMS 0x000000062a400000| PB 0x000000062a400000| Untracked |  0
|  80|0x000000062a800000, 0x000000062a800000, 0x000000062ac00000|  0%| F|  |TAMS 0x000000062a800000| PB 0x000000062a800000| Untracked |  0
|  81|0x000000062ac00000, 0x000000062ac00000, 0x000000062b000000|  0%| F|  |TAMS 0x000000062ac00000| PB 0x000000062ac00000| Untracked |  0
|  82|0x000000062b000000, 0x000000062b000000, 0x000000062b400000|  0%| F|  |TAMS 0x000000062b000000| PB 0x000000062b000000| Untracked |  0
|  83|0x000000062b400000, 0x000000062b400000, 0x000000062b800000|  0%| F|  |TAMS 0x000000062b400000| PB 0x000000062b400000| Untracked |  0
|  84|0x000000062b800000, 0x000000062b800000, 0x000000062bc00000|  0%| F|  |TAMS 0x000000062b800000| PB 0x000000062b800000| Untracked |  0
|  85|0x000000062bc00000, 0x000000062bc00000, 0x000000062c000000|  0%| F|  |TAMS 0x000000062bc00000| PB 0x000000062bc00000| Untracked |  0
|  86|0x000000062c000000, 0x000000062c000000, 0x000000062c400000|  0%| F|  |TAMS 0x000000062c000000| PB 0x000000062c000000| Untracked |  0
|  87|0x000000062c400000, 0x000000062c400000, 0x000000062c800000|  0%| F|  |TAMS 0x000000062c400000| PB 0x000000062c400000| Untracked |  0
|  88|0x000000062c800000, 0x000000062c800000, 0x000000062cc00000|  0%| F|  |TAMS 0x000000062c800000| PB 0x000000062c800000| Untracked |  0
|  89|0x000000062cc00000, 0x000000062cc00000, 0x000000062d000000|  0%| F|  |TAMS 0x000000062cc00000| PB 0x000000062cc00000| Untracked |  0
|  90|0x000000062d000000, 0x000000062d000000, 0x000000062d400000|  0%| F|  |TAMS 0x000000062d000000| PB 0x000000062d000000| Untracked |  0
|  91|0x000000062d400000, 0x000000062d400000, 0x000000062d800000|  0%| F|  |TAMS 0x000000062d400000| PB 0x000000062d400000| Untracked |  0
|  92|0x000000062d800000, 0x000000062d800000, 0x000000062dc00000|  0%| F|  |TAMS 0x000000062d800000| PB 0x000000062d800000| Untracked |  0
|  93|0x000000062dc00000, 0x000000062dc00000, 0x000000062e000000|  0%| F|  |TAMS 0x000000062dc00000| PB 0x000000062dc00000| Untracked |  0
|  94|0x000000062e000000, 0x000000062e000000, 0x000000062e400000|  0%| F|  |TAMS 0x000000062e000000| PB 0x000000062e000000| Untracked |  0
|  95|0x000000062e400000, 0x000000062e400000, 0x000000062e800000|  0%| F|  |TAMS 0x000000062e400000| PB 0x000000062e400000| Untracked |  0
|  96|0x000000062e800000, 0x000000062e800000, 0x000000062ec00000|  0%| F|  |TAMS 0x000000062e800000| PB 0x000000062e800000| Untracked |  0
|  97|0x000000062ec00000, 0x000000062ec00000, 0x000000062f000000|  0%| F|  |TAMS 0x000000062ec00000| PB 0x000000062ec00000| Untracked |  0
|  98|0x000000062f000000, 0x000000062f000000, 0x000000062f400000|  0%| F|  |TAMS 0x000000062f000000| PB 0x000000062f000000| Untracked |  0
|  99|0x000000062f400000, 0x000000062f400000, 0x000000062f800000|  0%| F|  |TAMS 0x000000062f400000| PB 0x000000062f400000| Untracked |  0
| 100|0x000000062f800000, 0x000000062f800000, 0x000000062fc00000|  0%| F|  |TAMS 0x000000062f800000| PB 0x000000062f800000| Untracked |  0
| 101|0x000000062fc00000, 0x000000062fc00000, 0x0000000630000000|  0%| F|  |TAMS 0x000000062fc00000| PB 0x000000062fc00000| Untracked |  0
| 102|0x0000000630000000, 0x0000000630000000, 0x0000000630400000|  0%| F|  |TAMS 0x0000000630000000| PB 0x0000000630000000| Untracked |  0
| 103|0x0000000630400000, 0x0000000630400000, 0x0000000630800000|  0%| F|  |TAMS 0x0000000630400000| PB 0x0000000630400000| Untracked |  0
| 104|0x0000000630800000, 0x0000000630800000, 0x0000000630c00000|  0%| F|  |TAMS 0x0000000630800000| PB 0x0000000630800000| Untracked |  0
| 105|0x0000000630c00000, 0x0000000630c00000, 0x0000000631000000|  0%| F|  |TAMS 0x0000000630c00000| PB 0x0000000630c00000| Untracked |  0
| 106|0x0000000631000000, 0x0000000631000000, 0x0000000631400000|  0%| F|  |TAMS 0x0000000631000000| PB 0x0000000631000000| Untracked |  0
| 107|0x0000000631400000, 0x0000000631400000, 0x0000000631800000|  0%| F|  |TAMS 0x0000000631400000| PB 0x0000000631400000| Untracked |  0
| 108|0x0000000631800000, 0x0000000631800000, 0x0000000631c00000|  0%| F|  |TAMS 0x0000000631800000| PB 0x0000000631800000| Untracked |  0
| 109|0x0000000631c00000, 0x0000000631c00000, 0x0000000632000000|  0%| F|  |TAMS 0x0000000631c00000| PB 0x0000000631c00000| Untracked |  0
| 110|0x0000000632000000, 0x0000000632000000, 0x0000000632400000|  0%| F|  |TAMS 0x0000000632000000| PB 0x0000000632000000| Untracked |  0
| 111|0x0000000632400000, 0x0000000632400000, 0x0000000632800000|  0%| F|  |TAMS 0x0000000632400000| PB 0x0000000632400000| Untracked |  0
| 112|0x0000000632800000, 0x0000000632800000, 0x0000000632c00000|  0%| F|  |TAMS 0x0000000632800000| PB 0x0000000632800000| Untracked |  0
| 113|0x0000000632c00000, 0x0000000632c00000, 0x0000000633000000|  0%| F|  |TAMS 0x0000000632c00000| PB 0x0000000632c00000| Untracked |  0
| 114|0x0000000633000000, 0x0000000633000000, 0x0000000633400000|  0%| F|  |TAMS 0x0000000633000000| PB 0x0000000633000000| Untracked |  0
| 115|0x0000000633400000, 0x0000000633400000, 0x0000000633800000|  0%| F|  |TAMS 0x0000000633400000| PB 0x0000000633400000| Untracked |  0
| 116|0x0000000633800000, 0x0000000633800000, 0x0000000633c00000|  0%| F|  |TAMS 0x0000000633800000| PB 0x0000000633800000| Untracked |  0
| 117|0x0000000633c00000, 0x0000000633c00000, 0x0000000634000000|  0%| F|  |TAMS 0x0000000633c00000| PB 0x0000000633c00000| Untracked |  0
| 118|0x0000000634000000, 0x0000000634000000, 0x0000000634400000|  0%| F|  |TAMS 0x0000000634000000| PB 0x0000000634000000| Untracked |  0
| 119|0x0000000634400000, 0x0000000634400000, 0x0000000634800000|  0%| F|  |TAMS 0x0000000634400000| PB 0x0000000634400000| Untracked |  0
| 120|0x0000000634800000, 0x0000000634800000, 0x0000000634c00000|  0%| F|  |TAMS 0x0000000634800000| PB 0x0000000634800000| Untracked |  0
| 121|0x0000000634c00000, 0x0000000634cf5e50, 0x0000000635000000| 24%| E|  |TAMS 0x0000000634c00000| PB 0x0000000634c00000| Complete |  0
| 122|0x0000000635000000, 0x0000000635400000, 0x0000000635400000|100%| E|CS|TAMS 0x0000000635000000| PB 0x0000000635000000| Complete |  0
|1957|0x00000007ffc00000, 0x00000007ffd08c80, 0x0000000800000000| 25%| O|  |TAMS 0x00000007ffc00000| PB 0x00000007ffc00000| Untracked |  0

Card table byte_map: [0x0000731c82600000,0x0000731c8354c000] _byte_map_base: 0x0000731c7f54c000

Marking Bits: (CMBitMap*) 0x0000731c9c0597c0
 Bits: [0x0000731c7aa00000, 0x0000731c82460000)

Polling page: 0x0000731ca23c5000

Metaspace:

Usage:
  Non-class:   1011.57 KB used.
      Class:     76.90 KB used.
       Both:      1.06 MB used.

Virtual space:
  Non-class space:       64.00 MB reserved,       1.06 MB (  2%) committed,  1 nodes.
      Class space:        1.00 GB reserved,     128.00 KB ( <1%) committed,  1 nodes.
             Both:        1.06 GB reserved,       1.19 MB ( <1%) committed. 

Chunk freelists:
   Non-Class:  11.64 MB
       Class:  15.70 MB
        Both:  27.34 MB

MaxMetaspaceSize: unlimited
CompressedClassSpaceSize: 1.00 GB
Initial GC threshold: 21.00 MB
Current GC threshold: 21.00 MB
CDS: on
 - commit_granule_bytes: 65536.
 - commit_granule_words: 8192.
 - virtual_space_node_default_size: 8388608.
 - enlarge_chunks_in_place: 1.
 - use_allocation_guard: 0.


Internal statistics:

num_allocs_failed_limit: 0.
num_arena_births: 12.
num_arena_deaths: 0.
num_vsnodes_births: 2.
num_vsnodes_deaths: 0.
num_space_committed: 19.
num_space_uncommitted: 0.
num_chunks_returned_to_freelist: 0.
num_chunks_taken_from_freelist: 35.
num_chunk_merges: 0.
num_chunk_splits: 22.
num_chunks_enlarged: 19.
num_inconsistent_stats: 0.

CodeHeap 'non-profiled nmethods': size=119168Kb used=108Kb max_used=108Kb free=119059Kb
 bounds [0x0000731c8c7a0000, 0x0000731c8ca10000, 0x0000731c93c00000]
CodeHeap 'profiled nmethods': size=119164Kb used=513Kb max_used=513Kb free=118650Kb
 bounds [0x0000731c84c00000, 0x0000731c84e70000, 0x0000731c8c05f000]
CodeHeap 'non-nmethods': size=7428Kb used=2507Kb max_used=2507Kb free=4920Kb
 bounds [0x0000731c8c05f000, 0x0000731c8c2df000, 0x0000731c8c7a0000]
 total_blobs=895 nmethods=403 adapters=396
 compilation: enabled
              stopped_count=0, restarted_count=0
 full_count=0

Compilation events (20 events):
Event: 0.524 Thread 0x0000731c9c155540 nmethod 392 0x0000731c84c7ad90 code [0x0000731c84c7af40, 0x0000731c84c7b148]
Event: 0.524 Thread 0x0000731c9c155540  396       3       java.lang.invoke.LambdaForm$BasicType::basicType (187 bytes)
Event: 0.524 Thread 0x0000731be002ecc0  397       3       java.lang.ClassLoader::checkName (37 bytes)
Event: 0.524 Thread 0x0000731be00508c0 nmethod 391 0x0000731c84c7b290 code [0x0000731c84c7b480, 0x0000731c84c7bcd8]
Event: 0.524 Thread 0x0000731c9c155540 nmethod 396 0x0000731c84c7bf90 code [0x0000731c84c7c220, 0x0000731c84c7ccc8]
Event: 0.524 Thread 0x0000731be00508c0  398       3       java.lang.StringLatin1::indexOf (37 bytes)
Event: 0.524 Thread 0x0000731c9c155540  399       1       java.lang.invoke.MethodTypeForm::basicType (5 bytes)
Event: 0.524 Thread 0x0000731be00508c0 nmethod 398 0x0000731c84c7cf90 code [0x0000731c84c7d160, 0x0000731c84c7d560]
Event: 0.524 Thread 0x0000731c9c155540 nmethod 399 0x0000731c8c7bad90 code [0x0000731c8c7baf20, 0x0000731c8c7bafe8]
Event: 0.524 Thread 0x0000731be002ecc0 nmethod 397 0x0000731c84c7d710 code [0x0000731c84c7d940, 0x0000731c84c7e138]
Event: 0.525 Thread 0x0000731c9c155540  401       3       jdk.internal.org.objectweb.asm.SymbolTable::addConstantUtf8 (98 bytes)
Event: 0.525 Thread 0x0000731be00508c0  400       3       jdk.internal.org.objectweb.asm.SymbolTable$Entry::<init> (17 bytes)
Event: 0.525 Thread 0x0000731be002ecc0  402       3       jdk.internal.org.objectweb.asm.ByteVector::putByte (39 bytes)
Event: 0.525 Thread 0x0000731be00508c0 nmethod 400 0x0000731c84c7e490 code [0x0000731c84c7e620, 0x0000731c84c7e7a0]
Event: 0.525 Thread 0x0000731be00508c0  403       3       java.lang.reflect.Modifier::isPublic (12 bytes)
Event: 0.525 Thread 0x0000731be00508c0 nmethod 403 0x0000731c84c7e890 code [0x0000731c84c7ea20, 0x0000731c84c7eb58]
Event: 0.525 Thread 0x0000731c9c155540 nmethod 401 0x0000731c84c7ec10 code [0x0000731c84c7ee40, 0x0000731c84c7f440]
Event: 0.525 Thread 0x0000731be002ecc0 nmethod 402 0x0000731c84c7f790 code [0x0000731c84c7f940, 0x0000731c84c7fb20]
Event: 0.525 Thread 0x0000731c9c155540  404       3       jdk.internal.util.StrongReferenceKey::equals (28 bytes)
Event: 0.525 Thread 0x0000731c9c155540 nmethod 404 0x0000731c84c7fc90 code [0x0000731c84c7fe60, 0x0000731c84c80430]

GC Heap History (0 events):
No events

Dll operation events (7 events):
Event: 0.002 Loaded shared library /usr/lib/jvm/jdk-22.0.2-oracle-x64/lib/libjava.so
Event: 0.024 Loaded shared library /usr/lib/jvm/jdk-22.0.2-oracle-x64/lib/libjsvml.so
Event: 0.024 Loaded shared library /usr/lib/jvm/jdk-22.0.2-oracle-x64/lib/libnio.so
Event: 0.059 Loaded shared library /usr/lib/jvm/jdk-22.0.2-oracle-x64/lib/libzip.so
Event: 0.090 Loaded shared library /usr/lib/jvm/jdk-22.0.2-oracle-x64/lib/libjimage.so
Event: 0.094 Loaded shared library /tmp/libJCudaRuntime-10.1.0-linux-x86_64.so
Event: 0.101 Loaded shared library /tmp/libJCublas2-10.1.0-linux-x86_64.so

Deoptimization events (2 events):
Event: 0.524 Thread 0x0000731c9c02d4c0 DEOPT PACKING pc=0x0000731c84c066d0 sp=0x0000731ca1ffd7a0
Event: 0.524 Thread 0x0000731c9c02d4c0 DEOPT UNPACKING pc=0x0000731c8c0b372f sp=0x0000731ca1ffcbe0 mode 0

Classes loaded (20 events):
Event: 0.523 Loading class java/lang/invoke/VarHandleInts$FieldInstanceReadWrite
Event: 0.523 Loading class java/lang/invoke/VarHandleInts$FieldInstanceReadOnly
Event: 0.523 Loading class java/lang/invoke/VarHandleInts$FieldInstanceReadOnly done
Event: 0.523 Loading class java/lang/invoke/VarHandleInts$FieldInstanceReadWrite done
Event: 0.523 Loading class java/util/Spliterators$IntArraySpliterator
Event: 0.523 Loading class java/util/Spliterators$IntArraySpliterator done
Event: 0.524 Loading class java/util/stream/MatchOps$MatchKind
Event: 0.524 Loading class java/util/stream/MatchOps$MatchKind done
Event: 0.524 Loading class java/util/stream/MatchOps
Event: 0.524 Loading class java/util/stream/MatchOps done
Event: 0.524 Loading class java/util/stream/MatchOps$MatchOp
Event: 0.524 Loading class java/util/stream/MatchOps$MatchOp done
Event: 0.524 Loading class java/util/stream/MatchOps$BooleanTerminalSink
Event: 0.524 Loading class java/util/stream/MatchOps$BooleanTerminalSink done
Event: 0.524 Loading class java/util/stream/MatchOps$2MatchSink
Event: 0.524 Loading class java/util/stream/MatchOps$2MatchSink done
Event: 0.525 Loading class java/util/stream/MatchOps$1MatchSink
Event: 0.525 Loading class java/util/stream/MatchOps$1MatchSink done
Event: 0.525 Loading class java/nio/HeapDoubleBuffer
Event: 0.525 Loading class java/nio/HeapDoubleBuffer done

Classes unloaded (0 events):
No events

Classes redefined (0 events):
No events

Internal exceptions (9 events):
Event: 0.048 Thread 0x0000731c9c02d4c0 Exception <a 'sun/nio/fs/UnixException'{0x0000000635077920}> (0x0000000635077920) 
thrown [open/src/hotspot/share/prims/jni.cpp, line 520]
Event: 0.048 Thread 0x0000731c9c02d4c0 Exception <a 'sun/nio/fs/UnixException'{0x0000000635078080}> (0x0000000635078080) 
thrown [open/src/hotspot/share/prims/jni.cpp, line 520]
Event: 0.048 Thread 0x0000731c9c02d4c0 Exception <a 'sun/nio/fs/UnixException'{0x0000000635078648}> (0x0000000635078648) 
thrown [open/src/hotspot/share/prims/jni.cpp, line 520]
Event: 0.048 Thread 0x0000731c9c02d4c0 Exception <a 'sun/nio/fs/UnixException'{0x0000000635078e70}> (0x0000000635078e70) 
thrown [open/src/hotspot/share/prims/jni.cpp, line 520]
Event: 0.048 Thread 0x0000731c9c02d4c0 Exception <a 'sun/nio/fs/UnixException'{0x0000000635079430}> (0x0000000635079430) 
thrown [open/src/hotspot/share/prims/jni.cpp, line 520]
Event: 0.048 Thread 0x0000731c9c02d4c0 Exception <a 'sun/nio/fs/UnixException'{0x00000006350799f0}> (0x00000006350799f0) 
thrown [open/src/hotspot/share/prims/jni.cpp, line 520]
Event: 0.048 Thread 0x0000731c9c02d4c0 Exception <a 'sun/nio/fs/UnixException'{0x0000000635079fb0}> (0x0000000635079fb0) 
thrown [open/src/hotspot/share/prims/jni.cpp, line 520]
Event: 0.048 Thread 0x0000731c9c02d4c0 Exception <a 'sun/nio/fs/UnixException'{0x000000063507a588}> (0x000000063507a588) 
thrown [open/src/hotspot/share/prims/jni.cpp, line 520]
Event: 0.521 Thread 0x0000731c9c02d4c0 Exception <a 'java/lang/NoSuchMethodError'{0x00000006353fb5b0}: 'void java.lang.invoke.DirectMethodHandle$Holder.invokeStatic(java.lang.Object, java.lang.Object)'> (0x00000006353fb5b0) 
thrown [open/src/hotspot/share/interpreter/linkResolver.cpp, line 773]

ZGC Phase Switch (0 events):
No events

VM Operations (2 events):
Event: 0.050 Executing VM operation: HandshakeAllThreads (Deoptimize)
Event: 0.050 Executing VM operation: HandshakeAllThreads (Deoptimize) done

Memory protections (14 events):
Event: 0.002 Protecting memory [0x0000731ca1f00000,0x0000731ca1f04000] with protection modes 0
Event: 0.021 Protecting memory [0x0000731c733f5000,0x0000731c733f9000] with protection modes 0
Event: 0.021 Protecting memory [0x0000731c72d00000,0x0000731c72d04000] with protection modes 0
Event: 0.022 Protecting memory [0x0000731c72c00000,0x0000731c72c04000] with protection modes 0
Event: 0.022 Protecting memory [0x0000731c72b00000,0x0000731c72b04000] with protection modes 0
Event: 0.022 Protecting memory [0x0000731c72a00000,0x0000731c72a04000] with protection modes 0
Event: 0.022 Protecting memory [0x0000731c72900000,0x0000731c72904000] with protection modes 0
Event: 0.022 Protecting memory [0x0000731c72800000,0x0000731c72804000] with protection modes 0
Event: 0.039 Protecting memory [0x0000731c72700000,0x0000731c72704000] with protection modes 0
Event: 0.046 Protecting memory [0x0000731c72600000,0x0000731c72604000] with protection modes 0
Event: 0.051 Protecting memory [0x0000731c72500000,0x0000731c72504000] with protection modes 0
Event: 0.058 Protecting memory [0x0000731c72400000,0x0000731c72404000] with protection modes 0
Event: 0.063 Protecting memory [0x0000731c72300000,0x0000731c72304000] with protection modes 0
Event: 0.522 Protecting memory [0x0000731c72300000,0x0000731c72304000] with protection modes 0

Nmethod flushes (0 events):
No events

Events (15 events):
Event: 0.016 Thread 0x0000731c9c02d4c0 Thread added: 0x0000731c9c02d4c0
Event: 0.021 Thread 0x0000731c9c02d4c0 Thread added: 0x0000731c9c14c580
Event: 0.021 Thread 0x0000731c9c02d4c0 Thread added: 0x0000731c9c14dbd0
Event: 0.022 Thread 0x0000731c9c02d4c0 Thread added: 0x0000731c9c14f6b0
Event: 0.022 Thread 0x0000731c9c02d4c0 Thread added: 0x0000731c9c150cf0
Event: 0.022 Thread 0x0000731c9c02d4c0 Thread added: 0x0000731c9c152290
Event: 0.022 Thread 0x0000731c9c02d4c0 Thread added: 0x0000731c9c153e30
Event: 0.022 Thread 0x0000731c9c02d4c0 Thread added: 0x0000731c9c155540
Event: 0.039 Thread 0x0000731c9c02d4c0 Thread added: 0x0000731c9c174ba0
Event: 0.046 Thread 0x0000731c9c155540 Thread added: 0x0000731be002ecc0
Event: 0.051 Thread 0x0000731c9c155540 Thread added: 0x0000731be00508c0
Event: 0.057 Thread 0x0000731c9c02d4c0 Thread added: 0x0000731c9c1afde0
Event: 0.063 Thread 0x0000731be002ecc0 Thread added: 0x0000731bd406a4f0
Event: 0.522 Thread 0x0000731bd406a4f0 Thread exited: 0x0000731bd406a4f0
Event: 0.522 Thread 0x0000731c9c02d4c0 Thread added: 0x0000731b6d403ae0


Dynamic libraries:
200000000-200200000 ---p 00000000 00:00 0 
200200000-200400000 rw-s 00000000 00:05 1129                             /dev/nvidia0
200400000-203400000 rw-s 00000000 00:05 1128                             /dev/nvidiactl
203400000-204400000 ---p 00000000 00:00 0 
204400000-204600000 rw-s 00000000 00:05 1128                             /dev/nvidiactl
204600000-204800000 rw-s 00000000 00:05 1128                             /dev/nvidiactl
204800000-204a00000 rw-s 00000000 00:05 1128                             /dev/nvidiactl
204a00000-204c00000 rw-s 204a00000 00:05 1130                            /dev/nvidia-uvm
204c00000-204e00000 rw-s 00000000 00:05 1128                             /dev/nvidiactl
204e00000-205000000 ---p 00000000 00:00 0 
205000000-205200000 rw-s 00000000 00:05 1128                             /dev/nvidiactl
205200000-300200000 ---p 00000000 00:00 0 
616800000-635400000 rw-p 00000000 00:00 0 
635400000-7ffc00000 ---p 00000000 00:00 0 
7ffc00000-7ffd09000 rw-p 00cb9000 103:05 39860326                        /usr/lib/jvm/jdk-22.0.2-oracle-x64/lib/server/classes.jsa
7ffd09000-800000000 rw-p 00000000 00:00 0 
10000000000-10004000000 ---p 00000000 00:00 0 
5bdc104b1000-5bdc104b2000 r-xp 00000000 103:05 39860034                  /usr/lib/jvm/jdk-22.0.2-oracle-x64/bin/java
5bdc104b3000-5bdc104b4000 r--p 00001000 103:05 39860034                  /usr/lib/jvm/jdk-22.0.2-oracle-x64/bin/java
5bdc104b4000-5bdc104b5000 rw-p 00002000 103:05 39860034                  /usr/lib/jvm/jdk-22.0.2-oracle-x64/bin/java
5bdc12151000-5bdc1219a000 rw-p 00000000 00:00 0                          [heap]
731b6c000000-731b6de4c000 rw-p 00000000 00:00 0 
731b6de4c000-731b72000000 ---p 00000000 00:00 0 
731b74000000-731b77e61000 rw-p 00000000 00:00 0 
731b77e61000-731b78000000 ---p 00000000 00:00 0 
731b7c000000-731b7ffff000 rw-p 00000000 00:00 0 
731b7ffff000-731b80000000 ---p 00000000 00:00 0 
731b82000000-731b8a000000 ---p 00000000 00:00 0 
731b8c000000-731b8e000000 ---p 00000000 00:00 0 
731b90000000-731ba0000000 ---p 00000000 00:00 0 
731ba4000000-731ba4400000 ---p 00000000 00:00 0 
731ba4400000-731ba4600000 rw-s 00000000 00:05 1128                       /dev/nvidiactl
731ba4600000-731ba4800000 rw-s 00000000 00:01 11336                      /dev/zero (deleted)
731ba4800000-731ba4a00000 rw-s 00000000 00:01 11337                      /dev/zero (deleted)
731ba4a00000-731ba5000000 ---p 00000000 00:00 0 
731ba5000000-731ba5200000 rw-s 00000000 00:05 1128                       /dev/nvidiactl
731ba5200000-731ba5400000 ---p 00000000 00:00 0 
731ba5400000-731ba5600000 rw-s 00000000 00:01 11339                      /dev/zero (deleted)
731ba5600000-731ba5b33000 rw-s 00000000 00:05 1128                       /dev/nvidiactl
731ba5b33000-731ba6000000 ---p 00000000 00:00 0 
731ba8000000-731ba8021000 rw-p 00000000 00:00 0 
731ba8021000-731bac000000 ---p 00000000 00:00 0 
731bae000000-731bb4000000 ---p 00000000 00:00 0 
731bb4000000-731bb4021000 rw-p 00000000 00:00 0 
731bb4021000-731bb8000000 ---p 00000000 00:00 0 
731bbb000000-731bbfaa3000 r-xp 00000000 103:05 39063741                  /usr/lib/x86_64-linux-gnu/libcublas.so.10.1.0.105
731bbfaa3000-731bbfca2000 ---p 04aa3000 103:05 39063741                  /usr/lib/x86_64-linux-gnu/libcublas.so.10.1.0.105
731bbfca2000-731bbfcb0000 rw-p 04aa2000 103:05 39063741                  /usr/lib/x86_64-linux-gnu/libcublas.so.10.1.0.105
731bbfcb0000-731bbfcba000 rw-p 00000000 00:00 0 
731bc0000000-731bc0042000 rw-p 00000000 00:00 0 
731bc0042000-731bc4000000 ---p 00000000 00:00 0 
731bc8000000-731bc8021000 rw-p 00000000 00:00 0 
731bc8021000-731bcc000000 ---p 00000000 00:00 0 
731bcc000000-731bcc085000 rw-p 00000000 00:00 0 
731bcc085000-731bd0000000 ---p 00000000 00:00 0 
731bd4000000-731bd4070000 rw-p 00000000 00:00 0 
731bd4070000-731bd8000000 ---p 00000000 00:00 0 
731bd8000000-731bd8021000 rw-p 00000000 00:00 0 
731bd8021000-731bdc000000 ---p 00000000 00:00 0 
731be0000000-731be00ae000 rw-p 00000000 00:00 0 
731be00ae000-731be4000000 ---p 00000000 00:00 0 
731be4000000-731be4154000 rw-p 00000000 00:00 0 
731be4154000-731be8000000 ---p 00000000 00:00 0 
731bec000000-731bec021000 rw-p 00000000 00:00 0 
731bec021000-731bf0000000 ---p 00000000 00:00 0 
731bf0000000-731bf0021000 rw-p 00000000 00:00 0 
731bf0021000-731bf4000000 ---p 00000000 00:00 0 
731bf8000000-731bf8021000 rw-p 00000000 00:00 0 
731bf8021000-731bfc000000 ---p 00000000 00:00 0 
731bfc000000-731bfc021000 rw-p 00000000 00:00 0 
731bfc021000-731c00000000 ---p 00000000 00:00 0 
731c04000000-731c04021000 rw-p 00000000 00:00 0 
731c04021000-731c08000000 ---p 00000000 00:00 0 
731c08000000-731c08021000 rw-p 00000000 00:00 0 
731c08021000-731c0c000000 ---p 00000000 00:00 0 
731c0ee00000-731c0ee01000 rw-s 00000000 00:05 1128                       /dev/nvidiactl
731c0ee01000-731c0ee02000 rw-s 00000000 00:05 1128                       /dev/nvidiactl
731c0ee02000-731c0ee03000 rw-s 00000000 00:05 1128                       /dev/nvidiactl
731c0ee03000-731c0ee04000 rw-s 00000000 00:05 1128                       /dev/nvidiactl
731c0ee04000-731c0ee05000 rw-s 00000000 00:05 1128                       /dev/nvidiactl
731c0ee05000-731c0ee06000 rw-s 00000000 00:05 1128                       /dev/nvidiactl
731c0ee06000-731c0ee07000 rw-s 00000000 00:05 1128                       /dev/nvidiactl
731c0ee07000-731c0ee08000 rw-s 00000000 00:05 1128                       /dev/nvidiactl
731c0ee08000-731c0ee09000 rw-s 00000000 00:05 1128                       /dev/nvidiactl
731c0ee09000-731c0ee0a000 rw-s 00000000 00:05 1128                       /dev/nvidiactl
731c0ee0a000-731c0ee0b000 rw-s 00000000 00:05 1128                       /dev/nvidiactl
731c0ee0b000-731c0ee0c000 rw-s 00000000 00:05 1128                       /dev/nvidiactl
731c0ee0c000-731c0ee0d000 rw-s 00000000 00:05 1128                       /dev/nvidiactl
731c0ee0d000-731c0ee0e000 rw-s 00000000 00:05 1128                       /dev/nvidiactl
731c0ee0e000-731c0ee0f000 rw-s 00000000 00:05 1128                       /dev/nvidiactl
731c0ee0f000-731c0ee10000 rw-s 00000000 00:05 1128                       /dev/nvidiactl
731c0ee10000-731c0fe21000 ---p 00000000 00:00 0 
731c10000000-731c100b0000 rw-p 00000000 00:00 0 
731c100b0000-731c10400000 ---p 00000000 00:00 0 
731c10400000-731c10460000 rw-p 00000000 00:00 0 
731c10460000-731c14000000 ---p 00000000 00:00 0 
731c14000000-731c14021000 rw-p 00000000 00:00 0 
731c14021000-731c18000000 ---p 00000000 00:00 0 
731c18400000-731c18401000 ---p 00000000 00:00 0 
731c18401000-731c18c01000 rw-p 00000000 00:00 0 
731c18e00000-731c19e21000 ---p 00000000 00:00 0 
731c1a000000-731c1ac7a000 rw-p 00001000 103:05 39860326                  /usr/lib/jvm/jdk-22.0.2-oracle-x64/lib/server/classes.jsa
731c1ac7a000-731c1b000000 ---p 00000000 00:00 0 
731c1b000000-731c1b010000 rw-p 00000000 00:00 0 
731c1b010000-731c1b040000 ---p 00000000 00:00 0 
731c1b040000-731c1b050000 rw-p 00000000 00:00 0 
731c1b050000-731c5b000000 ---p 00000000 00:00 0 
731c5b600000-731c5b601000 ---p 00000000 00:00 0 
731c5b601000-731c5be01000 rw-p 00000000 00:00 0 
731c5c000000-731c5c021000 rw-p 00000000 00:00 0 
731c5c021000-731c60000000 ---p 00000000 00:00 0 
731c60000000-731c60021000 rw-p 00000000 00:00 0 
731c60021000-731c64000000 ---p 00000000 00:00 0 
731c64a00000-731c64c5a000 rw-p 00000000 00:00 0 
731c64e00000-731c64e01000 ---p 00000000 00:00 0 
731c64e01000-731c65601000 rw-p 00000000 00:00 0 
731c65800000-731c67ae6000 r-xp 00000000 103:05 39063740                  /usr/lib/x86_64-linux-gnu/libcublasLt.so.10.1.0.105
731c67ae6000-731c67ce6000 ---p 022e6000 103:05 39063740                  /usr/lib/x86_64-linux-gnu/libcublasLt.so.10.1.0.105
731c67ce6000-731c67d58000 rw-p 022e6000 103:05 39063740                  /usr/lib/x86_64-linux-gnu/libcublasLt.so.10.1.0.105
731c67d58000-731c67d60000 rw-p 00000000 00:00 0 
731c67ebe000-731c68021000 rw-p 00000000 00:00 0 
731c68021000-731c6c000000 ---p 00000000 00:00 0 
731c6c000000-731c6c021000 rw-p 00000000 00:00 0 
731c6c021000-731c70000000 ---p 00000000 00:00 0 
731c7009b000-731c7029b000 rw-s 00000000 00:01 11338                      /dev/zero (deleted)
731c7029b000-731c70400000 rw-p 00000000 00:00 0 
731c70400000-731c704db000 r--p 00000000 103:05 39066653                  /usr/lib/x86_64-linux-gnu/libcuda.so.550.54.15
731c704db000-731c70973000 r-xp 000db000 103:05 39066653                  /usr/lib/x86_64-linux-gnu/libcuda.so.550.54.15
731c70973000-731c71e03000 r--p 00573000 103:05 39066653                  /usr/lib/x86_64-linux-gnu/libcuda.so.550.54.15
731c71e03000-731c71e1a000 r--p 01a02000 103:05 39066653                  /usr/lib/x86_64-linux-gnu/libcuda.so.550.54.15
731c71e1a000-731c71f15000 rw-p 01a19000 103:05 39066653                  /usr/lib/x86_64-linux-gnu/libcuda.so.550.54.15
731c71f15000-731c71f7b000 rw-p 00000000 00:00 0 
731c71f7f000-731c72000000 rw-p 00000000 00:00 0 
731c72000000-731c7209d000 r--p 00000000 103:05 39063721                  /usr/lib/x86_64-linux-gnu/libstdc++.so.6.0.33
731c7209d000-731c721dd000 r-xp 0009d000 103:05 39063721                  /usr/lib/x86_64-linux-gnu/libstdc++.so.6.0.33
731c721dd000-731c7226b000 r--p 001dd000 103:05 39063721                  /usr/lib/x86_64-linux-gnu/libstdc++.so.6.0.33
731c7226b000-731c72276000 r--p 0026b000 103:05 39063721                  /usr/lib/x86_64-linux-gnu/libstdc++.so.6.0.33
731c72276000-731c72279000 rw-p 00276000 103:05 39063721                  /usr/lib/x86_64-linux-gnu/libstdc++.so.6.0.33
731c72279000-731c7227d000 rw-p 00000000 00:00 0 
731c7227f000-731c72300000 rw-p 00000000 00:00 0 
731c72300000-731c72304000 ---p 00000000 00:00 0 
731c72304000-731c72400000 rw-p 00000000 00:00 0 
731c72400000-731c72404000 ---p 00000000 00:00 0 
731c72404000-731c72500000 rw-p 00000000 00:00 0 
731c72500000-731c72504000 ---p 00000000 00:00 0 
731c72504000-731c72600000 rw-p 00000000 00:00 0 
731c72600000-731c72604000 ---p 00000000 00:00 0 
731c72604000-731c72700000 rw-p 00000000 00:00 0 
731c72700000-731c72704000 ---p 00000000 00:00 0 
731c72704000-731c72800000 rw-p 00000000 00:00 0 
731c72800000-731c72804000 ---p 00000000 00:00 0 
731c72804000-731c72900000 rw-p 00000000 00:00 0 
731c72900000-731c72904000 ---p 00000000 00:00 0 
731c72904000-731c72a00000 rw-p 00000000 00:00 0 
731c72a00000-731c72a04000 ---p 00000000 00:00 0 
731c72a04000-731c72b00000 rw-p 00000000 00:00 0 
731c72b00000-731c72b04000 ---p 00000000 00:00 0 
731c72b04000-731c72c00000 rw-p 00000000 00:00 0 
731c72c00000-731c72c04000 ---p 00000000 00:00 0 
731c72c04000-731c72d00000 rw-p 00000000 00:00 0 
731c72d00000-731c72d04000 ---p 00000000 00:00 0 
731c72d04000-731c72e00000 rw-p 00000000 00:00 0 
731c72e00000-731c73375000 r--p 00000000 103:05 39061600                  /usr/lib/locale/locale-archive
731c733b4000-731c733f5000 rw-p 00000000 00:00 0 
731c733f5000-731c733f9000 ---p 00000000 00:00 0 
731c733f9000-731c734f5000 rw-p 00000000 00:00 0 
731c734f5000-731c734f6000 ---p 00000000 00:00 0 
731c734f6000-731c735f6000 rw-p 00000000 00:00 0 
731c735f6000-731c735f7000 ---p 00000000 00:00 0 
731c735f7000-731c736f7000 rw-p 00000000 00:00 0 
731c736f7000-731c736f8000 ---p 00000000 00:00 0 
731c736f8000-731c737f8000 rw-p 00000000 00:00 0 
731c737f8000-731c737f9000 ---p 00000000 00:00 0 
731c737f9000-731c738f9000 rw-p 00000000 00:00 0 
731c738f9000-731c74021000 rw-p 00000000 00:00 0 
731c74021000-731c78000000 ---p 00000000 00:00 0 
731c7802b000-731c7803f000 r--p 00000000 103:05 26738754                  /tmp/libJCublas2-10.1.0-linux-x86_64.so
731c7803f000-731c780c7000 r-xp 00014000 103:05 26738754                  /tmp/libJCublas2-10.1.0-linux-x86_64.so
731c780c7000-731c780f4000 r--p 0009c000 103:05 26738754                  /tmp/libJCublas2-10.1.0-linux-x86_64.so
731c780f4000-731c780f5000 ---p 000c9000 103:05 26738754                  /tmp/libJCublas2-10.1.0-linux-x86_64.so
731c780f5000-731c780f8000 r--p 000c9000 103:05 26738754                  /tmp/libJCublas2-10.1.0-linux-x86_64.so
731c780f8000-731c780f9000 rw-p 000cc000 103:05 26738754                  /tmp/libJCublas2-10.1.0-linux-x86_64.so
731c780f9000-731c7a600000 rw-p 00000000 00:00 0 
731c7a62d000-731c7a6fb000 r-xp 00000000 103:05 39860299                  /usr/lib/jvm/jdk-22.0.2-oracle-x64/lib/libjsvml.so
731c7a6fb000-731c7a6fc000 r--p 000cd000 103:05 39860299                  /usr/lib/jvm/jdk-22.0.2-oracle-x64/lib/libjsvml.so
731c7a6fc000-731c7a6fd000 rw-p 000ce000 103:05 39860299                  /usr/lib/jvm/jdk-22.0.2-oracle-x64/lib/libjsvml.so
731c7a6fd000-731c7a7fe000 rw-p 00000000 00:00 0 
731c7a7fe000-731c7a7ff000 ---p 00000000 00:00 0 
731c7a7ff000-731c7a8ff000 rw-p 00000000 00:00 0 
731c7a8ff000-731c7a900000 ---p 00000000 00:00 0 
731c7a900000-731c7aa00000 rw-p 00000000 00:00 0 
731c7aa00000-731c7b1b0000 rw-p 00000000 00:00 0 
731c7b1b0000-731c82450000 ---p 00000000 00:00 0 
731c82450000-731c82460000 rw-p 00000000 00:00 0 
731c82460000-731c82472000 r--p 00000000 103:05 26738753                  /tmp/libJCudaRuntime-10.1.0-linux-x86_64.so
731c82472000-731c824da000 r-xp 00012000 103:05 26738753                  /tmp/libJCudaRuntime-10.1.0-linux-x86_64.so
731c824da000-731c824f7000 r--p 0007a000 103:05 26738753                  /tmp/libJCudaRuntime-10.1.0-linux-x86_64.so
731c824f7000-731c824f8000 ---p 00097000 103:05 26738753                  /tmp/libJCudaRuntime-10.1.0-linux-x86_64.so
731c824f8000-731c824fc000 r--p 00097000 103:05 26738753                  /tmp/libJCudaRuntime-10.1.0-linux-x86_64.so
731c824fc000-731c824fd000 rw-p 0009b000 103:05 26738753                  /tmp/libJCudaRuntime-10.1.0-linux-x86_64.so
731c824fd000-731c824ff000 rw-p 00000000 00:00 0 
731c824ff000-731c82500000 ---p 00000000 00:00 0 
731c82500000-731c82600000 rw-p 00000000 00:00 0 
731c82600000-731c826f6000 rw-p 00000000 00:00 0 
731c826f6000-731c8354a000 ---p 00000000 00:00 0 
731c8354a000-731c8354c000 rw-p 00000000 00:00 0 
731c8354c000-731c836f6000 rw-p 00000000 00:00 0 
731c836f6000-731c8454a000 ---p 00000000 00:00 0 
731c8454a000-731c8454c000 rw-p 00000000 00:00 0 
731c84576000-731c8457a000 r--p 00000000 103:05 39063720                  /usr/lib/x86_64-linux-gnu/libgcc_s.so.1
731c8457a000-731c8459d000 r-xp 00004000 103:05 39063720                  /usr/lib/x86_64-linux-gnu/libgcc_s.so.1
731c8459d000-731c845a1000 r--p 00027000 103:05 39063720                  /usr/lib/x86_64-linux-gnu/libgcc_s.so.1
731c845a1000-731c845a2000 r--p 0002b000 103:05 39063720                  /usr/lib/x86_64-linux-gnu/libgcc_s.so.1
731c845a2000-731c845a3000 rw-p 0002c000 103:05 39063720                  /usr/lib/x86_64-linux-gnu/libgcc_s.so.1
731c845a3000-731c84c00000 rw-p 00000000 00:00 0 
731c84c00000-731c84e70000 rwxp 00000000 00:00 0 
731c84e70000-731c8c05f000 ---p 00000000 00:00 0 
731c8c05f000-731c8c2df000 rwxp 00000000 00:00 0 
731c8c2df000-731c8c7a0000 ---p 00000000 00:00 0 
731c8c7a0000-731c8ca10000 rwxp 00000000 00:00 0 
731c8ca10000-731c93c00000 ---p 00000000 00:00 0 
731c93c00000-731c9bfbb000 r--s 00000000 103:05 39860317                  /usr/lib/jvm/jdk-22.0.2-oracle-x64/lib/modules
731c9bfc2000-731c9ffe7000 rw-p 00000000 00:00 0 
731c9ffe7000-731ca0000000 ---p 00000000 00:00 0 
731ca001f000-731ca0026000 r--s 00000000 103:05 39070655                  /usr/lib/x86_64-linux-gnu/gconv/gconv-modules.cache
731ca0026000-731ca0833000 rw-p 00000000 00:00 0 
731ca0833000-731ca0917000 ---p 00000000 00:00 0 
731ca0917000-731ca091c000 rw-p 00000000 00:00 0 
731ca091c000-731ca0a00000 ---p 00000000 00:00 0 
731ca0a00000-731ca1d40000 r-xp 00000000 103:05 39860329                  /usr/lib/jvm/jdk-22.0.2-oracle-x64/lib/server/libjvm.so
731ca1d40000-731ca1d41000 ---p 01340000 103:05 39860329                  /usr/lib/jvm/jdk-22.0.2-oracle-x64/lib/server/libjvm.so
731ca1d41000-731ca1e0e000 r--p 01340000 103:05 39860329                  /usr/lib/jvm/jdk-22.0.2-oracle-x64/lib/server/libjvm.so
731ca1e0e000-731ca1e3c000 rw-p 0140d000 103:05 39860329                  /usr/lib/jvm/jdk-22.0.2-oracle-x64/lib/server/libjvm.so
731ca1e3c000-731ca1eb2000 rw-p 00000000 00:00 0 
731ca1eb2000-731ca1ec2000 -w-s 00000000 00:05 1129                       /dev/nvidia0
731ca1ec2000-731ca1f00000 rw-p 00000000 00:00 0 
731ca1f00000-731ca1f04000 ---p 00000000 00:00 0 
731ca1f04000-731ca2000000 rw-p 00000000 00:00 0 
731ca2000000-731ca2028000 r--p 00000000 103:05 39070666                  /usr/lib/x86_64-linux-gnu/libc.so.6
731ca2028000-731ca21b0000 r-xp 00028000 103:05 39070666                  /usr/lib/x86_64-linux-gnu/libc.so.6
731ca21b0000-731ca21ff000 r--p 001b0000 103:05 39070666                  /usr/lib/x86_64-linux-gnu/libc.so.6
731ca21ff000-731ca2203000 r--p 001fe000 103:05 39070666                  /usr/lib/x86_64-linux-gnu/libc.so.6
731ca2203000-731ca2205000 rw-p 00202000 103:05 39070666                  /usr/lib/x86_64-linux-gnu/libc.so.6
731ca2205000-731ca2212000 rw-p 00000000 00:00 0 
731ca2212000-731ca2219000 r-xp 00000000 103:05 39860316                  /usr/lib/jvm/jdk-22.0.2-oracle-x64/lib/libzip.so
731ca2219000-731ca221a000 ---p 00007000 103:05 39860316                  /usr/lib/jvm/jdk-22.0.2-oracle-x64/lib/libzip.so
731ca221a000-731ca221b000 r--p 00007000 103:05 39860316                  /usr/lib/jvm/jdk-22.0.2-oracle-x64/lib/libzip.so
731ca221b000-731ca221c000 rw-p 00008000 103:05 39860316                  /usr/lib/jvm/jdk-22.0.2-oracle-x64/lib/libzip.so
731ca221c000-731ca2227000 r-xp 00000000 103:05 39860306                  /usr/lib/jvm/jdk-22.0.2-oracle-x64/lib/libnet.so
731ca2227000-731ca2228000 ---p 0000b000 103:05 39860306                  /usr/lib/jvm/jdk-22.0.2-oracle-x64/lib/libnet.so
731ca2228000-731ca2229000 r--p 0000b000 103:05 39860306                  /usr/lib/jvm/jdk-22.0.2-oracle-x64/lib/libnet.so
731ca2229000-731ca222a000 rw-p 0000c000 103:05 39860306                  /usr/lib/jvm/jdk-22.0.2-oracle-x64/lib/libnet.so
731ca222a000-731ca223d000 r-xp 00000000 103:05 39860307                  /usr/lib/jvm/jdk-22.0.2-oracle-x64/lib/libnio.so
731ca223d000-731ca223e000 ---p 00013000 103:05 39860307                  /usr/lib/jvm/jdk-22.0.2-oracle-x64/lib/libnio.so
731ca223e000-731ca223f000 r--p 00013000 103:05 39860307                  /usr/lib/jvm/jdk-22.0.2-oracle-x64/lib/libnio.so
731ca223f000-731ca2240000 rw-p 00014000 103:05 39860307                  /usr/lib/jvm/jdk-22.0.2-oracle-x64/lib/libnio.so
731ca2240000-731ca2260000 r-xp 00000000 103:05 39860291                  /usr/lib/jvm/jdk-22.0.2-oracle-x64/lib/libjava.so
731ca2260000-731ca2261000 ---p 00020000 103:05 39860291                  /usr/lib/jvm/jdk-22.0.2-oracle-x64/lib/libjava.so
731ca2261000-731ca2262000 r--p 00020000 103:05 39860291                  /usr/lib/jvm/jdk-22.0.2-oracle-x64/lib/libjava.so
731ca2262000-731ca2263000 rw-p 00021000 103:05 39860291                  /usr/lib/jvm/jdk-22.0.2-oracle-x64/lib/libjava.so
731ca2263000-731ca2264000 rw-p 00000000 00:00 0 
731ca2264000-731ca2282000 r-xp 00000000 103:05 39860295                  /usr/lib/jvm/jdk-22.0.2-oracle-x64/lib/libjimage.so
731ca2282000-731ca2284000 r--p 0001d000 103:05 39860295                  /usr/lib/jvm/jdk-22.0.2-oracle-x64/lib/libjimage.so
731ca2284000-731ca2285000 rw-p 0001f000 103:05 39860295                  /usr/lib/jvm/jdk-22.0.2-oracle-x64/lib/libjimage.so
731ca2285000-731ca2295000 r--p 00000000 103:05 39070669                  /usr/lib/x86_64-linux-gnu/libm.so.6
731ca2295000-731ca2314000 r-xp 00010000 103:05 39070669                  /usr/lib/x86_64-linux-gnu/libm.so.6
731ca2314000-731ca236c000 r--p 0008f000 103:05 39070669                  /usr/lib/x86_64-linux-gnu/libm.so.6
731ca236c000-731ca236d000 r--p 000e7000 103:05 39070669                  /usr/lib/x86_64-linux-gnu/libm.so.6
731ca236d000-731ca236e000 rw-p 000e8000 103:05 39070669                  /usr/lib/x86_64-linux-gnu/libm.so.6
731ca236e000-731ca236f000 r--p 00000000 103:05 39070680                  /usr/lib/x86_64-linux-gnu/librt.so.1
731ca236f000-731ca2370000 r-xp 00001000 103:05 39070680                  /usr/lib/x86_64-linux-gnu/librt.so.1
731ca2370000-731ca2371000 r--p 00002000 103:05 39070680                  /usr/lib/x86_64-linux-gnu/librt.so.1
731ca2371000-731ca2372000 r--p 00002000 103:05 39070680                  /usr/lib/x86_64-linux-gnu/librt.so.1
731ca2372000-731ca2373000 rw-p 00003000 103:05 39070680                  /usr/lib/x86_64-linux-gnu/librt.so.1
731ca2373000-731ca2377000 rw-p 00000000 00:00 0 
731ca2377000-731ca2378000 r--p 00000000 103:05 39070668                  /usr/lib/x86_64-linux-gnu/libdl.so.2
731ca2378000-731ca2379000 r-xp 00001000 103:05 39070668                  /usr/lib/x86_64-linux-gnu/libdl.so.2
731ca2379000-731ca237a000 r--p 00002000 103:05 39070668                  /usr/lib/x86_64-linux-gnu/libdl.so.2
731ca237a000-731ca237b000 r--p 00002000 103:05 39070668                  /usr/lib/x86_64-linux-gnu/libdl.so.2
731ca237b000-731ca237c000 rw-p 00003000 103:05 39070668                  /usr/lib/x86_64-linux-gnu/libdl.so.2
731ca237c000-731ca237d000 r--p 00000000 103:05 39070678                  /usr/lib/x86_64-linux-gnu/libpthread.so.0
731ca237d000-731ca237e000 r-xp 00001000 103:05 39070678                  /usr/lib/x86_64-linux-gnu/libpthread.so.0
731ca237e000-731ca237f000 r--p 00002000 103:05 39070678                  /usr/lib/x86_64-linux-gnu/libpthread.so.0
731ca237f000-731ca2380000 r--p 00002000 103:05 39070678                  /usr/lib/x86_64-linux-gnu/libpthread.so.0
731ca2380000-731ca2381000 rw-p 00003000 103:05 39070678                  /usr/lib/x86_64-linux-gnu/libpthread.so.0
731ca2381000-731ca238f000 r-xp 00000000 103:05 39860296                  /usr/lib/jvm/jdk-22.0.2-oracle-x64/lib/libjli.so
731ca238f000-731ca2390000 r--p 0000e000 103:05 39860296                  /usr/lib/jvm/jdk-22.0.2-oracle-x64/lib/libjli.so
731ca2390000-731ca2391000 rw-p 0000f000 103:05 39860296                  /usr/lib/jvm/jdk-22.0.2-oracle-x64/lib/libjli.so
731ca2391000-731ca2393000 r--p 00000000 103:05 39063281                  /usr/lib/x86_64-linux-gnu/libz.so.1.3
731ca2393000-731ca23a5000 r-xp 00002000 103:05 39063281                  /usr/lib/x86_64-linux-gnu/libz.so.1.3
731ca23a5000-731ca23ab000 r--p 00014000 103:05 39063281                  /usr/lib/x86_64-linux-gnu/libz.so.1.3
731ca23ab000-731ca23ac000 r--p 0001a000 103:05 39063281                  /usr/lib/x86_64-linux-gnu/libz.so.1.3
731ca23ac000-731ca23ad000 rw-p 0001b000 103:05 39063281                  /usr/lib/x86_64-linux-gnu/libz.so.1.3
731ca23ae000-731ca23b3000 rw-p 00000000 00:00 0 
731ca23b3000-731ca23bd000 ---p 00000000 00:00 0 
731ca23bd000-731ca23c5000 rw-s 00000000 103:05 26739257                  /tmp/hsperfdata_edov/12451
731ca23c5000-731ca23c6000 ---p 00000000 00:00 0 
731ca23c6000-731ca23c7000 r--p 00000000 00:00 0 
731ca23c7000-731ca23c8000 ---p 00000000 00:00 0 
731ca23c8000-731ca23ca000 rw-p 00000000 00:00 0 
731ca23ca000-731ca23cb000 r--p 00000000 103:05 39070663                  /usr/lib/x86_64-linux-gnu/ld-linux-x86-64.so.2
731ca23cb000-731ca23f6000 r-xp 00001000 103:05 39070663                  /usr/lib/x86_64-linux-gnu/ld-linux-x86-64.so.2
731ca23f6000-731ca2400000 r--p 0002c000 103:05 39070663                  /usr/lib/x86_64-linux-gnu/ld-linux-x86-64.so.2
731ca2400000-731ca2402000 r--p 00036000 103:05 39070663                  /usr/lib/x86_64-linux-gnu/ld-linux-x86-64.so.2
731ca2402000-731ca2404000 rw-p 00038000 103:05 39070663                  /usr/lib/x86_64-linux-gnu/ld-linux-x86-64.so.2
7ffd4c1b6000-7ffd4c1d8000 rw-p 00000000 00:00 0                          [stack]
7ffd4c1de000-7ffd4c1e2000 r--p 00000000 00:00 0                          [vvar]
7ffd4c1e2000-7ffd4c1e4000 r-xp 00000000 00:00 0                          [vdso]
ffffffffff600000-ffffffffff601000 --xp 00000000 00:00 0                  [vsyscall]
Total number of mappings: 309


VM Arguments:
jvm_args: -Dfile.encoding=UTF-8 --module-path=/home/edov/projects/JCudaWrapper/build/classes 
java_command: storage.DArray
java_class_path (initial): /home/edov/projects/JCudaWrapper/JCuda-All-10.1.0/jcublas-10.1.0-javadoc.jar:/home/edov/projects/JCudaWrapper/JCuda-All-10.1.0/jcublas-10.1.0-sources.jar:/home/edov/projects/JCudaWrapper/JCuda-All-10.1.0/jcublas-10.1.0.jar:/home/edov/projects/JCudaWrapper/JCuda-All-10.1.0/jcublas-natives-10.1.0-apple-x86_64.jar:/home/edov/projects/JCudaWrapper/JCuda-All-10.1.0/jcublas-natives-10.1.0-javadoc.jar:/home/edov/projects/JCudaWrapper/JCuda-All-10.1.0/jcublas-natives-10.1.0-linux-x86_64.jar:/home/edov/projects/JCudaWrapper/JCuda-All-10.1.0/jcublas-natives-10.1.0-sources.jar:/home/edov/projects/JCudaWrapper/JCuda-All-10.1.0/jcublas-natives-10.1.0-windows-x86_64.jar:/home/edov/projects/JCudaWrapper/JCuda-All-10.1.0/jcublas-natives-10.1.0.jar:/home/edov/projects/JCudaWrapper/JCuda-All-10.1.0/jcuda-10.1.0-javadoc.jar:/home/edov/projects/JCudaWrapper/JCuda-All-10.1.0/jcuda-10.1.0-sources.jar:/home/edov/projects/JCudaWrapper/JCuda-All-10.1.0/jcuda-10.1.0.jar:/home/edov/projects/JCudaWrapper/JCuda-All-10.1.0/jcuda-common-10.1.0-javadoc.jar:/home/edov/projects/JCudaWrapper/JCuda-All-10.1.0/jcuda-common-10.1.0-sources.jar:/home/edov/projects/JCudaWrapper/JCuda-All-10.1.0/jcuda-common-10.1.0.jar:/home/edov/projects/JCudaWrapper/JCuda-All-10.1.0/jcuda-natives-10.1.0-apple-x86_64.jar:/home/edov/projects/JCudaWrapper/JCuda-All-10.1.0/jcuda-natives-10.1.0-javadoc.jar:/home/edov/projects/JCudaWrapper/JCuda-All-10.1.0/jcuda-natives-10.1.0-linux-x86_64.jar:/home/edov/projects/JCudaWrapper/JCuda-All-10.1.0/jcuda-natives-10.1.0-sources.jar:/home/edov/projects/JCudaWrapper/JCuda-All-10.1.0/jcuda-natives-10.1.0-windows-x86_64.jar:/home/edov/projects/JCudaWrapper/JCuda-All-10.1.0/jcuda-natives-10.1.0.jar:/home/edov/projects/JCudaWrapper/JCuda-All-10.1.0/jcudnn-10.1.0-javadoc.jar:/home/edov/projects/JCudaWrapper/JCuda-All-10.1.0/jcudnn-10.1.0-sources.jar:/home/edov/projects/JCudaWrapper/JCuda-All-10.1.0/jcudnn-10.1.0.jar:/home/edov/projects/JCudaWrapper/JCuda-All-10.1.0/jcudnn-natives-10.1.0-apple-x86_64.jar:/home/edov/projects/JCudaWrapper/JCuda-All-10.1.0/jcudnn-natives-10.1.0-javadoc.jar:/home/edov/projects/JCudaWrapper/JCuda-All-10.1.0/jcudnn-natives-10.1.0-linux-x86_64.jar:/home/edov/projects/JCudaWrapper/JCuda-All-10.1.0/jcudnn-natives-10.1.0-sources.jar:/home/edov/projects/JCudaWrapper/JCuda-All-10.1.0/jcudnn-natives-10.1.0-windows-x86_64.jar:/home/edov/projects/JCudaWrapper/JCuda-All-10.1.0/jcudnn-natives-10.1.0.jar:/home/edov/projects/JCudaWrapper/JCuda-All-10.1.0/jcufft-10.1.0-javadoc.jar:/home/edov/projects/JCudaWrapper/JCuda-All-10.1.0/jcufft-10.1.0-sources.jar:/home/edov/projects/JCudaWrapper/JCuda-All-10.1.0/jcufft-10.1.0.jar:/home/edov/projects/JCudaWrapper/JCuda-All-10.1.0/jcufft-natives-10.1.0-apple-x86_64.jar:/home/edov/projects/JCudaWrapper/JCuda-All-10.1.0/jcufft-natives-10.1.0-javadoc.jar:/home/edov/projects/JCudaWrapper/JCuda-All-10.1.0/jcufft-natives-10.1.0-linux-x86_64.jar:/home/edov/projects/JCudaWrapper/JCuda-All-10.1.0/jcufft-natives-10.1.0-sources.jar:/home/edov/projects/JCudaWrapper/JCuda-All-10.1.0/jcufft-natives-10.1.0-windows-x86_64.jar:/home/edov/projects/JCudaWrapper/JCuda-All-10.1.0/jcufft-natives-10.1.0.jar:/home/edov/projects/JCudaWrapper/JCuda-All-10.1.0/jcurand-10.1.0-javadoc.jar:/home/edov/projects/JCudaWrapper/JCuda-All-10.1.0/jcurand-10.1.0-sources.jar:/home/edov/projects/JCudaWrapper/JCuda-All-10.1.0/jcurand-10.1.0.jar:/home/edov/projects/JCudaWrapper/JCuda-All-10.1.0/jcurand-natives-10.1.0-apple-x86_64.jar:/home/edov/projects/JCudaWrapper/JCuda-All-10.1.0/jcurand-natives-10.1.0-javadoc.jar:/home/edov/projects/JCudaWrapper/JCuda-All-10.1.0/jcurand-natives-10.1.0-linux-x86_64.jar:/home/edov/projects/JCudaWrapper/JCuda-All-10.1.0/jcurand-natives-10.1.0-sources.jar:/home/edov/projects/JCudaWrapper/JCuda-All-10.1.0/jcurand-natives-10.1.0-windows-x86_64.jar:/home/edov/projects/JCudaWrapper/JCuda-All-10.1.0/jcurand-natives-10.1.0.jar:/home/edov/projects/JCudaWrapper/JCuda-All-10.1.0/jcusolver-10.1.0-javadoc.jar:/home/edov/projects/JCudaWrapper/JCuda-All-10.1.0/jcusolver-10.1.0-sources.jar:/home/edov/projects/JCudaWrapper/JCuda-All-10.1.0/jcusolver-10.1.0.jar:/home/edov/projects/JCudaWrapper/JCuda-All-10.1.0/jcusolver-natives-10.1.0-apple-x86_64.jar:/home/edov/projects/JCudaWrapper/JCuda-All-10.1.0/jcusolver-natives-10.1.0-javadoc.jar:/home/edov/projects/JCudaWrapper/JCuda-All-10.1.0/jcusolver-natives-10.1.0-linux-x86_64.jar:/home/edov/projects/JCudaWrapper/JCuda-All-10.1.0/jcusolver-natives-10.1.0-sources.jar:/home/edov/projects/JCudaWrapper/JCuda-All-10.1.0/jcusolver-natives-10.1.0-windows-x86_64.jar:/home/edov/projects/JCudaWrapper/JCuda-All-10.1.0/jcusolver-natives-10.1.0.jar:/home/edov/projects/JCudaWrapper/JCuda-All-10.1.0/jcusparse-10.1.0-javadoc.jar:/home/edov/projects/JCudaWrapper/JCuda-All-10.1.0/jcusparse-10.1.0-sources.jar:/home/edov/projects/JCudaWrapper/JCuda-All-10.1.0/jcusparse-10.1.0.jar:/home/edov/projects/JCudaWrapper/JCuda-All-10.1.0/jcusparse-natives-10.1.0-apple-x86_64.jar:/home/edov/projects/JCudaWrapper/JCuda-All-10.1.0/jcusparse-natives-10.1.0-javadoc.jar:/home/edov/projects/JCudaWrapper/JCuda-All-10.1.0/jcusparse-natives-10.1.0-linux-x86_64.jar:/home/edov/projects/JCudaWrapper/JCuda-All-10.1.0/jcusparse-natives-10.1.0-sources.jar:/home/edov/projects/JCudaWrapper/JCuda-All-10.1.0/jcusparse-natives-10.1.0-windows-x86_64.jar:/home/edov/projects/JCudaWrapper/JCuda-All-10.1.0/jcusparse-natives-10.1.0.jar:/home/edov/projects/JCudaWrapper/JCuda-All-10.1.0/jnvgraph-10.1.0-javadoc.jar:/home/edov/projects/JCudaWrapper/JCuda-All-10.1.0/jnvgraph-10.1.0-sources.jar:/home/edov/projects/JCudaWrapper/JCuda-All-10.1.0/jnvgraph-10.1.0.jar:/home/edov/projects/JCudaWrapper/JCuda-All-10.1.0/jnvgraph-natives-10.1.0-apple-x86_64.jar:/home/edov/projects/JCudaWrapper/JCuda-All-10.1.0/jnvgraph-natives-10.1.0-javadoc.jar:/home/edov/projects/JCudaWrapper/JCuda-All-10.1.0/jnvgraph-natives-10.1.0-linux-x86_64.jar:/home/edov/projects/JCudaWrapper/JCuda-All-10.1.0/jnvgraph-natives-10.1.0-sources.jar:/home/edov/projects/JCudaWrapper/JCuda-All-10.1.0/jnvgraph-natives-10.1.0-windows-x86_64.jar:/home/edov/projects/JCudaWrapper/JCuda-All-10.1.0/jnvgraph-natives-10.1.0.jar:/home/edov/projects/JCudaWrapper/commons-math3-3.6.1.jar:/home/edov/projects/JCudaWrapper/build/classes
Launcher Type: SUN_STANDARD

[Global flags]
     intx CICompilerCount                          = 12                                        {product} {ergonomic}
     uint ConcGCThreads                            = 3                                         {product} {ergonomic}
     uint G1ConcRefinementThreads                  = 13                                        {product} {ergonomic}
   size_t G1HeapRegionSize                         = 4194304                                   {product} {ergonomic}
   size_t InitialHeapSize                          = 515899392                                 {product} {ergonomic}
   size_t MarkStackSize                            = 4194304                                   {product} {ergonomic}
   size_t MaxHeapSize                              = 8212447232                                {product} {ergonomic}
   size_t MaxNewSize                               = 4924112896                                {product} {ergonomic}
   size_t MinHeapDeltaBytes                        = 4194304                                   {product} {ergonomic}
   size_t MinHeapSize                              = 8388608                                   {product} {ergonomic}
    uintx NonNMethodCodeHeapSize                   = 7602480                                {pd product} {ergonomic}
    uintx NonProfiledCodeHeapSize                  = 122027880                              {pd product} {ergonomic}
    uintx ProfiledCodeHeapSize                     = 122027880                              {pd product} {ergonomic}
    uintx ReservedCodeCacheSize                    = 251658240                              {pd product} {ergonomic}
     bool SegmentedCodeCache                       = true                                      {product} {ergonomic}
   size_t SoftMaxHeapSize                          = 8212447232                             {manageable} {ergonomic}
     bool UseCompressedOops                        = true                           {product lp64_product} {ergonomic}
     bool UseG1GC                                  = true                                      {product} {ergonomic}

Logging:
Log output configuration:
 #0: stdout all=warning uptime,level,tags foldmultilines=false
 #1: stderr all=off uptime,level,tags foldmultilines=false

Environment Variables:
PATH=/usr/local/sbin:/usr/local/bin:/usr/sbin:/usr/bin:/sbin:/bin:/usr/games:/usr/local/games:/snap/bin:/snap/bin
USERNAME=edov
SHELL=/bin/bash
DISPLAY=:1
LANG=en_IL

Active Locale:
LC_ALL=en_IL
LC_COLLATE=en_IL
LC_CTYPE=en_IL
LC_MESSAGES=en_IL
LC_MONETARY=en_IL
LC_NUMERIC=en_IL
LC_TIME=en_IL

Signal Handlers:
   SIGSEGV: crash_handler in libjvm.so, mask=11100100010111111101111111111110, flags=SA_RESTART|SA_SIGINFO, unblocked
    SIGBUS: crash_handler in libjvm.so, mask=11100100010111111101111111111110, flags=SA_RESTART|SA_SIGINFO, unblocked
    SIGFPE: crash_handler in libjvm.so, mask=11100100010111111101111111111110, flags=SA_RESTART|SA_SIGINFO, unblocked
   SIGPIPE: javaSignalHandler in libjvm.so, mask=11100100010111111101111111111110, flags=SA_RESTART|SA_SIGINFO, blocked
   SIGXFSZ: javaSignalHandler in libjvm.so, mask=11100100010111111101111111111110, flags=SA_RESTART|SA_SIGINFO, blocked
    SIGILL: crash_handler in libjvm.so, mask=11100100010111111101111111111110, flags=SA_RESTART|SA_SIGINFO, unblocked
   SIGUSR2: SR_handler in libjvm.so, mask=00000000000000000000000000000000, flags=SA_RESTART|SA_SIGINFO, blocked
    SIGHUP: UserHandler in libjvm.so, mask=11100100010111111101111111111110, flags=SA_RESTART|SA_SIGINFO, blocked
    SIGINT: SIG_IGN, mask=00000000000000000000000000000000, flags=none, blocked
   SIGTERM: UserHandler in libjvm.so, mask=11100100010111111101111111111110, flags=SA_RESTART|SA_SIGINFO, blocked
   SIGQUIT: UserHandler in libjvm.so, mask=11100100010111111101111111111110, flags=SA_RESTART|SA_SIGINFO, blocked
   SIGTRAP: crash_handler in libjvm.so, mask=11100100010111111101111111111110, flags=SA_RESTART|SA_SIGINFO, unblocked


Periodic native trim disabled

---------------  S Y S T E M  ---------------

OS:
DISTRIB_ID=Ubuntu
DISTRIB_RELEASE=24.04
DISTRIB_CODENAME=noble
DISTRIB_DESCRIPTION="Ubuntu 24.04.1 LTS"
uname: Linux 6.8.0-44-generic #44-Ubuntu SMP PREEMPT_DYNAMIC Tue Aug 13 13:35:26 UTC 2024 x86_64
OS uptime: 0 days 1:37 hours
libc: glibc 2.39 NPTL 2.39 
rlimit (soft/hard): STACK 8192k/infinity , CORE 0k/infinity , NPROC 125013/125013 , NOFILE 1048576/1048576 , AS infinity/infinity , CPU infinity/infinity , DATA infinity/infinity , FSIZE infinity/infinity , MEMLOCK 4009332k/4009332k
load average: 0.63 0.52 0.54

/proc/meminfo:
MemTotal:       32074664 kB
MemFree:        19712660 kB
MemAvailable:   23657712 kB
Buffers:          208520 kB
Cached:          4107576 kB
SwapCached:            0 kB
Active:          7504544 kB
Inactive:        2628484 kB
Active(anon):    5943440 kB
Inactive(anon):        0 kB
Active(file):    1561104 kB
Inactive(file):  2628484 kB
Unevictable:          48 kB
Mlocked:              48 kB
SwapTotal:       2097148 kB
SwapFree:        2097148 kB
Zswap:                 0 kB
Zswapped:              0 kB
Dirty:               312 kB
Writeback:             0 kB
AnonPages:       5817108 kB
Mapped:          1053364 kB
Shmem:            126508 kB
KReclaimable:     219944 kB
Slab:             541748 kB
SReclaimable:     219944 kB
SUnreclaim:       321804 kB
KernelStack:       25812 kB
PageTables:        68228 kB
SecPageTables:         0 kB
NFS_Unstable:          0 kB
Bounce:                0 kB
WritebackTmp:          0 kB
CommitLimit:    18134480 kB
Committed_AS:   34573140 kB
VmallocTotal:   34359738367 kB
VmallocUsed:      168392 kB
VmallocChunk:          0 kB
Percpu:            18752 kB
HardwareCorrupted:     0 kB
AnonHugePages:         0 kB
ShmemHugePages:        0 kB
ShmemPmdMapped:        0 kB
FileHugePages:         0 kB
FilePmdMapped:         0 kB
Unaccepted:            0 kB
HugePages_Total:       0
HugePages_Free:        0
HugePages_Rsvd:        0
HugePages_Surp:        0
Hugepagesize:       2048 kB
Hugetlb:               0 kB
DirectMap4k:     1915368 kB
DirectMap2M:    17211392 kB
DirectMap1G:    14680064 kB

/sys/kernel/mm/transparent_hugepage/enabled: always [madvise] never
/sys/kernel/mm/transparent_hugepage/hpage_pmd_size: 2097152
/sys/kernel/mm/transparent_hugepage/shmem_enabled: always within_size advise [never] deny force
/sys/kernel/mm/transparent_hugepage/defrag (defrag/compaction efforts parameter): always defer defer+madvise [madvise] never

Process Memory:
Virtual Size: 16509864K (peak: 16509864K)
Resident Set Size: 350052K (peak: 350052K) (anon: 191368K, file: 150492K, shmem: 8192K)
Swapped out: 0K
C-Heap outstanding allocations: 264026K, retained: 3905K
glibc malloc tunables: (default)

/proc/sys/kernel/threads-max (system-wide limit on the number of threads): 250027
/proc/sys/vm/max_map_count (maximum number of memory map areas a process may have): 1048576
/proc/sys/vm/swappiness (control to define how aggressively the kernel swaps out anonymous memory): 60
/proc/sys/kernel/pid_max (system-wide limit on number of process identifiers): 4194304

container (cgroup) information:
container_type: cgroupv2
cpu_cpuset_cpus: not supported
cpu_memory_nodes: not supported
active_processor_count: 16
cpu_quota: not supported
cpu_period: not supported
cpu_shares: not supported
memory_limit_in_bytes: unlimited
memory_and_swap_limit_in_bytes: unlimited
memory_soft_limit_in_bytes: unlimited
memory_usage_in_bytes: 3112620 k
memory_max_usage_in_bytes: not supported
memory_swap_current_in_bytes: unlimited
memory_swap_max_limit_in_bytes: unlimited
maximum number of tasks: 37504
current number of tasks: 128

Steal ticks since vm start: 0
Steal ticks percentage since vm start:  0.000

CPU: total 16 (initial active 16) (16 cores per cpu, 2 threads per core) family 25 model 68 stepping 1 microcode 0xa404101, cx8, cmov, fxsr, ht, mmx, 3dnowpref, sse, sse2, sse3, ssse3, sse4a, sse4.1, sse4.2, popcnt, lzcnt, tsc, tscinvbit, avx, avx2, aes, clmul, bmi1, bmi2, adx, sha, fma, vzeroupper, clflush, clflushopt, rdtscp, rdpid, f16c, pku, ospke, cet_ss
CPU Model and flags from /proc/cpuinfo:
model name	: AMD Ryzen 9 6900HS with Radeon Graphics
flags		: fpu vme de pse tsc msr pae mce cx8 apic sep mtrr pge mca cmov pat pse36 clflush mmx fxsr sse sse2 ht syscall nx mmxext fxsr_opt pdpe1gb rdtscp lm constant_tsc rep_good nopl nonstop_tsc cpuid extd_apicid aperfmperf rapl pni pclmulqdq monitor ssse3 fma cx16 sse4_1 sse4_2 x2apic movbe popcnt aes xsave avx f16c rdrand lahf_lm cmp_legacy svm extapic cr8_legacy abm sse4a misalignsse 3dnowprefetch osvw ibs skinit wdt tce topoext perfctr_core perfctr_nb bpext perfctr_llc mwaitx cpb cat_l3 cdp_l3 hw_pstate ssbd mba ibrs ibpb stibp vmmcall fsgsbase bmi1 avx2 smep bmi2 invpcid cqm rdt_a rdseed adx smap clflushopt clwb sha_ni xsaveopt xsavec xgetbv1 xsaves cqm_llc cqm_occup_llc cqm_mbm_total cqm_mbm_local user_shstk clzero irperf xsaveerptr rdpru wbnoinvd cppc arat npt lbrv svm_lock nrip_save tsc_scale vmcb_clean flushbyasid decodeassists pausefilter pfthreshold avic v_vmsave_vmload vgif v_spec_ctrl umip pku ospke vaes vpclmulqdq rdpid overflow_recov succor smca debug_swap

Online cpus: 0-15
Offline cpus: 
BIOS frequency limitation: <Not Available>
Frequency switch latency (ns): 0
Available cpu frequencies: <Not Available>
Current governor: powersave
Core performance/turbo boost: <Not Available>

Memory: 4k page, physical 32074664k(23657712k free), swap 2097148k(2097148k free)
Page Sizes: 4k

vm_info: Java HotSpot(TM) 64-Bit Server VM (22.0.2+9-70) for linux-amd64 JRE (22.0.2+9-70), built on 2024-06-04T16:52:23Z by "mach5one" with gcc 13.2.0

END.
