#
# A fatal error has been detected by the Java Runtime Environment:
#
#  SIGSEGV (0xb) at pc=0x00007083c70d1bb8, pid=11232, tid=11237
#
# JRE version: Java(TM) SE Runtime Environment (22.0.2+9) (build 22.0.2+9-70)
# Java VM: Java HotSpot(TM) 64-Bit Server VM (22.0.2+9-70, mixed mode, sharing, tiered, compressed oops, compressed class ptrs, g1 gc, linux-amd64)
# Problematic frame:
# C  [libcublas.so.10+0xd1bb8]
#
# Core dump will be written. Default location: Core dumps may be processed with "/usr/share/apport/apport -p%p -s%s -c%c -d%d -P%P -u%u -g%g -- %E" (or dumping to /home/edov/projects/JCudaWrapper/core.11232)
#
# If you would like to submit a bug report, please visit:
#   https://bugreport.java.com/bugreport/crash.jsp
# The crash happened outside the Java Virtual Machine in native code.
# See problematic frame for where to report the bug.
#

---------------  S U M M A R Y ------------

Command Line: -Dfile.encoding=UTF-8 --module-path=/home/edov/projects/JCudaWrapper/build/classes main.VectorTest

Host: AMD Ryzen 9 6900HS with Radeon Graphics, 16 cores, 30G, Ubuntu 24.04.1 LTS
Time: Tue Sep 17 08:53:15 2024 IDT elapsed time: 0.543189 seconds (0d 0h 0m 0s)

---------------  T H R E A D  ---------------

Current thread (0x00007084ac02d4c0):  JavaThread "main"             [_thread_in_native, id=11237, stack(0x00007084b2300000,0x00007084b2400000) (1024K)]

Stack: [0x00007084b2300000,0x00007084b2400000],  sp=0x00007084b23fe300,  free space=1016k
Native frames: (J=compiled Java code, j=interpreted, Vv=VM code, C=native code)
C  [libcublas.so.10+0xd1bb8]
Java frames: (J=compiled Java code, j=interpreted, Vv=VM code)
j  jcuda.jcublas.JCublas2.cublasDnrm2Native(Ljcuda/jcublas/cublasHandle;ILjcuda/Pointer;ILjcuda/Pointer;)I+0
j  jcuda.jcublas.JCublas2.cublasDnrm2(Ljcuda/jcublas/cublasHandle;ILjcuda/Pointer;ILjcuda/Pointer;)I+6
j  storage.DArray.norm(LprocessSupport/Handle;IILstorage/DSingleton;)Lstorage/DSingleton;+31
j  storage.DArray.norm(LprocessSupport/Handle;II)D+11
j  algebra.Vector.getNorm()D+16
j  algebra.Vector.equals(Lalgebra/Vector;D)Z+5
j  algebra.Vector.equals(Lalgebra/Vector;)Z+5
j  main.VectorTest.main([Ljava/lang/String;)V+147
v  ~StubRoutines::call_stub 0x000070849c05fcc6

siginfo: si_signo: 11 (SIGSEGV), si_code: 2 (SEGV_ACCERR), si_addr: 0x000070837ce21000

Registers:
RAX=0x0000000000000000, RBX=0x0000000000000001, RCX=0x0000000000000001, RDX=0x0000000000000007
RSP=0x00007084b23fe300, RBP=0x0000000000000006, RSI=0x0000000000000006, RDI=0x0000708383e26b00
R8 =0x000070837ce21000, R9 =0x0000000634ce5210, R10=0x00007083c7004380, R11=0x00007083c70cb5b0
R12=0x0000708383e26b00, R13=0x0000000000000001, R14=0x000070837ce21000, R15=0x000070837ce20e00
RIP=0x00007083c70d1bb8, EFLAGS=0x0000000000010206, CSGSFS=0x002b000000000033, ERR=0x0000000000000006
  TRAPNO=0x000000000000000e


Register to memory mapping:

RAX=0x0 is null
RBX=0x0000000000000001 is an unknown value
RCX=0x0000000000000001 is an unknown value
RDX=0x0000000000000007 is an unknown value
RSP=0x00007084b23fe300 is pointing into the stack for thread: 0x00007084ac02d4c0
RBP=0x0000000000000006 is an unknown value
RSI=0x0000000000000006 is an unknown value
RDI=0x0000708383e26b00 points into unknown readable memory: 0x7fffffff00000200 | 00 02 00 00 ff ff ff 7f
R8 =0x000070837ce21000 is an unknown value
R9 =0x0000000634ce5210 is an oop: jcuda.driver.CUdeviceptr 
{0x0000000634ce5210} - klass: 'jcuda/driver/CUdeviceptr'
 - ---- fields (total size 5 words):
 - private 'nativePointer' 'J' @16  123710038216704 (0x000070837ce21000)
 - private 'buffer' 'Ljava/nio/Buffer;' @12  null (0x00000000)
 - private 'byteOffset' 'J' @24  0 (0x0000000000000000)
 - private 'pointers' '[Ljcuda/NativePointerObject;' @32  null (0x00000000)
R10=0x00007083c7004380: <offset 0x0000000000004380> in /lib/x86_64-linux-gnu/libcublas.so.10 at 0x00007083c7000000
R11=0x00007083c70cb5b0: cublasDnrm2_v2+0x0000000000000000 in /lib/x86_64-linux-gnu/libcublas.so.10 at 0x00007083c7000000
R12=0x0000708383e26b00 points into unknown readable memory: 0x7fffffff00000200 | 00 02 00 00 ff ff ff 7f
R13=0x0000000000000001 is an unknown value
R14=0x000070837ce21000 is an unknown value
R15=0x000070837ce20e00 is an unknown value

Top of Stack: (sp=0x00007084b23fe300)
0x00007084b23fe300:   636170612f67726f 0000000000000000
0x00007084b23fe310:   70612f67726f4c28 000070837ce20e00
0x00007084b23fe320:   2020202020202020 0000000000000000
0x00007084b23fe330:   0000000000000000 0000000000000000
0x00007084b23fe340:   0000000000000000 0000000000000000
0x00007084b23fe350:   0000000000000000 0000000000000000
0x00007084b23fe360:   000070847fbe8680 00000006ac02e050
0x00007084b23fe370:   00007084b23fe3a0 00007084b30d14d8
0x00007084b23fe380:   00007084ac145460 f3ebfa00e0db7900
0x00007084b23fe390:   0000000000000001 00007084b23fe668
0x00007084b23fe3a0:   000070837ce21000 00007084ac02d880
0x00007084b23fe3b0:   00007084b23fe658 0000000634ce5210
0x00007084b23fe3c0:   0000000000000002 8000000000000006
0x00007084b23fe3d0:   0000000000000000 0000000000000000
0x00007084b23fe3e0:   0000000000000000 0000000000000000
0x00007084b23fe3f0:   0000000000000000 0000000000000000
0x00007084b23fe400:   00007084ac02e128 000070837969f7b0
0x00007084b23fe410:   0000000000000000 000070842040a588
0x00007084b23fe420:   00007084b23fe440 000070847fbc8fc5
0x00007084b23fe430:   00007084b23fe648 000070842040a588
0x00007084b23fe440:   00007084b23fe5a0 0000000000000000
0x00007084b23fe450:   000070842040a588 00007084b23fe668
0x00007084b23fe460:   000070837ce20e00 00007083c70cb5fe
0x00007084b23fe470:   00007084b23fe4a0 0000708383e26b00
0x00007084b23fe480:   00007084b23fe4a0 000070837ce21000
0x00007084b23fe490:   0000000600000001 0000708383e26b00
0x00007084b23fe4a0:   00007084b23fe520 000070847fbc9ac8
0x00007084b23fe4b0:   00007084b23fe648 00007084ac02d880
0x00007084b23fe4c0:   00007084ac02d400 0000010000000062
0x00007084b23fe4d0:   00007084b23fe658 00007084ac02d880
0x00007084b23fe4e0:   0000000000000000 000070847fbc9dc5
0x00007084b23fe4f0:   0000000000000000 000070842040a588 

Instructions: (pc=0x00007083c70d1bb8)
0x00007083c70d1ab8:   ff 4c 8b 8c 24 18 01 00 00 48 8b b4 24 c0 00 00
0x00007083c70d1ac8:   00 48 89 ef 8b 94 24 c8 00 00 00 48 8b 8c 24 b0
0x00007083c70d1ad8:   00 00 00 44 8b 84 24 b8 00 00 00 4c 8b 9c 24 10
0x00007083c70d1ae8:   01 00 00 4c 89 0c 24 4c 8d 8c 24 20 01 00 00 48
0x00007083c70d1af8:   89 b4 24 90 00 00 00 89 94 24 98 00 00 00 48 89
0x00007083c70d1b08:   8c 24 a0 00 00 00 44 89 84 24 a8 00 00 00 4c 89
0x00007083c70d1b18:   5c 24 08 e8 80 bb 50 00 e9 6d fe ff ff 48 03 9c
0x00007083c70d1b28:   24 28 01 00 00 4d 8b 44 24 48 b9 03 00 00 00 ba
0x00007083c70d1b38:   08 00 00 00 4c 89 f7 48 89 de e8 f9 e5 50 00 e9
0x00007083c70d1b48:   9a fe ff ff 90 90 90 90 48 89 6c 24 d8 4c 89 64
0x00007083c70d1b58:   24 e0 89 f5 4c 89 6c 24 e8 4c 89 74 24 f0 49 89
0x00007083c70d1b68:   fc 48 89 5c 24 d0 4c 89 7c 24 f8 48 81 ec 68 01
0x00007083c70d1b78:   00 00 48 85 ff 48 89 54 24 18 41 89 cd 4d 89 c6
0x00007083c70d1b88:   0f 84 85 01 00 00 8b 5f 38 85 db 0f 84 7a 01 00
0x00007083c70d1b98:   00 4d 85 c0 ba 07 00 00 00 0f 84 ff 00 00 00 8b
0x00007083c70d1ba8:   47 50 85 c0 89 44 24 2c 0f 85 2a 01 00 00 85 f6
0x00007083c70d1bb8:   49 c7 00 00 00 00 00 0f 8e 4a 01 00 00 85 c9 0f
0x00007083c70d1bc8:   8e 42 01 00 00 48 8b 35 94 83 bd 04 31 c9 4c 89
0x00007083c70d1bd8:   e7 48 89 f2 48 89 74 24 10 be 80 00 00 00 e8 d5
0x00007083c70d1be8:   39 fe ff 85 c0 ba 0d 00 00 00 0f 8e ae 00 00 00
0x00007083c70d1bf8:   39 e8 41 89 ef 49 8d 54 24 78 44 0f 4e f8 42 8d
0x00007083c70d1c08:   1c fd 08 00 00 00 48 89 d7 48 89 54 24 20 e8 75
0x00007083c70d1c18:   88 f5 ff 39 c3 0f 8f ca 01 00 00 48 8b 7c 24 20
0x00007083c70d1c28:   48 8d b4 24 28 01 00 00 89 da e8 79 91 f5 ff 85
0x00007083c70d1c38:   c0 89 c2 75 69 48 63 d3 48 c7 44 24 70 00 00 00
0x00007083c70d1c48:   00 48 c7 44 24 78 00 00 00 00 48 81 fa ff ff 00
0x00007083c70d1c58:   00 48 c7 84 24 80 00 00 00 00 00 00 00 48 c7 84
0x00007083c70d1c68:   24 88 00 00 00 00 00 00 00 49 8b 4c 24 48 48 8b
0x00007083c70d1c78:   bc 24 28 01 00 00 0f 87 9c 00 00 00 49 8d b4 24
0x00007083c70d1c88:   d8 00 00 00 49 89 c8 b9 01 00 00 00 e8 a7 e4 50
0x00007083c70d1c98:   00 85 c0 0f 84 8e 00 00 00 ba 0e 00 00 00 48 8b
0x00007083c70d1ca8:   9c 24 38 01 00 00 48 8b ac 24 40 01 00 00 89 d0 


Stack slot to memory mapping:

stack at sp + 0 slots: 0x636170612f67726f is an unknown value
stack at sp + 1 slots: 0x0 is null
stack at sp + 2 slots: 0x70612f67726f4c28 is an unknown value
stack at sp + 3 slots: 0x000070837ce20e00 is an unknown value
stack at sp + 4 slots: 0x2020202020202020 is an unknown value
stack at sp + 5 slots: 0x0 is null
stack at sp + 6 slots: 0x0 is null
stack at sp + 7 slots: 0x0 is null


---------------  P R O C E S S  ---------------

Threads class SMR info:
_java_thread_list=0x0000708379692d90, length=14, elements={
0x00007084ac02d4c0, 0x00007084ac14c560, 0x00007084ac14dbb0, 0x00007084ac14f690,
0x00007084ac150cd0, 0x00007084ac152270, 0x00007084ac153e10, 0x00007084ac155520,
0x00007084ac174c40, 0x00007083f0027f60, 0x00007083f0039450, 0x00007083f003a700,
0x00007084ac1b8560, 0x0000708379693260
}

Java Threads: ( => current thread )
=>0x00007084ac02d4c0 JavaThread "main"                              [_thread_in_native, id=11237, stack(0x00007084b2300000,0x00007084b2400000) (1024K)]
  0x00007084ac14c560 JavaThread "Reference Handler"          daemon [_thread_blocked, id=11245, stack(0x0000708488900000,0x0000708488a00000) (1024K)]
  0x00007084ac14dbb0 JavaThread "Finalizer"                  daemon [_thread_blocked, id=11246, stack(0x0000708488800000,0x0000708488900000) (1024K)]
  0x00007084ac14f690 JavaThread "Signal Dispatcher"          daemon [_thread_blocked, id=11247, stack(0x0000708488700000,0x0000708488800000) (1024K)]
  0x00007084ac150cd0 JavaThread "Service Thread"             daemon [_thread_blocked, id=11248, stack(0x0000708488600000,0x0000708488700000) (1024K)]
  0x00007084ac152270 JavaThread "Monitor Deflation Thread"   daemon [_thread_blocked, id=11249, stack(0x0000708488500000,0x0000708488600000) (1024K)]
  0x00007084ac153e10 JavaThread "C2 CompilerThread0"         daemon [_thread_blocked, id=11250, stack(0x0000708488400000,0x0000708488500000) (1024K)]
  0x00007084ac155520 JavaThread "C1 CompilerThread0"         daemon [_thread_blocked, id=11251, stack(0x0000708488300000,0x0000708488400000) (1024K)]
  0x00007084ac174c40 JavaThread "Common-Cleaner"             daemon [_thread_blocked, id=11252, stack(0x0000708488130000,0x0000708488230000) (1024K)]
  0x00007083f0027f60 JavaThread "C1 CompilerThread1"         daemon [_thread_blocked, id=11253, stack(0x0000708488030000,0x0000708488130000) (1024K)]
  0x00007083f0039450 JavaThread "C1 CompilerThread2"         daemon [_thread_blocked, id=11254, stack(0x000070847ff00000,0x0000708480000000) (1024K)]
  0x00007083f003a700 JavaThread "C1 CompilerThread3"         daemon [_thread_blocked, id=11255, stack(0x000070847fe00000,0x000070847ff00000) (1024K)]
  0x00007084ac1b8560 JavaThread "Notification Thread"        daemon [_thread_blocked, id=11257, stack(0x000070847fc00000,0x000070847fd00000) (1024K)]
  0x0000708379693260 JavaThread "pool-1-thread-1"            daemon [_thread_blocked, id=11261, stack(0x000070847fd00000,0x000070847fe00000) (1024K)]
Total: 14

Other Threads:
  0x00007084ac13ee20 VMThread "VM Thread"                           [id=11244, stack(0x0000708488ff1000,0x00007084890f1000) (1024K)]
  0x00007084ac124940 WatcherThread "VM Periodic Task Thread"        [id=11243, stack(0x00007084890f2000,0x00007084891f2000) (1024K)]
  0x00007084ac058c90 WorkerThread "GC Thread#0"                     [id=11238, stack(0x00007084b0300000,0x00007084b0400000) (1024K)]
  0x00007084ac069790 ConcurrentGCThread "G1 Main Marker"            [id=11239, stack(0x00007084b01ff000,0x00007084b02ff000) (1024K)]
  0x00007084ac06a730 WorkerThread "G1 Conc#0"                       [id=11240, stack(0x00007084b00fe000,0x00007084b01fe000) (1024K)]
  0x00007084ac112270 ConcurrentGCThread "G1 Refine#0"               [id=11241, stack(0x00007084892f4000,0x00007084893f4000) (1024K)]
  0x00007084ac113230 ConcurrentGCThread "G1 Service"                [id=11242, stack(0x00007084891f3000,0x00007084892f3000) (1024K)]
Total: 7

Threads with active compile tasks:
Total: 0

VM state: not at safepoint (normal execution)

VM Mutex/Monitor currently owned by a thread: None

Heap address: 0x0000000616800000, size: 7832 MB, Compressed Oops mode: Zero based, Oop shift amount: 3

CDS archive(s) mapped at: [0x000070842a000000-0x000070842ac7a000-0x000070842ac7a000), size 13082624, SharedBaseAddress: 0x000070842a000000, ArchiveRelocationMode: 1.
Compressed class space mapped at: 0x000070842b000000-0x000070846b000000, reserved size: 1073741824
Narrow klass base: 0x000070842a000000, Narrow klass shift: 0, Narrow klass range: 0x100000000

GC Precious Log:
 CardTable entry size: 512
 Card Set container configuration: InlinePtr #cards 4 size 8 Array Of Cards #cards 32 size 80 Howl #buckets 8 coarsen threshold 7372 Howl Bitmap #cards 1024 size 144 coarsen threshold 921 Card regions per heap region 1 cards per card region 8192
 CPUs: 16 total, 16 available
 Memory: 31322M
 Large Page Support: Disabled
 NUMA Support: Disabled
 Compressed Oops: Enabled (Zero based)
 Heap Region Size: 4M
 Heap Min Capacity: 8M
 Heap Initial Capacity: 492M
 Heap Max Capacity: 7832M
 Pre-touch: Disabled
 Parallel Workers: 13
 Concurrent Workers: 3
 Concurrent Refinement Workers: 13
 Periodic GC: Disabled

Heap:
 garbage-first heap   total reserved 8019968K, committed 507904K, used 5155K [0x0000000616800000, 0x0000000800000000)
  region size 4096K, 2 young (8192K), 0 survivors (0K)
 Metaspace       used 1223K, committed 1344K, reserved 1114112K
  class space    used 93K, committed 128K, reserved 1048576K

Heap Regions: E=young(eden), S=young(survivor), O=old, HS=humongous(starts), HC=humongous(continues), CS=collection set, F=free, TAMS=top-at-mark-start, PB=parsable bottom
|   0|0x0000000616800000, 0x0000000616800000, 0x0000000616c00000|  0%| F|  |TAMS 0x0000000616800000| PB 0x0000000616800000| Untracked |  0
|   1|0x0000000616c00000, 0x0000000616c00000, 0x0000000617000000|  0%| F|  |TAMS 0x0000000616c00000| PB 0x0000000616c00000| Untracked |  0
|   2|0x0000000617000000, 0x0000000617000000, 0x0000000617400000|  0%| F|  |TAMS 0x0000000617000000| PB 0x0000000617000000| Untracked |  0
|   3|0x0000000617400000, 0x0000000617400000, 0x0000000617800000|  0%| F|  |TAMS 0x0000000617400000| PB 0x0000000617400000| Untracked |  0
|   4|0x0000000617800000, 0x0000000617800000, 0x0000000617c00000|  0%| F|  |TAMS 0x0000000617800000| PB 0x0000000617800000| Untracked |  0
|   5|0x0000000617c00000, 0x0000000617c00000, 0x0000000618000000|  0%| F|  |TAMS 0x0000000617c00000| PB 0x0000000617c00000| Untracked |  0
|   6|0x0000000618000000, 0x0000000618000000, 0x0000000618400000|  0%| F|  |TAMS 0x0000000618000000| PB 0x0000000618000000| Untracked |  0
|   7|0x0000000618400000, 0x0000000618400000, 0x0000000618800000|  0%| F|  |TAMS 0x0000000618400000| PB 0x0000000618400000| Untracked |  0
|   8|0x0000000618800000, 0x0000000618800000, 0x0000000618c00000|  0%| F|  |TAMS 0x0000000618800000| PB 0x0000000618800000| Untracked |  0
|   9|0x0000000618c00000, 0x0000000618c00000, 0x0000000619000000|  0%| F|  |TAMS 0x0000000618c00000| PB 0x0000000618c00000| Untracked |  0
|  10|0x0000000619000000, 0x0000000619000000, 0x0000000619400000|  0%| F|  |TAMS 0x0000000619000000| PB 0x0000000619000000| Untracked |  0
|  11|0x0000000619400000, 0x0000000619400000, 0x0000000619800000|  0%| F|  |TAMS 0x0000000619400000| PB 0x0000000619400000| Untracked |  0
|  12|0x0000000619800000, 0x0000000619800000, 0x0000000619c00000|  0%| F|  |TAMS 0x0000000619800000| PB 0x0000000619800000| Untracked |  0
|  13|0x0000000619c00000, 0x0000000619c00000, 0x000000061a000000|  0%| F|  |TAMS 0x0000000619c00000| PB 0x0000000619c00000| Untracked |  0
|  14|0x000000061a000000, 0x000000061a000000, 0x000000061a400000|  0%| F|  |TAMS 0x000000061a000000| PB 0x000000061a000000| Untracked |  0
|  15|0x000000061a400000, 0x000000061a400000, 0x000000061a800000|  0%| F|  |TAMS 0x000000061a400000| PB 0x000000061a400000| Untracked |  0
|  16|0x000000061a800000, 0x000000061a800000, 0x000000061ac00000|  0%| F|  |TAMS 0x000000061a800000| PB 0x000000061a800000| Untracked |  0
|  17|0x000000061ac00000, 0x000000061ac00000, 0x000000061b000000|  0%| F|  |TAMS 0x000000061ac00000| PB 0x000000061ac00000| Untracked |  0
|  18|0x000000061b000000, 0x000000061b000000, 0x000000061b400000|  0%| F|  |TAMS 0x000000061b000000| PB 0x000000061b000000| Untracked |  0
|  19|0x000000061b400000, 0x000000061b400000, 0x000000061b800000|  0%| F|  |TAMS 0x000000061b400000| PB 0x000000061b400000| Untracked |  0
|  20|0x000000061b800000, 0x000000061b800000, 0x000000061bc00000|  0%| F|  |TAMS 0x000000061b800000| PB 0x000000061b800000| Untracked |  0
|  21|0x000000061bc00000, 0x000000061bc00000, 0x000000061c000000|  0%| F|  |TAMS 0x000000061bc00000| PB 0x000000061bc00000| Untracked |  0
|  22|0x000000061c000000, 0x000000061c000000, 0x000000061c400000|  0%| F|  |TAMS 0x000000061c000000| PB 0x000000061c000000| Untracked |  0
|  23|0x000000061c400000, 0x000000061c400000, 0x000000061c800000|  0%| F|  |TAMS 0x000000061c400000| PB 0x000000061c400000| Untracked |  0
|  24|0x000000061c800000, 0x000000061c800000, 0x000000061cc00000|  0%| F|  |TAMS 0x000000061c800000| PB 0x000000061c800000| Untracked |  0
|  25|0x000000061cc00000, 0x000000061cc00000, 0x000000061d000000|  0%| F|  |TAMS 0x000000061cc00000| PB 0x000000061cc00000| Untracked |  0
|  26|0x000000061d000000, 0x000000061d000000, 0x000000061d400000|  0%| F|  |TAMS 0x000000061d000000| PB 0x000000061d000000| Untracked |  0
|  27|0x000000061d400000, 0x000000061d400000, 0x000000061d800000|  0%| F|  |TAMS 0x000000061d400000| PB 0x000000061d400000| Untracked |  0
|  28|0x000000061d800000, 0x000000061d800000, 0x000000061dc00000|  0%| F|  |TAMS 0x000000061d800000| PB 0x000000061d800000| Untracked |  0
|  29|0x000000061dc00000, 0x000000061dc00000, 0x000000061e000000|  0%| F|  |TAMS 0x000000061dc00000| PB 0x000000061dc00000| Untracked |  0
|  30|0x000000061e000000, 0x000000061e000000, 0x000000061e400000|  0%| F|  |TAMS 0x000000061e000000| PB 0x000000061e000000| Untracked |  0
|  31|0x000000061e400000, 0x000000061e400000, 0x000000061e800000|  0%| F|  |TAMS 0x000000061e400000| PB 0x000000061e400000| Untracked |  0
|  32|0x000000061e800000, 0x000000061e800000, 0x000000061ec00000|  0%| F|  |TAMS 0x000000061e800000| PB 0x000000061e800000| Untracked |  0
|  33|0x000000061ec00000, 0x000000061ec00000, 0x000000061f000000|  0%| F|  |TAMS 0x000000061ec00000| PB 0x000000061ec00000| Untracked |  0
|  34|0x000000061f000000, 0x000000061f000000, 0x000000061f400000|  0%| F|  |TAMS 0x000000061f000000| PB 0x000000061f000000| Untracked |  0
|  35|0x000000061f400000, 0x000000061f400000, 0x000000061f800000|  0%| F|  |TAMS 0x000000061f400000| PB 0x000000061f400000| Untracked |  0
|  36|0x000000061f800000, 0x000000061f800000, 0x000000061fc00000|  0%| F|  |TAMS 0x000000061f800000| PB 0x000000061f800000| Untracked |  0
|  37|0x000000061fc00000, 0x000000061fc00000, 0x0000000620000000|  0%| F|  |TAMS 0x000000061fc00000| PB 0x000000061fc00000| Untracked |  0
|  38|0x0000000620000000, 0x0000000620000000, 0x0000000620400000|  0%| F|  |TAMS 0x0000000620000000| PB 0x0000000620000000| Untracked |  0
|  39|0x0000000620400000, 0x0000000620400000, 0x0000000620800000|  0%| F|  |TAMS 0x0000000620400000| PB 0x0000000620400000| Untracked |  0
|  40|0x0000000620800000, 0x0000000620800000, 0x0000000620c00000|  0%| F|  |TAMS 0x0000000620800000| PB 0x0000000620800000| Untracked |  0
|  41|0x0000000620c00000, 0x0000000620c00000, 0x0000000621000000|  0%| F|  |TAMS 0x0000000620c00000| PB 0x0000000620c00000| Untracked |  0
|  42|0x0000000621000000, 0x0000000621000000, 0x0000000621400000|  0%| F|  |TAMS 0x0000000621000000| PB 0x0000000621000000| Untracked |  0
|  43|0x0000000621400000, 0x0000000621400000, 0x0000000621800000|  0%| F|  |TAMS 0x0000000621400000| PB 0x0000000621400000| Untracked |  0
|  44|0x0000000621800000, 0x0000000621800000, 0x0000000621c00000|  0%| F|  |TAMS 0x0000000621800000| PB 0x0000000621800000| Untracked |  0
|  45|0x0000000621c00000, 0x0000000621c00000, 0x0000000622000000|  0%| F|  |TAMS 0x0000000621c00000| PB 0x0000000621c00000| Untracked |  0
|  46|0x0000000622000000, 0x0000000622000000, 0x0000000622400000|  0%| F|  |TAMS 0x0000000622000000| PB 0x0000000622000000| Untracked |  0
|  47|0x0000000622400000, 0x0000000622400000, 0x0000000622800000|  0%| F|  |TAMS 0x0000000622400000| PB 0x0000000622400000| Untracked |  0
|  48|0x0000000622800000, 0x0000000622800000, 0x0000000622c00000|  0%| F|  |TAMS 0x0000000622800000| PB 0x0000000622800000| Untracked |  0
|  49|0x0000000622c00000, 0x0000000622c00000, 0x0000000623000000|  0%| F|  |TAMS 0x0000000622c00000| PB 0x0000000622c00000| Untracked |  0
|  50|0x0000000623000000, 0x0000000623000000, 0x0000000623400000|  0%| F|  |TAMS 0x0000000623000000| PB 0x0000000623000000| Untracked |  0
|  51|0x0000000623400000, 0x0000000623400000, 0x0000000623800000|  0%| F|  |TAMS 0x0000000623400000| PB 0x0000000623400000| Untracked |  0
|  52|0x0000000623800000, 0x0000000623800000, 0x0000000623c00000|  0%| F|  |TAMS 0x0000000623800000| PB 0x0000000623800000| Untracked |  0
|  53|0x0000000623c00000, 0x0000000623c00000, 0x0000000624000000|  0%| F|  |TAMS 0x0000000623c00000| PB 0x0000000623c00000| Untracked |  0
|  54|0x0000000624000000, 0x0000000624000000, 0x0000000624400000|  0%| F|  |TAMS 0x0000000624000000| PB 0x0000000624000000| Untracked |  0
|  55|0x0000000624400000, 0x0000000624400000, 0x0000000624800000|  0%| F|  |TAMS 0x0000000624400000| PB 0x0000000624400000| Untracked |  0
|  56|0x0000000624800000, 0x0000000624800000, 0x0000000624c00000|  0%| F|  |TAMS 0x0000000624800000| PB 0x0000000624800000| Untracked |  0
|  57|0x0000000624c00000, 0x0000000624c00000, 0x0000000625000000|  0%| F|  |TAMS 0x0000000624c00000| PB 0x0000000624c00000| Untracked |  0
|  58|0x0000000625000000, 0x0000000625000000, 0x0000000625400000|  0%| F|  |TAMS 0x0000000625000000| PB 0x0000000625000000| Untracked |  0
|  59|0x0000000625400000, 0x0000000625400000, 0x0000000625800000|  0%| F|  |TAMS 0x0000000625400000| PB 0x0000000625400000| Untracked |  0
|  60|0x0000000625800000, 0x0000000625800000, 0x0000000625c00000|  0%| F|  |TAMS 0x0000000625800000| PB 0x0000000625800000| Untracked |  0
|  61|0x0000000625c00000, 0x0000000625c00000, 0x0000000626000000|  0%| F|  |TAMS 0x0000000625c00000| PB 0x0000000625c00000| Untracked |  0
|  62|0x0000000626000000, 0x0000000626000000, 0x0000000626400000|  0%| F|  |TAMS 0x0000000626000000| PB 0x0000000626000000| Untracked |  0
|  63|0x0000000626400000, 0x0000000626400000, 0x0000000626800000|  0%| F|  |TAMS 0x0000000626400000| PB 0x0000000626400000| Untracked |  0
|  64|0x0000000626800000, 0x0000000626800000, 0x0000000626c00000|  0%| F|  |TAMS 0x0000000626800000| PB 0x0000000626800000| Untracked |  0
|  65|0x0000000626c00000, 0x0000000626c00000, 0x0000000627000000|  0%| F|  |TAMS 0x0000000626c00000| PB 0x0000000626c00000| Untracked |  0
|  66|0x0000000627000000, 0x0000000627000000, 0x0000000627400000|  0%| F|  |TAMS 0x0000000627000000| PB 0x0000000627000000| Untracked |  0
|  67|0x0000000627400000, 0x0000000627400000, 0x0000000627800000|  0%| F|  |TAMS 0x0000000627400000| PB 0x0000000627400000| Untracked |  0
|  68|0x0000000627800000, 0x0000000627800000, 0x0000000627c00000|  0%| F|  |TAMS 0x0000000627800000| PB 0x0000000627800000| Untracked |  0
|  69|0x0000000627c00000, 0x0000000627c00000, 0x0000000628000000|  0%| F|  |TAMS 0x0000000627c00000| PB 0x0000000627c00000| Untracked |  0
|  70|0x0000000628000000, 0x0000000628000000, 0x0000000628400000|  0%| F|  |TAMS 0x0000000628000000| PB 0x0000000628000000| Untracked |  0
|  71|0x0000000628400000, 0x0000000628400000, 0x0000000628800000|  0%| F|  |TAMS 0x0000000628400000| PB 0x0000000628400000| Untracked |  0
|  72|0x0000000628800000, 0x0000000628800000, 0x0000000628c00000|  0%| F|  |TAMS 0x0000000628800000| PB 0x0000000628800000| Untracked |  0
|  73|0x0000000628c00000, 0x0000000628c00000, 0x0000000629000000|  0%| F|  |TAMS 0x0000000628c00000| PB 0x0000000628c00000| Untracked |  0
|  74|0x0000000629000000, 0x0000000629000000, 0x0000000629400000|  0%| F|  |TAMS 0x0000000629000000| PB 0x0000000629000000| Untracked |  0
|  75|0x0000000629400000, 0x0000000629400000, 0x0000000629800000|  0%| F|  |TAMS 0x0000000629400000| PB 0x0000000629400000| Untracked |  0
|  76|0x0000000629800000, 0x0000000629800000, 0x0000000629c00000|  0%| F|  |TAMS 0x0000000629800000| PB 0x0000000629800000| Untracked |  0
|  77|0x0000000629c00000, 0x0000000629c00000, 0x000000062a000000|  0%| F|  |TAMS 0x0000000629c00000| PB 0x0000000629c00000| Untracked |  0
|  78|0x000000062a000000, 0x000000062a000000, 0x000000062a400000|  0%| F|  |TAMS 0x000000062a000000| PB 0x000000062a000000| Untracked |  0
|  79|0x000000062a400000, 0x000000062a400000, 0x000000062a800000|  0%| F|  |TAMS 0x000000062a400000| PB 0x000000062a400000| Untracked |  0
|  80|0x000000062a800000, 0x000000062a800000, 0x000000062ac00000|  0%| F|  |TAMS 0x000000062a800000| PB 0x000000062a800000| Untracked |  0
|  81|0x000000062ac00000, 0x000000062ac00000, 0x000000062b000000|  0%| F|  |TAMS 0x000000062ac00000| PB 0x000000062ac00000| Untracked |  0
|  82|0x000000062b000000, 0x000000062b000000, 0x000000062b400000|  0%| F|  |TAMS 0x000000062b000000| PB 0x000000062b000000| Untracked |  0
|  83|0x000000062b400000, 0x000000062b400000, 0x000000062b800000|  0%| F|  |TAMS 0x000000062b400000| PB 0x000000062b400000| Untracked |  0
|  84|0x000000062b800000, 0x000000062b800000, 0x000000062bc00000|  0%| F|  |TAMS 0x000000062b800000| PB 0x000000062b800000| Untracked |  0
|  85|0x000000062bc00000, 0x000000062bc00000, 0x000000062c000000|  0%| F|  |TAMS 0x000000062bc00000| PB 0x000000062bc00000| Untracked |  0
|  86|0x000000062c000000, 0x000000062c000000, 0x000000062c400000|  0%| F|  |TAMS 0x000000062c000000| PB 0x000000062c000000| Untracked |  0
|  87|0x000000062c400000, 0x000000062c400000, 0x000000062c800000|  0%| F|  |TAMS 0x000000062c400000| PB 0x000000062c400000| Untracked |  0
|  88|0x000000062c800000, 0x000000062c800000, 0x000000062cc00000|  0%| F|  |TAMS 0x000000062c800000| PB 0x000000062c800000| Untracked |  0
|  89|0x000000062cc00000, 0x000000062cc00000, 0x000000062d000000|  0%| F|  |TAMS 0x000000062cc00000| PB 0x000000062cc00000| Untracked |  0
|  90|0x000000062d000000, 0x000000062d000000, 0x000000062d400000|  0%| F|  |TAMS 0x000000062d000000| PB 0x000000062d000000| Untracked |  0
|  91|0x000000062d400000, 0x000000062d400000, 0x000000062d800000|  0%| F|  |TAMS 0x000000062d400000| PB 0x000000062d400000| Untracked |  0
|  92|0x000000062d800000, 0x000000062d800000, 0x000000062dc00000|  0%| F|  |TAMS 0x000000062d800000| PB 0x000000062d800000| Untracked |  0
|  93|0x000000062dc00000, 0x000000062dc00000, 0x000000062e000000|  0%| F|  |TAMS 0x000000062dc00000| PB 0x000000062dc00000| Untracked |  0
|  94|0x000000062e000000, 0x000000062e000000, 0x000000062e400000|  0%| F|  |TAMS 0x000000062e000000| PB 0x000000062e000000| Untracked |  0
|  95|0x000000062e400000, 0x000000062e400000, 0x000000062e800000|  0%| F|  |TAMS 0x000000062e400000| PB 0x000000062e400000| Untracked |  0
|  96|0x000000062e800000, 0x000000062e800000, 0x000000062ec00000|  0%| F|  |TAMS 0x000000062e800000| PB 0x000000062e800000| Untracked |  0
|  97|0x000000062ec00000, 0x000000062ec00000, 0x000000062f000000|  0%| F|  |TAMS 0x000000062ec00000| PB 0x000000062ec00000| Untracked |  0
|  98|0x000000062f000000, 0x000000062f000000, 0x000000062f400000|  0%| F|  |TAMS 0x000000062f000000| PB 0x000000062f000000| Untracked |  0
|  99|0x000000062f400000, 0x000000062f400000, 0x000000062f800000|  0%| F|  |TAMS 0x000000062f400000| PB 0x000000062f400000| Untracked |  0
| 100|0x000000062f800000, 0x000000062f800000, 0x000000062fc00000|  0%| F|  |TAMS 0x000000062f800000| PB 0x000000062f800000| Untracked |  0
| 101|0x000000062fc00000, 0x000000062fc00000, 0x0000000630000000|  0%| F|  |TAMS 0x000000062fc00000| PB 0x000000062fc00000| Untracked |  0
| 102|0x0000000630000000, 0x0000000630000000, 0x0000000630400000|  0%| F|  |TAMS 0x0000000630000000| PB 0x0000000630000000| Untracked |  0
| 103|0x0000000630400000, 0x0000000630400000, 0x0000000630800000|  0%| F|  |TAMS 0x0000000630400000| PB 0x0000000630400000| Untracked |  0
| 104|0x0000000630800000, 0x0000000630800000, 0x0000000630c00000|  0%| F|  |TAMS 0x0000000630800000| PB 0x0000000630800000| Untracked |  0
| 105|0x0000000630c00000, 0x0000000630c00000, 0x0000000631000000|  0%| F|  |TAMS 0x0000000630c00000| PB 0x0000000630c00000| Untracked |  0
| 106|0x0000000631000000, 0x0000000631000000, 0x0000000631400000|  0%| F|  |TAMS 0x0000000631000000| PB 0x0000000631000000| Untracked |  0
| 107|0x0000000631400000, 0x0000000631400000, 0x0000000631800000|  0%| F|  |TAMS 0x0000000631400000| PB 0x0000000631400000| Untracked |  0
| 108|0x0000000631800000, 0x0000000631800000, 0x0000000631c00000|  0%| F|  |TAMS 0x0000000631800000| PB 0x0000000631800000| Untracked |  0
| 109|0x0000000631c00000, 0x0000000631c00000, 0x0000000632000000|  0%| F|  |TAMS 0x0000000631c00000| PB 0x0000000631c00000| Untracked |  0
| 110|0x0000000632000000, 0x0000000632000000, 0x0000000632400000|  0%| F|  |TAMS 0x0000000632000000| PB 0x0000000632000000| Untracked |  0
| 111|0x0000000632400000, 0x0000000632400000, 0x0000000632800000|  0%| F|  |TAMS 0x0000000632400000| PB 0x0000000632400000| Untracked |  0
| 112|0x0000000632800000, 0x0000000632800000, 0x0000000632c00000|  0%| F|  |TAMS 0x0000000632800000| PB 0x0000000632800000| Untracked |  0
| 113|0x0000000632c00000, 0x0000000632c00000, 0x0000000633000000|  0%| F|  |TAMS 0x0000000632c00000| PB 0x0000000632c00000| Untracked |  0
| 114|0x0000000633000000, 0x0000000633000000, 0x0000000633400000|  0%| F|  |TAMS 0x0000000633000000| PB 0x0000000633000000| Untracked |  0
| 115|0x0000000633400000, 0x0000000633400000, 0x0000000633800000|  0%| F|  |TAMS 0x0000000633400000| PB 0x0000000633400000| Untracked |  0
| 116|0x0000000633800000, 0x0000000633800000, 0x0000000633c00000|  0%| F|  |TAMS 0x0000000633800000| PB 0x0000000633800000| Untracked |  0
| 117|0x0000000633c00000, 0x0000000633c00000, 0x0000000634000000|  0%| F|  |TAMS 0x0000000633c00000| PB 0x0000000633c00000| Untracked |  0
| 118|0x0000000634000000, 0x0000000634000000, 0x0000000634400000|  0%| F|  |TAMS 0x0000000634000000| PB 0x0000000634000000| Untracked |  0
| 119|0x0000000634400000, 0x0000000634400000, 0x0000000634800000|  0%| F|  |TAMS 0x0000000634400000| PB 0x0000000634400000| Untracked |  0
| 120|0x0000000634800000, 0x0000000634800000, 0x0000000634c00000|  0%| F|  |TAMS 0x0000000634800000| PB 0x0000000634800000| Untracked |  0
| 121|0x0000000634c00000, 0x0000000634cf7c50, 0x0000000635000000| 24%| E|  |TAMS 0x0000000634c00000| PB 0x0000000634c00000| Complete |  0
| 122|0x0000000635000000, 0x0000000635400000, 0x0000000635400000|100%| E|CS|TAMS 0x0000000635000000| PB 0x0000000635000000| Complete |  0
|1957|0x00000007ffc00000, 0x00000007ffd08c80, 0x0000000800000000| 25%| O|  |TAMS 0x00000007ffc00000| PB 0x00000007ffc00000| Untracked |  0

Card table byte_map: [0x0000708493c00000,0x0000708494b4c000] _byte_map_base: 0x0000708490b4c000

Marking Bits: (CMBitMap*) 0x00007084ac0597c0
 Bits: [0x000070848c000000, 0x0000708493a60000)

Polling page: 0x00007084b3cf3000

Metaspace:

Usage:
  Non-class:      1.10 MB used.
      Class:     93.09 KB used.
       Both:      1.20 MB used.

Virtual space:
  Non-class space:       64.00 MB reserved,       1.19 MB (  2%) committed,  1 nodes.
      Class space:        1.00 GB reserved,     128.00 KB ( <1%) committed,  1 nodes.
             Both:        1.06 GB reserved,       1.31 MB ( <1%) committed. 

Chunk freelists:
   Non-Class:  11.53 MB
       Class:  15.69 MB
        Both:  27.22 MB

MaxMetaspaceSize: unlimited
CompressedClassSpaceSize: 1.00 GB
Initial GC threshold: 21.00 MB
Current GC threshold: 21.00 MB
CDS: on
 - commit_granule_bytes: 65536.
 - commit_granule_words: 8192.
 - virtual_space_node_default_size: 8388608.
 - enlarge_chunks_in_place: 1.
 - use_allocation_guard: 0.


Internal statistics:

num_allocs_failed_limit: 0.
num_arena_births: 12.
num_arena_deaths: 0.
num_vsnodes_births: 2.
num_vsnodes_deaths: 0.
num_space_committed: 21.
num_space_uncommitted: 0.
num_chunks_returned_to_freelist: 0.
num_chunks_taken_from_freelist: 40.
num_chunk_merges: 0.
num_chunk_splits: 24.
num_chunks_enlarged: 20.
num_inconsistent_stats: 0.

CodeHeap 'non-profiled nmethods': size=119168Kb used=117Kb max_used=117Kb free=119050Kb
 bounds [0x000070849c7a0000, 0x000070849ca10000, 0x00007084a3c00000]
CodeHeap 'profiled nmethods': size=119164Kb used=547Kb max_used=547Kb free=118616Kb
 bounds [0x0000708494c00000, 0x0000708494e70000, 0x000070849c05f000]
CodeHeap 'non-nmethods': size=7428Kb used=3070Kb max_used=3084Kb free=4357Kb
 bounds [0x000070849c05f000, 0x000070849c36f000, 0x000070849c7a0000]
 total_blobs=917 nmethods=424 adapters=396
 compilation: enabled
              stopped_count=0, restarted_count=0
 full_count=0

Compilation events (20 events):
Event: 0.540 Thread 0x00007083f0027f60 nmethod 412 0x0000708494c84590 code [0x0000708494c84740, 0x0000708494c84948]
Event: 0.540 Thread 0x00007084ac153e10  414       4       java.util.concurrent.ConcurrentHashMap::tabAt (22 bytes)
Event: 0.540 Thread 0x00007083f003a700  417       3       java.lang.invoke.LambdaForm$BasicType::basicType (187 bytes)
Event: 0.540 Thread 0x00007084ac155520 nmethod 411 0x0000708494c84a90 code [0x0000708494c84c80, 0x0000708494c854d8]
Event: 0.541 Thread 0x00007083f003a700 nmethod 417 0x0000708494c85790 code [0x0000708494c85a20, 0x0000708494c864c8]
Event: 0.541 Thread 0x00007083f0027f60  418       3       java.lang.String::replace (42 bytes)
Event: 0.541 Thread 0x00007084ac153e10 nmethod 414 0x000070849c7bd110 code [0x000070849c7bd280, 0x000070849c7bd2f8]
Event: 0.541 Thread 0x00007083f0039450  419       1       java.lang.invoke.MethodTypeForm::basicType (5 bytes)
Event: 0.541 Thread 0x00007083f0039450 nmethod 419 0x000070849c7bd410 code [0x000070849c7bd5a0, 0x000070849c7bd668]
Event: 0.541 Thread 0x00007083f0027f60 nmethod 418 0x0000708494c86790 code [0x0000708494c86960, 0x0000708494c86c68]
Event: 0.541 Thread 0x00007084ac155520  420       3       jdk.internal.org.objectweb.asm.SymbolTable$Entry::<init> (17 bytes)
Event: 0.541 Thread 0x00007083f0039450  421       3       jdk.internal.org.objectweb.asm.SymbolTable::addConstantUtf8 (98 bytes)
Event: 0.541 Thread 0x00007083f0027f60  422       3       jdk.internal.org.objectweb.asm.ByteVector::putByte (39 bytes)
Event: 0.542 Thread 0x00007084ac155520 nmethod 420 0x0000708494c86d90 code [0x0000708494c86f20, 0x0000708494c870a0]
Event: 0.542 Thread 0x00007084ac155520  423       3       java.lang.reflect.Modifier::isPublic (12 bytes)
Event: 0.542 Thread 0x00007083f0027f60 nmethod 422 0x0000708494c87190 code [0x0000708494c87340, 0x0000708494c87520]
Event: 0.542 Thread 0x00007084ac155520 nmethod 423 0x0000708494c87690 code [0x0000708494c87820, 0x0000708494c87958]
Event: 0.542 Thread 0x00007083f0039450 nmethod 421 0x0000708494c87a10 code [0x0000708494c87c40, 0x0000708494c88220]
Event: 0.542 Thread 0x00007083f0027f60  424       3       jdk.internal.util.StrongReferenceKey::equals (28 bytes)
Event: 0.542 Thread 0x00007083f0027f60 nmethod 424 0x0000708494c88590 code [0x0000708494c88760, 0x0000708494c88d30]

GC Heap History (0 events):
No events

Dll operation events (8 events):
Event: 0.002 Loaded shared library /usr/lib/jvm/jdk-22.0.2-oracle-x64/lib/libjava.so
Event: 0.023 Loaded shared library /usr/lib/jvm/jdk-22.0.2-oracle-x64/lib/libjsvml.so
Event: 0.023 Loaded shared library /usr/lib/jvm/jdk-22.0.2-oracle-x64/lib/libnio.so
Event: 0.058 Loaded shared library /usr/lib/jvm/jdk-22.0.2-oracle-x64/lib/libzip.so
Event: 0.088 Loaded shared library /usr/lib/jvm/jdk-22.0.2-oracle-x64/lib/libjimage.so
Event: 0.092 Loaded shared library /tmp/libJCudaRuntime-10.1.0-linux-x86_64.so
Event: 0.098 Loaded shared library /tmp/libJCublas2-10.1.0-linux-x86_64.so
Event: 0.533 Loaded shared library /usr/lib/jvm/jdk-22.0.2-oracle-x64/lib/libverify.so

Deoptimization events (2 events):
Event: 0.534 Thread 0x00007084ac02d4c0 DEOPT PACKING pc=0x0000708494c066d0 sp=0x00007084b23f8f00
Event: 0.534 Thread 0x00007084ac02d4c0 DEOPT UNPACKING pc=0x000070849c0b372f sp=0x00007084b23f8340 mode 0

Classes loaded (20 events):
Event: 0.539 Loading class java/lang/ArrayIndexOutOfBoundsException
Event: 0.539 Loading class java/lang/IndexOutOfBoundsException
Event: 0.539 Loading class java/lang/IndexOutOfBoundsException done
Event: 0.539 Loading class java/lang/ArrayIndexOutOfBoundsException done
Event: 0.539 Loading class java/util/Spliterators$IntArraySpliterator
Event: 0.539 Loading class java/util/Spliterators$IntArraySpliterator done
Event: 0.540 Loading class java/util/stream/MatchOps$MatchKind
Event: 0.540 Loading class java/util/stream/MatchOps$MatchKind done
Event: 0.540 Loading class java/util/stream/MatchOps
Event: 0.540 Loading class java/util/stream/MatchOps done
Event: 0.540 Loading class java/util/stream/MatchOps$MatchOp
Event: 0.540 Loading class java/util/stream/MatchOps$MatchOp done
Event: 0.540 Loading class java/util/stream/MatchOps$BooleanTerminalSink
Event: 0.540 Loading class java/util/stream/MatchOps$BooleanTerminalSink done
Event: 0.541 Loading class java/util/stream/MatchOps$2MatchSink
Event: 0.541 Loading class java/util/stream/MatchOps$2MatchSink done
Event: 0.542 Loading class java/util/stream/MatchOps$1MatchSink
Event: 0.542 Loading class java/util/stream/MatchOps$1MatchSink done
Event: 0.542 Loading class java/nio/HeapDoubleBuffer
Event: 0.542 Loading class java/nio/HeapDoubleBuffer done

Classes unloaded (0 events):
No events

Classes redefined (0 events):
No events

Internal exceptions (9 events):
Event: 0.047 Thread 0x00007084ac02d4c0 Exception <a 'sun/nio/fs/UnixException'{0x0000000635077920}> (0x0000000635077920) 
thrown [open/src/hotspot/share/prims/jni.cpp, line 520]
Event: 0.047 Thread 0x00007084ac02d4c0 Exception <a 'sun/nio/fs/UnixException'{0x0000000635078080}> (0x0000000635078080) 
thrown [open/src/hotspot/share/prims/jni.cpp, line 520]
Event: 0.047 Thread 0x00007084ac02d4c0 Exception <a 'sun/nio/fs/UnixException'{0x0000000635078648}> (0x0000000635078648) 
thrown [open/src/hotspot/share/prims/jni.cpp, line 520]
Event: 0.047 Thread 0x00007084ac02d4c0 Exception <a 'sun/nio/fs/UnixException'{0x0000000635078e70}> (0x0000000635078e70) 
thrown [open/src/hotspot/share/prims/jni.cpp, line 520]
Event: 0.047 Thread 0x00007084ac02d4c0 Exception <a 'sun/nio/fs/UnixException'{0x0000000635079430}> (0x0000000635079430) 
thrown [open/src/hotspot/share/prims/jni.cpp, line 520]
Event: 0.047 Thread 0x00007084ac02d4c0 Exception <a 'sun/nio/fs/UnixException'{0x00000006350799f0}> (0x00000006350799f0) 
thrown [open/src/hotspot/share/prims/jni.cpp, line 520]
Event: 0.047 Thread 0x00007084ac02d4c0 Exception <a 'sun/nio/fs/UnixException'{0x0000000635079fb0}> (0x0000000635079fb0) 
thrown [open/src/hotspot/share/prims/jni.cpp, line 520]
Event: 0.047 Thread 0x00007084ac02d4c0 Exception <a 'sun/nio/fs/UnixException'{0x000000063507a588}> (0x000000063507a588) 
thrown [open/src/hotspot/share/prims/jni.cpp, line 520]
Event: 0.529 Thread 0x00007084ac02d4c0 Exception <a 'java/lang/NoSuchMethodError'{0x00000006353ec8f0}: 'void java.lang.invoke.DirectMethodHandle$Holder.invokeStatic(java.lang.Object, java.lang.Object)'> (0x00000006353ec8f0) 
thrown [open/src/hotspot/share/interpreter/linkResolver.cpp, line 773]

ZGC Phase Switch (0 events):
No events

VM Operations (2 events):
Event: 0.048 Executing VM operation: HandshakeAllThreads (Deoptimize)
Event: 0.048 Executing VM operation: HandshakeAllThreads (Deoptimize) done

Memory protections (15 events):
Event: 0.001 Protecting memory [0x00007084b2300000,0x00007084b2304000] with protection modes 0
Event: 0.021 Protecting memory [0x0000708488900000,0x0000708488904000] with protection modes 0
Event: 0.021 Protecting memory [0x0000708488800000,0x0000708488804000] with protection modes 0
Event: 0.021 Protecting memory [0x0000708488700000,0x0000708488704000] with protection modes 0
Event: 0.021 Protecting memory [0x0000708488600000,0x0000708488604000] with protection modes 0
Event: 0.021 Protecting memory [0x0000708488500000,0x0000708488504000] with protection modes 0
Event: 0.022 Protecting memory [0x0000708488400000,0x0000708488404000] with protection modes 0
Event: 0.022 Protecting memory [0x0000708488300000,0x0000708488304000] with protection modes 0
Event: 0.038 Protecting memory [0x0000708488130000,0x0000708488134000] with protection modes 0
Event: 0.049 Protecting memory [0x0000708488030000,0x0000708488034000] with protection modes 0
Event: 0.050 Protecting memory [0x000070847ff00000,0x000070847ff04000] with protection modes 0
Event: 0.050 Protecting memory [0x000070847fe00000,0x000070847fe04000] with protection modes 0
Event: 0.054 Protecting memory [0x000070847fd00000,0x000070847fd04000] with protection modes 0
Event: 0.057 Protecting memory [0x000070847fc00000,0x000070847fc04000] with protection modes 0
Event: 0.531 Protecting memory [0x000070847fd00000,0x000070847fd04000] with protection modes 0

Nmethod flushes (0 events):
No events

Events (16 events):
Event: 0.015 Thread 0x00007084ac02d4c0 Thread added: 0x00007084ac02d4c0
Event: 0.021 Thread 0x00007084ac02d4c0 Thread added: 0x00007084ac14c560
Event: 0.021 Thread 0x00007084ac02d4c0 Thread added: 0x00007084ac14dbb0
Event: 0.021 Thread 0x00007084ac02d4c0 Thread added: 0x00007084ac14f690
Event: 0.021 Thread 0x00007084ac02d4c0 Thread added: 0x00007084ac150cd0
Event: 0.021 Thread 0x00007084ac02d4c0 Thread added: 0x00007084ac152270
Event: 0.022 Thread 0x00007084ac02d4c0 Thread added: 0x00007084ac153e10
Event: 0.022 Thread 0x00007084ac02d4c0 Thread added: 0x00007084ac155520
Event: 0.038 Thread 0x00007084ac02d4c0 Thread added: 0x00007084ac174c40
Event: 0.049 Thread 0x00007084ac155520 Thread added: 0x00007083f0027f60
Event: 0.050 Thread 0x00007084ac155520 Thread added: 0x00007083f0039450
Event: 0.050 Thread 0x00007084ac155520 Thread added: 0x00007083f003a700
Event: 0.054 Thread 0x00007083f0027f60 Thread added: 0x00007083e4029ce0
Event: 0.057 Thread 0x00007084ac02d4c0 Thread added: 0x00007084ac1b8560
Event: 0.530 Thread 0x00007083e4029ce0 Thread exited: 0x00007083e4029ce0
Event: 0.531 Thread 0x00007084ac02d4c0 Thread added: 0x0000708379693260


Dynamic libraries:
200000000-200200000 ---p 00000000 00:00 0 
200200000-200400000 rw-s 00000000 00:05 1129                             /dev/nvidia0
200400000-203400000 rw-s 00000000 00:05 1128                             /dev/nvidiactl
203400000-204400000 ---p 00000000 00:00 0 
204400000-204600000 rw-s 00000000 00:05 1128                             /dev/nvidiactl
204600000-204800000 rw-s 00000000 00:05 1128                             /dev/nvidiactl
204800000-204a00000 rw-s 00000000 00:05 1128                             /dev/nvidiactl
204a00000-204c00000 rw-s 204a00000 00:05 1130                            /dev/nvidia-uvm
204c00000-204e00000 rw-s 00000000 00:05 1128                             /dev/nvidiactl
204e00000-205000000 ---p 00000000 00:00 0 
205000000-205200000 rw-s 00000000 00:05 1128                             /dev/nvidiactl
205200000-300200000 ---p 00000000 00:00 0 
616800000-635400000 rw-p 00000000 00:00 0 
635400000-7ffc00000 ---p 00000000 00:00 0 
7ffc00000-7ffd09000 rw-p 00cb9000 103:05 39860326                        /usr/lib/jvm/jdk-22.0.2-oracle-x64/lib/server/classes.jsa
7ffd09000-800000000 rw-p 00000000 00:00 0 
10000000000-10004000000 ---p 00000000 00:00 0 
5c5ae83fe000-5c5ae83ff000 r-xp 00000000 103:05 39860034                  /usr/lib/jvm/jdk-22.0.2-oracle-x64/bin/java
5c5ae8400000-5c5ae8401000 r--p 00001000 103:05 39860034                  /usr/lib/jvm/jdk-22.0.2-oracle-x64/bin/java
5c5ae8401000-5c5ae8402000 rw-p 00002000 103:05 39860034                  /usr/lib/jvm/jdk-22.0.2-oracle-x64/bin/java
5c5ae897e000-5c5ae89c7000 rw-p 00000000 00:00 0                          [heap]
708378000000-708379f47000 rw-p 00000000 00:00 0 
708379f47000-70837e000000 ---p 00000000 00:00 0 
708380000000-708383fb0000 rw-p 00000000 00:00 0 
708383fb0000-708384000000 ---p 00000000 00:00 0 
708388000000-70838bffe000 rw-p 00000000 00:00 0 
70838bffe000-70838c000000 ---p 00000000 00:00 0 
70838e000000-708396000000 ---p 00000000 00:00 0 
708398000000-70839a000000 ---p 00000000 00:00 0 
70839c000000-70839c400000 ---p 00000000 00:00 0 
70839c400000-70839c600000 rw-s 00000000 00:05 1128                       /dev/nvidiactl
70839c600000-70839c800000 rw-s 00000000 00:01 2137                       /dev/zero (deleted)
70839c800000-70839ca00000 rw-s 00000000 00:01 2138                       /dev/zero (deleted)
70839ca00000-70839d000000 ---p 00000000 00:00 0 
70839d000000-70839d200000 rw-s 00000000 00:05 1128                       /dev/nvidiactl
70839d200000-70839d400000 ---p 00000000 00:00 0 
70839d400000-70839d600000 rw-s 00000000 00:01 2140                       /dev/zero (deleted)
70839d600000-70839db33000 rw-s 00000000 00:05 1128                       /dev/nvidiactl
70839db33000-70839e000000 ---p 00000000 00:00 0 
7083a0000000-7083b0000000 ---p 00000000 00:00 0 
7083b4000000-7083b4021000 rw-p 00000000 00:00 0 
7083b4021000-7083b8000000 ---p 00000000 00:00 0 
7083ba000000-7083c0000000 ---p 00000000 00:00 0 
7083c0000000-7083c0021000 rw-p 00000000 00:00 0 
7083c0021000-7083c4000000 ---p 00000000 00:00 0 
7083c7000000-7083cbaa3000 r-xp 00000000 103:05 39063741                  /usr/lib/x86_64-linux-gnu/libcublas.so.10.1.0.105
7083cbaa3000-7083cbca2000 ---p 04aa3000 103:05 39063741                  /usr/lib/x86_64-linux-gnu/libcublas.so.10.1.0.105
7083cbca2000-7083cbcb0000 rw-p 04aa2000 103:05 39063741                  /usr/lib/x86_64-linux-gnu/libcublas.so.10.1.0.105
7083cbcb0000-7083cbcba000 rw-p 00000000 00:00 0 
7083cc000000-7083cc021000 rw-p 00000000 00:00 0 
7083cc021000-7083d0000000 ---p 00000000 00:00 0 
7083d0000000-7083d00ff000 rw-p 00000000 00:00 0 
7083d00ff000-7083d4000000 ---p 00000000 00:00 0 
7083d8000000-7083d8065000 rw-p 00000000 00:00 0 
7083d8065000-7083dc000000 ---p 00000000 00:00 0 
7083dc000000-7083dc021000 rw-p 00000000 00:00 0 
7083dc021000-7083e0000000 ---p 00000000 00:00 0 
7083e4000000-7083e407d000 rw-p 00000000 00:00 0 
7083e407d000-7083e8000000 ---p 00000000 00:00 0 
7083e8000000-7083e8021000 rw-p 00000000 00:00 0 
7083e8021000-7083ec000000 ---p 00000000 00:00 0 
7083f0000000-7083f00a0000 rw-p 00000000 00:00 0 
7083f00a0000-7083f4000000 ---p 00000000 00:00 0 
7083f4000000-7083f40c5000 rw-p 00000000 00:00 0 
7083f40c5000-7083f8000000 ---p 00000000 00:00 0 
7083fc000000-7083fc021000 rw-p 00000000 00:00 0 
7083fc021000-708400000000 ---p 00000000 00:00 0 
708400000000-708400021000 rw-p 00000000 00:00 0 
708400021000-708404000000 ---p 00000000 00:00 0 
708408000000-708408021000 rw-p 00000000 00:00 0 
708408021000-70840c000000 ---p 00000000 00:00 0 
70840c000000-70840c021000 rw-p 00000000 00:00 0 
70840c021000-708410000000 ---p 00000000 00:00 0 
708414000000-708414021000 rw-p 00000000 00:00 0 
708414021000-708418000000 ---p 00000000 00:00 0 
708418000000-708418021000 rw-p 00000000 00:00 0 
708418021000-70841c000000 ---p 00000000 00:00 0 
708420000000-7084200b0000 rw-p 00000000 00:00 0 
7084200b0000-708420400000 ---p 00000000 00:00 0 
708420400000-708420480000 rw-p 00000000 00:00 0 
708420480000-708424000000 ---p 00000000 00:00 0 
708424000000-708424021000 rw-p 00000000 00:00 0 
708424021000-708428000000 ---p 00000000 00:00 0 
708428e00000-708428e01000 rw-s 00000000 00:05 1128                       /dev/nvidiactl
708428e01000-708428e02000 rw-s 00000000 00:05 1128                       /dev/nvidiactl
708428e02000-708428e03000 rw-s 00000000 00:05 1128                       /dev/nvidiactl
708428e03000-708428e04000 rw-s 00000000 00:05 1128                       /dev/nvidiactl
708428e04000-708428e05000 rw-s 00000000 00:05 1128                       /dev/nvidiactl
708428e05000-708428e06000 rw-s 00000000 00:05 1128                       /dev/nvidiactl
708428e06000-708428e07000 rw-s 00000000 00:05 1128                       /dev/nvidiactl
708428e07000-708428e08000 rw-s 00000000 00:05 1128                       /dev/nvidiactl
708428e08000-708428e09000 rw-s 00000000 00:05 1128                       /dev/nvidiactl
708428e09000-708428e0a000 rw-s 00000000 00:05 1128                       /dev/nvidiactl
708428e0a000-708428e0b000 rw-s 00000000 00:05 1128                       /dev/nvidiactl
708428e0b000-708428e0c000 rw-s 00000000 00:05 1128                       /dev/nvidiactl
708428e0c000-708428e0d000 rw-s 00000000 00:05 1128                       /dev/nvidiactl
708428e0d000-708428e0e000 rw-s 00000000 00:05 1128                       /dev/nvidiactl
708428e0e000-708428e0f000 rw-s 00000000 00:05 1128                       /dev/nvidiactl
708428e0f000-708428e10000 rw-s 00000000 00:05 1128                       /dev/nvidiactl
708428e10000-708429e21000 ---p 00000000 00:00 0 
70842a000000-70842ac7a000 rw-p 00001000 103:05 39860326                  /usr/lib/jvm/jdk-22.0.2-oracle-x64/lib/server/classes.jsa
70842ac7a000-70842b000000 ---p 00000000 00:00 0 
70842b000000-70842b010000 rw-p 00000000 00:00 0 
70842b010000-70842b040000 ---p 00000000 00:00 0 
70842b040000-70842b050000 rw-p 00000000 00:00 0 
70842b050000-70846b000000 ---p 00000000 00:00 0 
70846b600000-70846b601000 ---p 00000000 00:00 0 
70846b601000-70846be01000 rw-p 00000000 00:00 0 
70846c000000-70846c021000 rw-p 00000000 00:00 0 
70846c021000-708470000000 ---p 00000000 00:00 0 
708470800000-708470801000 ---p 00000000 00:00 0 
708470801000-708471001000 rw-p 00000000 00:00 0 
708471200000-708472221000 ---p 00000000 00:00 0 
708472400000-7084724db000 r--p 00000000 103:05 39066653                  /usr/lib/x86_64-linux-gnu/libcuda.so.550.54.15
7084724db000-708472973000 r-xp 000db000 103:05 39066653                  /usr/lib/x86_64-linux-gnu/libcuda.so.550.54.15
708472973000-708473e03000 r--p 00573000 103:05 39066653                  /usr/lib/x86_64-linux-gnu/libcuda.so.550.54.15
708473e03000-708473e1a000 r--p 01a02000 103:05 39066653                  /usr/lib/x86_64-linux-gnu/libcuda.so.550.54.15
708473e1a000-708473f15000 rw-p 01a19000 103:05 39066653                  /usr/lib/x86_64-linux-gnu/libcuda.so.550.54.15
708473f15000-708473f7b000 rw-p 00000000 00:00 0 
708474000000-708474021000 rw-p 00000000 00:00 0 
708474021000-708478000000 ---p 00000000 00:00 0 
708478000000-708478021000 rw-p 00000000 00:00 0 
708478021000-70847c000000 ---p 00000000 00:00 0 
70847c000000-70847c200000 rw-s 00000000 00:01 2139                       /dev/zero (deleted)
70847c200000-70847c45a000 rw-p 00000000 00:00 0 
70847c600000-70847c601000 ---p 00000000 00:00 0 
70847c601000-70847ce01000 rw-p 00000000 00:00 0 
70847cebe000-70847d000000 rw-p 00000000 00:00 0 
70847d000000-70847f2e6000 r-xp 00000000 103:05 39063740                  /usr/lib/x86_64-linux-gnu/libcublasLt.so.10.1.0.105
70847f2e6000-70847f4e6000 ---p 022e6000 103:05 39063740                  /usr/lib/x86_64-linux-gnu/libcublasLt.so.10.1.0.105
70847f4e6000-70847f558000 rw-p 022e6000 103:05 39063740                  /usr/lib/x86_64-linux-gnu/libcublasLt.so.10.1.0.105
70847f558000-70847f560000 rw-p 00000000 00:00 0 
70847f67d000-70847f800000 rw-p 00000000 00:00 0 
70847f800000-70847f89d000 r--p 00000000 103:05 39063721                  /usr/lib/x86_64-linux-gnu/libstdc++.so.6.0.33
70847f89d000-70847f9dd000 r-xp 0009d000 103:05 39063721                  /usr/lib/x86_64-linux-gnu/libstdc++.so.6.0.33
70847f9dd000-70847fa6b000 r--p 001dd000 103:05 39063721                  /usr/lib/x86_64-linux-gnu/libstdc++.so.6.0.33
70847fa6b000-70847fa76000 r--p 0026b000 103:05 39063721                  /usr/lib/x86_64-linux-gnu/libstdc++.so.6.0.33
70847fa76000-70847fa79000 rw-p 00276000 103:05 39063721                  /usr/lib/x86_64-linux-gnu/libstdc++.so.6.0.33
70847fa79000-70847fa7d000 rw-p 00000000 00:00 0 
70847fa8f000-70847fb30000 rw-p 00000000 00:00 0 
70847fb30000-70847fb44000 r--p 00000000 103:05 26738754                  /tmp/libJCublas2-10.1.0-linux-x86_64.so
70847fb44000-70847fbcc000 r-xp 00014000 103:05 26738754                  /tmp/libJCublas2-10.1.0-linux-x86_64.so
70847fbcc000-70847fbf9000 r--p 0009c000 103:05 26738754                  /tmp/libJCublas2-10.1.0-linux-x86_64.so
70847fbf9000-70847fbfa000 ---p 000c9000 103:05 26738754                  /tmp/libJCublas2-10.1.0-linux-x86_64.so
70847fbfa000-70847fbfd000 r--p 000c9000 103:05 26738754                  /tmp/libJCublas2-10.1.0-linux-x86_64.so
70847fbfd000-70847fbfe000 rw-p 000cc000 103:05 26738754                  /tmp/libJCublas2-10.1.0-linux-x86_64.so
70847fbfe000-70847fc00000 rw-p 00000000 00:00 0 
70847fc00000-70847fc04000 ---p 00000000 00:00 0 
70847fc04000-70847fd00000 rw-p 00000000 00:00 0 
70847fd00000-70847fd04000 ---p 00000000 00:00 0 
70847fd04000-70847fe00000 rw-p 00000000 00:00 0 
70847fe00000-70847fe04000 ---p 00000000 00:00 0 
70847fe04000-70847ff00000 rw-p 00000000 00:00 0 
70847ff00000-70847ff04000 ---p 00000000 00:00 0 
70847ff04000-708480000000 rw-p 00000000 00:00 0 
708480000000-708480021000 rw-p 00000000 00:00 0 
708480021000-708484000000 ---p 00000000 00:00 0 
708484000000-708484021000 rw-p 00000000 00:00 0 
708484021000-708488000000 ---p 00000000 00:00 0 
708488030000-708488034000 ---p 00000000 00:00 0 
708488034000-708488130000 rw-p 00000000 00:00 0 
708488130000-708488134000 ---p 00000000 00:00 0 
708488134000-708488230000 rw-p 00000000 00:00 0 
708488230000-7084882fe000 r-xp 00000000 103:05 39860299                  /usr/lib/jvm/jdk-22.0.2-oracle-x64/lib/libjsvml.so
7084882fe000-7084882ff000 r--p 000cd000 103:05 39860299                  /usr/lib/jvm/jdk-22.0.2-oracle-x64/lib/libjsvml.so
7084882ff000-708488300000 rw-p 000ce000 103:05 39860299                  /usr/lib/jvm/jdk-22.0.2-oracle-x64/lib/libjsvml.so
708488300000-708488304000 ---p 00000000 00:00 0 
708488304000-708488400000 rw-p 00000000 00:00 0 
708488400000-708488404000 ---p 00000000 00:00 0 
708488404000-708488500000 rw-p 00000000 00:00 0 
708488500000-708488504000 ---p 00000000 00:00 0 
708488504000-708488600000 rw-p 00000000 00:00 0 
708488600000-708488604000 ---p 00000000 00:00 0 
708488604000-708488700000 rw-p 00000000 00:00 0 
708488700000-708488704000 ---p 00000000 00:00 0 
708488704000-708488800000 rw-p 00000000 00:00 0 
708488800000-708488804000 ---p 00000000 00:00 0 
708488804000-708488900000 rw-p 00000000 00:00 0 
708488900000-708488904000 ---p 00000000 00:00 0 
708488904000-708488a00000 rw-p 00000000 00:00 0 
708488a00000-708488f75000 r--p 00000000 103:05 39061600                  /usr/lib/locale/locale-archive
708488fad000-708488ff0000 rw-p 00000000 00:00 0 
708488ff0000-708488ff1000 ---p 00000000 00:00 0 
708488ff1000-7084890f1000 rw-p 00000000 00:00 0 
7084890f1000-7084890f2000 ---p 00000000 00:00 0 
7084890f2000-7084891f2000 rw-p 00000000 00:00 0 
7084891f2000-7084891f3000 ---p 00000000 00:00 0 
7084891f3000-7084892f3000 rw-p 00000000 00:00 0 
7084892f3000-7084892f4000 ---p 00000000 00:00 0 
7084892f4000-7084893f4000 rw-p 00000000 00:00 0 
7084893f4000-70848c7b0000 rw-p 00000000 00:00 0 
70848c7b0000-708493a50000 ---p 00000000 00:00 0 
708493a50000-708493a60000 rw-p 00000000 00:00 0 
708493a60000-708493a72000 r--p 00000000 103:05 26738753                  /tmp/libJCudaRuntime-10.1.0-linux-x86_64.so
708493a72000-708493ada000 r-xp 00012000 103:05 26738753                  /tmp/libJCudaRuntime-10.1.0-linux-x86_64.so
708493ada000-708493af7000 r--p 0007a000 103:05 26738753                  /tmp/libJCudaRuntime-10.1.0-linux-x86_64.so
708493af7000-708493af8000 ---p 00097000 103:05 26738753                  /tmp/libJCudaRuntime-10.1.0-linux-x86_64.so
708493af8000-708493afc000 r--p 00097000 103:05 26738753                  /tmp/libJCudaRuntime-10.1.0-linux-x86_64.so
708493afc000-708493afd000 rw-p 0009b000 103:05 26738753                  /tmp/libJCudaRuntime-10.1.0-linux-x86_64.so
708493afd000-708493cf6000 rw-p 00000000 00:00 0 
708493cf6000-708494b4a000 ---p 00000000 00:00 0 
708494b4a000-708494b4c000 rw-p 00000000 00:00 0 
708494b4c000-708494c00000 rw-p 00000000 00:00 0 
708494c00000-708494e70000 rwxp 00000000 00:00 0 
708494e70000-70849c05f000 ---p 00000000 00:00 0 
70849c05f000-70849c36f000 rwxp 00000000 00:00 0 
70849c36f000-70849c7a0000 ---p 00000000 00:00 0 
70849c7a0000-70849ca10000 rwxp 00000000 00:00 0 
70849ca10000-7084a3c00000 ---p 00000000 00:00 0 
7084a3c00000-7084abfbb000 r--s 00000000 103:05 39860317                  /usr/lib/jvm/jdk-22.0.2-oracle-x64/lib/modules
7084abfbf000-7084affff000 rw-p 00000000 00:00 0 
7084affff000-7084b0000000 ---p 00000000 00:00 0 
7084b0009000-7084b0016000 r-xp 00000000 103:05 39860315                  /usr/lib/jvm/jdk-22.0.2-oracle-x64/lib/libverify.so
7084b0016000-7084b0018000 r--p 0000c000 103:05 39860315                  /usr/lib/jvm/jdk-22.0.2-oracle-x64/lib/libverify.so
7084b0018000-7084b0019000 rw-p 0000e000 103:05 39860315                  /usr/lib/jvm/jdk-22.0.2-oracle-x64/lib/libverify.so
7084b0019000-7084b001d000 r--p 00000000 103:05 39063720                  /usr/lib/x86_64-linux-gnu/libgcc_s.so.1
7084b001d000-7084b0040000 r-xp 00004000 103:05 39063720                  /usr/lib/x86_64-linux-gnu/libgcc_s.so.1
7084b0040000-7084b0044000 r--p 00027000 103:05 39063720                  /usr/lib/x86_64-linux-gnu/libgcc_s.so.1
7084b0044000-7084b0045000 r--p 0002b000 103:05 39063720                  /usr/lib/x86_64-linux-gnu/libgcc_s.so.1
7084b0045000-7084b0046000 rw-p 0002c000 103:05 39063720                  /usr/lib/x86_64-linux-gnu/libgcc_s.so.1
7084b0051000-7084b0061000 -w-s 00000000 00:05 1129                       /dev/nvidia0
7084b0061000-7084b00fd000 rw-p 00000000 00:00 0 
7084b00fd000-7084b00fe000 ---p 00000000 00:00 0 
7084b00fe000-7084b01fe000 rw-p 00000000 00:00 0 
7084b01fe000-7084b01ff000 ---p 00000000 00:00 0 
7084b01ff000-7084b02ff000 rw-p 00000000 00:00 0 
7084b02ff000-7084b0300000 ---p 00000000 00:00 0 
7084b0300000-7084b0400000 rw-p 00000000 00:00 0 
7084b0400000-7084b04f6000 rw-p 00000000 00:00 0 
7084b04f6000-7084b134a000 ---p 00000000 00:00 0 
7084b134a000-7084b134c000 rw-p 00000000 00:00 0 
7084b135b000-7084b1362000 r-xp 00000000 103:05 39860316                  /usr/lib/jvm/jdk-22.0.2-oracle-x64/lib/libzip.so
7084b1362000-7084b1363000 ---p 00007000 103:05 39860316                  /usr/lib/jvm/jdk-22.0.2-oracle-x64/lib/libzip.so
7084b1363000-7084b1364000 r--p 00007000 103:05 39860316                  /usr/lib/jvm/jdk-22.0.2-oracle-x64/lib/libzip.so
7084b1364000-7084b1365000 rw-p 00008000 103:05 39860316                  /usr/lib/jvm/jdk-22.0.2-oracle-x64/lib/libzip.so
7084b1365000-7084b2133000 rw-p 00000000 00:00 0 
7084b2133000-7084b2217000 ---p 00000000 00:00 0 
7084b2217000-7084b221c000 rw-p 00000000 00:00 0 
7084b221c000-7084b2300000 ---p 00000000 00:00 0 
7084b2300000-7084b2304000 ---p 00000000 00:00 0 
7084b2304000-7084b2400000 rw-p 00000000 00:00 0 
7084b2400000-7084b3740000 r-xp 00000000 103:05 39860329                  /usr/lib/jvm/jdk-22.0.2-oracle-x64/lib/server/libjvm.so
7084b3740000-7084b3741000 ---p 01340000 103:05 39860329                  /usr/lib/jvm/jdk-22.0.2-oracle-x64/lib/server/libjvm.so
7084b3741000-7084b380e000 r--p 01340000 103:05 39860329                  /usr/lib/jvm/jdk-22.0.2-oracle-x64/lib/server/libjvm.so
7084b380e000-7084b383c000 rw-p 0140d000 103:05 39860329                  /usr/lib/jvm/jdk-22.0.2-oracle-x64/lib/server/libjvm.so
7084b383c000-7084b38b2000 rw-p 00000000 00:00 0 
7084b38b5000-7084b38c0000 r-xp 00000000 103:05 39860306                  /usr/lib/jvm/jdk-22.0.2-oracle-x64/lib/libnet.so
7084b38c0000-7084b38c1000 ---p 0000b000 103:05 39860306                  /usr/lib/jvm/jdk-22.0.2-oracle-x64/lib/libnet.so
7084b38c1000-7084b38c2000 r--p 0000b000 103:05 39860306                  /usr/lib/jvm/jdk-22.0.2-oracle-x64/lib/libnet.so
7084b38c2000-7084b38c3000 rw-p 0000c000 103:05 39860306                  /usr/lib/jvm/jdk-22.0.2-oracle-x64/lib/libnet.so
7084b38c3000-7084b38d6000 r-xp 00000000 103:05 39860307                  /usr/lib/jvm/jdk-22.0.2-oracle-x64/lib/libnio.so
7084b38d6000-7084b38d7000 ---p 00013000 103:05 39860307                  /usr/lib/jvm/jdk-22.0.2-oracle-x64/lib/libnio.so
7084b38d7000-7084b38d8000 r--p 00013000 103:05 39860307                  /usr/lib/jvm/jdk-22.0.2-oracle-x64/lib/libnio.so
7084b38d8000-7084b38d9000 rw-p 00014000 103:05 39860307                  /usr/lib/jvm/jdk-22.0.2-oracle-x64/lib/libnio.so
7084b38d9000-7084b3917000 rw-p 00000000 00:00 0 
7084b3917000-7084b3927000 r--p 00000000 103:05 39070669                  /usr/lib/x86_64-linux-gnu/libm.so.6
7084b3927000-7084b39a6000 r-xp 00010000 103:05 39070669                  /usr/lib/x86_64-linux-gnu/libm.so.6
7084b39a6000-7084b39fe000 r--p 0008f000 103:05 39070669                  /usr/lib/x86_64-linux-gnu/libm.so.6
7084b39fe000-7084b39ff000 r--p 000e7000 103:05 39070669                  /usr/lib/x86_64-linux-gnu/libm.so.6
7084b39ff000-7084b3a00000 rw-p 000e8000 103:05 39070669                  /usr/lib/x86_64-linux-gnu/libm.so.6
7084b3a00000-7084b3a28000 r--p 00000000 103:05 39070666                  /usr/lib/x86_64-linux-gnu/libc.so.6
7084b3a28000-7084b3bb0000 r-xp 00028000 103:05 39070666                  /usr/lib/x86_64-linux-gnu/libc.so.6
7084b3bb0000-7084b3bff000 r--p 001b0000 103:05 39070666                  /usr/lib/x86_64-linux-gnu/libc.so.6
7084b3bff000-7084b3c03000 r--p 001fe000 103:05 39070666                  /usr/lib/x86_64-linux-gnu/libc.so.6
7084b3c03000-7084b3c05000 rw-p 00202000 103:05 39070666                  /usr/lib/x86_64-linux-gnu/libc.so.6
7084b3c05000-7084b3c12000 rw-p 00000000 00:00 0 
7084b3c12000-7084b3c19000 r--s 00000000 103:05 39070655                  /usr/lib/x86_64-linux-gnu/gconv/gconv-modules.cache
7084b3c19000-7084b3c57000 rw-p 00000000 00:00 0 
7084b3c57000-7084b3c77000 r-xp 00000000 103:05 39860291                  /usr/lib/jvm/jdk-22.0.2-oracle-x64/lib/libjava.so
7084b3c77000-7084b3c78000 ---p 00020000 103:05 39860291                  /usr/lib/jvm/jdk-22.0.2-oracle-x64/lib/libjava.so
7084b3c78000-7084b3c79000 r--p 00020000 103:05 39860291                  /usr/lib/jvm/jdk-22.0.2-oracle-x64/lib/libjava.so
7084b3c79000-7084b3c7a000 rw-p 00021000 103:05 39860291                  /usr/lib/jvm/jdk-22.0.2-oracle-x64/lib/libjava.so
7084b3c7a000-7084b3c7b000 rw-p 00000000 00:00 0 
7084b3c7b000-7084b3c99000 r-xp 00000000 103:05 39860295                  /usr/lib/jvm/jdk-22.0.2-oracle-x64/lib/libjimage.so
7084b3c99000-7084b3c9b000 r--p 0001d000 103:05 39860295                  /usr/lib/jvm/jdk-22.0.2-oracle-x64/lib/libjimage.so
7084b3c9b000-7084b3c9c000 rw-p 0001f000 103:05 39860295                  /usr/lib/jvm/jdk-22.0.2-oracle-x64/lib/libjimage.so
7084b3c9c000-7084b3c9d000 r--p 00000000 103:05 39070680                  /usr/lib/x86_64-linux-gnu/librt.so.1
7084b3c9d000-7084b3c9e000 r-xp 00001000 103:05 39070680                  /usr/lib/x86_64-linux-gnu/librt.so.1
7084b3c9e000-7084b3c9f000 r--p 00002000 103:05 39070680                  /usr/lib/x86_64-linux-gnu/librt.so.1
7084b3c9f000-7084b3ca0000 r--p 00002000 103:05 39070680                  /usr/lib/x86_64-linux-gnu/librt.so.1
7084b3ca0000-7084b3ca1000 rw-p 00003000 103:05 39070680                  /usr/lib/x86_64-linux-gnu/librt.so.1
7084b3ca1000-7084b3ca5000 rw-p 00000000 00:00 0 
7084b3ca5000-7084b3ca6000 r--p 00000000 103:05 39070668                  /usr/lib/x86_64-linux-gnu/libdl.so.2
7084b3ca6000-7084b3ca7000 r-xp 00001000 103:05 39070668                  /usr/lib/x86_64-linux-gnu/libdl.so.2
7084b3ca7000-7084b3ca8000 r--p 00002000 103:05 39070668                  /usr/lib/x86_64-linux-gnu/libdl.so.2
7084b3ca8000-7084b3ca9000 r--p 00002000 103:05 39070668                  /usr/lib/x86_64-linux-gnu/libdl.so.2
7084b3ca9000-7084b3caa000 rw-p 00003000 103:05 39070668                  /usr/lib/x86_64-linux-gnu/libdl.so.2
7084b3caa000-7084b3cab000 r--p 00000000 103:05 39070678                  /usr/lib/x86_64-linux-gnu/libpthread.so.0
7084b3cab000-7084b3cac000 r-xp 00001000 103:05 39070678                  /usr/lib/x86_64-linux-gnu/libpthread.so.0
7084b3cac000-7084b3cad000 r--p 00002000 103:05 39070678                  /usr/lib/x86_64-linux-gnu/libpthread.so.0
7084b3cad000-7084b3cae000 r--p 00002000 103:05 39070678                  /usr/lib/x86_64-linux-gnu/libpthread.so.0
7084b3cae000-7084b3caf000 rw-p 00003000 103:05 39070678                  /usr/lib/x86_64-linux-gnu/libpthread.so.0
7084b3caf000-7084b3cbd000 r-xp 00000000 103:05 39860296                  /usr/lib/jvm/jdk-22.0.2-oracle-x64/lib/libjli.so
7084b3cbd000-7084b3cbe000 r--p 0000e000 103:05 39860296                  /usr/lib/jvm/jdk-22.0.2-oracle-x64/lib/libjli.so
7084b3cbe000-7084b3cbf000 rw-p 0000f000 103:05 39860296                  /usr/lib/jvm/jdk-22.0.2-oracle-x64/lib/libjli.so
7084b3cbf000-7084b3cc1000 r--p 00000000 103:05 39063281                  /usr/lib/x86_64-linux-gnu/libz.so.1.3
7084b3cc1000-7084b3cd3000 r-xp 00002000 103:05 39063281                  /usr/lib/x86_64-linux-gnu/libz.so.1.3
7084b3cd3000-7084b3cd9000 r--p 00014000 103:05 39063281                  /usr/lib/x86_64-linux-gnu/libz.so.1.3
7084b3cd9000-7084b3cda000 r--p 0001a000 103:05 39063281                  /usr/lib/x86_64-linux-gnu/libz.so.1.3
7084b3cda000-7084b3cdb000 rw-p 0001b000 103:05 39063281                  /usr/lib/x86_64-linux-gnu/libz.so.1.3
7084b3cdc000-7084b3ce3000 rw-p 00000000 00:00 0 
7084b3ce3000-7084b3ceb000 ---p 00000000 00:00 0 
7084b3ceb000-7084b3cf3000 rw-s 00000000 103:05 26739223                  /tmp/hsperfdata_edov/11232
7084b3cf3000-7084b3cf4000 ---p 00000000 00:00 0 
7084b3cf4000-7084b3cf5000 r--p 00000000 00:00 0 
7084b3cf5000-7084b3cf6000 ---p 00000000 00:00 0 
7084b3cf6000-7084b3cf8000 rw-p 00000000 00:00 0 
7084b3cf8000-7084b3cf9000 r--p 00000000 103:05 39070663                  /usr/lib/x86_64-linux-gnu/ld-linux-x86-64.so.2
7084b3cf9000-7084b3d24000 r-xp 00001000 103:05 39070663                  /usr/lib/x86_64-linux-gnu/ld-linux-x86-64.so.2
7084b3d24000-7084b3d2e000 r--p 0002c000 103:05 39070663                  /usr/lib/x86_64-linux-gnu/ld-linux-x86-64.so.2
7084b3d2e000-7084b3d30000 r--p 00036000 103:05 39070663                  /usr/lib/x86_64-linux-gnu/ld-linux-x86-64.so.2
7084b3d30000-7084b3d32000 rw-p 00038000 103:05 39070663                  /usr/lib/x86_64-linux-gnu/ld-linux-x86-64.so.2
7ffe98c6b000-7ffe98c8d000 rw-p 00000000 00:00 0                          [stack]
7ffe98d15000-7ffe98d19000 r--p 00000000 00:00 0                          [vvar]
7ffe98d19000-7ffe98d1b000 r-xp 00000000 00:00 0                          [vdso]
ffffffffff600000-ffffffffff601000 --xp 00000000 00:00 0                  [vsyscall]
Total number of mappings: 316


VM Arguments:
jvm_args: -Dfile.encoding=UTF-8 --module-path=/home/edov/projects/JCudaWrapper/build/classes 
java_command: main.VectorTest
java_class_path (initial): /home/edov/projects/JCudaWrapper/JCuda-All-10.1.0/jcublas-10.1.0-javadoc.jar:/home/edov/projects/JCudaWrapper/JCuda-All-10.1.0/jcublas-10.1.0-sources.jar:/home/edov/projects/JCudaWrapper/JCuda-All-10.1.0/jcublas-10.1.0.jar:/home/edov/projects/JCudaWrapper/JCuda-All-10.1.0/jcublas-natives-10.1.0-apple-x86_64.jar:/home/edov/projects/JCudaWrapper/JCuda-All-10.1.0/jcublas-natives-10.1.0-javadoc.jar:/home/edov/projects/JCudaWrapper/JCuda-All-10.1.0/jcublas-natives-10.1.0-linux-x86_64.jar:/home/edov/projects/JCudaWrapper/JCuda-All-10.1.0/jcublas-natives-10.1.0-sources.jar:/home/edov/projects/JCudaWrapper/JCuda-All-10.1.0/jcublas-natives-10.1.0-windows-x86_64.jar:/home/edov/projects/JCudaWrapper/JCuda-All-10.1.0/jcublas-natives-10.1.0.jar:/home/edov/projects/JCudaWrapper/JCuda-All-10.1.0/jcuda-10.1.0-javadoc.jar:/home/edov/projects/JCudaWrapper/JCuda-All-10.1.0/jcuda-10.1.0-sources.jar:/home/edov/projects/JCudaWrapper/JCuda-All-10.1.0/jcuda-10.1.0.jar:/home/edov/projects/JCudaWrapper/JCuda-All-10.1.0/jcuda-common-10.1.0-javadoc.jar:/home/edov/projects/JCudaWrapper/JCuda-All-10.1.0/jcuda-common-10.1.0-sources.jar:/home/edov/projects/JCudaWrapper/JCuda-All-10.1.0/jcuda-common-10.1.0.jar:/home/edov/projects/JCudaWrapper/JCuda-All-10.1.0/jcuda-natives-10.1.0-apple-x86_64.jar:/home/edov/projects/JCudaWrapper/JCuda-All-10.1.0/jcuda-natives-10.1.0-javadoc.jar:/home/edov/projects/JCudaWrapper/JCuda-All-10.1.0/jcuda-natives-10.1.0-linux-x86_64.jar:/home/edov/projects/JCudaWrapper/JCuda-All-10.1.0/jcuda-natives-10.1.0-sources.jar:/home/edov/projects/JCudaWrapper/JCuda-All-10.1.0/jcuda-natives-10.1.0-windows-x86_64.jar:/home/edov/projects/JCudaWrapper/JCuda-All-10.1.0/jcuda-natives-10.1.0.jar:/home/edov/projects/JCudaWrapper/JCuda-All-10.1.0/jcudnn-10.1.0-javadoc.jar:/home/edov/projects/JCudaWrapper/JCuda-All-10.1.0/jcudnn-10.1.0-sources.jar:/home/edov/projects/JCudaWrapper/JCuda-All-10.1.0/jcudnn-10.1.0.jar:/home/edov/projects/JCudaWrapper/JCuda-All-10.1.0/jcudnn-natives-10.1.0-apple-x86_64.jar:/home/edov/projects/JCudaWrapper/JCuda-All-10.1.0/jcudnn-natives-10.1.0-javadoc.jar:/home/edov/projects/JCudaWrapper/JCuda-All-10.1.0/jcudnn-natives-10.1.0-linux-x86_64.jar:/home/edov/projects/JCudaWrapper/JCuda-All-10.1.0/jcudnn-natives-10.1.0-sources.jar:/home/edov/projects/JCudaWrapper/JCuda-All-10.1.0/jcudnn-natives-10.1.0-windows-x86_64.jar:/home/edov/projects/JCudaWrapper/JCuda-All-10.1.0/jcudnn-natives-10.1.0.jar:/home/edov/projects/JCudaWrapper/JCuda-All-10.1.0/jcufft-10.1.0-javadoc.jar:/home/edov/projects/JCudaWrapper/JCuda-All-10.1.0/jcufft-10.1.0-sources.jar:/home/edov/projects/JCudaWrapper/JCuda-All-10.1.0/jcufft-10.1.0.jar:/home/edov/projects/JCudaWrapper/JCuda-All-10.1.0/jcufft-natives-10.1.0-apple-x86_64.jar:/home/edov/projects/JCudaWrapper/JCuda-All-10.1.0/jcufft-natives-10.1.0-javadoc.jar:/home/edov/projects/JCudaWrapper/JCuda-All-10.1.0/jcufft-natives-10.1.0-linux-x86_64.jar:/home/edov/projects/JCudaWrapper/JCuda-All-10.1.0/jcufft-natives-10.1.0-sources.jar:/home/edov/projects/JCudaWrapper/JCuda-All-10.1.0/jcufft-natives-10.1.0-windows-x86_64.jar:/home/edov/projects/JCudaWrapper/JCuda-All-10.1.0/jcufft-natives-10.1.0.jar:/home/edov/projects/JCudaWrapper/JCuda-All-10.1.0/jcurand-10.1.0-javadoc.jar:/home/edov/projects/JCudaWrapper/JCuda-All-10.1.0/jcurand-10.1.0-sources.jar:/home/edov/projects/JCudaWrapper/JCuda-All-10.1.0/jcurand-10.1.0.jar:/home/edov/projects/JCudaWrapper/JCuda-All-10.1.0/jcurand-natives-10.1.0-apple-x86_64.jar:/home/edov/projects/JCudaWrapper/JCuda-All-10.1.0/jcurand-natives-10.1.0-javadoc.jar:/home/edov/projects/JCudaWrapper/JCuda-All-10.1.0/jcurand-natives-10.1.0-linux-x86_64.jar:/home/edov/projects/JCudaWrapper/JCuda-All-10.1.0/jcurand-natives-10.1.0-sources.jar:/home/edov/projects/JCudaWrapper/JCuda-All-10.1.0/jcurand-natives-10.1.0-windows-x86_64.jar:/home/edov/projects/JCudaWrapper/JCuda-All-10.1.0/jcurand-natives-10.1.0.jar:/home/edov/projects/JCudaWrapper/JCuda-All-10.1.0/jcusolver-10.1.0-javadoc.jar:/home/edov/projects/JCudaWrapper/JCuda-All-10.1.0/jcusolver-10.1.0-sources.jar:/home/edov/projects/JCudaWrapper/JCuda-All-10.1.0/jcusolver-10.1.0.jar:/home/edov/projects/JCudaWrapper/JCuda-All-10.1.0/jcusolver-natives-10.1.0-apple-x86_64.jar:/home/edov/projects/JCudaWrapper/JCuda-All-10.1.0/jcusolver-natives-10.1.0-javadoc.jar:/home/edov/projects/JCudaWrapper/JCuda-All-10.1.0/jcusolver-natives-10.1.0-linux-x86_64.jar:/home/edov/projects/JCudaWrapper/JCuda-All-10.1.0/jcusolver-natives-10.1.0-sources.jar:/home/edov/projects/JCudaWrapper/JCuda-All-10.1.0/jcusolver-natives-10.1.0-windows-x86_64.jar:/home/edov/projects/JCudaWrapper/JCuda-All-10.1.0/jcusolver-natives-10.1.0.jar:/home/edov/projects/JCudaWrapper/JCuda-All-10.1.0/jcusparse-10.1.0-javadoc.jar:/home/edov/projects/JCudaWrapper/JCuda-All-10.1.0/jcusparse-10.1.0-sources.jar:/home/edov/projects/JCudaWrapper/JCuda-All-10.1.0/jcusparse-10.1.0.jar:/home/edov/projects/JCudaWrapper/JCuda-All-10.1.0/jcusparse-natives-10.1.0-apple-x86_64.jar:/home/edov/projects/JCudaWrapper/JCuda-All-10.1.0/jcusparse-natives-10.1.0-javadoc.jar:/home/edov/projects/JCudaWrapper/JCuda-All-10.1.0/jcusparse-natives-10.1.0-linux-x86_64.jar:/home/edov/projects/JCudaWrapper/JCuda-All-10.1.0/jcusparse-natives-10.1.0-sources.jar:/home/edov/projects/JCudaWrapper/JCuda-All-10.1.0/jcusparse-natives-10.1.0-windows-x86_64.jar:/home/edov/projects/JCudaWrapper/JCuda-All-10.1.0/jcusparse-natives-10.1.0.jar:/home/edov/projects/JCudaWrapper/JCuda-All-10.1.0/jnvgraph-10.1.0-javadoc.jar:/home/edov/projects/JCudaWrapper/JCuda-All-10.1.0/jnvgraph-10.1.0-sources.jar:/home/edov/projects/JCudaWrapper/JCuda-All-10.1.0/jnvgraph-10.1.0.jar:/home/edov/projects/JCudaWrapper/JCuda-All-10.1.0/jnvgraph-natives-10.1.0-apple-x86_64.jar:/home/edov/projects/JCudaWrapper/JCuda-All-10.1.0/jnvgraph-natives-10.1.0-javadoc.jar:/home/edov/projects/JCudaWrapper/JCuda-All-10.1.0/jnvgraph-natives-10.1.0-linux-x86_64.jar:/home/edov/projects/JCudaWrapper/JCuda-All-10.1.0/jnvgraph-natives-10.1.0-sources.jar:/home/edov/projects/JCudaWrapper/JCuda-All-10.1.0/jnvgraph-natives-10.1.0-windows-x86_64.jar:/home/edov/projects/JCudaWrapper/JCuda-All-10.1.0/jnvgraph-natives-10.1.0.jar:/home/edov/projects/JCudaWrapper/commons-math3-3.6.1.jar:/home/edov/projects/JCudaWrapper/build/classes
Launcher Type: SUN_STANDARD

[Global flags]
     intx CICompilerCount                          = 12                                        {product} {ergonomic}
     uint ConcGCThreads                            = 3                                         {product} {ergonomic}
     uint G1ConcRefinementThreads                  = 13                                        {product} {ergonomic}
   size_t G1HeapRegionSize                         = 4194304                                   {product} {ergonomic}
   size_t InitialHeapSize                          = 515899392                                 {product} {ergonomic}
   size_t MarkStackSize                            = 4194304                                   {product} {ergonomic}
   size_t MaxHeapSize                              = 8212447232                                {product} {ergonomic}
   size_t MaxNewSize                               = 4924112896                                {product} {ergonomic}
   size_t MinHeapDeltaBytes                        = 4194304                                   {product} {ergonomic}
   size_t MinHeapSize                              = 8388608                                   {product} {ergonomic}
    uintx NonNMethodCodeHeapSize                   = 7602480                                {pd product} {ergonomic}
    uintx NonProfiledCodeHeapSize                  = 122027880                              {pd product} {ergonomic}
    uintx ProfiledCodeHeapSize                     = 122027880                              {pd product} {ergonomic}
    uintx ReservedCodeCacheSize                    = 251658240                              {pd product} {ergonomic}
     bool SegmentedCodeCache                       = true                                      {product} {ergonomic}
   size_t SoftMaxHeapSize                          = 8212447232                             {manageable} {ergonomic}
     bool UseCompressedOops                        = true                           {product lp64_product} {ergonomic}
     bool UseG1GC                                  = true                                      {product} {ergonomic}

Logging:
Log output configuration:
 #0: stdout all=warning uptime,level,tags foldmultilines=false
 #1: stderr all=off uptime,level,tags foldmultilines=false

Environment Variables:
PATH=/usr/local/sbin:/usr/local/bin:/usr/sbin:/usr/bin:/sbin:/bin:/usr/games:/usr/local/games:/snap/bin:/snap/bin
USERNAME=edov
SHELL=/bin/bash
DISPLAY=:1
LANG=en_IL

Active Locale:
LC_ALL=en_IL
LC_COLLATE=en_IL
LC_CTYPE=en_IL
LC_MESSAGES=en_IL
LC_MONETARY=en_IL
LC_NUMERIC=en_IL
LC_TIME=en_IL

Signal Handlers:
   SIGSEGV: crash_handler in libjvm.so, mask=11100100010111111101111111111110, flags=SA_RESTART|SA_SIGINFO, unblocked
    SIGBUS: crash_handler in libjvm.so, mask=11100100010111111101111111111110, flags=SA_RESTART|SA_SIGINFO, unblocked
    SIGFPE: crash_handler in libjvm.so, mask=11100100010111111101111111111110, flags=SA_RESTART|SA_SIGINFO, unblocked
   SIGPIPE: javaSignalHandler in libjvm.so, mask=11100100010111111101111111111110, flags=SA_RESTART|SA_SIGINFO, blocked
   SIGXFSZ: javaSignalHandler in libjvm.so, mask=11100100010111111101111111111110, flags=SA_RESTART|SA_SIGINFO, blocked
    SIGILL: crash_handler in libjvm.so, mask=11100100010111111101111111111110, flags=SA_RESTART|SA_SIGINFO, unblocked
   SIGUSR2: SR_handler in libjvm.so, mask=00000000000000000000000000000000, flags=SA_RESTART|SA_SIGINFO, blocked
    SIGHUP: UserHandler in libjvm.so, mask=11100100010111111101111111111110, flags=SA_RESTART|SA_SIGINFO, blocked
    SIGINT: SIG_IGN, mask=00000000000000000000000000000000, flags=none, blocked
   SIGTERM: UserHandler in libjvm.so, mask=11100100010111111101111111111110, flags=SA_RESTART|SA_SIGINFO, blocked
   SIGQUIT: UserHandler in libjvm.so, mask=11100100010111111101111111111110, flags=SA_RESTART|SA_SIGINFO, blocked
   SIGTRAP: crash_handler in libjvm.so, mask=11100100010111111101111111111110, flags=SA_RESTART|SA_SIGINFO, unblocked


Periodic native trim disabled

---------------  S Y S T E M  ---------------

OS:
DISTRIB_ID=Ubuntu
DISTRIB_RELEASE=24.04
DISTRIB_CODENAME=noble
DISTRIB_DESCRIPTION="Ubuntu 24.04.1 LTS"
uname: Linux 6.8.0-44-generic #44-Ubuntu SMP PREEMPT_DYNAMIC Tue Aug 13 13:35:26 UTC 2024 x86_64
OS uptime: 0 days 1:08 hours
libc: glibc 2.39 NPTL 2.39 
rlimit (soft/hard): STACK 8192k/infinity , CORE 0k/infinity , NPROC 125013/125013 , NOFILE 1048576/1048576 , AS infinity/infinity , CPU infinity/infinity , DATA infinity/infinity , FSIZE infinity/infinity , MEMLOCK 4009332k/4009332k
load average: 0.19 0.47 0.58

/proc/meminfo:
MemTotal:       32074664 kB
MemFree:        20375752 kB
MemAvailable:   24097052 kB
Buffers:          198068 kB
Cached:          3902400 kB
SwapCached:            0 kB
Active:          7011124 kB
Inactive:        2420844 kB
Active(anon):    5459812 kB
Inactive(anon):        0 kB
Active(file):    1551312 kB
Inactive(file):  2420844 kB
Unevictable:          48 kB
Mlocked:              48 kB
SwapTotal:       2097148 kB
SwapFree:        2097148 kB
Zswap:                 0 kB
Zswapped:              0 kB
Dirty:               316 kB
Writeback:             0 kB
AnonPages:       5331828 kB
Mapped:          1044624 kB
Shmem:            128296 kB
KReclaimable:     213624 kB
Slab:             530340 kB
SReclaimable:     213624 kB
SUnreclaim:       316716 kB
KernelStack:       25296 kB
PageTables:        64380 kB
SecPageTables:         0 kB
NFS_Unstable:          0 kB
Bounce:                0 kB
WritebackTmp:          0 kB
CommitLimit:    18134480 kB
Committed_AS:   32211420 kB
VmallocTotal:   34359738367 kB
VmallocUsed:      167664 kB
VmallocChunk:          0 kB
Percpu:            18752 kB
HardwareCorrupted:     0 kB
AnonHugePages:         0 kB
ShmemHugePages:        0 kB
ShmemPmdMapped:        0 kB
FileHugePages:         0 kB
FilePmdMapped:         0 kB
Unaccepted:            0 kB
HugePages_Total:       0
HugePages_Free:        0
HugePages_Rsvd:        0
HugePages_Surp:        0
Hugepagesize:       2048 kB
Hugetlb:               0 kB
DirectMap4k:     1894888 kB
DirectMap2M:    17231872 kB
DirectMap1G:    14680064 kB

/sys/kernel/mm/transparent_hugepage/enabled: always [madvise] never
/sys/kernel/mm/transparent_hugepage/hpage_pmd_size: 2097152
/sys/kernel/mm/transparent_hugepage/shmem_enabled: always within_size advise [never] deny force
/sys/kernel/mm/transparent_hugepage/defrag (defrag/compaction efforts parameter): always defer defer+madvise [madvise] never

Process Memory:
Virtual Size: 16576488K (peak: 16576488K)
Resident Set Size: 347424K (peak: 347424K) (anon: 188368K, file: 150864K, shmem: 8192K)
Swapped out: 0K
C-Heap outstanding allocations: 263869K, retained: 5306K
glibc malloc tunables: (default)

/proc/sys/kernel/threads-max (system-wide limit on the number of threads): 250027
/proc/sys/vm/max_map_count (maximum number of memory map areas a process may have): 1048576
/proc/sys/vm/swappiness (control to define how aggressively the kernel swaps out anonymous memory): 60
/proc/sys/kernel/pid_max (system-wide limit on number of process identifiers): 4194304

container (cgroup) information:
container_type: cgroupv2
cpu_cpuset_cpus: not supported
cpu_memory_nodes: not supported
active_processor_count: 16
cpu_quota: not supported
cpu_period: not supported
cpu_shares: not supported
memory_limit_in_bytes: unlimited
memory_and_swap_limit_in_bytes: unlimited
memory_soft_limit_in_bytes: unlimited
memory_usage_in_bytes: 3078884 k
memory_max_usage_in_bytes: not supported
memory_swap_current_in_bytes: unlimited
memory_swap_max_limit_in_bytes: unlimited
maximum number of tasks: 37504
current number of tasks: 127

Steal ticks since vm start: 0
Steal ticks percentage since vm start:  0.000

CPU: total 16 (initial active 16) (16 cores per cpu, 2 threads per core) family 25 model 68 stepping 1 microcode 0xa404101, cx8, cmov, fxsr, ht, mmx, 3dnowpref, sse, sse2, sse3, ssse3, sse4a, sse4.1, sse4.2, popcnt, lzcnt, tsc, tscinvbit, avx, avx2, aes, clmul, bmi1, bmi2, adx, sha, fma, vzeroupper, clflush, clflushopt, rdtscp, rdpid, f16c, pku, ospke, cet_ss
CPU Model and flags from /proc/cpuinfo:
model name	: AMD Ryzen 9 6900HS with Radeon Graphics
flags		: fpu vme de pse tsc msr pae mce cx8 apic sep mtrr pge mca cmov pat pse36 clflush mmx fxsr sse sse2 ht syscall nx mmxext fxsr_opt pdpe1gb rdtscp lm constant_tsc rep_good nopl nonstop_tsc cpuid extd_apicid aperfmperf rapl pni pclmulqdq monitor ssse3 fma cx16 sse4_1 sse4_2 x2apic movbe popcnt aes xsave avx f16c rdrand lahf_lm cmp_legacy svm extapic cr8_legacy abm sse4a misalignsse 3dnowprefetch osvw ibs skinit wdt tce topoext perfctr_core perfctr_nb bpext perfctr_llc mwaitx cpb cat_l3 cdp_l3 hw_pstate ssbd mba ibrs ibpb stibp vmmcall fsgsbase bmi1 avx2 smep bmi2 invpcid cqm rdt_a rdseed adx smap clflushopt clwb sha_ni xsaveopt xsavec xgetbv1 xsaves cqm_llc cqm_occup_llc cqm_mbm_total cqm_mbm_local user_shstk clzero irperf xsaveerptr rdpru wbnoinvd cppc arat npt lbrv svm_lock nrip_save tsc_scale vmcb_clean flushbyasid decodeassists pausefilter pfthreshold avic v_vmsave_vmload vgif v_spec_ctrl umip pku ospke vaes vpclmulqdq rdpid overflow_recov succor smca debug_swap

Online cpus: 0-15
Offline cpus: 
BIOS frequency limitation: <Not Available>
Frequency switch latency (ns): 0
Available cpu frequencies: <Not Available>
Current governor: powersave
Core performance/turbo boost: <Not Available>

Memory: 4k page, physical 32074664k(24097052k free), swap 2097148k(2097148k free)
Page Sizes: 4k

vm_info: Java HotSpot(TM) 64-Bit Server VM (22.0.2+9-70) for linux-amd64 JRE (22.0.2+9-70), built on 2024-06-04T16:52:23Z by "mach5one" with gcc 13.2.0

END.
