#
# A fatal error has been detected by the Java Runtime Environment:
#
#  SIGSEGV (0xb) at pc=0x000071034b0d1bb8, pid=8016, tid=8021
#
# JRE version: Java(TM) SE Runtime Environment (22.0.2+9) (build 22.0.2+9-70)
# Java VM: Java HotSpot(TM) 64-Bit Server VM (22.0.2+9-70, mixed mode, sharing, tiered, compressed oops, compressed class ptrs, g1 gc, linux-amd64)
# Problematic frame:
# C  [libcublas.so.10+0xd1bb8]
#
# Core dump will be written. Default location: Core dumps may be processed with "/usr/share/apport/apport -p%p -s%s -c%c -d%d -P%P -u%u -g%g -- %E" (or dumping to /home/edov/projects/JCudaWrapper/core.8016)
#
# If you would like to submit a bug report, please visit:
#   https://bugreport.java.com/bugreport/crash.jsp
# The crash happened outside the Java Virtual Machine in native code.
# See problematic frame for where to report the bug.
#

---------------  S U M M A R Y ------------

Command Line: -Dfile.encoding=UTF-8 --module-path=/home/edov/projects/JCudaWrapper/build/classes main.VectorTest

Host: AMD Ryzen 9 6900HS with Radeon Graphics, 16 cores, 30G, Ubuntu 24.04.1 LTS
Time: Tue Sep 17 08:08:09 2024 IDT elapsed time: 0.525397 seconds (0d 0h 0m 0s)

---------------  T H R E A D  ---------------

Current thread (0x000071042802d4c0):  JavaThread "main"             [_thread_in_native, id=8021, stack(0x0000710430f00000,0x0000710431000000) (1024K)]

Stack: [0x0000710430f00000,0x0000710431000000],  sp=0x0000710430ffe320,  free space=1016k
Native frames: (J=compiled Java code, j=interpreted, Vv=VM code, C=native code)
C  [libcublas.so.10+0xd1bb8]
Java frames: (J=compiled Java code, j=interpreted, Vv=VM code)
j  jcuda.jcublas.JCublas2.cublasDnrm2Native(Ljcuda/jcublas/cublasHandle;ILjcuda/Pointer;ILjcuda/Pointer;)I+0
j  jcuda.jcublas.JCublas2.cublasDnrm2(Ljcuda/jcublas/cublasHandle;ILjcuda/Pointer;ILjcuda/Pointer;)I+6
j  storage.DArray.norm(LprocessSupport/Handle;Lstorage/DSingleton;)Lstorage/DSingleton;+28
j  storage.DArray.norm(LprocessSupport/Handle;)Lstorage/DSingleton;+9
j  algebra.Vector.getNorm()D+8
j  algebra.Vector.equals(Lalgebra/Vector;D)Z+5
j  algebra.Vector.equals(Lalgebra/Vector;)Z+5
j  main.VectorTest.main([Ljava/lang/String;)V+147
v  ~StubRoutines::call_stub 0x000071041805fcc6

siginfo: si_signo: 11 (SIGSEGV), si_code: 2 (SEGV_ACCERR), si_addr: 0x0000710300e21000

Registers:
RAX=0x0000000000000000, RBX=0x0000000000000001, RCX=0x0000000000000001, RDX=0x0000000000000007
RSP=0x0000710430ffe320, RBP=0x0000000000000006, RSI=0x0000000000000006, RDI=0x0000710307d62110
R8 =0x0000710300e21000, R9 =0x0000000634ce52a0, R10=0x000071034b004380, R11=0x000071034b0cb5b0
R12=0x0000710307d62110, R13=0x0000000000000001, R14=0x0000710300e21000, R15=0x0000710300e20e00
RIP=0x000071034b0d1bb8, EFLAGS=0x0000000000010206, CSGSFS=0x002b000000000033, ERR=0x0000000000000006
  TRAPNO=0x000000000000000e


Register to memory mapping:

RAX=0x0 is null
RBX=0x0000000000000001 is an unknown value
RCX=0x0000000000000001 is an unknown value
RDX=0x0000000000000007 is an unknown value
RSP=0x0000710430ffe320 is pointing into the stack for thread: 0x000071042802d4c0
RBP=0x0000000000000006 is an unknown value
RSI=0x0000000000000006 is an unknown value
RDI=0x0000710307d62110 points into unknown readable memory: 0x7fffffff00000200 | 00 02 00 00 ff ff ff 7f
R8 =0x0000710300e21000 is an unknown value
R9 =0x0000000634ce52a0 is an oop: jcuda.driver.CUdeviceptr 
{0x0000000634ce52a0} - klass: 'jcuda/driver/CUdeviceptr'
 - ---- fields (total size 5 words):
 - private 'nativePointer' 'J' @16  124257713655808 (0x0000710300e21000)
 - private 'buffer' 'Ljava/nio/Buffer;' @12  null (0x00000000)
 - private 'byteOffset' 'J' @24  0 (0x0000000000000000)
 - private 'pointers' '[Ljcuda/NativePointerObject;' @32  null (0x00000000)
R10=0x000071034b004380: <offset 0x0000000000004380> in /lib/x86_64-linux-gnu/libcublas.so.10 at 0x000071034b000000
R11=0x000071034b0cb5b0: cublasDnrm2_v2+0x0000000000000000 in /lib/x86_64-linux-gnu/libcublas.so.10 at 0x000071034b000000
R12=0x0000710307d62110 points into unknown readable memory: 0x7fffffff00000200 | 00 02 00 00 ff ff ff 7f
R13=0x0000000000000001 is an unknown value
R14=0x0000710300e21000 is an unknown value
R15=0x0000710300e20e00 is an unknown value

Top of Stack: (sp=0x0000710430ffe320)
0x0000710430ffe320:   2020202020202020 0000000000000000
0x0000710430ffe330:   0000000000000000 0000710300e20e00
0x0000710430ffe340:   0000000000000000 0000000000000000
0x0000710430ffe350:   0000000000000000 0000000000000000
0x0000710430ffe360:   0000000000000000 00007104281381c0
0x0000710430ffe370:   0000710430ffe390 0000710430699906
0x0000710430ffe380:   00007104080de680 000000062802e050
0x0000710430ffe390:   0000710430ffe3c0 00007104306d14d8
0x0000710430ffe3a0:   0000710428145460 d347f59965c06900
0x0000710430ffe3b0:   0000000000000001 0000710430ffe688
0x0000710430ffe3c0:   0000000000000002 8000000000000006
0x0000710430ffe3d0:   0000000000000000 0000000000000000
0x0000710430ffe3e0:   0000000000000000 0000000000000000
0x0000710430ffe3f0:   0000000000000000 0000000000000000
0x0000710430ffe400:   000071042802d4c0 0000000000000000
0x0000710430ffe410:   0000710430ffe430 0000710430394377
0x0000710430ffe420:   000071042802e128 00007102fd586ab0
0x0000710430ffe430:   0000000000000000 00007103a040a588
0x0000710430ffe440:   0000710430ffe460 00007104080befc5
0x0000710430ffe450:   0000710430ffe668 00007103a040a588
0x0000710430ffe460:   0000710430ffe5c0 0000000000000000
0x0000710430ffe470:   00007103a040a588 0000710430ffe688
0x0000710430ffe480:   0000710300e20e00 000071034b0cb5fe
0x0000710430ffe490:   0000710430ffe4c0 0000710307d62110
0x0000710430ffe4a0:   0000710430ffe4c0 0000710300e21000
0x0000710430ffe4b0:   0000000600000001 0000710307d62110
0x0000710430ffe4c0:   0000710430ffe540 00007104080bfac8
0x0000710430ffe4d0:   0000710430ffe668 000071042802d880
0x0000710430ffe4e0:   000071042802d400 0000010000000062
0x0000710430ffe4f0:   0000710430ffe678 000071042802d880
0x0000710430ffe500:   0000000000000000 00007104080bfdc5
0x0000710430ffe510:   0000000000000000 00007103a040a588 

Instructions: (pc=0x000071034b0d1bb8)
0x000071034b0d1ab8:   ff 4c 8b 8c 24 18 01 00 00 48 8b b4 24 c0 00 00
0x000071034b0d1ac8:   00 48 89 ef 8b 94 24 c8 00 00 00 48 8b 8c 24 b0
0x000071034b0d1ad8:   00 00 00 44 8b 84 24 b8 00 00 00 4c 8b 9c 24 10
0x000071034b0d1ae8:   01 00 00 4c 89 0c 24 4c 8d 8c 24 20 01 00 00 48
0x000071034b0d1af8:   89 b4 24 90 00 00 00 89 94 24 98 00 00 00 48 89
0x000071034b0d1b08:   8c 24 a0 00 00 00 44 89 84 24 a8 00 00 00 4c 89
0x000071034b0d1b18:   5c 24 08 e8 80 bb 50 00 e9 6d fe ff ff 48 03 9c
0x000071034b0d1b28:   24 28 01 00 00 4d 8b 44 24 48 b9 03 00 00 00 ba
0x000071034b0d1b38:   08 00 00 00 4c 89 f7 48 89 de e8 f9 e5 50 00 e9
0x000071034b0d1b48:   9a fe ff ff 90 90 90 90 48 89 6c 24 d8 4c 89 64
0x000071034b0d1b58:   24 e0 89 f5 4c 89 6c 24 e8 4c 89 74 24 f0 49 89
0x000071034b0d1b68:   fc 48 89 5c 24 d0 4c 89 7c 24 f8 48 81 ec 68 01
0x000071034b0d1b78:   00 00 48 85 ff 48 89 54 24 18 41 89 cd 4d 89 c6
0x000071034b0d1b88:   0f 84 85 01 00 00 8b 5f 38 85 db 0f 84 7a 01 00
0x000071034b0d1b98:   00 4d 85 c0 ba 07 00 00 00 0f 84 ff 00 00 00 8b
0x000071034b0d1ba8:   47 50 85 c0 89 44 24 2c 0f 85 2a 01 00 00 85 f6
0x000071034b0d1bb8:   49 c7 00 00 00 00 00 0f 8e 4a 01 00 00 85 c9 0f
0x000071034b0d1bc8:   8e 42 01 00 00 48 8b 35 94 83 bd 04 31 c9 4c 89
0x000071034b0d1bd8:   e7 48 89 f2 48 89 74 24 10 be 80 00 00 00 e8 d5
0x000071034b0d1be8:   39 fe ff 85 c0 ba 0d 00 00 00 0f 8e ae 00 00 00
0x000071034b0d1bf8:   39 e8 41 89 ef 49 8d 54 24 78 44 0f 4e f8 42 8d
0x000071034b0d1c08:   1c fd 08 00 00 00 48 89 d7 48 89 54 24 20 e8 75
0x000071034b0d1c18:   88 f5 ff 39 c3 0f 8f ca 01 00 00 48 8b 7c 24 20
0x000071034b0d1c28:   48 8d b4 24 28 01 00 00 89 da e8 79 91 f5 ff 85
0x000071034b0d1c38:   c0 89 c2 75 69 48 63 d3 48 c7 44 24 70 00 00 00
0x000071034b0d1c48:   00 48 c7 44 24 78 00 00 00 00 48 81 fa ff ff 00
0x000071034b0d1c58:   00 48 c7 84 24 80 00 00 00 00 00 00 00 48 c7 84
0x000071034b0d1c68:   24 88 00 00 00 00 00 00 00 49 8b 4c 24 48 48 8b
0x000071034b0d1c78:   bc 24 28 01 00 00 0f 87 9c 00 00 00 49 8d b4 24
0x000071034b0d1c88:   d8 00 00 00 49 89 c8 b9 01 00 00 00 e8 a7 e4 50
0x000071034b0d1c98:   00 85 c0 0f 84 8e 00 00 00 ba 0e 00 00 00 48 8b
0x000071034b0d1ca8:   9c 24 38 01 00 00 48 8b ac 24 40 01 00 00 89 d0 


Stack slot to memory mapping:

stack at sp + 0 slots: 0x2020202020202020 is an unknown value
stack at sp + 1 slots: 0x0 is null
stack at sp + 2 slots: 0x0 is null
stack at sp + 3 slots: 0x0000710300e20e00 is an unknown value
stack at sp + 4 slots: 0x0 is null
stack at sp + 5 slots: 0x0 is null
stack at sp + 6 slots: 0x0 is null
stack at sp + 7 slots: 0x0 is null


---------------  P R O C E S S  ---------------

Threads class SMR info:
_java_thread_list=0x00007102fd57a170, length=13, elements={
0x000071042802d4c0, 0x000071042814c560, 0x000071042814dbb0, 0x000071042814f690,
0x0000710428150cd0, 0x0000710428152270, 0x0000710428153e10, 0x0000710428155520,
0x0000710428174b80, 0x000071037005eaf0, 0x0000710364009980, 0x00007104281afb50,
0x00007102fd57a6f0
}

Java Threads: ( => current thread )
=>0x000071042802d4c0 JavaThread "main"                              [_thread_in_native, id=8021, stack(0x0000710430f00000,0x0000710431000000) (1024K)]
  0x000071042814c560 JavaThread "Reference Handler"          daemon [_thread_blocked, id=8029, stack(0x00007104084f6000,0x00007104085f6000) (1024K)]
  0x000071042814dbb0 JavaThread "Finalizer"                  daemon [_thread_blocked, id=8030, stack(0x00007104083f6000,0x00007104084f6000) (1024K)]
  0x000071042814f690 JavaThread "Signal Dispatcher"          daemon [_thread_blocked, id=8031, stack(0x00007104082f6000,0x00007104083f6000) (1024K)]
  0x0000710428150cd0 JavaThread "Service Thread"             daemon [_thread_blocked, id=8032, stack(0x00007104081f6000,0x00007104082f6000) (1024K)]
  0x0000710428152270 JavaThread "Monitor Deflation Thread"   daemon [_thread_blocked, id=8033, stack(0x00007104080f6000,0x00007104081f6000) (1024K)]
  0x0000710428153e10 JavaThread "C2 CompilerThread0"         daemon [_thread_blocked, id=8034, stack(0x0000710401900000,0x0000710401a00000) (1024K)]
  0x0000710428155520 JavaThread "C1 CompilerThread0"         daemon [_thread_blocked, id=8035, stack(0x0000710401800000,0x0000710401900000) (1024K)]
  0x0000710428174b80 JavaThread "Common-Cleaner"             daemon [_thread_blocked, id=8036, stack(0x0000710401700000,0x0000710401800000) (1024K)]
  0x000071037005eaf0 JavaThread "C1 CompilerThread1"         daemon [_thread_blocked, id=8037, stack(0x0000710401600000,0x0000710401700000) (1024K)]
  0x0000710364009980 JavaThread "C1 CompilerThread2"         daemon [_thread_blocked, id=8038, stack(0x0000710401500000,0x0000710401600000) (1024K)]
  0x00007104281afb50 JavaThread "Notification Thread"        daemon [_thread_blocked, id=8040, stack(0x0000710401300000,0x0000710401400000) (1024K)]
  0x00007102fd57a6f0 JavaThread "pool-1-thread-1"            daemon [_thread_blocked, id=8044, stack(0x0000710401400000,0x0000710401500000) (1024K)]
Total: 13

Other Threads:
  0x000071042813ee20 VMThread "VM Thread"                           [id=8028, stack(0x00007104085f7000,0x00007104086f7000) (1024K)]
  0x0000710428124940 WatcherThread "VM Periodic Task Thread"        [id=8027, stack(0x00007104086f8000,0x00007104087f8000) (1024K)]
  0x0000710428058c90 WorkerThread "GC Thread#0"                     [id=8022, stack(0x000071042c900000,0x000071042ca00000) (1024K)]
  0x0000710428069790 ConcurrentGCThread "G1 Main Marker"            [id=8023, stack(0x000071042c7ff000,0x000071042c8ff000) (1024K)]
  0x000071042806a730 WorkerThread "G1 Conc#0"                       [id=8024, stack(0x000071042c6fe000,0x000071042c7fe000) (1024K)]
  0x0000710428112270 ConcurrentGCThread "G1 Refine#0"               [id=8025, stack(0x00007104088fa000,0x00007104089fa000) (1024K)]
  0x0000710428113230 ConcurrentGCThread "G1 Service"                [id=8026, stack(0x00007104087f9000,0x00007104088f9000) (1024K)]
Total: 7

Threads with active compile tasks:
Total: 0

VM state: not at safepoint (normal execution)

VM Mutex/Monitor currently owned by a thread: None

Heap address: 0x0000000616800000, size: 7832 MB, Compressed Oops mode: Zero based, Oop shift amount: 3

CDS archive(s) mapped at: [0x00007103aa000000-0x00007103aac7a000-0x00007103aac7a000), size 13082624, SharedBaseAddress: 0x00007103aa000000, ArchiveRelocationMode: 1.
Compressed class space mapped at: 0x00007103ab000000-0x00007103eb000000, reserved size: 1073741824
Narrow klass base: 0x00007103aa000000, Narrow klass shift: 0, Narrow klass range: 0x100000000

GC Precious Log:
 CardTable entry size: 512
 Card Set container configuration: InlinePtr #cards 4 size 8 Array Of Cards #cards 32 size 80 Howl #buckets 8 coarsen threshold 7372 Howl Bitmap #cards 1024 size 144 coarsen threshold 921 Card regions per heap region 1 cards per card region 8192
 CPUs: 16 total, 16 available
 Memory: 31322M
 Large Page Support: Disabled
 NUMA Support: Disabled
 Compressed Oops: Enabled (Zero based)
 Heap Region Size: 4M
 Heap Min Capacity: 8M
 Heap Initial Capacity: 492M
 Heap Max Capacity: 7832M
 Pre-touch: Disabled
 Parallel Workers: 13
 Concurrent Workers: 3
 Concurrent Refinement Workers: 13
 Periodic GC: Disabled

Heap:
 garbage-first heap   total reserved 8019968K, committed 507904K, used 5155K [0x0000000616800000, 0x0000000800000000)
  region size 4096K, 2 young (8192K), 0 survivors (0K)
 Metaspace       used 1223K, committed 1344K, reserved 1114112K
  class space    used 93K, committed 128K, reserved 1048576K

Heap Regions: E=young(eden), S=young(survivor), O=old, HS=humongous(starts), HC=humongous(continues), CS=collection set, F=free, TAMS=top-at-mark-start, PB=parsable bottom
|   0|0x0000000616800000, 0x0000000616800000, 0x0000000616c00000|  0%| F|  |TAMS 0x0000000616800000| PB 0x0000000616800000| Untracked |  0
|   1|0x0000000616c00000, 0x0000000616c00000, 0x0000000617000000|  0%| F|  |TAMS 0x0000000616c00000| PB 0x0000000616c00000| Untracked |  0
|   2|0x0000000617000000, 0x0000000617000000, 0x0000000617400000|  0%| F|  |TAMS 0x0000000617000000| PB 0x0000000617000000| Untracked |  0
|   3|0x0000000617400000, 0x0000000617400000, 0x0000000617800000|  0%| F|  |TAMS 0x0000000617400000| PB 0x0000000617400000| Untracked |  0
|   4|0x0000000617800000, 0x0000000617800000, 0x0000000617c00000|  0%| F|  |TAMS 0x0000000617800000| PB 0x0000000617800000| Untracked |  0
|   5|0x0000000617c00000, 0x0000000617c00000, 0x0000000618000000|  0%| F|  |TAMS 0x0000000617c00000| PB 0x0000000617c00000| Untracked |  0
|   6|0x0000000618000000, 0x0000000618000000, 0x0000000618400000|  0%| F|  |TAMS 0x0000000618000000| PB 0x0000000618000000| Untracked |  0
|   7|0x0000000618400000, 0x0000000618400000, 0x0000000618800000|  0%| F|  |TAMS 0x0000000618400000| PB 0x0000000618400000| Untracked |  0
|   8|0x0000000618800000, 0x0000000618800000, 0x0000000618c00000|  0%| F|  |TAMS 0x0000000618800000| PB 0x0000000618800000| Untracked |  0
|   9|0x0000000618c00000, 0x0000000618c00000, 0x0000000619000000|  0%| F|  |TAMS 0x0000000618c00000| PB 0x0000000618c00000| Untracked |  0
|  10|0x0000000619000000, 0x0000000619000000, 0x0000000619400000|  0%| F|  |TAMS 0x0000000619000000| PB 0x0000000619000000| Untracked |  0
|  11|0x0000000619400000, 0x0000000619400000, 0x0000000619800000|  0%| F|  |TAMS 0x0000000619400000| PB 0x0000000619400000| Untracked |  0
|  12|0x0000000619800000, 0x0000000619800000, 0x0000000619c00000|  0%| F|  |TAMS 0x0000000619800000| PB 0x0000000619800000| Untracked |  0
|  13|0x0000000619c00000, 0x0000000619c00000, 0x000000061a000000|  0%| F|  |TAMS 0x0000000619c00000| PB 0x0000000619c00000| Untracked |  0
|  14|0x000000061a000000, 0x000000061a000000, 0x000000061a400000|  0%| F|  |TAMS 0x000000061a000000| PB 0x000000061a000000| Untracked |  0
|  15|0x000000061a400000, 0x000000061a400000, 0x000000061a800000|  0%| F|  |TAMS 0x000000061a400000| PB 0x000000061a400000| Untracked |  0
|  16|0x000000061a800000, 0x000000061a800000, 0x000000061ac00000|  0%| F|  |TAMS 0x000000061a800000| PB 0x000000061a800000| Untracked |  0
|  17|0x000000061ac00000, 0x000000061ac00000, 0x000000061b000000|  0%| F|  |TAMS 0x000000061ac00000| PB 0x000000061ac00000| Untracked |  0
|  18|0x000000061b000000, 0x000000061b000000, 0x000000061b400000|  0%| F|  |TAMS 0x000000061b000000| PB 0x000000061b000000| Untracked |  0
|  19|0x000000061b400000, 0x000000061b400000, 0x000000061b800000|  0%| F|  |TAMS 0x000000061b400000| PB 0x000000061b400000| Untracked |  0
|  20|0x000000061b800000, 0x000000061b800000, 0x000000061bc00000|  0%| F|  |TAMS 0x000000061b800000| PB 0x000000061b800000| Untracked |  0
|  21|0x000000061bc00000, 0x000000061bc00000, 0x000000061c000000|  0%| F|  |TAMS 0x000000061bc00000| PB 0x000000061bc00000| Untracked |  0
|  22|0x000000061c000000, 0x000000061c000000, 0x000000061c400000|  0%| F|  |TAMS 0x000000061c000000| PB 0x000000061c000000| Untracked |  0
|  23|0x000000061c400000, 0x000000061c400000, 0x000000061c800000|  0%| F|  |TAMS 0x000000061c400000| PB 0x000000061c400000| Untracked |  0
|  24|0x000000061c800000, 0x000000061c800000, 0x000000061cc00000|  0%| F|  |TAMS 0x000000061c800000| PB 0x000000061c800000| Untracked |  0
|  25|0x000000061cc00000, 0x000000061cc00000, 0x000000061d000000|  0%| F|  |TAMS 0x000000061cc00000| PB 0x000000061cc00000| Untracked |  0
|  26|0x000000061d000000, 0x000000061d000000, 0x000000061d400000|  0%| F|  |TAMS 0x000000061d000000| PB 0x000000061d000000| Untracked |  0
|  27|0x000000061d400000, 0x000000061d400000, 0x000000061d800000|  0%| F|  |TAMS 0x000000061d400000| PB 0x000000061d400000| Untracked |  0
|  28|0x000000061d800000, 0x000000061d800000, 0x000000061dc00000|  0%| F|  |TAMS 0x000000061d800000| PB 0x000000061d800000| Untracked |  0
|  29|0x000000061dc00000, 0x000000061dc00000, 0x000000061e000000|  0%| F|  |TAMS 0x000000061dc00000| PB 0x000000061dc00000| Untracked |  0
|  30|0x000000061e000000, 0x000000061e000000, 0x000000061e400000|  0%| F|  |TAMS 0x000000061e000000| PB 0x000000061e000000| Untracked |  0
|  31|0x000000061e400000, 0x000000061e400000, 0x000000061e800000|  0%| F|  |TAMS 0x000000061e400000| PB 0x000000061e400000| Untracked |  0
|  32|0x000000061e800000, 0x000000061e800000, 0x000000061ec00000|  0%| F|  |TAMS 0x000000061e800000| PB 0x000000061e800000| Untracked |  0
|  33|0x000000061ec00000, 0x000000061ec00000, 0x000000061f000000|  0%| F|  |TAMS 0x000000061ec00000| PB 0x000000061ec00000| Untracked |  0
|  34|0x000000061f000000, 0x000000061f000000, 0x000000061f400000|  0%| F|  |TAMS 0x000000061f000000| PB 0x000000061f000000| Untracked |  0
|  35|0x000000061f400000, 0x000000061f400000, 0x000000061f800000|  0%| F|  |TAMS 0x000000061f400000| PB 0x000000061f400000| Untracked |  0
|  36|0x000000061f800000, 0x000000061f800000, 0x000000061fc00000|  0%| F|  |TAMS 0x000000061f800000| PB 0x000000061f800000| Untracked |  0
|  37|0x000000061fc00000, 0x000000061fc00000, 0x0000000620000000|  0%| F|  |TAMS 0x000000061fc00000| PB 0x000000061fc00000| Untracked |  0
|  38|0x0000000620000000, 0x0000000620000000, 0x0000000620400000|  0%| F|  |TAMS 0x0000000620000000| PB 0x0000000620000000| Untracked |  0
|  39|0x0000000620400000, 0x0000000620400000, 0x0000000620800000|  0%| F|  |TAMS 0x0000000620400000| PB 0x0000000620400000| Untracked |  0
|  40|0x0000000620800000, 0x0000000620800000, 0x0000000620c00000|  0%| F|  |TAMS 0x0000000620800000| PB 0x0000000620800000| Untracked |  0
|  41|0x0000000620c00000, 0x0000000620c00000, 0x0000000621000000|  0%| F|  |TAMS 0x0000000620c00000| PB 0x0000000620c00000| Untracked |  0
|  42|0x0000000621000000, 0x0000000621000000, 0x0000000621400000|  0%| F|  |TAMS 0x0000000621000000| PB 0x0000000621000000| Untracked |  0
|  43|0x0000000621400000, 0x0000000621400000, 0x0000000621800000|  0%| F|  |TAMS 0x0000000621400000| PB 0x0000000621400000| Untracked |  0
|  44|0x0000000621800000, 0x0000000621800000, 0x0000000621c00000|  0%| F|  |TAMS 0x0000000621800000| PB 0x0000000621800000| Untracked |  0
|  45|0x0000000621c00000, 0x0000000621c00000, 0x0000000622000000|  0%| F|  |TAMS 0x0000000621c00000| PB 0x0000000621c00000| Untracked |  0
|  46|0x0000000622000000, 0x0000000622000000, 0x0000000622400000|  0%| F|  |TAMS 0x0000000622000000| PB 0x0000000622000000| Untracked |  0
|  47|0x0000000622400000, 0x0000000622400000, 0x0000000622800000|  0%| F|  |TAMS 0x0000000622400000| PB 0x0000000622400000| Untracked |  0
|  48|0x0000000622800000, 0x0000000622800000, 0x0000000622c00000|  0%| F|  |TAMS 0x0000000622800000| PB 0x0000000622800000| Untracked |  0
|  49|0x0000000622c00000, 0x0000000622c00000, 0x0000000623000000|  0%| F|  |TAMS 0x0000000622c00000| PB 0x0000000622c00000| Untracked |  0
|  50|0x0000000623000000, 0x0000000623000000, 0x0000000623400000|  0%| F|  |TAMS 0x0000000623000000| PB 0x0000000623000000| Untracked |  0
|  51|0x0000000623400000, 0x0000000623400000, 0x0000000623800000|  0%| F|  |TAMS 0x0000000623400000| PB 0x0000000623400000| Untracked |  0
|  52|0x0000000623800000, 0x0000000623800000, 0x0000000623c00000|  0%| F|  |TAMS 0x0000000623800000| PB 0x0000000623800000| Untracked |  0
|  53|0x0000000623c00000, 0x0000000623c00000, 0x0000000624000000|  0%| F|  |TAMS 0x0000000623c00000| PB 0x0000000623c00000| Untracked |  0
|  54|0x0000000624000000, 0x0000000624000000, 0x0000000624400000|  0%| F|  |TAMS 0x0000000624000000| PB 0x0000000624000000| Untracked |  0
|  55|0x0000000624400000, 0x0000000624400000, 0x0000000624800000|  0%| F|  |TAMS 0x0000000624400000| PB 0x0000000624400000| Untracked |  0
|  56|0x0000000624800000, 0x0000000624800000, 0x0000000624c00000|  0%| F|  |TAMS 0x0000000624800000| PB 0x0000000624800000| Untracked |  0
|  57|0x0000000624c00000, 0x0000000624c00000, 0x0000000625000000|  0%| F|  |TAMS 0x0000000624c00000| PB 0x0000000624c00000| Untracked |  0
|  58|0x0000000625000000, 0x0000000625000000, 0x0000000625400000|  0%| F|  |TAMS 0x0000000625000000| PB 0x0000000625000000| Untracked |  0
|  59|0x0000000625400000, 0x0000000625400000, 0x0000000625800000|  0%| F|  |TAMS 0x0000000625400000| PB 0x0000000625400000| Untracked |  0
|  60|0x0000000625800000, 0x0000000625800000, 0x0000000625c00000|  0%| F|  |TAMS 0x0000000625800000| PB 0x0000000625800000| Untracked |  0
|  61|0x0000000625c00000, 0x0000000625c00000, 0x0000000626000000|  0%| F|  |TAMS 0x0000000625c00000| PB 0x0000000625c00000| Untracked |  0
|  62|0x0000000626000000, 0x0000000626000000, 0x0000000626400000|  0%| F|  |TAMS 0x0000000626000000| PB 0x0000000626000000| Untracked |  0
|  63|0x0000000626400000, 0x0000000626400000, 0x0000000626800000|  0%| F|  |TAMS 0x0000000626400000| PB 0x0000000626400000| Untracked |  0
|  64|0x0000000626800000, 0x0000000626800000, 0x0000000626c00000|  0%| F|  |TAMS 0x0000000626800000| PB 0x0000000626800000| Untracked |  0
|  65|0x0000000626c00000, 0x0000000626c00000, 0x0000000627000000|  0%| F|  |TAMS 0x0000000626c00000| PB 0x0000000626c00000| Untracked |  0
|  66|0x0000000627000000, 0x0000000627000000, 0x0000000627400000|  0%| F|  |TAMS 0x0000000627000000| PB 0x0000000627000000| Untracked |  0
|  67|0x0000000627400000, 0x0000000627400000, 0x0000000627800000|  0%| F|  |TAMS 0x0000000627400000| PB 0x0000000627400000| Untracked |  0
|  68|0x0000000627800000, 0x0000000627800000, 0x0000000627c00000|  0%| F|  |TAMS 0x0000000627800000| PB 0x0000000627800000| Untracked |  0
|  69|0x0000000627c00000, 0x0000000627c00000, 0x0000000628000000|  0%| F|  |TAMS 0x0000000627c00000| PB 0x0000000627c00000| Untracked |  0
|  70|0x0000000628000000, 0x0000000628000000, 0x0000000628400000|  0%| F|  |TAMS 0x0000000628000000| PB 0x0000000628000000| Untracked |  0
|  71|0x0000000628400000, 0x0000000628400000, 0x0000000628800000|  0%| F|  |TAMS 0x0000000628400000| PB 0x0000000628400000| Untracked |  0
|  72|0x0000000628800000, 0x0000000628800000, 0x0000000628c00000|  0%| F|  |TAMS 0x0000000628800000| PB 0x0000000628800000| Untracked |  0
|  73|0x0000000628c00000, 0x0000000628c00000, 0x0000000629000000|  0%| F|  |TAMS 0x0000000628c00000| PB 0x0000000628c00000| Untracked |  0
|  74|0x0000000629000000, 0x0000000629000000, 0x0000000629400000|  0%| F|  |TAMS 0x0000000629000000| PB 0x0000000629000000| Untracked |  0
|  75|0x0000000629400000, 0x0000000629400000, 0x0000000629800000|  0%| F|  |TAMS 0x0000000629400000| PB 0x0000000629400000| Untracked |  0
|  76|0x0000000629800000, 0x0000000629800000, 0x0000000629c00000|  0%| F|  |TAMS 0x0000000629800000| PB 0x0000000629800000| Untracked |  0
|  77|0x0000000629c00000, 0x0000000629c00000, 0x000000062a000000|  0%| F|  |TAMS 0x0000000629c00000| PB 0x0000000629c00000| Untracked |  0
|  78|0x000000062a000000, 0x000000062a000000, 0x000000062a400000|  0%| F|  |TAMS 0x000000062a000000| PB 0x000000062a000000| Untracked |  0
|  79|0x000000062a400000, 0x000000062a400000, 0x000000062a800000|  0%| F|  |TAMS 0x000000062a400000| PB 0x000000062a400000| Untracked |  0
|  80|0x000000062a800000, 0x000000062a800000, 0x000000062ac00000|  0%| F|  |TAMS 0x000000062a800000| PB 0x000000062a800000| Untracked |  0
|  81|0x000000062ac00000, 0x000000062ac00000, 0x000000062b000000|  0%| F|  |TAMS 0x000000062ac00000| PB 0x000000062ac00000| Untracked |  0
|  82|0x000000062b000000, 0x000000062b000000, 0x000000062b400000|  0%| F|  |TAMS 0x000000062b000000| PB 0x000000062b000000| Untracked |  0
|  83|0x000000062b400000, 0x000000062b400000, 0x000000062b800000|  0%| F|  |TAMS 0x000000062b400000| PB 0x000000062b400000| Untracked |  0
|  84|0x000000062b800000, 0x000000062b800000, 0x000000062bc00000|  0%| F|  |TAMS 0x000000062b800000| PB 0x000000062b800000| Untracked |  0
|  85|0x000000062bc00000, 0x000000062bc00000, 0x000000062c000000|  0%| F|  |TAMS 0x000000062bc00000| PB 0x000000062bc00000| Untracked |  0
|  86|0x000000062c000000, 0x000000062c000000, 0x000000062c400000|  0%| F|  |TAMS 0x000000062c000000| PB 0x000000062c000000| Untracked |  0
|  87|0x000000062c400000, 0x000000062c400000, 0x000000062c800000|  0%| F|  |TAMS 0x000000062c400000| PB 0x000000062c400000| Untracked |  0
|  88|0x000000062c800000, 0x000000062c800000, 0x000000062cc00000|  0%| F|  |TAMS 0x000000062c800000| PB 0x000000062c800000| Untracked |  0
|  89|0x000000062cc00000, 0x000000062cc00000, 0x000000062d000000|  0%| F|  |TAMS 0x000000062cc00000| PB 0x000000062cc00000| Untracked |  0
|  90|0x000000062d000000, 0x000000062d000000, 0x000000062d400000|  0%| F|  |TAMS 0x000000062d000000| PB 0x000000062d000000| Untracked |  0
|  91|0x000000062d400000, 0x000000062d400000, 0x000000062d800000|  0%| F|  |TAMS 0x000000062d400000| PB 0x000000062d400000| Untracked |  0
|  92|0x000000062d800000, 0x000000062d800000, 0x000000062dc00000|  0%| F|  |TAMS 0x000000062d800000| PB 0x000000062d800000| Untracked |  0
|  93|0x000000062dc00000, 0x000000062dc00000, 0x000000062e000000|  0%| F|  |TAMS 0x000000062dc00000| PB 0x000000062dc00000| Untracked |  0
|  94|0x000000062e000000, 0x000000062e000000, 0x000000062e400000|  0%| F|  |TAMS 0x000000062e000000| PB 0x000000062e000000| Untracked |  0
|  95|0x000000062e400000, 0x000000062e400000, 0x000000062e800000|  0%| F|  |TAMS 0x000000062e400000| PB 0x000000062e400000| Untracked |  0
|  96|0x000000062e800000, 0x000000062e800000, 0x000000062ec00000|  0%| F|  |TAMS 0x000000062e800000| PB 0x000000062e800000| Untracked |  0
|  97|0x000000062ec00000, 0x000000062ec00000, 0x000000062f000000|  0%| F|  |TAMS 0x000000062ec00000| PB 0x000000062ec00000| Untracked |  0
|  98|0x000000062f000000, 0x000000062f000000, 0x000000062f400000|  0%| F|  |TAMS 0x000000062f000000| PB 0x000000062f000000| Untracked |  0
|  99|0x000000062f400000, 0x000000062f400000, 0x000000062f800000|  0%| F|  |TAMS 0x000000062f400000| PB 0x000000062f400000| Untracked |  0
| 100|0x000000062f800000, 0x000000062f800000, 0x000000062fc00000|  0%| F|  |TAMS 0x000000062f800000| PB 0x000000062f800000| Untracked |  0
| 101|0x000000062fc00000, 0x000000062fc00000, 0x0000000630000000|  0%| F|  |TAMS 0x000000062fc00000| PB 0x000000062fc00000| Untracked |  0
| 102|0x0000000630000000, 0x0000000630000000, 0x0000000630400000|  0%| F|  |TAMS 0x0000000630000000| PB 0x0000000630000000| Untracked |  0
| 103|0x0000000630400000, 0x0000000630400000, 0x0000000630800000|  0%| F|  |TAMS 0x0000000630400000| PB 0x0000000630400000| Untracked |  0
| 104|0x0000000630800000, 0x0000000630800000, 0x0000000630c00000|  0%| F|  |TAMS 0x0000000630800000| PB 0x0000000630800000| Untracked |  0
| 105|0x0000000630c00000, 0x0000000630c00000, 0x0000000631000000|  0%| F|  |TAMS 0x0000000630c00000| PB 0x0000000630c00000| Untracked |  0
| 106|0x0000000631000000, 0x0000000631000000, 0x0000000631400000|  0%| F|  |TAMS 0x0000000631000000| PB 0x0000000631000000| Untracked |  0
| 107|0x0000000631400000, 0x0000000631400000, 0x0000000631800000|  0%| F|  |TAMS 0x0000000631400000| PB 0x0000000631400000| Untracked |  0
| 108|0x0000000631800000, 0x0000000631800000, 0x0000000631c00000|  0%| F|  |TAMS 0x0000000631800000| PB 0x0000000631800000| Untracked |  0
| 109|0x0000000631c00000, 0x0000000631c00000, 0x0000000632000000|  0%| F|  |TAMS 0x0000000631c00000| PB 0x0000000631c00000| Untracked |  0
| 110|0x0000000632000000, 0x0000000632000000, 0x0000000632400000|  0%| F|  |TAMS 0x0000000632000000| PB 0x0000000632000000| Untracked |  0
| 111|0x0000000632400000, 0x0000000632400000, 0x0000000632800000|  0%| F|  |TAMS 0x0000000632400000| PB 0x0000000632400000| Untracked |  0
| 112|0x0000000632800000, 0x0000000632800000, 0x0000000632c00000|  0%| F|  |TAMS 0x0000000632800000| PB 0x0000000632800000| Untracked |  0
| 113|0x0000000632c00000, 0x0000000632c00000, 0x0000000633000000|  0%| F|  |TAMS 0x0000000632c00000| PB 0x0000000632c00000| Untracked |  0
| 114|0x0000000633000000, 0x0000000633000000, 0x0000000633400000|  0%| F|  |TAMS 0x0000000633000000| PB 0x0000000633000000| Untracked |  0
| 115|0x0000000633400000, 0x0000000633400000, 0x0000000633800000|  0%| F|  |TAMS 0x0000000633400000| PB 0x0000000633400000| Untracked |  0
| 116|0x0000000633800000, 0x0000000633800000, 0x0000000633c00000|  0%| F|  |TAMS 0x0000000633800000| PB 0x0000000633800000| Untracked |  0
| 117|0x0000000633c00000, 0x0000000633c00000, 0x0000000634000000|  0%| F|  |TAMS 0x0000000633c00000| PB 0x0000000633c00000| Untracked |  0
| 118|0x0000000634000000, 0x0000000634000000, 0x0000000634400000|  0%| F|  |TAMS 0x0000000634000000| PB 0x0000000634000000| Untracked |  0
| 119|0x0000000634400000, 0x0000000634400000, 0x0000000634800000|  0%| F|  |TAMS 0x0000000634400000| PB 0x0000000634400000| Untracked |  0
| 120|0x0000000634800000, 0x0000000634800000, 0x0000000634c00000|  0%| F|  |TAMS 0x0000000634800000| PB 0x0000000634800000| Untracked |  0
| 121|0x0000000634c00000, 0x0000000634cf7c50, 0x0000000635000000| 24%| E|  |TAMS 0x0000000634c00000| PB 0x0000000634c00000| Complete |  0
| 122|0x0000000635000000, 0x0000000635400000, 0x0000000635400000|100%| E|CS|TAMS 0x0000000635000000| PB 0x0000000635000000| Complete |  0
|1957|0x00000007ffc00000, 0x00000007ffd08c80, 0x0000000800000000| 25%| O|  |TAMS 0x00000007ffc00000| PB 0x00000007ffc00000| Untracked |  0

Card table byte_map: [0x000071042ca00000,0x000071042d94c000] _byte_map_base: 0x000071042994c000

Marking Bits: (CMBitMap*) 0x00007104280597c0
 Bits: [0x0000710409000000, 0x0000710410a60000)

Polling page: 0x0000710431371000

Metaspace:

Usage:
  Non-class:      1.10 MB used.
      Class:     93.09 KB used.
       Both:      1.19 MB used.

Virtual space:
  Non-class space:       64.00 MB reserved,       1.19 MB (  2%) committed,  1 nodes.
      Class space:        1.00 GB reserved,     128.00 KB ( <1%) committed,  1 nodes.
             Both:        1.06 GB reserved,       1.31 MB ( <1%) committed. 

Chunk freelists:
   Non-Class:  11.53 MB
       Class:  15.69 MB
        Both:  27.22 MB

MaxMetaspaceSize: unlimited
CompressedClassSpaceSize: 1.00 GB
Initial GC threshold: 21.00 MB
Current GC threshold: 21.00 MB
CDS: on
 - commit_granule_bytes: 65536.
 - commit_granule_words: 8192.
 - virtual_space_node_default_size: 8388608.
 - enlarge_chunks_in_place: 1.
 - use_allocation_guard: 0.


Internal statistics:

num_allocs_failed_limit: 0.
num_arena_births: 12.
num_arena_deaths: 0.
num_vsnodes_births: 2.
num_vsnodes_deaths: 0.
num_space_committed: 21.
num_space_uncommitted: 0.
num_chunks_returned_to_freelist: 0.
num_chunks_taken_from_freelist: 40.
num_chunk_merges: 0.
num_chunk_splits: 24.
num_chunks_enlarged: 20.
num_inconsistent_stats: 0.

CodeHeap 'non-profiled nmethods': size=119168Kb used=118Kb max_used=118Kb free=119049Kb
 bounds [0x00007104187a0000, 0x0000710418a10000, 0x000071041fc00000]
CodeHeap 'profiled nmethods': size=119164Kb used=537Kb max_used=537Kb free=118626Kb
 bounds [0x0000710410c00000, 0x0000710410e70000, 0x000071041805f000]
CodeHeap 'non-nmethods': size=7428Kb used=2506Kb max_used=2520Kb free=4921Kb
 bounds [0x000071041805f000, 0x00007104182df000, 0x00007104187a0000]
 total_blobs=918 nmethods=426 adapters=396
 compilation: enabled
              stopped_count=0, restarted_count=0
 full_count=0

Compilation events (20 events):
Event: 0.522 Thread 0x0000710428153e10  416       4       java.util.concurrent.ConcurrentHashMap::tabAt (22 bytes)
Event: 0.522 Thread 0x000071037005eaf0 nmethod 414 0x0000710410c81c10 code [0x0000710410c81dc0, 0x0000710410c81fc8]
Event: 0.522 Thread 0x000071037005eaf0  419       3       java.lang.invoke.LambdaForm$BasicType::basicType (187 bytes)
Event: 0.523 Thread 0x0000710364009980 nmethod 413 0x0000710410c82110 code [0x0000710410c82300, 0x0000710410c82b58]
Event: 0.523 Thread 0x0000710428155520  420       3       java.lang.String::replace (42 bytes)
Event: 0.523 Thread 0x0000710428153e10 nmethod 416 0x00007104187bd490 code [0x00007104187bd600, 0x00007104187bd678]
Event: 0.523 Thread 0x0000710428155520 nmethod 420 0x0000710410c82e10 code [0x0000710410c82fe0, 0x0000710410c832e8]
Event: 0.523 Thread 0x000071037005eaf0 nmethod 419 0x0000710410c83410 code [0x0000710410c836a0, 0x0000710410c84148]
Event: 0.523 Thread 0x000071037005eaf0  421       1       java.lang.invoke.MethodTypeForm::basicType (5 bytes)
Event: 0.523 Thread 0x000071037005eaf0 nmethod 421 0x00007104187bd790 code [0x00007104187bd920, 0x00007104187bd9e8]
Event: 0.524 Thread 0x0000710428155520  422       3       jdk.internal.org.objectweb.asm.SymbolTable$Entry::<init> (17 bytes)
Event: 0.524 Thread 0x000071037005eaf0  423       3       jdk.internal.org.objectweb.asm.SymbolTable::addConstantUtf8 (98 bytes)
Event: 0.524 Thread 0x0000710364009980  424       3       jdk.internal.org.objectweb.asm.ByteVector::putByte (39 bytes)
Event: 0.524 Thread 0x0000710428155520 nmethod 422 0x0000710410c84410 code [0x0000710410c845a0, 0x0000710410c84720]
Event: 0.524 Thread 0x0000710428155520  425       3       java.lang.reflect.Modifier::isPublic (12 bytes)
Event: 0.524 Thread 0x0000710428155520 nmethod 425 0x0000710410c84810 code [0x0000710410c849a0, 0x0000710410c84ad8]
Event: 0.524 Thread 0x000071037005eaf0 nmethod 423 0x0000710410c84b90 code [0x0000710410c84dc0, 0x0000710410c853c0]
Event: 0.524 Thread 0x0000710428155520  426       3       jdk.internal.util.StrongReferenceKey::equals (28 bytes)
Event: 0.524 Thread 0x0000710364009980 nmethod 424 0x0000710410c85710 code [0x0000710410c858c0, 0x0000710410c85aa0]
Event: 0.524 Thread 0x0000710428155520 nmethod 426 0x0000710410c85c10 code [0x0000710410c85de0, 0x0000710410c863b0]

GC Heap History (0 events):
No events

Dll operation events (8 events):
Event: 0.002 Loaded shared library /usr/lib/jvm/jdk-22.0.2-oracle-x64/lib/libjava.so
Event: 0.023 Loaded shared library /usr/lib/jvm/jdk-22.0.2-oracle-x64/lib/libjsvml.so
Event: 0.024 Loaded shared library /usr/lib/jvm/jdk-22.0.2-oracle-x64/lib/libnio.so
Event: 0.059 Loaded shared library /usr/lib/jvm/jdk-22.0.2-oracle-x64/lib/libzip.so
Event: 0.088 Loaded shared library /usr/lib/jvm/jdk-22.0.2-oracle-x64/lib/libjimage.so
Event: 0.092 Loaded shared library /tmp/libJCudaRuntime-10.1.0-linux-x86_64.so
Event: 0.099 Loaded shared library /tmp/libJCublas2-10.1.0-linux-x86_64.so
Event: 0.516 Loaded shared library /usr/lib/jvm/jdk-22.0.2-oracle-x64/lib/libverify.so

Deoptimization events (2 events):
Event: 0.516 Thread 0x000071042802d4c0 DEOPT PACKING pc=0x0000710410c066d0 sp=0x0000710430ff8f00
Event: 0.516 Thread 0x000071042802d4c0 DEOPT UNPACKING pc=0x00007104180b372f sp=0x0000710430ff8340 mode 0

Classes loaded (20 events):
Event: 0.521 Loading class java/lang/ArrayIndexOutOfBoundsException
Event: 0.521 Loading class java/lang/IndexOutOfBoundsException
Event: 0.521 Loading class java/lang/IndexOutOfBoundsException done
Event: 0.521 Loading class java/lang/ArrayIndexOutOfBoundsException done
Event: 0.521 Loading class java/util/Spliterators$IntArraySpliterator
Event: 0.521 Loading class java/util/Spliterators$IntArraySpliterator done
Event: 0.522 Loading class java/util/stream/MatchOps$MatchKind
Event: 0.522 Loading class java/util/stream/MatchOps$MatchKind done
Event: 0.522 Loading class java/util/stream/MatchOps
Event: 0.522 Loading class java/util/stream/MatchOps done
Event: 0.522 Loading class java/util/stream/MatchOps$MatchOp
Event: 0.523 Loading class java/util/stream/MatchOps$MatchOp done
Event: 0.523 Loading class java/util/stream/MatchOps$BooleanTerminalSink
Event: 0.523 Loading class java/util/stream/MatchOps$BooleanTerminalSink done
Event: 0.523 Loading class java/util/stream/MatchOps$2MatchSink
Event: 0.523 Loading class java/util/stream/MatchOps$2MatchSink done
Event: 0.524 Loading class java/util/stream/MatchOps$1MatchSink
Event: 0.524 Loading class java/util/stream/MatchOps$1MatchSink done
Event: 0.524 Loading class java/nio/HeapDoubleBuffer
Event: 0.524 Loading class java/nio/HeapDoubleBuffer done

Classes unloaded (0 events):
No events

Classes redefined (0 events):
No events

Internal exceptions (9 events):
Event: 0.048 Thread 0x000071042802d4c0 Exception <a 'sun/nio/fs/UnixException'{0x0000000635077920}> (0x0000000635077920) 
thrown [open/src/hotspot/share/prims/jni.cpp, line 520]
Event: 0.048 Thread 0x000071042802d4c0 Exception <a 'sun/nio/fs/UnixException'{0x0000000635078080}> (0x0000000635078080) 
thrown [open/src/hotspot/share/prims/jni.cpp, line 520]
Event: 0.048 Thread 0x000071042802d4c0 Exception <a 'sun/nio/fs/UnixException'{0x0000000635078648}> (0x0000000635078648) 
thrown [open/src/hotspot/share/prims/jni.cpp, line 520]
Event: 0.048 Thread 0x000071042802d4c0 Exception <a 'sun/nio/fs/UnixException'{0x0000000635078e70}> (0x0000000635078e70) 
thrown [open/src/hotspot/share/prims/jni.cpp, line 520]
Event: 0.048 Thread 0x000071042802d4c0 Exception <a 'sun/nio/fs/UnixException'{0x0000000635079430}> (0x0000000635079430) 
thrown [open/src/hotspot/share/prims/jni.cpp, line 520]
Event: 0.048 Thread 0x000071042802d4c0 Exception <a 'sun/nio/fs/UnixException'{0x00000006350799f0}> (0x00000006350799f0) 
thrown [open/src/hotspot/share/prims/jni.cpp, line 520]
Event: 0.048 Thread 0x000071042802d4c0 Exception <a 'sun/nio/fs/UnixException'{0x0000000635079fb0}> (0x0000000635079fb0) 
thrown [open/src/hotspot/share/prims/jni.cpp, line 520]
Event: 0.048 Thread 0x000071042802d4c0 Exception <a 'sun/nio/fs/UnixException'{0x000000063507a588}> (0x000000063507a588) 
thrown [open/src/hotspot/share/prims/jni.cpp, line 520]
Event: 0.511 Thread 0x000071042802d4c0 Exception <a 'java/lang/NoSuchMethodError'{0x00000006353ec8b8}: 'void java.lang.invoke.DirectMethodHandle$Holder.invokeStatic(java.lang.Object, java.lang.Object)'> (0x00000006353ec8b8) 
thrown [open/src/hotspot/share/interpreter/linkResolver.cpp, line 773]

ZGC Phase Switch (0 events):
No events

VM Operations (2 events):
Event: 0.049 Executing VM operation: HandshakeAllThreads (Deoptimize)
Event: 0.049 Executing VM operation: HandshakeAllThreads (Deoptimize) done

Memory protections (14 events):
Event: 0.001 Protecting memory [0x0000710430f00000,0x0000710430f04000] with protection modes 0
Event: 0.021 Protecting memory [0x00007104084f6000,0x00007104084fa000] with protection modes 0
Event: 0.021 Protecting memory [0x00007104083f6000,0x00007104083fa000] with protection modes 0
Event: 0.022 Protecting memory [0x00007104082f6000,0x00007104082fa000] with protection modes 0
Event: 0.022 Protecting memory [0x00007104081f6000,0x00007104081fa000] with protection modes 0
Event: 0.022 Protecting memory [0x00007104080f6000,0x00007104080fa000] with protection modes 0
Event: 0.022 Protecting memory [0x0000710401900000,0x0000710401904000] with protection modes 0
Event: 0.022 Protecting memory [0x0000710401800000,0x0000710401804000] with protection modes 0
Event: 0.039 Protecting memory [0x0000710401700000,0x0000710401704000] with protection modes 0
Event: 0.045 Protecting memory [0x0000710401600000,0x0000710401604000] with protection modes 0
Event: 0.051 Protecting memory [0x0000710401500000,0x0000710401504000] with protection modes 0
Event: 0.055 Protecting memory [0x0000710401400000,0x0000710401404000] with protection modes 0
Event: 0.058 Protecting memory [0x0000710401300000,0x0000710401304000] with protection modes 0
Event: 0.513 Protecting memory [0x0000710401400000,0x0000710401404000] with protection modes 0

Nmethod flushes (0 events):
No events

Events (15 events):
Event: 0.015 Thread 0x000071042802d4c0 Thread added: 0x000071042802d4c0
Event: 0.021 Thread 0x000071042802d4c0 Thread added: 0x000071042814c560
Event: 0.021 Thread 0x000071042802d4c0 Thread added: 0x000071042814dbb0
Event: 0.022 Thread 0x000071042802d4c0 Thread added: 0x000071042814f690
Event: 0.022 Thread 0x000071042802d4c0 Thread added: 0x0000710428150cd0
Event: 0.022 Thread 0x000071042802d4c0 Thread added: 0x0000710428152270
Event: 0.022 Thread 0x000071042802d4c0 Thread added: 0x0000710428153e10
Event: 0.022 Thread 0x000071042802d4c0 Thread added: 0x0000710428155520
Event: 0.039 Thread 0x000071042802d4c0 Thread added: 0x0000710428174b80
Event: 0.045 Thread 0x0000710428155520 Thread added: 0x000071037005eaf0
Event: 0.051 Thread 0x000071037005eaf0 Thread added: 0x0000710364009980
Event: 0.055 Thread 0x0000710364009980 Thread added: 0x000071035c0014c0
Event: 0.057 Thread 0x000071042802d4c0 Thread added: 0x00007104281afb50
Event: 0.512 Thread 0x000071035c0014c0 Thread exited: 0x000071035c0014c0
Event: 0.513 Thread 0x000071042802d4c0 Thread added: 0x00007102fd57a6f0


Dynamic libraries:
200000000-200200000 ---p 00000000 00:00 0 
200200000-200400000 rw-s 00000000 00:05 1129                             /dev/nvidia0
200400000-203400000 rw-s 00000000 00:05 1128                             /dev/nvidiactl
203400000-204400000 ---p 00000000 00:00 0 
204400000-204600000 rw-s 00000000 00:05 1128                             /dev/nvidiactl
204600000-204800000 rw-s 00000000 00:05 1128                             /dev/nvidiactl
204800000-204a00000 rw-s 00000000 00:05 1128                             /dev/nvidiactl
204a00000-204c00000 rw-s 204a00000 00:05 1130                            /dev/nvidia-uvm
204c00000-204e00000 rw-s 00000000 00:05 1128                             /dev/nvidiactl
204e00000-205000000 ---p 00000000 00:00 0 
205000000-205200000 rw-s 00000000 00:05 1128                             /dev/nvidiactl
205200000-300200000 ---p 00000000 00:00 0 
616800000-635400000 rw-p 00000000 00:00 0 
635400000-7ffc00000 ---p 00000000 00:00 0 
7ffc00000-7ffd09000 rw-p 00cb9000 103:05 39860326                        /usr/lib/jvm/jdk-22.0.2-oracle-x64/lib/server/classes.jsa
7ffd09000-800000000 rw-p 00000000 00:00 0 
10000000000-10004000000 ---p 00000000 00:00 0 
61da12c59000-61da12c5a000 r-xp 00000000 103:05 39860034                  /usr/lib/jvm/jdk-22.0.2-oracle-x64/bin/java
61da12c5b000-61da12c5c000 r--p 00001000 103:05 39860034                  /usr/lib/jvm/jdk-22.0.2-oracle-x64/bin/java
61da12c5c000-61da12c5d000 rw-p 00002000 103:05 39860034                  /usr/lib/jvm/jdk-22.0.2-oracle-x64/bin/java
61da145c2000-61da1460b000 rw-p 00000000 00:00 0                          [heap]
7102fc000000-7102fdd99000 rw-p 00000000 00:00 0 
7102fdd99000-710302000000 ---p 00000000 00:00 0 
710304000000-710307f75000 rw-p 00000000 00:00 0 
710307f75000-710308000000 ---p 00000000 00:00 0 
71030c000000-71030fffb000 rw-p 00000000 00:00 0 
71030fffb000-710310000000 ---p 00000000 00:00 0 
710312000000-71031a000000 ---p 00000000 00:00 0 
71031c000000-71031e000000 ---p 00000000 00:00 0 
710320000000-710330000000 ---p 00000000 00:00 0 
710334000000-710334400000 ---p 00000000 00:00 0 
710334400000-710334600000 rw-s 00000000 00:05 1128                       /dev/nvidiactl
710334600000-710334800000 rw-s 00000000 00:01 2116                       /dev/zero (deleted)
710334800000-710334a00000 rw-s 00000000 00:01 2117                       /dev/zero (deleted)
710334a00000-710335000000 ---p 00000000 00:00 0 
710335000000-710335200000 rw-s 00000000 00:05 1128                       /dev/nvidiactl
710335200000-710335400000 ---p 00000000 00:00 0 
710335400000-710335600000 rw-s 00000000 00:01 2119                       /dev/zero (deleted)
710335600000-710335b33000 rw-s 00000000 00:05 1128                       /dev/nvidiactl
710335b33000-710336000000 ---p 00000000 00:00 0 
710338000000-710338021000 rw-p 00000000 00:00 0 
710338021000-71033c000000 ---p 00000000 00:00 0 
71033e000000-710344000000 ---p 00000000 00:00 0 
710344000000-710344021000 rw-p 00000000 00:00 0 
710344021000-710348000000 ---p 00000000 00:00 0 
71034b000000-71034faa3000 r-xp 00000000 103:05 39063741                  /usr/lib/x86_64-linux-gnu/libcublas.so.10.1.0.105
71034faa3000-71034fca2000 ---p 04aa3000 103:05 39063741                  /usr/lib/x86_64-linux-gnu/libcublas.so.10.1.0.105
71034fca2000-71034fcb0000 rw-p 04aa2000 103:05 39063741                  /usr/lib/x86_64-linux-gnu/libcublas.so.10.1.0.105
71034fcb0000-71034fcba000 rw-p 00000000 00:00 0 
710350000000-710350021000 rw-p 00000000 00:00 0 
710350021000-710354000000 ---p 00000000 00:00 0 
710358000000-7103580ea000 rw-p 00000000 00:00 0 
7103580ea000-71035c000000 ---p 00000000 00:00 0 
71035c000000-71035c057000 rw-p 00000000 00:00 0 
71035c057000-710360000000 ---p 00000000 00:00 0 
710364000000-710364067000 rw-p 00000000 00:00 0 
710364067000-710368000000 ---p 00000000 00:00 0 
710368000000-710368021000 rw-p 00000000 00:00 0 
710368021000-71036c000000 ---p 00000000 00:00 0 
710370000000-71037009d000 rw-p 00000000 00:00 0 
71037009d000-710374000000 ---p 00000000 00:00 0 
710374000000-710374120000 rw-p 00000000 00:00 0 
710374120000-710378000000 ---p 00000000 00:00 0 
71037c000000-71037c021000 rw-p 00000000 00:00 0 
71037c021000-710380000000 ---p 00000000 00:00 0 
710380000000-710380021000 rw-p 00000000 00:00 0 
710380021000-710384000000 ---p 00000000 00:00 0 
710388000000-710388021000 rw-p 00000000 00:00 0 
710388021000-71038c000000 ---p 00000000 00:00 0 
71038c000000-71038c021000 rw-p 00000000 00:00 0 
71038c021000-710390000000 ---p 00000000 00:00 0 
710394000000-710394021000 rw-p 00000000 00:00 0 
710394021000-710398000000 ---p 00000000 00:00 0 
710398000000-710398021000 rw-p 00000000 00:00 0 
710398021000-71039c000000 ---p 00000000 00:00 0 
71039e400000-71039e401000 ---p 00000000 00:00 0 
71039e401000-71039ec01000 rw-p 00000000 00:00 0 
71039ee00000-71039ee01000 rw-s 00000000 00:05 1128                       /dev/nvidiactl
71039ee01000-71039ee02000 rw-s 00000000 00:05 1128                       /dev/nvidiactl
71039ee02000-71039ee03000 rw-s 00000000 00:05 1128                       /dev/nvidiactl
71039ee03000-71039ee04000 rw-s 00000000 00:05 1128                       /dev/nvidiactl
71039ee04000-71039ee05000 rw-s 00000000 00:05 1128                       /dev/nvidiactl
71039ee05000-71039ee06000 rw-s 00000000 00:05 1128                       /dev/nvidiactl
71039ee06000-71039ee07000 rw-s 00000000 00:05 1128                       /dev/nvidiactl
71039ee07000-71039ee08000 rw-s 00000000 00:05 1128                       /dev/nvidiactl
71039ee08000-71039ee09000 rw-s 00000000 00:05 1128                       /dev/nvidiactl
71039ee09000-71039ee0a000 rw-s 00000000 00:05 1128                       /dev/nvidiactl
71039ee0a000-71039ee0b000 rw-s 00000000 00:05 1128                       /dev/nvidiactl
71039ee0b000-71039ee0c000 rw-s 00000000 00:05 1128                       /dev/nvidiactl
71039ee0c000-71039ee0d000 rw-s 00000000 00:05 1128                       /dev/nvidiactl
71039ee0d000-71039ee0e000 rw-s 00000000 00:05 1128                       /dev/nvidiactl
71039ee0e000-71039ee0f000 rw-s 00000000 00:05 1128                       /dev/nvidiactl
71039ee0f000-71039ee10000 rw-s 00000000 00:05 1128                       /dev/nvidiactl
71039ee10000-71039fe21000 ---p 00000000 00:00 0 
7103a0000000-7103a00b0000 rw-p 00000000 00:00 0 
7103a00b0000-7103a0400000 ---p 00000000 00:00 0 
7103a0400000-7103a0480000 rw-p 00000000 00:00 0 
7103a0480000-7103a4000000 ---p 00000000 00:00 0 
7103a4000000-7103a4021000 rw-p 00000000 00:00 0 
7103a4021000-7103a8000000 ---p 00000000 00:00 0 
7103a8400000-7103a84db000 r--p 00000000 103:05 39066653                  /usr/lib/x86_64-linux-gnu/libcuda.so.550.54.15
7103a84db000-7103a8973000 r-xp 000db000 103:05 39066653                  /usr/lib/x86_64-linux-gnu/libcuda.so.550.54.15
7103a8973000-7103a9e03000 r--p 00573000 103:05 39066653                  /usr/lib/x86_64-linux-gnu/libcuda.so.550.54.15
7103a9e03000-7103a9e1a000 r--p 01a02000 103:05 39066653                  /usr/lib/x86_64-linux-gnu/libcuda.so.550.54.15
7103a9e1a000-7103a9f15000 rw-p 01a19000 103:05 39066653                  /usr/lib/x86_64-linux-gnu/libcuda.so.550.54.15
7103a9f15000-7103a9f7b000 rw-p 00000000 00:00 0 
7103aa000000-7103aac7a000 rw-p 00001000 103:05 39860326                  /usr/lib/jvm/jdk-22.0.2-oracle-x64/lib/server/classes.jsa
7103aac7a000-7103ab000000 ---p 00000000 00:00 0 
7103ab000000-7103ab010000 rw-p 00000000 00:00 0 
7103ab010000-7103ab040000 ---p 00000000 00:00 0 
7103ab040000-7103ab050000 rw-p 00000000 00:00 0 
7103ab050000-7103eb000000 ---p 00000000 00:00 0 
7103eb600000-7103eb601000 ---p 00000000 00:00 0 
7103eb601000-7103ebe01000 rw-p 00000000 00:00 0 
7103ec000000-7103ec021000 rw-p 00000000 00:00 0 
7103ec021000-7103f0000000 ---p 00000000 00:00 0 
7103f0000000-7103f0021000 rw-p 00000000 00:00 0 
7103f0021000-7103f4000000 ---p 00000000 00:00 0 
7103f4600000-7103f5621000 ---p 00000000 00:00 0 
7103f5800000-7103f7ae6000 r-xp 00000000 103:05 39063740                  /usr/lib/x86_64-linux-gnu/libcublasLt.so.10.1.0.105
7103f7ae6000-7103f7ce6000 ---p 022e6000 103:05 39063740                  /usr/lib/x86_64-linux-gnu/libcublasLt.so.10.1.0.105
7103f7ce6000-7103f7d58000 rw-p 022e6000 103:05 39063740                  /usr/lib/x86_64-linux-gnu/libcublasLt.so.10.1.0.105
7103f7d58000-7103f7d60000 rw-p 00000000 00:00 0 
7103f8000000-7103f8021000 rw-p 00000000 00:00 0 
7103f8021000-7103fc000000 ---p 00000000 00:00 0 
7103fc000000-7103fc021000 rw-p 00000000 00:00 0 
7103fc021000-710400000000 ---p 00000000 00:00 0 
710400000000-710400200000 rw-s 00000000 00:01 2118                       /dev/zero (deleted)
710400200000-71040045a000 rw-p 00000000 00:00 0 
7104004be000-710400600000 rw-p 00000000 00:00 0 
710400600000-710400601000 ---p 00000000 00:00 0 
710400601000-710400e01000 rw-p 00000000 00:00 0 
710400e2a000-710401000000 rw-p 00000000 00:00 0 
710401000000-71040109d000 r--p 00000000 103:05 39063721                  /usr/lib/x86_64-linux-gnu/libstdc++.so.6.0.33
71040109d000-7104011dd000 r-xp 0009d000 103:05 39063721                  /usr/lib/x86_64-linux-gnu/libstdc++.so.6.0.33
7104011dd000-71040126b000 r--p 001dd000 103:05 39063721                  /usr/lib/x86_64-linux-gnu/libstdc++.so.6.0.33
71040126b000-710401276000 r--p 0026b000 103:05 39063721                  /usr/lib/x86_64-linux-gnu/libstdc++.so.6.0.33
710401276000-710401279000 rw-p 00276000 103:05 39063721                  /usr/lib/x86_64-linux-gnu/libstdc++.so.6.0.33
710401279000-71040127d000 rw-p 00000000 00:00 0 
71040127f000-710401300000 rw-p 00000000 00:00 0 
710401300000-710401304000 ---p 00000000 00:00 0 
710401304000-710401400000 rw-p 00000000 00:00 0 
710401400000-710401404000 ---p 00000000 00:00 0 
710401404000-710401500000 rw-p 00000000 00:00 0 
710401500000-710401504000 ---p 00000000 00:00 0 
710401504000-710401600000 rw-p 00000000 00:00 0 
710401600000-710401604000 ---p 00000000 00:00 0 
710401604000-710401700000 rw-p 00000000 00:00 0 
710401700000-710401704000 ---p 00000000 00:00 0 
710401704000-710401800000 rw-p 00000000 00:00 0 
710401800000-710401804000 ---p 00000000 00:00 0 
710401804000-710401900000 rw-p 00000000 00:00 0 
710401900000-710401904000 ---p 00000000 00:00 0 
710401904000-710401a00000 rw-p 00000000 00:00 0 
710401a00000-710401f75000 r--p 00000000 103:05 39061600                  /usr/lib/locale/locale-archive
710401f7c000-710404021000 rw-p 00000000 00:00 0 
710404021000-710408000000 ---p 00000000 00:00 0 
710408026000-71040803a000 r--p 00000000 103:05 26738754                  /tmp/libJCublas2-10.1.0-linux-x86_64.so
71040803a000-7104080c2000 r-xp 00014000 103:05 26738754                  /tmp/libJCublas2-10.1.0-linux-x86_64.so
7104080c2000-7104080ef000 r--p 0009c000 103:05 26738754                  /tmp/libJCublas2-10.1.0-linux-x86_64.so
7104080ef000-7104080f0000 ---p 000c9000 103:05 26738754                  /tmp/libJCublas2-10.1.0-linux-x86_64.so
7104080f0000-7104080f3000 r--p 000c9000 103:05 26738754                  /tmp/libJCublas2-10.1.0-linux-x86_64.so
7104080f3000-7104080f4000 rw-p 000cc000 103:05 26738754                  /tmp/libJCublas2-10.1.0-linux-x86_64.so
7104080f4000-7104080f6000 rw-p 00000000 00:00 0 
7104080f6000-7104080fa000 ---p 00000000 00:00 0 
7104080fa000-7104081f6000 rw-p 00000000 00:00 0 
7104081f6000-7104081fa000 ---p 00000000 00:00 0 
7104081fa000-7104082f6000 rw-p 00000000 00:00 0 
7104082f6000-7104082fa000 ---p 00000000 00:00 0 
7104082fa000-7104083f6000 rw-p 00000000 00:00 0 
7104083f6000-7104083fa000 ---p 00000000 00:00 0 
7104083fa000-7104084f6000 rw-p 00000000 00:00 0 
7104084f6000-7104084fa000 ---p 00000000 00:00 0 
7104084fa000-7104085f6000 rw-p 00000000 00:00 0 
7104085f6000-7104085f7000 ---p 00000000 00:00 0 
7104085f7000-7104086f7000 rw-p 00000000 00:00 0 
7104086f7000-7104086f8000 ---p 00000000 00:00 0 
7104086f8000-7104087f8000 rw-p 00000000 00:00 0 
7104087f8000-7104087f9000 ---p 00000000 00:00 0 
7104087f9000-7104088f9000 rw-p 00000000 00:00 0 
7104088f9000-7104088fa000 ---p 00000000 00:00 0 
7104088fa000-7104089fa000 rw-p 00000000 00:00 0 
7104089fa000-7104097b0000 rw-p 00000000 00:00 0 
7104097b0000-710410a50000 ---p 00000000 00:00 0 
710410a50000-710410a60000 rw-p 00000000 00:00 0 
710410a60000-710410a72000 r--p 00000000 103:05 26738753                  /tmp/libJCudaRuntime-10.1.0-linux-x86_64.so
710410a72000-710410ada000 r-xp 00012000 103:05 26738753                  /tmp/libJCudaRuntime-10.1.0-linux-x86_64.so
710410ada000-710410af7000 r--p 0007a000 103:05 26738753                  /tmp/libJCudaRuntime-10.1.0-linux-x86_64.so
710410af7000-710410af8000 ---p 00097000 103:05 26738753                  /tmp/libJCudaRuntime-10.1.0-linux-x86_64.so
710410af8000-710410afc000 r--p 00097000 103:05 26738753                  /tmp/libJCudaRuntime-10.1.0-linux-x86_64.so
710410afc000-710410afd000 rw-p 0009b000 103:05 26738753                  /tmp/libJCudaRuntime-10.1.0-linux-x86_64.so
710410afd000-710410c00000 rw-p 00000000 00:00 0 
710410c00000-710410e70000 rwxp 00000000 00:00 0 
710410e70000-71041805f000 ---p 00000000 00:00 0 
71041805f000-7104182df000 rwxp 00000000 00:00 0 
7104182df000-7104187a0000 ---p 00000000 00:00 0 
7104187a0000-710418a10000 rwxp 00000000 00:00 0 
710418a10000-71041fc00000 ---p 00000000 00:00 0 
71041fc00000-710427fbb000 r--s 00000000 103:05 39860317                  /usr/lib/jvm/jdk-22.0.2-oracle-x64/lib/modules
710427fd3000-710427fd7000 r--p 00000000 103:05 39063720                  /usr/lib/x86_64-linux-gnu/libgcc_s.so.1
710427fd7000-710427ffa000 r-xp 00004000 103:05 39063720                  /usr/lib/x86_64-linux-gnu/libgcc_s.so.1
710427ffa000-710427ffe000 r--p 00027000 103:05 39063720                  /usr/lib/x86_64-linux-gnu/libgcc_s.so.1
710427ffe000-710427fff000 r--p 0002b000 103:05 39063720                  /usr/lib/x86_64-linux-gnu/libgcc_s.so.1
710427fff000-710428000000 rw-p 0002c000 103:05 39063720                  /usr/lib/x86_64-linux-gnu/libgcc_s.so.1
710428000000-71042bfec000 rw-p 00000000 00:00 0 
71042bfec000-71042c000000 ---p 00000000 00:00 0 
71042c017000-71042c024000 r-xp 00000000 103:05 39860315                  /usr/lib/jvm/jdk-22.0.2-oracle-x64/lib/libverify.so
71042c024000-71042c026000 r--p 0000c000 103:05 39860315                  /usr/lib/jvm/jdk-22.0.2-oracle-x64/lib/libverify.so
71042c026000-71042c027000 rw-p 0000e000 103:05 39860315                  /usr/lib/jvm/jdk-22.0.2-oracle-x64/lib/libverify.so
71042c027000-71042c0f5000 r-xp 00000000 103:05 39860299                  /usr/lib/jvm/jdk-22.0.2-oracle-x64/lib/libjsvml.so
71042c0f5000-71042c0f6000 r--p 000cd000 103:05 39860299                  /usr/lib/jvm/jdk-22.0.2-oracle-x64/lib/libjsvml.so
71042c0f6000-71042c0f7000 rw-p 000ce000 103:05 39860299                  /usr/lib/jvm/jdk-22.0.2-oracle-x64/lib/libjsvml.so
71042c0f7000-71042c6fd000 rw-p 00000000 00:00 0 
71042c6fd000-71042c6fe000 ---p 00000000 00:00 0 
71042c6fe000-71042c7fe000 rw-p 00000000 00:00 0 
71042c7fe000-71042c7ff000 ---p 00000000 00:00 0 
71042c7ff000-71042c8ff000 rw-p 00000000 00:00 0 
71042c8ff000-71042c900000 ---p 00000000 00:00 0 
71042c900000-71042ca00000 rw-p 00000000 00:00 0 
71042ca00000-71042caf6000 rw-p 00000000 00:00 0 
71042caf6000-71042d94a000 ---p 00000000 00:00 0 
71042d94a000-71042d94c000 rw-p 00000000 00:00 0 
71042d957000-71042d967000 -w-s 00000000 00:05 1129                       /dev/nvidia0
71042d967000-71042d96e000 r-xp 00000000 103:05 39860316                  /usr/lib/jvm/jdk-22.0.2-oracle-x64/lib/libzip.so
71042d96e000-71042d96f000 ---p 00007000 103:05 39860316                  /usr/lib/jvm/jdk-22.0.2-oracle-x64/lib/libzip.so
71042d96f000-71042d970000 r--p 00007000 103:05 39860316                  /usr/lib/jvm/jdk-22.0.2-oracle-x64/lib/libzip.so
71042d970000-71042d971000 rw-p 00008000 103:05 39860316                  /usr/lib/jvm/jdk-22.0.2-oracle-x64/lib/libzip.so
71042d971000-71042d97c000 r-xp 00000000 103:05 39860306                  /usr/lib/jvm/jdk-22.0.2-oracle-x64/lib/libnet.so
71042d97c000-71042d97d000 ---p 0000b000 103:05 39860306                  /usr/lib/jvm/jdk-22.0.2-oracle-x64/lib/libnet.so
71042d97d000-71042d97e000 r--p 0000b000 103:05 39860306                  /usr/lib/jvm/jdk-22.0.2-oracle-x64/lib/libnet.so
71042d97e000-71042d97f000 rw-p 0000c000 103:05 39860306                  /usr/lib/jvm/jdk-22.0.2-oracle-x64/lib/libnet.so
71042d97f000-71042daf6000 rw-p 00000000 00:00 0 
71042daf6000-71042e94a000 ---p 00000000 00:00 0 
71042e94a000-71042e94c000 rw-p 00000000 00:00 0 
71042e94d000-71042f833000 rw-p 00000000 00:00 0 
71042f833000-71042f917000 ---p 00000000 00:00 0 
71042f917000-71042f91c000 rw-p 00000000 00:00 0 
71042f91c000-71042fa00000 ---p 00000000 00:00 0 
71042fa00000-710430d40000 r-xp 00000000 103:05 39860329                  /usr/lib/jvm/jdk-22.0.2-oracle-x64/lib/server/libjvm.so
710430d40000-710430d41000 ---p 01340000 103:05 39860329                  /usr/lib/jvm/jdk-22.0.2-oracle-x64/lib/server/libjvm.so
710430d41000-710430e0e000 r--p 01340000 103:05 39860329                  /usr/lib/jvm/jdk-22.0.2-oracle-x64/lib/server/libjvm.so
710430e0e000-710430e3c000 rw-p 0140d000 103:05 39860329                  /usr/lib/jvm/jdk-22.0.2-oracle-x64/lib/server/libjvm.so
710430e3c000-710430eb2000 rw-p 00000000 00:00 0 
710430ebb000-710430edb000 r-xp 00000000 103:05 39860291                  /usr/lib/jvm/jdk-22.0.2-oracle-x64/lib/libjava.so
710430edb000-710430edc000 ---p 00020000 103:05 39860291                  /usr/lib/jvm/jdk-22.0.2-oracle-x64/lib/libjava.so
710430edc000-710430edd000 r--p 00020000 103:05 39860291                  /usr/lib/jvm/jdk-22.0.2-oracle-x64/lib/libjava.so
710430edd000-710430ede000 rw-p 00021000 103:05 39860291                  /usr/lib/jvm/jdk-22.0.2-oracle-x64/lib/libjava.so
710430ede000-710430edf000 rw-p 00000000 00:00 0 
710430edf000-710430efd000 r-xp 00000000 103:05 39860295                  /usr/lib/jvm/jdk-22.0.2-oracle-x64/lib/libjimage.so
710430efd000-710430eff000 r--p 0001d000 103:05 39860295                  /usr/lib/jvm/jdk-22.0.2-oracle-x64/lib/libjimage.so
710430eff000-710430f00000 rw-p 0001f000 103:05 39860295                  /usr/lib/jvm/jdk-22.0.2-oracle-x64/lib/libjimage.so
710430f00000-710430f04000 ---p 00000000 00:00 0 
710430f04000-710431000000 rw-p 00000000 00:00 0 
710431000000-710431028000 r--p 00000000 103:05 39070666                  /usr/lib/x86_64-linux-gnu/libc.so.6
710431028000-7104311b0000 r-xp 00028000 103:05 39070666                  /usr/lib/x86_64-linux-gnu/libc.so.6
7104311b0000-7104311ff000 r--p 001b0000 103:05 39070666                  /usr/lib/x86_64-linux-gnu/libc.so.6
7104311ff000-710431203000 r--p 001fe000 103:05 39070666                  /usr/lib/x86_64-linux-gnu/libc.so.6
710431203000-710431205000 rw-p 00202000 103:05 39070666                  /usr/lib/x86_64-linux-gnu/libc.so.6
710431205000-710431212000 rw-p 00000000 00:00 0 
710431214000-71043121b000 r--s 00000000 103:05 39070655                  /usr/lib/x86_64-linux-gnu/gconv/gconv-modules.cache
71043121b000-71043122e000 r-xp 00000000 103:05 39860307                  /usr/lib/jvm/jdk-22.0.2-oracle-x64/lib/libnio.so
71043122e000-71043122f000 ---p 00013000 103:05 39860307                  /usr/lib/jvm/jdk-22.0.2-oracle-x64/lib/libnio.so
71043122f000-710431230000 r--p 00013000 103:05 39860307                  /usr/lib/jvm/jdk-22.0.2-oracle-x64/lib/libnio.so
710431230000-710431231000 rw-p 00014000 103:05 39860307                  /usr/lib/jvm/jdk-22.0.2-oracle-x64/lib/libnio.so
710431231000-710431241000 r--p 00000000 103:05 39070669                  /usr/lib/x86_64-linux-gnu/libm.so.6
710431241000-7104312c0000 r-xp 00010000 103:05 39070669                  /usr/lib/x86_64-linux-gnu/libm.so.6
7104312c0000-710431318000 r--p 0008f000 103:05 39070669                  /usr/lib/x86_64-linux-gnu/libm.so.6
710431318000-710431319000 r--p 000e7000 103:05 39070669                  /usr/lib/x86_64-linux-gnu/libm.so.6
710431319000-71043131a000 rw-p 000e8000 103:05 39070669                  /usr/lib/x86_64-linux-gnu/libm.so.6
71043131a000-71043131b000 r--p 00000000 103:05 39070680                  /usr/lib/x86_64-linux-gnu/librt.so.1
71043131b000-71043131c000 r-xp 00001000 103:05 39070680                  /usr/lib/x86_64-linux-gnu/librt.so.1
71043131c000-71043131d000 r--p 00002000 103:05 39070680                  /usr/lib/x86_64-linux-gnu/librt.so.1
71043131d000-71043131e000 r--p 00002000 103:05 39070680                  /usr/lib/x86_64-linux-gnu/librt.so.1
71043131e000-71043131f000 rw-p 00003000 103:05 39070680                  /usr/lib/x86_64-linux-gnu/librt.so.1
71043131f000-710431323000 rw-p 00000000 00:00 0 
710431323000-710431324000 r--p 00000000 103:05 39070668                  /usr/lib/x86_64-linux-gnu/libdl.so.2
710431324000-710431325000 r-xp 00001000 103:05 39070668                  /usr/lib/x86_64-linux-gnu/libdl.so.2
710431325000-710431326000 r--p 00002000 103:05 39070668                  /usr/lib/x86_64-linux-gnu/libdl.so.2
710431326000-710431327000 r--p 00002000 103:05 39070668                  /usr/lib/x86_64-linux-gnu/libdl.so.2
710431327000-710431328000 rw-p 00003000 103:05 39070668                  /usr/lib/x86_64-linux-gnu/libdl.so.2
710431328000-710431329000 r--p 00000000 103:05 39070678                  /usr/lib/x86_64-linux-gnu/libpthread.so.0
710431329000-71043132a000 r-xp 00001000 103:05 39070678                  /usr/lib/x86_64-linux-gnu/libpthread.so.0
71043132a000-71043132b000 r--p 00002000 103:05 39070678                  /usr/lib/x86_64-linux-gnu/libpthread.so.0
71043132b000-71043132c000 r--p 00002000 103:05 39070678                  /usr/lib/x86_64-linux-gnu/libpthread.so.0
71043132c000-71043132d000 rw-p 00003000 103:05 39070678                  /usr/lib/x86_64-linux-gnu/libpthread.so.0
71043132d000-71043133b000 r-xp 00000000 103:05 39860296                  /usr/lib/jvm/jdk-22.0.2-oracle-x64/lib/libjli.so
71043133b000-71043133c000 r--p 0000e000 103:05 39860296                  /usr/lib/jvm/jdk-22.0.2-oracle-x64/lib/libjli.so
71043133c000-71043133d000 rw-p 0000f000 103:05 39860296                  /usr/lib/jvm/jdk-22.0.2-oracle-x64/lib/libjli.so
71043133d000-71043133f000 r--p 00000000 103:05 39063281                  /usr/lib/x86_64-linux-gnu/libz.so.1.3
71043133f000-710431351000 r-xp 00002000 103:05 39063281                  /usr/lib/x86_64-linux-gnu/libz.so.1.3
710431351000-710431357000 r--p 00014000 103:05 39063281                  /usr/lib/x86_64-linux-gnu/libz.so.1.3
710431357000-710431358000 r--p 0001a000 103:05 39063281                  /usr/lib/x86_64-linux-gnu/libz.so.1.3
710431358000-710431359000 rw-p 0001b000 103:05 39063281                  /usr/lib/x86_64-linux-gnu/libz.so.1.3
71043135a000-71043135f000 rw-p 00000000 00:00 0 
71043135f000-710431369000 ---p 00000000 00:00 0 
710431369000-710431371000 rw-s 00000000 103:05 26739192                  /tmp/hsperfdata_edov/8016
710431371000-710431372000 ---p 00000000 00:00 0 
710431372000-710431373000 r--p 00000000 00:00 0 
710431373000-710431374000 ---p 00000000 00:00 0 
710431374000-710431376000 rw-p 00000000 00:00 0 
710431376000-710431377000 r--p 00000000 103:05 39070663                  /usr/lib/x86_64-linux-gnu/ld-linux-x86-64.so.2
710431377000-7104313a2000 r-xp 00001000 103:05 39070663                  /usr/lib/x86_64-linux-gnu/ld-linux-x86-64.so.2
7104313a2000-7104313ac000 r--p 0002c000 103:05 39070663                  /usr/lib/x86_64-linux-gnu/ld-linux-x86-64.so.2
7104313ac000-7104313ae000 r--p 00036000 103:05 39070663                  /usr/lib/x86_64-linux-gnu/ld-linux-x86-64.so.2
7104313ae000-7104313b0000 rw-p 00038000 103:05 39070663                  /usr/lib/x86_64-linux-gnu/ld-linux-x86-64.so.2
7fff52b82000-7fff52ba4000 rw-p 00000000 00:00 0                          [stack]
7fff52bae000-7fff52bb2000 r--p 00000000 00:00 0                          [vvar]
7fff52bb2000-7fff52bb4000 r-xp 00000000 00:00 0                          [vdso]
ffffffffff600000-ffffffffff601000 --xp 00000000 00:00 0                  [vsyscall]
Total number of mappings: 309


VM Arguments:
jvm_args: -Dfile.encoding=UTF-8 --module-path=/home/edov/projects/JCudaWrapper/build/classes 
java_command: main.VectorTest
java_class_path (initial): /home/edov/projects/JCudaWrapper/JCuda-All-10.1.0/jcublas-10.1.0-javadoc.jar:/home/edov/projects/JCudaWrapper/JCuda-All-10.1.0/jcublas-10.1.0-sources.jar:/home/edov/projects/JCudaWrapper/JCuda-All-10.1.0/jcublas-10.1.0.jar:/home/edov/projects/JCudaWrapper/JCuda-All-10.1.0/jcublas-natives-10.1.0-apple-x86_64.jar:/home/edov/projects/JCudaWrapper/JCuda-All-10.1.0/jcublas-natives-10.1.0-javadoc.jar:/home/edov/projects/JCudaWrapper/JCuda-All-10.1.0/jcublas-natives-10.1.0-linux-x86_64.jar:/home/edov/projects/JCudaWrapper/JCuda-All-10.1.0/jcublas-natives-10.1.0-sources.jar:/home/edov/projects/JCudaWrapper/JCuda-All-10.1.0/jcublas-natives-10.1.0-windows-x86_64.jar:/home/edov/projects/JCudaWrapper/JCuda-All-10.1.0/jcublas-natives-10.1.0.jar:/home/edov/projects/JCudaWrapper/JCuda-All-10.1.0/jcuda-10.1.0-javadoc.jar:/home/edov/projects/JCudaWrapper/JCuda-All-10.1.0/jcuda-10.1.0-sources.jar:/home/edov/projects/JCudaWrapper/JCuda-All-10.1.0/jcuda-10.1.0.jar:/home/edov/projects/JCudaWrapper/JCuda-All-10.1.0/jcuda-common-10.1.0-javadoc.jar:/home/edov/projects/JCudaWrapper/JCuda-All-10.1.0/jcuda-common-10.1.0-sources.jar:/home/edov/projects/JCudaWrapper/JCuda-All-10.1.0/jcuda-common-10.1.0.jar:/home/edov/projects/JCudaWrapper/JCuda-All-10.1.0/jcuda-natives-10.1.0-apple-x86_64.jar:/home/edov/projects/JCudaWrapper/JCuda-All-10.1.0/jcuda-natives-10.1.0-javadoc.jar:/home/edov/projects/JCudaWrapper/JCuda-All-10.1.0/jcuda-natives-10.1.0-linux-x86_64.jar:/home/edov/projects/JCudaWrapper/JCuda-All-10.1.0/jcuda-natives-10.1.0-sources.jar:/home/edov/projects/JCudaWrapper/JCuda-All-10.1.0/jcuda-natives-10.1.0-windows-x86_64.jar:/home/edov/projects/JCudaWrapper/JCuda-All-10.1.0/jcuda-natives-10.1.0.jar:/home/edov/projects/JCudaWrapper/JCuda-All-10.1.0/jcudnn-10.1.0-javadoc.jar:/home/edov/projects/JCudaWrapper/JCuda-All-10.1.0/jcudnn-10.1.0-sources.jar:/home/edov/projects/JCudaWrapper/JCuda-All-10.1.0/jcudnn-10.1.0.jar:/home/edov/projects/JCudaWrapper/JCuda-All-10.1.0/jcudnn-natives-10.1.0-apple-x86_64.jar:/home/edov/projects/JCudaWrapper/JCuda-All-10.1.0/jcudnn-natives-10.1.0-javadoc.jar:/home/edov/projects/JCudaWrapper/JCuda-All-10.1.0/jcudnn-natives-10.1.0-linux-x86_64.jar:/home/edov/projects/JCudaWrapper/JCuda-All-10.1.0/jcudnn-natives-10.1.0-sources.jar:/home/edov/projects/JCudaWrapper/JCuda-All-10.1.0/jcudnn-natives-10.1.0-windows-x86_64.jar:/home/edov/projects/JCudaWrapper/JCuda-All-10.1.0/jcudnn-natives-10.1.0.jar:/home/edov/projects/JCudaWrapper/JCuda-All-10.1.0/jcufft-10.1.0-javadoc.jar:/home/edov/projects/JCudaWrapper/JCuda-All-10.1.0/jcufft-10.1.0-sources.jar:/home/edov/projects/JCudaWrapper/JCuda-All-10.1.0/jcufft-10.1.0.jar:/home/edov/projects/JCudaWrapper/JCuda-All-10.1.0/jcufft-natives-10.1.0-apple-x86_64.jar:/home/edov/projects/JCudaWrapper/JCuda-All-10.1.0/jcufft-natives-10.1.0-javadoc.jar:/home/edov/projects/JCudaWrapper/JCuda-All-10.1.0/jcufft-natives-10.1.0-linux-x86_64.jar:/home/edov/projects/JCudaWrapper/JCuda-All-10.1.0/jcufft-natives-10.1.0-sources.jar:/home/edov/projects/JCudaWrapper/JCuda-All-10.1.0/jcufft-natives-10.1.0-windows-x86_64.jar:/home/edov/projects/JCudaWrapper/JCuda-All-10.1.0/jcufft-natives-10.1.0.jar:/home/edov/projects/JCudaWrapper/JCuda-All-10.1.0/jcurand-10.1.0-javadoc.jar:/home/edov/projects/JCudaWrapper/JCuda-All-10.1.0/jcurand-10.1.0-sources.jar:/home/edov/projects/JCudaWrapper/JCuda-All-10.1.0/jcurand-10.1.0.jar:/home/edov/projects/JCudaWrapper/JCuda-All-10.1.0/jcurand-natives-10.1.0-apple-x86_64.jar:/home/edov/projects/JCudaWrapper/JCuda-All-10.1.0/jcurand-natives-10.1.0-javadoc.jar:/home/edov/projects/JCudaWrapper/JCuda-All-10.1.0/jcurand-natives-10.1.0-linux-x86_64.jar:/home/edov/projects/JCudaWrapper/JCuda-All-10.1.0/jcurand-natives-10.1.0-sources.jar:/home/edov/projects/JCudaWrapper/JCuda-All-10.1.0/jcurand-natives-10.1.0-windows-x86_64.jar:/home/edov/projects/JCudaWrapper/JCuda-All-10.1.0/jcurand-natives-10.1.0.jar:/home/edov/projects/JCudaWrapper/JCuda-All-10.1.0/jcusolver-10.1.0-javadoc.jar:/home/edov/projects/JCudaWrapper/JCuda-All-10.1.0/jcusolver-10.1.0-sources.jar:/home/edov/projects/JCudaWrapper/JCuda-All-10.1.0/jcusolver-10.1.0.jar:/home/edov/projects/JCudaWrapper/JCuda-All-10.1.0/jcusolver-natives-10.1.0-apple-x86_64.jar:/home/edov/projects/JCudaWrapper/JCuda-All-10.1.0/jcusolver-natives-10.1.0-javadoc.jar:/home/edov/projects/JCudaWrapper/JCuda-All-10.1.0/jcusolver-natives-10.1.0-linux-x86_64.jar:/home/edov/projects/JCudaWrapper/JCuda-All-10.1.0/jcusolver-natives-10.1.0-sources.jar:/home/edov/projects/JCudaWrapper/JCuda-All-10.1.0/jcusolver-natives-10.1.0-windows-x86_64.jar:/home/edov/projects/JCudaWrapper/JCuda-All-10.1.0/jcusolver-natives-10.1.0.jar:/home/edov/projects/JCudaWrapper/JCuda-All-10.1.0/jcusparse-10.1.0-javadoc.jar:/home/edov/projects/JCudaWrapper/JCuda-All-10.1.0/jcusparse-10.1.0-sources.jar:/home/edov/projects/JCudaWrapper/JCuda-All-10.1.0/jcusparse-10.1.0.jar:/home/edov/projects/JCudaWrapper/JCuda-All-10.1.0/jcusparse-natives-10.1.0-apple-x86_64.jar:/home/edov/projects/JCudaWrapper/JCuda-All-10.1.0/jcusparse-natives-10.1.0-javadoc.jar:/home/edov/projects/JCudaWrapper/JCuda-All-10.1.0/jcusparse-natives-10.1.0-linux-x86_64.jar:/home/edov/projects/JCudaWrapper/JCuda-All-10.1.0/jcusparse-natives-10.1.0-sources.jar:/home/edov/projects/JCudaWrapper/JCuda-All-10.1.0/jcusparse-natives-10.1.0-windows-x86_64.jar:/home/edov/projects/JCudaWrapper/JCuda-All-10.1.0/jcusparse-natives-10.1.0.jar:/home/edov/projects/JCudaWrapper/JCuda-All-10.1.0/jnvgraph-10.1.0-javadoc.jar:/home/edov/projects/JCudaWrapper/JCuda-All-10.1.0/jnvgraph-10.1.0-sources.jar:/home/edov/projects/JCudaWrapper/JCuda-All-10.1.0/jnvgraph-10.1.0.jar:/home/edov/projects/JCudaWrapper/JCuda-All-10.1.0/jnvgraph-natives-10.1.0-apple-x86_64.jar:/home/edov/projects/JCudaWrapper/JCuda-All-10.1.0/jnvgraph-natives-10.1.0-javadoc.jar:/home/edov/projects/JCudaWrapper/JCuda-All-10.1.0/jnvgraph-natives-10.1.0-linux-x86_64.jar:/home/edov/projects/JCudaWrapper/JCuda-All-10.1.0/jnvgraph-natives-10.1.0-sources.jar:/home/edov/projects/JCudaWrapper/JCuda-All-10.1.0/jnvgraph-natives-10.1.0-windows-x86_64.jar:/home/edov/projects/JCudaWrapper/JCuda-All-10.1.0/jnvgraph-natives-10.1.0.jar:/home/edov/projects/JCudaWrapper/commons-math3-3.6.1.jar:/home/edov/projects/JCudaWrapper/build/classes
Launcher Type: SUN_STANDARD

[Global flags]
     intx CICompilerCount                          = 12                                        {product} {ergonomic}
     uint ConcGCThreads                            = 3                                         {product} {ergonomic}
     uint G1ConcRefinementThreads                  = 13                                        {product} {ergonomic}
   size_t G1HeapRegionSize                         = 4194304                                   {product} {ergonomic}
   size_t InitialHeapSize                          = 515899392                                 {product} {ergonomic}
   size_t MarkStackSize                            = 4194304                                   {product} {ergonomic}
   size_t MaxHeapSize                              = 8212447232                                {product} {ergonomic}
   size_t MaxNewSize                               = 4924112896                                {product} {ergonomic}
   size_t MinHeapDeltaBytes                        = 4194304                                   {product} {ergonomic}
   size_t MinHeapSize                              = 8388608                                   {product} {ergonomic}
    uintx NonNMethodCodeHeapSize                   = 7602480                                {pd product} {ergonomic}
    uintx NonProfiledCodeHeapSize                  = 122027880                              {pd product} {ergonomic}
    uintx ProfiledCodeHeapSize                     = 122027880                              {pd product} {ergonomic}
    uintx ReservedCodeCacheSize                    = 251658240                              {pd product} {ergonomic}
     bool SegmentedCodeCache                       = true                                      {product} {ergonomic}
   size_t SoftMaxHeapSize                          = 8212447232                             {manageable} {ergonomic}
     bool UseCompressedOops                        = true                           {product lp64_product} {ergonomic}
     bool UseG1GC                                  = true                                      {product} {ergonomic}

Logging:
Log output configuration:
 #0: stdout all=warning uptime,level,tags foldmultilines=false
 #1: stderr all=off uptime,level,tags foldmultilines=false

Environment Variables:
PATH=/usr/local/sbin:/usr/local/bin:/usr/sbin:/usr/bin:/sbin:/bin:/usr/games:/usr/local/games:/snap/bin:/snap/bin
USERNAME=edov
SHELL=/bin/bash
DISPLAY=:1
LANG=en_IL

Active Locale:
LC_ALL=en_IL
LC_COLLATE=en_IL
LC_CTYPE=en_IL
LC_MESSAGES=en_IL
LC_MONETARY=en_IL
LC_NUMERIC=en_IL
LC_TIME=en_IL

Signal Handlers:
   SIGSEGV: crash_handler in libjvm.so, mask=11100100010111111101111111111110, flags=SA_RESTART|SA_SIGINFO, unblocked
    SIGBUS: crash_handler in libjvm.so, mask=11100100010111111101111111111110, flags=SA_RESTART|SA_SIGINFO, unblocked
    SIGFPE: crash_handler in libjvm.so, mask=11100100010111111101111111111110, flags=SA_RESTART|SA_SIGINFO, unblocked
   SIGPIPE: javaSignalHandler in libjvm.so, mask=11100100010111111101111111111110, flags=SA_RESTART|SA_SIGINFO, blocked
   SIGXFSZ: javaSignalHandler in libjvm.so, mask=11100100010111111101111111111110, flags=SA_RESTART|SA_SIGINFO, blocked
    SIGILL: crash_handler in libjvm.so, mask=11100100010111111101111111111110, flags=SA_RESTART|SA_SIGINFO, unblocked
   SIGUSR2: SR_handler in libjvm.so, mask=00000000000000000000000000000000, flags=SA_RESTART|SA_SIGINFO, blocked
    SIGHUP: UserHandler in libjvm.so, mask=11100100010111111101111111111110, flags=SA_RESTART|SA_SIGINFO, blocked
    SIGINT: SIG_IGN, mask=00000000000000000000000000000000, flags=none, blocked
   SIGTERM: UserHandler in libjvm.so, mask=11100100010111111101111111111110, flags=SA_RESTART|SA_SIGINFO, blocked
   SIGQUIT: UserHandler in libjvm.so, mask=11100100010111111101111111111110, flags=SA_RESTART|SA_SIGINFO, blocked
   SIGTRAP: crash_handler in libjvm.so, mask=11100100010111111101111111111110, flags=SA_RESTART|SA_SIGINFO, unblocked


Periodic native trim disabled

---------------  S Y S T E M  ---------------

OS:
DISTRIB_ID=Ubuntu
DISTRIB_RELEASE=24.04
DISTRIB_CODENAME=noble
DISTRIB_DESCRIPTION="Ubuntu 24.04.1 LTS"
uname: Linux 6.8.0-44-generic #44-Ubuntu SMP PREEMPT_DYNAMIC Tue Aug 13 13:35:26 UTC 2024 x86_64
OS uptime: 0 days 0:23 hours
libc: glibc 2.39 NPTL 2.39 
rlimit (soft/hard): STACK 8192k/infinity , CORE 0k/infinity , NPROC 125013/125013 , NOFILE 1048576/1048576 , AS infinity/infinity , CPU infinity/infinity , DATA infinity/infinity , FSIZE infinity/infinity , MEMLOCK 4009332k/4009332k
load average: 1.16 1.61 1.09

/proc/meminfo:
MemTotal:       32074664 kB
MemFree:        21234860 kB
MemAvailable:   24857968 kB
Buffers:          180772 kB
Cached:          3814264 kB
SwapCached:            0 kB
Active:          6693272 kB
Inactive:        2367456 kB
Active(anon):    5182056 kB
Inactive(anon):        0 kB
Active(file):    1511216 kB
Inactive(file):  2367456 kB
Unevictable:          48 kB
Mlocked:              48 kB
SwapTotal:       2097148 kB
SwapFree:        2097148 kB
Zswap:                 0 kB
Zswapped:              0 kB
Dirty:               384 kB
Writeback:            40 kB
AnonPages:       5065880 kB
Mapped:          1011152 kB
Shmem:            116360 kB
KReclaimable:     208916 kB
Slab:             514772 kB
SReclaimable:     208916 kB
SUnreclaim:       305856 kB
KernelStack:       24880 kB
PageTables:        61792 kB
SecPageTables:         0 kB
NFS_Unstable:          0 kB
Bounce:                0 kB
WritebackTmp:          0 kB
CommitLimit:    18134480 kB
Committed_AS:   31465828 kB
VmallocTotal:   34359738367 kB
VmallocUsed:      167280 kB
VmallocChunk:          0 kB
Percpu:            18752 kB
HardwareCorrupted:     0 kB
AnonHugePages:         0 kB
ShmemHugePages:        0 kB
ShmemPmdMapped:        0 kB
FileHugePages:         0 kB
FilePmdMapped:         0 kB
Unaccepted:            0 kB
HugePages_Total:       0
HugePages_Free:        0
HugePages_Rsvd:        0
HugePages_Surp:        0
Hugepagesize:       2048 kB
Hugetlb:               0 kB
DirectMap4k:     1456616 kB
DirectMap2M:    16621568 kB
DirectMap1G:    15728640 kB

/sys/kernel/mm/transparent_hugepage/enabled: always [madvise] never
/sys/kernel/mm/transparent_hugepage/hpage_pmd_size: 2097152
/sys/kernel/mm/transparent_hugepage/shmem_enabled: always within_size advise [never] deny force
/sys/kernel/mm/transparent_hugepage/defrag (defrag/compaction efforts parameter): always defer defer+madvise [madvise] never

Process Memory:
Virtual Size: 16509928K (peak: 16509928K)
Resident Set Size: 347976K (peak: 347976K) (anon: 189180K, file: 150604K, shmem: 8192K)
Swapped out: 0K
C-Heap outstanding allocations: 263918K, retained: 3205K
glibc malloc tunables: (default)

/proc/sys/kernel/threads-max (system-wide limit on the number of threads): 250027
/proc/sys/vm/max_map_count (maximum number of memory map areas a process may have): 1048576
/proc/sys/vm/swappiness (control to define how aggressively the kernel swaps out anonymous memory): 60
/proc/sys/kernel/pid_max (system-wide limit on number of process identifiers): 4194304

container (cgroup) information:
container_type: cgroupv2
cpu_cpuset_cpus: not supported
cpu_memory_nodes: not supported
active_processor_count: 16
cpu_quota: not supported
cpu_period: not supported
cpu_shares: not supported
memory_limit_in_bytes: unlimited
memory_and_swap_limit_in_bytes: unlimited
memory_soft_limit_in_bytes: unlimited
memory_usage_in_bytes: 2955368 k
memory_max_usage_in_bytes: not supported
memory_swap_current_in_bytes: unlimited
memory_swap_max_limit_in_bytes: unlimited
maximum number of tasks: 37504
current number of tasks: 128

Steal ticks since vm start: 0
Steal ticks percentage since vm start:  0.000

CPU: total 16 (initial active 16) (16 cores per cpu, 2 threads per core) family 25 model 68 stepping 1 microcode 0xa404101, cx8, cmov, fxsr, ht, mmx, 3dnowpref, sse, sse2, sse3, ssse3, sse4a, sse4.1, sse4.2, popcnt, lzcnt, tsc, tscinvbit, avx, avx2, aes, clmul, bmi1, bmi2, adx, sha, fma, vzeroupper, clflush, clflushopt, rdtscp, rdpid, f16c, pku, ospke, cet_ss
CPU Model and flags from /proc/cpuinfo:
model name	: AMD Ryzen 9 6900HS with Radeon Graphics
flags		: fpu vme de pse tsc msr pae mce cx8 apic sep mtrr pge mca cmov pat pse36 clflush mmx fxsr sse sse2 ht syscall nx mmxext fxsr_opt pdpe1gb rdtscp lm constant_tsc rep_good nopl nonstop_tsc cpuid extd_apicid aperfmperf rapl pni pclmulqdq monitor ssse3 fma cx16 sse4_1 sse4_2 x2apic movbe popcnt aes xsave avx f16c rdrand lahf_lm cmp_legacy svm extapic cr8_legacy abm sse4a misalignsse 3dnowprefetch osvw ibs skinit wdt tce topoext perfctr_core perfctr_nb bpext perfctr_llc mwaitx cpb cat_l3 cdp_l3 hw_pstate ssbd mba ibrs ibpb stibp vmmcall fsgsbase bmi1 avx2 smep bmi2 invpcid cqm rdt_a rdseed adx smap clflushopt clwb sha_ni xsaveopt xsavec xgetbv1 xsaves cqm_llc cqm_occup_llc cqm_mbm_total cqm_mbm_local user_shstk clzero irperf xsaveerptr rdpru wbnoinvd cppc arat npt lbrv svm_lock nrip_save tsc_scale vmcb_clean flushbyasid decodeassists pausefilter pfthreshold avic v_vmsave_vmload vgif v_spec_ctrl umip pku ospke vaes vpclmulqdq rdpid overflow_recov succor smca debug_swap

Online cpus: 0-15
Offline cpus: 
BIOS frequency limitation: <Not Available>
Frequency switch latency (ns): 0
Available cpu frequencies: <Not Available>
Current governor: powersave
Core performance/turbo boost: <Not Available>

Memory: 4k page, physical 32074664k(24857968k free), swap 2097148k(2097148k free)
Page Sizes: 4k

vm_info: Java HotSpot(TM) 64-Bit Server VM (22.0.2+9-70) for linux-amd64 JRE (22.0.2+9-70), built on 2024-06-04T16:52:23Z by "mach5one" with gcc 13.2.0

END.
