#
# A fatal error has been detected by the Java Runtime Environment:
#
#  SIGSEGV (0xb) at pc=0x0000788f470d1bb8, pid=13908, tid=13913
#
# JRE version: Java(TM) SE Runtime Environment (22.0.2+9) (build 22.0.2+9-70)
# Java VM: Java HotSpot(TM) 64-Bit Server VM (22.0.2+9-70, mixed mode, sharing, tiered, compressed oops, compressed class ptrs, g1 gc, linux-amd64)
# Problematic frame:
# C  [libcublas.so.10+0xd1bb8]
#
# Core dump will be written. Default location: Core dumps may be processed with "/usr/share/apport/apport -p%p -s%s -c%c -d%d -P%P -u%u -g%g -- %E" (or dumping to /home/edov/projects/JCudaWrapper/core.13908)
#
# If you would like to submit a bug report, please visit:
#   https://bugreport.java.com/bugreport/crash.jsp
# The crash happened outside the Java Virtual Machine in native code.
# See problematic frame for where to report the bug.
#

---------------  S U M M A R Y ------------

Command Line: -Dfile.encoding=UTF-8 --module-path=/home/edov/projects/JCudaWrapper/build/classes storage.DArray

Host: AMD Ryzen 9 6900HS with Radeon Graphics, 16 cores, 30G, Ubuntu 24.04.1 LTS
Time: Tue Sep 17 09:49:48 2024 IDT elapsed time: 0.546865 seconds (0d 0h 0m 0s)

---------------  T H R E A D  ---------------

Current thread (0x000078901c02d4c0):  JavaThread "main"             [_thread_in_native, id=13913, stack(0x0000789023500000,0x0000789023600000) (1024K)]

Stack: [0x0000789023500000,0x0000789023600000],  sp=0x00007890235fe560,  free space=1017k
Native frames: (J=compiled Java code, j=interpreted, Vv=VM code, C=native code)
C  [libcublas.so.10+0xd1bb8]
Java frames: (J=compiled Java code, j=interpreted, Vv=VM code)
j  jcuda.jcublas.JCublas2.cublasDnrm2Native(Ljcuda/jcublas/cublasHandle;ILjcuda/Pointer;ILjcuda/Pointer;)I+0
j  jcuda.jcublas.JCublas2.cublasDnrm2(Ljcuda/jcublas/cublasHandle;ILjcuda/Pointer;ILjcuda/Pointer;)I+6
j  storage.DArray.main([Ljava/lang/String;)V+51
v  ~StubRoutines::call_stub 0x000078900c05fcc6

siginfo: si_signo: 11 (SIGSEGV), si_code: 2 (SEGV_ACCERR), si_addr: 0x0000788efce20800

Registers:
RAX=0x0000000000000000, RBX=0x0000000000000001, RCX=0x0000000000000001, RDX=0x0000000000000007
RSP=0x00007890235fe560, RBP=0x0000000000000002, RSI=0x0000000000000002, RDI=0x0000788ef80d9230
R8 =0x0000788efce20800, R9 =0x0000000634c15d70, R10=0x0000788f47004380, R11=0x0000788f470cb5b0
R12=0x0000788ef80d9230, R13=0x0000000000000001, R14=0x0000788efce20800, R15=0x0000788efce20600
RIP=0x0000788f470d1bb8, EFLAGS=0x0000000000010202, CSGSFS=0x002b000000000033, ERR=0x0000000000000006
  TRAPNO=0x000000000000000e


Register to memory mapping:

RAX=0x0 is null
RBX=0x0000000000000001 is an unknown value
RCX=0x0000000000000001 is an unknown value
RDX=0x0000000000000007 is an unknown value
RSP=0x00007890235fe560 is pointing into the stack for thread: 0x000078901c02d4c0
RBP=0x0000000000000002 is an unknown value
RSI=0x0000000000000002 is an unknown value
RDI=0x0000788ef80d9230 points into unknown readable memory: 0x7fffffff00000200 | 00 02 00 00 ff ff ff 7f
R8 =0x0000788efce20800 is an unknown value
R9 =0x0000000634c15d70 is an oop: jcuda.driver.CUdeviceptr 
{0x0000000634c15d70} - klass: 'jcuda/driver/CUdeviceptr'
 - ---- fields (total size 5 words):
 - private 'nativePointer' 'J' @16  132555523360768 (0x0000788efce20800)
 - private 'buffer' 'Ljava/nio/Buffer;' @12  null (0x00000000)
 - private 'byteOffset' 'J' @24  0 (0x0000000000000000)
 - private 'pointers' '[Ljcuda/NativePointerObject;' @32  null (0x00000000)
R10=0x0000788f47004380: <offset 0x0000000000004380> in /lib/x86_64-linux-gnu/libcublas.so.10 at 0x0000788f47000000
R11=0x0000788f470cb5b0: cublasDnrm2_v2+0x0000000000000000 in /lib/x86_64-linux-gnu/libcublas.so.10 at 0x0000788f47000000
R12=0x0000788ef80d9230 points into unknown readable memory: 0x7fffffff00000200 | 00 02 00 00 ff ff ff 7f
R13=0x0000000000000001 is an unknown value
R14=0x0000788efce20800 is an unknown value
R15=0x0000788efce20600 is an unknown value

Top of Stack: (sp=0x00007890235fe560)
0x00007890235fe560:   2020202020202020 0000000000000000
0x00007890235fe570:   0000000000000000 0000788efce20600
0x00007890235fe580:   0000000000000000 0000000000000000
0x00007890235fe590:   0000000000000000 0000000000000000
0x00007890235fe5a0:   0000000000000000 000078901c1381c0
0x00007890235fe5b0:   00007890235fe5d0 0000789024299906
0x00007890235fe5c0:   0000788ff4fe8680 000000061c02e050
0x00007890235fe5d0:   00007890235fe600 00007890242d14d8
0x00007890235fe5e0:   000078901c145460 1ef99013302fc900
0x00007890235fe5f0:   0000000000000001 00007890235fe8c0
0x00007890235fe600:   0000000000000002 8000000000000006
0x00007890235fe610:   0000000000000000 0000000000000000
0x00007890235fe620:   0000000000000000 0000000000000000
0x00007890235fe630:   0000000000000000 0000000000000000
0x00007890235fe640:   000078901c02d4c0 0000000000000000
0x00007890235fe650:   00007890235fe670 0000789023f94377
0x00007890235fe660:   000078901c02e128 0000788ef9758620
0x00007890235fe670:   0000000000000000 0000788f944154b8
0x00007890235fe680:   00007890235fe6a0 0000788ff4fc8fc5
0x00007890235fe690:   00007890235fe8a0 0000788f944154b8
0x00007890235fe6a0:   00007890235fe800 0000000000000000
0x00007890235fe6b0:   0000788f944154b8 00007890235fe8c0
0x00007890235fe6c0:   0000788efce20600 0000788f470cb5fe
0x00007890235fe6d0:   00007890235fe700 0000788ef80d9230
0x00007890235fe6e0:   00007890235fe700 0000788efce20800
0x00007890235fe6f0:   0000000200000001 0000788ef80d9230
0x00007890235fe700:   00007890235fe780 0000788ff4fc9ac8
0x00007890235fe710:   00007890235fe8a0 000078901c02d880
0x00007890235fe720:   000078901c02d400 0000010000000062
0x00007890235fe730:   00007890235fe8b0 000078901c02d880
0x00007890235fe740:   0000000000000000 0000788ff4fc9dc5
0x00007890235fe750:   0000000000000000 0000788f944154b8 

Instructions: (pc=0x0000788f470d1bb8)
0x0000788f470d1ab8:   ff 4c 8b 8c 24 18 01 00 00 48 8b b4 24 c0 00 00
0x0000788f470d1ac8:   00 48 89 ef 8b 94 24 c8 00 00 00 48 8b 8c 24 b0
0x0000788f470d1ad8:   00 00 00 44 8b 84 24 b8 00 00 00 4c 8b 9c 24 10
0x0000788f470d1ae8:   01 00 00 4c 89 0c 24 4c 8d 8c 24 20 01 00 00 48
0x0000788f470d1af8:   89 b4 24 90 00 00 00 89 94 24 98 00 00 00 48 89
0x0000788f470d1b08:   8c 24 a0 00 00 00 44 89 84 24 a8 00 00 00 4c 89
0x0000788f470d1b18:   5c 24 08 e8 80 bb 50 00 e9 6d fe ff ff 48 03 9c
0x0000788f470d1b28:   24 28 01 00 00 4d 8b 44 24 48 b9 03 00 00 00 ba
0x0000788f470d1b38:   08 00 00 00 4c 89 f7 48 89 de e8 f9 e5 50 00 e9
0x0000788f470d1b48:   9a fe ff ff 90 90 90 90 48 89 6c 24 d8 4c 89 64
0x0000788f470d1b58:   24 e0 89 f5 4c 89 6c 24 e8 4c 89 74 24 f0 49 89
0x0000788f470d1b68:   fc 48 89 5c 24 d0 4c 89 7c 24 f8 48 81 ec 68 01
0x0000788f470d1b78:   00 00 48 85 ff 48 89 54 24 18 41 89 cd 4d 89 c6
0x0000788f470d1b88:   0f 84 85 01 00 00 8b 5f 38 85 db 0f 84 7a 01 00
0x0000788f470d1b98:   00 4d 85 c0 ba 07 00 00 00 0f 84 ff 00 00 00 8b
0x0000788f470d1ba8:   47 50 85 c0 89 44 24 2c 0f 85 2a 01 00 00 85 f6
0x0000788f470d1bb8:   49 c7 00 00 00 00 00 0f 8e 4a 01 00 00 85 c9 0f
0x0000788f470d1bc8:   8e 42 01 00 00 48 8b 35 94 83 bd 04 31 c9 4c 89
0x0000788f470d1bd8:   e7 48 89 f2 48 89 74 24 10 be 80 00 00 00 e8 d5
0x0000788f470d1be8:   39 fe ff 85 c0 ba 0d 00 00 00 0f 8e ae 00 00 00
0x0000788f470d1bf8:   39 e8 41 89 ef 49 8d 54 24 78 44 0f 4e f8 42 8d
0x0000788f470d1c08:   1c fd 08 00 00 00 48 89 d7 48 89 54 24 20 e8 75
0x0000788f470d1c18:   88 f5 ff 39 c3 0f 8f ca 01 00 00 48 8b 7c 24 20
0x0000788f470d1c28:   48 8d b4 24 28 01 00 00 89 da e8 79 91 f5 ff 85
0x0000788f470d1c38:   c0 89 c2 75 69 48 63 d3 48 c7 44 24 70 00 00 00
0x0000788f470d1c48:   00 48 c7 44 24 78 00 00 00 00 48 81 fa ff ff 00
0x0000788f470d1c58:   00 48 c7 84 24 80 00 00 00 00 00 00 00 48 c7 84
0x0000788f470d1c68:   24 88 00 00 00 00 00 00 00 49 8b 4c 24 48 48 8b
0x0000788f470d1c78:   bc 24 28 01 00 00 0f 87 9c 00 00 00 49 8d b4 24
0x0000788f470d1c88:   d8 00 00 00 49 89 c8 b9 01 00 00 00 e8 a7 e4 50
0x0000788f470d1c98:   00 85 c0 0f 84 8e 00 00 00 ba 0e 00 00 00 48 8b
0x0000788f470d1ca8:   9c 24 38 01 00 00 48 8b ac 24 40 01 00 00 89 d0 


Stack slot to memory mapping:

stack at sp + 0 slots: 0x2020202020202020 is an unknown value
stack at sp + 1 slots: 0x0 is null
stack at sp + 2 slots: 0x0 is null
stack at sp + 3 slots: 0x0000788efce20600 is an unknown value
stack at sp + 4 slots: 0x0 is null
stack at sp + 5 slots: 0x0 is null
stack at sp + 6 slots: 0x0 is null
stack at sp + 7 slots: 0x0 is null


---------------  P R O C E S S  ---------------

Threads class SMR info:
_java_thread_list=0x0000788ef9750530, length=12, elements={
0x000078901c02d4c0, 0x000078901c14c560, 0x000078901c14dbb0, 0x000078901c14f690,
0x000078901c150cd0, 0x000078901c152270, 0x000078901c153e10, 0x000078901c155520,
0x000078901c174b70, 0x0000788f6805f270, 0x000078901c1b75f0, 0x0000788ef9750930
}

Java Threads: ( => current thread )
=>0x000078901c02d4c0 JavaThread "main"                              [_thread_in_native, id=13913, stack(0x0000789023500000,0x0000789023600000) (1024K)]
  0x000078901c14c560 JavaThread "Reference Handler"          daemon [_thread_blocked, id=13921, stack(0x0000788ffc0f2000,0x0000788ffc1f2000) (1024K)]
  0x000078901c14dbb0 JavaThread "Finalizer"                  daemon [_thread_blocked, id=13922, stack(0x0000788ff5900000,0x0000788ff5a00000) (1024K)]
  0x000078901c14f690 JavaThread "Signal Dispatcher"          daemon [_thread_blocked, id=13923, stack(0x0000788ff5800000,0x0000788ff5900000) (1024K)]
  0x000078901c150cd0 JavaThread "Service Thread"             daemon [_thread_blocked, id=13924, stack(0x0000788ff5700000,0x0000788ff5800000) (1024K)]
  0x000078901c152270 JavaThread "Monitor Deflation Thread"   daemon [_thread_blocked, id=13925, stack(0x0000788ff5600000,0x0000788ff5700000) (1024K)]
  0x000078901c153e10 JavaThread "C2 CompilerThread0"         daemon [_thread_blocked, id=13926, stack(0x0000788ff5500000,0x0000788ff5600000) (1024K)]
  0x000078901c155520 JavaThread "C1 CompilerThread0"         daemon [_thread_blocked, id=13927, stack(0x0000788ff5400000,0x0000788ff5500000) (1024K)]
  0x000078901c174b70 JavaThread "Common-Cleaner"             daemon [_thread_blocked, id=13928, stack(0x0000788ff5300000,0x0000788ff5400000) (1024K)]
  0x0000788f6805f270 JavaThread "C1 CompilerThread1"         daemon [_thread_blocked, id=13929, stack(0x0000788ff5200000,0x0000788ff5300000) (1024K)]
  0x000078901c1b75f0 JavaThread "Notification Thread"        daemon [_thread_blocked, id=13931, stack(0x0000788ff5000000,0x0000788ff5100000) (1024K)]
  0x0000788ef9750930 JavaThread "pool-1-thread-1"            daemon [_thread_blocked, id=13938, stack(0x0000788ff5100000,0x0000788ff5200000) (1024K)]
Total: 12

Other Threads:
  0x000078901c13ee20 VMThread "VM Thread"                           [id=13920, stack(0x0000788ffc1f3000,0x0000788ffc2f3000) (1024K)]
  0x000078901c124940 WatcherThread "VM Periodic Task Thread"        [id=13919, stack(0x0000788ffc2f4000,0x0000788ffc3f4000) (1024K)]
  0x000078901c058c90 WorkerThread "GC Thread#0"                     [id=13914, stack(0x0000789020500000,0x0000789020600000) (1024K)]
  0x000078901c069790 ConcurrentGCThread "G1 Main Marker"            [id=13915, stack(0x00007890203ff000,0x00007890204ff000) (1024K)]
  0x000078901c06a730 WorkerThread "G1 Conc#0"                       [id=13916, stack(0x00007890202fe000,0x00007890203fe000) (1024K)]
  0x000078901c112270 ConcurrentGCThread "G1 Refine#0"               [id=13917, stack(0x0000788ffc4f6000,0x0000788ffc5f6000) (1024K)]
  0x000078901c113230 ConcurrentGCThread "G1 Service"                [id=13918, stack(0x0000788ffc3f5000,0x0000788ffc4f5000) (1024K)]
Total: 7

Threads with active compile tasks:
Total: 0

VM state: not at safepoint (normal execution)

VM Mutex/Monitor currently owned by a thread: None

Heap address: 0x0000000616800000, size: 7832 MB, Compressed Oops mode: Zero based, Oop shift amount: 3

CDS archive(s) mapped at: [0x0000788f9e000000-0x0000788f9ec7a000-0x0000788f9ec7a000), size 13082624, SharedBaseAddress: 0x0000788f9e000000, ArchiveRelocationMode: 1.
Compressed class space mapped at: 0x0000788f9f000000-0x0000788fdf000000, reserved size: 1073741824
Narrow klass base: 0x0000788f9e000000, Narrow klass shift: 0, Narrow klass range: 0x100000000

GC Precious Log:
 CardTable entry size: 512
 Card Set container configuration: InlinePtr #cards 4 size 8 Array Of Cards #cards 32 size 80 Howl #buckets 8 coarsen threshold 7372 Howl Bitmap #cards 1024 size 144 coarsen threshold 921 Card regions per heap region 1 cards per card region 8192
 CPUs: 16 total, 16 available
 Memory: 31322M
 Large Page Support: Disabled
 NUMA Support: Disabled
 Compressed Oops: Enabled (Zero based)
 Heap Region Size: 4M
 Heap Min Capacity: 8M
 Heap Initial Capacity: 492M
 Heap Max Capacity: 7832M
 Pre-touch: Disabled
 Parallel Workers: 13
 Concurrent Workers: 3
 Concurrent Refinement Workers: 13
 Periodic GC: Disabled

Heap:
 garbage-first heap   total reserved 8019968K, committed 507904K, used 5155K [0x0000000616800000, 0x0000000800000000)
  region size 4096K, 2 young (8192K), 0 survivors (0K)
 Metaspace       used 1077K, committed 1216K, reserved 1114112K
  class space    used 76K, committed 128K, reserved 1048576K

Heap Regions: E=young(eden), S=young(survivor), O=old, HS=humongous(starts), HC=humongous(continues), CS=collection set, F=free, TAMS=top-at-mark-start, PB=parsable bottom
|   0|0x0000000616800000, 0x0000000616800000, 0x0000000616c00000|  0%| F|  |TAMS 0x0000000616800000| PB 0x0000000616800000| Untracked |  0
|   1|0x0000000616c00000, 0x0000000616c00000, 0x0000000617000000|  0%| F|  |TAMS 0x0000000616c00000| PB 0x0000000616c00000| Untracked |  0
|   2|0x0000000617000000, 0x0000000617000000, 0x0000000617400000|  0%| F|  |TAMS 0x0000000617000000| PB 0x0000000617000000| Untracked |  0
|   3|0x0000000617400000, 0x0000000617400000, 0x0000000617800000|  0%| F|  |TAMS 0x0000000617400000| PB 0x0000000617400000| Untracked |  0
|   4|0x0000000617800000, 0x0000000617800000, 0x0000000617c00000|  0%| F|  |TAMS 0x0000000617800000| PB 0x0000000617800000| Untracked |  0
|   5|0x0000000617c00000, 0x0000000617c00000, 0x0000000618000000|  0%| F|  |TAMS 0x0000000617c00000| PB 0x0000000617c00000| Untracked |  0
|   6|0x0000000618000000, 0x0000000618000000, 0x0000000618400000|  0%| F|  |TAMS 0x0000000618000000| PB 0x0000000618000000| Untracked |  0
|   7|0x0000000618400000, 0x0000000618400000, 0x0000000618800000|  0%| F|  |TAMS 0x0000000618400000| PB 0x0000000618400000| Untracked |  0
|   8|0x0000000618800000, 0x0000000618800000, 0x0000000618c00000|  0%| F|  |TAMS 0x0000000618800000| PB 0x0000000618800000| Untracked |  0
|   9|0x0000000618c00000, 0x0000000618c00000, 0x0000000619000000|  0%| F|  |TAMS 0x0000000618c00000| PB 0x0000000618c00000| Untracked |  0
|  10|0x0000000619000000, 0x0000000619000000, 0x0000000619400000|  0%| F|  |TAMS 0x0000000619000000| PB 0x0000000619000000| Untracked |  0
|  11|0x0000000619400000, 0x0000000619400000, 0x0000000619800000|  0%| F|  |TAMS 0x0000000619400000| PB 0x0000000619400000| Untracked |  0
|  12|0x0000000619800000, 0x0000000619800000, 0x0000000619c00000|  0%| F|  |TAMS 0x0000000619800000| PB 0x0000000619800000| Untracked |  0
|  13|0x0000000619c00000, 0x0000000619c00000, 0x000000061a000000|  0%| F|  |TAMS 0x0000000619c00000| PB 0x0000000619c00000| Untracked |  0
|  14|0x000000061a000000, 0x000000061a000000, 0x000000061a400000|  0%| F|  |TAMS 0x000000061a000000| PB 0x000000061a000000| Untracked |  0
|  15|0x000000061a400000, 0x000000061a400000, 0x000000061a800000|  0%| F|  |TAMS 0x000000061a400000| PB 0x000000061a400000| Untracked |  0
|  16|0x000000061a800000, 0x000000061a800000, 0x000000061ac00000|  0%| F|  |TAMS 0x000000061a800000| PB 0x000000061a800000| Untracked |  0
|  17|0x000000061ac00000, 0x000000061ac00000, 0x000000061b000000|  0%| F|  |TAMS 0x000000061ac00000| PB 0x000000061ac00000| Untracked |  0
|  18|0x000000061b000000, 0x000000061b000000, 0x000000061b400000|  0%| F|  |TAMS 0x000000061b000000| PB 0x000000061b000000| Untracked |  0
|  19|0x000000061b400000, 0x000000061b400000, 0x000000061b800000|  0%| F|  |TAMS 0x000000061b400000| PB 0x000000061b400000| Untracked |  0
|  20|0x000000061b800000, 0x000000061b800000, 0x000000061bc00000|  0%| F|  |TAMS 0x000000061b800000| PB 0x000000061b800000| Untracked |  0
|  21|0x000000061bc00000, 0x000000061bc00000, 0x000000061c000000|  0%| F|  |TAMS 0x000000061bc00000| PB 0x000000061bc00000| Untracked |  0
|  22|0x000000061c000000, 0x000000061c000000, 0x000000061c400000|  0%| F|  |TAMS 0x000000061c000000| PB 0x000000061c000000| Untracked |  0
|  23|0x000000061c400000, 0x000000061c400000, 0x000000061c800000|  0%| F|  |TAMS 0x000000061c400000| PB 0x000000061c400000| Untracked |  0
|  24|0x000000061c800000, 0x000000061c800000, 0x000000061cc00000|  0%| F|  |TAMS 0x000000061c800000| PB 0x000000061c800000| Untracked |  0
|  25|0x000000061cc00000, 0x000000061cc00000, 0x000000061d000000|  0%| F|  |TAMS 0x000000061cc00000| PB 0x000000061cc00000| Untracked |  0
|  26|0x000000061d000000, 0x000000061d000000, 0x000000061d400000|  0%| F|  |TAMS 0x000000061d000000| PB 0x000000061d000000| Untracked |  0
|  27|0x000000061d400000, 0x000000061d400000, 0x000000061d800000|  0%| F|  |TAMS 0x000000061d400000| PB 0x000000061d400000| Untracked |  0
|  28|0x000000061d800000, 0x000000061d800000, 0x000000061dc00000|  0%| F|  |TAMS 0x000000061d800000| PB 0x000000061d800000| Untracked |  0
|  29|0x000000061dc00000, 0x000000061dc00000, 0x000000061e000000|  0%| F|  |TAMS 0x000000061dc00000| PB 0x000000061dc00000| Untracked |  0
|  30|0x000000061e000000, 0x000000061e000000, 0x000000061e400000|  0%| F|  |TAMS 0x000000061e000000| PB 0x000000061e000000| Untracked |  0
|  31|0x000000061e400000, 0x000000061e400000, 0x000000061e800000|  0%| F|  |TAMS 0x000000061e400000| PB 0x000000061e400000| Untracked |  0
|  32|0x000000061e800000, 0x000000061e800000, 0x000000061ec00000|  0%| F|  |TAMS 0x000000061e800000| PB 0x000000061e800000| Untracked |  0
|  33|0x000000061ec00000, 0x000000061ec00000, 0x000000061f000000|  0%| F|  |TAMS 0x000000061ec00000| PB 0x000000061ec00000| Untracked |  0
|  34|0x000000061f000000, 0x000000061f000000, 0x000000061f400000|  0%| F|  |TAMS 0x000000061f000000| PB 0x000000061f000000| Untracked |  0
|  35|0x000000061f400000, 0x000000061f400000, 0x000000061f800000|  0%| F|  |TAMS 0x000000061f400000| PB 0x000000061f400000| Untracked |  0
|  36|0x000000061f800000, 0x000000061f800000, 0x000000061fc00000|  0%| F|  |TAMS 0x000000061f800000| PB 0x000000061f800000| Untracked |  0
|  37|0x000000061fc00000, 0x000000061fc00000, 0x0000000620000000|  0%| F|  |TAMS 0x000000061fc00000| PB 0x000000061fc00000| Untracked |  0
|  38|0x0000000620000000, 0x0000000620000000, 0x0000000620400000|  0%| F|  |TAMS 0x0000000620000000| PB 0x0000000620000000| Untracked |  0
|  39|0x0000000620400000, 0x0000000620400000, 0x0000000620800000|  0%| F|  |TAMS 0x0000000620400000| PB 0x0000000620400000| Untracked |  0
|  40|0x0000000620800000, 0x0000000620800000, 0x0000000620c00000|  0%| F|  |TAMS 0x0000000620800000| PB 0x0000000620800000| Untracked |  0
|  41|0x0000000620c00000, 0x0000000620c00000, 0x0000000621000000|  0%| F|  |TAMS 0x0000000620c00000| PB 0x0000000620c00000| Untracked |  0
|  42|0x0000000621000000, 0x0000000621000000, 0x0000000621400000|  0%| F|  |TAMS 0x0000000621000000| PB 0x0000000621000000| Untracked |  0
|  43|0x0000000621400000, 0x0000000621400000, 0x0000000621800000|  0%| F|  |TAMS 0x0000000621400000| PB 0x0000000621400000| Untracked |  0
|  44|0x0000000621800000, 0x0000000621800000, 0x0000000621c00000|  0%| F|  |TAMS 0x0000000621800000| PB 0x0000000621800000| Untracked |  0
|  45|0x0000000621c00000, 0x0000000621c00000, 0x0000000622000000|  0%| F|  |TAMS 0x0000000621c00000| PB 0x0000000621c00000| Untracked |  0
|  46|0x0000000622000000, 0x0000000622000000, 0x0000000622400000|  0%| F|  |TAMS 0x0000000622000000| PB 0x0000000622000000| Untracked |  0
|  47|0x0000000622400000, 0x0000000622400000, 0x0000000622800000|  0%| F|  |TAMS 0x0000000622400000| PB 0x0000000622400000| Untracked |  0
|  48|0x0000000622800000, 0x0000000622800000, 0x0000000622c00000|  0%| F|  |TAMS 0x0000000622800000| PB 0x0000000622800000| Untracked |  0
|  49|0x0000000622c00000, 0x0000000622c00000, 0x0000000623000000|  0%| F|  |TAMS 0x0000000622c00000| PB 0x0000000622c00000| Untracked |  0
|  50|0x0000000623000000, 0x0000000623000000, 0x0000000623400000|  0%| F|  |TAMS 0x0000000623000000| PB 0x0000000623000000| Untracked |  0
|  51|0x0000000623400000, 0x0000000623400000, 0x0000000623800000|  0%| F|  |TAMS 0x0000000623400000| PB 0x0000000623400000| Untracked |  0
|  52|0x0000000623800000, 0x0000000623800000, 0x0000000623c00000|  0%| F|  |TAMS 0x0000000623800000| PB 0x0000000623800000| Untracked |  0
|  53|0x0000000623c00000, 0x0000000623c00000, 0x0000000624000000|  0%| F|  |TAMS 0x0000000623c00000| PB 0x0000000623c00000| Untracked |  0
|  54|0x0000000624000000, 0x0000000624000000, 0x0000000624400000|  0%| F|  |TAMS 0x0000000624000000| PB 0x0000000624000000| Untracked |  0
|  55|0x0000000624400000, 0x0000000624400000, 0x0000000624800000|  0%| F|  |TAMS 0x0000000624400000| PB 0x0000000624400000| Untracked |  0
|  56|0x0000000624800000, 0x0000000624800000, 0x0000000624c00000|  0%| F|  |TAMS 0x0000000624800000| PB 0x0000000624800000| Untracked |  0
|  57|0x0000000624c00000, 0x0000000624c00000, 0x0000000625000000|  0%| F|  |TAMS 0x0000000624c00000| PB 0x0000000624c00000| Untracked |  0
|  58|0x0000000625000000, 0x0000000625000000, 0x0000000625400000|  0%| F|  |TAMS 0x0000000625000000| PB 0x0000000625000000| Untracked |  0
|  59|0x0000000625400000, 0x0000000625400000, 0x0000000625800000|  0%| F|  |TAMS 0x0000000625400000| PB 0x0000000625400000| Untracked |  0
|  60|0x0000000625800000, 0x0000000625800000, 0x0000000625c00000|  0%| F|  |TAMS 0x0000000625800000| PB 0x0000000625800000| Untracked |  0
|  61|0x0000000625c00000, 0x0000000625c00000, 0x0000000626000000|  0%| F|  |TAMS 0x0000000625c00000| PB 0x0000000625c00000| Untracked |  0
|  62|0x0000000626000000, 0x0000000626000000, 0x0000000626400000|  0%| F|  |TAMS 0x0000000626000000| PB 0x0000000626000000| Untracked |  0
|  63|0x0000000626400000, 0x0000000626400000, 0x0000000626800000|  0%| F|  |TAMS 0x0000000626400000| PB 0x0000000626400000| Untracked |  0
|  64|0x0000000626800000, 0x0000000626800000, 0x0000000626c00000|  0%| F|  |TAMS 0x0000000626800000| PB 0x0000000626800000| Untracked |  0
|  65|0x0000000626c00000, 0x0000000626c00000, 0x0000000627000000|  0%| F|  |TAMS 0x0000000626c00000| PB 0x0000000626c00000| Untracked |  0
|  66|0x0000000627000000, 0x0000000627000000, 0x0000000627400000|  0%| F|  |TAMS 0x0000000627000000| PB 0x0000000627000000| Untracked |  0
|  67|0x0000000627400000, 0x0000000627400000, 0x0000000627800000|  0%| F|  |TAMS 0x0000000627400000| PB 0x0000000627400000| Untracked |  0
|  68|0x0000000627800000, 0x0000000627800000, 0x0000000627c00000|  0%| F|  |TAMS 0x0000000627800000| PB 0x0000000627800000| Untracked |  0
|  69|0x0000000627c00000, 0x0000000627c00000, 0x0000000628000000|  0%| F|  |TAMS 0x0000000627c00000| PB 0x0000000627c00000| Untracked |  0
|  70|0x0000000628000000, 0x0000000628000000, 0x0000000628400000|  0%| F|  |TAMS 0x0000000628000000| PB 0x0000000628000000| Untracked |  0
|  71|0x0000000628400000, 0x0000000628400000, 0x0000000628800000|  0%| F|  |TAMS 0x0000000628400000| PB 0x0000000628400000| Untracked |  0
|  72|0x0000000628800000, 0x0000000628800000, 0x0000000628c00000|  0%| F|  |TAMS 0x0000000628800000| PB 0x0000000628800000| Untracked |  0
|  73|0x0000000628c00000, 0x0000000628c00000, 0x0000000629000000|  0%| F|  |TAMS 0x0000000628c00000| PB 0x0000000628c00000| Untracked |  0
|  74|0x0000000629000000, 0x0000000629000000, 0x0000000629400000|  0%| F|  |TAMS 0x0000000629000000| PB 0x0000000629000000| Untracked |  0
|  75|0x0000000629400000, 0x0000000629400000, 0x0000000629800000|  0%| F|  |TAMS 0x0000000629400000| PB 0x0000000629400000| Untracked |  0
|  76|0x0000000629800000, 0x0000000629800000, 0x0000000629c00000|  0%| F|  |TAMS 0x0000000629800000| PB 0x0000000629800000| Untracked |  0
|  77|0x0000000629c00000, 0x0000000629c00000, 0x000000062a000000|  0%| F|  |TAMS 0x0000000629c00000| PB 0x0000000629c00000| Untracked |  0
|  78|0x000000062a000000, 0x000000062a000000, 0x000000062a400000|  0%| F|  |TAMS 0x000000062a000000| PB 0x000000062a000000| Untracked |  0
|  79|0x000000062a400000, 0x000000062a400000, 0x000000062a800000|  0%| F|  |TAMS 0x000000062a400000| PB 0x000000062a400000| Untracked |  0
|  80|0x000000062a800000, 0x000000062a800000, 0x000000062ac00000|  0%| F|  |TAMS 0x000000062a800000| PB 0x000000062a800000| Untracked |  0
|  81|0x000000062ac00000, 0x000000062ac00000, 0x000000062b000000|  0%| F|  |TAMS 0x000000062ac00000| PB 0x000000062ac00000| Untracked |  0
|  82|0x000000062b000000, 0x000000062b000000, 0x000000062b400000|  0%| F|  |TAMS 0x000000062b000000| PB 0x000000062b000000| Untracked |  0
|  83|0x000000062b400000, 0x000000062b400000, 0x000000062b800000|  0%| F|  |TAMS 0x000000062b400000| PB 0x000000062b400000| Untracked |  0
|  84|0x000000062b800000, 0x000000062b800000, 0x000000062bc00000|  0%| F|  |TAMS 0x000000062b800000| PB 0x000000062b800000| Untracked |  0
|  85|0x000000062bc00000, 0x000000062bc00000, 0x000000062c000000|  0%| F|  |TAMS 0x000000062bc00000| PB 0x000000062bc00000| Untracked |  0
|  86|0x000000062c000000, 0x000000062c000000, 0x000000062c400000|  0%| F|  |TAMS 0x000000062c000000| PB 0x000000062c000000| Untracked |  0
|  87|0x000000062c400000, 0x000000062c400000, 0x000000062c800000|  0%| F|  |TAMS 0x000000062c400000| PB 0x000000062c400000| Untracked |  0
|  88|0x000000062c800000, 0x000000062c800000, 0x000000062cc00000|  0%| F|  |TAMS 0x000000062c800000| PB 0x000000062c800000| Untracked |  0
|  89|0x000000062cc00000, 0x000000062cc00000, 0x000000062d000000|  0%| F|  |TAMS 0x000000062cc00000| PB 0x000000062cc00000| Untracked |  0
|  90|0x000000062d000000, 0x000000062d000000, 0x000000062d400000|  0%| F|  |TAMS 0x000000062d000000| PB 0x000000062d000000| Untracked |  0
|  91|0x000000062d400000, 0x000000062d400000, 0x000000062d800000|  0%| F|  |TAMS 0x000000062d400000| PB 0x000000062d400000| Untracked |  0
|  92|0x000000062d800000, 0x000000062d800000, 0x000000062dc00000|  0%| F|  |TAMS 0x000000062d800000| PB 0x000000062d800000| Untracked |  0
|  93|0x000000062dc00000, 0x000000062dc00000, 0x000000062e000000|  0%| F|  |TAMS 0x000000062dc00000| PB 0x000000062dc00000| Untracked |  0
|  94|0x000000062e000000, 0x000000062e000000, 0x000000062e400000|  0%| F|  |TAMS 0x000000062e000000| PB 0x000000062e000000| Untracked |  0
|  95|0x000000062e400000, 0x000000062e400000, 0x000000062e800000|  0%| F|  |TAMS 0x000000062e400000| PB 0x000000062e400000| Untracked |  0
|  96|0x000000062e800000, 0x000000062e800000, 0x000000062ec00000|  0%| F|  |TAMS 0x000000062e800000| PB 0x000000062e800000| Untracked |  0
|  97|0x000000062ec00000, 0x000000062ec00000, 0x000000062f000000|  0%| F|  |TAMS 0x000000062ec00000| PB 0x000000062ec00000| Untracked |  0
|  98|0x000000062f000000, 0x000000062f000000, 0x000000062f400000|  0%| F|  |TAMS 0x000000062f000000| PB 0x000000062f000000| Untracked |  0
|  99|0x000000062f400000, 0x000000062f400000, 0x000000062f800000|  0%| F|  |TAMS 0x000000062f400000| PB 0x000000062f400000| Untracked |  0
| 100|0x000000062f800000, 0x000000062f800000, 0x000000062fc00000|  0%| F|  |TAMS 0x000000062f800000| PB 0x000000062f800000| Untracked |  0
| 101|0x000000062fc00000, 0x000000062fc00000, 0x0000000630000000|  0%| F|  |TAMS 0x000000062fc00000| PB 0x000000062fc00000| Untracked |  0
| 102|0x0000000630000000, 0x0000000630000000, 0x0000000630400000|  0%| F|  |TAMS 0x0000000630000000| PB 0x0000000630000000| Untracked |  0
| 103|0x0000000630400000, 0x0000000630400000, 0x0000000630800000|  0%| F|  |TAMS 0x0000000630400000| PB 0x0000000630400000| Untracked |  0
| 104|0x0000000630800000, 0x0000000630800000, 0x0000000630c00000|  0%| F|  |TAMS 0x0000000630800000| PB 0x0000000630800000| Untracked |  0
| 105|0x0000000630c00000, 0x0000000630c00000, 0x0000000631000000|  0%| F|  |TAMS 0x0000000630c00000| PB 0x0000000630c00000| Untracked |  0
| 106|0x0000000631000000, 0x0000000631000000, 0x0000000631400000|  0%| F|  |TAMS 0x0000000631000000| PB 0x0000000631000000| Untracked |  0
| 107|0x0000000631400000, 0x0000000631400000, 0x0000000631800000|  0%| F|  |TAMS 0x0000000631400000| PB 0x0000000631400000| Untracked |  0
| 108|0x0000000631800000, 0x0000000631800000, 0x0000000631c00000|  0%| F|  |TAMS 0x0000000631800000| PB 0x0000000631800000| Untracked |  0
| 109|0x0000000631c00000, 0x0000000631c00000, 0x0000000632000000|  0%| F|  |TAMS 0x0000000631c00000| PB 0x0000000631c00000| Untracked |  0
| 110|0x0000000632000000, 0x0000000632000000, 0x0000000632400000|  0%| F|  |TAMS 0x0000000632000000| PB 0x0000000632000000| Untracked |  0
| 111|0x0000000632400000, 0x0000000632400000, 0x0000000632800000|  0%| F|  |TAMS 0x0000000632400000| PB 0x0000000632400000| Untracked |  0
| 112|0x0000000632800000, 0x0000000632800000, 0x0000000632c00000|  0%| F|  |TAMS 0x0000000632800000| PB 0x0000000632800000| Untracked |  0
| 113|0x0000000632c00000, 0x0000000632c00000, 0x0000000633000000|  0%| F|  |TAMS 0x0000000632c00000| PB 0x0000000632c00000| Untracked |  0
| 114|0x0000000633000000, 0x0000000633000000, 0x0000000633400000|  0%| F|  |TAMS 0x0000000633000000| PB 0x0000000633000000| Untracked |  0
| 115|0x0000000633400000, 0x0000000633400000, 0x0000000633800000|  0%| F|  |TAMS 0x0000000633400000| PB 0x0000000633400000| Untracked |  0
| 116|0x0000000633800000, 0x0000000633800000, 0x0000000633c00000|  0%| F|  |TAMS 0x0000000633800000| PB 0x0000000633800000| Untracked |  0
| 117|0x0000000633c00000, 0x0000000633c00000, 0x0000000634000000|  0%| F|  |TAMS 0x0000000633c00000| PB 0x0000000633c00000| Untracked |  0
| 118|0x0000000634000000, 0x0000000634000000, 0x0000000634400000|  0%| F|  |TAMS 0x0000000634000000| PB 0x0000000634000000| Untracked |  0
| 119|0x0000000634400000, 0x0000000634400000, 0x0000000634800000|  0%| F|  |TAMS 0x0000000634400000| PB 0x0000000634400000| Untracked |  0
| 120|0x0000000634800000, 0x0000000634800000, 0x0000000634c00000|  0%| F|  |TAMS 0x0000000634800000| PB 0x0000000634800000| Untracked |  0
| 121|0x0000000634c00000, 0x0000000634cf5e50, 0x0000000635000000| 24%| E|  |TAMS 0x0000000634c00000| PB 0x0000000634c00000| Complete |  0
| 122|0x0000000635000000, 0x0000000635400000, 0x0000000635400000|100%| E|CS|TAMS 0x0000000635000000| PB 0x0000000635000000| Complete |  0
|1957|0x00000007ffc00000, 0x00000007ffd08c80, 0x0000000800000000| 25%| O|  |TAMS 0x00000007ffc00000| PB 0x00000007ffc00000| Untracked |  0

Card table byte_map: [0x0000789020600000,0x000078902154c000] _byte_map_base: 0x000078901d54c000

Marking Bits: (CMBitMap*) 0x000078901c0597c0
 Bits: [0x0000788ffd000000, 0x0000789004a60000)

Polling page: 0x0000789024ed7000

Metaspace:

Usage:
  Non-class:   1000.43 KB used.
      Class:     76.90 KB used.
       Both:      1.05 MB used.

Virtual space:
  Non-class space:       64.00 MB reserved,       1.06 MB (  2%) committed,  1 nodes.
      Class space:        1.00 GB reserved,     128.00 KB ( <1%) committed,  1 nodes.
             Both:        1.06 GB reserved,       1.19 MB ( <1%) committed. 

Chunk freelists:
   Non-Class:  11.64 MB
       Class:  15.70 MB
        Both:  27.34 MB

MaxMetaspaceSize: unlimited
CompressedClassSpaceSize: 1.00 GB
Initial GC threshold: 21.00 MB
Current GC threshold: 21.00 MB
CDS: on
 - commit_granule_bytes: 65536.
 - commit_granule_words: 8192.
 - virtual_space_node_default_size: 8388608.
 - enlarge_chunks_in_place: 1.
 - use_allocation_guard: 0.


Internal statistics:

num_allocs_failed_limit: 0.
num_arena_births: 12.
num_arena_deaths: 0.
num_vsnodes_births: 2.
num_vsnodes_deaths: 0.
num_space_committed: 19.
num_space_uncommitted: 0.
num_chunks_returned_to_freelist: 0.
num_chunks_taken_from_freelist: 35.
num_chunk_merges: 0.
num_chunk_splits: 22.
num_chunks_enlarged: 19.
num_inconsistent_stats: 0.

CodeHeap 'non-profiled nmethods': size=119168Kb used=109Kb max_used=109Kb free=119058Kb
 bounds [0x000078900c7a0000, 0x000078900ca10000, 0x0000789013c00000]
CodeHeap 'profiled nmethods': size=119164Kb used=502Kb max_used=502Kb free=118661Kb
 bounds [0x0000789004c00000, 0x0000789004e70000, 0x000078900c05f000]
CodeHeap 'non-nmethods': size=7428Kb used=1944Kb max_used=1944Kb free=5483Kb
 bounds [0x000078900c05f000, 0x000078900c2cf000, 0x000078900c7a0000]
 total_blobs=892 nmethods=401 adapters=396
 compilation: enabled
              stopped_count=0, restarted_count=0
 full_count=0

Compilation events (20 events):
Event: 0.545 Thread 0x0000788f6805f270 nmethod 391 0x0000789004c78890 code [0x0000789004c78b20, 0x0000789004c795c8]
Event: 0.545 Thread 0x0000788f6805f270  393       3       java.lang.StringLatin1::indexOf (37 bytes)
Event: 0.545 Thread 0x000078901c155520 nmethod 392 0x0000789004c79890 code [0x0000789004c79ac0, 0x0000789004c7a2b8]
Event: 0.545 Thread 0x0000788f6805f270 nmethod 393 0x0000789004c7a610 code [0x0000789004c7a7e0, 0x0000789004c7abe0]
Event: 0.545 Thread 0x0000788f6805f270  394       1       java.lang.invoke.MethodTypeForm::basicType (5 bytes)
Event: 0.545 Thread 0x0000788f6805f270 nmethod 394 0x000078900c7bb310 code [0x000078900c7bb4a0, 0x000078900c7bb568]
Event: 0.545 Thread 0x000078901c155520  395       3       jdk.internal.ref.CleanerFactory::cleaner (4 bytes)
Event: 0.545 Thread 0x000078901c155520 nmethod 395 0x0000789004c7ad90 code [0x0000789004c7af20, 0x0000789004c7b010]
Event: 0.545 Thread 0x0000788f6805f270  396       3       jdk.internal.org.objectweb.asm.SymbolTable$Entry::<init> (17 bytes)
Event: 0.546 Thread 0x000078901c155520  397       3       jdk.internal.org.objectweb.asm.SymbolTable::addConstantUtf8 (98 bytes)
Event: 0.546 Thread 0x0000788f6805f270 nmethod 396 0x0000789004c7b090 code [0x0000789004c7b220, 0x0000789004c7b3a0]
Event: 0.546 Thread 0x0000788f6805f270  398       3       jdk.internal.org.objectweb.asm.ByteVector::putByte (39 bytes)
Event: 0.546 Thread 0x0000788f6805f270 nmethod 398 0x0000789004c7b490 code [0x0000789004c7b640, 0x0000789004c7b820]
Event: 0.546 Thread 0x0000788f6805f270  400   !   3       jdk.internal.ref.PhantomCleanable::insert (53 bytes)
Event: 0.546 Thread 0x0000788f6805f270 nmethod 400 0x0000789004c7b990 code [0x0000789004c7bb40, 0x0000789004c7bef0]
Event: 0.546 Thread 0x0000788f6805f270  399       3       java.lang.reflect.Modifier::isPublic (12 bytes)
Event: 0.546 Thread 0x0000788f6805f270 nmethod 399 0x0000789004c7c090 code [0x0000789004c7c220, 0x0000789004c7c358]
Event: 0.546 Thread 0x0000788f6805f270  401       3       jdk.internal.util.StrongReferenceKey::equals (28 bytes)
Event: 0.546 Thread 0x000078901c155520 nmethod 397 0x0000789004c7c410 code [0x0000789004c7c640, 0x0000789004c7cc40]
Event: 0.546 Thread 0x0000788f6805f270 nmethod 401 0x0000789004c7cf90 code [0x0000789004c7d160, 0x0000789004c7d730]

GC Heap History (0 events):
No events

Dll operation events (7 events):
Event: 0.002 Loaded shared library /usr/lib/jvm/jdk-22.0.2-oracle-x64/lib/libjava.so
Event: 0.023 Loaded shared library /usr/lib/jvm/jdk-22.0.2-oracle-x64/lib/libjsvml.so
Event: 0.025 Loaded shared library /usr/lib/jvm/jdk-22.0.2-oracle-x64/lib/libnio.so
Event: 0.060 Loaded shared library /usr/lib/jvm/jdk-22.0.2-oracle-x64/lib/libzip.so
Event: 0.091 Loaded shared library /usr/lib/jvm/jdk-22.0.2-oracle-x64/lib/libjimage.so
Event: 0.095 Loaded shared library /tmp/libJCudaRuntime-10.1.0-linux-x86_64.so
Event: 0.102 Loaded shared library /tmp/libJCublas2-10.1.0-linux-x86_64.so

Deoptimization events (2 events):
Event: 0.545 Thread 0x000078901c02d4c0 DEOPT PACKING pc=0x0000789004c066d0 sp=0x00007890235fd7a0
Event: 0.545 Thread 0x000078901c02d4c0 DEOPT UNPACKING pc=0x000078900c0b372f sp=0x00007890235fcbe0 mode 0

Classes loaded (20 events):
Event: 0.543 Loading class java/lang/invoke/VarHandleInts$FieldInstanceReadWrite
Event: 0.543 Loading class java/lang/invoke/VarHandleInts$FieldInstanceReadOnly
Event: 0.543 Loading class java/lang/invoke/VarHandleInts$FieldInstanceReadOnly done
Event: 0.543 Loading class java/lang/invoke/VarHandleInts$FieldInstanceReadWrite done
Event: 0.544 Loading class java/util/Spliterators$IntArraySpliterator
Event: 0.544 Loading class java/util/Spliterators$IntArraySpliterator done
Event: 0.544 Loading class java/util/stream/MatchOps$MatchKind
Event: 0.544 Loading class java/util/stream/MatchOps$MatchKind done
Event: 0.544 Loading class java/util/stream/MatchOps
Event: 0.544 Loading class java/util/stream/MatchOps done
Event: 0.544 Loading class java/util/stream/MatchOps$MatchOp
Event: 0.544 Loading class java/util/stream/MatchOps$MatchOp done
Event: 0.545 Loading class java/util/stream/MatchOps$BooleanTerminalSink
Event: 0.545 Loading class java/util/stream/MatchOps$BooleanTerminalSink done
Event: 0.545 Loading class java/util/stream/MatchOps$2MatchSink
Event: 0.545 Loading class java/util/stream/MatchOps$2MatchSink done
Event: 0.546 Loading class java/util/stream/MatchOps$1MatchSink
Event: 0.546 Loading class java/util/stream/MatchOps$1MatchSink done
Event: 0.546 Loading class java/nio/HeapDoubleBuffer
Event: 0.546 Loading class java/nio/HeapDoubleBuffer done

Classes unloaded (0 events):
No events

Classes redefined (0 events):
No events

Internal exceptions (9 events):
Event: 0.048 Thread 0x000078901c02d4c0 Exception <a 'sun/nio/fs/UnixException'{0x0000000635077920}> (0x0000000635077920) 
thrown [open/src/hotspot/share/prims/jni.cpp, line 520]
Event: 0.048 Thread 0x000078901c02d4c0 Exception <a 'sun/nio/fs/UnixException'{0x0000000635078080}> (0x0000000635078080) 
thrown [open/src/hotspot/share/prims/jni.cpp, line 520]
Event: 0.048 Thread 0x000078901c02d4c0 Exception <a 'sun/nio/fs/UnixException'{0x0000000635078648}> (0x0000000635078648) 
thrown [open/src/hotspot/share/prims/jni.cpp, line 520]
Event: 0.048 Thread 0x000078901c02d4c0 Exception <a 'sun/nio/fs/UnixException'{0x0000000635078e70}> (0x0000000635078e70) 
thrown [open/src/hotspot/share/prims/jni.cpp, line 520]
Event: 0.049 Thread 0x000078901c02d4c0 Exception <a 'sun/nio/fs/UnixException'{0x0000000635079430}> (0x0000000635079430) 
thrown [open/src/hotspot/share/prims/jni.cpp, line 520]
Event: 0.049 Thread 0x000078901c02d4c0 Exception <a 'sun/nio/fs/UnixException'{0x00000006350799f0}> (0x00000006350799f0) 
thrown [open/src/hotspot/share/prims/jni.cpp, line 520]
Event: 0.049 Thread 0x000078901c02d4c0 Exception <a 'sun/nio/fs/UnixException'{0x0000000635079fb0}> (0x0000000635079fb0) 
thrown [open/src/hotspot/share/prims/jni.cpp, line 520]
Event: 0.049 Thread 0x000078901c02d4c0 Exception <a 'sun/nio/fs/UnixException'{0x000000063507a588}> (0x000000063507a588) 
thrown [open/src/hotspot/share/prims/jni.cpp, line 520]
Event: 0.541 Thread 0x000078901c02d4c0 Exception <a 'java/lang/NoSuchMethodError'{0x00000006353fb568}: 'void java.lang.invoke.DirectMethodHandle$Holder.invokeStatic(java.lang.Object, java.lang.Object)'> (0x00000006353fb568) 
thrown [open/src/hotspot/share/interpreter/linkResolver.cpp, line 773]

ZGC Phase Switch (0 events):
No events

VM Operations (2 events):
Event: 0.050 Executing VM operation: HandshakeAllThreads (Deoptimize)
Event: 0.050 Executing VM operation: HandshakeAllThreads (Deoptimize) done

Memory protections (13 events):
Event: 0.001 Protecting memory [0x0000789023500000,0x0000789023504000] with protection modes 0
Event: 0.021 Protecting memory [0x0000788ffc0f2000,0x0000788ffc0f6000] with protection modes 0
Event: 0.022 Protecting memory [0x0000788ff5900000,0x0000788ff5904000] with protection modes 0
Event: 0.022 Protecting memory [0x0000788ff5800000,0x0000788ff5804000] with protection modes 0
Event: 0.022 Protecting memory [0x0000788ff5700000,0x0000788ff5704000] with protection modes 0
Event: 0.022 Protecting memory [0x0000788ff5600000,0x0000788ff5604000] with protection modes 0
Event: 0.023 Protecting memory [0x0000788ff5500000,0x0000788ff5504000] with protection modes 0
Event: 0.023 Protecting memory [0x0000788ff5400000,0x0000788ff5404000] with protection modes 0
Event: 0.040 Protecting memory [0x0000788ff5300000,0x0000788ff5304000] with protection modes 0
Event: 0.044 Protecting memory [0x0000788ff5200000,0x0000788ff5204000] with protection modes 0
Event: 0.056 Protecting memory [0x0000788ff5100000,0x0000788ff5104000] with protection modes 0
Event: 0.058 Protecting memory [0x0000788ff5000000,0x0000788ff5004000] with protection modes 0
Event: 0.542 Protecting memory [0x0000788ff5100000,0x0000788ff5104000] with protection modes 0

Nmethod flushes (0 events):
No events

Events (14 events):
Event: 0.015 Thread 0x000078901c02d4c0 Thread added: 0x000078901c02d4c0
Event: 0.021 Thread 0x000078901c02d4c0 Thread added: 0x000078901c14c560
Event: 0.022 Thread 0x000078901c02d4c0 Thread added: 0x000078901c14dbb0
Event: 0.022 Thread 0x000078901c02d4c0 Thread added: 0x000078901c14f690
Event: 0.022 Thread 0x000078901c02d4c0 Thread added: 0x000078901c150cd0
Event: 0.022 Thread 0x000078901c02d4c0 Thread added: 0x000078901c152270
Event: 0.023 Thread 0x000078901c02d4c0 Thread added: 0x000078901c153e10
Event: 0.023 Thread 0x000078901c02d4c0 Thread added: 0x000078901c155520
Event: 0.040 Thread 0x000078901c02d4c0 Thread added: 0x000078901c174b70
Event: 0.044 Thread 0x000078901c153e10 Thread added: 0x0000788f6805f270
Event: 0.056 Thread 0x0000788f6805f270 Thread added: 0x0000788f58033620
Event: 0.058 Thread 0x000078901c02d4c0 Thread added: 0x000078901c1b75f0
Event: 0.541 Thread 0x0000788f58033620 Thread exited: 0x0000788f58033620
Event: 0.542 Thread 0x000078901c02d4c0 Thread added: 0x0000788ef9750930


Dynamic libraries:
200000000-200200000 ---p 00000000 00:00 0 
200200000-200400000 rw-s 00000000 00:05 1129                             /dev/nvidia0
200400000-203400000 rw-s 00000000 00:05 1128                             /dev/nvidiactl
203400000-204400000 ---p 00000000 00:00 0 
204400000-204600000 rw-s 00000000 00:05 1128                             /dev/nvidiactl
204600000-204800000 rw-s 00000000 00:05 1128                             /dev/nvidiactl
204800000-204a00000 rw-s 00000000 00:05 1128                             /dev/nvidiactl
204a00000-204c00000 rw-s 204a00000 00:05 1130                            /dev/nvidia-uvm
204c00000-204e00000 rw-s 00000000 00:05 1128                             /dev/nvidiactl
204e00000-205000000 ---p 00000000 00:00 0 
205000000-205200000 rw-s 00000000 00:05 1128                             /dev/nvidiactl
205200000-300200000 ---p 00000000 00:00 0 
616800000-635400000 rw-p 00000000 00:00 0 
635400000-7ffc00000 ---p 00000000 00:00 0 
7ffc00000-7ffd09000 rw-p 00cb9000 103:05 39860326                        /usr/lib/jvm/jdk-22.0.2-oracle-x64/lib/server/classes.jsa
7ffd09000-800000000 rw-p 00000000 00:00 0 
10000000000-10004000000 ---p 00000000 00:00 0 
5dbb067ca000-5dbb067cb000 r-xp 00000000 103:05 39860034                  /usr/lib/jvm/jdk-22.0.2-oracle-x64/bin/java
5dbb067cc000-5dbb067cd000 r--p 00001000 103:05 39860034                  /usr/lib/jvm/jdk-22.0.2-oracle-x64/bin/java
5dbb067cd000-5dbb067ce000 rw-p 00002000 103:05 39860034                  /usr/lib/jvm/jdk-22.0.2-oracle-x64/bin/java
5dbb07459000-5dbb074a2000 rw-p 00000000 00:00 0                          [heap]
788ef8000000-788efa080000 rw-p 00000000 00:00 0 
788efa080000-788efe000000 ---p 00000000 00:00 0 
788f00000000-788f03ffc000 rw-p 00000000 00:00 0 
788f03ffc000-788f04000000 ---p 00000000 00:00 0 
788f08000000-788f0bc75000 rw-p 00000000 00:00 0 
788f0bc75000-788f0c000000 ---p 00000000 00:00 0 
788f0e000000-788f16000000 ---p 00000000 00:00 0 
788f18000000-788f1a000000 ---p 00000000 00:00 0 
788f1c000000-788f1c400000 ---p 00000000 00:00 0 
788f1c400000-788f1c600000 rw-s 00000000 00:05 1128                       /dev/nvidiactl
788f1c600000-788f1c800000 rw-s 00000000 00:01 11371                      /dev/zero (deleted)
788f1c800000-788f1ca00000 rw-s 00000000 00:01 11372                      /dev/zero (deleted)
788f1ca00000-788f1d000000 ---p 00000000 00:00 0 
788f1d000000-788f1d200000 rw-s 00000000 00:05 1128                       /dev/nvidiactl
788f1d200000-788f1d400000 ---p 00000000 00:00 0 
788f1d400000-788f1d600000 rw-s 00000000 00:01 11374                      /dev/zero (deleted)
788f1d600000-788f1db33000 rw-s 00000000 00:05 1128                       /dev/nvidiactl
788f1db33000-788f1e000000 ---p 00000000 00:00 0 
788f20000000-788f30000000 ---p 00000000 00:00 0 
788f34000000-788f34021000 rw-p 00000000 00:00 0 
788f34021000-788f38000000 ---p 00000000 00:00 0 
788f3a000000-788f40000000 ---p 00000000 00:00 0 
788f40000000-788f40021000 rw-p 00000000 00:00 0 
788f40021000-788f44000000 ---p 00000000 00:00 0 
788f47000000-788f4baa3000 r-xp 00000000 103:05 39063741                  /usr/lib/x86_64-linux-gnu/libcublas.so.10.1.0.105
788f4baa3000-788f4bca2000 ---p 04aa3000 103:05 39063741                  /usr/lib/x86_64-linux-gnu/libcublas.so.10.1.0.105
788f4bca2000-788f4bcb0000 rw-p 04aa2000 103:05 39063741                  /usr/lib/x86_64-linux-gnu/libcublas.so.10.1.0.105
788f4bcb0000-788f4bcba000 rw-p 00000000 00:00 0 
788f4c000000-788f4c021000 rw-p 00000000 00:00 0 
788f4c021000-788f50000000 ---p 00000000 00:00 0 
788f50000000-788f500d9000 rw-p 00000000 00:00 0 
788f500d9000-788f54000000 ---p 00000000 00:00 0 
788f58000000-788f580ba000 rw-p 00000000 00:00 0 
788f580ba000-788f5c000000 ---p 00000000 00:00 0 
788f5c000000-788f5c021000 rw-p 00000000 00:00 0 
788f5c021000-788f60000000 ---p 00000000 00:00 0 
788f64000000-788f640dd000 rw-p 00000000 00:00 0 
788f640dd000-788f68000000 ---p 00000000 00:00 0 
788f68000000-788f680fc000 rw-p 00000000 00:00 0 
788f680fc000-788f6c000000 ---p 00000000 00:00 0 
788f70000000-788f70021000 rw-p 00000000 00:00 0 
788f70021000-788f74000000 ---p 00000000 00:00 0 
788f74000000-788f74021000 rw-p 00000000 00:00 0 
788f74021000-788f78000000 ---p 00000000 00:00 0 
788f7c000000-788f7c021000 rw-p 00000000 00:00 0 
788f7c021000-788f80000000 ---p 00000000 00:00 0 
788f80000000-788f80021000 rw-p 00000000 00:00 0 
788f80021000-788f84000000 ---p 00000000 00:00 0 
788f88000000-788f88021000 rw-p 00000000 00:00 0 
788f88021000-788f8c000000 ---p 00000000 00:00 0 
788f8c000000-788f8c021000 rw-p 00000000 00:00 0 
788f8c021000-788f90000000 ---p 00000000 00:00 0 
788f92400000-788f92401000 ---p 00000000 00:00 0 
788f92401000-788f92c01000 rw-p 00000000 00:00 0 
788f92e00000-788f92e01000 rw-s 00000000 00:05 1128                       /dev/nvidiactl
788f92e01000-788f92e02000 rw-s 00000000 00:05 1128                       /dev/nvidiactl
788f92e02000-788f92e03000 rw-s 00000000 00:05 1128                       /dev/nvidiactl
788f92e03000-788f92e04000 rw-s 00000000 00:05 1128                       /dev/nvidiactl
788f92e04000-788f92e05000 rw-s 00000000 00:05 1128                       /dev/nvidiactl
788f92e05000-788f92e06000 rw-s 00000000 00:05 1128                       /dev/nvidiactl
788f92e06000-788f92e07000 rw-s 00000000 00:05 1128                       /dev/nvidiactl
788f92e07000-788f92e08000 rw-s 00000000 00:05 1128                       /dev/nvidiactl
788f92e08000-788f92e09000 rw-s 00000000 00:05 1128                       /dev/nvidiactl
788f92e09000-788f92e0a000 rw-s 00000000 00:05 1128                       /dev/nvidiactl
788f92e0a000-788f92e0b000 rw-s 00000000 00:05 1128                       /dev/nvidiactl
788f92e0b000-788f92e0c000 rw-s 00000000 00:05 1128                       /dev/nvidiactl
788f92e0c000-788f92e0d000 rw-s 00000000 00:05 1128                       /dev/nvidiactl
788f92e0d000-788f92e0e000 rw-s 00000000 00:05 1128                       /dev/nvidiactl
788f92e0e000-788f92e0f000 rw-s 00000000 00:05 1128                       /dev/nvidiactl
788f92e0f000-788f92e10000 rw-s 00000000 00:05 1128                       /dev/nvidiactl
788f92e10000-788f93e21000 ---p 00000000 00:00 0 
788f94000000-788f940b0000 rw-p 00000000 00:00 0 
788f940b0000-788f94400000 ---p 00000000 00:00 0 
788f94400000-788f94460000 rw-p 00000000 00:00 0 
788f94460000-788f98000000 ---p 00000000 00:00 0 
788f98000000-788f98021000 rw-p 00000000 00:00 0 
788f98021000-788f9c000000 ---p 00000000 00:00 0 
788f9c400000-788f9c4db000 r--p 00000000 103:05 39066653                  /usr/lib/x86_64-linux-gnu/libcuda.so.550.54.15
788f9c4db000-788f9c973000 r-xp 000db000 103:05 39066653                  /usr/lib/x86_64-linux-gnu/libcuda.so.550.54.15
788f9c973000-788f9de03000 r--p 00573000 103:05 39066653                  /usr/lib/x86_64-linux-gnu/libcuda.so.550.54.15
788f9de03000-788f9de1a000 r--p 01a02000 103:05 39066653                  /usr/lib/x86_64-linux-gnu/libcuda.so.550.54.15
788f9de1a000-788f9df15000 rw-p 01a19000 103:05 39066653                  /usr/lib/x86_64-linux-gnu/libcuda.so.550.54.15
788f9df15000-788f9df7b000 rw-p 00000000 00:00 0 
788f9e000000-788f9ec7a000 rw-p 00001000 103:05 39860326                  /usr/lib/jvm/jdk-22.0.2-oracle-x64/lib/server/classes.jsa
788f9ec7a000-788f9f000000 ---p 00000000 00:00 0 
788f9f000000-788f9f010000 rw-p 00000000 00:00 0 
788f9f010000-788f9f040000 ---p 00000000 00:00 0 
788f9f040000-788f9f050000 rw-p 00000000 00:00 0 
788f9f050000-788fdf000000 ---p 00000000 00:00 0 
788fdf600000-788fdf601000 ---p 00000000 00:00 0 
788fdf601000-788fdfe01000 rw-p 00000000 00:00 0 
788fe0000000-788fe0021000 rw-p 00000000 00:00 0 
788fe0021000-788fe4000000 ---p 00000000 00:00 0 
788fe4000000-788fe4021000 rw-p 00000000 00:00 0 
788fe4021000-788fe8000000 ---p 00000000 00:00 0 
788fe8200000-788fe9221000 ---p 00000000 00:00 0 
788fe9400000-788fe965a000 rw-p 00000000 00:00 0 
788fe9800000-788febae6000 r-xp 00000000 103:05 39063740                  /usr/lib/x86_64-linux-gnu/libcublasLt.so.10.1.0.105
788febae6000-788febce6000 ---p 022e6000 103:05 39063740                  /usr/lib/x86_64-linux-gnu/libcublasLt.so.10.1.0.105
788febce6000-788febd58000 rw-p 022e6000 103:05 39063740                  /usr/lib/x86_64-linux-gnu/libcublasLt.so.10.1.0.105
788febd58000-788febd60000 rw-p 00000000 00:00 0 
788febebe000-788fec021000 rw-p 00000000 00:00 0 
788fec021000-788ff0000000 ---p 00000000 00:00 0 
788ff0000000-788ff0021000 rw-p 00000000 00:00 0 
788ff0021000-788ff4000000 ---p 00000000 00:00 0 
788ff4000000-788ff4200000 rw-s 00000000 00:01 11373                      /dev/zero (deleted)
788ff4200000-788ff4201000 ---p 00000000 00:00 0 
788ff4201000-788ff4a01000 rw-p 00000000 00:00 0 
788ff4a88000-788ff4c00000 rw-p 00000000 00:00 0 
788ff4c00000-788ff4c9d000 r--p 00000000 103:05 39063721                  /usr/lib/x86_64-linux-gnu/libstdc++.so.6.0.33
788ff4c9d000-788ff4ddd000 r-xp 0009d000 103:05 39063721                  /usr/lib/x86_64-linux-gnu/libstdc++.so.6.0.33
788ff4ddd000-788ff4e6b000 r--p 001dd000 103:05 39063721                  /usr/lib/x86_64-linux-gnu/libstdc++.so.6.0.33
788ff4e6b000-788ff4e76000 r--p 0026b000 103:05 39063721                  /usr/lib/x86_64-linux-gnu/libstdc++.so.6.0.33
788ff4e76000-788ff4e79000 rw-p 00276000 103:05 39063721                  /usr/lib/x86_64-linux-gnu/libstdc++.so.6.0.33
788ff4e79000-788ff4e7d000 rw-p 00000000 00:00 0 
788ff4e8f000-788ff4f30000 rw-p 00000000 00:00 0 
788ff4f30000-788ff4f44000 r--p 00000000 103:05 26738754                  /tmp/libJCublas2-10.1.0-linux-x86_64.so
788ff4f44000-788ff4fcc000 r-xp 00014000 103:05 26738754                  /tmp/libJCublas2-10.1.0-linux-x86_64.so
788ff4fcc000-788ff4ff9000 r--p 0009c000 103:05 26738754                  /tmp/libJCublas2-10.1.0-linux-x86_64.so
788ff4ff9000-788ff4ffa000 ---p 000c9000 103:05 26738754                  /tmp/libJCublas2-10.1.0-linux-x86_64.so
788ff4ffa000-788ff4ffd000 r--p 000c9000 103:05 26738754                  /tmp/libJCublas2-10.1.0-linux-x86_64.so
788ff4ffd000-788ff4ffe000 rw-p 000cc000 103:05 26738754                  /tmp/libJCublas2-10.1.0-linux-x86_64.so
788ff4ffe000-788ff5000000 rw-p 00000000 00:00 0 
788ff5000000-788ff5004000 ---p 00000000 00:00 0 
788ff5004000-788ff5100000 rw-p 00000000 00:00 0 
788ff5100000-788ff5104000 ---p 00000000 00:00 0 
788ff5104000-788ff5200000 rw-p 00000000 00:00 0 
788ff5200000-788ff5204000 ---p 00000000 00:00 0 
788ff5204000-788ff5300000 rw-p 00000000 00:00 0 
788ff5300000-788ff5304000 ---p 00000000 00:00 0 
788ff5304000-788ff5400000 rw-p 00000000 00:00 0 
788ff5400000-788ff5404000 ---p 00000000 00:00 0 
788ff5404000-788ff5500000 rw-p 00000000 00:00 0 
788ff5500000-788ff5504000 ---p 00000000 00:00 0 
788ff5504000-788ff5600000 rw-p 00000000 00:00 0 
788ff5600000-788ff5604000 ---p 00000000 00:00 0 
788ff5604000-788ff5700000 rw-p 00000000 00:00 0 
788ff5700000-788ff5704000 ---p 00000000 00:00 0 
788ff5704000-788ff5800000 rw-p 00000000 00:00 0 
788ff5800000-788ff5804000 ---p 00000000 00:00 0 
788ff5804000-788ff5900000 rw-p 00000000 00:00 0 
788ff5900000-788ff5904000 ---p 00000000 00:00 0 
788ff5904000-788ff5a00000 rw-p 00000000 00:00 0 
788ff5a00000-788ff5f75000 r--p 00000000 103:05 39061600                  /usr/lib/locale/locale-archive
788ff5f7f000-788ff8021000 rw-p 00000000 00:00 0 
788ff8021000-788ffc000000 ---p 00000000 00:00 0 
788ffc022000-788ffc0f0000 r-xp 00000000 103:05 39860299                  /usr/lib/jvm/jdk-22.0.2-oracle-x64/lib/libjsvml.so
788ffc0f0000-788ffc0f1000 r--p 000cd000 103:05 39860299                  /usr/lib/jvm/jdk-22.0.2-oracle-x64/lib/libjsvml.so
788ffc0f1000-788ffc0f2000 rw-p 000ce000 103:05 39860299                  /usr/lib/jvm/jdk-22.0.2-oracle-x64/lib/libjsvml.so
788ffc0f2000-788ffc0f6000 ---p 00000000 00:00 0 
788ffc0f6000-788ffc1f2000 rw-p 00000000 00:00 0 
788ffc1f2000-788ffc1f3000 ---p 00000000 00:00 0 
788ffc1f3000-788ffc2f3000 rw-p 00000000 00:00 0 
788ffc2f3000-788ffc2f4000 ---p 00000000 00:00 0 
788ffc2f4000-788ffc3f4000 rw-p 00000000 00:00 0 
788ffc3f4000-788ffc3f5000 ---p 00000000 00:00 0 
788ffc3f5000-788ffc4f5000 rw-p 00000000 00:00 0 
788ffc4f5000-788ffc4f6000 ---p 00000000 00:00 0 
788ffc4f6000-788ffc5f6000 rw-p 00000000 00:00 0 
788ffc5f6000-788ffd7b0000 rw-p 00000000 00:00 0 
788ffd7b0000-789004a50000 ---p 00000000 00:00 0 
789004a50000-789004a60000 rw-p 00000000 00:00 0 
789004a60000-789004a72000 r--p 00000000 103:05 26738753                  /tmp/libJCudaRuntime-10.1.0-linux-x86_64.so
789004a72000-789004ada000 r-xp 00012000 103:05 26738753                  /tmp/libJCudaRuntime-10.1.0-linux-x86_64.so
789004ada000-789004af7000 r--p 0007a000 103:05 26738753                  /tmp/libJCudaRuntime-10.1.0-linux-x86_64.so
789004af7000-789004af8000 ---p 00097000 103:05 26738753                  /tmp/libJCudaRuntime-10.1.0-linux-x86_64.so
789004af8000-789004afc000 r--p 00097000 103:05 26738753                  /tmp/libJCudaRuntime-10.1.0-linux-x86_64.so
789004afc000-789004afd000 rw-p 0009b000 103:05 26738753                  /tmp/libJCudaRuntime-10.1.0-linux-x86_64.so
789004afd000-789004c00000 rw-p 00000000 00:00 0 
789004c00000-789004e70000 rwxp 00000000 00:00 0 
789004e70000-78900c05f000 ---p 00000000 00:00 0 
78900c05f000-78900c2cf000 rwxp 00000000 00:00 0 
78900c2cf000-78900c7a0000 ---p 00000000 00:00 0 
78900c7a0000-78900ca10000 rwxp 00000000 00:00 0 
78900ca10000-789013c00000 ---p 00000000 00:00 0 
789013c00000-78901bfbb000 r--s 00000000 103:05 39860317                  /usr/lib/jvm/jdk-22.0.2-oracle-x64/lib/modules
78901bfbf000-78901ffb1000 rw-p 00000000 00:00 0 
78901ffb1000-789020000000 ---p 00000000 00:00 0 
78902001f000-7890202fd000 rw-p 00000000 00:00 0 
7890202fd000-7890202fe000 ---p 00000000 00:00 0 
7890202fe000-7890203fe000 rw-p 00000000 00:00 0 
7890203fe000-7890203ff000 ---p 00000000 00:00 0 
7890203ff000-7890204ff000 rw-p 00000000 00:00 0 
7890204ff000-789020500000 ---p 00000000 00:00 0 
789020500000-789020600000 rw-p 00000000 00:00 0 
789020600000-7890206f6000 rw-p 00000000 00:00 0 
7890206f6000-78902154a000 ---p 00000000 00:00 0 
78902154a000-78902154c000 rw-p 00000000 00:00 0 
789021554000-789021558000 r--p 00000000 103:05 39063720                  /usr/lib/x86_64-linux-gnu/libgcc_s.so.1
789021558000-78902157b000 r-xp 00004000 103:05 39063720                  /usr/lib/x86_64-linux-gnu/libgcc_s.so.1
78902157b000-78902157f000 r--p 00027000 103:05 39063720                  /usr/lib/x86_64-linux-gnu/libgcc_s.so.1
78902157f000-789021580000 r--p 0002b000 103:05 39063720                  /usr/lib/x86_64-linux-gnu/libgcc_s.so.1
789021580000-789021581000 rw-p 0002c000 103:05 39063720                  /usr/lib/x86_64-linux-gnu/libgcc_s.so.1
789021581000-7890216f6000 rw-p 00000000 00:00 0 
7890216f6000-78902254a000 ---p 00000000 00:00 0 
78902254a000-78902254c000 rw-p 00000000 00:00 0 
789022565000-789023333000 rw-p 00000000 00:00 0 
789023333000-789023417000 ---p 00000000 00:00 0 
789023417000-78902341c000 rw-p 00000000 00:00 0 
78902341c000-789023500000 ---p 00000000 00:00 0 
789023500000-789023504000 ---p 00000000 00:00 0 
789023504000-789023600000 rw-p 00000000 00:00 0 
789023600000-789024940000 r-xp 00000000 103:05 39860329                  /usr/lib/jvm/jdk-22.0.2-oracle-x64/lib/server/libjvm.so
789024940000-789024941000 ---p 01340000 103:05 39860329                  /usr/lib/jvm/jdk-22.0.2-oracle-x64/lib/server/libjvm.so
789024941000-789024a0e000 r--p 01340000 103:05 39860329                  /usr/lib/jvm/jdk-22.0.2-oracle-x64/lib/server/libjvm.so
789024a0e000-789024a3c000 rw-p 0140d000 103:05 39860329                  /usr/lib/jvm/jdk-22.0.2-oracle-x64/lib/server/libjvm.so
789024a3c000-789024ab2000 rw-p 00000000 00:00 0 
789024ab8000-789024abf000 r--s 00000000 103:05 39070655                  /usr/lib/x86_64-linux-gnu/gconv/gconv-modules.cache
789024abf000-789024acf000 -w-s 00000000 00:05 1129                       /dev/nvidia0
789024acf000-789024ad6000 r-xp 00000000 103:05 39860316                  /usr/lib/jvm/jdk-22.0.2-oracle-x64/lib/libzip.so
789024ad6000-789024ad7000 ---p 00007000 103:05 39860316                  /usr/lib/jvm/jdk-22.0.2-oracle-x64/lib/libzip.so
789024ad7000-789024ad8000 r--p 00007000 103:05 39860316                  /usr/lib/jvm/jdk-22.0.2-oracle-x64/lib/libzip.so
789024ad8000-789024ad9000 rw-p 00008000 103:05 39860316                  /usr/lib/jvm/jdk-22.0.2-oracle-x64/lib/libzip.so
789024ad9000-789024b17000 rw-p 00000000 00:00 0 
789024b17000-789024b27000 r--p 00000000 103:05 39070669                  /usr/lib/x86_64-linux-gnu/libm.so.6
789024b27000-789024ba6000 r-xp 00010000 103:05 39070669                  /usr/lib/x86_64-linux-gnu/libm.so.6
789024ba6000-789024bfe000 r--p 0008f000 103:05 39070669                  /usr/lib/x86_64-linux-gnu/libm.so.6
789024bfe000-789024bff000 r--p 000e7000 103:05 39070669                  /usr/lib/x86_64-linux-gnu/libm.so.6
789024bff000-789024c00000 rw-p 000e8000 103:05 39070669                  /usr/lib/x86_64-linux-gnu/libm.so.6
789024c00000-789024c28000 r--p 00000000 103:05 39070666                  /usr/lib/x86_64-linux-gnu/libc.so.6
789024c28000-789024db0000 r-xp 00028000 103:05 39070666                  /usr/lib/x86_64-linux-gnu/libc.so.6
789024db0000-789024dff000 r--p 001b0000 103:05 39070666                  /usr/lib/x86_64-linux-gnu/libc.so.6
789024dff000-789024e03000 r--p 001fe000 103:05 39070666                  /usr/lib/x86_64-linux-gnu/libc.so.6
789024e03000-789024e05000 rw-p 00202000 103:05 39070666                  /usr/lib/x86_64-linux-gnu/libc.so.6
789024e05000-789024e12000 rw-p 00000000 00:00 0 
789024e17000-789024e22000 r-xp 00000000 103:05 39860306                  /usr/lib/jvm/jdk-22.0.2-oracle-x64/lib/libnet.so
789024e22000-789024e23000 ---p 0000b000 103:05 39860306                  /usr/lib/jvm/jdk-22.0.2-oracle-x64/lib/libnet.so
789024e23000-789024e24000 r--p 0000b000 103:05 39860306                  /usr/lib/jvm/jdk-22.0.2-oracle-x64/lib/libnet.so
789024e24000-789024e25000 rw-p 0000c000 103:05 39860306                  /usr/lib/jvm/jdk-22.0.2-oracle-x64/lib/libnet.so
789024e25000-789024e38000 r-xp 00000000 103:05 39860307                  /usr/lib/jvm/jdk-22.0.2-oracle-x64/lib/libnio.so
789024e38000-789024e39000 ---p 00013000 103:05 39860307                  /usr/lib/jvm/jdk-22.0.2-oracle-x64/lib/libnio.so
789024e39000-789024e3a000 r--p 00013000 103:05 39860307                  /usr/lib/jvm/jdk-22.0.2-oracle-x64/lib/libnio.so
789024e3a000-789024e3b000 rw-p 00014000 103:05 39860307                  /usr/lib/jvm/jdk-22.0.2-oracle-x64/lib/libnio.so
789024e3b000-789024e5b000 r-xp 00000000 103:05 39860291                  /usr/lib/jvm/jdk-22.0.2-oracle-x64/lib/libjava.so
789024e5b000-789024e5c000 ---p 00020000 103:05 39860291                  /usr/lib/jvm/jdk-22.0.2-oracle-x64/lib/libjava.so
789024e5c000-789024e5d000 r--p 00020000 103:05 39860291                  /usr/lib/jvm/jdk-22.0.2-oracle-x64/lib/libjava.so
789024e5d000-789024e5e000 rw-p 00021000 103:05 39860291                  /usr/lib/jvm/jdk-22.0.2-oracle-x64/lib/libjava.so
789024e5e000-789024e5f000 rw-p 00000000 00:00 0 
789024e5f000-789024e7d000 r-xp 00000000 103:05 39860295                  /usr/lib/jvm/jdk-22.0.2-oracle-x64/lib/libjimage.so
789024e7d000-789024e7f000 r--p 0001d000 103:05 39860295                  /usr/lib/jvm/jdk-22.0.2-oracle-x64/lib/libjimage.so
789024e7f000-789024e80000 rw-p 0001f000 103:05 39860295                  /usr/lib/jvm/jdk-22.0.2-oracle-x64/lib/libjimage.so
789024e80000-789024e81000 r--p 00000000 103:05 39070680                  /usr/lib/x86_64-linux-gnu/librt.so.1
789024e81000-789024e82000 r-xp 00001000 103:05 39070680                  /usr/lib/x86_64-linux-gnu/librt.so.1
789024e82000-789024e83000 r--p 00002000 103:05 39070680                  /usr/lib/x86_64-linux-gnu/librt.so.1
789024e83000-789024e84000 r--p 00002000 103:05 39070680                  /usr/lib/x86_64-linux-gnu/librt.so.1
789024e84000-789024e85000 rw-p 00003000 103:05 39070680                  /usr/lib/x86_64-linux-gnu/librt.so.1
789024e85000-789024e89000 rw-p 00000000 00:00 0 
789024e89000-789024e8a000 r--p 00000000 103:05 39070668                  /usr/lib/x86_64-linux-gnu/libdl.so.2
789024e8a000-789024e8b000 r-xp 00001000 103:05 39070668                  /usr/lib/x86_64-linux-gnu/libdl.so.2
789024e8b000-789024e8c000 r--p 00002000 103:05 39070668                  /usr/lib/x86_64-linux-gnu/libdl.so.2
789024e8c000-789024e8d000 r--p 00002000 103:05 39070668                  /usr/lib/x86_64-linux-gnu/libdl.so.2
789024e8d000-789024e8e000 rw-p 00003000 103:05 39070668                  /usr/lib/x86_64-linux-gnu/libdl.so.2
789024e8e000-789024e8f000 r--p 00000000 103:05 39070678                  /usr/lib/x86_64-linux-gnu/libpthread.so.0
789024e8f000-789024e90000 r-xp 00001000 103:05 39070678                  /usr/lib/x86_64-linux-gnu/libpthread.so.0
789024e90000-789024e91000 r--p 00002000 103:05 39070678                  /usr/lib/x86_64-linux-gnu/libpthread.so.0
789024e91000-789024e92000 r--p 00002000 103:05 39070678                  /usr/lib/x86_64-linux-gnu/libpthread.so.0
789024e92000-789024e93000 rw-p 00003000 103:05 39070678                  /usr/lib/x86_64-linux-gnu/libpthread.so.0
789024e93000-789024ea1000 r-xp 00000000 103:05 39860296                  /usr/lib/jvm/jdk-22.0.2-oracle-x64/lib/libjli.so
789024ea1000-789024ea2000 r--p 0000e000 103:05 39860296                  /usr/lib/jvm/jdk-22.0.2-oracle-x64/lib/libjli.so
789024ea2000-789024ea3000 rw-p 0000f000 103:05 39860296                  /usr/lib/jvm/jdk-22.0.2-oracle-x64/lib/libjli.so
789024ea3000-789024ea5000 r--p 00000000 103:05 39063281                  /usr/lib/x86_64-linux-gnu/libz.so.1.3
789024ea5000-789024eb7000 r-xp 00002000 103:05 39063281                  /usr/lib/x86_64-linux-gnu/libz.so.1.3
789024eb7000-789024ebd000 r--p 00014000 103:05 39063281                  /usr/lib/x86_64-linux-gnu/libz.so.1.3
789024ebd000-789024ebe000 r--p 0001a000 103:05 39063281                  /usr/lib/x86_64-linux-gnu/libz.so.1.3
789024ebe000-789024ebf000 rw-p 0001b000 103:05 39063281                  /usr/lib/x86_64-linux-gnu/libz.so.1.3
789024ec0000-789024ec5000 rw-p 00000000 00:00 0 
789024ec5000-789024ecf000 ---p 00000000 00:00 0 
789024ecf000-789024ed7000 rw-s 00000000 103:05 26739255                  /tmp/hsperfdata_edov/13908
789024ed7000-789024ed8000 ---p 00000000 00:00 0 
789024ed8000-789024ed9000 r--p 00000000 00:00 0 
789024ed9000-789024eda000 ---p 00000000 00:00 0 
789024eda000-789024edc000 rw-p 00000000 00:00 0 
789024edc000-789024edd000 r--p 00000000 103:05 39070663                  /usr/lib/x86_64-linux-gnu/ld-linux-x86-64.so.2
789024edd000-789024f08000 r-xp 00001000 103:05 39070663                  /usr/lib/x86_64-linux-gnu/ld-linux-x86-64.so.2
789024f08000-789024f12000 r--p 0002c000 103:05 39070663                  /usr/lib/x86_64-linux-gnu/ld-linux-x86-64.so.2
789024f12000-789024f14000 r--p 00036000 103:05 39070663                  /usr/lib/x86_64-linux-gnu/ld-linux-x86-64.so.2
789024f14000-789024f16000 rw-p 00038000 103:05 39070663                  /usr/lib/x86_64-linux-gnu/ld-linux-x86-64.so.2
7ffe8b865000-7ffe8b887000 rw-p 00000000 00:00 0                          [stack]
7ffe8b8a1000-7ffe8b8a5000 r--p 00000000 00:00 0                          [vvar]
7ffe8b8a5000-7ffe8b8a7000 r-xp 00000000 00:00 0                          [vdso]
ffffffffff600000-ffffffffff601000 --xp 00000000 00:00 0                  [vsyscall]
Total number of mappings: 302


VM Arguments:
jvm_args: -Dfile.encoding=UTF-8 --module-path=/home/edov/projects/JCudaWrapper/build/classes 
java_command: storage.DArray
java_class_path (initial): /home/edov/projects/JCudaWrapper/JCuda-All-10.1.0/jcublas-10.1.0-javadoc.jar:/home/edov/projects/JCudaWrapper/JCuda-All-10.1.0/jcublas-10.1.0-sources.jar:/home/edov/projects/JCudaWrapper/JCuda-All-10.1.0/jcublas-10.1.0.jar:/home/edov/projects/JCudaWrapper/JCuda-All-10.1.0/jcublas-natives-10.1.0-apple-x86_64.jar:/home/edov/projects/JCudaWrapper/JCuda-All-10.1.0/jcublas-natives-10.1.0-javadoc.jar:/home/edov/projects/JCudaWrapper/JCuda-All-10.1.0/jcublas-natives-10.1.0-linux-x86_64.jar:/home/edov/projects/JCudaWrapper/JCuda-All-10.1.0/jcublas-natives-10.1.0-sources.jar:/home/edov/projects/JCudaWrapper/JCuda-All-10.1.0/jcublas-natives-10.1.0-windows-x86_64.jar:/home/edov/projects/JCudaWrapper/JCuda-All-10.1.0/jcublas-natives-10.1.0.jar:/home/edov/projects/JCudaWrapper/JCuda-All-10.1.0/jcuda-10.1.0-javadoc.jar:/home/edov/projects/JCudaWrapper/JCuda-All-10.1.0/jcuda-10.1.0-sources.jar:/home/edov/projects/JCudaWrapper/JCuda-All-10.1.0/jcuda-10.1.0.jar:/home/edov/projects/JCudaWrapper/JCuda-All-10.1.0/jcuda-common-10.1.0-javadoc.jar:/home/edov/projects/JCudaWrapper/JCuda-All-10.1.0/jcuda-common-10.1.0-sources.jar:/home/edov/projects/JCudaWrapper/JCuda-All-10.1.0/jcuda-common-10.1.0.jar:/home/edov/projects/JCudaWrapper/JCuda-All-10.1.0/jcuda-natives-10.1.0-apple-x86_64.jar:/home/edov/projects/JCudaWrapper/JCuda-All-10.1.0/jcuda-natives-10.1.0-javadoc.jar:/home/edov/projects/JCudaWrapper/JCuda-All-10.1.0/jcuda-natives-10.1.0-linux-x86_64.jar:/home/edov/projects/JCudaWrapper/JCuda-All-10.1.0/jcuda-natives-10.1.0-sources.jar:/home/edov/projects/JCudaWrapper/JCuda-All-10.1.0/jcuda-natives-10.1.0-windows-x86_64.jar:/home/edov/projects/JCudaWrapper/JCuda-All-10.1.0/jcuda-natives-10.1.0.jar:/home/edov/projects/JCudaWrapper/JCuda-All-10.1.0/jcudnn-10.1.0-javadoc.jar:/home/edov/projects/JCudaWrapper/JCuda-All-10.1.0/jcudnn-10.1.0-sources.jar:/home/edov/projects/JCudaWrapper/JCuda-All-10.1.0/jcudnn-10.1.0.jar:/home/edov/projects/JCudaWrapper/JCuda-All-10.1.0/jcudnn-natives-10.1.0-apple-x86_64.jar:/home/edov/projects/JCudaWrapper/JCuda-All-10.1.0/jcudnn-natives-10.1.0-javadoc.jar:/home/edov/projects/JCudaWrapper/JCuda-All-10.1.0/jcudnn-natives-10.1.0-linux-x86_64.jar:/home/edov/projects/JCudaWrapper/JCuda-All-10.1.0/jcudnn-natives-10.1.0-sources.jar:/home/edov/projects/JCudaWrapper/JCuda-All-10.1.0/jcudnn-natives-10.1.0-windows-x86_64.jar:/home/edov/projects/JCudaWrapper/JCuda-All-10.1.0/jcudnn-natives-10.1.0.jar:/home/edov/projects/JCudaWrapper/JCuda-All-10.1.0/jcufft-10.1.0-javadoc.jar:/home/edov/projects/JCudaWrapper/JCuda-All-10.1.0/jcufft-10.1.0-sources.jar:/home/edov/projects/JCudaWrapper/JCuda-All-10.1.0/jcufft-10.1.0.jar:/home/edov/projects/JCudaWrapper/JCuda-All-10.1.0/jcufft-natives-10.1.0-apple-x86_64.jar:/home/edov/projects/JCudaWrapper/JCuda-All-10.1.0/jcufft-natives-10.1.0-javadoc.jar:/home/edov/projects/JCudaWrapper/JCuda-All-10.1.0/jcufft-natives-10.1.0-linux-x86_64.jar:/home/edov/projects/JCudaWrapper/JCuda-All-10.1.0/jcufft-natives-10.1.0-sources.jar:/home/edov/projects/JCudaWrapper/JCuda-All-10.1.0/jcufft-natives-10.1.0-windows-x86_64.jar:/home/edov/projects/JCudaWrapper/JCuda-All-10.1.0/jcufft-natives-10.1.0.jar:/home/edov/projects/JCudaWrapper/JCuda-All-10.1.0/jcurand-10.1.0-javadoc.jar:/home/edov/projects/JCudaWrapper/JCuda-All-10.1.0/jcurand-10.1.0-sources.jar:/home/edov/projects/JCudaWrapper/JCuda-All-10.1.0/jcurand-10.1.0.jar:/home/edov/projects/JCudaWrapper/JCuda-All-10.1.0/jcurand-natives-10.1.0-apple-x86_64.jar:/home/edov/projects/JCudaWrapper/JCuda-All-10.1.0/jcurand-natives-10.1.0-javadoc.jar:/home/edov/projects/JCudaWrapper/JCuda-All-10.1.0/jcurand-natives-10.1.0-linux-x86_64.jar:/home/edov/projects/JCudaWrapper/JCuda-All-10.1.0/jcurand-natives-10.1.0-sources.jar:/home/edov/projects/JCudaWrapper/JCuda-All-10.1.0/jcurand-natives-10.1.0-windows-x86_64.jar:/home/edov/projects/JCudaWrapper/JCuda-All-10.1.0/jcurand-natives-10.1.0.jar:/home/edov/projects/JCudaWrapper/JCuda-All-10.1.0/jcusolver-10.1.0-javadoc.jar:/home/edov/projects/JCudaWrapper/JCuda-All-10.1.0/jcusolver-10.1.0-sources.jar:/home/edov/projects/JCudaWrapper/JCuda-All-10.1.0/jcusolver-10.1.0.jar:/home/edov/projects/JCudaWrapper/JCuda-All-10.1.0/jcusolver-natives-10.1.0-apple-x86_64.jar:/home/edov/projects/JCudaWrapper/JCuda-All-10.1.0/jcusolver-natives-10.1.0-javadoc.jar:/home/edov/projects/JCudaWrapper/JCuda-All-10.1.0/jcusolver-natives-10.1.0-linux-x86_64.jar:/home/edov/projects/JCudaWrapper/JCuda-All-10.1.0/jcusolver-natives-10.1.0-sources.jar:/home/edov/projects/JCudaWrapper/JCuda-All-10.1.0/jcusolver-natives-10.1.0-windows-x86_64.jar:/home/edov/projects/JCudaWrapper/JCuda-All-10.1.0/jcusolver-natives-10.1.0.jar:/home/edov/projects/JCudaWrapper/JCuda-All-10.1.0/jcusparse-10.1.0-javadoc.jar:/home/edov/projects/JCudaWrapper/JCuda-All-10.1.0/jcusparse-10.1.0-sources.jar:/home/edov/projects/JCudaWrapper/JCuda-All-10.1.0/jcusparse-10.1.0.jar:/home/edov/projects/JCudaWrapper/JCuda-All-10.1.0/jcusparse-natives-10.1.0-apple-x86_64.jar:/home/edov/projects/JCudaWrapper/JCuda-All-10.1.0/jcusparse-natives-10.1.0-javadoc.jar:/home/edov/projects/JCudaWrapper/JCuda-All-10.1.0/jcusparse-natives-10.1.0-linux-x86_64.jar:/home/edov/projects/JCudaWrapper/JCuda-All-10.1.0/jcusparse-natives-10.1.0-sources.jar:/home/edov/projects/JCudaWrapper/JCuda-All-10.1.0/jcusparse-natives-10.1.0-windows-x86_64.jar:/home/edov/projects/JCudaWrapper/JCuda-All-10.1.0/jcusparse-natives-10.1.0.jar:/home/edov/projects/JCudaWrapper/JCuda-All-10.1.0/jnvgraph-10.1.0-javadoc.jar:/home/edov/projects/JCudaWrapper/JCuda-All-10.1.0/jnvgraph-10.1.0-sources.jar:/home/edov/projects/JCudaWrapper/JCuda-All-10.1.0/jnvgraph-10.1.0.jar:/home/edov/projects/JCudaWrapper/JCuda-All-10.1.0/jnvgraph-natives-10.1.0-apple-x86_64.jar:/home/edov/projects/JCudaWrapper/JCuda-All-10.1.0/jnvgraph-natives-10.1.0-javadoc.jar:/home/edov/projects/JCudaWrapper/JCuda-All-10.1.0/jnvgraph-natives-10.1.0-linux-x86_64.jar:/home/edov/projects/JCudaWrapper/JCuda-All-10.1.0/jnvgraph-natives-10.1.0-sources.jar:/home/edov/projects/JCudaWrapper/JCuda-All-10.1.0/jnvgraph-natives-10.1.0-windows-x86_64.jar:/home/edov/projects/JCudaWrapper/JCuda-All-10.1.0/jnvgraph-natives-10.1.0.jar:/home/edov/projects/JCudaWrapper/commons-math3-3.6.1.jar:/home/edov/projects/JCudaWrapper/build/classes
Launcher Type: SUN_STANDARD

[Global flags]
     intx CICompilerCount                          = 12                                        {product} {ergonomic}
     uint ConcGCThreads                            = 3                                         {product} {ergonomic}
     uint G1ConcRefinementThreads                  = 13                                        {product} {ergonomic}
   size_t G1HeapRegionSize                         = 4194304                                   {product} {ergonomic}
   size_t InitialHeapSize                          = 515899392                                 {product} {ergonomic}
   size_t MarkStackSize                            = 4194304                                   {product} {ergonomic}
   size_t MaxHeapSize                              = 8212447232                                {product} {ergonomic}
   size_t MaxNewSize                               = 4924112896                                {product} {ergonomic}
   size_t MinHeapDeltaBytes                        = 4194304                                   {product} {ergonomic}
   size_t MinHeapSize                              = 8388608                                   {product} {ergonomic}
    uintx NonNMethodCodeHeapSize                   = 7602480                                {pd product} {ergonomic}
    uintx NonProfiledCodeHeapSize                  = 122027880                              {pd product} {ergonomic}
    uintx ProfiledCodeHeapSize                     = 122027880                              {pd product} {ergonomic}
    uintx ReservedCodeCacheSize                    = 251658240                              {pd product} {ergonomic}
     bool SegmentedCodeCache                       = true                                      {product} {ergonomic}
   size_t SoftMaxHeapSize                          = 8212447232                             {manageable} {ergonomic}
     bool UseCompressedOops                        = true                           {product lp64_product} {ergonomic}
     bool UseG1GC                                  = true                                      {product} {ergonomic}

Logging:
Log output configuration:
 #0: stdout all=warning uptime,level,tags foldmultilines=false
 #1: stderr all=off uptime,level,tags foldmultilines=false

Environment Variables:
PATH=/usr/local/sbin:/usr/local/bin:/usr/sbin:/usr/bin:/sbin:/bin:/usr/games:/usr/local/games:/snap/bin:/snap/bin
USERNAME=edov
SHELL=/bin/bash
DISPLAY=:1
LANG=en_IL

Active Locale:
LC_ALL=en_IL
LC_COLLATE=en_IL
LC_CTYPE=en_IL
LC_MESSAGES=en_IL
LC_MONETARY=en_IL
LC_NUMERIC=en_IL
LC_TIME=en_IL

Signal Handlers:
   SIGSEGV: crash_handler in libjvm.so, mask=11100100010111111101111111111110, flags=SA_RESTART|SA_SIGINFO, unblocked
    SIGBUS: crash_handler in libjvm.so, mask=11100100010111111101111111111110, flags=SA_RESTART|SA_SIGINFO, unblocked
    SIGFPE: crash_handler in libjvm.so, mask=11100100010111111101111111111110, flags=SA_RESTART|SA_SIGINFO, unblocked
   SIGPIPE: javaSignalHandler in libjvm.so, mask=11100100010111111101111111111110, flags=SA_RESTART|SA_SIGINFO, blocked
   SIGXFSZ: javaSignalHandler in libjvm.so, mask=11100100010111111101111111111110, flags=SA_RESTART|SA_SIGINFO, blocked
    SIGILL: crash_handler in libjvm.so, mask=11100100010111111101111111111110, flags=SA_RESTART|SA_SIGINFO, unblocked
   SIGUSR2: SR_handler in libjvm.so, mask=00000000000000000000000000000000, flags=SA_RESTART|SA_SIGINFO, blocked
    SIGHUP: UserHandler in libjvm.so, mask=11100100010111111101111111111110, flags=SA_RESTART|SA_SIGINFO, blocked
    SIGINT: SIG_IGN, mask=00000000000000000000000000000000, flags=none, blocked
   SIGTERM: UserHandler in libjvm.so, mask=11100100010111111101111111111110, flags=SA_RESTART|SA_SIGINFO, blocked
   SIGQUIT: UserHandler in libjvm.so, mask=11100100010111111101111111111110, flags=SA_RESTART|SA_SIGINFO, blocked
   SIGTRAP: crash_handler in libjvm.so, mask=11100100010111111101111111111110, flags=SA_RESTART|SA_SIGINFO, unblocked


Periodic native trim disabled

---------------  S Y S T E M  ---------------

OS:
DISTRIB_ID=Ubuntu
DISTRIB_RELEASE=24.04
DISTRIB_CODENAME=noble
DISTRIB_DESCRIPTION="Ubuntu 24.04.1 LTS"
uname: Linux 6.8.0-44-generic #44-Ubuntu SMP PREEMPT_DYNAMIC Tue Aug 13 13:35:26 UTC 2024 x86_64
OS uptime: 0 days 2:05 hours
libc: glibc 2.39 NPTL 2.39 
rlimit (soft/hard): STACK 8192k/infinity , CORE 0k/infinity , NPROC 125013/125013 , NOFILE 1048576/1048576 , AS infinity/infinity , CPU infinity/infinity , DATA infinity/infinity , FSIZE infinity/infinity , MEMLOCK 4009332k/4009332k
load average: 0.84 0.44 0.40

/proc/meminfo:
MemTotal:       32074664 kB
MemFree:        19893012 kB
MemAvailable:   23898524 kB
Buffers:          218488 kB
Cached:          4146856 kB
SwapCached:            0 kB
Active:          7353988 kB
Inactive:        2685988 kB
Active(anon):    5792492 kB
Inactive(anon):        0 kB
Active(file):    1561496 kB
Inactive(file):  2685988 kB
Unevictable:          48 kB
Mlocked:              48 kB
SwapTotal:       2097148 kB
SwapFree:        2097148 kB
Zswap:                 0 kB
Zswapped:              0 kB
Dirty:               432 kB
Writeback:            48 kB
AnonPages:       5674560 kB
Mapped:           968420 kB
Shmem:            117860 kB
KReclaimable:     222508 kB
Slab:             540284 kB
SReclaimable:     222508 kB
SUnreclaim:       317776 kB
KernelStack:       25216 kB
PageTables:        66584 kB
SecPageTables:         0 kB
NFS_Unstable:          0 kB
Bounce:                0 kB
WritebackTmp:          0 kB
CommitLimit:    18134480 kB
Committed_AS:   33141784 kB
VmallocTotal:   34359738367 kB
VmallocUsed:      167652 kB
VmallocChunk:          0 kB
Percpu:            18752 kB
HardwareCorrupted:     0 kB
AnonHugePages:         0 kB
ShmemHugePages:        0 kB
ShmemPmdMapped:        0 kB
FileHugePages:         0 kB
FilePmdMapped:         0 kB
Unaccepted:            0 kB
HugePages_Total:       0
HugePages_Free:        0
HugePages_Rsvd:        0
HugePages_Surp:        0
Hugepagesize:       2048 kB
Hugetlb:               0 kB
DirectMap4k:     1925608 kB
DirectMap2M:    17201152 kB
DirectMap1G:    14680064 kB

/sys/kernel/mm/transparent_hugepage/enabled: always [madvise] never
/sys/kernel/mm/transparent_hugepage/hpage_pmd_size: 2097152
/sys/kernel/mm/transparent_hugepage/shmem_enabled: always within_size advise [never] deny force
/sys/kernel/mm/transparent_hugepage/defrag (defrag/compaction efforts parameter): always defer defer+madvise [madvise] never

Process Memory:
Virtual Size: 16443304K (peak: 16443304K)
Resident Set Size: 348452K (peak: 348452K) (anon: 189656K, file: 150604K, shmem: 8192K)
Swapped out: 0K
C-Heap outstanding allocations: 263880K, retained: 4279K
glibc malloc tunables: (default)

/proc/sys/kernel/threads-max (system-wide limit on the number of threads): 250027
/proc/sys/vm/max_map_count (maximum number of memory map areas a process may have): 1048576
/proc/sys/vm/swappiness (control to define how aggressively the kernel swaps out anonymous memory): 60
/proc/sys/kernel/pid_max (system-wide limit on number of process identifiers): 4194304

container (cgroup) information:
container_type: cgroupv2
cpu_cpuset_cpus: not supported
cpu_memory_nodes: not supported
active_processor_count: 16
cpu_quota: not supported
cpu_period: not supported
cpu_shares: not supported
memory_limit_in_bytes: unlimited
memory_and_swap_limit_in_bytes: unlimited
memory_soft_limit_in_bytes: unlimited
memory_usage_in_bytes: 2995612 k
memory_max_usage_in_bytes: not supported
memory_swap_current_in_bytes: unlimited
memory_swap_max_limit_in_bytes: unlimited
maximum number of tasks: 37504
current number of tasks: 93

Steal ticks since vm start: 0
Steal ticks percentage since vm start:  0.000

CPU: total 16 (initial active 16) (16 cores per cpu, 2 threads per core) family 25 model 68 stepping 1 microcode 0xa404101, cx8, cmov, fxsr, ht, mmx, 3dnowpref, sse, sse2, sse3, ssse3, sse4a, sse4.1, sse4.2, popcnt, lzcnt, tsc, tscinvbit, avx, avx2, aes, clmul, bmi1, bmi2, adx, sha, fma, vzeroupper, clflush, clflushopt, rdtscp, rdpid, f16c, pku, ospke, cet_ss
CPU Model and flags from /proc/cpuinfo:
model name	: AMD Ryzen 9 6900HS with Radeon Graphics
flags		: fpu vme de pse tsc msr pae mce cx8 apic sep mtrr pge mca cmov pat pse36 clflush mmx fxsr sse sse2 ht syscall nx mmxext fxsr_opt pdpe1gb rdtscp lm constant_tsc rep_good nopl nonstop_tsc cpuid extd_apicid aperfmperf rapl pni pclmulqdq monitor ssse3 fma cx16 sse4_1 sse4_2 x2apic movbe popcnt aes xsave avx f16c rdrand lahf_lm cmp_legacy svm extapic cr8_legacy abm sse4a misalignsse 3dnowprefetch osvw ibs skinit wdt tce topoext perfctr_core perfctr_nb bpext perfctr_llc mwaitx cpb cat_l3 cdp_l3 hw_pstate ssbd mba ibrs ibpb stibp vmmcall fsgsbase bmi1 avx2 smep bmi2 invpcid cqm rdt_a rdseed adx smap clflushopt clwb sha_ni xsaveopt xsavec xgetbv1 xsaves cqm_llc cqm_occup_llc cqm_mbm_total cqm_mbm_local user_shstk clzero irperf xsaveerptr rdpru wbnoinvd cppc arat npt lbrv svm_lock nrip_save tsc_scale vmcb_clean flushbyasid decodeassists pausefilter pfthreshold avic v_vmsave_vmload vgif v_spec_ctrl umip pku ospke vaes vpclmulqdq rdpid overflow_recov succor smca debug_swap

Online cpus: 0-15
Offline cpus: 
BIOS frequency limitation: <Not Available>
Frequency switch latency (ns): 0
Available cpu frequencies: <Not Available>
Current governor: powersave
Core performance/turbo boost: <Not Available>

Memory: 4k page, physical 32074664k(23898524k free), swap 2097148k(2097148k free)
Page Sizes: 4k

vm_info: Java HotSpot(TM) 64-Bit Server VM (22.0.2+9-70) for linux-amd64 JRE (22.0.2+9-70), built on 2024-06-04T16:52:23Z by "mach5one" with gcc 13.2.0

END.
